TpTrace Verbose: 0 : 12516, 1, 2020/12/02, 16:36:07.039, 3498667993244, vstest.console.dll, Version: 16.8.0-release-20201022-02
TpTrace Information: 0 : 12516, 1, 2020/12/02, 16:36:07.057, 3498668122553, vstest.console.dll, FilePatternParser: The given file C:\Users\berin\source\repos\VVSzadaca2\eParking\Unit Testovi\bin\Debug\fine-code-coverage\Unit Testovi.dll is a full path.
TpTrace Verbose: 0 : 12516, 1, 2020/12/02, 16:36:07.069, 3498668241506, vstest.console.dll, TestPluginCache.DiscoverTestExtensions: finding test extensions in assemblies ends with: RuntimeProvider.dll TPluginInfo: Microsoft.VisualStudio.TestPlatform.Common.ExtensionFramework.Utilities.TestRuntimePluginInformation TExtension: Microsoft.VisualStudio.TestPlatform.ObjectModel.Host.ITestRuntimeProvider
TpTrace Verbose: 0 : 12516, 1, 2020/12/02, 16:36:07.075, 3498668297556, vstest.console.dll, TestPluginCache.GetExtensionPaths: Filtered extension paths: 
TpTrace Verbose: 0 : 12516, 1, 2020/12/02, 16:36:07.075, 3498668303729, vstest.console.dll, TestPluginCache.GetExtensionPaths: Added default extension paths: C:\Program Files\dotnet\sdk\5.0.100\Extensions\Microsoft.Diagnostics.NETCore.Client.dll
C:\Program Files\dotnet\sdk\5.0.100\Extensions\Microsoft.TestPlatform.Extensions.BlameDataCollector.dll
C:\Program Files\dotnet\sdk\5.0.100\Extensions\Microsoft.TestPlatform.Extensions.EventLogCollector.dll
C:\Program Files\dotnet\sdk\5.0.100\Extensions\Microsoft.TestPlatform.TestHostRuntimeProvider.dll
C:\Program Files\dotnet\sdk\5.0.100\Extensions\Microsoft.VisualStudio.TestPlatform.Extensions.Html.TestLogger.dll
C:\Program Files\dotnet\sdk\5.0.100\Extensions\Microsoft.VisualStudio.TestPlatform.Extensions.Trx.TestLogger.dll
TpTrace Verbose: 0 : 12516, 1, 2020/12/02, 16:36:07.076, 3498668307527, vstest.console.dll, TestPluginCache.GetExtensionPaths: Added unfilterableExtensionPaths: 
TpTrace Information: 0 : 12516, 1, 2020/12/02, 16:36:07.077, 3498668322931, vstest.console.dll, AssemblyResolver.ctor: Creating AssemblyResolver with searchDirectories C:\Program Files\dotnet\sdk\5.0.100\Extensions,C:\Program Files\dotnet\sdk\5.0.100
TpTrace Verbose: 0 : 12516, 1, 2020/12/02, 16:36:07.079, 3498668339402, vstest.console.dll, TestPluginCache.DiscoverTestExtensions: Discovering the extensions using extension path.
TpTrace Verbose: 0 : 12516, 1, 2020/12/02, 16:36:07.079, 3498668342475, vstest.console.dll, TestPluginCache.GetExtensionPaths: Filtered extension paths: 
TpTrace Verbose: 0 : 12516, 1, 2020/12/02, 16:36:07.079, 3498668344649, vstest.console.dll, TestPluginCache.GetExtensionPaths: Added default extension paths: C:\Program Files\dotnet\sdk\5.0.100\Extensions\Microsoft.Diagnostics.NETCore.Client.dll
C:\Program Files\dotnet\sdk\5.0.100\Extensions\Microsoft.TestPlatform.Extensions.BlameDataCollector.dll
C:\Program Files\dotnet\sdk\5.0.100\Extensions\Microsoft.TestPlatform.Extensions.EventLogCollector.dll
C:\Program Files\dotnet\sdk\5.0.100\Extensions\Microsoft.TestPlatform.TestHostRuntimeProvider.dll
C:\Program Files\dotnet\sdk\5.0.100\Extensions\Microsoft.VisualStudio.TestPlatform.Extensions.Html.TestLogger.dll
C:\Program Files\dotnet\sdk\5.0.100\Extensions\Microsoft.VisualStudio.TestPlatform.Extensions.Trx.TestLogger.dll
TpTrace Verbose: 0 : 12516, 1, 2020/12/02, 16:36:07.080, 3498668346659, vstest.console.dll, TestPluginCache.GetExtensionPaths: Added unfilterableExtensionPaths: 
TpTrace Verbose: 0 : 12516, 1, 2020/12/02, 16:36:07.080, 3498668349139, vstest.console.dll, TestPluginCache.DiscoverTestExtensions: Discovering the extensions using allExtensionPaths: C:\Program Files\dotnet\sdk\5.0.100\Extensions\Microsoft.Diagnostics.NETCore.Client.dll
C:\Program Files\dotnet\sdk\5.0.100\Extensions\Microsoft.TestPlatform.Extensions.BlameDataCollector.dll
C:\Program Files\dotnet\sdk\5.0.100\Extensions\Microsoft.TestPlatform.Extensions.EventLogCollector.dll
C:\Program Files\dotnet\sdk\5.0.100\Extensions\Microsoft.TestPlatform.TestHostRuntimeProvider.dll
C:\Program Files\dotnet\sdk\5.0.100\Extensions\Microsoft.VisualStudio.TestPlatform.Extensions.Html.TestLogger.dll
C:\Program Files\dotnet\sdk\5.0.100\Extensions\Microsoft.VisualStudio.TestPlatform.Extensions.Trx.TestLogger.dll
TpTrace Information: 0 : 12516, 1, 2020/12/02, 16:36:07.080, 3498668352128, vstest.console.dll, AssemblyResolver.AddSearchDirectories: Adding more searchDirectories C:\Program Files\dotnet\sdk\5.0.100\Extensions,C:\Program Files\dotnet\sdk\5.0.100
TpTrace Information: 0 : 12516, 1, 2020/12/02, 16:36:07.080, 3498668354150, vstest.console.dll, AssemblyResolver.AddSearchDirectories: Adding more searchDirectories C:\Program Files\dotnet\sdk\5.0.100\Extensions,C:\Program Files\dotnet\sdk\5.0.100
TpTrace Information: 0 : 12516, 1, 2020/12/02, 16:36:07.081, 3498668355926, vstest.console.dll, AssemblyResolver.AddSearchDirectories: Adding more searchDirectories C:\Program Files\dotnet\sdk\5.0.100\Extensions,C:\Program Files\dotnet\sdk\5.0.100
TpTrace Information: 0 : 12516, 1, 2020/12/02, 16:36:07.081, 3498668358634, vstest.console.dll, AssemblyResolver.AddSearchDirectories: Adding more searchDirectories C:\Program Files\dotnet\sdk\5.0.100\Extensions,C:\Program Files\dotnet\sdk\5.0.100
TpTrace Information: 0 : 12516, 1, 2020/12/02, 16:36:07.081, 3498668360361, vstest.console.dll, AssemblyResolver.AddSearchDirectories: Adding more searchDirectories C:\Program Files\dotnet\sdk\5.0.100\Extensions,C:\Program Files\dotnet\sdk\5.0.100
TpTrace Information: 0 : 12516, 1, 2020/12/02, 16:36:07.081, 3498668362049, vstest.console.dll, AssemblyResolver.AddSearchDirectories: Adding more searchDirectories C:\Program Files\dotnet\sdk\5.0.100\Extensions,C:\Program Files\dotnet\sdk\5.0.100
TpTrace Information: 0 : 12516, 1, 2020/12/02, 16:36:07.082, 3498668368353, vstest.console.dll, AssemblyResolver.OnResolve: Microsoft.Diagnostics.NETCore.Client: Resolving assembly.
TpTrace Information: 0 : 12516, 1, 2020/12/02, 16:36:07.083, 3498668384132, vstest.console.dll, AssemblyResolver.OnResolve: Resolved assembly: Microsoft.Diagnostics.NETCore.Client, from path: C:\Program Files\dotnet\sdk\5.0.100\Extensions\Microsoft.Diagnostics.NETCore.Client.dll
TpTrace Information: 0 : 12516, 1, 2020/12/02, 16:36:07.086, 3498668410890, vstest.console.dll, AssemblyResolver.OnResolve: Microsoft.Bcl.AsyncInterfaces: Resolving assembly.
TpTrace Information: 0 : 12516, 1, 2020/12/02, 16:36:07.086, 3498668414626, vstest.console.dll, AssemblyResolver.OnResolve: Microsoft.Bcl.AsyncInterfaces: Failed to load assembly.
TpTrace Verbose: 0 : 12516, 1, 2020/12/02, 16:36:07.087, 3498668416535, vstest.console.dll, CurrentDomain_AssemblyResolve: Resolving assembly 'Microsoft.Bcl.AsyncInterfaces'.
TpTrace Information: 0 : 12516, 1, 2020/12/02, 16:36:07.087, 3498668419540, vstest.console.dll, AssemblyResolver.OnResolve: Microsoft.Bcl.AsyncInterfaces: Resolving assembly.
TpTrace Information: 0 : 12516, 1, 2020/12/02, 16:36:07.087, 3498668422644, vstest.console.dll, AssemblyResolver.OnResolve: Microsoft.Bcl.AsyncInterfaces: Resolved from cache.
TpTrace Verbose: 0 : 12516, 1, 2020/12/02, 16:36:07.088, 3498668425872, vstest.console.dll, CurrentDomain_AssemblyResolve: Resolving assembly 'Microsoft.Bcl.AsyncInterfaces'.
TpTrace Verbose: 0 : 12516, 1, 2020/12/02, 16:36:07.088, 3498668429418, vstest.console.dll, CurrentDomainAssemblyResolve: Failed to resolve assembly 'Microsoft.Bcl.AsyncInterfaces'.
TpTrace Verbose: 0 : 12516, 1, 2020/12/02, 16:36:07.090, 3498668450717, vstest.console.dll, CurrentDomainAssemblyResolve: Failed to resolve assembly 'Microsoft.Bcl.AsyncInterfaces'.
TpTrace Warning: 0 : 12516, 1, 2020/12/02, 16:36:07.113, 3498668679484, vstest.console.dll, TestPluginDiscoverer: Failed to get types from assembly 'Microsoft.Diagnostics.NETCore.Client, Version=0.2.2.41902, Culture=neutral, PublicKeyToken=31bf3856ad364e35'.  Skipping test extension scan for this assembly.  Error: System.Reflection.ReflectionTypeLoadException: Unable to load one or more of the requested types.
Could not load file or assembly 'Microsoft.Bcl.AsyncInterfaces, Version=1.0.0.0, Culture=neutral, PublicKeyToken=cc7b13ffcd2ddd51'. The system cannot find the file specified.
   at System.Reflection.RuntimeModule.GetTypes(RuntimeModule module)
   at System.Reflection.RuntimeModule.GetTypes()
   at System.Reflection.Assembly.GetTypes()
   at Microsoft.VisualStudio.TestPlatform.Common.ExtensionFramework.TestPluginDiscoverer.GetTestExtensionsFromAssembly[TPluginInfo,TExtension](Assembly assembly, Dictionary`2 pluginInfos)
System.IO.FileNotFoundException: Could not load file or assembly 'Microsoft.Bcl.AsyncInterfaces, Version=1.0.0.0, Culture=neutral, PublicKeyToken=cc7b13ffcd2ddd51'. The system cannot find the file specified.
File name: 'Microsoft.Bcl.AsyncInterfaces, Version=1.0.0.0, Culture=neutral, PublicKeyToken=cc7b13ffcd2ddd51'
TpTrace Warning: 0 : 12516, 1, 2020/12/02, 16:36:07.113, 3498668683952, vstest.console.dll, LoaderExceptions: System.IO.FileNotFoundException: Could not load file or assembly 'Microsoft.Bcl.AsyncInterfaces, Version=1.0.0.0, Culture=neutral, PublicKeyToken=cc7b13ffcd2ddd51'. The system cannot find the file specified.
File name: 'Microsoft.Bcl.AsyncInterfaces, Version=1.0.0.0, Culture=neutral, PublicKeyToken=cc7b13ffcd2ddd51'
TpTrace Information: 0 : 12516, 1, 2020/12/02, 16:36:07.114, 3498668688284, vstest.console.dll, AssemblyResolver.OnResolve: Microsoft.TestPlatform.Extensions.BlameDataCollector: Resolving assembly.
TpTrace Information: 0 : 12516, 1, 2020/12/02, 16:36:07.116, 3498668707198, vstest.console.dll, AssemblyResolver.OnResolve: Resolved assembly: Microsoft.TestPlatform.Extensions.BlameDataCollector, from path: C:\Program Files\dotnet\sdk\5.0.100\Extensions\Microsoft.TestPlatform.Extensions.BlameDataCollector.dll
TpTrace Information: 0 : 12516, 1, 2020/12/02, 16:36:07.117, 3498668715821, vstest.console.dll, AssemblyResolver.OnResolve: Microsoft.TestPlatform.Extensions.EventLogCollector: Resolving assembly.
TpTrace Information: 0 : 12516, 1, 2020/12/02, 16:36:07.118, 3498668727053, vstest.console.dll, AssemblyResolver.OnResolve: Resolved assembly: Microsoft.TestPlatform.Extensions.EventLogCollector, from path: C:\Program Files\dotnet\sdk\5.0.100\Extensions\Microsoft.TestPlatform.Extensions.EventLogCollector.dll
TpTrace Information: 0 : 12516, 1, 2020/12/02, 16:36:07.121, 3498668755801, vstest.console.dll, AssemblyResolver.OnResolve: Microsoft.TestPlatform.TestHostRuntimeProvider: Resolving assembly.
TpTrace Information: 0 : 12516, 1, 2020/12/02, 16:36:07.122, 3498668769665, vstest.console.dll, AssemblyResolver.OnResolve: Resolved assembly: Microsoft.TestPlatform.TestHostRuntimeProvider, from path: C:\Program Files\dotnet\sdk\5.0.100\Extensions\Microsoft.TestPlatform.TestHostRuntimeProvider.dll
TpTrace Information: 0 : 12516, 1, 2020/12/02, 16:36:07.124, 3498668789044, vstest.console.dll, AssemblyResolver.OnResolve: Microsoft.VisualStudio.TestPlatform.Extensions.Html.TestLogger: Resolving assembly.
TpTrace Information: 0 : 12516, 1, 2020/12/02, 16:36:07.125, 3498668802514, vstest.console.dll, AssemblyResolver.OnResolve: Resolved assembly: Microsoft.VisualStudio.TestPlatform.Extensions.Html.TestLogger, from path: C:\Program Files\dotnet\sdk\5.0.100\Extensions\Microsoft.VisualStudio.TestPlatform.Extensions.Html.TestLogger.dll
TpTrace Information: 0 : 12516, 1, 2020/12/02, 16:36:07.126, 3498668809866, vstest.console.dll, AssemblyResolver.OnResolve: Microsoft.VisualStudio.TestPlatform.Extensions.Trx.TestLogger: Resolving assembly.
TpTrace Information: 0 : 12516, 1, 2020/12/02, 16:36:07.127, 3498668824180, vstest.console.dll, AssemblyResolver.OnResolve: Resolved assembly: Microsoft.VisualStudio.TestPlatform.Extensions.Trx.TestLogger, from path: C:\Program Files\dotnet\sdk\5.0.100\Extensions\Microsoft.VisualStudio.TestPlatform.Extensions.Trx.TestLogger.dll
TpTrace Verbose: 0 : 12516, 1, 2020/12/02, 16:36:07.129, 3498668841526, vstest.console.dll, TestPluginCache: Discovered the extensions using extension path ''.
TpTrace Verbose: 0 : 12516, 1, 2020/12/02, 16:36:07.129, 3498668843841, vstest.console.dll, TestPluginCache: Discoverers are ''.
TpTrace Verbose: 0 : 12516, 1, 2020/12/02, 16:36:07.130, 3498668846069, vstest.console.dll, TestPluginCache: Executors are ''.
TpTrace Verbose: 0 : 12516, 1, 2020/12/02, 16:36:07.130, 3498668848069, vstest.console.dll, TestPluginCache: Executors2 are ''.
TpTrace Verbose: 0 : 12516, 1, 2020/12/02, 16:36:07.130, 3498668849750, vstest.console.dll, TestPluginCache: Setting providers are ''.
TpTrace Verbose: 0 : 12516, 1, 2020/12/02, 16:36:07.130, 3498668851407, vstest.console.dll, TestPluginCache: Loggers are ''.
TpTrace Information: 0 : 12516, 1, 2020/12/02, 16:36:07.136, 3498668913231, vstest.console.dll, RunTestsArgumentProcessor:Execute: Test run is starting.
TpTrace Verbose: 0 : 12516, 1, 2020/12/02, 16:36:07.137, 3498668918211, vstest.console.dll, RunTestsArgumentProcessor:Execute: Queuing Test run.
TpTrace Information: 0 : 12516, 1, 2020/12/02, 16:36:07.137, 3498668923899, vstest.console.dll, TestRequestManager.RunTests: run tests started.
TpTrace Information: 0 : 12516, 1, 2020/12/02, 16:36:07.156, 3498669114719, vstest.console.dll, AssemblyMetadataProvider.GetFrameWork: Determined framework:'.NETCoreApp,Version=v3.1' for source: 'C:\Users\berin\source\repos\VVSzadaca2\eParking\Unit Testovi\bin\Debug\fine-code-coverage\Unit Testovi.dll'
TpTrace Information: 0 : 12516, 1, 2020/12/02, 16:36:07.157, 3498669119443, vstest.console.dll, Determined framework for all sources: .NETCoreApp,Version=v3.1
TpTrace Information: 0 : 12516, 1, 2020/12/02, 16:36:07.158, 3498669129398, vstest.console.dll, AssemblyMetadataProvider.GetArchitecture: Determined architecture:AnyCPU info for assembly: C:\Users\berin\source\repos\VVSzadaca2\eParking\Unit Testovi\bin\Debug\fine-code-coverage\Unit Testovi.dll
TpTrace Information: 0 : 12516, 1, 2020/12/02, 16:36:07.162, 3498669166734, vstest.console.dll, Determined platform for all sources: X64
TpTrace Information: 0 : 12516, 1, 2020/12/02, 16:36:07.167, 3498669217985, vstest.console.dll, Compatible sources list : 
TpTrace Information: 0 : 12516, 1, 2020/12/02, 16:36:07.167, 3498669222164, vstest.console.dll, C:\Users\berin\source\repos\VVSzadaca2\eParking\Unit Testovi\bin\Debug\fine-code-coverage\Unit Testovi.dll
TpTrace Information: 0 : 12516, 1, 2020/12/02, 16:36:07.170, 3498669253836, vstest.console.dll, InferRunSettingsHelper.IsTestSettingsEnabled: Unable to navigate to RunSettings/MSTest. Current node: RunSettings
TpTrace Information: 0 : 12516, 1, 2020/12/02, 16:36:07.172, 3498669269506, vstest.console.dll, AssemblyResolver.OnResolve: Microsoft.VisualStudio.TestPlatform.Fakes: Resolving assembly.
TpTrace Information: 0 : 12516, 1, 2020/12/02, 16:36:07.173, 3498669277301, vstest.console.dll, AssemblyResolver.OnResolve: Microsoft.VisualStudio.TestPlatform.Fakes: Failed to load assembly.
TpTrace Information: 0 : 12516, 1, 2020/12/02, 16:36:07.174, 3498669292800, vstest.console.dll, Failed to create newly implemented Fakes Configurator. Reason:System.IO.FileNotFoundException: Could not load file or assembly 'Microsoft.VisualStudio.TestPlatform.Fakes, Version=16.0.0.0, Culture=neutral, PublicKeyToken=null'. The system cannot find the file specified.
File name: 'Microsoft.VisualStudio.TestPlatform.Fakes, Version=16.0.0.0, Culture=neutral, PublicKeyToken=null'
   at System.Reflection.RuntimeAssembly.InternalLoad(ObjectHandleOnStack assemblyName, ObjectHandleOnStack requestingAssembly, StackCrawlMarkHandle stackMark, Boolean throwOnFileNotFound, ObjectHandleOnStack assemblyLoadContext, ObjectHandleOnStack retAssembly)
   at System.Reflection.RuntimeAssembly.InternalLoad(AssemblyName assemblyName, RuntimeAssembly requestingAssembly, StackCrawlMark& stackMark, Boolean throwOnFileNotFound, AssemblyLoadContext assemblyLoadContext)
   at System.Reflection.Assembly.Load(String assemblyString)
   at Microsoft.VisualStudio.TestPlatform.Common.Utilities.FakesUtilities.TryGetFakesCrossPlatformDataCollectorConfigurator() 
TpTrace Verbose: 0 : 12516, 1, 2020/12/02, 16:36:07.180, 3498669349981, vstest.console.dll, TestPluginCache.DiscoverTestExtensions: finding test extensions in assemblies ends with: TestLogger.dll TPluginInfo: Microsoft.VisualStudio.TestPlatform.Common.ExtensionFramework.Utilities.TestLoggerPluginInformation TExtension: Microsoft.VisualStudio.TestPlatform.ObjectModel.Client.ITestLogger
TpTrace Verbose: 0 : 12516, 1, 2020/12/02, 16:36:07.180, 3498669354329, vstest.console.dll, TestPluginCache.GetExtensionPaths: Filtered extension paths: 
TpTrace Verbose: 0 : 12516, 1, 2020/12/02, 16:36:07.181, 3498669358300, vstest.console.dll, TestPluginCache.GetExtensionPaths: Added default extension paths: C:\Program Files\dotnet\sdk\5.0.100\Extensions\Microsoft.Diagnostics.NETCore.Client.dll
C:\Program Files\dotnet\sdk\5.0.100\Extensions\Microsoft.TestPlatform.Extensions.BlameDataCollector.dll
C:\Program Files\dotnet\sdk\5.0.100\Extensions\Microsoft.TestPlatform.Extensions.EventLogCollector.dll
C:\Program Files\dotnet\sdk\5.0.100\Extensions\Microsoft.TestPlatform.TestHostRuntimeProvider.dll
C:\Program Files\dotnet\sdk\5.0.100\Extensions\Microsoft.VisualStudio.TestPlatform.Extensions.Html.TestLogger.dll
C:\Program Files\dotnet\sdk\5.0.100\Extensions\Microsoft.VisualStudio.TestPlatform.Extensions.Trx.TestLogger.dll
TpTrace Verbose: 0 : 12516, 1, 2020/12/02, 16:36:07.181, 3498669362374, vstest.console.dll, TestPluginCache.GetExtensionPaths: Added unfilterableExtensionPaths: 
TpTrace Information: 0 : 12516, 1, 2020/12/02, 16:36:07.182, 3498669367922, vstest.console.dll, AssemblyResolver.AddSearchDirectories: Adding more searchDirectories C:\Program Files\dotnet\sdk\5.0.100\Extensions,C:\Program Files\dotnet\sdk\5.0.100
TpTrace Verbose: 0 : 12516, 1, 2020/12/02, 16:36:07.182, 3498669371124, vstest.console.dll, TestPluginCache.DiscoverTestExtensions: Discovering the extensions using extension path.
TpTrace Verbose: 0 : 12516, 1, 2020/12/02, 16:36:07.182, 3498669374002, vstest.console.dll, TestPluginCache.GetExtensionPaths: Filtered extension paths: 
TpTrace Verbose: 0 : 12516, 1, 2020/12/02, 16:36:07.183, 3498669376522, vstest.console.dll, TestPluginCache.GetExtensionPaths: Added default extension paths: C:\Program Files\dotnet\sdk\5.0.100\Extensions\Microsoft.Diagnostics.NETCore.Client.dll
C:\Program Files\dotnet\sdk\5.0.100\Extensions\Microsoft.TestPlatform.Extensions.BlameDataCollector.dll
C:\Program Files\dotnet\sdk\5.0.100\Extensions\Microsoft.TestPlatform.Extensions.EventLogCollector.dll
C:\Program Files\dotnet\sdk\5.0.100\Extensions\Microsoft.TestPlatform.TestHostRuntimeProvider.dll
C:\Program Files\dotnet\sdk\5.0.100\Extensions\Microsoft.VisualStudio.TestPlatform.Extensions.Html.TestLogger.dll
C:\Program Files\dotnet\sdk\5.0.100\Extensions\Microsoft.VisualStudio.TestPlatform.Extensions.Trx.TestLogger.dll
TpTrace Verbose: 0 : 12516, 1, 2020/12/02, 16:36:07.183, 3498669379080, vstest.console.dll, TestPluginCache.GetExtensionPaths: Added unfilterableExtensionPaths: 
TpTrace Verbose: 0 : 12516, 1, 2020/12/02, 16:36:07.183, 3498669382292, vstest.console.dll, TestPluginCache.DiscoverTestExtensions: Discovering the extensions using allExtensionPaths: C:\Program Files\dotnet\sdk\5.0.100\Extensions\Microsoft.Diagnostics.NETCore.Client.dll
C:\Program Files\dotnet\sdk\5.0.100\Extensions\Microsoft.TestPlatform.Extensions.BlameDataCollector.dll
C:\Program Files\dotnet\sdk\5.0.100\Extensions\Microsoft.TestPlatform.Extensions.EventLogCollector.dll
C:\Program Files\dotnet\sdk\5.0.100\Extensions\Microsoft.TestPlatform.TestHostRuntimeProvider.dll
C:\Program Files\dotnet\sdk\5.0.100\Extensions\Microsoft.VisualStudio.TestPlatform.Extensions.Html.TestLogger.dll
C:\Program Files\dotnet\sdk\5.0.100\Extensions\Microsoft.VisualStudio.TestPlatform.Extensions.Trx.TestLogger.dll
TpTrace Information: 0 : 12516, 1, 2020/12/02, 16:36:07.184, 3498669387560, vstest.console.dll, AssemblyResolver.AddSearchDirectories: Adding more searchDirectories C:\Program Files\dotnet\sdk\5.0.100\Extensions,C:\Program Files\dotnet\sdk\5.0.100
TpTrace Information: 0 : 12516, 1, 2020/12/02, 16:36:07.184, 3498669391766, vstest.console.dll, AssemblyResolver.AddSearchDirectories: Adding more searchDirectories C:\Program Files\dotnet\sdk\5.0.100\Extensions,C:\Program Files\dotnet\sdk\5.0.100
TpTrace Information: 0 : 12516, 1, 2020/12/02, 16:36:07.185, 3498669395973, vstest.console.dll, AssemblyResolver.AddSearchDirectories: Adding more searchDirectories C:\Program Files\dotnet\sdk\5.0.100\Extensions,C:\Program Files\dotnet\sdk\5.0.100
TpTrace Information: 0 : 12516, 1, 2020/12/02, 16:36:07.186, 3498669411991, vstest.console.dll, AssemblyResolver.AddSearchDirectories: Adding more searchDirectories C:\Program Files\dotnet\sdk\5.0.100\Extensions,C:\Program Files\dotnet\sdk\5.0.100
TpTrace Information: 0 : 12516, 1, 2020/12/02, 16:36:07.187, 3498669415147, vstest.console.dll, AssemblyResolver.AddSearchDirectories: Adding more searchDirectories C:\Program Files\dotnet\sdk\5.0.100\Extensions,C:\Program Files\dotnet\sdk\5.0.100
TpTrace Information: 0 : 12516, 1, 2020/12/02, 16:36:07.187, 3498669417598, vstest.console.dll, AssemblyResolver.AddSearchDirectories: Adding more searchDirectories C:\Program Files\dotnet\sdk\5.0.100\Extensions,C:\Program Files\dotnet\sdk\5.0.100
TpTrace Information: 0 : 12516, 1, 2020/12/02, 16:36:07.187, 3498669422454, vstest.console.dll, AssemblyResolver.OnResolve: Microsoft.Bcl.AsyncInterfaces: Resolving assembly.
TpTrace Information: 0 : 12516, 1, 2020/12/02, 16:36:07.188, 3498669425140, vstest.console.dll, AssemblyResolver.OnResolve: Microsoft.Bcl.AsyncInterfaces: Resolved from cache.
TpTrace Verbose: 0 : 12516, 1, 2020/12/02, 16:36:07.188, 3498669427692, vstest.console.dll, CurrentDomain_AssemblyResolve: Resolving assembly 'Microsoft.Bcl.AsyncInterfaces'.
TpTrace Information: 0 : 12516, 1, 2020/12/02, 16:36:07.188, 3498669430531, vstest.console.dll, AssemblyResolver.OnResolve: Microsoft.Bcl.AsyncInterfaces: Resolving assembly.
TpTrace Information: 0 : 12516, 1, 2020/12/02, 16:36:07.188, 3498669432963, vstest.console.dll, AssemblyResolver.OnResolve: Microsoft.Bcl.AsyncInterfaces: Resolved from cache.
TpTrace Verbose: 0 : 12516, 1, 2020/12/02, 16:36:07.189, 3498669435597, vstest.console.dll, CurrentDomain_AssemblyResolve: Resolving assembly 'Microsoft.Bcl.AsyncInterfaces'.
TpTrace Verbose: 0 : 12516, 1, 2020/12/02, 16:36:07.189, 3498669437980, vstest.console.dll, CurrentDomainAssemblyResolve: Failed to resolve assembly 'Microsoft.Bcl.AsyncInterfaces'.
TpTrace Verbose: 0 : 12516, 1, 2020/12/02, 16:36:07.190, 3498669448379, vstest.console.dll, CurrentDomainAssemblyResolve: Failed to resolve assembly 'Microsoft.Bcl.AsyncInterfaces'.
TpTrace Warning: 0 : 12516, 1, 2020/12/02, 16:36:07.191, 3498669461290, vstest.console.dll, TestPluginDiscoverer: Failed to get types from assembly 'Microsoft.Diagnostics.NETCore.Client, Version=0.2.2.41902, Culture=neutral, PublicKeyToken=31bf3856ad364e35'.  Skipping test extension scan for this assembly.  Error: System.Reflection.ReflectionTypeLoadException: Unable to load one or more of the requested types.
Could not load file or assembly 'Microsoft.Bcl.AsyncInterfaces, Version=1.0.0.0, Culture=neutral, PublicKeyToken=cc7b13ffcd2ddd51'. The system cannot find the file specified.
   at System.Reflection.RuntimeModule.GetTypes(RuntimeModule module)
   at System.Reflection.RuntimeModule.GetTypes()
   at System.Reflection.Assembly.GetTypes()
   at Microsoft.VisualStudio.TestPlatform.Common.ExtensionFramework.TestPluginDiscoverer.GetTestExtensionsFromAssembly[TPluginInfo,TExtension](Assembly assembly, Dictionary`2 pluginInfos)
System.IO.FileNotFoundException: Could not load file or assembly 'Microsoft.Bcl.AsyncInterfaces, Version=1.0.0.0, Culture=neutral, PublicKeyToken=cc7b13ffcd2ddd51'. The system cannot find the file specified.
File name: 'Microsoft.Bcl.AsyncInterfaces, Version=1.0.0.0, Culture=neutral, PublicKeyToken=cc7b13ffcd2ddd51'
TpTrace Warning: 0 : 12516, 1, 2020/12/02, 16:36:07.191, 3498669464404, vstest.console.dll, LoaderExceptions: System.IO.FileNotFoundException: Could not load file or assembly 'Microsoft.Bcl.AsyncInterfaces, Version=1.0.0.0, Culture=neutral, PublicKeyToken=cc7b13ffcd2ddd51'. The system cannot find the file specified.
File name: 'Microsoft.Bcl.AsyncInterfaces, Version=1.0.0.0, Culture=neutral, PublicKeyToken=cc7b13ffcd2ddd51'
TpTrace Verbose: 0 : 12516, 1, 2020/12/02, 16:36:07.192, 3498669472897, vstest.console.dll, TestPluginCache: Discovered the extensions using extension path ''.
TpTrace Verbose: 0 : 12516, 1, 2020/12/02, 16:36:07.193, 3498669475753, vstest.console.dll, TestPluginCache: Discoverers are ''.
TpTrace Verbose: 0 : 12516, 1, 2020/12/02, 16:36:07.193, 3498669478170, vstest.console.dll, TestPluginCache: Executors are ''.
TpTrace Verbose: 0 : 12516, 1, 2020/12/02, 16:36:07.193, 3498669480795, vstest.console.dll, TestPluginCache: Executors2 are ''.
TpTrace Verbose: 0 : 12516, 1, 2020/12/02, 16:36:07.193, 3498669483494, vstest.console.dll, TestPluginCache: Setting providers are ''.
TpTrace Verbose: 0 : 12516, 1, 2020/12/02, 16:36:07.194, 3498669486630, vstest.console.dll, TestPluginCache: Loggers are 'logger://Microsoft/TestPlatform/Extensions/Blame/v1,logger://Microsoft/TestPlatform/HtmlLogger/v1,logger://Microsoft/TestPlatform/TrxLogger/v1'.
TpTrace Information: 0 : 12516, 1, 2020/12/02, 16:36:07.195, 3498669498865, vstest.console.dll, TestPluginManager.CreateTestExtension: Attempting to load test extension: Microsoft.TestPlatform.Extensions.BlameDataCollector.BlameLogger
TpTrace Information: 0 : 12516, 1, 2020/12/02, 16:36:07.211, 3498669656005, vstest.console.dll, TestPluginManager.CreateTestExtension: Attempting to load test extension: Microsoft.VisualStudio.TestPlatform.CrossPlatEngine.Hosting.DefaultTestHostManager
TpTrace Information: 0 : 12516, 1, 2020/12/02, 16:36:07.211, 3498669663433, vstest.console.dll, TestPluginManager.CreateTestExtension: Attempting to load test extension: Microsoft.VisualStudio.TestPlatform.CrossPlatEngine.Hosting.DotnetTestHostManager
TpTrace Verbose: 0 : 12516, 1, 2020/12/02, 16:36:07.212, 3498669673661, vstest.console.dll, TestEngine: Initializing Parallel Execution as MaxCpuCount is set to: 1
TpTrace Information: 0 : 12516, 1, 2020/12/02, 16:36:07.213, 3498669682660, vstest.console.dll, InferRunSettingsHelper.IsTestSettingsEnabled: Unable to navigate to RunSettings/MSTest. Current node: RunSettings
TpTrace Verbose: 0 : 12516, 1, 2020/12/02, 16:36:07.233, 3498669882812, vstest.console.dll, TestRequestSender is acting as server
TpTrace Verbose: 0 : 12516, 4, 2020/12/02, 16:36:07.238, 3498669934370, vstest.console.dll, DataCollectionRequestSender.InitializeCommunication : Initialize communication. 
TpTrace Information: 0 : 12516, 4, 2020/12/02, 16:36:07.262, 3498670169568, vstest.console.dll, Listening on Endpoint : 127.0.0.1:14675
TpTrace Verbose: 0 : 12516, 4, 2020/12/02, 16:36:07.284, 3498670394934, vstest.console.dll, DotnetDataCollectionLauncher: Full path of dotnet.exe is C:\Program Files\dotnet\dotnet.exe
TpTrace Verbose: 0 : 12516, 4, 2020/12/02, 16:36:07.285, 3498670401642, vstest.console.dll, DotnetDataCollectionLauncher: Adding  --runtimeconfig "C:\Program Files\dotnet\sdk\5.0.100\datacollector.runtimeconfig.json" in args
TpTrace Verbose: 0 : 12516, 4, 2020/12/02, 16:36:07.286, 3498670406705, vstest.console.dll, DotnetDataCollectionLauncher: Adding  --depsfile "C:\Program Files\dotnet\sdk\5.0.100\datacollector.deps.json" in args
TpTrace Information: 0 : 12516, 4, 2020/12/02, 16:36:07.310, 3498670654823, vstest.console.dll, ProxyDataCollectionManager.Initialize: Launched datacollector processId: 13732 port: 14675
TpTrace Information: 0 : 12516, 4, 2020/12/02, 16:36:07.311, 3498670660402, vstest.console.dll, ProxyDataCollectionManager.Initialize: waiting for connection with timeout: 90 seconds
TpTrace Verbose: 0 : 12516, 4, 2020/12/02, 16:36:07.312, 3498670666172, vstest.console.dll, DataCollectionRequestSender.WaitForRequestHandlerConnection : Waiting for connection with timeout: 90000
TpTrace Information: 0 : 12516, 7, 2020/12/02, 16:36:07.672, 3498674273351, vstest.console.dll, Using the buffer size of 16384 bytes
TpTrace Verbose: 0 : 12516, 4, 2020/12/02, 16:36:07.672, 3498674274441, vstest.console.dll, ProxyDataCollectionManager.InvokeDataCollectionServiceAction: Starting.
TpTrace Information: 0 : 12516, 7, 2020/12/02, 16:36:07.673, 3498674279024, vstest.console.dll, Accepted Client request and set the flag
TpTrace Information: 0 : 12516, 4, 2020/12/02, 16:36:07.674, 3498674291626, vstest.console.dll, ProxyDataCollectionManager.BeforeTestRunStart: Get environment variable and port for datacollector processId: 13732 port: 14675
TpTrace Verbose: 0 : 12516, 4, 2020/12/02, 16:36:07.675, 3498674301434, vstest.console.dll, DataCollectionRequestSender.SendBeforeTestRunStartAndGetResult : Send BeforeTestRunStart message with settingsXml <RunSettings><RunConfiguration><ResultsDirectory>C:\Users\berin\source\repos\VVSzadaca2\eParking\Unit Testovi\bin\Debug\fine-code-coverage\_outputfolder</ResultsDirectory><TargetPlatform>X64</TargetPlatform><TargetFrameworkVersion>.NETCoreApp,Version=v3.1</TargetFrameworkVersion><DesignMode>False</DesignMode><CollectSourceInformation>False</CollectSourceInformation><TestAdaptersPaths>C:\Program Files\dotnet\sdk\5.0.100\Extensions</TestAdaptersPaths></RunConfiguration><LoggerRunSettings><Loggers><Logger friendlyName="blame" enabled="True" /><Logger friendlyName="Console" uri="logger://microsoft/TestPlatform/ConsoleLogger/v1" assemblyQualifiedName="Microsoft.VisualStudio.TestPlatform.CommandLine.Internal.ConsoleLogger, vstest.console, Version=15.0.0.0, Culture=neutral, PublicKeyToken=b03f5f7f11d50a3a" codeBase="C:\Program Files\dotnet\sdk\5.0.100\vstest.console.dll" enabled="True" /></Loggers></LoggerRunSettings><DataCollectionRunSettings><DataCollectors><DataCollector friendlyName="blame" enabled="True"><Configuration><ResultsDirectory>C:\Users\berin\source\repos\VVSzadaca2\eParking\Unit Testovi\bin\Debug\fine-code-coverage\_outputfolder</ResultsDirectory></Configuration></DataCollector></DataCollectors></DataCollectionRunSettings></RunSettings> and sources System.Linq.Enumerable+Concat2Iterator`1[System.String]: 
TpTrace Verbose: 0 : 12516, 4, 2020/12/02, 16:36:07.859, 3498676141639, vstest.console.dll, DataCollectionRequestSender.SendBeforeTestRunStartAndGetResult : Received message: (DataCollection.SendMessage) -> {
  "FriendlyName": null,
  "Uri": null,
  "TestCaseId": "00000000-0000-0000-0000-000000000000",
  "Message": "Logging DataCollector Diagnostics in file: C:\\Users\\berin\\source\\repos\\VVSzadaca2\\eParking\\Unit Testovi\\bin\\Debug\\fine-code-coverage\\_outputfolder\\diagnostics.datacollector.20-12-02_16-36-07_27470_4.log",
  "Level": 0
}
TpTrace Verbose: 0 : 12516, 4, 2020/12/02, 16:36:07.981, 3498677362019, vstest.console.dll, DataCollectionRequestSender.SendBeforeTestRunStartAndGetResult : Received message: (DataCollection.BeforeTestRunStartResult) -> {
  "EnvironmentVariables": {},
  "DataCollectionEventsPort": 14677
}
TpTrace Information: 0 : 12516, 4, 2020/12/02, 16:36:07.988, 3498677428182, vstest.console.dll, ProxyDataCollectionManager.BeforeTestRunStart: SendBeforeTestRunStartAndGetResult successful, env variable from datacollector:   and testhost port: 14677
TpTrace Information: 0 : 12516, 4, 2020/12/02, 16:36:07.988, 3498677432811, vstest.console.dll, ProxyDataCollectionManager.InvokeDataCollectionServiceAction: Completed.
TpTrace Verbose: 0 : 12516, 1, 2020/12/02, 16:36:07.989, 3498677438176, vstest.console.dll, TestRunRequest.ExecuteAsync: Creating test run request.
TpTrace Verbose: 0 : 12516, 1, 2020/12/02, 16:36:07.990, 3498677448760, vstest.console.dll, TestRunRequest.ExecuteAsync: Starting.
TpTrace Information: 0 : 12516, 1, 2020/12/02, 16:36:07.991, 3498677459013, vstest.console.dll, TestRunRequest.ExecuteAsync: Starting run with settings:TestRunCriteria:
   KeepAlive=False,FrequencyOfRunStatsChangeEvent=10,RunStatsChangeEventTimeout=00:00:01.5000000,TestCaseFilter=,TestExecutorLauncher=
   Settingsxml=<RunSettings>
  <RunConfiguration>
    <ResultsDirectory>C:\Users\berin\source\repos\VVSzadaca2\eParking\Unit Testovi\bin\Debug\fine-code-coverage\_outputfolder</ResultsDirectory>
    <TargetPlatform>X64</TargetPlatform>
    <TargetFrameworkVersion>.NETCoreApp,Version=v3.1</TargetFrameworkVersion>
    <DesignMode>False</DesignMode>
    <CollectSourceInformation>False</CollectSourceInformation>
  </RunConfiguration>
  <LoggerRunSettings>
    <Loggers>
      <Logger friendlyName="blame" enabled="True" />
      <Logger friendlyName="Console" uri="logger://microsoft/TestPlatform/ConsoleLogger/v1" assemblyQualifiedName="Microsoft.VisualStudio.TestPlatform.CommandLine.Internal.ConsoleLogger, vstest.console, Version=15.0.0.0, Culture=neutral, PublicKeyToken=b03f5f7f11d50a3a" codeBase="C:\Program Files\dotnet\sdk\5.0.100\vstest.console.dll" enabled="True" />
    </Loggers>
  </LoggerRunSettings>
  <DataCollectionRunSettings>
    <DataCollectors>
      <DataCollector friendlyName="blame" enabled="True">
        <Configuration>
          <ResultsDirectory>C:\Users\berin\source\repos\VVSzadaca2\eParking\Unit Testovi\bin\Debug\fine-code-coverage\_outputfolder</ResultsDirectory>
        </Configuration>
      </DataCollector>
    </DataCollectors>
  </DataCollectionRunSettings>
</RunSettings>

TpTrace Verbose: 0 : 12516, 1, 2020/12/02, 16:36:07.991, 3498677463465, vstest.console.dll, TestRunRequest.ExecuteAsync: Wait for the first run request is over.
TpTrace Verbose: 0 : 12516, 1, 2020/12/02, 16:36:07.993, 3498677475367, vstest.console.dll, ParallelProxyExecutionManager: Start execution. Total sources: 1
TpTrace Information: 0 : 12516, 1, 2020/12/02, 16:36:07.994, 3498677487968, vstest.console.dll, ProxyParallelExecutionManager: Triggering test run for next source: C:\Users\berin\source\repos\VVSzadaca2\eParking\Unit Testovi\bin\Debug\fine-code-coverage\Unit Testovi.dll
TpTrace Verbose: 0 : 12516, 6, 2020/12/02, 16:36:07.994, 3498677492595, vstest.console.dll, ParallelProxyExecutionManager: Execution started. Started clients: 1
TpTrace Verbose: 0 : 12516, 1, 2020/12/02, 16:36:07.994, 3498677493080, vstest.console.dll, ProxyParallelExecutionManager: No sources available for execution.
TpTrace Information: 0 : 12516, 1, 2020/12/02, 16:36:07.995, 3498677499856, vstest.console.dll, TestRunRequest.ExecuteAsync: Started.
TpTrace Verbose: 0 : 12516, 6, 2020/12/02, 16:36:07.995, 3498677500900, vstest.console.dll, TestRunRequest:SendTestRunMessage: Starting.
TpTrace Verbose: 0 : 12516, 1, 2020/12/02, 16:36:07.995, 3498677504457, vstest.console.dll, TestRunRequest.WaitForCompletion: Waiting with timeout -1.
TpTrace Information: 0 : 12516, 6, 2020/12/02, 16:36:07.996, 3498677507647, vstest.console.dll, TestRunRequest:SendTestRunMessage: Completed.
TpTrace Verbose: 0 : 12516, 6, 2020/12/02, 16:36:07.996, 3498677514555, vstest.console.dll, ProxyExecutionManager: Test host is always Lazy initialize.
TpTrace Verbose: 0 : 12516, 6, 2020/12/02, 16:36:07.997, 3498677520376, vstest.console.dll, TestRequestSender.InitializeCommunication: initialize communication. 
TpTrace Information: 0 : 12516, 6, 2020/12/02, 16:36:07.998, 3498677529628, vstest.console.dll, SocketServer.Start: Listening on endpoint : 127.0.0.1:14678
TpTrace Verbose: 0 : 12516, 6, 2020/12/02, 16:36:08.000, 3498677547190, vstest.console.dll, DotnetTestHostmanager: Adding  --runtimeconfig "C:\Users\berin\source\repos\VVSzadaca2\eParking\Unit Testovi\bin\Debug\fine-code-coverage\Unit Testovi.runtimeconfig.json" in args
TpTrace Verbose: 0 : 12516, 6, 2020/12/02, 16:36:08.000, 3498677553212, vstest.console.dll, DotnetTestHostmanager: Adding  --depsfile "C:\Users\berin\source\repos\VVSzadaca2\eParking\Unit Testovi\bin\Debug\fine-code-coverage\Unit Testovi.deps.json" in args
TpTrace Information: 0 : 12516, 6, 2020/12/02, 16:36:08.001, 3498677563600, vstest.console.dll, AssemblyResolver.OnResolve: Microsoft.Extensions.DependencyModel: Resolving assembly.
TpTrace Information: 0 : 12516, 6, 2020/12/02, 16:36:08.003, 3498677584273, vstest.console.dll, AssemblyResolver.OnResolve: Resolved assembly: Microsoft.Extensions.DependencyModel, from path: C:\Program Files\dotnet\sdk\5.0.100\Microsoft.Extensions.DependencyModel.dll
TpTrace Verbose: 0 : 12516, 6, 2020/12/02, 16:36:08.004, 3498677591500, vstest.console.dll, DotnetTestHostmanager: Reading file C:\Users\berin\source\repos\VVSzadaca2\eParking\Unit Testovi\bin\Debug\fine-code-coverage\Unit Testovi.deps.json to get path of testhost.dll
TpTrace Verbose: 0 : 12516, 6, 2020/12/02, 16:36:08.046, 3498678011896, vstest.console.dll, DotnetTestHostmanager: Relative path of testhost.dll with respect to package folder is microsoft.testplatform.testhost/16.5.0\lib/netcoreapp2.1/testhost.dll
TpTrace Verbose: 0 : 12516, 6, 2020/12/02, 16:36:08.048, 3498678028341, vstest.console.dll, DotnetTestHostmanager: Looking for path microsoft.testplatform.testhost/16.5.0\lib/netcoreapp2.1/testhost.dll in folder C:\Users\berin\.dotnet\store\|arch|\|tfm|
TpTrace Verbose: 0 : 12516, 6, 2020/12/02, 16:36:08.048, 3498678033554, vstest.console.dll, DotnetTestHostmanager: Looking for path microsoft.testplatform.testhost/16.5.0\lib/netcoreapp2.1/testhost.dll in folder C:\Users\berin\.nuget\packages
TpTrace Verbose: 0 : 12516, 6, 2020/12/02, 16:36:08.049, 3498678042698, vstest.console.dll, DotnetTestHostManager: Testhost.exe/testhost.x86.exe found at path: C:\Users\berin\.nuget\packages\microsoft.testplatform.testhost\16.5.0\build\netcoreapp2.1\x64\testhost.exe
TpTrace Verbose: 0 : 12516, 6, 2020/12/02, 16:36:08.050, 3498678047128, vstest.console.dll, DotnetTestHostmanager: Full path of host exe is C:\Users\berin\.nuget\packages\microsoft.testplatform.testhost\16.5.0\build\netcoreapp2.1\x64\testhost.exe
TpTrace Verbose: 0 : 12516, 4, 2020/12/02, 16:36:08.052, 3498678072264, vstest.console.dll, DotnetTestHostManager: Starting process 'C:\Users\berin\.nuget\packages\microsoft.testplatform.testhost\16.5.0\build\netcoreapp2.1\x64\testhost.exe' with command line ' --runtimeconfig "C:\Users\berin\source\repos\VVSzadaca2\eParking\Unit Testovi\bin\Debug\fine-code-coverage\Unit Testovi.runtimeconfig.json" --depsfile "C:\Users\berin\source\repos\VVSzadaca2\eParking\Unit Testovi\bin\Debug\fine-code-coverage\Unit Testovi.deps.json" --port 14678 --endpoint 127.0.0.1:014678 --role client --parentprocessid 12516 --diag "C:\Users\berin\source\repos\VVSzadaca2\eParking\Unit Testovi\bin\Debug\fine-code-coverage\_outputfolder\diagnostics.host.20-12-02_16-36-07_99930_6.log" --tracelevel 4 --datacollectionport 14677 --telemetryoptedin false'
TpTrace Verbose: 0 : 12516, 4, 2020/12/02, 16:36:08.070, 3498678247497, vstest.console.dll, Test Runtime launched
TpTrace Verbose: 0 : 12516, 6, 2020/12/02, 16:36:08.072, 3498678267015, vstest.console.dll, TestRequestSender.WaitForRequestHandlerConnection: waiting for connection with timeout: 90000
TpTrace Verbose: 0 : 12516, 14, 2020/12/02, 16:36:08.565, 3498683204899, vstest.console.dll, SocketServer.OnClientConnected: Client connected for endPoint: 127.0.0.1:14678, starting MessageLoopAsync:
TpTrace Verbose: 0 : 12516, 4, 2020/12/02, 16:36:08.566, 3498683214467, vstest.console.dll, TcpClientExtensions.MessageLoopAsync: Polling on remoteEndPoint: 127.0.0.1:14680 localEndPoint: 127.0.0.1:14678
TpTrace Verbose: 0 : 12516, 4, 2020/12/02, 16:36:08.851, 3498686055221, vstest.console.dll, TcpClientExtensions.MessageLoopAsync: NotifyDataAvailable remoteEndPoint: 127.0.0.1:14680 localEndPoint: 127.0.0.1:14678
TpTrace Verbose: 0 : 12516, 4, 2020/12/02, 16:36:08.851, 3498686061024, vstest.console.dll, TestRequestSender.CheckVersionWithTestHost: onMessageReceived received message: (ProtocolVersion) -> 2
TpTrace Verbose: 0 : 12516, 4, 2020/12/02, 16:36:08.852, 3498686069028, vstest.console.dll, TcpClientExtensions.MessageLoopAsync: Polling on remoteEndPoint: 127.0.0.1:14680 localEndPoint: 127.0.0.1:14678
TpTrace Verbose: 0 : 12516, 6, 2020/12/02, 16:36:08.852, 3498686070794, vstest.console.dll, TestPluginCache.GetExtensionPaths: Filtered extension paths: 
TpTrace Verbose: 0 : 12516, 6, 2020/12/02, 16:36:08.852, 3498686074722, vstest.console.dll, TestPluginCache.GetExtensionPaths: Added default extension paths: C:\Program Files\dotnet\sdk\5.0.100\Extensions\Microsoft.Diagnostics.NETCore.Client.dll
C:\Program Files\dotnet\sdk\5.0.100\Extensions\Microsoft.TestPlatform.Extensions.BlameDataCollector.dll
C:\Program Files\dotnet\sdk\5.0.100\Extensions\Microsoft.TestPlatform.Extensions.EventLogCollector.dll
C:\Program Files\dotnet\sdk\5.0.100\Extensions\Microsoft.TestPlatform.TestHostRuntimeProvider.dll
C:\Program Files\dotnet\sdk\5.0.100\Extensions\Microsoft.VisualStudio.TestPlatform.Extensions.Html.TestLogger.dll
C:\Program Files\dotnet\sdk\5.0.100\Extensions\Microsoft.VisualStudio.TestPlatform.Extensions.Trx.TestLogger.dll
TpTrace Verbose: 0 : 12516, 6, 2020/12/02, 16:36:08.853, 3498686076735, vstest.console.dll, TestPluginCache.GetExtensionPaths: Added unfilterableExtensionPaths: 
TpTrace Verbose: 0 : 12516, 6, 2020/12/02, 16:36:08.858, 3498686126212, vstest.console.dll, TestRequestSender.InitializeExecution: Sending initializing execution with message: {"Version":2,"MessageType":"TestExecution.Initialize","Payload":["C:\\Users\\berin\\source\\repos\\VVSzadaca2\\eParking\\Unit Testovi\\bin\\Debug\\fine-code-coverage\\Microsoft.VisualStudio.TestPlatform.MSTest.TestAdapter.dll"]}
TpTrace Verbose: 0 : 12516, 6, 2020/12/02, 16:36:08.868, 3498686227269, vstest.console.dll, TestRequestSender.StartTestRun: Sending test run with message: {"Version":2,"MessageType":"TestExecution.StartWithSources","Payload":{"AdapterSourceMap":{"_none_":["C:\\Users\\berin\\source\\repos\\VVSzadaca2\\eParking\\Unit Testovi\\bin\\Debug\\fine-code-coverage\\Unit Testovi.dll"]},"RunSettings":"<RunSettings>\r\n  <RunConfiguration>\r\n    <ResultsDirectory>C:\\Users\\berin\\source\\repos\\VVSzadaca2\\eParking\\Unit Testovi\\bin\\Debug\\fine-code-coverage\\_outputfolder</ResultsDirectory>\r\n    <TargetPlatform>X64</TargetPlatform>\r\n    <TargetFrameworkVersion>.NETCoreApp,Version=v3.1</TargetFrameworkVersion>\r\n    <DesignMode>False</DesignMode>\r\n    <CollectSourceInformation>False</CollectSourceInformation>\r\n  </RunConfiguration>\r\n  <LoggerRunSettings>\r\n    <Loggers>\r\n      <Logger friendlyName=\"blame\" enabled=\"True\" />\r\n      <Logger friendlyName=\"Console\" uri=\"logger://microsoft/TestPlatform/ConsoleLogger/v1\" assemblyQualifiedName=\"Microsoft.VisualStudio.TestPlatform.CommandLine.Internal.ConsoleLogger, vstest.console, Version=15.0.0.0, Culture=neutral, PublicKeyToken=b03f5f7f11d50a3a\" codeBase=\"C:\\Program Files\\dotnet\\sdk\\5.0.100\\vstest.console.dll\" enabled=\"True\" />\r\n    </Loggers>\r\n  </LoggerRunSettings>\r\n  <DataCollectionRunSettings>\r\n    <DataCollectors>\r\n      <DataCollector friendlyName=\"blame\" enabled=\"True\">\r\n        <Configuration>\r\n          <ResultsDirectory>C:\\Users\\berin\\source\\repos\\VVSzadaca2\\eParking\\Unit Testovi\\bin\\Debug\\fine-code-coverage\\_outputfolder</ResultsDirectory>\r\n        </Configuration>\r\n      </DataCollector>\r\n    </DataCollectors>\r\n  </DataCollectionRunSettings>\r\n</RunSettings>","TestExecutionContext":{"FrequencyOfRunStatsChangeEvent":10,"RunStatsChangeEventTimeout":"00:00:01.5000000","InIsolation":false,"KeepAlive":false,"AreTestCaseLevelEventsRequired":false,"IsDebug":false,"TestCaseFilter":null,"FilterOptions":null},"Package":null}}
TpTrace Verbose: 0 : 12516, 4, 2020/12/02, 16:36:08.871, 3498686257511, vstest.console.dll, TcpClientExtensions.MessageLoopAsync: NotifyDataAvailable remoteEndPoint: 127.0.0.1:14680 localEndPoint: 127.0.0.1:14678
TpTrace Verbose: 0 : 12516, 4, 2020/12/02, 16:36:08.871, 3498686263243, vstest.console.dll, TestRequestSender.OnExecutionMessageReceived: Received message: {"Version":2,"MessageType":"TestSession.Message","Payload":{"MessageLevel":0,"Message":"Logging TestHost Diagnostics in file: C:\\Users\\berin\\source\\repos\\VVSzadaca2\\eParking\\Unit Testovi\\bin\\Debug\\fine-code-coverage\\_outputfolder\\diagnostics.host.20-12-02_16-36-07_99930_6.log"}}
TpTrace Verbose: 0 : 12516, 4, 2020/12/02, 16:36:08.875, 3498686297782, vstest.console.dll, TestRunRequest:SendTestRunMessage: Starting.
TpTrace Information: 0 : 12516, 4, 2020/12/02, 16:36:08.875, 3498686301928, vstest.console.dll, TestRunRequest:SendTestRunMessage: Completed.
TpTrace Verbose: 0 : 12516, 4, 2020/12/02, 16:36:08.875, 3498686304918, vstest.console.dll, TcpClientExtensions.MessageLoopAsync: Polling on remoteEndPoint: 127.0.0.1:14680 localEndPoint: 127.0.0.1:14678
TpTrace Verbose: 0 : 12516, 4, 2020/12/02, 16:36:09.578, 3498693332949, vstest.console.dll, TcpClientExtensions.MessageLoopAsync: NotifyDataAvailable remoteEndPoint: 127.0.0.1:14680 localEndPoint: 127.0.0.1:14678
TpTrace Verbose: 0 : 12516, 4, 2020/12/02, 16:36:09.579, 3498693339294, vstest.console.dll, TestRequestSender.OnExecutionMessageReceived: Received message: {"Version":2,"MessageType":"TestExecution.Completed","Payload":{"TestRunCompleteArgs":{"TestRunStatistics":{"ExecutedTests":4,"Stats":{"Passed":4}},"IsCanceled":false,"IsAborted":false,"Error":null,"AttachmentSets":[],"ElapsedTimeInRunningTests":"00:00:00.4242093","Metrics":{}},"LastRunTests":{"NewTestResults":[{"TestCase":{"Id":"aef9dec6-1181-fac1-2596-b31421e8da47","FullyQualifiedName":"Unit_Testovi.NoviTestovi.TestZamjenskiObjekat","DisplayName":"TestZamjenskiObjekat","ExecutorUri":"executor://MSTestAdapter/v2","Source":"C:\\Users\\berin\\source\\repos\\VVSzadaca2\\eParking\\Unit Testovi\\bin\\Debug\\fine-code-coverage\\Unit Testovi.dll","CodeFilePath":null,"LineNumber":-1,"Properties":[{"Key":{"Id":"MSTestDiscoverer.TestClassName","Label":"ClassName","Category":"","Description":"","Attributes":1,"ValueType":"System.String"},"Value":"Unit_Testovi.NoviTestovi"},{"Key":{"Id":"TestObject.Traits","Label":"Traits","Category":"","Description":"","Attributes":5,"ValueType":"System.Collections.Generic.KeyValuePair`2[[System.String],[System.String]][]"},"Value":[]}]},"Attachments":[],"Outcome":1,"ErrorMessage":null,"ErrorStackTrace":null,"DisplayName":null,"Messages":[],"ComputerName":null,"Duration":"00:00:00.0176336","StartTime":"2020-12-02T16:36:09.3527949+01:00","EndTime":"2020-12-02T16:36:09.4208371+01:00","Properties":[{"Key":{"Id":"ExecutionId","Label":"ExecutionId","Category":"","Description":"","Attributes":1,"ValueType":"System.Guid"},"Value":"00000000-0000-0000-0000-000000000000"},{"Key":{"Id":"ParentExecId","Label":"ParentExecId","Category":"","Description":"","Attributes":1,"ValueType":"System.Guid"},"Value":"00000000-0000-0000-0000-000000000000"},{"Key":{"Id":"InnerResultsCount","Label":"InnerResultsCount","Category":"","Description":"","Attributes":1,"ValueType":"System.Int32"},"Value":0}]},{"TestCase":{"Id":"a8dca9e6-8dfc-7e57-c23e-5c068592f412","FullyQualifiedName":"Unit_Testovi.NoviTestovi.TestZaradaJednaUlica","DisplayName":"TestZaradaJednaUlica","ExecutorUri":"executor://MSTestAdapter/v2","Source":"C:\\Users\\berin\\source\\repos\\VVSzadaca2\\eParking\\Unit Testovi\\bin\\Debug\\fine-code-coverage\\Unit Testovi.dll","CodeFilePath":null,"LineNumber":-1,"Properties":[{"Key":{"Id":"MSTestDiscoverer.TestClassName","Label":"ClassName","Category":"","Description":"","Attributes":1,"ValueType":"System.String"},"Value":"Unit_Testovi.NoviTestovi"},{"Key":{"Id":"TestObject.Traits","Label":"Traits","Category":"","Description":"","Attributes":5,"ValueType":"System.Collections.Generic.KeyValuePair`2[[System.String],[System.String]][]"},"Value":[]}]},"Attachments":[],"Outcome":1,"ErrorMessage":null,"ErrorStackTrace":null,"DisplayName":null,"Messages":[],"ComputerName":null,"Duration":"00:00:00.0049212","StartTime":"2020-12-02T16:36:09.4737553+01:00","EndTime":"2020-12-02T16:36:09.4791416+01:00","Properties":[{"Key":{"Id":"ExecutionId","Label":"ExecutionId","Category":"","Description":"","Attributes":1,"ValueType":"System.Guid"},"Value":"00000000-0000-0000-0000-000000000000"},{"Key":{"Id":"ParentExecId","Label":"ParentExecId","Category":"","Description":"","Attributes":1,"ValueType":"System.Guid"},"Value":"00000000-0000-0000-0000-000000000000"},{"Key":{"Id":"InnerResultsCount","Label":"InnerResultsCount","Category":"","Description":"","Attributes":1,"ValueType":"System.Int32"},"Value":0}]},{"TestCase":{"Id":"ca1feca8-37cf-3c7e-a2cd-519c06c5a2f3","FullyQualifiedName":"Unit_Testovi.NoviTestovi.TestZaradaVišeUlica","DisplayName":"TestZaradaVišeUlica","ExecutorUri":"executor://MSTestAdapter/v2","Source":"C:\\Users\\berin\\source\\repos\\VVSzadaca2\\eParking\\Unit Testovi\\bin\\Debug\\fine-code-coverage\\Unit Testovi.dll","CodeFilePath":null,"LineNumber":-1,"Properties":[{"Key":{"Id":"MSTestDiscoverer.TestClassName","Label":"ClassName","Category":"","Description":"","Attributes":1,"ValueType":"System.String"},"Value":"Unit_Testovi.NoviTestovi"},{"Key":{"Id":"TestObject.Traits","Label":"Traits","Category":"","Description":"","Attributes":5,"ValueType":"System.Collections.Generic.KeyValuePair`2[[System.String],[System.String]][]"},"Value":[]}]},"Attachments":[],"Outcome":1,"ErrorMessage":null,"ErrorStackTrace":null,"DisplayName":null,"Messages":[],"ComputerName":null,"Duration":"00:00:00.0013308","StartTime":"2020-12-02T16:36:09.486531+01:00","EndTime":"2020-12-02T16:36:09.4882044+01:00","Properties":[{"Key":{"Id":"ExecutionId","Label":"ExecutionId","Category":"","Description":"","Attributes":1,"ValueType":"System.Guid"},"Value":"00000000-0000-0000-0000-000000000000"},{"Key":{"Id":"ParentExecId","Label":"ParentExecId","Category":"","Description":"","Attributes":1,"ValueType":"System.Guid"},"Value":"00000000-0000-0000-0000-000000000000"},{"Key":{"Id":"InnerResultsCount","Label":"InnerResultsCount","Category":"","Description":"","Attributes":1,"ValueType":"System.Int32"},"Value":0}]},{"TestCase":{"Id":"33f89b9a-9740-f7af-d21f-c1531cf06b05","FullyQualifiedName":"Unit_Testovi.NoviTestovi.TestZaradaIzuzetak","DisplayName":"TestZaradaIzuzetak","ExecutorUri":"executor://MSTestAdapter/v2","Source":"C:\\Users\\berin\\source\\repos\\VVSzadaca2\\eParking\\Unit Testovi\\bin\\Debug\\fine-code-coverage\\Unit Testovi.dll","CodeFilePath":null,"LineNumber":-1,"Properties":[{"Key":{"Id":"MSTestDiscoverer.TestClassName","Label":"ClassName","Category":"","Description":"","Attributes":1,"ValueType":"System.String"},"Value":"Unit_Testovi.NoviTestovi"},{"Key":{"Id":"TestObject.Traits","Label":"Traits","Category":"","Description":"","Attributes":5,"ValueType":"System.Collections.Generic.KeyValuePair`2[[System.String],[System.String]][]"},"Value":[]}]},"Attachments":[],"Outcome":1,"ErrorMessage":null,"ErrorStackTrace":null,"DisplayName":null,"Messages":[],"ComputerName":null,"Duration":"00:00:00.0032736","StartTime":"2020-12-02T16:36:09.4949348+01:00","EndTime":"2020-12-02T16:36:09.4985307+01:00","Properties":[{"Key":{"Id":"ExecutionId","Label":"ExecutionId","Category":"","Description":"","Attributes":1,"ValueType":"System.Guid"},"Value":"00000000-0000-0000-0000-000000000000"},{"Key":{"Id":"ParentExecId","Label":"ParentExecId","Category":"","Description":"","Attributes":1,"ValueType":"System.Guid"},"Value":"00000000-0000-0000-0000-000000000000"},{"Key":{"Id":"InnerResultsCount","Label":"InnerResultsCount","Category":"","Description":"","Attributes":1,"ValueType":"System.Int32"},"Value":0}]}],"TestRunStatistics":{"ExecutedTests":4,"Stats":{"Passed":4}},"ActiveTests":[]},"RunAttachments":[],"ExecutorUris":["executor://mstestadapter/v2"]}}
TpTrace Verbose: 0 : 12516, 4, 2020/12/02, 16:36:09.580, 3498693353816, vstest.console.dll, TestRequestSender.EndSession: Sending end session.
TpTrace Verbose: 0 : 12516, 4, 2020/12/02, 16:36:09.581, 3498693357978, vstest.console.dll, ProxyOperationManager.Close: waiting for test host to exit for 100 ms
TpTrace Warning: 0 : 12516, 10, 2020/12/02, 16:36:09.638, 3498693926700, vstest.console.dll, TestHostManagerCallbacks.ErrorReceivedCallback Test host standard error line: 
TpTrace Verbose: 0 : 12516, 7, 2020/12/02, 16:36:09.655, 3498694095511, vstest.console.dll, TestHostProvider.ExitCallBack: Host exited starting callback.
TpTrace Information: 0 : 12516, 7, 2020/12/02, 16:36:09.657, 3498694115621, vstest.console.dll, TestHostManagerCallbacks.ExitCallBack: Testhost processId: 14228 exited with exitcode: 0 error: ''
TpTrace Verbose: 0 : 12516, 7, 2020/12/02, 16:36:09.657, 3498694121421, vstest.console.dll, DotnetTestHostManager.OnHostExited: invoking OnHostExited callback
TpTrace Verbose: 0 : 12516, 7, 2020/12/02, 16:36:09.658, 3498694126669, vstest.console.dll, CrossPlatEngine.TestHostManagerHostExited: calling on client process exit callback.
TpTrace Information: 0 : 12516, 7, 2020/12/02, 16:36:09.658, 3498694132092, vstest.console.dll, TestRequestSender.OnClientProcessExit: Test host process exited. Standard error: 
TpTrace Warning: 0 : 12516, 4, 2020/12/02, 16:36:09.658, 3498694132320, vstest.console.dll, ProxyOperationManager: Timed out waiting for test host to exit. Will terminate process.
TpTrace Information: 0 : 12516, 7, 2020/12/02, 16:36:09.659, 3498694137901, vstest.console.dll, SocketServer.Stop: Stop server endPoint: 127.0.0.1:14678
TpTrace Information: 0 : 12516, 7, 2020/12/02, 16:36:09.660, 3498694145710, vstest.console.dll, SocketServer.Stop: Cancellation requested. Stopping message loop.
TpTrace Verbose: 0 : 12516, 4, 2020/12/02, 16:36:09.662, 3498694170224, vstest.console.dll, ProxyDataCollectionManager.InvokeDataCollectionServiceAction: Starting.
TpTrace Information: 0 : 12516, 4, 2020/12/02, 16:36:09.663, 3498694175647, vstest.console.dll, ProxyDataCollectionManager.AfterTestRunEnd: Get attachment set for datacollector processId: 13732 port: 14675
TpTrace Verbose: 0 : 12516, 4, 2020/12/02, 16:36:09.663, 3498694181166, vstest.console.dll, DataCollectionRequestSender.SendAfterTestRunStartAndGetResult : Send AfterTestRunEnd message with isCancelled: False
TpTrace Verbose: 0 : 12516, 4, 2020/12/02, 16:36:09.672, 3498694272267, vstest.console.dll, DataCollectionRequestSender.SendAfterTestRunStartAndGetResult : Received message: (DataCollection.SendMessage) -> {
  "FriendlyName": "Blame",
  "Uri": "datacollector://Microsoft/TestPlatform/Extensions/Blame/v1",
  "TestCaseId": "00000000-0000-0000-0000-000000000000",
  "Message": "All tests finished running, Sequence file will not be generated",
  "Level": 1
}
TpTrace Verbose: 0 : 12516, 4, 2020/12/02, 16:36:09.673, 3498694279645, vstest.console.dll, TestRunRequest:SendTestRunMessage: Starting.
TpTrace Information: 0 : 12516, 4, 2020/12/02, 16:36:09.673, 3498694283651, vstest.console.dll, TestRunRequest:SendTestRunMessage: Completed.
TpTrace Verbose: 0 : 12516, 4, 2020/12/02, 16:36:09.675, 3498694299101, vstest.console.dll, DataCollectionRequestSender.SendAfterTestRunStartAndGetResult : Received message: (DataCollection.AfterTestRunEndResult) -> []
TpTrace Information: 0 : 12516, 4, 2020/12/02, 16:36:09.679, 3498694336144, vstest.console.dll, ProxyDataCollectionManager.InvokeDataCollectionServiceAction: Completed.
TpTrace Warning: 0 : 12516, 9, 2020/12/02, 16:36:09.691, 3498694462233, vstest.console.dll, DataCollectionLauncher.ErrorReceivedCallback datacollector standard error line: 
TpTrace Information: 0 : 12516, 7, 2020/12/02, 16:36:09.709, 3498694635678, vstest.console.dll, DataCollectionLauncher.ExitCallBack: Data collector exited with exitcode: 0 error: ''
TpTrace Verbose: 0 : 12516, 4, 2020/12/02, 16:36:09.835, 3498695904960, vstest.console.dll, TestRunRequest:SendTestRunStatsChange: Starting.
TpTrace Information: 0 : 12516, 4, 2020/12/02, 16:36:09.836, 3498695910865, vstest.console.dll, TestRunRequest:SendTestRunStatsChange: Completed.
TpTrace Verbose: 0 : 12516, 4, 2020/12/02, 16:36:09.837, 3498695916785, vstest.console.dll, ParallelProxyExecutionManager: HandlePartialRunComplete: Total completed clients = 1, Run complete = True, Run canceled: False.
TpTrace Verbose: 0 : 12516, 4, 2020/12/02, 16:36:09.873, 3498696279427, vstest.console.dll, TestRunRequest:TestRunComplete: Starting. IsAborted:False IsCanceled:False.
TpTrace Verbose: 0 : 12516, 4, 2020/12/02, 16:36:09.874, 3498696285658, vstest.console.dll, TestLoggerManager.HandleTestRunComplete: Ignoring as the object is disposed.
TpTrace Information: 0 : 12516, 4, 2020/12/02, 16:36:09.874, 3498696293329, vstest.console.dll, TestRunRequest:TestRunComplete: Completed.
TpTrace Verbose: 0 : 12516, 1, 2020/12/02, 16:36:09.874, 3498696294581, vstest.console.dll, TestRunRequest.Dispose: Starting.
TpTrace Verbose: 0 : 12516, 4, 2020/12/02, 16:36:09.875, 3498696297091, vstest.console.dll, TestRequestSender.SetOperationComplete: Setting operation complete.
TpTrace Information: 0 : 12516, 1, 2020/12/02, 16:36:09.875, 3498696301082, vstest.console.dll, TestRunRequest.Dispose: Completed.
TpTrace Information: 0 : 12516, 4, 2020/12/02, 16:36:09.875, 3498696304868, vstest.console.dll, SocketServer.Stop: Stop server endPoint: 127.0.0.1:14678
TpTrace Information: 0 : 12516, 4, 2020/12/02, 16:36:09.876, 3498696312253, vstest.console.dll, SocketServer.Stop: Cancellation requested. Stopping message loop.
TpTrace Information: 0 : 12516, 4, 2020/12/02, 16:36:09.877, 3498696315700, vstest.console.dll, SocketServer.PrivateStop: Stop server endPoint: 127.0.0.1:14678 error: 
TpTrace Information: 0 : 12516, 1, 2020/12/02, 16:36:09.876, 3498696308721, vstest.console.dll, TestRequestManager.RunTests: run tests completed.
TpTrace Information: 0 : 12516, 1, 2020/12/02, 16:36:09.877, 3498696323840, vstest.console.dll, RunTestsArgumentProcessor:Execute: Test run is completed.
TpTrace Verbose: 0 : 12516, 1, 2020/12/02, 16:36:09.878, 3498696327483, vstest.console.dll, Executor.Execute: Exiting with exit code of 0
TpTrace Verbose: 0 : 12516, 4, 2020/12/02, 16:36:09.878, 3498696328725, vstest.console.dll, LengthPrefixCommunicationChannel.Dispose: Dispose reader and writer.
TpTrace Information: 0 : 12516, 4, 2020/12/02, 16:36:09.894, 3498696489883, vstest.console.dll, SocketServer.Stop: Raise disconnected event endPoint: 127.0.0.1:14678 error: 
TpTrace Verbose: 0 : 12516, 4, 2020/12/02, 16:36:09.895, 3498696495722, vstest.console.dll, TestRequestSender: OnTestRunAbort: Operation is already complete. Skip error message.
TpTrace Verbose: 0 : 12516, 4, 2020/12/02, 16:36:09.895, 3498696499218, vstest.console.dll, TcpClientExtensions.MessageLoopAsync: exiting MessageLoopAsync remoteEndPoint: 127.0.0.1:14680 localEndPoint: 127.0.0.1:14678
