TpTrace Information: 0 : 9644, 1, 2020/12/01, 00:25:02.208, 1270143309159, testhost.dll, DefaultEngineInvoker.Invoke: Testhost process started with args :[--port, 61660],[--endpoint, 127.0.0.1:061660],[--role, client],[--parentprocessid, 16536],[--diag, C:\Users\Korisnik\Documents\VVSzadaca2\eParking\Unit Testovi\bin\Debug\fine-code-coverage\_outputfolder\diagnostics.host.20-12-01_00-25-01_74537_4.log],[--tracelevel, 4],[--datacollectionport, 61659],[--telemetryoptedin, false]
TpTrace Information: 0 : 9644, 1, 2020/12/01, 00:25:02.223, 1270143367129, testhost.dll, DefaultEngineInvoker.SetParentProcessExitCallback: Monitoring parent process with id: '16536'
TpTrace Information: 0 : 9644, 1, 2020/12/01, 00:25:02.241, 1270143549525, testhost.dll, DefaultEngineInvoker.GetConnectionInfo: Initialize communication on endpoint address: '127.0.0.1:061660'
TpTrace Information: 0 : 9644, 1, 2020/12/01, 00:25:02.273, 1270143873001, testhost.dll, SocketClient.Start: connecting to server endpoint: 127.0.0.1:061660
TpTrace Information: 0 : 9644, 1, 2020/12/01, 00:25:02.283, 1270143970417, testhost.dll, DefaultEngineInvoker.ConnectToDatacollector: Connecting to datacollector, port: 61659
TpTrace Information: 0 : 9644, 4, 2020/12/01, 00:25:02.288, 1270144015121, testhost.dll, SocketClient.OnServerConnected: connected to server endpoint: 127.0.0.1:061660
TpTrace Information: 0 : 9644, 1, 2020/12/01, 00:25:02.291, 1270144051649, testhost.dll, Trying to connect to server on socket : 127.0.0.1:61659 
TpTrace Verbose: 0 : 9644, 1, 2020/12/01, 00:25:02.292, 1270144062011, testhost.dll, SocketCommunicationManager : SetupClientAsync : Attempting to connect to the server.
TpTrace Verbose: 0 : 9644, 4, 2020/12/01, 00:25:02.292, 1270144062045, testhost.dll, Connected to server, and starting MessageLoopAsync
TpTrace Information: 0 : 9644, 10, 2020/12/01, 00:25:02.297, 1270144109394, testhost.dll, Connected to the server successfully 
TpTrace Information: 0 : 9644, 10, 2020/12/01, 00:25:02.297, 1270144111472, testhost.dll, Using the buffer size of 16384 bytes
TpTrace Information: 0 : 9644, 1, 2020/12/01, 00:25:02.299, 1270144123348, testhost.dll, DefaultEngineInvoker.Invoke: Start Request Processing.
TpTrace Information: 0 : 9644, 11, 2020/12/01, 00:25:02.300, 1270144138643, testhost.dll, DefaultEngineInvoker.StartProcessingAsync: Connected to vstest.console, Starting process requests.
TpTrace Verbose: 0 : 9644, 4, 2020/12/01, 00:25:02.301, 1270144146254, testhost.dll, TcpClientExtensions.MessageLoopAsync: Polling on remoteEndPoint: [::ffff:127.0.0.1]:61660 localEndPoint: [::ffff:127.0.0.1]:61661
TpTrace Verbose: 0 : 9644, 4, 2020/12/01, 00:25:02.301, 1270144152572, testhost.dll, TcpClientExtensions.MessageLoopAsync: NotifyDataAvailable remoteEndPoint: [::ffff:127.0.0.1]:61660 localEndPoint: [::ffff:127.0.0.1]:61661
TpTrace Information: 0 : 9644, 4, 2020/12/01, 00:25:02.554, 1270146673837, testhost.dll, TestRequestHandler.ProcessRequests: received message: (ProtocolVersion) -> 3
TpTrace Verbose: 0 : 9644, 4, 2020/12/01, 00:25:02.625, 1270147387893, testhost.dll, TestRequestHandler.SendData:  sending data from testhost: {"Version":2,"MessageType":"TestSession.Message","Payload":{"MessageLevel":0,"Message":"Logging TestHost Diagnostics in file: C:\\Users\\Korisnik\\Documents\\VVSzadaca2\\eParking\\Unit Testovi\\bin\\Debug\\fine-code-coverage\\_outputfolder\\diagnostics.host.20-12-01_00-25-01_74537_4.log"}}
TpTrace Verbose: 0 : 9644, 4, 2020/12/01, 00:25:02.625, 1270147392104, testhost.dll, TcpClientExtensions.MessageLoopAsync: Polling on remoteEndPoint: [::ffff:127.0.0.1]:61660 localEndPoint: [::ffff:127.0.0.1]:61661
TpTrace Verbose: 0 : 9644, 4, 2020/12/01, 00:25:02.626, 1270147393712, testhost.dll, TcpClientExtensions.MessageLoopAsync: NotifyDataAvailable remoteEndPoint: [::ffff:127.0.0.1]:61660 localEndPoint: [::ffff:127.0.0.1]:61661
TpTrace Information: 0 : 9644, 4, 2020/12/01, 00:25:02.633, 1270147469471, testhost.dll, TestRequestHandler.ProcessRequests: received message: (TestExecution.Initialize) -> [
  "C:\\Users\\Korisnik\\Documents\\VVSzadaca2\\eParking\\Unit Testovi\\bin\\Debug\\fine-code-coverage\\Microsoft.VisualStudio.TestPlatform.MSTest.TestAdapter.dll"
]
TpTrace Information: 0 : 9644, 4, 2020/12/01, 00:25:02.633, 1270147472989, testhost.dll, Execution Session Initialize.
TpTrace Verbose: 0 : 9644, 4, 2020/12/01, 00:25:02.647, 1270147608877, testhost.dll, TcpClientExtensions.MessageLoopAsync: Polling on remoteEndPoint: [::ffff:127.0.0.1]:61660 localEndPoint: [::ffff:127.0.0.1]:61661
TpTrace Verbose: 0 : 9644, 4, 2020/12/01, 00:25:02.647, 1270147611209, testhost.dll, TcpClientExtensions.MessageLoopAsync: NotifyDataAvailable remoteEndPoint: [::ffff:127.0.0.1]:61660 localEndPoint: [::ffff:127.0.0.1]:61661
TpTrace Verbose: 0 : 9644, 5, 2020/12/01, 00:25:02.652, 1270147655720, testhost.dll, TestExecutorService: Loading the extensions
TpTrace Information: 0 : 9644, 4, 2020/12/01, 00:25:02.653, 1270147667038, testhost.dll, TestRequestHandler.ProcessRequests: received message: (TestExecution.StartWithSources) -> {
  "AdapterSourceMap": {
    "_none_": [
      "C:\\Users\\Korisnik\\Documents\\VVSzadaca2\\eParking\\Unit Testovi\\bin\\Debug\\fine-code-coverage\\Unit Testovi.dll"
    ]
  },
  "RunSettings": "<RunSettings>\r\n  <RunConfiguration>\r\n    <ResultsDirectory>C:\\Users\\Korisnik\\Documents\\VVSzadaca2\\eParking\\Unit Testovi\\bin\\Debug\\fine-code-coverage\\_outputfolder</ResultsDirectory>\r\n    <TargetPlatform>X64</TargetPlatform>\r\n    <TargetFrameworkVersion>.NETCoreApp,Version=v3.1</TargetFrameworkVersion>\r\n    <DesignMode>False</DesignMode>\r\n    <CollectSourceInformation>False</CollectSourceInformation>\r\n  </RunConfiguration>\r\n  <LoggerRunSettings>\r\n    <Loggers>\r\n      <Logger friendlyName=\"blame\" enabled=\"True\" />\r\n      <Logger friendlyName=\"Console\" uri=\"logger://microsoft/TestPlatform/ConsoleLogger/v1\" assemblyQualifiedName=\"Microsoft.VisualStudio.TestPlatform.CommandLine.Internal.ConsoleLogger, vstest.console, Version=15.0.0.0, Culture=neutral, PublicKeyToken=b03f5f7f11d50a3a\" codeBase=\"C:\\Program Files\\dotnet\\sdk\\5.0.100\\vstest.console.dll\" enabled=\"True\" />\r\n    </Loggers>\r\n  </LoggerRunSettings>\r\n  <DataCollectionRunSettings>\r\n    <DataCollectors>\r\n      <DataCollector friendlyName=\"blame\" enabled=\"True\">\r\n        <Configuration>\r\n          <ResultsDirectory>C:\\Users\\Korisnik\\Documents\\VVSzadaca2\\eParking\\Unit Testovi\\bin\\Debug\\fine-code-coverage\\_outputfolder</ResultsDirectory>\r\n        </Configuration>\r\n      </DataCollector>\r\n    </DataCollectors>\r\n  </DataCollectionRunSettings>\r\n</RunSettings>",
  "TestExecutionContext": {
    "FrequencyOfRunStatsChangeEvent": 10,
    "RunStatsChangeEventTimeout": "00:00:01.5000000",
    "InIsolation": false,
    "KeepAlive": false,
    "AreTestCaseLevelEventsRequired": false,
    "IsDebug": false,
    "TestCaseFilter": null,
    "FilterOptions": null
  },
  "Package": null
}
TpTrace Information: 0 : 9644, 4, 2020/12/01, 00:25:02.653, 1270147670021, testhost.dll, Execution started.
TpTrace Verbose: 0 : 9644, 5, 2020/12/01, 00:25:02.655, 1270147688860, testhost.dll, TestPluginCache.DiscoverTestExtensions: finding test extensions in assemblies endswith: TestAdapter.dll TPluginInfo: Microsoft.VisualStudio.TestPlatform.Common.ExtensionFramework.Utilities.TestExecutorPluginInformation TExtension: Microsoft.VisualStudio.TestPlatform.ObjectModel.Adapter.ITestExecutor
TpTrace Verbose: 0 : 9644, 5, 2020/12/01, 00:25:02.657, 1270147708458, testhost.dll, TestPluginCache.GetExtensionPaths: Filtered extension paths: 
TpTrace Verbose: 0 : 9644, 5, 2020/12/01, 00:25:02.658, 1270147715406, testhost.dll, TestPluginCache.GetExtensionPaths: Added default extension paths: C:\Users\Korisnik\Documents\VVSzadaca2\eParking\Unit Testovi\bin\Debug\fine-code-coverage\Microsoft.VisualStudio.TestPlatform.MSTest.TestAdapter.dll
TpTrace Verbose: 0 : 9644, 5, 2020/12/01, 00:25:02.658, 1270147717174, testhost.dll, TestPluginCache.GetExtensionPaths: Added unfilterableExtensionPaths: 
TpTrace Information: 0 : 9644, 5, 2020/12/01, 00:25:02.662, 1270147762264, testhost.dll, AssemblyResolver.ctor: Creating AssemblyResolver with searchDirectories C:\Users\Korisnik\Documents\VVSzadaca2\eParking\Unit Testovi\bin\Debug\fine-code-coverage
TpTrace Verbose: 0 : 9644, 5, 2020/12/01, 00:25:02.666, 1270147799533, testhost.dll, TestPluginCache.DiscoverTestExtensions: Discovering the extensions using extension path.
TpTrace Verbose: 0 : 9644, 5, 2020/12/01, 00:25:02.666, 1270147802631, testhost.dll, TestPluginCache.GetExtensionPaths: Filtered extension paths: 
TpTrace Verbose: 0 : 9644, 5, 2020/12/01, 00:25:02.667, 1270147804143, testhost.dll, TestPluginCache.GetExtensionPaths: Added default extension paths: C:\Users\Korisnik\Documents\VVSzadaca2\eParking\Unit Testovi\bin\Debug\fine-code-coverage\Microsoft.VisualStudio.TestPlatform.MSTest.TestAdapter.dll
TpTrace Verbose: 0 : 9644, 5, 2020/12/01, 00:25:02.667, 1270147805523, testhost.dll, TestPluginCache.GetExtensionPaths: Added unfilterableExtensionPaths: 
TpTrace Verbose: 0 : 9644, 5, 2020/12/01, 00:25:02.667, 1270147807364, testhost.dll, TestPluginCache.DiscoverTestExtensions: Discovering the extensions using allExtensionPaths: C:\Users\Korisnik\Documents\VVSzadaca2\eParking\Unit Testovi\bin\Debug\fine-code-coverage\Microsoft.VisualStudio.TestPlatform.MSTest.TestAdapter.dll
TpTrace Information: 0 : 9644, 5, 2020/12/01, 00:25:02.669, 1270147825438, testhost.dll, AssemblyResolver.AddSearchDirectories: Adding more searchDirectories C:\Users\Korisnik\Documents\VVSzadaca2\eParking\Unit Testovi\bin\Debug\fine-code-coverage
TpTrace Information: 0 : 9644, 5, 2020/12/01, 00:25:02.679, 1270147923771, testhost.dll, AssemblyResolver.OnResolve: Microsoft.VisualStudio.TestPlatform.MSTest.TestAdapter: Resolving assembly.
TpTrace Information: 0 : 9644, 5, 2020/12/01, 00:25:02.682, 1270147959715, testhost.dll, AssemblyResolver.OnResolve: Resolved assembly: Microsoft.VisualStudio.TestPlatform.MSTest.TestAdapter, from path: C:\Users\Korisnik\Documents\VVSzadaca2\eParking\Unit Testovi\bin\Debug\fine-code-coverage\Microsoft.VisualStudio.TestPlatform.MSTest.TestAdapter.dll
TpTrace Information: 0 : 9644, 5, 2020/12/01, 00:25:02.687, 1270148008238, testhost.dll, AssemblyResolver.OnResolve: Microsoft.VisualStudio.TestPlatform.MSTestAdapter.PlatformServices.Interface: Resolving assembly.
TpTrace Information: 0 : 9644, 5, 2020/12/01, 00:25:02.689, 1270148031375, testhost.dll, AssemblyResolver.OnResolve: Resolved assembly: Microsoft.VisualStudio.TestPlatform.MSTestAdapter.PlatformServices.Interface, from path: C:\Users\Korisnik\Documents\VVSzadaca2\eParking\Unit Testovi\bin\Debug\fine-code-coverage\Microsoft.VisualStudio.TestPlatform.MSTestAdapter.PlatformServices.Interface.dll
TpTrace Information: 0 : 9644, 5, 2020/12/01, 00:25:02.690, 1270148038801, testhost.dll, AssemblyResolver.OnResolve: Microsoft.VisualStudio.TestPlatform.MSTestAdapter.PlatformServices: Resolving assembly.
TpTrace Information: 0 : 9644, 5, 2020/12/01, 00:25:02.692, 1270148060208, testhost.dll, AssemblyResolver.OnResolve: Resolved assembly: Microsoft.VisualStudio.TestPlatform.MSTestAdapter.PlatformServices, from path: C:\Users\Korisnik\Documents\VVSzadaca2\eParking\Unit Testovi\bin\Debug\fine-code-coverage\Microsoft.VisualStudio.TestPlatform.MSTestAdapter.PlatformServices.dll
TpTrace Verbose: 0 : 9644, 5, 2020/12/01, 00:25:02.704, 1270148180784, testhost.dll, TestPluginCache: Discovered the extensions using extension path ''.
TpTrace Verbose: 0 : 9644, 5, 2020/12/01, 00:25:02.705, 1270148189389, testhost.dll, TestPluginCache: Discoverers are ''.
TpTrace Verbose: 0 : 9644, 5, 2020/12/01, 00:25:02.705, 1270148191910, testhost.dll, TestPluginCache: Executors are 'executor://MSTestAdapter/v2'.
TpTrace Verbose: 0 : 9644, 5, 2020/12/01, 00:25:02.706, 1270148194274, testhost.dll, TestPluginCache: Setting providers are ''.
TpTrace Verbose: 0 : 9644, 5, 2020/12/01, 00:25:02.706, 1270148196561, testhost.dll, TestPluginCache: Loggers are ''.
TpTrace Verbose: 0 : 9644, 4, 2020/12/01, 00:25:02.708, 1270148222209, testhost.dll, TcpClientExtensions.MessageLoopAsync: Polling on remoteEndPoint: [::ffff:127.0.0.1]:61660 localEndPoint: [::ffff:127.0.0.1]:61661
TpTrace Information: 0 : 9644, 5, 2020/12/01, 00:25:02.717, 1270148306563, testhost.dll, TestPluginManager.CreateTestExtension: Attempting to load test extension: Microsoft.VisualStudio.TestPlatform.MSTest.TestAdapter.MSTestExecutor
TpTrace Verbose: 0 : 9644, 5, 2020/12/01, 00:25:02.723, 1270148371787, testhost.dll, TestExecutorExtensionManager: Loading executor Microsoft.VisualStudio.TestPlatform.MSTest.TestAdapter.MSTestExecutor
TpTrace Verbose: 0 : 9644, 5, 2020/12/01, 00:25:02.724, 1270148373629, testhost.dll, TestExecutorService: Loaded the executors
TpTrace Verbose: 0 : 9644, 5, 2020/12/01, 00:25:02.725, 1270148389785, testhost.dll, TestPluginCache.DiscoverTestExtensions: finding test extensions in assemblies endswith: TestAdapter.dll TPluginInfo: Microsoft.VisualStudio.TestPlatform.Common.ExtensionFramework.Utilities.TestSettingsProviderPluginInformation TExtension: Microsoft.VisualStudio.TestPlatform.ObjectModel.Adapter.ISettingsProvider
TpTrace Verbose: 0 : 9644, 5, 2020/12/01, 00:25:02.726, 1270148395788, testhost.dll, TestPluginCache.GetExtensionPaths: Filtered extension paths: 
TpTrace Verbose: 0 : 9644, 5, 2020/12/01, 00:25:02.726, 1270148397248, testhost.dll, TestPluginCache.GetExtensionPaths: Added default extension paths: C:\Users\Korisnik\Documents\VVSzadaca2\eParking\Unit Testovi\bin\Debug\fine-code-coverage\Microsoft.VisualStudio.TestPlatform.MSTest.TestAdapter.dll
TpTrace Verbose: 0 : 9644, 5, 2020/12/01, 00:25:02.726, 1270148398411, testhost.dll, TestPluginCache.GetExtensionPaths: Added unfilterableExtensionPaths: 
TpTrace Information: 0 : 9644, 5, 2020/12/01, 00:25:02.726, 1270148402185, testhost.dll, AssemblyResolver.AddSearchDirectories: Adding more searchDirectories C:\Users\Korisnik\Documents\VVSzadaca2\eParking\Unit Testovi\bin\Debug\fine-code-coverage
TpTrace Verbose: 0 : 9644, 5, 2020/12/01, 00:25:02.727, 1270148403697, testhost.dll, TestPluginCache.DiscoverTestExtensions: Discovering the extensions using extension path.
TpTrace Verbose: 0 : 9644, 5, 2020/12/01, 00:25:02.727, 1270148404888, testhost.dll, TestPluginCache.GetExtensionPaths: Filtered extension paths: 
TpTrace Verbose: 0 : 9644, 5, 2020/12/01, 00:25:02.727, 1270148405995, testhost.dll, TestPluginCache.GetExtensionPaths: Added default extension paths: C:\Users\Korisnik\Documents\VVSzadaca2\eParking\Unit Testovi\bin\Debug\fine-code-coverage\Microsoft.VisualStudio.TestPlatform.MSTest.TestAdapter.dll
TpTrace Verbose: 0 : 9644, 5, 2020/12/01, 00:25:02.727, 1270148407075, testhost.dll, TestPluginCache.GetExtensionPaths: Added unfilterableExtensionPaths: 
TpTrace Verbose: 0 : 9644, 5, 2020/12/01, 00:25:02.727, 1270148408235, testhost.dll, TestPluginCache.DiscoverTestExtensions: Discovering the extensions using allExtensionPaths: C:\Users\Korisnik\Documents\VVSzadaca2\eParking\Unit Testovi\bin\Debug\fine-code-coverage\Microsoft.VisualStudio.TestPlatform.MSTest.TestAdapter.dll
TpTrace Information: 0 : 9644, 5, 2020/12/01, 00:25:02.727, 1270148409638, testhost.dll, AssemblyResolver.AddSearchDirectories: Adding more searchDirectories C:\Users\Korisnik\Documents\VVSzadaca2\eParking\Unit Testovi\bin\Debug\fine-code-coverage
TpTrace Verbose: 0 : 9644, 5, 2020/12/01, 00:25:02.728, 1270148415492, testhost.dll, TestPluginCache: Discovered the extensions using extension path ''.
TpTrace Verbose: 0 : 9644, 5, 2020/12/01, 00:25:02.728, 1270148416842, testhost.dll, TestPluginCache: Discoverers are ''.
TpTrace Verbose: 0 : 9644, 5, 2020/12/01, 00:25:02.728, 1270148418202, testhost.dll, TestPluginCache: Executors are 'executor://MSTestAdapter/v2'.
TpTrace Verbose: 0 : 9644, 5, 2020/12/01, 00:25:02.728, 1270148419868, testhost.dll, TestPluginCache: Setting providers are ''.
TpTrace Verbose: 0 : 9644, 5, 2020/12/01, 00:25:02.728, 1270148421031, testhost.dll, TestPluginCache: Loggers are ''.
TpTrace Verbose: 0 : 9644, 5, 2020/12/01, 00:25:02.730, 1270148438067, testhost.dll, TestExecutorService: Loaded the settings providers
TpTrace Information: 0 : 9644, 5, 2020/12/01, 00:25:02.730, 1270148439627, testhost.dll, TestExecutorService: Loaded the extensions
TpTrace Information: 0 : 9644, 5, 2020/12/01, 00:25:02.864, 1270149773908, testhost.dll, TestDiscoveryManager: Discovering tests from sources C:\Users\Korisnik\Documents\VVSzadaca2\eParking\Unit Testovi\bin\Debug\fine-code-coverage\Unit Testovi.dll
TpTrace Verbose: 0 : 9644, 5, 2020/12/01, 00:25:02.867, 1270149812234, testhost.dll, TestPluginCache.DiscoverTestExtensions: finding test extensions in assemblies endswith: TestAdapter.dll TPluginInfo: Microsoft.VisualStudio.TestPlatform.Common.ExtensionFramework.Utilities.TestDiscovererPluginInformation TExtension: Microsoft.VisualStudio.TestPlatform.ObjectModel.Adapter.ITestDiscoverer
TpTrace Verbose: 0 : 9644, 5, 2020/12/01, 00:25:02.868, 1270149815321, testhost.dll, TestPluginCache.GetExtensionPaths: Filtered extension paths: 
TpTrace Verbose: 0 : 9644, 5, 2020/12/01, 00:25:02.868, 1270149816815, testhost.dll, TestPluginCache.GetExtensionPaths: Added default extension paths: C:\Users\Korisnik\Documents\VVSzadaca2\eParking\Unit Testovi\bin\Debug\fine-code-coverage\Microsoft.VisualStudio.TestPlatform.MSTest.TestAdapter.dll
TpTrace Verbose: 0 : 9644, 5, 2020/12/01, 00:25:02.868, 1270149818022, testhost.dll, TestPluginCache.GetExtensionPaths: Added unfilterableExtensionPaths: 
TpTrace Information: 0 : 9644, 5, 2020/12/01, 00:25:02.868, 1270149821252, testhost.dll, AssemblyResolver.AddSearchDirectories: Adding more searchDirectories C:\Users\Korisnik\Documents\VVSzadaca2\eParking\Unit Testovi\bin\Debug\fine-code-coverage
TpTrace Verbose: 0 : 9644, 5, 2020/12/01, 00:25:02.868, 1270149822747, testhost.dll, TestPluginCache.DiscoverTestExtensions: Discovering the extensions using extension path.
TpTrace Verbose: 0 : 9644, 5, 2020/12/01, 00:25:02.869, 1270149823966, testhost.dll, TestPluginCache.GetExtensionPaths: Filtered extension paths: 
TpTrace Verbose: 0 : 9644, 5, 2020/12/01, 00:25:02.869, 1270149825071, testhost.dll, TestPluginCache.GetExtensionPaths: Added default extension paths: C:\Users\Korisnik\Documents\VVSzadaca2\eParking\Unit Testovi\bin\Debug\fine-code-coverage\Microsoft.VisualStudio.TestPlatform.MSTest.TestAdapter.dll
TpTrace Verbose: 0 : 9644, 5, 2020/12/01, 00:25:02.869, 1270149826153, testhost.dll, TestPluginCache.GetExtensionPaths: Added unfilterableExtensionPaths: 
TpTrace Verbose: 0 : 9644, 5, 2020/12/01, 00:25:02.869, 1270149827320, testhost.dll, TestPluginCache.DiscoverTestExtensions: Discovering the extensions using allExtensionPaths: C:\Users\Korisnik\Documents\VVSzadaca2\eParking\Unit Testovi\bin\Debug\fine-code-coverage\Microsoft.VisualStudio.TestPlatform.MSTest.TestAdapter.dll
TpTrace Information: 0 : 9644, 5, 2020/12/01, 00:25:02.869, 1270149828859, testhost.dll, AssemblyResolver.AddSearchDirectories: Adding more searchDirectories C:\Users\Korisnik\Documents\VVSzadaca2\eParking\Unit Testovi\bin\Debug\fine-code-coverage
TpTrace Verbose: 0 : 9644, 5, 2020/12/01, 00:25:02.874, 1270149873866, testhost.dll, TestPluginCache: Discovered the extensions using extension path ''.
TpTrace Verbose: 0 : 9644, 5, 2020/12/01, 00:25:02.874, 1270149876046, testhost.dll, TestPluginCache: Discoverers are 'Microsoft.VisualStudio.TestPlatform.MSTest.TestAdapter.MSTestDiscoverer, Microsoft.VisualStudio.TestPlatform.MSTest.TestAdapter, Version=14.0.0.0, Culture=neutral, PublicKeyToken=b03f5f7f11d50a3a'.
TpTrace Verbose: 0 : 9644, 5, 2020/12/01, 00:25:02.874, 1270149877403, testhost.dll, TestPluginCache: Executors are 'executor://MSTestAdapter/v2'.
TpTrace Verbose: 0 : 9644, 5, 2020/12/01, 00:25:02.874, 1270149878565, testhost.dll, TestPluginCache: Setting providers are ''.
TpTrace Verbose: 0 : 9644, 5, 2020/12/01, 00:25:02.874, 1270149880170, testhost.dll, TestPluginCache: Loggers are ''.
TpTrace Verbose: 0 : 9644, 5, 2020/12/01, 00:25:02.885, 1270149992212, testhost.dll, BaseRunTests.RunTestInternalWithExecutors: Running tests for executor://MSTestAdapter/v2
TpTrace Information: 0 : 9644, 5, 2020/12/01, 00:25:02.998, 1270151121320, testhost.dll, AssemblyResolver.OnResolve: Microsoft.VisualStudio.TestPlatform.MSTestAdapter.PlatformServices.resources: Resolving assembly.
TpTrace Information: 0 : 9644, 5, 2020/12/01, 00:25:02.999, 1270151126220, testhost.dll, AssemblyResolver.OnResolve: Microsoft.VisualStudio.TestPlatform.MSTestAdapter.PlatformServices.resources: Failed to load assembly.
TpTrace Information: 0 : 9644, 5, 2020/12/01, 00:25:03.000, 1270151133506, testhost.dll, AssemblyResolver.OnResolve: Microsoft.VisualStudio.TestPlatform.MSTestAdapter.PlatformServices.resources: Resolving assembly.
TpTrace Information: 0 : 9644, 5, 2020/12/01, 00:25:03.000, 1270151135187, testhost.dll, AssemblyResolver.OnResolve: Microsoft.VisualStudio.TestPlatform.MSTestAdapter.PlatformServices.resources: Resolved from cache.
TpTrace Verbose: 0 : 9644, 5, 2020/12/01, 00:25:03.035, 1270151485287, testhost.dll, TestExecutionRecorder.RecordStart: Starting test: Unit_Testovi.NoviTestovi.TestZamjenskiObjekat.
TpTrace Information: 0 : 9644, 5, 2020/12/01, 00:25:03.253, 1270153665269, testhost.dll, AssemblyResolver.OnResolve: Microsoft.VisualStudio.TestPlatform.MSTest.TestAdapter.resources: Resolving assembly.
TpTrace Information: 0 : 9644, 5, 2020/12/01, 00:25:03.253, 1270153669836, testhost.dll, AssemblyResolver.OnResolve: Microsoft.VisualStudio.TestPlatform.MSTest.TestAdapter.resources: Failed to load assembly.
TpTrace Verbose: 0 : 9644, 5, 2020/12/01, 00:25:03.324, 1270154375065, testhost.dll, TestExecutionRecorder.RecordEnd: test: Unit_Testovi.NoviTestovi.TestZamjenskiObjekat execution completed.
TpTrace Verbose: 0 : 9644, 5, 2020/12/01, 00:25:03.361, 1270154751625, testhost.dll, TestExecutionRecorder.RecordResult: Received result for test: Unit_Testovi.NoviTestovi.TestZamjenskiObjekat.
TpTrace Warning: 0 : 9644, 5, 2020/12/01, 00:25:03.375, 1270154884428, testhost.dll, InProgressTests is null
TpTrace Warning: 0 : 9644, 5, 2020/12/01, 00:25:03.382, 1270154956279, testhost.dll, TestRunCache: No test found corresponding to testResult 'TestZamjenskiObjekat  Failed
  Message: Test method Unit_Testovi.NoviTestovi.TestZamjenskiObjekat threw exception: 
System.NotImplementedException: The method or operation is not implemented.
  StackTrace:
    at eParking.Transakcija.DajVrijemeDolaska(Vozilo vozilo) in C:\Users\Korisnik\Documents\VVSzadaca2\eParking\eParking\Transakcija.cs:line 16
   at eParking.Parking.OslobodiParkingMjesto(ITransakcija transakcija, Clan c) in C:\Users\Korisnik\Documents\VVSzadaca2\eParking\eParking\Parking.cs:line 130
   at Unit_Testovi.NoviTestovi.TestZamjenskiObjekat() in C:\Users\Korisnik\Documents\VVSzadaca2\eParking\Unit Testovi\NoviTestovi.cs:line 26
' in inProgress list.
TpTrace Verbose: 0 : 9644, 5, 2020/12/01, 00:25:03.382, 1270154962200, testhost.dll, TestExecutionRecorder.RecordStart: Starting test: Unit_Testovi.NoviTestovi.TestZaradaJednaUlica.
TpTrace Verbose: 0 : 9644, 5, 2020/12/01, 00:25:03.392, 1270155055111, testhost.dll, TestExecutionRecorder.RecordEnd: test: Unit_Testovi.NoviTestovi.TestZaradaJednaUlica execution completed.
TpTrace Verbose: 0 : 9644, 5, 2020/12/01, 00:25:03.395, 1270155086745, testhost.dll, TestExecutionRecorder.RecordResult: Received result for test: Unit_Testovi.NoviTestovi.TestZaradaJednaUlica.
TpTrace Warning: 0 : 9644, 5, 2020/12/01, 00:25:03.395, 1270155089998, testhost.dll, InProgressTests is null
TpTrace Warning: 0 : 9644, 5, 2020/12/01, 00:25:03.396, 1270155093613, testhost.dll, TestRunCache: No test found corresponding to testResult 'TestZaradaJednaUlica  Passed' in inProgress list.
TpTrace Verbose: 0 : 9644, 5, 2020/12/01, 00:25:03.396, 1270155095214, testhost.dll, TestExecutionRecorder.RecordStart: Starting test: Unit_Testovi.NoviTestovi.TestZaradaVišeUlica.
TpTrace Verbose: 0 : 9644, 5, 2020/12/01, 00:25:03.402, 1270155153567, testhost.dll, TestExecutionRecorder.RecordEnd: test: Unit_Testovi.NoviTestovi.TestZaradaVišeUlica execution completed.
TpTrace Verbose: 0 : 9644, 5, 2020/12/01, 00:25:03.404, 1270155181172, testhost.dll, TestExecutionRecorder.RecordResult: Received result for test: Unit_Testovi.NoviTestovi.TestZaradaVišeUlica.
TpTrace Warning: 0 : 9644, 5, 2020/12/01, 00:25:03.405, 1270155183930, testhost.dll, InProgressTests is null
TpTrace Warning: 0 : 9644, 5, 2020/12/01, 00:25:03.405, 1270155186064, testhost.dll, TestRunCache: No test found corresponding to testResult 'TestZaradaVišeUlica  Passed' in inProgress list.
TpTrace Verbose: 0 : 9644, 5, 2020/12/01, 00:25:03.405, 1270155187999, testhost.dll, TestExecutionRecorder.RecordStart: Starting test: Unit_Testovi.NoviTestovi.TestZaradaIzuzetak.
TpTrace Verbose: 0 : 9644, 5, 2020/12/01, 00:25:03.419, 1270155330110, testhost.dll, TestExecutionRecorder.RecordEnd: test: Unit_Testovi.NoviTestovi.TestZaradaIzuzetak execution completed.
TpTrace Verbose: 0 : 9644, 5, 2020/12/01, 00:25:03.422, 1270155354478, testhost.dll, TestExecutionRecorder.RecordResult: Received result for test: Unit_Testovi.NoviTestovi.TestZaradaIzuzetak.
TpTrace Warning: 0 : 9644, 5, 2020/12/01, 00:25:03.422, 1270155356441, testhost.dll, InProgressTests is null
TpTrace Warning: 0 : 9644, 5, 2020/12/01, 00:25:03.422, 1270155357749, testhost.dll, TestRunCache: No test found corresponding to testResult 'TestZaradaIzuzetak  Passed' in inProgress list.
TpTrace Verbose: 0 : 9644, 5, 2020/12/01, 00:25:03.425, 1270155392667, testhost.dll, BaseRunTests.RunTestInternalWithExecutors: Completed running tests for executor://MSTestAdapter/v2
TpTrace Information: 0 : 9644, 5, 2020/12/01, 00:25:03.434, 1270155479107, testhost.dll, Sending test run complete
TpTrace Verbose: 0 : 9644, 5, 2020/12/01, 00:25:03.501, 1270156146705, testhost.dll, TestRequestHandler.SendData:  sending data from testhost: {"Version":2,"MessageType":"TestExecution.Completed","Payload":{"TestRunCompleteArgs":{"TestRunStatistics":{"ExecutedTests":4,"Stats":{"Failed":1,"Passed":3}},"IsCanceled":false,"IsAborted":false,"Error":null,"AttachmentSets":[],"ElapsedTimeInRunningTests":"00:00:00.5484371","Metrics":{}},"LastRunTests":{"NewTestResults":[{"TestCase":{"Id":"aef9dec6-1181-fac1-2596-b31421e8da47","FullyQualifiedName":"Unit_Testovi.NoviTestovi.TestZamjenskiObjekat","DisplayName":"TestZamjenskiObjekat","ExecutorUri":"executor://MSTestAdapter/v2","Source":"C:\\Users\\Korisnik\\Documents\\VVSzadaca2\\eParking\\Unit Testovi\\bin\\Debug\\fine-code-coverage\\Unit Testovi.dll","CodeFilePath":null,"LineNumber":-1,"Properties":[{"Key":{"Id":"MSTestDiscoverer.TestClassName","Label":"ClassName","Category":"","Description":"","Attributes":1,"ValueType":"System.String"},"Value":"Unit_Testovi.NoviTestovi"},{"Key":{"Id":"TestObject.Traits","Label":"Traits","Category":"","Description":"","Attributes":5,"ValueType":"System.Collections.Generic.KeyValuePair`2[[System.String],[System.String]][]"},"Value":[]}]},"Attachments":[],"Outcome":2,"ErrorMessage":"Test method Unit_Testovi.NoviTestovi.TestZamjenskiObjekat threw exception: \r\nSystem.NotImplementedException: The method or operation is not implemented.","ErrorStackTrace":"    at eParking.Transakcija.DajVrijemeDolaska(Vozilo vozilo) in C:\\Users\\Korisnik\\Documents\\VVSzadaca2\\eParking\\eParking\\Transakcija.cs:line 16\r\n   at eParking.Parking.OslobodiParkingMjesto(ITransakcija transakcija, Clan c) in C:\\Users\\Korisnik\\Documents\\VVSzadaca2\\eParking\\eParking\\Parking.cs:line 130\r\n   at Unit_Testovi.NoviTestovi.TestZamjenskiObjekat() in C:\\Users\\Korisnik\\Documents\\VVSzadaca2\\eParking\\Unit Testovi\\NoviTestovi.cs:line 26\r\n","DisplayName":null,"Messages":[],"ComputerName":null,"Duration":"00:00:00.0717476","StartTime":"2020-12-01T00:25:03.1776389+01:00","EndTime":"2020-12-01T00:25:03.3142122+01:00","Properties":[{"Key":{"Id":"ExecutionId","Label":"ExecutionId","Category":"","Description":"","Attributes":1,"ValueType":"System.Guid"},"Value":"00000000-0000-0000-0000-000000000000"},{"Key":{"Id":"ParentExecId","Label":"ParentExecId","Category":"","Description":"","Attributes":1,"ValueType":"System.Guid"},"Value":"00000000-0000-0000-0000-000000000000"},{"Key":{"Id":"InnerResultsCount","Label":"InnerResultsCount","Category":"","Description":"","Attributes":1,"ValueType":"System.Int32"},"Value":0}]},{"TestCase":{"Id":"a8dca9e6-8dfc-7e57-c23e-5c068592f412","FullyQualifiedName":"Unit_Testovi.NoviTestovi.TestZaradaJednaUlica","DisplayName":"TestZaradaJednaUlica","ExecutorUri":"executor://MSTestAdapter/v2","Source":"C:\\Users\\Korisnik\\Documents\\VVSzadaca2\\eParking\\Unit Testovi\\bin\\Debug\\fine-code-coverage\\Unit Testovi.dll","CodeFilePath":null,"LineNumber":-1,"Properties":[{"Key":{"Id":"MSTestDiscoverer.TestClassName","Label":"ClassName","Category":"","Description":"","Attributes":1,"ValueType":"System.String"},"Value":"Unit_Testovi.NoviTestovi"},{"Key":{"Id":"TestObject.Traits","Label":"Traits","Category":"","Description":"","Attributes":5,"ValueType":"System.Collections.Generic.KeyValuePair`2[[System.String],[System.String]][]"},"Value":[]}]},"Attachments":[],"Outcome":1,"ErrorMessage":null,"ErrorStackTrace":null,"DisplayName":null,"Messages":[],"ComputerName":null,"Duration":"00:00:00.0056633","StartTime":"2020-12-01T00:25:03.3859283+01:00","EndTime":"2020-12-01T00:25:03.3921617+01:00","Properties":[{"Key":{"Id":"ExecutionId","Label":"ExecutionId","Category":"","Description":"","Attributes":1,"ValueType":"System.Guid"},"Value":"00000000-0000-0000-0000-000000000000"},{"Key":{"Id":"ParentExecId","Label":"ParentExecId","Category":"","Description":"","Attributes":1,"ValueType":"System.Guid"},"Value":"00000000-0000-0000-0000-000000000000"},{"Key":{"Id":"InnerResultsCount","Label":"InnerResultsCount","Category":"","Description":"","Attributes":1,"ValueType":"System.Int32"},"Value":0}]},{"TestCase":{"Id":"ca1feca8-37cf-3c7e-a2cd-519c06c5a2f3","FullyQualifiedName":"Unit_Testovi.NoviTestovi.TestZaradaVišeUlica","DisplayName":"TestZaradaVišeUlica","ExecutorUri":"executor://MSTestAdapter/v2","Source":"C:\\Users\\Korisnik\\Documents\\VVSzadaca2\\eParking\\Unit Testovi\\bin\\Debug\\fine-code-coverage\\Unit Testovi.dll","CodeFilePath":null,"LineNumber":-1,"Properties":[{"Key":{"Id":"MSTestDiscoverer.TestClassName","Label":"ClassName","Category":"","Description":"","Attributes":1,"ValueType":"System.String"},"Value":"Unit_Testovi.NoviTestovi"},{"Key":{"Id":"TestObject.Traits","Label":"Traits","Category":"","Description":"","Attributes":5,"ValueType":"System.Collections.Generic.KeyValuePair`2[[System.String],[System.String]][]"},"Value":[]}]},"Attachments":[],"Outcome":1,"ErrorMessage":null,"ErrorStackTrace":null,"DisplayName":null,"Messages":[],"ComputerName":null,"Duration":"00:00:00.0014201","StartTime":"2020-12-01T00:25:03.4003596+01:00","EndTime":"2020-12-01T00:25:03.4020241+01:00","Properties":[{"Key":{"Id":"ExecutionId","Label":"ExecutionId","Category":"","Description":"","Attributes":1,"ValueType":"System.Guid"},"Value":"00000000-0000-0000-0000-000000000000"},{"Key":{"Id":"ParentExecId","Label":"ParentExecId","Category":"","Description":"","Attributes":1,"ValueType":"System.Guid"},"Value":"00000000-0000-0000-0000-000000000000"},{"Key":{"Id":"InnerResultsCount","Label":"InnerResultsCount","Category":"","Description":"","Attributes":1,"ValueType":"System.Int32"},"Value":0}]},{"TestCase":{"Id":"33f89b9a-9740-f7af-d21f-c1531cf06b05","FullyQualifiedName":"Unit_Testovi.NoviTestovi.TestZaradaIzuzetak","DisplayName":"TestZaradaIzuzetak","ExecutorUri":"executor://MSTestAdapter/v2","Source":"C:\\Users\\Korisnik\\Documents\\VVSzadaca2\\eParking\\Unit Testovi\\bin\\Debug\\fine-code-coverage\\Unit Testovi.dll","CodeFilePath":null,"LineNumber":-1,"Properties":[{"Key":{"Id":"MSTestDiscoverer.TestClassName","Label":"ClassName","Category":"","Description":"","Attributes":1,"ValueType":"System.String"},"Value":"Unit_Testovi.NoviTestovi"},{"Key":{"Id":"TestObject.Traits","Label":"Traits","Category":"","Description":"","Attributes":5,"ValueType":"System.Collections.Generic.KeyValuePair`2[[System.String],[System.String]][]"},"Value":[]}]},"Attachments":[],"Outcome":1,"ErrorMessage":null,"ErrorStackTrace":null,"DisplayName":null,"Messages":[],"ComputerName":null,"Duration":"00:00:00.0033437","StartTime":"2020-12-01T00:25:03.4157531+01:00","EndTime":"2020-12-01T00:25:03.4196686+01:00","Properties":[{"Key":{"Id":"ExecutionId","Label":"ExecutionId","Category":"","Description":"","Attributes":1,"ValueType":"System.Guid"},"Value":"00000000-0000-0000-0000-000000000000"},{"Key":{"Id":"ParentExecId","Label":"ParentExecId","Category":"","Description":"","Attributes":1,"ValueType":"System.Guid"},"Value":"00000000-0000-0000-0000-000000000000"},{"Key":{"Id":"InnerResultsCount","Label":"InnerResultsCount","Category":"","Description":"","Attributes":1,"ValueType":"System.Int32"},"Value":0}]}],"TestRunStatistics":{"ExecutedTests":4,"Stats":{"Failed":1,"Passed":3}},"ActiveTests":[]},"RunAttachments":[],"ExecutorUris":["executor://mstestadapter/v2"]}}
TpTrace Verbose: 0 : 9644, 5, 2020/12/01, 00:25:03.502, 1270156156893, testhost.dll, BaseRunTests.RunTests: Run is complete.
TpTrace Verbose: 0 : 9644, 4, 2020/12/01, 00:25:03.504, 1270156176849, testhost.dll, TcpClientExtensions.MessageLoopAsync: NotifyDataAvailable remoteEndPoint: [::ffff:127.0.0.1]:61660 localEndPoint: [::ffff:127.0.0.1]:61661
TpTrace Information: 0 : 9644, 4, 2020/12/01, 00:25:03.504, 1270156179498, testhost.dll, TestRequestHandler.ProcessRequests: received message: (TestSession.Terminate) -> null
TpTrace Information: 0 : 9644, 4, 2020/12/01, 00:25:03.504, 1270156180735, testhost.dll, Session End message received from server. Closing the connection.
TpTrace Information: 0 : 9644, 4, 2020/12/01, 00:25:03.505, 1270156187216, testhost.dll, SocketClient.Stop: Stop communication from server endpoint: 127.0.0.1:061660
TpTrace Information: 0 : 9644, 4, 2020/12/01, 00:25:03.505, 1270156188748, testhost.dll, SocketClient: Stop: Cancellation requested. Stopping message loop.
TpTrace Verbose: 0 : 9644, 4, 2020/12/01, 00:25:03.506, 1270156196135, testhost.dll, LengthPrefixCommunicationChannel.Dispose: Dispose reader and writer.
TpTrace Information: 0 : 9644, 4, 2020/12/01, 00:25:03.506, 1270156197929, testhost.dll, Closing the connection !
TpTrace Information: 0 : 9644, 1, 2020/12/01, 00:25:03.506, 1270156199629, testhost.dll, Closing the connection !
TpTrace Information: 0 : 9644, 1, 2020/12/01, 00:25:03.506, 1270156201419, testhost.dll, SocketClient.Stop: Stop communication from server endpoint: 127.0.0.1:061660
TpTrace Information: 0 : 9644, 1, 2020/12/01, 00:25:03.506, 1270156202723, testhost.dll, SocketClient: Stop: Cancellation requested. Stopping message loop.
TpTrace Information: 0 : 9644, 4, 2020/12/01, 00:25:03.506, 1270156202971, testhost.dll, SocketClient.PrivateStop: Stop communication from server endpoint: 127.0.0.1:061660, error:
TpTrace Verbose: 0 : 9644, 1, 2020/12/01, 00:25:03.507, 1270156203986, testhost.dll, LengthPrefixCommunicationChannel.Dispose: Dispose reader and writer.
TpTrace Verbose: 0 : 9644, 4, 2020/12/01, 00:25:03.507, 1270156206727, testhost.dll, LengthPrefixCommunicationChannel.Dispose: Dispose reader and writer.
TpTrace Information: 0 : 9644, 1, 2020/12/01, 00:25:03.507, 1270156208637, testhost.dll, Testhost process exiting.
TpTrace Verbose: 0 : 9644, 4, 2020/12/01, 00:25:03.507, 1270156209418, testhost.dll, TcpClientExtensions.MessageLoopAsync: exiting MessageLoopAsync remoteEndPoint: [::ffff:127.0.0.1]:61660 localEndPoint: [::ffff:127.0.0.1]:61661
