TpTrace Information: 0 : 6532, 1, 2020/12/01, 00:29:32.956, 1272850794499, testhost.dll, DefaultEngineInvoker.Invoke: Testhost process started with args :[--port, 61834],[--endpoint, 127.0.0.1:061834],[--role, client],[--parentprocessid, 1576],[--diag, C:\Users\Korisnik\Documents\VVSzadaca2\eParking\Unit Testovi\bin\Debug\fine-code-coverage\_outputfolder\diagnostics.host.20-12-01_00-29-32_50795_4.log],[--tracelevel, 4],[--datacollectionport, 61833],[--telemetryoptedin, false]
TpTrace Information: 0 : 6532, 1, 2020/12/01, 00:29:32.971, 1272850852146, testhost.dll, DefaultEngineInvoker.SetParentProcessExitCallback: Monitoring parent process with id: '1576'
TpTrace Information: 0 : 6532, 1, 2020/12/01, 00:29:32.990, 1272851038651, testhost.dll, DefaultEngineInvoker.GetConnectionInfo: Initialize communication on endpoint address: '127.0.0.1:061834'
TpTrace Information: 0 : 6532, 1, 2020/12/01, 00:29:33.025, 1272851383972, testhost.dll, SocketClient.Start: connecting to server endpoint: 127.0.0.1:061834
TpTrace Information: 0 : 6532, 1, 2020/12/01, 00:29:33.037, 1272851504169, testhost.dll, DefaultEngineInvoker.ConnectToDatacollector: Connecting to datacollector, port: 61833
TpTrace Information: 0 : 6532, 5, 2020/12/01, 00:29:33.041, 1272851544431, testhost.dll, SocketClient.OnServerConnected: connected to server endpoint: 127.0.0.1:061834
TpTrace Information: 0 : 6532, 1, 2020/12/01, 00:29:33.045, 1272851589911, testhost.dll, Trying to connect to server on socket : 127.0.0.1:61833 
TpTrace Verbose: 0 : 6532, 5, 2020/12/01, 00:29:33.046, 1272851595973, testhost.dll, Connected to server, and starting MessageLoopAsync
TpTrace Verbose: 0 : 6532, 1, 2020/12/01, 00:29:33.046, 1272851600199, testhost.dll, SocketCommunicationManager : SetupClientAsync : Attempting to connect to the server.
TpTrace Information: 0 : 6532, 1, 2020/12/01, 00:29:33.048, 1272851614367, testhost.dll, Connected to the server successfully 
TpTrace Information: 0 : 6532, 1, 2020/12/01, 00:29:33.048, 1272851617097, testhost.dll, Using the buffer size of 16384 bytes
TpTrace Information: 0 : 6532, 1, 2020/12/01, 00:29:33.050, 1272851636517, testhost.dll, DefaultEngineInvoker.Invoke: Start Request Processing.
TpTrace Information: 0 : 6532, 11, 2020/12/01, 00:29:33.052, 1272851655296, testhost.dll, DefaultEngineInvoker.StartProcessingAsync: Connected to vstest.console, Starting process requests.
TpTrace Verbose: 0 : 6532, 9, 2020/12/01, 00:29:33.053, 1272851668240, testhost.dll, TcpClientExtensions.MessageLoopAsync: Polling on remoteEndPoint: [::ffff:127.0.0.1]:61834 localEndPoint: [::ffff:127.0.0.1]:61836
TpTrace Verbose: 0 : 6532, 9, 2020/12/01, 00:29:33.054, 1272851674412, testhost.dll, TcpClientExtensions.MessageLoopAsync: NotifyDataAvailable remoteEndPoint: [::ffff:127.0.0.1]:61834 localEndPoint: [::ffff:127.0.0.1]:61836
TpTrace Information: 0 : 6532, 9, 2020/12/01, 00:29:33.401, 1272855151318, testhost.dll, TestRequestHandler.ProcessRequests: received message: (ProtocolVersion) -> 3
TpTrace Verbose: 0 : 6532, 9, 2020/12/01, 00:29:33.486, 1272856001145, testhost.dll, TestRequestHandler.SendData:  sending data from testhost: {"Version":2,"MessageType":"TestSession.Message","Payload":{"MessageLevel":0,"Message":"Logging TestHost Diagnostics in file: C:\\Users\\Korisnik\\Documents\\VVSzadaca2\\eParking\\Unit Testovi\\bin\\Debug\\fine-code-coverage\\_outputfolder\\diagnostics.host.20-12-01_00-29-32_50795_4.log"}}
TpTrace Verbose: 0 : 6532, 9, 2020/12/01, 00:29:33.487, 1272856007179, testhost.dll, TcpClientExtensions.MessageLoopAsync: Polling on remoteEndPoint: [::ffff:127.0.0.1]:61834 localEndPoint: [::ffff:127.0.0.1]:61836
TpTrace Verbose: 0 : 6532, 9, 2020/12/01, 00:29:33.487, 1272856009848, testhost.dll, TcpClientExtensions.MessageLoopAsync: NotifyDataAvailable remoteEndPoint: [::ffff:127.0.0.1]:61834 localEndPoint: [::ffff:127.0.0.1]:61836
TpTrace Information: 0 : 6532, 9, 2020/12/01, 00:29:33.496, 1272856098049, testhost.dll, TestRequestHandler.ProcessRequests: received message: (TestExecution.Initialize) -> [
  "C:\\Users\\Korisnik\\Documents\\VVSzadaca2\\eParking\\Unit Testovi\\bin\\Debug\\fine-code-coverage\\Microsoft.VisualStudio.TestPlatform.MSTest.TestAdapter.dll"
]
TpTrace Information: 0 : 6532, 9, 2020/12/01, 00:29:33.496, 1272856101763, testhost.dll, Execution Session Initialize.
TpTrace Verbose: 0 : 6532, 9, 2020/12/01, 00:29:33.509, 1272856232870, testhost.dll, TcpClientExtensions.MessageLoopAsync: Polling on remoteEndPoint: [::ffff:127.0.0.1]:61834 localEndPoint: [::ffff:127.0.0.1]:61836
TpTrace Verbose: 0 : 6532, 9, 2020/12/01, 00:29:33.510, 1272856234994, testhost.dll, TcpClientExtensions.MessageLoopAsync: NotifyDataAvailable remoteEndPoint: [::ffff:127.0.0.1]:61834 localEndPoint: [::ffff:127.0.0.1]:61836
TpTrace Verbose: 0 : 6532, 4, 2020/12/01, 00:29:33.514, 1272856277946, testhost.dll, TestExecutorService: Loading the extensions
TpTrace Information: 0 : 6532, 9, 2020/12/01, 00:29:33.515, 1272856288339, testhost.dll, TestRequestHandler.ProcessRequests: received message: (TestExecution.StartWithSources) -> {
  "AdapterSourceMap": {
    "_none_": [
      "C:\\Users\\Korisnik\\Documents\\VVSzadaca2\\eParking\\Unit Testovi\\bin\\Debug\\fine-code-coverage\\Unit Testovi.dll"
    ]
  },
  "RunSettings": "<RunSettings>\r\n  <RunConfiguration>\r\n    <ResultsDirectory>C:\\Users\\Korisnik\\Documents\\VVSzadaca2\\eParking\\Unit Testovi\\bin\\Debug\\fine-code-coverage\\_outputfolder</ResultsDirectory>\r\n    <TargetPlatform>X64</TargetPlatform>\r\n    <TargetFrameworkVersion>.NETCoreApp,Version=v3.1</TargetFrameworkVersion>\r\n    <DesignMode>False</DesignMode>\r\n    <CollectSourceInformation>False</CollectSourceInformation>\r\n  </RunConfiguration>\r\n  <LoggerRunSettings>\r\n    <Loggers>\r\n      <Logger friendlyName=\"blame\" enabled=\"True\" />\r\n      <Logger friendlyName=\"Console\" uri=\"logger://microsoft/TestPlatform/ConsoleLogger/v1\" assemblyQualifiedName=\"Microsoft.VisualStudio.TestPlatform.CommandLine.Internal.ConsoleLogger, vstest.console, Version=15.0.0.0, Culture=neutral, PublicKeyToken=b03f5f7f11d50a3a\" codeBase=\"C:\\Program Files\\dotnet\\sdk\\5.0.100\\vstest.console.dll\" enabled=\"True\" />\r\n    </Loggers>\r\n  </LoggerRunSettings>\r\n  <DataCollectionRunSettings>\r\n    <DataCollectors>\r\n      <DataCollector friendlyName=\"blame\" enabled=\"True\">\r\n        <Configuration>\r\n          <ResultsDirectory>C:\\Users\\Korisnik\\Documents\\VVSzadaca2\\eParking\\Unit Testovi\\bin\\Debug\\fine-code-coverage\\_outputfolder</ResultsDirectory>\r\n        </Configuration>\r\n      </DataCollector>\r\n    </DataCollectors>\r\n  </DataCollectionRunSettings>\r\n</RunSettings>",
  "TestExecutionContext": {
    "FrequencyOfRunStatsChangeEvent": 10,
    "RunStatsChangeEventTimeout": "00:00:01.5000000",
    "InIsolation": false,
    "KeepAlive": false,
    "AreTestCaseLevelEventsRequired": false,
    "IsDebug": false,
    "TestCaseFilter": null,
    "FilterOptions": null
  },
  "Package": null
}
TpTrace Information: 0 : 6532, 9, 2020/12/01, 00:29:33.515, 1272856291167, testhost.dll, Execution started.
TpTrace Verbose: 0 : 6532, 4, 2020/12/01, 00:29:33.517, 1272856309225, testhost.dll, TestPluginCache.DiscoverTestExtensions: finding test extensions in assemblies endswith: TestAdapter.dll TPluginInfo: Microsoft.VisualStudio.TestPlatform.Common.ExtensionFramework.Utilities.TestExecutorPluginInformation TExtension: Microsoft.VisualStudio.TestPlatform.ObjectModel.Adapter.ITestExecutor
TpTrace Verbose: 0 : 6532, 4, 2020/12/01, 00:29:33.519, 1272856328437, testhost.dll, TestPluginCache.GetExtensionPaths: Filtered extension paths: 
TpTrace Verbose: 0 : 6532, 4, 2020/12/01, 00:29:33.520, 1272856339287, testhost.dll, TestPluginCache.GetExtensionPaths: Added default extension paths: C:\Users\Korisnik\Documents\VVSzadaca2\eParking\Unit Testovi\bin\Debug\fine-code-coverage\Microsoft.VisualStudio.TestPlatform.MSTest.TestAdapter.dll
TpTrace Verbose: 0 : 6532, 4, 2020/12/01, 00:29:33.520, 1272856341969, testhost.dll, TestPluginCache.GetExtensionPaths: Added unfilterableExtensionPaths: 
TpTrace Information: 0 : 6532, 4, 2020/12/01, 00:29:33.526, 1272856400590, testhost.dll, AssemblyResolver.ctor: Creating AssemblyResolver with searchDirectories C:\Users\Korisnik\Documents\VVSzadaca2\eParking\Unit Testovi\bin\Debug\fine-code-coverage
TpTrace Verbose: 0 : 6532, 4, 2020/12/01, 00:29:33.531, 1272856450521, testhost.dll, TestPluginCache.DiscoverTestExtensions: Discovering the extensions using extension path.
TpTrace Verbose: 0 : 6532, 4, 2020/12/01, 00:29:33.532, 1272856454301, testhost.dll, TestPluginCache.GetExtensionPaths: Filtered extension paths: 
TpTrace Verbose: 0 : 6532, 4, 2020/12/01, 00:29:33.532, 1272856456442, testhost.dll, TestPluginCache.GetExtensionPaths: Added default extension paths: C:\Users\Korisnik\Documents\VVSzadaca2\eParking\Unit Testovi\bin\Debug\fine-code-coverage\Microsoft.VisualStudio.TestPlatform.MSTest.TestAdapter.dll
TpTrace Verbose: 0 : 6532, 4, 2020/12/01, 00:29:33.532, 1272856458444, testhost.dll, TestPluginCache.GetExtensionPaths: Added unfilterableExtensionPaths: 
TpTrace Verbose: 0 : 6532, 4, 2020/12/01, 00:29:33.532, 1272856461087, testhost.dll, TestPluginCache.DiscoverTestExtensions: Discovering the extensions using allExtensionPaths: C:\Users\Korisnik\Documents\VVSzadaca2\eParking\Unit Testovi\bin\Debug\fine-code-coverage\Microsoft.VisualStudio.TestPlatform.MSTest.TestAdapter.dll
TpTrace Information: 0 : 6532, 4, 2020/12/01, 00:29:33.535, 1272856485489, testhost.dll, AssemblyResolver.AddSearchDirectories: Adding more searchDirectories C:\Users\Korisnik\Documents\VVSzadaca2\eParking\Unit Testovi\bin\Debug\fine-code-coverage
TpTrace Information: 0 : 6532, 4, 2020/12/01, 00:29:33.546, 1272856599147, testhost.dll, AssemblyResolver.OnResolve: Microsoft.VisualStudio.TestPlatform.MSTest.TestAdapter: Resolving assembly.
TpTrace Information: 0 : 6532, 4, 2020/12/01, 00:29:33.550, 1272856634857, testhost.dll, AssemblyResolver.OnResolve: Resolved assembly: Microsoft.VisualStudio.TestPlatform.MSTest.TestAdapter, from path: C:\Users\Korisnik\Documents\VVSzadaca2\eParking\Unit Testovi\bin\Debug\fine-code-coverage\Microsoft.VisualStudio.TestPlatform.MSTest.TestAdapter.dll
TpTrace Information: 0 : 6532, 4, 2020/12/01, 00:29:33.554, 1272856677686, testhost.dll, AssemblyResolver.OnResolve: Microsoft.VisualStudio.TestPlatform.MSTestAdapter.PlatformServices.Interface: Resolving assembly.
TpTrace Information: 0 : 6532, 4, 2020/12/01, 00:29:33.556, 1272856701874, testhost.dll, AssemblyResolver.OnResolve: Resolved assembly: Microsoft.VisualStudio.TestPlatform.MSTestAdapter.PlatformServices.Interface, from path: C:\Users\Korisnik\Documents\VVSzadaca2\eParking\Unit Testovi\bin\Debug\fine-code-coverage\Microsoft.VisualStudio.TestPlatform.MSTestAdapter.PlatformServices.Interface.dll
TpTrace Information: 0 : 6532, 4, 2020/12/01, 00:29:33.557, 1272856709180, testhost.dll, AssemblyResolver.OnResolve: Microsoft.VisualStudio.TestPlatform.MSTestAdapter.PlatformServices: Resolving assembly.
TpTrace Information: 0 : 6532, 4, 2020/12/01, 00:29:33.560, 1272856733838, testhost.dll, AssemblyResolver.OnResolve: Resolved assembly: Microsoft.VisualStudio.TestPlatform.MSTestAdapter.PlatformServices, from path: C:\Users\Korisnik\Documents\VVSzadaca2\eParking\Unit Testovi\bin\Debug\fine-code-coverage\Microsoft.VisualStudio.TestPlatform.MSTestAdapter.PlatformServices.dll
TpTrace Verbose: 0 : 6532, 4, 2020/12/01, 00:29:33.574, 1272856875970, testhost.dll, TestPluginCache: Discovered the extensions using extension path ''.
TpTrace Verbose: 0 : 6532, 4, 2020/12/01, 00:29:33.576, 1272856894317, testhost.dll, TestPluginCache: Discoverers are ''.
TpTrace Verbose: 0 : 6532, 4, 2020/12/01, 00:29:33.576, 1272856897625, testhost.dll, TestPluginCache: Executors are 'executor://MSTestAdapter/v2'.
TpTrace Verbose: 0 : 6532, 4, 2020/12/01, 00:29:33.576, 1272856901198, testhost.dll, TestPluginCache: Setting providers are ''.
TpTrace Verbose: 0 : 6532, 4, 2020/12/01, 00:29:33.577, 1272856905050, testhost.dll, TestPluginCache: Loggers are ''.
TpTrace Verbose: 0 : 6532, 9, 2020/12/01, 00:29:33.579, 1272856924918, testhost.dll, TcpClientExtensions.MessageLoopAsync: Polling on remoteEndPoint: [::ffff:127.0.0.1]:61834 localEndPoint: [::ffff:127.0.0.1]:61836
TpTrace Information: 0 : 6532, 4, 2020/12/01, 00:29:33.587, 1272857010426, testhost.dll, TestPluginManager.CreateTestExtension: Attempting to load test extension: Microsoft.VisualStudio.TestPlatform.MSTest.TestAdapter.MSTestExecutor
TpTrace Verbose: 0 : 6532, 4, 2020/12/01, 00:29:33.594, 1272857080618, testhost.dll, TestExecutorExtensionManager: Loading executor Microsoft.VisualStudio.TestPlatform.MSTest.TestAdapter.MSTestExecutor
TpTrace Verbose: 0 : 6532, 4, 2020/12/01, 00:29:33.594, 1272857082574, testhost.dll, TestExecutorService: Loaded the executors
TpTrace Verbose: 0 : 6532, 4, 2020/12/01, 00:29:33.596, 1272857098222, testhost.dll, TestPluginCache.DiscoverTestExtensions: finding test extensions in assemblies endswith: TestAdapter.dll TPluginInfo: Microsoft.VisualStudio.TestPlatform.Common.ExtensionFramework.Utilities.TestSettingsProviderPluginInformation TExtension: Microsoft.VisualStudio.TestPlatform.ObjectModel.Adapter.ISettingsProvider
TpTrace Verbose: 0 : 6532, 4, 2020/12/01, 00:29:33.597, 1272857103834, testhost.dll, TestPluginCache.GetExtensionPaths: Filtered extension paths: 
TpTrace Verbose: 0 : 6532, 4, 2020/12/01, 00:29:33.597, 1272857105192, testhost.dll, TestPluginCache.GetExtensionPaths: Added default extension paths: C:\Users\Korisnik\Documents\VVSzadaca2\eParking\Unit Testovi\bin\Debug\fine-code-coverage\Microsoft.VisualStudio.TestPlatform.MSTest.TestAdapter.dll
TpTrace Verbose: 0 : 6532, 4, 2020/12/01, 00:29:33.597, 1272857106364, testhost.dll, TestPluginCache.GetExtensionPaths: Added unfilterableExtensionPaths: 
TpTrace Information: 0 : 6532, 4, 2020/12/01, 00:29:33.597, 1272857110162, testhost.dll, AssemblyResolver.AddSearchDirectories: Adding more searchDirectories C:\Users\Korisnik\Documents\VVSzadaca2\eParking\Unit Testovi\bin\Debug\fine-code-coverage
TpTrace Verbose: 0 : 6532, 4, 2020/12/01, 00:29:33.597, 1272857111746, testhost.dll, TestPluginCache.DiscoverTestExtensions: Discovering the extensions using extension path.
TpTrace Verbose: 0 : 6532, 4, 2020/12/01, 00:29:33.597, 1272857112914, testhost.dll, TestPluginCache.GetExtensionPaths: Filtered extension paths: 
TpTrace Verbose: 0 : 6532, 4, 2020/12/01, 00:29:33.598, 1272857114002, testhost.dll, TestPluginCache.GetExtensionPaths: Added default extension paths: C:\Users\Korisnik\Documents\VVSzadaca2\eParking\Unit Testovi\bin\Debug\fine-code-coverage\Microsoft.VisualStudio.TestPlatform.MSTest.TestAdapter.dll
TpTrace Verbose: 0 : 6532, 4, 2020/12/01, 00:29:33.598, 1272857115063, testhost.dll, TestPluginCache.GetExtensionPaths: Added unfilterableExtensionPaths: 
TpTrace Verbose: 0 : 6532, 4, 2020/12/01, 00:29:33.598, 1272857116166, testhost.dll, TestPluginCache.DiscoverTestExtensions: Discovering the extensions using allExtensionPaths: C:\Users\Korisnik\Documents\VVSzadaca2\eParking\Unit Testovi\bin\Debug\fine-code-coverage\Microsoft.VisualStudio.TestPlatform.MSTest.TestAdapter.dll
TpTrace Information: 0 : 6532, 4, 2020/12/01, 00:29:33.598, 1272857117432, testhost.dll, AssemblyResolver.AddSearchDirectories: Adding more searchDirectories C:\Users\Korisnik\Documents\VVSzadaca2\eParking\Unit Testovi\bin\Debug\fine-code-coverage
TpTrace Verbose: 0 : 6532, 4, 2020/12/01, 00:29:33.598, 1272857121865, testhost.dll, TestPluginCache: Discovered the extensions using extension path ''.
TpTrace Verbose: 0 : 6532, 4, 2020/12/01, 00:29:33.599, 1272857123130, testhost.dll, TestPluginCache: Discoverers are ''.
TpTrace Verbose: 0 : 6532, 4, 2020/12/01, 00:29:33.599, 1272857124428, testhost.dll, TestPluginCache: Executors are 'executor://MSTestAdapter/v2'.
TpTrace Verbose: 0 : 6532, 4, 2020/12/01, 00:29:33.599, 1272857126016, testhost.dll, TestPluginCache: Setting providers are ''.
TpTrace Verbose: 0 : 6532, 4, 2020/12/01, 00:29:33.599, 1272857127148, testhost.dll, TestPluginCache: Loggers are ''.
TpTrace Verbose: 0 : 6532, 4, 2020/12/01, 00:29:33.601, 1272857143619, testhost.dll, TestExecutorService: Loaded the settings providers
TpTrace Information: 0 : 6532, 4, 2020/12/01, 00:29:33.601, 1272857145063, testhost.dll, TestExecutorService: Loaded the extensions
TpTrace Information: 0 : 6532, 4, 2020/12/01, 00:29:33.738, 1272858515546, testhost.dll, TestDiscoveryManager: Discovering tests from sources C:\Users\Korisnik\Documents\VVSzadaca2\eParking\Unit Testovi\bin\Debug\fine-code-coverage\Unit Testovi.dll
TpTrace Verbose: 0 : 6532, 4, 2020/12/01, 00:29:33.744, 1272858573253, testhost.dll, TestPluginCache.DiscoverTestExtensions: finding test extensions in assemblies endswith: TestAdapter.dll TPluginInfo: Microsoft.VisualStudio.TestPlatform.Common.ExtensionFramework.Utilities.TestDiscovererPluginInformation TExtension: Microsoft.VisualStudio.TestPlatform.ObjectModel.Adapter.ITestDiscoverer
TpTrace Verbose: 0 : 6532, 4, 2020/12/01, 00:29:33.744, 1272858577237, testhost.dll, TestPluginCache.GetExtensionPaths: Filtered extension paths: 
TpTrace Verbose: 0 : 6532, 4, 2020/12/01, 00:29:33.744, 1272858579137, testhost.dll, TestPluginCache.GetExtensionPaths: Added default extension paths: C:\Users\Korisnik\Documents\VVSzadaca2\eParking\Unit Testovi\bin\Debug\fine-code-coverage\Microsoft.VisualStudio.TestPlatform.MSTest.TestAdapter.dll
TpTrace Verbose: 0 : 6532, 4, 2020/12/01, 00:29:33.744, 1272858580988, testhost.dll, TestPluginCache.GetExtensionPaths: Added unfilterableExtensionPaths: 
TpTrace Information: 0 : 6532, 4, 2020/12/01, 00:29:33.745, 1272858585120, testhost.dll, AssemblyResolver.AddSearchDirectories: Adding more searchDirectories C:\Users\Korisnik\Documents\VVSzadaca2\eParking\Unit Testovi\bin\Debug\fine-code-coverage
TpTrace Verbose: 0 : 6532, 4, 2020/12/01, 00:29:33.745, 1272858587111, testhost.dll, TestPluginCache.DiscoverTestExtensions: Discovering the extensions using extension path.
TpTrace Verbose: 0 : 6532, 4, 2020/12/01, 00:29:33.745, 1272858588944, testhost.dll, TestPluginCache.GetExtensionPaths: Filtered extension paths: 
TpTrace Verbose: 0 : 6532, 4, 2020/12/01, 00:29:33.745, 1272858590706, testhost.dll, TestPluginCache.GetExtensionPaths: Added default extension paths: C:\Users\Korisnik\Documents\VVSzadaca2\eParking\Unit Testovi\bin\Debug\fine-code-coverage\Microsoft.VisualStudio.TestPlatform.MSTest.TestAdapter.dll
TpTrace Verbose: 0 : 6532, 4, 2020/12/01, 00:29:33.745, 1272858592467, testhost.dll, TestPluginCache.GetExtensionPaths: Added unfilterableExtensionPaths: 
TpTrace Verbose: 0 : 6532, 4, 2020/12/01, 00:29:33.746, 1272858594382, testhost.dll, TestPluginCache.DiscoverTestExtensions: Discovering the extensions using allExtensionPaths: C:\Users\Korisnik\Documents\VVSzadaca2\eParking\Unit Testovi\bin\Debug\fine-code-coverage\Microsoft.VisualStudio.TestPlatform.MSTest.TestAdapter.dll
TpTrace Information: 0 : 6532, 4, 2020/12/01, 00:29:33.746, 1272858596549, testhost.dll, AssemblyResolver.AddSearchDirectories: Adding more searchDirectories C:\Users\Korisnik\Documents\VVSzadaca2\eParking\Unit Testovi\bin\Debug\fine-code-coverage
TpTrace Verbose: 0 : 6532, 4, 2020/12/01, 00:29:33.753, 1272858664652, testhost.dll, TestPluginCache: Discovered the extensions using extension path ''.
TpTrace Verbose: 0 : 6532, 4, 2020/12/01, 00:29:33.753, 1272858667542, testhost.dll, TestPluginCache: Discoverers are 'Microsoft.VisualStudio.TestPlatform.MSTest.TestAdapter.MSTestDiscoverer, Microsoft.VisualStudio.TestPlatform.MSTest.TestAdapter, Version=14.0.0.0, Culture=neutral, PublicKeyToken=b03f5f7f11d50a3a'.
TpTrace Verbose: 0 : 6532, 4, 2020/12/01, 00:29:33.753, 1272858669598, testhost.dll, TestPluginCache: Executors are 'executor://MSTestAdapter/v2'.
TpTrace Verbose: 0 : 6532, 4, 2020/12/01, 00:29:33.753, 1272858671429, testhost.dll, TestPluginCache: Setting providers are ''.
TpTrace Verbose: 0 : 6532, 4, 2020/12/01, 00:29:33.754, 1272858673225, testhost.dll, TestPluginCache: Loggers are ''.
TpTrace Verbose: 0 : 6532, 4, 2020/12/01, 00:29:33.767, 1272858810797, testhost.dll, BaseRunTests.RunTestInternalWithExecutors: Running tests for executor://MSTestAdapter/v2
TpTrace Information: 0 : 6532, 4, 2020/12/01, 00:29:33.863, 1272859764325, testhost.dll, AssemblyResolver.OnResolve: Microsoft.VisualStudio.TestPlatform.MSTestAdapter.PlatformServices.resources: Resolving assembly.
TpTrace Information: 0 : 6532, 4, 2020/12/01, 00:29:33.863, 1272859769312, testhost.dll, AssemblyResolver.OnResolve: Microsoft.VisualStudio.TestPlatform.MSTestAdapter.PlatformServices.resources: Failed to load assembly.
TpTrace Information: 0 : 6532, 4, 2020/12/01, 00:29:33.864, 1272859776653, testhost.dll, AssemblyResolver.OnResolve: Microsoft.VisualStudio.TestPlatform.MSTestAdapter.PlatformServices.resources: Resolving assembly.
TpTrace Information: 0 : 6532, 4, 2020/12/01, 00:29:33.864, 1272859778360, testhost.dll, AssemblyResolver.OnResolve: Microsoft.VisualStudio.TestPlatform.MSTestAdapter.PlatformServices.resources: Resolved from cache.
TpTrace Verbose: 0 : 6532, 4, 2020/12/01, 00:29:33.895, 1272860085567, testhost.dll, TestExecutionRecorder.RecordStart: Starting test: Unit_Testovi.NoviTestovi.TestZamjenskiObjekat.
TpTrace Information: 0 : 6532, 4, 2020/12/01, 00:29:34.067, 1272861806159, testhost.dll, AssemblyResolver.OnResolve: Microsoft.VisualStudio.TestPlatform.MSTest.TestAdapter.resources: Resolving assembly.
TpTrace Information: 0 : 6532, 4, 2020/12/01, 00:29:34.067, 1272861810656, testhost.dll, AssemblyResolver.OnResolve: Microsoft.VisualStudio.TestPlatform.MSTest.TestAdapter.resources: Failed to load assembly.
TpTrace Verbose: 0 : 6532, 4, 2020/12/01, 00:29:34.125, 1272862386287, testhost.dll, TestExecutionRecorder.RecordEnd: test: Unit_Testovi.NoviTestovi.TestZamjenskiObjekat execution completed.
TpTrace Verbose: 0 : 6532, 4, 2020/12/01, 00:29:34.151, 1272862651625, testhost.dll, TestExecutionRecorder.RecordResult: Received result for test: Unit_Testovi.NoviTestovi.TestZamjenskiObjekat.
TpTrace Warning: 0 : 6532, 4, 2020/12/01, 00:29:34.158, 1272862718018, testhost.dll, InProgressTests is null
TpTrace Warning: 0 : 6532, 4, 2020/12/01, 00:29:34.161, 1272862751388, testhost.dll, TestRunCache: No test found corresponding to testResult 'TestZamjenskiObjekat  Failed
  Message: Test method Unit_Testovi.NoviTestovi.TestZamjenskiObjekat threw exception: 
System.NotImplementedException: The method or operation is not implemented.
  StackTrace:
    at eParking.Transakcija.DajVrijemeDolaska(Vozilo vozilo) in C:\Users\Korisnik\Documents\VVSzadaca2\eParking\eParking\Transakcija.cs:line 16
   at eParking.Parking.OslobodiParkingMjesto(ITransakcija transakcija, Clan c) in C:\Users\Korisnik\Documents\VVSzadaca2\eParking\eParking\Parking.cs:line 130
   at Unit_Testovi.NoviTestovi.TestZamjenskiObjekat() in C:\Users\Korisnik\Documents\VVSzadaca2\eParking\Unit Testovi\NoviTestovi.cs:line 26
' in inProgress list.
TpTrace Verbose: 0 : 6532, 4, 2020/12/01, 00:29:34.162, 1272862754354, testhost.dll, TestExecutionRecorder.RecordStart: Starting test: Unit_Testovi.NoviTestovi.TestZaradaJednaUlica.
TpTrace Verbose: 0 : 6532, 4, 2020/12/01, 00:29:34.169, 1272862829725, testhost.dll, TestExecutionRecorder.RecordEnd: test: Unit_Testovi.NoviTestovi.TestZaradaJednaUlica execution completed.
TpTrace Verbose: 0 : 6532, 4, 2020/12/01, 00:29:34.171, 1272862851065, testhost.dll, TestExecutionRecorder.RecordResult: Received result for test: Unit_Testovi.NoviTestovi.TestZaradaJednaUlica.
TpTrace Warning: 0 : 6532, 4, 2020/12/01, 00:29:34.172, 1272862853136, testhost.dll, InProgressTests is null
TpTrace Warning: 0 : 6532, 4, 2020/12/01, 00:29:34.172, 1272862856304, testhost.dll, TestRunCache: No test found corresponding to testResult 'TestZaradaJednaUlica  Passed' in inProgress list.
TpTrace Verbose: 0 : 6532, 4, 2020/12/01, 00:29:34.172, 1272862857846, testhost.dll, TestExecutionRecorder.RecordStart: Starting test: Unit_Testovi.NoviTestovi.TestZaradaVišeUlica.
TpTrace Verbose: 0 : 6532, 4, 2020/12/01, 00:29:34.176, 1272862902854, testhost.dll, TestExecutionRecorder.RecordEnd: test: Unit_Testovi.NoviTestovi.TestZaradaVišeUlica execution completed.
TpTrace Verbose: 0 : 6532, 4, 2020/12/01, 00:29:34.186, 1272862995367, testhost.dll, TestExecutionRecorder.RecordResult: Received result for test: Unit_Testovi.NoviTestovi.TestZaradaVišeUlica.
TpTrace Warning: 0 : 6532, 4, 2020/12/01, 00:29:34.186, 1272862997924, testhost.dll, InProgressTests is null
TpTrace Warning: 0 : 6532, 4, 2020/12/01, 00:29:34.186, 1272862999376, testhost.dll, TestRunCache: No test found corresponding to testResult 'TestZaradaVišeUlica  Passed' in inProgress list.
TpTrace Verbose: 0 : 6532, 4, 2020/12/01, 00:29:34.186, 1272863000708, testhost.dll, TestExecutionRecorder.RecordStart: Starting test: Unit_Testovi.NoviTestovi.TestZaradaIzuzetak.
TpTrace Verbose: 0 : 6532, 4, 2020/12/01, 00:29:34.192, 1272863058905, testhost.dll, TestExecutionRecorder.RecordEnd: test: Unit_Testovi.NoviTestovi.TestZaradaIzuzetak execution completed.
TpTrace Verbose: 0 : 6532, 4, 2020/12/01, 00:29:34.194, 1272863078457, testhost.dll, TestExecutionRecorder.RecordResult: Received result for test: Unit_Testovi.NoviTestovi.TestZaradaIzuzetak.
TpTrace Warning: 0 : 6532, 4, 2020/12/01, 00:29:34.194, 1272863080264, testhost.dll, InProgressTests is null
TpTrace Warning: 0 : 6532, 4, 2020/12/01, 00:29:34.194, 1272863081507, testhost.dll, TestRunCache: No test found corresponding to testResult 'TestZaradaIzuzetak  Passed' in inProgress list.
TpTrace Verbose: 0 : 6532, 4, 2020/12/01, 00:29:34.198, 1272863113877, testhost.dll, BaseRunTests.RunTestInternalWithExecutors: Completed running tests for executor://MSTestAdapter/v2
TpTrace Information: 0 : 6532, 4, 2020/12/01, 00:29:34.205, 1272863190165, testhost.dll, Sending test run complete
TpTrace Verbose: 0 : 6532, 4, 2020/12/01, 00:29:34.271, 1272863850037, testhost.dll, TestRequestHandler.SendData:  sending data from testhost: {"Version":2,"MessageType":"TestExecution.Completed","Payload":{"TestRunCompleteArgs":{"TestRunStatistics":{"ExecutedTests":4,"Stats":{"Failed":1,"Passed":3}},"IsCanceled":false,"IsAborted":false,"Error":null,"AttachmentSets":[],"ElapsedTimeInRunningTests":"00:00:00.4376278","Metrics":{}},"LastRunTests":{"NewTestResults":[{"TestCase":{"Id":"aef9dec6-1181-fac1-2596-b31421e8da47","FullyQualifiedName":"Unit_Testovi.NoviTestovi.TestZamjenskiObjekat","DisplayName":"TestZamjenskiObjekat","ExecutorUri":"executor://MSTestAdapter/v2","Source":"C:\\Users\\Korisnik\\Documents\\VVSzadaca2\\eParking\\Unit Testovi\\bin\\Debug\\fine-code-coverage\\Unit Testovi.dll","CodeFilePath":null,"LineNumber":-1,"Properties":[{"Key":{"Id":"MSTestDiscoverer.TestClassName","Label":"ClassName","Category":"","Description":"","Attributes":1,"ValueType":"System.String"},"Value":"Unit_Testovi.NoviTestovi"},{"Key":{"Id":"TestObject.Traits","Label":"Traits","Category":"","Description":"","Attributes":5,"ValueType":"System.Collections.Generic.KeyValuePair`2[[System.String],[System.String]][]"},"Value":[]}]},"Attachments":[],"Outcome":2,"ErrorMessage":"Test method Unit_Testovi.NoviTestovi.TestZamjenskiObjekat threw exception: \r\nSystem.NotImplementedException: The method or operation is not implemented.","ErrorStackTrace":"    at eParking.Transakcija.DajVrijemeDolaska(Vozilo vozilo) in C:\\Users\\Korisnik\\Documents\\VVSzadaca2\\eParking\\eParking\\Transakcija.cs:line 16\r\n   at eParking.Parking.OslobodiParkingMjesto(ITransakcija transakcija, Clan c) in C:\\Users\\Korisnik\\Documents\\VVSzadaca2\\eParking\\eParking\\Parking.cs:line 130\r\n   at Unit_Testovi.NoviTestovi.TestZamjenskiObjekat() in C:\\Users\\Korisnik\\Documents\\VVSzadaca2\\eParking\\Unit Testovi\\NoviTestovi.cs:line 26\r\n","DisplayName":null,"Messages":[],"ComputerName":null,"Duration":"00:00:00.0640225","StartTime":"2020-12-01T00:29:34.0003102+01:00","EndTime":"2020-12-01T00:29:34.1164113+01:00","Properties":[{"Key":{"Id":"ExecutionId","Label":"ExecutionId","Category":"","Description":"","Attributes":1,"ValueType":"System.Guid"},"Value":"00000000-0000-0000-0000-000000000000"},{"Key":{"Id":"ParentExecId","Label":"ParentExecId","Category":"","Description":"","Attributes":1,"ValueType":"System.Guid"},"Value":"00000000-0000-0000-0000-000000000000"},{"Key":{"Id":"InnerResultsCount","Label":"InnerResultsCount","Category":"","Description":"","Attributes":1,"ValueType":"System.Int32"},"Value":0}]},{"TestCase":{"Id":"a8dca9e6-8dfc-7e57-c23e-5c068592f412","FullyQualifiedName":"Unit_Testovi.NoviTestovi.TestZaradaJednaUlica","DisplayName":"TestZaradaJednaUlica","ExecutorUri":"executor://MSTestAdapter/v2","Source":"C:\\Users\\Korisnik\\Documents\\VVSzadaca2\\eParking\\Unit Testovi\\bin\\Debug\\fine-code-coverage\\Unit Testovi.dll","CodeFilePath":null,"LineNumber":-1,"Properties":[{"Key":{"Id":"MSTestDiscoverer.TestClassName","Label":"ClassName","Category":"","Description":"","Attributes":1,"ValueType":"System.String"},"Value":"Unit_Testovi.NoviTestovi"},{"Key":{"Id":"TestObject.Traits","Label":"Traits","Category":"","Description":"","Attributes":5,"ValueType":"System.Collections.Generic.KeyValuePair`2[[System.String],[System.String]][]"},"Value":[]}]},"Attachments":[],"Outcome":1,"ErrorMessage":null,"ErrorStackTrace":null,"DisplayName":null,"Messages":[],"ComputerName":null,"Duration":"00:00:00.0050627","StartTime":"2020-12-01T00:29:34.1642451+01:00","EndTime":"2020-12-01T00:29:34.1696311+01:00","Properties":[{"Key":{"Id":"ExecutionId","Label":"ExecutionId","Category":"","Description":"","Attributes":1,"ValueType":"System.Guid"},"Value":"00000000-0000-0000-0000-000000000000"},{"Key":{"Id":"ParentExecId","Label":"ParentExecId","Category":"","Description":"","Attributes":1,"ValueType":"System.Guid"},"Value":"00000000-0000-0000-0000-000000000000"},{"Key":{"Id":"InnerResultsCount","Label":"InnerResultsCount","Category":"","Description":"","Attributes":1,"ValueType":"System.Int32"},"Value":0}]},{"TestCase":{"Id":"ca1feca8-37cf-3c7e-a2cd-519c06c5a2f3","FullyQualifiedName":"Unit_Testovi.NoviTestovi.TestZaradaVišeUlica","DisplayName":"TestZaradaVišeUlica","ExecutorUri":"executor://MSTestAdapter/v2","Source":"C:\\Users\\Korisnik\\Documents\\VVSzadaca2\\eParking\\Unit Testovi\\bin\\Debug\\fine-code-coverage\\Unit Testovi.dll","CodeFilePath":null,"LineNumber":-1,"Properties":[{"Key":{"Id":"MSTestDiscoverer.TestClassName","Label":"ClassName","Category":"","Description":"","Attributes":1,"ValueType":"System.String"},"Value":"Unit_Testovi.NoviTestovi"},{"Key":{"Id":"TestObject.Traits","Label":"Traits","Category":"","Description":"","Attributes":5,"ValueType":"System.Collections.Generic.KeyValuePair`2[[System.String],[System.String]][]"},"Value":[]}]},"Attachments":[],"Outcome":1,"ErrorMessage":null,"ErrorStackTrace":null,"DisplayName":null,"Messages":[],"ComputerName":null,"Duration":"00:00:00.0013889","StartTime":"2020-12-01T00:29:34.1752503+01:00","EndTime":"2020-12-01T00:29:34.1769558+01:00","Properties":[{"Key":{"Id":"ExecutionId","Label":"ExecutionId","Category":"","Description":"","Attributes":1,"ValueType":"System.Guid"},"Value":"00000000-0000-0000-0000-000000000000"},{"Key":{"Id":"ParentExecId","Label":"ParentExecId","Category":"","Description":"","Attributes":1,"ValueType":"System.Guid"},"Value":"00000000-0000-0000-0000-000000000000"},{"Key":{"Id":"InnerResultsCount","Label":"InnerResultsCount","Category":"","Description":"","Attributes":1,"ValueType":"System.Int32"},"Value":0}]},{"TestCase":{"Id":"33f89b9a-9740-f7af-d21f-c1531cf06b05","FullyQualifiedName":"Unit_Testovi.NoviTestovi.TestZaradaIzuzetak","DisplayName":"TestZaradaIzuzetak","ExecutorUri":"executor://MSTestAdapter/v2","Source":"C:\\Users\\Korisnik\\Documents\\VVSzadaca2\\eParking\\Unit Testovi\\bin\\Debug\\fine-code-coverage\\Unit Testovi.dll","CodeFilePath":null,"LineNumber":-1,"Properties":[{"Key":{"Id":"MSTestDiscoverer.TestClassName","Label":"ClassName","Category":"","Description":"","Attributes":1,"ValueType":"System.String"},"Value":"Unit_Testovi.NoviTestovi"},{"Key":{"Id":"TestObject.Traits","Label":"Traits","Category":"","Description":"","Attributes":5,"ValueType":"System.Collections.Generic.KeyValuePair`2[[System.String],[System.String]][]"},"Value":[]}]},"Attachments":[],"Outcome":1,"ErrorMessage":null,"ErrorStackTrace":null,"DisplayName":null,"Messages":[],"ComputerName":null,"Duration":"00:00:00.0025938","StartTime":"2020-12-01T00:29:34.1895725+01:00","EndTime":"2020-12-01T00:29:34.1925502+01:00","Properties":[{"Key":{"Id":"ExecutionId","Label":"ExecutionId","Category":"","Description":"","Attributes":1,"ValueType":"System.Guid"},"Value":"00000000-0000-0000-0000-000000000000"},{"Key":{"Id":"ParentExecId","Label":"ParentExecId","Category":"","Description":"","Attributes":1,"ValueType":"System.Guid"},"Value":"00000000-0000-0000-0000-000000000000"},{"Key":{"Id":"InnerResultsCount","Label":"InnerResultsCount","Category":"","Description":"","Attributes":1,"ValueType":"System.Int32"},"Value":0}]}],"TestRunStatistics":{"ExecutedTests":4,"Stats":{"Failed":1,"Passed":3}},"ActiveTests":[]},"RunAttachments":[],"ExecutorUris":["executor://mstestadapter/v2"]}}
TpTrace Verbose: 0 : 6532, 4, 2020/12/01, 00:29:34.272, 1272863860896, testhost.dll, BaseRunTests.RunTests: Run is complete.
TpTrace Verbose: 0 : 6532, 9, 2020/12/01, 00:29:34.274, 1272863878811, testhost.dll, TcpClientExtensions.MessageLoopAsync: NotifyDataAvailable remoteEndPoint: [::ffff:127.0.0.1]:61834 localEndPoint: [::ffff:127.0.0.1]:61836
TpTrace Information: 0 : 6532, 9, 2020/12/01, 00:29:34.274, 1272863882129, testhost.dll, TestRequestHandler.ProcessRequests: received message: (TestSession.Terminate) -> null
TpTrace Information: 0 : 6532, 9, 2020/12/01, 00:29:34.275, 1272863883818, testhost.dll, Session End message received from server. Closing the connection.
TpTrace Information: 0 : 6532, 9, 2020/12/01, 00:29:34.275, 1272863891609, testhost.dll, SocketClient.Stop: Stop communication from server endpoint: 127.0.0.1:061834
TpTrace Information: 0 : 6532, 9, 2020/12/01, 00:29:34.276, 1272863893701, testhost.dll, SocketClient: Stop: Cancellation requested. Stopping message loop.
TpTrace Verbose: 0 : 6532, 9, 2020/12/01, 00:29:34.277, 1272863903294, testhost.dll, LengthPrefixCommunicationChannel.Dispose: Dispose reader and writer.
TpTrace Information: 0 : 6532, 9, 2020/12/01, 00:29:34.277, 1272863905132, testhost.dll, Closing the connection !
TpTrace Information: 0 : 6532, 1, 2020/12/01, 00:29:34.277, 1272863906188, testhost.dll, Closing the connection !
TpTrace Information: 0 : 6532, 1, 2020/12/01, 00:29:34.277, 1272863908140, testhost.dll, SocketClient.Stop: Stop communication from server endpoint: 127.0.0.1:061834
TpTrace Information: 0 : 6532, 1, 2020/12/01, 00:29:34.277, 1272863909376, testhost.dll, SocketClient: Stop: Cancellation requested. Stopping message loop.
TpTrace Information: 0 : 6532, 9, 2020/12/01, 00:29:34.277, 1272863910244, testhost.dll, SocketClient.PrivateStop: Stop communication from server endpoint: 127.0.0.1:061834, error:
TpTrace Verbose: 0 : 6532, 1, 2020/12/01, 00:29:34.277, 1272863911108, testhost.dll, LengthPrefixCommunicationChannel.Dispose: Dispose reader and writer.
TpTrace Verbose: 0 : 6532, 9, 2020/12/01, 00:29:34.278, 1272863913429, testhost.dll, LengthPrefixCommunicationChannel.Dispose: Dispose reader and writer.
TpTrace Verbose: 0 : 6532, 9, 2020/12/01, 00:29:34.278, 1272863914992, testhost.dll, TcpClientExtensions.MessageLoopAsync: exiting MessageLoopAsync remoteEndPoint: [::ffff:127.0.0.1]:61834 localEndPoint: [::ffff:127.0.0.1]:61836
TpTrace Information: 0 : 6532, 1, 2020/12/01, 00:29:34.278, 1272863916320, testhost.dll, Testhost process exiting.
