TpTrace Information: 0 : 19160, 1, 2020/12/01, 00:59:12.799, 1553352814964, testhost.dll, DefaultEngineInvoker.Invoke: Testhost process started with args :[--port, 52811],[--endpoint, 127.0.0.1:052811],[--role, client],[--parentprocessid, 17468],[--diag, C:\Users\User\source\repos\VVSzadaca2\eParking\Unit Testovi\bin\Debug\fine-code-coverage\_outputfolder\diagnostics.host.20-12-01_00-59-12_60143_6.log],[--tracelevel, 4],[--datacollectionport, 52810],[--telemetryoptedin, false]
TpTrace Information: 0 : 19160, 1, 2020/12/01, 00:59:12.805, 1553352849043, testhost.dll, DefaultEngineInvoker.SetParentProcessExitCallback: Monitoring parent process with id: '17468'
TpTrace Information: 0 : 19160, 1, 2020/12/01, 00:59:12.812, 1553352916815, testhost.dll, DefaultEngineInvoker.GetConnectionInfo: Initialize communication on endpoint address: '127.0.0.1:052811'
TpTrace Information: 0 : 19160, 1, 2020/12/01, 00:59:12.828, 1553353078630, testhost.dll, SocketClient.Start: connecting to server endpoint: 127.0.0.1:052811
TpTrace Information: 0 : 19160, 1, 2020/12/01, 00:59:12.835, 1553353150013, testhost.dll, DefaultEngineInvoker.ConnectToDatacollector: Connecting to datacollector, port: 52810
TpTrace Information: 0 : 19160, 5, 2020/12/01, 00:59:12.838, 1553353171955, testhost.dll, SocketClient.OnServerConnected: connected to server endpoint: 127.0.0.1:052811
TpTrace Information: 0 : 19160, 1, 2020/12/01, 00:59:12.839, 1553353181472, testhost.dll, Trying to connect to server on socket : 127.0.0.1:52810 
TpTrace Verbose: 0 : 19160, 1, 2020/12/01, 00:59:12.839, 1553353186843, testhost.dll, SocketCommunicationManager : SetupClientAsync : Attempting to connect to the server.
TpTrace Verbose: 0 : 19160, 5, 2020/12/01, 00:59:12.839, 1553353189938, testhost.dll, Connected to server, and starting MessageLoopAsync
TpTrace Information: 0 : 19160, 10, 2020/12/01, 00:59:12.841, 1553353207187, testhost.dll, Connected to the server successfully 
TpTrace Information: 0 : 19160, 10, 2020/12/01, 00:59:12.841, 1553353209439, testhost.dll, Using the buffer size of 16384 bytes
TpTrace Information: 0 : 19160, 1, 2020/12/01, 00:59:12.842, 1553353216493, testhost.dll, DefaultEngineInvoker.Invoke: Start Request Processing.
TpTrace Verbose: 0 : 19160, 9, 2020/12/01, 00:59:12.842, 1553353218576, testhost.dll, TcpClientExtensions.MessageLoopAsync: Polling on remoteEndPoint: [::ffff:127.0.0.1]:52811 localEndPoint: [::ffff:127.0.0.1]:52812
TpTrace Verbose: 0 : 19160, 9, 2020/12/01, 00:59:12.843, 1553353222861, testhost.dll, TcpClientExtensions.MessageLoopAsync: NotifyDataAvailable remoteEndPoint: [::ffff:127.0.0.1]:52811 localEndPoint: [::ffff:127.0.0.1]:52812
TpTrace Information: 0 : 19160, 11, 2020/12/01, 00:59:12.843, 1553353227983, testhost.dll, DefaultEngineInvoker.StartProcessingAsync: Connected to vstest.console, Starting process requests.
TpTrace Information: 0 : 19160, 9, 2020/12/01, 00:59:12.953, 1553354325934, testhost.dll, TestRequestHandler.ProcessRequests: received message: (ProtocolVersion) -> 2
TpTrace Verbose: 0 : 19160, 9, 2020/12/01, 00:59:12.980, 1553354596849, testhost.dll, TestRequestHandler.SendData:  sending data from testhost: {"Version":2,"MessageType":"TestSession.Message","Payload":{"MessageLevel":0,"Message":"Logging TestHost Diagnostics in file: C:\\Users\\User\\source\\repos\\VVSzadaca2\\eParking\\Unit Testovi\\bin\\Debug\\fine-code-coverage\\_outputfolder\\diagnostics.host.20-12-01_00-59-12_60143_6.log"}}
TpTrace Verbose: 0 : 19160, 9, 2020/12/01, 00:59:12.980, 1553354599418, testhost.dll, TcpClientExtensions.MessageLoopAsync: Polling on remoteEndPoint: [::ffff:127.0.0.1]:52811 localEndPoint: [::ffff:127.0.0.1]:52812
TpTrace Verbose: 0 : 19160, 9, 2020/12/01, 00:59:12.981, 1553354600870, testhost.dll, TcpClientExtensions.MessageLoopAsync: NotifyDataAvailable remoteEndPoint: [::ffff:127.0.0.1]:52811 localEndPoint: [::ffff:127.0.0.1]:52812
TpTrace Information: 0 : 19160, 9, 2020/12/01, 00:59:12.984, 1553354632772, testhost.dll, TestRequestHandler.ProcessRequests: received message: (TestExecution.Initialize) -> [
  "C:\\Users\\User\\source\\repos\\VVSzadaca2\\eParking\\Unit Testovi\\bin\\Debug\\fine-code-coverage\\Microsoft.VisualStudio.TestPlatform.MSTest.TestAdapter.dll"
]
TpTrace Information: 0 : 19160, 9, 2020/12/01, 00:59:12.984, 1553354635091, testhost.dll, Execution Session Initialize.
TpTrace Verbose: 0 : 19160, 9, 2020/12/01, 00:59:12.991, 1553354701439, testhost.dll, TcpClientExtensions.MessageLoopAsync: Polling on remoteEndPoint: [::ffff:127.0.0.1]:52811 localEndPoint: [::ffff:127.0.0.1]:52812
TpTrace Verbose: 0 : 19160, 9, 2020/12/01, 00:59:12.991, 1553354703345, testhost.dll, TcpClientExtensions.MessageLoopAsync: NotifyDataAvailable remoteEndPoint: [::ffff:127.0.0.1]:52811 localEndPoint: [::ffff:127.0.0.1]:52812
TpTrace Verbose: 0 : 19160, 4, 2020/12/01, 00:59:12.993, 1553354724553, testhost.dll, TestExecutorService: Loading the extensions
TpTrace Information: 0 : 19160, 9, 2020/12/01, 00:59:12.994, 1553354732876, testhost.dll, TestRequestHandler.ProcessRequests: received message: (TestExecution.StartWithSources) -> {
  "AdapterSourceMap": {
    "_none_": [
      "C:\\Users\\User\\source\\repos\\VVSzadaca2\\eParking\\Unit Testovi\\bin\\Debug\\fine-code-coverage\\Unit Testovi.dll"
    ]
  },
  "RunSettings": "<RunSettings>\r\n  <RunConfiguration>\r\n    <ResultsDirectory>C:\\Users\\User\\source\\repos\\VVSzadaca2\\eParking\\Unit Testovi\\bin\\Debug\\fine-code-coverage\\_outputfolder</ResultsDirectory>\r\n    <TargetPlatform>X64</TargetPlatform>\r\n    <TargetFrameworkVersion>.NETCoreApp,Version=v3.1</TargetFrameworkVersion>\r\n    <DesignMode>False</DesignMode>\r\n    <CollectSourceInformation>False</CollectSourceInformation>\r\n  </RunConfiguration>\r\n  <LoggerRunSettings>\r\n    <Loggers>\r\n      <Logger friendlyName=\"blame\" enabled=\"True\" />\r\n      <Logger friendlyName=\"Console\" uri=\"logger://microsoft/TestPlatform/ConsoleLogger/v1\" assemblyQualifiedName=\"Microsoft.VisualStudio.TestPlatform.CommandLine.Internal.ConsoleLogger, vstest.console, Version=15.0.0.0, Culture=neutral, PublicKeyToken=b03f5f7f11d50a3a\" codeBase=\"C:\\Program Files\\dotnet\\sdk\\3.1.300\\vstest.console.dll\" enabled=\"True\" />\r\n    </Loggers>\r\n  </LoggerRunSettings>\r\n  <DataCollectionRunSettings>\r\n    <DataCollectors>\r\n      <DataCollector friendlyName=\"blame\" enabled=\"True\">\r\n        <Configuration>\r\n          <ResultsDirectory>C:\\Users\\User\\source\\repos\\VVSzadaca2\\eParking\\Unit Testovi\\bin\\Debug\\fine-code-coverage\\_outputfolder</ResultsDirectory>\r\n        </Configuration>\r\n      </DataCollector>\r\n    </DataCollectors>\r\n  </DataCollectionRunSettings>\r\n</RunSettings>",
  "TestExecutionContext": {
    "FrequencyOfRunStatsChangeEvent": 10,
    "RunStatsChangeEventTimeout": "00:00:01.5000000",
    "InIsolation": false,
    "KeepAlive": false,
    "AreTestCaseLevelEventsRequired": false,
    "IsDebug": false,
    "TestCaseFilter": null,
    "FilterOptions": null
  },
  "Package": null
}
TpTrace Information: 0 : 19160, 9, 2020/12/01, 00:59:12.994, 1553354735232, testhost.dll, Execution started.
TpTrace Verbose: 0 : 19160, 4, 2020/12/01, 00:59:12.995, 1553354744602, testhost.dll, TestPluginCache.DiscoverTestExtensions: finding test extensions in assemblies endswith: TestAdapter.dll TPluginInfo: Microsoft.VisualStudio.TestPlatform.Common.ExtensionFramework.Utilities.TestExecutorPluginInformation TExtension: Microsoft.VisualStudio.TestPlatform.ObjectModel.Adapter.ITestExecutor
TpTrace Verbose: 0 : 19160, 4, 2020/12/01, 00:59:12.996, 1553354758871, testhost.dll, TestPluginCache.GetExtensionPaths: Filtered extension paths: 
TpTrace Verbose: 0 : 19160, 4, 2020/12/01, 00:59:12.997, 1553354763698, testhost.dll, TestPluginCache.GetExtensionPaths: Added default extension paths: C:\Users\User\source\repos\VVSzadaca2\eParking\Unit Testovi\bin\Debug\fine-code-coverage\Microsoft.VisualStudio.TestPlatform.MSTest.TestAdapter.dll
TpTrace Verbose: 0 : 19160, 4, 2020/12/01, 00:59:12.997, 1553354766289, testhost.dll, TestPluginCache.GetExtensionPaths: Added unfilterableExtensionPaths: 
TpTrace Information: 0 : 19160, 4, 2020/12/01, 00:59:13.000, 1553354792830, testhost.dll, AssemblyResolver.ctor: Creating AssemblyResolver with searchDirectories C:\Users\User\source\repos\VVSzadaca2\eParking\Unit Testovi\bin\Debug\fine-code-coverage
TpTrace Verbose: 0 : 19160, 4, 2020/12/01, 00:59:13.002, 1553354816849, testhost.dll, TestPluginCache.DiscoverTestExtensions: Discovering the extensions using extension path.
TpTrace Verbose: 0 : 19160, 4, 2020/12/01, 00:59:13.002, 1553354819002, testhost.dll, TestPluginCache.GetExtensionPaths: Filtered extension paths: 
TpTrace Verbose: 0 : 19160, 4, 2020/12/01, 00:59:13.003, 1553354820385, testhost.dll, TestPluginCache.GetExtensionPaths: Added default extension paths: C:\Users\User\source\repos\VVSzadaca2\eParking\Unit Testovi\bin\Debug\fine-code-coverage\Microsoft.VisualStudio.TestPlatform.MSTest.TestAdapter.dll
TpTrace Verbose: 0 : 19160, 4, 2020/12/01, 00:59:13.003, 1553354821694, testhost.dll, TestPluginCache.GetExtensionPaths: Added unfilterableExtensionPaths: 
TpTrace Verbose: 0 : 19160, 4, 2020/12/01, 00:59:13.003, 1553354823240, testhost.dll, TestPluginCache.DiscoverTestExtensions: Discovering the extensions using allExtensionPaths: C:\Users\User\source\repos\VVSzadaca2\eParking\Unit Testovi\bin\Debug\fine-code-coverage\Microsoft.VisualStudio.TestPlatform.MSTest.TestAdapter.dll
TpTrace Information: 0 : 19160, 4, 2020/12/01, 00:59:13.004, 1553354832318, testhost.dll, AssemblyResolver.AddSearchDirectories: Adding more searchDirectories C:\Users\User\source\repos\VVSzadaca2\eParking\Unit Testovi\bin\Debug\fine-code-coverage
TpTrace Information: 0 : 19160, 4, 2020/12/01, 00:59:13.008, 1553354877979, testhost.dll, AssemblyResolver.OnResolve: Microsoft.VisualStudio.TestPlatform.MSTest.TestAdapter: Resolving assembly.
TpTrace Information: 0 : 19160, 4, 2020/12/01, 00:59:13.016, 1553354958742, testhost.dll, AssemblyResolver.OnResolve: Resolved assembly: Microsoft.VisualStudio.TestPlatform.MSTest.TestAdapter, from path: C:\Users\User\source\repos\VVSzadaca2\eParking\Unit Testovi\bin\Debug\fine-code-coverage\Microsoft.VisualStudio.TestPlatform.MSTest.TestAdapter.dll
TpTrace Verbose: 0 : 19160, 9, 2020/12/01, 00:59:13.019, 1553354988765, testhost.dll, TcpClientExtensions.MessageLoopAsync: Polling on remoteEndPoint: [::ffff:127.0.0.1]:52811 localEndPoint: [::ffff:127.0.0.1]:52812
TpTrace Information: 0 : 19160, 4, 2020/12/01, 00:59:13.025, 1553355046861, testhost.dll, AssemblyResolver.OnResolve: Microsoft.VisualStudio.TestPlatform.MSTestAdapter.PlatformServices.Interface: Resolving assembly.
TpTrace Information: 0 : 19160, 4, 2020/12/01, 00:59:13.031, 1553355107850, testhost.dll, AssemblyResolver.OnResolve: Resolved assembly: Microsoft.VisualStudio.TestPlatform.MSTestAdapter.PlatformServices.Interface, from path: C:\Users\User\source\repos\VVSzadaca2\eParking\Unit Testovi\bin\Debug\fine-code-coverage\Microsoft.VisualStudio.TestPlatform.MSTestAdapter.PlatformServices.Interface.dll
TpTrace Information: 0 : 19160, 4, 2020/12/01, 00:59:13.032, 1553355111355, testhost.dll, AssemblyResolver.OnResolve: Microsoft.VisualStudio.TestPlatform.MSTestAdapter.PlatformServices: Resolving assembly.
TpTrace Information: 0 : 19160, 4, 2020/12/01, 00:59:13.038, 1553355173094, testhost.dll, AssemblyResolver.OnResolve: Resolved assembly: Microsoft.VisualStudio.TestPlatform.MSTestAdapter.PlatformServices, from path: C:\Users\User\source\repos\VVSzadaca2\eParking\Unit Testovi\bin\Debug\fine-code-coverage\Microsoft.VisualStudio.TestPlatform.MSTestAdapter.PlatformServices.dll
TpTrace Verbose: 0 : 19160, 4, 2020/12/01, 00:59:13.043, 1553355220771, testhost.dll, TestPluginCache: Discovered the extensions using extension path ''.
TpTrace Verbose: 0 : 19160, 4, 2020/12/01, 00:59:13.043, 1553355225761, testhost.dll, TestPluginCache: Discoverers are ''.
TpTrace Verbose: 0 : 19160, 4, 2020/12/01, 00:59:13.043, 1553355227343, testhost.dll, TestPluginCache: Executors are 'executor://MSTestAdapter/v2'.
TpTrace Verbose: 0 : 19160, 4, 2020/12/01, 00:59:13.043, 1553355228972, testhost.dll, TestPluginCache: Setting providers are ''.
TpTrace Verbose: 0 : 19160, 4, 2020/12/01, 00:59:13.044, 1553355230661, testhost.dll, TestPluginCache: Loggers are ''.
TpTrace Information: 0 : 19160, 4, 2020/12/01, 00:59:13.051, 1553355308784, testhost.dll, TestPluginManager.CreateTestExtension: Attempting to load test extension: Microsoft.VisualStudio.TestPlatform.MSTest.TestAdapter.MSTestExecutor
TpTrace Verbose: 0 : 19160, 4, 2020/12/01, 00:59:13.056, 1553355355230, testhost.dll, TestExecutorExtensionManager: Loading executor Microsoft.VisualStudio.TestPlatform.MSTest.TestAdapter.MSTestExecutor
TpTrace Verbose: 0 : 19160, 4, 2020/12/01, 00:59:13.056, 1553355356936, testhost.dll, TestExecutorService: Loaded the executors
TpTrace Verbose: 0 : 19160, 4, 2020/12/01, 00:59:13.057, 1553355365535, testhost.dll, TestPluginCache.DiscoverTestExtensions: finding test extensions in assemblies endswith: TestAdapter.dll TPluginInfo: Microsoft.VisualStudio.TestPlatform.Common.ExtensionFramework.Utilities.TestSettingsProviderPluginInformation TExtension: Microsoft.VisualStudio.TestPlatform.ObjectModel.Adapter.ISettingsProvider
TpTrace Verbose: 0 : 19160, 4, 2020/12/01, 00:59:13.057, 1553355369016, testhost.dll, TestPluginCache.GetExtensionPaths: Filtered extension paths: 
TpTrace Verbose: 0 : 19160, 4, 2020/12/01, 00:59:13.058, 1553355370305, testhost.dll, TestPluginCache.GetExtensionPaths: Added default extension paths: C:\Users\User\source\repos\VVSzadaca2\eParking\Unit Testovi\bin\Debug\fine-code-coverage\Microsoft.VisualStudio.TestPlatform.MSTest.TestAdapter.dll
TpTrace Verbose: 0 : 19160, 4, 2020/12/01, 00:59:13.058, 1553355371589, testhost.dll, TestPluginCache.GetExtensionPaths: Added unfilterableExtensionPaths: 
TpTrace Information: 0 : 19160, 4, 2020/12/01, 00:59:13.058, 1553355373868, testhost.dll, AssemblyResolver.AddSearchDirectories: Adding more searchDirectories C:\Users\User\source\repos\VVSzadaca2\eParking\Unit Testovi\bin\Debug\fine-code-coverage
TpTrace Verbose: 0 : 19160, 4, 2020/12/01, 00:59:13.058, 1553355375176, testhost.dll, TestPluginCache.DiscoverTestExtensions: Discovering the extensions using extension path.
TpTrace Verbose: 0 : 19160, 4, 2020/12/01, 00:59:13.058, 1553355376377, testhost.dll, TestPluginCache.GetExtensionPaths: Filtered extension paths: 
TpTrace Verbose: 0 : 19160, 4, 2020/12/01, 00:59:13.058, 1553355377512, testhost.dll, TestPluginCache.GetExtensionPaths: Added default extension paths: C:\Users\User\source\repos\VVSzadaca2\eParking\Unit Testovi\bin\Debug\fine-code-coverage\Microsoft.VisualStudio.TestPlatform.MSTest.TestAdapter.dll
TpTrace Verbose: 0 : 19160, 4, 2020/12/01, 00:59:13.058, 1553355378600, testhost.dll, TestPluginCache.GetExtensionPaths: Added unfilterableExtensionPaths: 
TpTrace Verbose: 0 : 19160, 4, 2020/12/01, 00:59:13.058, 1553355379764, testhost.dll, TestPluginCache.DiscoverTestExtensions: Discovering the extensions using allExtensionPaths: C:\Users\User\source\repos\VVSzadaca2\eParking\Unit Testovi\bin\Debug\fine-code-coverage\Microsoft.VisualStudio.TestPlatform.MSTest.TestAdapter.dll
TpTrace Information: 0 : 19160, 4, 2020/12/01, 00:59:13.059, 1553355381034, testhost.dll, AssemblyResolver.AddSearchDirectories: Adding more searchDirectories C:\Users\User\source\repos\VVSzadaca2\eParking\Unit Testovi\bin\Debug\fine-code-coverage
TpTrace Verbose: 0 : 19160, 4, 2020/12/01, 00:59:13.059, 1553355383829, testhost.dll, TestPluginCache: Discovered the extensions using extension path ''.
TpTrace Verbose: 0 : 19160, 4, 2020/12/01, 00:59:13.059, 1553355385039, testhost.dll, TestPluginCache: Discoverers are ''.
TpTrace Verbose: 0 : 19160, 4, 2020/12/01, 00:59:13.059, 1553355386219, testhost.dll, TestPluginCache: Executors are 'executor://MSTestAdapter/v2'.
TpTrace Verbose: 0 : 19160, 4, 2020/12/01, 00:59:13.059, 1553355387632, testhost.dll, TestPluginCache: Setting providers are ''.
TpTrace Verbose: 0 : 19160, 4, 2020/12/01, 00:59:13.059, 1553355388762, testhost.dll, TestPluginCache: Loggers are ''.
TpTrace Verbose: 0 : 19160, 4, 2020/12/01, 00:59:13.060, 1553355397644, testhost.dll, TestExecutorService: Loaded the settings providers
TpTrace Information: 0 : 19160, 4, 2020/12/01, 00:59:13.060, 1553355399352, testhost.dll, TestExecutorService: Loaded the extensions
TpTrace Information: 0 : 19160, 4, 2020/12/01, 00:59:13.131, 1553356100369, testhost.dll, TestDiscoveryManager: Discovering tests from sources C:\Users\User\source\repos\VVSzadaca2\eParking\Unit Testovi\bin\Debug\fine-code-coverage\Unit Testovi.dll
TpTrace Verbose: 0 : 19160, 4, 2020/12/01, 00:59:13.132, 1553356119024, testhost.dll, TestPluginCache.DiscoverTestExtensions: finding test extensions in assemblies endswith: TestAdapter.dll TPluginInfo: Microsoft.VisualStudio.TestPlatform.Common.ExtensionFramework.Utilities.TestDiscovererPluginInformation TExtension: Microsoft.VisualStudio.TestPlatform.ObjectModel.Adapter.ITestDiscoverer
TpTrace Verbose: 0 : 19160, 4, 2020/12/01, 00:59:13.133, 1553356121190, testhost.dll, TestPluginCache.GetExtensionPaths: Filtered extension paths: 
TpTrace Verbose: 0 : 19160, 4, 2020/12/01, 00:59:13.133, 1553356122425, testhost.dll, TestPluginCache.GetExtensionPaths: Added default extension paths: C:\Users\User\source\repos\VVSzadaca2\eParking\Unit Testovi\bin\Debug\fine-code-coverage\Microsoft.VisualStudio.TestPlatform.MSTest.TestAdapter.dll
TpTrace Verbose: 0 : 19160, 4, 2020/12/01, 00:59:13.133, 1553356123579, testhost.dll, TestPluginCache.GetExtensionPaths: Added unfilterableExtensionPaths: 
TpTrace Information: 0 : 19160, 4, 2020/12/01, 00:59:13.133, 1553356125388, testhost.dll, AssemblyResolver.AddSearchDirectories: Adding more searchDirectories C:\Users\User\source\repos\VVSzadaca2\eParking\Unit Testovi\bin\Debug\fine-code-coverage
TpTrace Verbose: 0 : 19160, 4, 2020/12/01, 00:59:13.133, 1553356126645, testhost.dll, TestPluginCache.DiscoverTestExtensions: Discovering the extensions using extension path.
TpTrace Verbose: 0 : 19160, 4, 2020/12/01, 00:59:13.133, 1553356127763, testhost.dll, TestPluginCache.GetExtensionPaths: Filtered extension paths: 
TpTrace Verbose: 0 : 19160, 4, 2020/12/01, 00:59:13.133, 1553356128847, testhost.dll, TestPluginCache.GetExtensionPaths: Added default extension paths: C:\Users\User\source\repos\VVSzadaca2\eParking\Unit Testovi\bin\Debug\fine-code-coverage\Microsoft.VisualStudio.TestPlatform.MSTest.TestAdapter.dll
TpTrace Verbose: 0 : 19160, 4, 2020/12/01, 00:59:13.133, 1553356129964, testhost.dll, TestPluginCache.GetExtensionPaths: Added unfilterableExtensionPaths: 
TpTrace Verbose: 0 : 19160, 4, 2020/12/01, 00:59:13.134, 1553356131079, testhost.dll, TestPluginCache.DiscoverTestExtensions: Discovering the extensions using allExtensionPaths: C:\Users\User\source\repos\VVSzadaca2\eParking\Unit Testovi\bin\Debug\fine-code-coverage\Microsoft.VisualStudio.TestPlatform.MSTest.TestAdapter.dll
TpTrace Information: 0 : 19160, 4, 2020/12/01, 00:59:13.134, 1553356132262, testhost.dll, AssemblyResolver.AddSearchDirectories: Adding more searchDirectories C:\Users\User\source\repos\VVSzadaca2\eParking\Unit Testovi\bin\Debug\fine-code-coverage
TpTrace Verbose: 0 : 19160, 4, 2020/12/01, 00:59:13.136, 1553356153349, testhost.dll, TestPluginCache: Discovered the extensions using extension path ''.
TpTrace Verbose: 0 : 19160, 4, 2020/12/01, 00:59:13.136, 1553356154982, testhost.dll, TestPluginCache: Discoverers are 'Microsoft.VisualStudio.TestPlatform.MSTest.TestAdapter.MSTestDiscoverer, Microsoft.VisualStudio.TestPlatform.MSTest.TestAdapter, Version=14.0.0.0, Culture=neutral, PublicKeyToken=b03f5f7f11d50a3a'.
TpTrace Verbose: 0 : 19160, 4, 2020/12/01, 00:59:13.136, 1553356156149, testhost.dll, TestPluginCache: Executors are 'executor://MSTestAdapter/v2'.
TpTrace Verbose: 0 : 19160, 4, 2020/12/01, 00:59:13.136, 1553356157258, testhost.dll, TestPluginCache: Setting providers are ''.
TpTrace Verbose: 0 : 19160, 4, 2020/12/01, 00:59:13.136, 1553356158340, testhost.dll, TestPluginCache: Loggers are ''.
TpTrace Verbose: 0 : 19160, 4, 2020/12/01, 00:59:13.141, 1553356201239, testhost.dll, BaseRunTests.RunTestInternalWithExecutors: Running tests for executor://MSTestAdapter/v2
TpTrace Information: 0 : 19160, 4, 2020/12/01, 00:59:13.184, 1553356634425, testhost.dll, AssemblyResolver.OnResolve: Microsoft.VisualStudio.TestPlatform.MSTestAdapter.PlatformServices.resources: Resolving assembly.
TpTrace Information: 0 : 19160, 4, 2020/12/01, 00:59:13.184, 1553356637017, testhost.dll, AssemblyResolver.OnResolve: Microsoft.VisualStudio.TestPlatform.MSTestAdapter.PlatformServices.resources: Failed to load assembly.
TpTrace Information: 0 : 19160, 4, 2020/12/01, 00:59:13.184, 1553356639958, testhost.dll, AssemblyResolver.OnResolve: Microsoft.VisualStudio.TestPlatform.MSTestAdapter.PlatformServices.resources: Resolving assembly.
TpTrace Information: 0 : 19160, 4, 2020/12/01, 00:59:13.185, 1553356641238, testhost.dll, AssemblyResolver.OnResolve: Microsoft.VisualStudio.TestPlatform.MSTestAdapter.PlatformServices.resources: Resolved from cache.
TpTrace Verbose: 0 : 19160, 4, 2020/12/01, 00:59:13.201, 1553356807902, testhost.dll, TestExecutionRecorder.RecordStart: Starting test: Unit_Testovi.NoviTestovi.TestZamjenskiObjekat.
TpTrace Information: 0 : 19160, 4, 2020/12/01, 00:59:13.294, 1553357736204, testhost.dll, AssemblyResolver.OnResolve: Microsoft.VisualStudio.TestPlatform.MSTest.TestAdapter.resources: Resolving assembly.
TpTrace Information: 0 : 19160, 4, 2020/12/01, 00:59:13.294, 1553357738557, testhost.dll, AssemblyResolver.OnResolve: Microsoft.VisualStudio.TestPlatform.MSTest.TestAdapter.resources: Failed to load assembly.
TpTrace Verbose: 0 : 19160, 4, 2020/12/01, 00:59:13.319, 1553357989442, testhost.dll, TestExecutionRecorder.RecordEnd: test: Unit_Testovi.NoviTestovi.TestZamjenskiObjekat execution completed.
TpTrace Verbose: 0 : 19160, 4, 2020/12/01, 00:59:13.349, 1553358288016, testhost.dll, TestExecutionRecorder.RecordResult: Received result for test: Unit_Testovi.NoviTestovi.TestZamjenskiObjekat.
TpTrace Warning: 0 : 19160, 4, 2020/12/01, 00:59:13.352, 1553358318407, testhost.dll, InProgressTests is null
TpTrace Warning: 0 : 19160, 4, 2020/12/01, 00:59:13.354, 1553358336849, testhost.dll, TestRunCache: No test found corresponding to testResult 'TestZamjenskiObjekat  Failed
  Message: Test method Unit_Testovi.NoviTestovi.TestZamjenskiObjekat threw exception: 
System.NotImplementedException: The method or operation is not implemented.
  StackTrace:
    at eParking.Transakcija.DajVrijemeDolaska(Vozilo vozilo) in C:\Users\User\source\repos\VVSzadaca2\eParking\eParking\Transakcija.cs:line 16
   at eParking.Parking.OslobodiParkingMjesto(ITransakcija transakcija, Clan c) in C:\Users\User\source\repos\VVSzadaca2\eParking\eParking\Parking.cs:line 130
   at Unit_Testovi.NoviTestovi.TestZamjenskiObjekat() in C:\Users\User\source\repos\VVSzadaca2\eParking\Unit Testovi\NoviTestovi.cs:line 26
' in inProgress list.
TpTrace Verbose: 0 : 19160, 4, 2020/12/01, 00:59:13.354, 1553358339129, testhost.dll, TestExecutionRecorder.RecordStart: Starting test: Unit_Testovi.NoviTestovi.TestZaradaJednaUlica.
TpTrace Verbose: 0 : 19160, 4, 2020/12/01, 00:59:13.358, 1553358379205, testhost.dll, TestExecutionRecorder.RecordEnd: test: Unit_Testovi.NoviTestovi.TestZaradaJednaUlica execution completed.
TpTrace Verbose: 0 : 19160, 4, 2020/12/01, 00:59:13.360, 1553358394895, testhost.dll, TestExecutionRecorder.RecordResult: Received result for test: Unit_Testovi.NoviTestovi.TestZaradaJednaUlica.
TpTrace Warning: 0 : 19160, 4, 2020/12/01, 00:59:13.360, 1553358396535, testhost.dll, InProgressTests is null
TpTrace Warning: 0 : 19160, 4, 2020/12/01, 00:59:13.360, 1553358399205, testhost.dll, TestRunCache: No test found corresponding to testResult 'TestZaradaJednaUlica  Passed' in inProgress list.
TpTrace Verbose: 0 : 19160, 4, 2020/12/01, 00:59:13.361, 1553358401056, testhost.dll, TestExecutionRecorder.RecordStart: Starting test: Unit_Testovi.NoviTestovi.TestZaradaVišeUlica.
TpTrace Verbose: 0 : 19160, 4, 2020/12/01, 00:59:13.363, 1553358425956, testhost.dll, TestExecutionRecorder.RecordEnd: test: Unit_Testovi.NoviTestovi.TestZaradaVišeUlica execution completed.
TpTrace Verbose: 0 : 19160, 4, 2020/12/01, 00:59:13.368, 1553358470774, testhost.dll, TestExecutionRecorder.RecordResult: Received result for test: Unit_Testovi.NoviTestovi.TestZaradaVišeUlica.
TpTrace Warning: 0 : 19160, 4, 2020/12/01, 00:59:13.368, 1553358472516, testhost.dll, InProgressTests is null
TpTrace Warning: 0 : 19160, 4, 2020/12/01, 00:59:13.368, 1553358473755, testhost.dll, TestRunCache: No test found corresponding to testResult 'TestZaradaVišeUlica  Passed' in inProgress list.
TpTrace Verbose: 0 : 19160, 4, 2020/12/01, 00:59:13.368, 1553358475030, testhost.dll, TestExecutionRecorder.RecordStart: Starting test: Unit_Testovi.NoviTestovi.TestZaradaIzuzetak.
TpTrace Verbose: 0 : 19160, 4, 2020/12/01, 00:59:13.371, 1553358502247, testhost.dll, TestExecutionRecorder.RecordEnd: test: Unit_Testovi.NoviTestovi.TestZaradaIzuzetak execution completed.
TpTrace Verbose: 0 : 19160, 4, 2020/12/01, 00:59:13.373, 1553358527041, testhost.dll, TestExecutionRecorder.RecordResult: Received result for test: Unit_Testovi.NoviTestovi.TestZaradaIzuzetak.
TpTrace Warning: 0 : 19160, 4, 2020/12/01, 00:59:13.373, 1553358530036, testhost.dll, InProgressTests is null
TpTrace Warning: 0 : 19160, 4, 2020/12/01, 00:59:13.374, 1553358532213, testhost.dll, TestRunCache: No test found corresponding to testResult 'TestZaradaIzuzetak  Passed' in inProgress list.
TpTrace Verbose: 0 : 19160, 4, 2020/12/01, 00:59:13.376, 1553358559181, testhost.dll, BaseRunTests.RunTestInternalWithExecutors: Completed running tests for executor://MSTestAdapter/v2
TpTrace Information: 0 : 19160, 4, 2020/12/01, 00:59:13.380, 1553358597553, testhost.dll, Sending test run complete
TpTrace Verbose: 0 : 19160, 4, 2020/12/01, 00:59:13.414, 1553358938864, testhost.dll, TestRequestHandler.SendData:  sending data from testhost: {"Version":2,"MessageType":"TestExecution.Completed","Payload":{"TestRunCompleteArgs":{"TestRunStatistics":{"ExecutedTests":4,"Stats":{"Failed":1,"Passed":3}},"IsCanceled":false,"IsAborted":false,"Error":null,"AttachmentSets":[],"ElapsedTimeInRunningTests":"00:00:00.2388469","Metrics":{}},"LastRunTests":{"NewTestResults":[{"TestCase":{"Id":"aef9dec6-1181-fac1-2596-b31421e8da47","FullyQualifiedName":"Unit_Testovi.NoviTestovi.TestZamjenskiObjekat","DisplayName":"TestZamjenskiObjekat","ExecutorUri":"executor://MSTestAdapter/v2","Source":"C:\\Users\\User\\source\\repos\\VVSzadaca2\\eParking\\Unit Testovi\\bin\\Debug\\fine-code-coverage\\Unit Testovi.dll","CodeFilePath":null,"LineNumber":-1,"Properties":[{"Key":{"Id":"MSTestDiscoverer.TestClassName","Label":"ClassName","Category":"","Description":"","Attributes":1,"ValueType":"System.String"},"Value":"Unit_Testovi.NoviTestovi"},{"Key":{"Id":"TestObject.Traits","Label":"Traits","Category":"","Description":"","Attributes":5,"ValueType":"System.Collections.Generic.KeyValuePair`2[[System.String],[System.String]][]"},"Value":[]}]},"Attachments":[],"Outcome":2,"ErrorMessage":"Test method Unit_Testovi.NoviTestovi.TestZamjenskiObjekat threw exception: \r\nSystem.NotImplementedException: The method or operation is not implemented.","ErrorStackTrace":"    at eParking.Transakcija.DajVrijemeDolaska(Vozilo vozilo) in C:\\Users\\User\\source\\repos\\VVSzadaca2\\eParking\\eParking\\Transakcija.cs:line 16\r\n   at eParking.Parking.OslobodiParkingMjesto(ITransakcija transakcija, Clan c) in C:\\Users\\User\\source\\repos\\VVSzadaca2\\eParking\\eParking\\Parking.cs:line 130\r\n   at Unit_Testovi.NoviTestovi.TestZamjenskiObjekat() in C:\\Users\\User\\source\\repos\\VVSzadaca2\\eParking\\Unit Testovi\\NoviTestovi.cs:line 26\r\n","DisplayName":null,"Messages":[],"ComputerName":null,"Duration":"00:00:00.0410677","StartTime":"2020-12-01T00:59:13.2504826+01:00","EndTime":"2020-12-01T00:59:13.3163668+01:00","Properties":[{"Key":{"Id":"ExecutionId","Label":"ExecutionId","Category":"","Description":"","Attributes":1,"ValueType":"System.Guid"},"Value":"00000000-0000-0000-0000-000000000000"},{"Key":{"Id":"ParentExecId","Label":"ParentExecId","Category":"","Description":"","Attributes":1,"ValueType":"System.Guid"},"Value":"00000000-0000-0000-0000-000000000000"},{"Key":{"Id":"InnerResultsCount","Label":"InnerResultsCount","Category":"","Description":"","Attributes":1,"ValueType":"System.Int32"},"Value":0}]},{"TestCase":{"Id":"a8dca9e6-8dfc-7e57-c23e-5c068592f412","FullyQualifiedName":"Unit_Testovi.NoviTestovi.TestZaradaJednaUlica","DisplayName":"TestZaradaJednaUlica","ExecutorUri":"executor://MSTestAdapter/v2","Source":"C:\\Users\\User\\source\\repos\\VVSzadaca2\\eParking\\Unit Testovi\\bin\\Debug\\fine-code-coverage\\Unit Testovi.dll","CodeFilePath":null,"LineNumber":-1,"Properties":[{"Key":{"Id":"MSTestDiscoverer.TestClassName","Label":"ClassName","Category":"","Description":"","Attributes":1,"ValueType":"System.String"},"Value":"Unit_Testovi.NoviTestovi"},{"Key":{"Id":"TestObject.Traits","Label":"Traits","Category":"","Description":"","Attributes":5,"ValueType":"System.Collections.Generic.KeyValuePair`2[[System.String],[System.String]][]"},"Value":[]}]},"Attachments":[],"Outcome":1,"ErrorMessage":null,"ErrorStackTrace":null,"DisplayName":null,"Messages":[],"ComputerName":null,"Duration":"00:00:00.0025336","StartTime":"2020-12-01T00:59:13.3561944+01:00","EndTime":"2020-12-01T00:59:13.3588862+01:00","Properties":[{"Key":{"Id":"ExecutionId","Label":"ExecutionId","Category":"","Description":"","Attributes":1,"ValueType":"System.Guid"},"Value":"00000000-0000-0000-0000-000000000000"},{"Key":{"Id":"ParentExecId","Label":"ParentExecId","Category":"","Description":"","Attributes":1,"ValueType":"System.Guid"},"Value":"00000000-0000-0000-0000-000000000000"},{"Key":{"Id":"InnerResultsCount","Label":"InnerResultsCount","Category":"","Description":"","Attributes":1,"ValueType":"System.Int32"},"Value":0}]},{"TestCase":{"Id":"ca1feca8-37cf-3c7e-a2cd-519c06c5a2f3","FullyQualifiedName":"Unit_Testovi.NoviTestovi.TestZaradaVišeUlica","DisplayName":"TestZaradaVišeUlica","ExecutorUri":"executor://MSTestAdapter/v2","Source":"C:\\Users\\User\\source\\repos\\VVSzadaca2\\eParking\\Unit Testovi\\bin\\Debug\\fine-code-coverage\\Unit Testovi.dll","CodeFilePath":null,"LineNumber":-1,"Properties":[{"Key":{"Id":"MSTestDiscoverer.TestClassName","Label":"ClassName","Category":"","Description":"","Attributes":1,"ValueType":"System.String"},"Value":"Unit_Testovi.NoviTestovi"},{"Key":{"Id":"TestObject.Traits","Label":"Traits","Category":"","Description":"","Attributes":5,"ValueType":"System.Collections.Generic.KeyValuePair`2[[System.String],[System.String]][]"},"Value":[]}]},"Attachments":[],"Outcome":1,"ErrorMessage":null,"ErrorStackTrace":null,"DisplayName":null,"Messages":[],"ComputerName":null,"Duration":"00:00:00.0006255","StartTime":"2020-12-01T00:59:13.3628226+01:00","EndTime":"2020-12-01T00:59:13.3635705+01:00","Properties":[{"Key":{"Id":"ExecutionId","Label":"ExecutionId","Category":"","Description":"","Attributes":1,"ValueType":"System.Guid"},"Value":"00000000-0000-0000-0000-000000000000"},{"Key":{"Id":"ParentExecId","Label":"ParentExecId","Category":"","Description":"","Attributes":1,"ValueType":"System.Guid"},"Value":"00000000-0000-0000-0000-000000000000"},{"Key":{"Id":"InnerResultsCount","Label":"InnerResultsCount","Category":"","Description":"","Attributes":1,"ValueType":"System.Int32"},"Value":0}]},{"TestCase":{"Id":"33f89b9a-9740-f7af-d21f-c1531cf06b05","FullyQualifiedName":"Unit_Testovi.NoviTestovi.TestZaradaIzuzetak","DisplayName":"TestZaradaIzuzetak","ExecutorUri":"executor://MSTestAdapter/v2","Source":"C:\\Users\\User\\source\\repos\\VVSzadaca2\\eParking\\Unit Testovi\\bin\\Debug\\fine-code-coverage\\Unit Testovi.dll","CodeFilePath":null,"LineNumber":-1,"Properties":[{"Key":{"Id":"MSTestDiscoverer.TestClassName","Label":"ClassName","Category":"","Description":"","Attributes":1,"ValueType":"System.String"},"Value":"Unit_Testovi.NoviTestovi"},{"Key":{"Id":"TestObject.Traits","Label":"Traits","Category":"","Description":"","Attributes":5,"ValueType":"System.Collections.Generic.KeyValuePair`2[[System.String],[System.String]][]"},"Value":[]}]},"Attachments":[],"Outcome":1,"ErrorMessage":null,"ErrorStackTrace":null,"DisplayName":null,"Messages":[],"ComputerName":null,"Duration":"00:00:00.0011378","StartTime":"2020-12-01T00:59:13.369798+01:00","EndTime":"2020-12-01T00:59:13.3711916+01:00","Properties":[{"Key":{"Id":"ExecutionId","Label":"ExecutionId","Category":"","Description":"","Attributes":1,"ValueType":"System.Guid"},"Value":"00000000-0000-0000-0000-000000000000"},{"Key":{"Id":"ParentExecId","Label":"ParentExecId","Category":"","Description":"","Attributes":1,"ValueType":"System.Guid"},"Value":"00000000-0000-0000-0000-000000000000"},{"Key":{"Id":"InnerResultsCount","Label":"InnerResultsCount","Category":"","Description":"","Attributes":1,"ValueType":"System.Int32"},"Value":0}]}],"TestRunStatistics":{"ExecutedTests":4,"Stats":{"Failed":1,"Passed":3}},"ActiveTests":[]},"RunAttachments":[],"ExecutorUris":["executor://mstestadapter/v2"]}}
TpTrace Verbose: 0 : 19160, 4, 2020/12/01, 00:59:13.415, 1553358945150, testhost.dll, BaseRunTests.RunTests: Run is complete.
TpTrace Verbose: 0 : 19160, 9, 2020/12/01, 00:59:13.421, 1553359004595, testhost.dll, TcpClientExtensions.MessageLoopAsync: NotifyDataAvailable remoteEndPoint: [::ffff:127.0.0.1]:52811 localEndPoint: [::ffff:127.0.0.1]:52812
TpTrace Information: 0 : 19160, 9, 2020/12/01, 00:59:13.421, 1553359007451, testhost.dll, TestRequestHandler.ProcessRequests: received message: (TestSession.Terminate) -> null
TpTrace Information: 0 : 19160, 9, 2020/12/01, 00:59:13.421, 1553359008670, testhost.dll, Session End message received from server. Closing the connection.
TpTrace Information: 0 : 19160, 9, 2020/12/01, 00:59:13.422, 1553359012444, testhost.dll, SocketClient.Stop: Stop communication from server endpoint: 127.0.0.1:052811
TpTrace Information: 0 : 19160, 9, 2020/12/01, 00:59:13.422, 1553359013828, testhost.dll, SocketClient: Stop: Cancellation requested. Stopping message loop.
TpTrace Verbose: 0 : 19160, 9, 2020/12/01, 00:59:13.422, 1553359018210, testhost.dll, LengthPrefixCommunicationChannel.Dispose: Dispose reader and writer.
TpTrace Information: 0 : 19160, 9, 2020/12/01, 00:59:13.422, 1553359019683, testhost.dll, Closing the connection !
TpTrace Information: 0 : 19160, 1, 2020/12/01, 00:59:13.422, 1553359019970, testhost.dll, Closing the connection !
TpTrace Information: 0 : 19160, 9, 2020/12/01, 00:59:13.423, 1553359022697, testhost.dll, SocketClient.PrivateStop: Stop communication from server endpoint: 127.0.0.1:052811, error:
TpTrace Information: 0 : 19160, 1, 2020/12/01, 00:59:13.423, 1553359022781, testhost.dll, SocketClient.Stop: Stop communication from server endpoint: 127.0.0.1:052811
TpTrace Verbose: 0 : 19160, 1, 2020/12/01, 00:59:13.423, 1553359025948, testhost.dll, LengthPrefixCommunicationChannel.Dispose: Dispose reader and writer.
TpTrace Verbose: 0 : 19160, 9, 2020/12/01, 00:59:13.423, 1553359024815, testhost.dll, LengthPrefixCommunicationChannel.Dispose: Dispose reader and writer.
TpTrace Verbose: 0 : 19160, 9, 2020/12/01, 00:59:13.423, 1553359029815, testhost.dll, TcpClientExtensions.MessageLoopAsync: exiting MessageLoopAsync remoteEndPoint: [::ffff:127.0.0.1]:52811 localEndPoint: [::ffff:127.0.0.1]:52812
TpTrace Information: 0 : 19160, 1, 2020/12/01, 00:59:13.423, 1553359028539, testhost.dll, Testhost process exiting.
