TpTrace Information: 0 : 18020, 1, 2020/12/01, 00:59:12.428, 1553349101978, datacollector.dll, DataCollectorMain.Run: Starting data collector run with args: --port,52808,--parentprocessid,17468,--diag,C:\Users\User\source\repos\VVSzadaca2\eParking\Unit Testovi\bin\Debug\fine-code-coverage\_outputfolder\diagnostics.datacollector.20-12-01_00-59-12_31851_4.log,--tracelevel,4
TpTrace Information: 0 : 18020, 1, 2020/12/01, 00:59:12.433, 1553349122487, datacollector.dll, DataCollector: Monitoring parent process with id: '17468'
TpTrace Information: 0 : 18020, 1, 2020/12/01, 00:59:12.441, 1553349200307, datacollector.dll, Trying to connect to server on socket : 127.0.0.1:52808 
TpTrace Verbose: 0 : 18020, 1, 2020/12/01, 00:59:12.455, 1553349341872, datacollector.dll, SocketCommunicationManager : SetupClientAsync : Attempting to connect to the server.
TpTrace Information: 0 : 18020, 7, 2020/12/01, 00:59:12.467, 1553349465717, datacollector.dll, Connected to the server successfully 
TpTrace Information: 0 : 18020, 7, 2020/12/01, 00:59:12.467, 1553349467778, datacollector.dll, Using the buffer size of 16384 bytes
TpTrace Information: 0 : 18020, 1, 2020/12/01, 00:59:12.528, 1553350076186, datacollector.dll, DataCollector: Start Request Processing.
TpTrace Information: 0 : 18020, 1, 2020/12/01, 00:59:12.531, 1553350107701, datacollector.dll, DataCollectionRequestHandler.ProcessRequests : Datacollector received message: (DataCollection.BeforeTestRunStart) -> {
  "SettingsXml": "<RunSettings><RunConfiguration><ResultsDirectory>C:\\Users\\User\\source\\repos\\VVSzadaca2\\eParking\\Unit Testovi\\bin\\Debug\\fine-code-coverage\\_outputfolder</ResultsDirectory><TargetPlatform>X64</TargetPlatform><TargetFrameworkVersion>.NETCoreApp,Version=v3.1</TargetFrameworkVersion><DesignMode>False</DesignMode><CollectSourceInformation>False</CollectSourceInformation><TestAdaptersPaths>C:\\Program Files\\dotnet\\sdk\\3.1.300\\Extensions</TestAdaptersPaths></RunConfiguration><LoggerRunSettings><Loggers><Logger friendlyName=\"blame\" enabled=\"True\" /><Logger friendlyName=\"Console\" uri=\"logger://microsoft/TestPlatform/ConsoleLogger/v1\" assemblyQualifiedName=\"Microsoft.VisualStudio.TestPlatform.CommandLine.Internal.ConsoleLogger, vstest.console, Version=15.0.0.0, Culture=neutral, PublicKeyToken=b03f5f7f11d50a3a\" codeBase=\"C:\\Program Files\\dotnet\\sdk\\3.1.300\\vstest.console.dll\" enabled=\"True\" /></Loggers></LoggerRunSettings><DataCollectionRunSettings><DataCollectors><DataCollector friendlyName=\"blame\" enabled=\"True\"><Configuration><ResultsDirectory>C:\\Users\\User\\source\\repos\\VVSzadaca2\\eParking\\Unit Testovi\\bin\\Debug\\fine-code-coverage\\_outputfolder</ResultsDirectory></Configuration></DataCollector></DataCollectors></DataCollectionRunSettings></RunSettings>",
  "Sources": [
    "C:\\Users\\User\\source\\repos\\VVSzadaca2\\eParking\\Unit Testovi\\bin\\Debug\\fine-code-coverage\\Unit Testovi.dll"
  ]
}
TpTrace Verbose: 0 : 18020, 1, 2020/12/01, 00:59:12.567, 1553350468228, datacollector.dll, TestPluginCache: Update extensions started. Skip filter = False
TpTrace Verbose: 0 : 18020, 1, 2020/12/01, 00:59:12.568, 1553350475090, datacollector.dll, TestPluginCache: Using directories for assembly resolution 'C:\Program Files\dotnet\sdk\3.1.300\Extensions'.
TpTrace Verbose: 0 : 18020, 1, 2020/12/01, 00:59:12.568, 1553350476502, datacollector.dll, TestPluginCache: Updated the available extensions to 'C:\Program Files\dotnet\sdk\3.1.300\Extensions\Microsoft.TestPlatform.Extensions.BlameDataCollector.dll,C:\Program Files\dotnet\sdk\3.1.300\Extensions\Microsoft.TestPlatform.Extensions.EventLogCollector.dll'.
TpTrace Verbose: 0 : 18020, 1, 2020/12/01, 00:59:12.574, 1553350531499, datacollector.dll, TestPluginCache.DiscoverTestExtensions: finding test extensions in assemblies ends with: Collector.dll TPluginInfo: Microsoft.VisualStudio.TestPlatform.Common.DataCollector.DataCollectorConfig TExtension: Microsoft.VisualStudio.TestPlatform.ObjectModel.DataCollection.DataCollector
TpTrace Verbose: 0 : 18020, 1, 2020/12/01, 00:59:12.574, 1553350533872, datacollector.dll, TestPluginCache.GetExtensionPaths: Filtered extension paths: C:\Program Files\dotnet\sdk\3.1.300\Extensions\Microsoft.TestPlatform.Extensions.BlameDataCollector.dll
C:\Program Files\dotnet\sdk\3.1.300\Extensions\Microsoft.TestPlatform.Extensions.EventLogCollector.dll
TpTrace Verbose: 0 : 18020, 1, 2020/12/01, 00:59:12.574, 1553350535516, datacollector.dll, TestPluginCache.GetExtensionPaths: Added default extension paths: 
TpTrace Verbose: 0 : 18020, 1, 2020/12/01, 00:59:12.574, 1553350536708, datacollector.dll, TestPluginCache.GetExtensionPaths: Added unfilterableExtensionPaths: 
TpTrace Information: 0 : 18020, 1, 2020/12/01, 00:59:12.575, 1553350542171, datacollector.dll, AssemblyResolver.ctor: Creating AssemblyResolver with searchDirectories C:\Program Files\dotnet\sdk\3.1.300\Extensions,C:\Program Files\dotnet\sdk\3.1.300
TpTrace Verbose: 0 : 18020, 1, 2020/12/01, 00:59:12.576, 1553350555692, datacollector.dll, TestPluginCache.DiscoverTestExtensions: Discovering the extensions using extension path.
TpTrace Verbose: 0 : 18020, 1, 2020/12/01, 00:59:12.576, 1553350557722, datacollector.dll, TestPluginCache.GetExtensionPaths: Filtered extension paths: C:\Program Files\dotnet\sdk\3.1.300\Extensions\Microsoft.TestPlatform.Extensions.BlameDataCollector.dll
C:\Program Files\dotnet\sdk\3.1.300\Extensions\Microsoft.TestPlatform.Extensions.EventLogCollector.dll
TpTrace Verbose: 0 : 18020, 1, 2020/12/01, 00:59:12.576, 1553350558994, datacollector.dll, TestPluginCache.GetExtensionPaths: Added default extension paths: 
TpTrace Verbose: 0 : 18020, 1, 2020/12/01, 00:59:12.576, 1553350560174, datacollector.dll, TestPluginCache.GetExtensionPaths: Added unfilterableExtensionPaths: 
TpTrace Verbose: 0 : 18020, 1, 2020/12/01, 00:59:12.577, 1553350561785, datacollector.dll, TestPluginCache.DiscoverTestExtensions: Discovering the extensions using allExtensionPaths: C:\Program Files\dotnet\sdk\3.1.300\Extensions\Microsoft.TestPlatform.Extensions.BlameDataCollector.dll
C:\Program Files\dotnet\sdk\3.1.300\Extensions\Microsoft.TestPlatform.Extensions.EventLogCollector.dll
TpTrace Information: 0 : 18020, 1, 2020/12/01, 00:59:12.577, 1553350563587, datacollector.dll, AssemblyResolver.AddSearchDirectories: Adding more searchDirectories C:\Program Files\dotnet\sdk\3.1.300\Extensions,C:\Program Files\dotnet\sdk\3.1.300
TpTrace Information: 0 : 18020, 1, 2020/12/01, 00:59:12.577, 1553350564962, datacollector.dll, AssemblyResolver.AddSearchDirectories: Adding more searchDirectories C:\Program Files\dotnet\sdk\3.1.300\Extensions,C:\Program Files\dotnet\sdk\3.1.300
TpTrace Information: 0 : 18020, 1, 2020/12/01, 00:59:12.577, 1553350569040, datacollector.dll, AssemblyResolver.OnResolve: Microsoft.TestPlatform.Extensions.BlameDataCollector: Resolving assembly.
TpTrace Information: 0 : 18020, 1, 2020/12/01, 00:59:12.578, 1553350577696, datacollector.dll, AssemblyResolver.OnResolve: Resolved assembly: Microsoft.TestPlatform.Extensions.BlameDataCollector, from path: C:\Program Files\dotnet\sdk\3.1.300\Extensions\Microsoft.TestPlatform.Extensions.BlameDataCollector.dll
TpTrace Error: 0 : 18020, 1, 2020/12/01, 00:59:12.579, 1553350584461, datacollector.dll, The type "Microsoft.TestPlatform.Extensions.BlameDataCollector.BlameCollector" defined in "Microsoft.TestPlatform.Extensions.BlameDataCollector.dll" does not have ExtensionUri attribute.
TpTrace Information: 0 : 18020, 1, 2020/12/01, 00:59:12.579, 1553350589904, datacollector.dll, AssemblyResolver.OnResolve: Microsoft.TestPlatform.Extensions.EventLogCollector: Resolving assembly.
TpTrace Information: 0 : 18020, 1, 2020/12/01, 00:59:12.580, 1553350595953, datacollector.dll, AssemblyResolver.OnResolve: Resolved assembly: Microsoft.TestPlatform.Extensions.EventLogCollector, from path: C:\Program Files\dotnet\sdk\3.1.300\Extensions\Microsoft.TestPlatform.Extensions.EventLogCollector.dll
TpTrace Error: 0 : 18020, 1, 2020/12/01, 00:59:12.581, 1553350608548, datacollector.dll, The type "Microsoft.TestPlatform.Extensions.EventLogCollector.EventLogDataCollector" defined in "Microsoft.TestPlatform.Extensions.EventLogCollector.dll" does not have ExtensionUri attribute.
TpTrace Verbose: 0 : 18020, 1, 2020/12/01, 00:59:12.582, 1553350611803, datacollector.dll, TestPluginCache: Discovered the extensions using extension path 'C:\Program Files\dotnet\sdk\3.1.300\Extensions\Microsoft.TestPlatform.Extensions.BlameDataCollector.dll,C:\Program Files\dotnet\sdk\3.1.300\Extensions\Microsoft.TestPlatform.Extensions.EventLogCollector.dll'.
TpTrace Verbose: 0 : 18020, 1, 2020/12/01, 00:59:12.582, 1553350613172, datacollector.dll, TestPluginCache: Discoverers are ''.
TpTrace Verbose: 0 : 18020, 1, 2020/12/01, 00:59:12.582, 1553350614304, datacollector.dll, TestPluginCache: Executors are ''.
TpTrace Verbose: 0 : 18020, 1, 2020/12/01, 00:59:12.582, 1553350615391, datacollector.dll, TestPluginCache: Setting providers are ''.
TpTrace Verbose: 0 : 18020, 1, 2020/12/01, 00:59:12.582, 1553350616471, datacollector.dll, TestPluginCache: Loggers are ''.
TpTrace Information: 0 : 18020, 1, 2020/12/01, 00:59:12.583, 1553350627446, datacollector.dll, TestPluginManager.CreateTestExtension: Attempting to load test extension: Microsoft.TestPlatform.Extensions.BlameDataCollector.BlameCollector
TpTrace Error: 0 : 18020, 1, 2020/12/01, 00:59:12.583, 1553350629431, datacollector.dll, The type "Microsoft.TestPlatform.Extensions.BlameDataCollector.BlameCollector" defined in "Microsoft.TestPlatform.Extensions.BlameDataCollector.dll" does not have ExtensionUri attribute.
TpTrace Information: 0 : 18020, 1, 2020/12/01, 00:59:12.588, 1553350671096, datacollector.dll, Listening on Endpoint : 127.0.0.1:52810
TpTrace Information: 0 : 18020, 1, 2020/12/01, 00:59:12.592, 1553350720128, datacollector.dll, DataCollectionRequestHandler.ProcessRequests : DataCollection started.
TpTrace Information: 0 : 18020, 1, 2020/12/01, 00:59:12.628, 1553351075001, datacollector.dll, DataCollectionRequestHandler.ProcessRequests : Datacollector received message: (DataCollection.TestHostLaunched) -> {
  "ProcessId": 19160
}
TpTrace Information: 0 : 18020, 5, 2020/12/01, 00:59:12.842, 1553353211695, datacollector.dll, Using the buffer size of 16384 bytes
TpTrace Information: 0 : 18020, 5, 2020/12/01, 00:59:12.842, 1553353214924, datacollector.dll, Accepted Client request and set the flag
TpTrace Information: 0 : 18020, 7, 2020/12/01, 00:59:13.225, 1553357047226, datacollector.dll, DataCollectionTestCaseEventHandler: Test case starting.
TpTrace Information: 0 : 18020, 7, 2020/12/01, 00:59:13.249, 1553357289046, datacollector.dll, Blame Collector : Test Case Start
TpTrace Information: 0 : 18020, 7, 2020/12/01, 00:59:13.250, 1553357293373, datacollector.dll, DataCollectionTestCaseEventHandler: Test case started.
TpTrace Information: 0 : 18020, 7, 2020/12/01, 00:59:13.324, 1553358032587, datacollector.dll, DataCollectionTestCaseEventHandler : Test case completing.
TpTrace Information: 0 : 18020, 7, 2020/12/01, 00:59:13.328, 1553358071396, datacollector.dll, Blame Collector : Test Case End
TpTrace Error: 0 : 18020, 7, 2020/12/01, 00:59:13.343, 1553358230190, datacollector.dll, DataCollectionAttachmentManager.GetAttachments: Fail to get attachments: System.Collections.Generic.KeyNotFoundException: The given key 'Microsoft.VisualStudio.TestPlatform.ObjectModel.DataCollection.DataCollectionContext' was not present in the dictionary.
   at System.Collections.Generic.Dictionary`2.get_Item(TKey key)
   at Microsoft.VisualStudio.TestPlatform.Common.DataCollector.DataCollectionAttachmentManager.GetAttachments(DataCollectionContext dataCollectionContext) 
TpTrace Information: 0 : 18020, 7, 2020/12/01, 00:59:13.347, 1553358263728, datacollector.dll, DataCollectionTestCaseEventHandler: Test case completed
TpTrace Information: 0 : 18020, 7, 2020/12/01, 00:59:13.355, 1553358345560, datacollector.dll, DataCollectionTestCaseEventHandler: Test case starting.
TpTrace Information: 0 : 18020, 7, 2020/12/01, 00:59:13.355, 1553358349599, datacollector.dll, Blame Collector : Test Case Start
TpTrace Information: 0 : 18020, 7, 2020/12/01, 00:59:13.356, 1553358351561, datacollector.dll, DataCollectionTestCaseEventHandler: Test case started.
TpTrace Information: 0 : 18020, 7, 2020/12/01, 00:59:13.359, 1553358385412, datacollector.dll, DataCollectionTestCaseEventHandler : Test case completing.
TpTrace Information: 0 : 18020, 7, 2020/12/01, 00:59:13.359, 1553358389447, datacollector.dll, Blame Collector : Test Case End
TpTrace Error: 0 : 18020, 7, 2020/12/01, 00:59:13.360, 1553358392103, datacollector.dll, DataCollectionAttachmentManager.GetAttachments: Fail to get attachments: System.Collections.Generic.KeyNotFoundException: The given key 'Microsoft.VisualStudio.TestPlatform.ObjectModel.DataCollection.DataCollectionContext' was not present in the dictionary.
   at System.Collections.Generic.Dictionary`2.get_Item(TKey key)
   at Microsoft.VisualStudio.TestPlatform.Common.DataCollector.DataCollectionAttachmentManager.GetAttachments(DataCollectionContext dataCollectionContext) 
TpTrace Information: 0 : 18020, 7, 2020/12/01, 00:59:13.360, 1553358394069, datacollector.dll, DataCollectionTestCaseEventHandler: Test case completed
TpTrace Information: 0 : 18020, 7, 2020/12/01, 00:59:13.362, 1553358411901, datacollector.dll, DataCollectionTestCaseEventHandler: Test case starting.
TpTrace Information: 0 : 18020, 7, 2020/12/01, 00:59:13.362, 1553358415825, datacollector.dll, Blame Collector : Test Case Start
TpTrace Information: 0 : 18020, 7, 2020/12/01, 00:59:13.362, 1553358417770, datacollector.dll, DataCollectionTestCaseEventHandler: Test case started.
TpTrace Information: 0 : 18020, 7, 2020/12/01, 00:59:13.367, 1553358461473, datacollector.dll, DataCollectionTestCaseEventHandler : Test case completing.
TpTrace Information: 0 : 18020, 7, 2020/12/01, 00:59:13.367, 1553358465852, datacollector.dll, Blame Collector : Test Case End
TpTrace Error: 0 : 18020, 7, 2020/12/01, 00:59:13.367, 1553358468293, datacollector.dll, DataCollectionAttachmentManager.GetAttachments: Fail to get attachments: System.Collections.Generic.KeyNotFoundException: The given key 'Microsoft.VisualStudio.TestPlatform.ObjectModel.DataCollection.DataCollectionContext' was not present in the dictionary.
   at System.Collections.Generic.Dictionary`2.get_Item(TKey key)
   at Microsoft.VisualStudio.TestPlatform.Common.DataCollector.DataCollectionAttachmentManager.GetAttachments(DataCollectionContext dataCollectionContext) 
TpTrace Information: 0 : 18020, 7, 2020/12/01, 00:59:13.368, 1553358470477, datacollector.dll, DataCollectionTestCaseEventHandler: Test case completed
TpTrace Information: 0 : 18020, 7, 2020/12/01, 00:59:13.369, 1553358481418, datacollector.dll, DataCollectionTestCaseEventHandler: Test case starting.
TpTrace Information: 0 : 18020, 7, 2020/12/01, 00:59:13.369, 1553358485105, datacollector.dll, Blame Collector : Test Case Start
TpTrace Information: 0 : 18020, 7, 2020/12/01, 00:59:13.369, 1553358487780, datacollector.dll, DataCollectionTestCaseEventHandler: Test case started.
TpTrace Information: 0 : 18020, 7, 2020/12/01, 00:59:13.371, 1553358510203, datacollector.dll, DataCollectionTestCaseEventHandler : Test case completing.
TpTrace Information: 0 : 18020, 7, 2020/12/01, 00:59:13.372, 1553358518388, datacollector.dll, Blame Collector : Test Case End
TpTrace Error: 0 : 18020, 7, 2020/12/01, 00:59:13.373, 1553358522708, datacollector.dll, DataCollectionAttachmentManager.GetAttachments: Fail to get attachments: System.Collections.Generic.KeyNotFoundException: The given key 'Microsoft.VisualStudio.TestPlatform.ObjectModel.DataCollection.DataCollectionContext' was not present in the dictionary.
   at System.Collections.Generic.Dictionary`2.get_Item(TKey key)
   at Microsoft.VisualStudio.TestPlatform.Common.DataCollector.DataCollectionAttachmentManager.GetAttachments(DataCollectionContext dataCollectionContext) 
TpTrace Information: 0 : 18020, 7, 2020/12/01, 00:59:13.373, 1553358526311, datacollector.dll, DataCollectionTestCaseEventHandler: Test case completed
TpTrace Information: 0 : 18020, 7, 2020/12/01, 00:59:13.378, 1553358573446, datacollector.dll, DataCollectionTestCaseEventHandler: Test session ended
TpTrace Information: 0 : 18020, 1, 2020/12/01, 00:59:13.454, 1553359334724, datacollector.dll, DataCollectionRequestHandler.ProcessRequests : Datacollector received message: (DataCollection.AfterTestRunEnd) -> false
TpTrace Information: 0 : 18020, 1, 2020/12/01, 00:59:13.455, 1553359340795, datacollector.dll, Blame Collector : Session End
TpTrace Error: 0 : 18020, 1, 2020/12/01, 00:59:13.455, 1553359343785, datacollector.dll, DataCollectionAttachmentManager.GetAttachments: Fail to get attachments: System.Collections.Generic.KeyNotFoundException: The given key 'Microsoft.VisualStudio.TestPlatform.ObjectModel.DataCollection.DataCollectionContext' was not present in the dictionary.
   at System.Collections.Generic.Dictionary`2.get_Item(TKey key)
   at Microsoft.VisualStudio.TestPlatform.Common.DataCollector.DataCollectionAttachmentManager.GetAttachments(DataCollectionContext dataCollectionContext) 
TpTrace Information: 0 : 18020, 1, 2020/12/01, 00:59:13.455, 1553359345311, datacollector.dll, DataCollectionManager.CleanupPlugins: CleanupPlugins called
TpTrace Verbose: 0 : 18020, 1, 2020/12/01, 00:59:13.455, 1553359346647, datacollector.dll, DataCollectionManager.CleanupPlugins: Cleaning up 1 plugins
TpTrace Verbose: 0 : 18020, 1, 2020/12/01, 00:59:13.455, 1553359348284, datacollector.dll, dataCollectorInfo.DisposeDataCollector: calling Dispose() on Microsoft.TestPlatform.Extensions.BlameDataCollector.BlameCollector
TpTrace Information: 0 : 18020, 1, 2020/12/01, 00:59:13.455, 1553359349748, datacollector.dll, DataCollectionManager.CleanupPlugins: CleanupPlugins finished
TpTrace Information: 0 : 18020, 1, 2020/12/01, 00:59:13.456, 1553359352095, datacollector.dll, DataCollectionRequestHandler.ProcessRequests : Session End message received from server. Closing the connection.
TpTrace Information: 0 : 18020, 1, 2020/12/01, 00:59:13.456, 1553359354132, datacollector.dll, Closing the connection !
TpTrace Information: 0 : 18020, 1, 2020/12/01, 00:59:13.456, 1553359355318, datacollector.dll, DataCollectionRequestHandler.ProcessRequests : DataCollection completed
TpTrace Information: 0 : 18020, 1, 2020/12/01, 00:59:13.456, 1553359356547, datacollector.dll, Program.Main: exiting datacollector process.
