TpTrace Information: 0 : 12528, 1, 2020/12/01, 12:40:41.060, 127349423896, testhost.dll, DefaultEngineInvoker.Invoke: Testhost process started with args :[--port, 51338],[--endpoint, 127.0.0.1:051338],[--role, client],[--parentprocessid, 10208],[--diag, C:\Users\Korisnik\Documents\VVSzadaca2\eParking\Unit Testovi\bin\Debug\fine-code-coverage\_outputfolder\diagnostics.host.20-12-01_12-40-40_68844_4.log],[--tracelevel, 4],[--datacollectionport, 51337],[--telemetryoptedin, false]
TpTrace Information: 0 : 12528, 1, 2020/12/01, 12:40:41.073, 127349474352, testhost.dll, DefaultEngineInvoker.SetParentProcessExitCallback: Monitoring parent process with id: '10208'
TpTrace Information: 0 : 12528, 1, 2020/12/01, 12:40:41.087, 127349619364, testhost.dll, DefaultEngineInvoker.GetConnectionInfo: Initialize communication on endpoint address: '127.0.0.1:051338'
TpTrace Information: 0 : 12528, 1, 2020/12/01, 12:40:41.120, 127349946535, testhost.dll, SocketClient.Start: connecting to server endpoint: 127.0.0.1:051338
TpTrace Information: 0 : 12528, 1, 2020/12/01, 12:40:41.133, 127350080037, testhost.dll, DefaultEngineInvoker.ConnectToDatacollector: Connecting to datacollector, port: 51337
TpTrace Information: 0 : 12528, 4, 2020/12/01, 12:40:41.138, 127350125274, testhost.dll, SocketClient.OnServerConnected: connected to server endpoint: 127.0.0.1:051338
TpTrace Information: 0 : 12528, 1, 2020/12/01, 12:40:41.143, 127350173764, testhost.dll, Trying to connect to server on socket : 127.0.0.1:51337 
TpTrace Verbose: 0 : 12528, 1, 2020/12/01, 12:40:41.144, 127350189069, testhost.dll, SocketCommunicationManager : SetupClientAsync : Attempting to connect to the server.
TpTrace Verbose: 0 : 12528, 4, 2020/12/01, 12:40:41.144, 127350189069, testhost.dll, Connected to server, and starting MessageLoopAsync
TpTrace Information: 0 : 12528, 10, 2020/12/01, 12:40:41.149, 127350234149, testhost.dll, Connected to the server successfully 
TpTrace Information: 0 : 12528, 10, 2020/12/01, 12:40:41.149, 127350236895, testhost.dll, Using the buffer size of 16384 bytes
TpTrace Information: 0 : 12528, 1, 2020/12/01, 12:40:41.150, 127350250525, testhost.dll, DefaultEngineInvoker.Invoke: Start Request Processing.
TpTrace Verbose: 0 : 12528, 9, 2020/12/01, 12:40:41.152, 127350262702, testhost.dll, TcpClientExtensions.MessageLoopAsync: Polling on remoteEndPoint: [::ffff:127.0.0.1]:51338 localEndPoint: [::ffff:127.0.0.1]:51339
TpTrace Information: 0 : 12528, 12, 2020/12/01, 12:40:41.152, 127350269217, testhost.dll, DefaultEngineInvoker.StartProcessingAsync: Connected to vstest.console, Starting process requests.
TpTrace Verbose: 0 : 12528, 9, 2020/12/01, 12:40:41.152, 127350271929, testhost.dll, TcpClientExtensions.MessageLoopAsync: NotifyDataAvailable remoteEndPoint: [::ffff:127.0.0.1]:51338 localEndPoint: [::ffff:127.0.0.1]:51339
TpTrace Information: 0 : 12528, 9, 2020/12/01, 12:40:41.380, 127352550671, testhost.dll, TestRequestHandler.ProcessRequests: received message: (ProtocolVersion) -> 3
TpTrace Verbose: 0 : 12528, 9, 2020/12/01, 12:40:41.437, 127353113756, testhost.dll, TestRequestHandler.SendData:  sending data from testhost: {"Version":2,"MessageType":"TestSession.Message","Payload":{"MessageLevel":0,"Message":"Logging TestHost Diagnostics in file: C:\\Users\\Korisnik\\Documents\\VVSzadaca2\\eParking\\Unit Testovi\\bin\\Debug\\fine-code-coverage\\_outputfolder\\diagnostics.host.20-12-01_12-40-40_68844_4.log"}}
TpTrace Verbose: 0 : 12528, 9, 2020/12/01, 12:40:41.437, 127353117584, testhost.dll, TcpClientExtensions.MessageLoopAsync: Polling on remoteEndPoint: [::ffff:127.0.0.1]:51338 localEndPoint: [::ffff:127.0.0.1]:51339
TpTrace Verbose: 0 : 12528, 9, 2020/12/01, 12:40:41.437, 127353119139, testhost.dll, TcpClientExtensions.MessageLoopAsync: NotifyDataAvailable remoteEndPoint: [::ffff:127.0.0.1]:51338 localEndPoint: [::ffff:127.0.0.1]:51339
TpTrace Information: 0 : 12528, 9, 2020/12/01, 12:40:41.444, 127353186031, testhost.dll, TestRequestHandler.ProcessRequests: received message: (TestExecution.Initialize) -> [
  "C:\\Users\\Korisnik\\Documents\\VVSzadaca2\\eParking\\Unit Testovi\\bin\\Debug\\fine-code-coverage\\Microsoft.VisualStudio.TestPlatform.MSTest.TestAdapter.dll"
]
TpTrace Information: 0 : 12528, 9, 2020/12/01, 12:40:41.444, 127353189531, testhost.dll, Execution Session Initialize.
TpTrace Verbose: 0 : 12528, 9, 2020/12/01, 12:40:41.460, 127353349345, testhost.dll, TcpClientExtensions.MessageLoopAsync: Polling on remoteEndPoint: [::ffff:127.0.0.1]:51338 localEndPoint: [::ffff:127.0.0.1]:51339
TpTrace Verbose: 0 : 12528, 9, 2020/12/01, 12:40:41.460, 127353351631, testhost.dll, TcpClientExtensions.MessageLoopAsync: NotifyDataAvailable remoteEndPoint: [::ffff:127.0.0.1]:51338 localEndPoint: [::ffff:127.0.0.1]:51339
TpTrace Verbose: 0 : 12528, 5, 2020/12/01, 12:40:41.466, 127353405973, testhost.dll, TestExecutorService: Loading the extensions
TpTrace Information: 0 : 12528, 9, 2020/12/01, 12:40:41.467, 127353420866, testhost.dll, TestRequestHandler.ProcessRequests: received message: (TestExecution.StartWithSources) -> {
  "AdapterSourceMap": {
    "_none_": [
      "C:\\Users\\Korisnik\\Documents\\VVSzadaca2\\eParking\\Unit Testovi\\bin\\Debug\\fine-code-coverage\\Unit Testovi.dll"
    ]
  },
  "RunSettings": "<RunSettings>\r\n  <RunConfiguration>\r\n    <ResultsDirectory>C:\\Users\\Korisnik\\Documents\\VVSzadaca2\\eParking\\Unit Testovi\\bin\\Debug\\fine-code-coverage\\_outputfolder</ResultsDirectory>\r\n    <TargetPlatform>X64</TargetPlatform>\r\n    <TargetFrameworkVersion>.NETCoreApp,Version=v3.1</TargetFrameworkVersion>\r\n    <DesignMode>False</DesignMode>\r\n    <CollectSourceInformation>False</CollectSourceInformation>\r\n  </RunConfiguration>\r\n  <LoggerRunSettings>\r\n    <Loggers>\r\n      <Logger friendlyName=\"blame\" enabled=\"True\" />\r\n      <Logger friendlyName=\"Console\" uri=\"logger://microsoft/TestPlatform/ConsoleLogger/v1\" assemblyQualifiedName=\"Microsoft.VisualStudio.TestPlatform.CommandLine.Internal.ConsoleLogger, vstest.console, Version=15.0.0.0, Culture=neutral, PublicKeyToken=b03f5f7f11d50a3a\" codeBase=\"C:\\Program Files\\dotnet\\sdk\\5.0.100\\vstest.console.dll\" enabled=\"True\" />\r\n    </Loggers>\r\n  </LoggerRunSettings>\r\n  <DataCollectionRunSettings>\r\n    <DataCollectors>\r\n      <DataCollector friendlyName=\"blame\" enabled=\"True\">\r\n        <Configuration>\r\n          <ResultsDirectory>C:\\Users\\Korisnik\\Documents\\VVSzadaca2\\eParking\\Unit Testovi\\bin\\Debug\\fine-code-coverage\\_outputfolder</ResultsDirectory>\r\n        </Configuration>\r\n      </DataCollector>\r\n    </DataCollectors>\r\n  </DataCollectionRunSettings>\r\n</RunSettings>",
  "TestExecutionContext": {
    "FrequencyOfRunStatsChangeEvent": 10,
    "RunStatsChangeEventTimeout": "00:00:01.5000000",
    "InIsolation": false,
    "KeepAlive": false,
    "AreTestCaseLevelEventsRequired": false,
    "IsDebug": false,
    "TestCaseFilter": null,
    "FilterOptions": null
  },
  "Package": null
}
TpTrace Information: 0 : 12528, 9, 2020/12/01, 12:40:41.468, 127353424144, testhost.dll, Execution started.
TpTrace Verbose: 0 : 12528, 5, 2020/12/01, 12:40:41.469, 127353438037, testhost.dll, TestPluginCache.DiscoverTestExtensions: finding test extensions in assemblies endswith: TestAdapter.dll TPluginInfo: Microsoft.VisualStudio.TestPlatform.Common.ExtensionFramework.Utilities.TestExecutorPluginInformation TExtension: Microsoft.VisualStudio.TestPlatform.ObjectModel.Adapter.ITestExecutor
TpTrace Verbose: 0 : 12528, 5, 2020/12/01, 12:40:41.471, 127353457719, testhost.dll, TestPluginCache.GetExtensionPaths: Filtered extension paths: 
TpTrace Verbose: 0 : 12528, 5, 2020/12/01, 12:40:41.472, 127353464799, testhost.dll, TestPluginCache.GetExtensionPaths: Added default extension paths: C:\Users\Korisnik\Documents\VVSzadaca2\eParking\Unit Testovi\bin\Debug\fine-code-coverage\Microsoft.VisualStudio.TestPlatform.MSTest.TestAdapter.dll
TpTrace Verbose: 0 : 12528, 5, 2020/12/01, 12:40:41.472, 127353466546, testhost.dll, TestPluginCache.GetExtensionPaths: Added unfilterableExtensionPaths: 
TpTrace Information: 0 : 12528, 5, 2020/12/01, 12:40:41.476, 127353508068, testhost.dll, AssemblyResolver.ctor: Creating AssemblyResolver with searchDirectories C:\Users\Korisnik\Documents\VVSzadaca2\eParking\Unit Testovi\bin\Debug\fine-code-coverage
TpTrace Verbose: 0 : 12528, 5, 2020/12/01, 12:40:41.480, 127353544953, testhost.dll, TestPluginCache.DiscoverTestExtensions: Discovering the extensions using extension path.
TpTrace Verbose: 0 : 12528, 5, 2020/12/01, 12:40:41.480, 127353547773, testhost.dll, TestPluginCache.GetExtensionPaths: Filtered extension paths: 
TpTrace Verbose: 0 : 12528, 5, 2020/12/01, 12:40:41.480, 127353549271, testhost.dll, TestPluginCache.GetExtensionPaths: Added default extension paths: C:\Users\Korisnik\Documents\VVSzadaca2\eParking\Unit Testovi\bin\Debug\fine-code-coverage\Microsoft.VisualStudio.TestPlatform.MSTest.TestAdapter.dll
TpTrace Verbose: 0 : 12528, 5, 2020/12/01, 12:40:41.480, 127353550658, testhost.dll, TestPluginCache.GetExtensionPaths: Added unfilterableExtensionPaths: 
TpTrace Verbose: 0 : 12528, 5, 2020/12/01, 12:40:41.481, 127353553702, testhost.dll, TestPluginCache.DiscoverTestExtensions: Discovering the extensions using allExtensionPaths: C:\Users\Korisnik\Documents\VVSzadaca2\eParking\Unit Testovi\bin\Debug\fine-code-coverage\Microsoft.VisualStudio.TestPlatform.MSTest.TestAdapter.dll
TpTrace Information: 0 : 12528, 5, 2020/12/01, 12:40:41.483, 127353573749, testhost.dll, AssemblyResolver.AddSearchDirectories: Adding more searchDirectories C:\Users\Korisnik\Documents\VVSzadaca2\eParking\Unit Testovi\bin\Debug\fine-code-coverage
TpTrace Information: 0 : 12528, 5, 2020/12/01, 12:40:41.494, 127353688045, testhost.dll, AssemblyResolver.OnResolve: Microsoft.VisualStudio.TestPlatform.MSTest.TestAdapter: Resolving assembly.
TpTrace Information: 0 : 12528, 5, 2020/12/01, 12:40:41.498, 127353728511, testhost.dll, AssemblyResolver.OnResolve: Resolved assembly: Microsoft.VisualStudio.TestPlatform.MSTest.TestAdapter, from path: C:\Users\Korisnik\Documents\VVSzadaca2\eParking\Unit Testovi\bin\Debug\fine-code-coverage\Microsoft.VisualStudio.TestPlatform.MSTest.TestAdapter.dll
TpTrace Information: 0 : 12528, 5, 2020/12/01, 12:40:41.503, 127353776126, testhost.dll, AssemblyResolver.OnResolve: Microsoft.VisualStudio.TestPlatform.MSTestAdapter.PlatformServices.Interface: Resolving assembly.
TpTrace Information: 0 : 12528, 5, 2020/12/01, 12:40:41.505, 127353797284, testhost.dll, AssemblyResolver.OnResolve: Resolved assembly: Microsoft.VisualStudio.TestPlatform.MSTestAdapter.PlatformServices.Interface, from path: C:\Users\Korisnik\Documents\VVSzadaca2\eParking\Unit Testovi\bin\Debug\fine-code-coverage\Microsoft.VisualStudio.TestPlatform.MSTestAdapter.PlatformServices.Interface.dll
TpTrace Information: 0 : 12528, 5, 2020/12/01, 12:40:41.506, 127353805035, testhost.dll, AssemblyResolver.OnResolve: Microsoft.VisualStudio.TestPlatform.MSTestAdapter.PlatformServices: Resolving assembly.
TpTrace Information: 0 : 12528, 5, 2020/12/01, 12:40:41.508, 127353827571, testhost.dll, AssemblyResolver.OnResolve: Resolved assembly: Microsoft.VisualStudio.TestPlatform.MSTestAdapter.PlatformServices, from path: C:\Users\Korisnik\Documents\VVSzadaca2\eParking\Unit Testovi\bin\Debug\fine-code-coverage\Microsoft.VisualStudio.TestPlatform.MSTestAdapter.PlatformServices.dll
TpTrace Verbose: 0 : 12528, 5, 2020/12/01, 12:40:41.520, 127353949646, testhost.dll, TestPluginCache: Discovered the extensions using extension path ''.
TpTrace Verbose: 0 : 12528, 5, 2020/12/01, 12:40:41.521, 127353958252, testhost.dll, TestPluginCache: Discoverers are ''.
TpTrace Verbose: 0 : 12528, 5, 2020/12/01, 12:40:41.521, 127353960345, testhost.dll, TestPluginCache: Executors are 'executor://MSTestAdapter/v2'.
TpTrace Verbose: 0 : 12528, 5, 2020/12/01, 12:40:41.522, 127353962591, testhost.dll, TestPluginCache: Setting providers are ''.
TpTrace Verbose: 0 : 12528, 9, 2020/12/01, 12:40:41.522, 127353964044, testhost.dll, TcpClientExtensions.MessageLoopAsync: Polling on remoteEndPoint: [::ffff:127.0.0.1]:51338 localEndPoint: [::ffff:127.0.0.1]:51339
TpTrace Verbose: 0 : 12528, 5, 2020/12/01, 12:40:41.522, 127353964869, testhost.dll, TestPluginCache: Loggers are ''.
TpTrace Information: 0 : 12528, 5, 2020/12/01, 12:40:41.532, 127354066653, testhost.dll, TestPluginManager.CreateTestExtension: Attempting to load test extension: Microsoft.VisualStudio.TestPlatform.MSTest.TestAdapter.MSTestExecutor
TpTrace Verbose: 0 : 12528, 5, 2020/12/01, 12:40:41.538, 127354126590, testhost.dll, TestExecutorExtensionManager: Loading executor Microsoft.VisualStudio.TestPlatform.MSTest.TestAdapter.MSTestExecutor
TpTrace Verbose: 0 : 12528, 5, 2020/12/01, 12:40:41.538, 127354128316, testhost.dll, TestExecutorService: Loaded the executors
TpTrace Verbose: 0 : 12528, 5, 2020/12/01, 12:40:41.540, 127354143555, testhost.dll, TestPluginCache.DiscoverTestExtensions: finding test extensions in assemblies endswith: TestAdapter.dll TPluginInfo: Microsoft.VisualStudio.TestPlatform.Common.ExtensionFramework.Utilities.TestSettingsProviderPluginInformation TExtension: Microsoft.VisualStudio.TestPlatform.ObjectModel.Adapter.ISettingsProvider
TpTrace Verbose: 0 : 12528, 5, 2020/12/01, 12:40:41.540, 127354149093, testhost.dll, TestPluginCache.GetExtensionPaths: Filtered extension paths: 
TpTrace Verbose: 0 : 12528, 5, 2020/12/01, 12:40:41.540, 127354150449, testhost.dll, TestPluginCache.GetExtensionPaths: Added default extension paths: C:\Users\Korisnik\Documents\VVSzadaca2\eParking\Unit Testovi\bin\Debug\fine-code-coverage\Microsoft.VisualStudio.TestPlatform.MSTest.TestAdapter.dll
TpTrace Verbose: 0 : 12528, 5, 2020/12/01, 12:40:41.540, 127354151621, testhost.dll, TestPluginCache.GetExtensionPaths: Added unfilterableExtensionPaths: 
TpTrace Information: 0 : 12528, 5, 2020/12/01, 12:40:41.541, 127354155205, testhost.dll, AssemblyResolver.AddSearchDirectories: Adding more searchDirectories C:\Users\Korisnik\Documents\VVSzadaca2\eParking\Unit Testovi\bin\Debug\fine-code-coverage
TpTrace Verbose: 0 : 12528, 5, 2020/12/01, 12:40:41.541, 127354156673, testhost.dll, TestPluginCache.DiscoverTestExtensions: Discovering the extensions using extension path.
TpTrace Verbose: 0 : 12528, 5, 2020/12/01, 12:40:41.541, 127354157826, testhost.dll, TestPluginCache.GetExtensionPaths: Filtered extension paths: 
TpTrace Verbose: 0 : 12528, 5, 2020/12/01, 12:40:41.541, 127354158894, testhost.dll, TestPluginCache.GetExtensionPaths: Added default extension paths: C:\Users\Korisnik\Documents\VVSzadaca2\eParking\Unit Testovi\bin\Debug\fine-code-coverage\Microsoft.VisualStudio.TestPlatform.MSTest.TestAdapter.dll
TpTrace Verbose: 0 : 12528, 5, 2020/12/01, 12:40:41.541, 127354159950, testhost.dll, TestPluginCache.GetExtensionPaths: Added unfilterableExtensionPaths: 
TpTrace Verbose: 0 : 12528, 5, 2020/12/01, 12:40:41.541, 127354161119, testhost.dll, TestPluginCache.DiscoverTestExtensions: Discovering the extensions using allExtensionPaths: C:\Users\Korisnik\Documents\VVSzadaca2\eParking\Unit Testovi\bin\Debug\fine-code-coverage\Microsoft.VisualStudio.TestPlatform.MSTest.TestAdapter.dll
TpTrace Information: 0 : 12528, 5, 2020/12/01, 12:40:41.542, 127354162379, testhost.dll, AssemblyResolver.AddSearchDirectories: Adding more searchDirectories C:\Users\Korisnik\Documents\VVSzadaca2\eParking\Unit Testovi\bin\Debug\fine-code-coverage
TpTrace Verbose: 0 : 12528, 5, 2020/12/01, 12:40:41.542, 127354166682, testhost.dll, TestPluginCache: Discovered the extensions using extension path ''.
TpTrace Verbose: 0 : 12528, 5, 2020/12/01, 12:40:41.542, 127354167924, testhost.dll, TestPluginCache: Discoverers are ''.
TpTrace Verbose: 0 : 12528, 5, 2020/12/01, 12:40:41.542, 127354169203, testhost.dll, TestPluginCache: Executors are 'executor://MSTestAdapter/v2'.
TpTrace Verbose: 0 : 12528, 5, 2020/12/01, 12:40:41.542, 127354170957, testhost.dll, TestPluginCache: Setting providers are ''.
TpTrace Verbose: 0 : 12528, 5, 2020/12/01, 12:40:41.542, 127354172193, testhost.dll, TestPluginCache: Loggers are ''.
TpTrace Verbose: 0 : 12528, 5, 2020/12/01, 12:40:41.544, 127354188537, testhost.dll, TestExecutorService: Loaded the settings providers
TpTrace Information: 0 : 12528, 5, 2020/12/01, 12:40:41.544, 127354189954, testhost.dll, TestExecutorService: Loaded the extensions
TpTrace Information: 0 : 12528, 5, 2020/12/01, 12:40:41.714, 127355887247, testhost.dll, TestDiscoveryManager: Discovering tests from sources C:\Users\Korisnik\Documents\VVSzadaca2\eParking\Unit Testovi\bin\Debug\fine-code-coverage\Unit Testovi.dll
TpTrace Verbose: 0 : 12528, 5, 2020/12/01, 12:40:41.718, 127355922838, testhost.dll, TestPluginCache.DiscoverTestExtensions: finding test extensions in assemblies endswith: TestAdapter.dll TPluginInfo: Microsoft.VisualStudio.TestPlatform.Common.ExtensionFramework.Utilities.TestDiscovererPluginInformation TExtension: Microsoft.VisualStudio.TestPlatform.ObjectModel.Adapter.ITestDiscoverer
TpTrace Verbose: 0 : 12528, 5, 2020/12/01, 12:40:41.718, 127355925685, testhost.dll, TestPluginCache.GetExtensionPaths: Filtered extension paths: 
TpTrace Verbose: 0 : 12528, 5, 2020/12/01, 12:40:41.718, 127355927017, testhost.dll, TestPluginCache.GetExtensionPaths: Added default extension paths: C:\Users\Korisnik\Documents\VVSzadaca2\eParking\Unit Testovi\bin\Debug\fine-code-coverage\Microsoft.VisualStudio.TestPlatform.MSTest.TestAdapter.dll
TpTrace Verbose: 0 : 12528, 5, 2020/12/01, 12:40:41.718, 127355928184, testhost.dll, TestPluginCache.GetExtensionPaths: Added unfilterableExtensionPaths: 
TpTrace Information: 0 : 12528, 5, 2020/12/01, 12:40:41.718, 127355930896, testhost.dll, AssemblyResolver.AddSearchDirectories: Adding more searchDirectories C:\Users\Korisnik\Documents\VVSzadaca2\eParking\Unit Testovi\bin\Debug\fine-code-coverage
TpTrace Verbose: 0 : 12528, 5, 2020/12/01, 12:40:41.718, 127355932221, testhost.dll, TestPluginCache.DiscoverTestExtensions: Discovering the extensions using extension path.
TpTrace Verbose: 0 : 12528, 5, 2020/12/01, 12:40:41.719, 127355933354, testhost.dll, TestPluginCache.GetExtensionPaths: Filtered extension paths: 
TpTrace Verbose: 0 : 12528, 5, 2020/12/01, 12:40:41.719, 127355934434, testhost.dll, TestPluginCache.GetExtensionPaths: Added default extension paths: C:\Users\Korisnik\Documents\VVSzadaca2\eParking\Unit Testovi\bin\Debug\fine-code-coverage\Microsoft.VisualStudio.TestPlatform.MSTest.TestAdapter.dll
TpTrace Verbose: 0 : 12528, 5, 2020/12/01, 12:40:41.719, 127355935519, testhost.dll, TestPluginCache.GetExtensionPaths: Added unfilterableExtensionPaths: 
TpTrace Verbose: 0 : 12528, 5, 2020/12/01, 12:40:41.719, 127355936673, testhost.dll, TestPluginCache.DiscoverTestExtensions: Discovering the extensions using allExtensionPaths: C:\Users\Korisnik\Documents\VVSzadaca2\eParking\Unit Testovi\bin\Debug\fine-code-coverage\Microsoft.VisualStudio.TestPlatform.MSTest.TestAdapter.dll
TpTrace Information: 0 : 12528, 5, 2020/12/01, 12:40:41.719, 127355938086, testhost.dll, AssemblyResolver.AddSearchDirectories: Adding more searchDirectories C:\Users\Korisnik\Documents\VVSzadaca2\eParking\Unit Testovi\bin\Debug\fine-code-coverage
TpTrace Verbose: 0 : 12528, 5, 2020/12/01, 12:40:41.725, 127355998232, testhost.dll, TestPluginCache: Discovered the extensions using extension path ''.
TpTrace Verbose: 0 : 12528, 5, 2020/12/01, 12:40:41.725, 127356001235, testhost.dll, TestPluginCache: Discoverers are 'Microsoft.VisualStudio.TestPlatform.MSTest.TestAdapter.MSTestDiscoverer, Microsoft.VisualStudio.TestPlatform.MSTest.TestAdapter, Version=14.0.0.0, Culture=neutral, PublicKeyToken=b03f5f7f11d50a3a'.
TpTrace Verbose: 0 : 12528, 5, 2020/12/01, 12:40:41.726, 127356003303, testhost.dll, TestPluginCache: Executors are 'executor://MSTestAdapter/v2'.
TpTrace Verbose: 0 : 12528, 5, 2020/12/01, 12:40:41.726, 127356005179, testhost.dll, TestPluginCache: Setting providers are ''.
TpTrace Verbose: 0 : 12528, 5, 2020/12/01, 12:40:41.726, 127356006959, testhost.dll, TestPluginCache: Loggers are ''.
TpTrace Verbose: 0 : 12528, 5, 2020/12/01, 12:40:41.737, 127356115745, testhost.dll, BaseRunTests.RunTestInternalWithExecutors: Running tests for executor://MSTestAdapter/v2
TpTrace Information: 0 : 12528, 5, 2020/12/01, 12:40:41.861, 127357352654, testhost.dll, AssemblyResolver.OnResolve: Microsoft.VisualStudio.TestPlatform.MSTestAdapter.PlatformServices.resources: Resolving assembly.
TpTrace Information: 0 : 12528, 5, 2020/12/01, 12:40:41.861, 127357359368, testhost.dll, AssemblyResolver.OnResolve: Microsoft.VisualStudio.TestPlatform.MSTestAdapter.PlatformServices.resources: Failed to load assembly.
TpTrace Information: 0 : 12528, 5, 2020/12/01, 12:40:41.862, 127357370143, testhost.dll, AssemblyResolver.OnResolve: Microsoft.VisualStudio.TestPlatform.MSTestAdapter.PlatformServices.resources: Resolving assembly.
TpTrace Information: 0 : 12528, 5, 2020/12/01, 12:40:41.863, 127357373694, testhost.dll, AssemblyResolver.OnResolve: Microsoft.VisualStudio.TestPlatform.MSTestAdapter.PlatformServices.resources: Resolved from cache.
TpTrace Verbose: 0 : 12528, 5, 2020/12/01, 12:40:41.903, 127357780003, testhost.dll, TestExecutionRecorder.RecordStart: Starting test: Unit_Testovi.NoviTestovi.TestZamjenskiObjekat.
TpTrace Information: 0 : 12528, 5, 2020/12/01, 12:40:42.096, 127359704224, testhost.dll, AssemblyResolver.OnResolve: Microsoft.VisualStudio.TestPlatform.MSTest.TestAdapter.resources: Resolving assembly.
TpTrace Information: 0 : 12528, 5, 2020/12/01, 12:40:42.096, 127359708660, testhost.dll, AssemblyResolver.OnResolve: Microsoft.VisualStudio.TestPlatform.MSTest.TestAdapter.resources: Failed to load assembly.
TpTrace Verbose: 0 : 12528, 5, 2020/12/01, 12:40:42.155, 127360298417, testhost.dll, TestExecutionRecorder.RecordEnd: test: Unit_Testovi.NoviTestovi.TestZamjenskiObjekat execution completed.
TpTrace Verbose: 0 : 12528, 5, 2020/12/01, 12:40:42.181, 127360554346, testhost.dll, TestExecutionRecorder.RecordResult: Received result for test: Unit_Testovi.NoviTestovi.TestZamjenskiObjekat.
TpTrace Warning: 0 : 12528, 5, 2020/12/01, 12:40:42.186, 127360611535, testhost.dll, InProgressTests is null
TpTrace Warning: 0 : 12528, 5, 2020/12/01, 12:40:42.190, 127360643704, testhost.dll, TestRunCache: No test found corresponding to testResult 'TestZamjenskiObjekat  Failed
  Message: Test method Unit_Testovi.NoviTestovi.TestZamjenskiObjekat threw exception: 
System.NotImplementedException: The method or operation is not implemented.
  StackTrace:
    at eParking.Transakcija.DajVrijemeDolaska(Vozilo vozilo) in C:\Users\User\source\repos\VVSzadaca2\eParking\eParking\Transakcija.cs:line 16
   at eParking.Parking.OslobodiParkingMjesto(ITransakcija transakcija, Clan c) in C:\Users\User\source\repos\VVSzadaca2\eParking\eParking\Parking.cs:line 130
   at Unit_Testovi.NoviTestovi.TestZamjenskiObjekat() in C:\Users\Korisnik\Documents\VVSzadaca2\eParking\Unit Testovi\NoviTestovi.cs:line 26
' in inProgress list.
TpTrace Verbose: 0 : 12528, 5, 2020/12/01, 12:40:42.190, 127360646529, testhost.dll, TestExecutionRecorder.RecordStart: Starting test: Unit_Testovi.NoviTestovi.TestZaradaJednaUlica.
TpTrace Verbose: 0 : 12528, 5, 2020/12/01, 12:40:42.197, 127360721036, testhost.dll, TestExecutionRecorder.RecordEnd: test: Unit_Testovi.NoviTestovi.TestZaradaJednaUlica execution completed.
TpTrace Verbose: 0 : 12528, 5, 2020/12/01, 12:40:42.200, 127360743105, testhost.dll, TestExecutionRecorder.RecordResult: Received result for test: Unit_Testovi.NoviTestovi.TestZaradaJednaUlica.
TpTrace Warning: 0 : 12528, 5, 2020/12/01, 12:40:42.200, 127360745163, testhost.dll, InProgressTests is null
TpTrace Warning: 0 : 12528, 5, 2020/12/01, 12:40:42.200, 127360748250, testhost.dll, TestRunCache: No test found corresponding to testResult 'TestZaradaJednaUlica  Passed' in inProgress list.
TpTrace Verbose: 0 : 12528, 5, 2020/12/01, 12:40:42.200, 127360749702, testhost.dll, TestExecutionRecorder.RecordStart: Starting test: Unit_Testovi.NoviTestovi.TestZaradaVišeUlica.
TpTrace Verbose: 0 : 12528, 5, 2020/12/01, 12:40:42.204, 127360792124, testhost.dll, TestExecutionRecorder.RecordEnd: test: Unit_Testovi.NoviTestovi.TestZaradaVišeUlica execution completed.
TpTrace Verbose: 0 : 12528, 5, 2020/12/01, 12:40:42.206, 127360811679, testhost.dll, TestExecutionRecorder.RecordResult: Received result for test: Unit_Testovi.NoviTestovi.TestZaradaVišeUlica.
TpTrace Warning: 0 : 12528, 5, 2020/12/01, 12:40:42.207, 127360813543, testhost.dll, InProgressTests is null
TpTrace Warning: 0 : 12528, 5, 2020/12/01, 12:40:42.207, 127360814878, testhost.dll, TestRunCache: No test found corresponding to testResult 'TestZaradaVišeUlica  Passed' in inProgress list.
TpTrace Verbose: 0 : 12528, 5, 2020/12/01, 12:40:42.207, 127360816172, testhost.dll, TestExecutionRecorder.RecordStart: Starting test: Unit_Testovi.NoviTestovi.TestZaradaIzuzetak.
TpTrace Verbose: 0 : 12528, 5, 2020/12/01, 12:40:42.216, 127360902594, testhost.dll, TestExecutionRecorder.RecordEnd: test: Unit_Testovi.NoviTestovi.TestZaradaIzuzetak execution completed.
TpTrace Verbose: 0 : 12528, 5, 2020/12/01, 12:40:42.217, 127360921043, testhost.dll, TestExecutionRecorder.RecordResult: Received result for test: Unit_Testovi.NoviTestovi.TestZaradaIzuzetak.
TpTrace Warning: 0 : 12528, 5, 2020/12/01, 12:40:42.218, 127360922744, testhost.dll, InProgressTests is null
TpTrace Warning: 0 : 12528, 5, 2020/12/01, 12:40:42.218, 127360923961, testhost.dll, TestRunCache: No test found corresponding to testResult 'TestZaradaIzuzetak  Passed' in inProgress list.
TpTrace Verbose: 0 : 12528, 5, 2020/12/01, 12:40:42.221, 127360954773, testhost.dll, BaseRunTests.RunTestInternalWithExecutors: Completed running tests for executor://MSTestAdapter/v2
TpTrace Information: 0 : 12528, 5, 2020/12/01, 12:40:42.228, 127361023658, testhost.dll, Sending test run complete
TpTrace Verbose: 0 : 12528, 5, 2020/12/01, 12:40:42.290, 127361651636, testhost.dll, TestRequestHandler.SendData:  sending data from testhost: {"Version":2,"MessageType":"TestExecution.Completed","Payload":{"TestRunCompleteArgs":{"TestRunStatistics":{"ExecutedTests":4,"Stats":{"Failed":1,"Passed":3}},"IsCanceled":false,"IsAborted":false,"Error":null,"AttachmentSets":[],"ElapsedTimeInRunningTests":"00:00:00.4905597","Metrics":{}},"LastRunTests":{"NewTestResults":[{"TestCase":{"Id":"aef9dec6-1181-fac1-2596-b31421e8da47","FullyQualifiedName":"Unit_Testovi.NoviTestovi.TestZamjenskiObjekat","DisplayName":"TestZamjenskiObjekat","ExecutorUri":"executor://MSTestAdapter/v2","Source":"C:\\Users\\Korisnik\\Documents\\VVSzadaca2\\eParking\\Unit Testovi\\bin\\Debug\\fine-code-coverage\\Unit Testovi.dll","CodeFilePath":null,"LineNumber":-1,"Properties":[{"Key":{"Id":"MSTestDiscoverer.TestClassName","Label":"ClassName","Category":"","Description":"","Attributes":1,"ValueType":"System.String"},"Value":"Unit_Testovi.NoviTestovi"},{"Key":{"Id":"TestObject.Traits","Label":"Traits","Category":"","Description":"","Attributes":5,"ValueType":"System.Collections.Generic.KeyValuePair`2[[System.String],[System.String]][]"},"Value":[]}]},"Attachments":[],"Outcome":2,"ErrorMessage":"Test method Unit_Testovi.NoviTestovi.TestZamjenskiObjekat threw exception: \r\nSystem.NotImplementedException: The method or operation is not implemented.","ErrorStackTrace":"    at eParking.Transakcija.DajVrijemeDolaska(Vozilo vozilo) in C:\\Users\\User\\source\\repos\\VVSzadaca2\\eParking\\eParking\\Transakcija.cs:line 16\r\n   at eParking.Parking.OslobodiParkingMjesto(ITransakcija transakcija, Clan c) in C:\\Users\\User\\source\\repos\\VVSzadaca2\\eParking\\eParking\\Parking.cs:line 130\r\n   at Unit_Testovi.NoviTestovi.TestZamjenskiObjekat() in C:\\Users\\Korisnik\\Documents\\VVSzadaca2\\eParking\\Unit Testovi\\NoviTestovi.cs:line 26\r\n","DisplayName":null,"Messages":[],"ComputerName":null,"Duration":"00:00:00.0638024","StartTime":"2020-12-01T12:40:42.0333013+01:00","EndTime":"2020-12-01T12:40:42.1472376+01:00","Properties":[{"Key":{"Id":"ExecutionId","Label":"ExecutionId","Category":"","Description":"","Attributes":1,"ValueType":"System.Guid"},"Value":"00000000-0000-0000-0000-000000000000"},{"Key":{"Id":"ParentExecId","Label":"ParentExecId","Category":"","Description":"","Attributes":1,"ValueType":"System.Guid"},"Value":"00000000-0000-0000-0000-000000000000"},{"Key":{"Id":"InnerResultsCount","Label":"InnerResultsCount","Category":"","Description":"","Attributes":1,"ValueType":"System.Int32"},"Value":0}]},{"TestCase":{"Id":"a8dca9e6-8dfc-7e57-c23e-5c068592f412","FullyQualifiedName":"Unit_Testovi.NoviTestovi.TestZaradaJednaUlica","DisplayName":"TestZaradaJednaUlica","ExecutorUri":"executor://MSTestAdapter/v2","Source":"C:\\Users\\Korisnik\\Documents\\VVSzadaca2\\eParking\\Unit Testovi\\bin\\Debug\\fine-code-coverage\\Unit Testovi.dll","CodeFilePath":null,"LineNumber":-1,"Properties":[{"Key":{"Id":"MSTestDiscoverer.TestClassName","Label":"ClassName","Category":"","Description":"","Attributes":1,"ValueType":"System.String"},"Value":"Unit_Testovi.NoviTestovi"},{"Key":{"Id":"TestObject.Traits","Label":"Traits","Category":"","Description":"","Attributes":5,"ValueType":"System.Collections.Generic.KeyValuePair`2[[System.String],[System.String]][]"},"Value":[]}]},"Attachments":[],"Outcome":1,"ErrorMessage":null,"ErrorStackTrace":null,"DisplayName":null,"Messages":[],"ComputerName":null,"Duration":"00:00:00.0045084","StartTime":"2020-12-01T12:40:42.192874+01:00","EndTime":"2020-12-01T12:40:42.1978449+01:00","Properties":[{"Key":{"Id":"ExecutionId","Label":"ExecutionId","Category":"","Description":"","Attributes":1,"ValueType":"System.Guid"},"Value":"00000000-0000-0000-0000-000000000000"},{"Key":{"Id":"ParentExecId","Label":"ParentExecId","Category":"","Description":"","Attributes":1,"ValueType":"System.Guid"},"Value":"00000000-0000-0000-0000-000000000000"},{"Key":{"Id":"InnerResultsCount","Label":"InnerResultsCount","Category":"","Description":"","Attributes":1,"ValueType":"System.Int32"},"Value":0}]},{"TestCase":{"Id":"ca1feca8-37cf-3c7e-a2cd-519c06c5a2f3","FullyQualifiedName":"Unit_Testovi.NoviTestovi.TestZaradaVišeUlica","DisplayName":"TestZaradaVišeUlica","ExecutorUri":"executor://MSTestAdapter/v2","Source":"C:\\Users\\Korisnik\\Documents\\VVSzadaca2\\eParking\\Unit Testovi\\bin\\Debug\\fine-code-coverage\\Unit Testovi.dll","CodeFilePath":null,"LineNumber":-1,"Properties":[{"Key":{"Id":"MSTestDiscoverer.TestClassName","Label":"ClassName","Category":"","Description":"","Attributes":1,"ValueType":"System.String"},"Value":"Unit_Testovi.NoviTestovi"},{"Key":{"Id":"TestObject.Traits","Label":"Traits","Category":"","Description":"","Attributes":5,"ValueType":"System.Collections.Generic.KeyValuePair`2[[System.String],[System.String]][]"},"Value":[]}]},"Attachments":[],"Outcome":1,"ErrorMessage":null,"ErrorStackTrace":null,"DisplayName":null,"Messages":[],"ComputerName":null,"Duration":"00:00:00.0012468","StartTime":"2020-12-01T12:40:42.2035145+01:00","EndTime":"2020-12-01T12:40:42.2049706+01:00","Properties":[{"Key":{"Id":"ExecutionId","Label":"ExecutionId","Category":"","Description":"","Attributes":1,"ValueType":"System.Guid"},"Value":"00000000-0000-0000-0000-000000000000"},{"Key":{"Id":"ParentExecId","Label":"ParentExecId","Category":"","Description":"","Attributes":1,"ValueType":"System.Guid"},"Value":"00000000-0000-0000-0000-000000000000"},{"Key":{"Id":"InnerResultsCount","Label":"InnerResultsCount","Category":"","Description":"","Attributes":1,"ValueType":"System.Int32"},"Value":0}]},{"TestCase":{"Id":"33f89b9a-9740-f7af-d21f-c1531cf06b05","FullyQualifiedName":"Unit_Testovi.NoviTestovi.TestZaradaIzuzetak","DisplayName":"TestZaradaIzuzetak","ExecutorUri":"executor://MSTestAdapter/v2","Source":"C:\\Users\\Korisnik\\Documents\\VVSzadaca2\\eParking\\Unit Testovi\\bin\\Debug\\fine-code-coverage\\Unit Testovi.dll","CodeFilePath":null,"LineNumber":-1,"Properties":[{"Key":{"Id":"MSTestDiscoverer.TestClassName","Label":"ClassName","Category":"","Description":"","Attributes":1,"ValueType":"System.String"},"Value":"Unit_Testovi.NoviTestovi"},{"Key":{"Id":"TestObject.Traits","Label":"Traits","Category":"","Description":"","Attributes":5,"ValueType":"System.Collections.Generic.KeyValuePair`2[[System.String],[System.String]][]"},"Value":[]}]},"Attachments":[],"Outcome":1,"ErrorMessage":null,"ErrorStackTrace":null,"DisplayName":null,"Messages":[],"ComputerName":null,"Duration":"00:00:00.0021790","StartTime":"2020-12-01T12:40:42.2134842+01:00","EndTime":"2020-12-01T12:40:42.2160124+01:00","Properties":[{"Key":{"Id":"ExecutionId","Label":"ExecutionId","Category":"","Description":"","Attributes":1,"ValueType":"System.Guid"},"Value":"00000000-0000-0000-0000-000000000000"},{"Key":{"Id":"ParentExecId","Label":"ParentExecId","Category":"","Description":"","Attributes":1,"ValueType":"System.Guid"},"Value":"00000000-0000-0000-0000-000000000000"},{"Key":{"Id":"InnerResultsCount","Label":"InnerResultsCount","Category":"","Description":"","Attributes":1,"ValueType":"System.Int32"},"Value":0}]}],"TestRunStatistics":{"ExecutedTests":4,"Stats":{"Failed":1,"Passed":3}},"ActiveTests":[]},"RunAttachments":[],"ExecutorUris":["executor://mstestadapter/v2"]}}
TpTrace Verbose: 0 : 12528, 5, 2020/12/01, 12:40:42.291, 127361661780, testhost.dll, BaseRunTests.RunTests: Run is complete.
TpTrace Verbose: 0 : 12528, 9, 2020/12/01, 12:40:42.294, 127361689016, testhost.dll, TcpClientExtensions.MessageLoopAsync: NotifyDataAvailable remoteEndPoint: [::ffff:127.0.0.1]:51338 localEndPoint: [::ffff:127.0.0.1]:51339
TpTrace Information: 0 : 12528, 9, 2020/12/01, 12:40:42.294, 127361691469, testhost.dll, TestRequestHandler.ProcessRequests: received message: (TestSession.Terminate) -> null
TpTrace Information: 0 : 12528, 9, 2020/12/01, 12:40:42.295, 127361692690, testhost.dll, Session End message received from server. Closing the connection.
TpTrace Information: 0 : 12528, 9, 2020/12/01, 12:40:42.295, 127361700191, testhost.dll, SocketClient.Stop: Stop communication from server endpoint: 127.0.0.1:051338
TpTrace Information: 0 : 12528, 9, 2020/12/01, 12:40:42.296, 127361702254, testhost.dll, SocketClient: Stop: Cancellation requested. Stopping message loop.
TpTrace Verbose: 0 : 12528, 9, 2020/12/01, 12:40:42.296, 127361712001, testhost.dll, LengthPrefixCommunicationChannel.Dispose: Dispose reader and writer.
TpTrace Information: 0 : 12528, 9, 2020/12/01, 12:40:42.297, 127361713815, testhost.dll, Closing the connection !
TpTrace Information: 0 : 12528, 1, 2020/12/01, 12:40:42.297, 127361714906, testhost.dll, Closing the connection !
TpTrace Information: 0 : 12528, 1, 2020/12/01, 12:40:42.297, 127361716787, testhost.dll, SocketClient.Stop: Stop communication from server endpoint: 127.0.0.1:051338
TpTrace Information: 0 : 12528, 1, 2020/12/01, 12:40:42.297, 127361718076, testhost.dll, SocketClient: Stop: Cancellation requested. Stopping message loop.
TpTrace Information: 0 : 12528, 9, 2020/12/01, 12:40:42.297, 127361718955, testhost.dll, SocketClient.PrivateStop: Stop communication from server endpoint: 127.0.0.1:051338, error:
TpTrace Verbose: 0 : 12528, 1, 2020/12/01, 12:40:42.297, 127361719808, testhost.dll, LengthPrefixCommunicationChannel.Dispose: Dispose reader and writer.
TpTrace Verbose: 0 : 12528, 9, 2020/12/01, 12:40:42.297, 127361722194, testhost.dll, LengthPrefixCommunicationChannel.Dispose: Dispose reader and writer.
TpTrace Information: 0 : 12528, 1, 2020/12/01, 12:40:42.298, 127361723752, testhost.dll, Testhost process exiting.
TpTrace Verbose: 0 : 12528, 9, 2020/12/01, 12:40:42.298, 127361725341, testhost.dll, TcpClientExtensions.MessageLoopAsync: exiting MessageLoopAsync remoteEndPoint: [::ffff:127.0.0.1]:51338 localEndPoint: [::ffff:127.0.0.1]:51339
