<?xml version="1.0" encoding="utf-8"?>
<!DOCTYPE coverage SYSTEM "http://cobertura.sourceforge.net/xml/coverage-04.dtd">
<coverage line-rate="0.9452830188679245" branch-rate="0.9897959183673469" lines-covered="501" lines-valid="530" branches-covered="97" branches-valid="98" complexity="180" version="0" timestamp="1606831227">
  <sources>
    <source>C:\Users\Korisnik\</source>
  </sources>
  <packages>
    <package name="eParking" line-rate="0.9953917050691244" branch-rate="0.9895833333333334" complexity="123">
      <classes>
        <class name="eParking.Clan" filename="C:\Users\Korisnik\Documents\VVSzadaca2\eParking\eParking\Clan.cs" line-rate="1" branch-rate="1" complexity="19">
          <methods>
            <method name="get_Password" signature="()" line-rate="1" branch-rate="1" complexity="1">
              <lines>
                <line number="27" hits="1" branch="false" />
              </lines>
            </method>
            <method name="set_Password" signature="(...)" line-rate="1" branch-rate="1" complexity="6">
              <lines>
                <line number="29" hits="15" branch="false" />
                <line number="30" hits="15" branch="true" condition-coverage="100% (6/6)" />
                <line number="31" hits="15" branch="false" />
                <line number="32" hits="5" branch="false" />
                <line number="34" hits="10" branch="false" />
                <line number="35" hits="10" branch="false" />
              </lines>
            </method>
            <method name="get_Status" signature="()" line-rate="1" branch-rate="1" complexity="1">
              <lines>
                <line number="40" hits="24" branch="false" />
              </lines>
            </method>
            <method name="get_AktivnaDo" signature="()" line-rate="1" branch-rate="1" complexity="1">
              <lines>
                <line number="45" hits="1" branch="false" />
              </lines>
            </method>
            <method name="get_RezervisanoParkingMjesto" signature="()" line-rate="1" branch-rate="1" complexity="1">
              <lines>
                <line number="50" hits="28" branch="false" />
              </lines>
            </method>
            <method name="RezervišiMjesto" signature="(...)" line-rate="1" branch-rate="1" complexity="4">
              <lines>
                <line number="82" hits="17" branch="false" />
                <line number="83" hits="17" branch="false" />
                <line number="84" hits="13" branch="true" condition-coverage="100% (2/2)" />
                <line number="85" hits="12" branch="true" condition-coverage="100% (2/2)" />
                <line number="86" hits="15" branch="false" />
                <line number="87" hits="15" branch="false" />
                <line number="88" hits="14" branch="false" />
              </lines>
            </method>
            <method name="ProvjeriJeLiČlanarinaIstekla" signature="()" line-rate="1" branch-rate="1" complexity="2">
              <lines>
                <line number="91" hits="36" branch="false" />
                <line number="92" hits="36" branch="true" condition-coverage="100% (2/2)" />
                <line number="93" hits="2" branch="false" />
                <line number="94" hits="36" branch="false" />
              </lines>
            </method>
            <method name="OtkažiRezervaciju" signature="()" line-rate="1" branch-rate="1" complexity="1">
              <lines>
                <line number="97" hits="2" branch="false" />
                <line number="98" hits="2" branch="false" />
                <line number="99" hits="2" branch="false" />
              </lines>
            </method>
            <method name=".ctor" signature="(...)" line-rate="1" branch-rate="1" complexity="1">
              <lines>
                <line number="58" hits="15" branch="false" />
                <line number="59" hits="15" branch="false" />
                <line number="60" hits="15" branch="false" />
                <line number="61" hits="10" branch="false" />
                <line number="62" hits="10" branch="false" />
                <line number="63" hits="10" branch="false" />
              </lines>
            </method>
            <method name=".ctor" signature="(...)" line-rate="1" branch-rate="1" complexity="1">
              <lines>
                <line number="65" hits="16" branch="false" />
                <line number="66" hits="16" branch="false" />
                <line number="67" hits="16" branch="false" />
                <line number="68" hits="16" branch="false" />
                <line number="69" hits="16" branch="false" />
              </lines>
            </method>
          </methods>
          <lines>
            <line number="27" hits="1" branch="false" />
            <line number="29" hits="15" branch="false" />
            <line number="30" hits="15" branch="true" condition-coverage="100% (6/6)" />
            <line number="31" hits="15" branch="false" />
            <line number="32" hits="5" branch="false" />
            <line number="34" hits="10" branch="false" />
            <line number="35" hits="10" branch="false" />
            <line number="40" hits="24" branch="false" />
            <line number="45" hits="1" branch="false" />
            <line number="50" hits="28" branch="false" />
            <line number="58" hits="15" branch="false" />
            <line number="59" hits="15" branch="false" />
            <line number="60" hits="15" branch="false" />
            <line number="61" hits="10" branch="false" />
            <line number="62" hits="10" branch="false" />
            <line number="63" hits="10" branch="false" />
            <line number="65" hits="16" branch="false" />
            <line number="66" hits="16" branch="false" />
            <line number="67" hits="16" branch="false" />
            <line number="68" hits="16" branch="false" />
            <line number="69" hits="16" branch="false" />
            <line number="82" hits="17" branch="false" />
            <line number="83" hits="17" branch="false" />
            <line number="84" hits="13" branch="true" condition-coverage="100% (2/2)" />
            <line number="85" hits="12" branch="true" condition-coverage="100% (2/2)" />
            <line number="86" hits="15" branch="false" />
            <line number="87" hits="15" branch="false" />
            <line number="88" hits="14" branch="false" />
            <line number="91" hits="36" branch="false" />
            <line number="92" hits="36" branch="true" condition-coverage="100% (2/2)" />
            <line number="93" hits="2" branch="false" />
            <line number="94" hits="36" branch="false" />
            <line number="97" hits="2" branch="false" />
            <line number="98" hits="2" branch="false" />
            <line number="99" hits="2" branch="false" />
          </lines>
        </class>
        <class name="eParking.Korisnik" filename="C:\Users\Korisnik\Documents\VVSzadaca2\eParking\eParking\Korisnik.cs" line-rate="1" branch-rate="1" complexity="19">
          <methods>
            <method name="get_BrojLogovanja" signature="()" line-rate="1" branch-rate="1" complexity="1">
              <lines>
                <line number="22" hits="1" branch="false" />
              </lines>
            </method>
            <method name="get_Username" signature="()" line-rate="1" branch-rate="1" complexity="1">
              <lines>
                <line number="27" hits="15" branch="false" />
              </lines>
            </method>
            <method name="set_Username" signature="(...)" line-rate="1" branch-rate="1" complexity="8">
              <lines>
                <line number="29" hits="17" branch="false" />
                <line number="30" hits="17" branch="true" condition-coverage="100% (8/8)" />
                <line number="31" hits="17" branch="false" />
                <line number="32" hits="17" branch="false" />
                <line number="33" hits="1" branch="false" />
                <line number="35" hits="16" branch="false" />
                <line number="36" hits="16" branch="false" />
              </lines>
            </method>
            <method name="get_Adresa" signature="()" line-rate="1" branch-rate="1" complexity="1">
              <lines>
                <line number="41" hits="1" branch="false" />
              </lines>
            </method>
            <method name="set_Adresa" signature="(...)" line-rate="1" branch-rate="1" complexity="2">
              <lines>
                <line number="43" hits="17" branch="false" />
                <line number="44" hits="17" branch="true" condition-coverage="100% (2/2)" />
                <line number="45" hits="1" branch="false" />
                <line number="47" hits="16" branch="false" />
                <line number="48" hits="16" branch="false" />
              </lines>
            </method>
            <method name="get_Vozilo" signature="()" line-rate="1" branch-rate="1" complexity="1">
              <lines>
                <line number="53" hits="2" branch="false" />
              </lines>
            </method>
            <method name="set_Vozilo" signature="(...)" line-rate="1" branch-rate="1" complexity="1">
              <lines>
                <line number="54" hits="16" branch="false" />
              </lines>
            </method>
            <method name="UlogujSe" signature="()" line-rate="1" branch-rate="1" complexity="2">
              <lines>
                <line number="85" hits="103" branch="false" />
                <line number="86" hits="104" branch="true" condition-coverage="100% (2/2)" />
                <line number="87" hits="102" branch="false" />
                <line number="88" hits="102" branch="false" />
                <line number="89" hits="103" branch="false" />
              </lines>
            </method>
            <method name=".ctor" signature="(...)" line-rate="1" branch-rate="1" complexity="1">
              <lines>
                <line number="12" hits="35" branch="false" />
                <line number="22" hits="1" branch="false" />
                <line number="27" hits="15" branch="false" />
                <line number="29" hits="17" branch="false" />
                <line number="30" hits="17" branch="true" condition-coverage="100% (8/8)" />
                <line number="31" hits="17" branch="false" />
                <line number="32" hits="17" branch="false" />
                <line number="33" hits="1" branch="false" />
                <line number="35" hits="16" branch="false" />
                <line number="36" hits="16" branch="false" />
                <line number="41" hits="1" branch="false" />
                <line number="43" hits="17" branch="false" />
                <line number="44" hits="17" branch="true" condition-coverage="100% (2/2)" />
                <line number="45" hits="1" branch="false" />
                <line number="47" hits="16" branch="false" />
                <line number="48" hits="16" branch="false" />
                <line number="53" hits="2" branch="false" />
                <line number="54" hits="16" branch="false" />
                <line number="61" hits="16" branch="false" />
                <line number="62" hits="16" branch="false" />
                <line number="63" hits="16" branch="false" />
                <line number="64" hits="16" branch="false" />
                <line number="65" hits="16" branch="false" />
                <line number="66" hits="16" branch="false" />
              </lines>
            </method>
            <method name=".ctor" signature="()" line-rate="1" branch-rate="1" complexity="1">
              <lines>
                <line number="68" hits="19" branch="false" />
                <line number="69" hits="19" branch="false" />
                <line number="71" hits="19" branch="false" />
              </lines>
            </method>
          </methods>
          <lines>
            <line number="12" hits="35" branch="false" />
            <line number="22" hits="1" branch="false" />
            <line number="27" hits="15" branch="false" />
            <line number="29" hits="17" branch="false" />
            <line number="30" hits="17" branch="true" condition-coverage="100% (8/8)" />
            <line number="31" hits="17" branch="false" />
            <line number="32" hits="17" branch="false" />
            <line number="33" hits="1" branch="false" />
            <line number="35" hits="16" branch="false" />
            <line number="36" hits="16" branch="false" />
            <line number="41" hits="1" branch="false" />
            <line number="43" hits="17" branch="false" />
            <line number="44" hits="17" branch="true" condition-coverage="100% (2/2)" />
            <line number="45" hits="1" branch="false" />
            <line number="47" hits="16" branch="false" />
            <line number="48" hits="16" branch="false" />
            <line number="53" hits="2" branch="false" />
            <line number="54" hits="16" branch="false" />
            <line number="61" hits="16" branch="false" />
            <line number="62" hits="16" branch="false" />
            <line number="63" hits="16" branch="false" />
            <line number="64" hits="16" branch="false" />
            <line number="65" hits="16" branch="false" />
            <line number="66" hits="16" branch="false" />
            <line number="68" hits="19" branch="false" />
            <line number="69" hits="19" branch="false" />
            <line number="71" hits="19" branch="false" />
            <line number="85" hits="103" branch="false" />
            <line number="86" hits="104" branch="true" condition-coverage="100% (2/2)" />
            <line number="87" hits="102" branch="false" />
            <line number="88" hits="102" branch="false" />
            <line number="89" hits="103" branch="false" />
          </lines>
        </class>
        <class name="eParking.Lokacija" filename="C:\Users\Korisnik\Documents\VVSzadaca2\eParking\eParking\Lokacija.cs" line-rate="1" branch-rate="1" complexity="23">
          <methods>
            <method name="get_Naziv" signature="()" line-rate="1" branch-rate="1" complexity="1">
              <lines>
                <line number="23" hits="29" branch="false" />
              </lines>
            </method>
            <method name="set_Naziv" signature="(...)" line-rate="1" branch-rate="1" complexity="4">
              <lines>
                <line number="25" hits="28" branch="false" />
                <line number="26" hits="28" branch="true" condition-coverage="100% (4/4)" />
                <line number="27" hits="1" branch="false" />
                <line number="29" hits="27" branch="false" />
                <line number="30" hits="27" branch="false" />
              </lines>
            </method>
            <method name="get_Ulice" signature="()" line-rate="1" branch-rate="1" complexity="1">
              <lines>
                <line number="35" hits="23" branch="false" />
              </lines>
            </method>
            <method name="get_Cijena" signature="()" line-rate="1" branch-rate="1" complexity="1">
              <lines>
                <line number="40" hits="5" branch="false" />
              </lines>
            </method>
            <method name="set_Cijena" signature="(...)" line-rate="1" branch-rate="1" complexity="4">
              <lines>
                <line number="42" hits="28" branch="false" />
                <line number="43" hits="28" branch="true" condition-coverage="100% (4/4)" />
                <line number="44" hits="1" branch="false" />
                <line number="46" hits="27" branch="false" />
                <line number="47" hits="27" branch="false" />
              </lines>
            </method>
            <method name="get_Kapacitet" signature="()" line-rate="1" branch-rate="1" complexity="1">
              <lines>
                <line number="52" hits="2" branch="false" />
              </lines>
            </method>
            <method name="set_Kapacitet" signature="(...)" line-rate="1" branch-rate="1" complexity="2">
              <lines>
                <line number="54" hits="30" branch="false" />
                <line number="55" hits="30" branch="true" condition-coverage="100% (2/2)" />
                <line number="56" hits="1" branch="false" />
                <line number="58" hits="29" branch="false" />
                <line number="59" hits="29" branch="false" />
              </lines>
            </method>
            <method name="DajTrenutniBrojSlobodnogMjesta" signature="()" line-rate="1" branch-rate="1" complexity="2">
              <lines>
                <line number="83" hits="22" branch="false" />
                <line number="84" hits="22" branch="false" />
                <line number="85" hits="22" branch="true" condition-coverage="100% (2/2)" />
                <line number="86" hits="2" branch="false" />
                <line number="87" hits="20" branch="false" />
                <line number="88" hits="20" branch="false" />
              </lines>
            </method>
            <method name="ZauzmiMjesto" signature="(...)" line-rate="1" branch-rate="1" complexity="4">
              <lines>
                <line number="98" hits="19" branch="false" />
                <line number="99" hits="19" branch="false" />
                <line number="100" hits="15" branch="true" condition-coverage="100% (2/2)" />
                <line number="101" hits="35" branch="true" condition-coverage="100% (2/2)" />
                <line number="102" hits="1" branch="false" />
                <line number="103" hits="16" branch="false" />
              </lines>
            </method>
            <method name="OslobodiMjesto" signature="()" line-rate="1" branch-rate="1" complexity="1">
              <lines>
                <line number="106" hits="2" branch="false" />
                <line number="107" hits="2" branch="false" />
                <line number="108" hits="2" branch="false" />
              </lines>
            </method>
            <method name=".ctor" signature="(...)" line-rate="1" branch-rate="1" complexity="2">
              <lines>
                <line number="66" hits="26" branch="false" />
                <line number="67" hits="26" branch="false" />
                <line number="68" hits="26" branch="false" />
                <line number="69" hits="26" branch="true" condition-coverage="100% (2/2)" />
                <line number="70" hits="1" branch="false" />
                <line number="71" hits="25" branch="false" />
                <line number="72" hits="25" branch="false" />
                <line number="73" hits="25" branch="false" />
                <line number="74" hits="25" branch="false" />
                <line number="76" hits="25" branch="false" />
              </lines>
            </method>
          </methods>
          <lines>
            <line number="23" hits="29" branch="false" />
            <line number="25" hits="28" branch="false" />
            <line number="26" hits="28" branch="true" condition-coverage="100% (4/4)" />
            <line number="27" hits="1" branch="false" />
            <line number="29" hits="27" branch="false" />
            <line number="30" hits="27" branch="false" />
            <line number="35" hits="23" branch="false" />
            <line number="40" hits="5" branch="false" />
            <line number="42" hits="28" branch="false" />
            <line number="43" hits="28" branch="true" condition-coverage="100% (4/4)" />
            <line number="44" hits="1" branch="false" />
            <line number="46" hits="27" branch="false" />
            <line number="47" hits="27" branch="false" />
            <line number="52" hits="2" branch="false" />
            <line number="54" hits="30" branch="false" />
            <line number="55" hits="30" branch="true" condition-coverage="100% (2/2)" />
            <line number="56" hits="1" branch="false" />
            <line number="58" hits="29" branch="false" />
            <line number="59" hits="29" branch="false" />
            <line number="66" hits="26" branch="false" />
            <line number="67" hits="26" branch="false" />
            <line number="68" hits="26" branch="false" />
            <line number="69" hits="26" branch="true" condition-coverage="100% (2/2)" />
            <line number="70" hits="1" branch="false" />
            <line number="71" hits="25" branch="false" />
            <line number="72" hits="25" branch="false" />
            <line number="73" hits="25" branch="false" />
            <line number="74" hits="25" branch="false" />
            <line number="76" hits="25" branch="false" />
            <line number="83" hits="22" branch="false" />
            <line number="84" hits="22" branch="false" />
            <line number="85" hits="22" branch="true" condition-coverage="100% (2/2)" />
            <line number="86" hits="2" branch="false" />
            <line number="87" hits="20" branch="false" />
            <line number="88" hits="20" branch="false" />
            <line number="98" hits="19" branch="false" />
            <line number="99" hits="19" branch="false" />
            <line number="100" hits="15" branch="true" condition-coverage="100% (2/2)" />
            <line number="101" hits="35" branch="true" condition-coverage="100% (2/2)" />
            <line number="102" hits="1" branch="false" />
            <line number="103" hits="16" branch="false" />
            <line number="106" hits="2" branch="false" />
            <line number="107" hits="2" branch="false" />
            <line number="108" hits="2" branch="false" />
          </lines>
        </class>
        <class name="eParking.Parking" filename="C:\Users\Korisnik\Documents\VVSzadaca2\eParking\eParking\Parking.cs" line-rate="0.9864864864864865" branch-rate="0.9722222222222222" complexity="39">
          <methods>
            <method name="get_Korisnici" signature="()" line-rate="1" branch-rate="1" complexity="1">
              <lines>
                <line number="20" hits="30" branch="false" />
              </lines>
            </method>
            <method name="get_Lokacije" signature="()" line-rate="1" branch-rate="1" complexity="1">
              <lines>
                <line number="25" hits="31" branch="false" />
              </lines>
            </method>
            <method name="RadSaLokacijom" signature="(...)" line-rate="1" branch-rate="1" complexity="16">
              <lines>
                <line number="43" hits="13" branch="false" />
                <line number="44" hits="13" branch="true" condition-coverage="100% (2/2)" />
                <line number="45" hits="9" branch="false" />
                <line number="46" hits="14" branch="true" condition-coverage="100% (2/2)" />
                <line number="47" hits="1" branch="false" />
                <line number="49" hits="8" branch="false" />
                <line number="50" hits="8" branch="false" />
                <line number="51" hits="4" branch="true" condition-coverage="100% (2/2)" />
                <line number="52" hits="2" branch="false" />
                <line number="53" hits="5" branch="false" />
                <line number="54" hits="2" branch="true" condition-coverage="100% (2/2)" />
                <line number="55" hits="1" branch="false" />
                <line number="57" hits="1" branch="false" />
                <line number="58" hits="1" branch="false" />
                <line number="59" hits="2" branch="true" condition-coverage="100% (2/2)" />
                <line number="60" hits="2" branch="false" />
                <line number="61" hits="8" branch="false" />
                <line number="62" hits="2" branch="true" condition-coverage="100% (2/2)" />
                <line number="63" hits="1" branch="false" />
                <line number="65" hits="7" branch="true" condition-coverage="100% (2/2)" />
                <line number="66" hits="2" branch="true" condition-coverage="100% (2/2)" />
                <line number="67" hits="2" branch="false" />
                <line number="68" hits="1" branch="false" />
                <line number="69" hits="10" branch="false" />
              </lines>
            </method>
            <method name="DodajKorisnika" signature="(...)" line-rate="1" branch-rate="1" complexity="6">
              <lines>
                <line number="72" hits="13" branch="false" />
                <line number="73" hits="20" branch="false" />
                <line number="74" hits="13" branch="true" condition-coverage="100% (4/4)" />
                <line number="75" hits="1" branch="false" />
                <line number="76" hits="12" branch="true" condition-coverage="100% (2/2)" />
                <line number="77" hits="5" branch="false" />
                <line number="78" hits="5" branch="false" />
                <line number="79" hits="5" branch="false" />
                <line number="80" hits="5" branch="false" />
                <line number="82" hits="7" branch="false" />
                <line number="83" hits="12" branch="false" />
              </lines>
            </method>
            <method name="RezervišiParking" signature="(...)" line-rate="1" branch-rate="1" complexity="4">
              <lines>
                <line number="96" hits="13" branch="false" />
                <line number="97" hits="13" branch="true" condition-coverage="100% (2/2)" />
                <line number="98" hits="1" branch="false" />
                <line number="99" hits="1" branch="false" />
                <line number="101" hits="12" branch="true" condition-coverage="100% (2/2)" />
                <line number="102" hits="1" branch="false" />
                <line number="103" hits="1" branch="false" />
                <line number="106" hits="11" branch="false" />
                <line number="108" hits="11" branch="false" />
                <line number="109" hits="7" branch="false" />
                <line number="110" hits="1" branch="false" />
                <line number="112" hits="10" branch="false" />
              </lines>
            </method>
            <method name="IzračunajTrenutnuZaradu" signature="()" line-rate="1" branch-rate="1" complexity="8">
              <lines>
                <line number="115" hits="5" branch="false" />
                <line number="116" hits="5" branch="false" />
                <line number="117" hits="24" branch="true" condition-coverage="100% (2/2)" />
                <line number="118" hits="6" branch="false" />
                <line number="119" hits="43" branch="true" condition-coverage="100% (2/2)" />
                <line number="120" hits="14" branch="false" />
                <line number="121" hits="17" branch="true" condition-coverage="100% (2/2)" />
                <line number="122" hits="8" branch="true" condition-coverage="100% (2/2)" />
                <line number="123" hits="11" branch="false" />
                <line number="124" hits="3" branch="false" />
                <line number="125" hits="2" branch="false" />
                <line number="126" hits="2" branch="false" />
              </lines>
            </method>
            <method name="OslobodiParkingMjesto" signature="(...)" line-rate="0.875" branch-rate="0.5" complexity="2">
              <lines>
                <line number="129" hits="1" branch="false" />
                <line number="130" hits="1" branch="true" condition-coverage="50% (1/2)" />
                <line number="131" hits="1" branch="false" />
                <line number="132" hits="1" branch="false" />
                <line number="133" hits="1" branch="false" />
                <line number="134" hits="1" branch="false" />
                <line number="136" hits="0" branch="false" />
                <line number="137" hits="1" branch="false" />
              </lines>
            </method>
            <method name=".ctor" signature="()" line-rate="1" branch-rate="1" complexity="1">
              <lines>
                <line number="32" hits="6" branch="false" />
                <line number="33" hits="6" branch="false" />
                <line number="34" hits="6" branch="false" />
                <line number="35" hits="6" branch="false" />
                <line number="36" hits="6" branch="false" />
              </lines>
            </method>
          </methods>
          <lines>
            <line number="20" hits="30" branch="false" />
            <line number="25" hits="31" branch="false" />
            <line number="32" hits="6" branch="false" />
            <line number="33" hits="6" branch="false" />
            <line number="34" hits="6" branch="false" />
            <line number="35" hits="6" branch="false" />
            <line number="36" hits="6" branch="false" />
            <line number="43" hits="13" branch="false" />
            <line number="44" hits="13" branch="true" condition-coverage="100% (2/2)" />
            <line number="45" hits="9" branch="false" />
            <line number="46" hits="14" branch="true" condition-coverage="100% (2/2)" />
            <line number="47" hits="1" branch="false" />
            <line number="49" hits="8" branch="false" />
            <line number="50" hits="8" branch="false" />
            <line number="51" hits="4" branch="true" condition-coverage="100% (2/2)" />
            <line number="52" hits="2" branch="false" />
            <line number="53" hits="5" branch="false" />
            <line number="54" hits="2" branch="true" condition-coverage="100% (2/2)" />
            <line number="55" hits="1" branch="false" />
            <line number="57" hits="1" branch="false" />
            <line number="58" hits="1" branch="false" />
            <line number="59" hits="2" branch="true" condition-coverage="100% (2/2)" />
            <line number="60" hits="2" branch="false" />
            <line number="61" hits="8" branch="false" />
            <line number="62" hits="2" branch="true" condition-coverage="100% (2/2)" />
            <line number="63" hits="1" branch="false" />
            <line number="65" hits="7" branch="true" condition-coverage="100% (2/2)" />
            <line number="66" hits="2" branch="true" condition-coverage="100% (2/2)" />
            <line number="67" hits="2" branch="false" />
            <line number="68" hits="1" branch="false" />
            <line number="69" hits="10" branch="false" />
            <line number="72" hits="13" branch="false" />
            <line number="73" hits="20" branch="false" />
            <line number="74" hits="13" branch="true" condition-coverage="100% (4/4)" />
            <line number="75" hits="1" branch="false" />
            <line number="76" hits="12" branch="true" condition-coverage="100% (2/2)" />
            <line number="77" hits="5" branch="false" />
            <line number="78" hits="5" branch="false" />
            <line number="79" hits="5" branch="false" />
            <line number="80" hits="5" branch="false" />
            <line number="82" hits="7" branch="false" />
            <line number="83" hits="12" branch="false" />
            <line number="96" hits="13" branch="false" />
            <line number="97" hits="13" branch="true" condition-coverage="100% (2/2)" />
            <line number="98" hits="1" branch="false" />
            <line number="99" hits="1" branch="false" />
            <line number="101" hits="12" branch="true" condition-coverage="100% (2/2)" />
            <line number="102" hits="1" branch="false" />
            <line number="103" hits="1" branch="false" />
            <line number="106" hits="11" branch="false" />
            <line number="108" hits="11" branch="false" />
            <line number="109" hits="7" branch="false" />
            <line number="110" hits="1" branch="false" />
            <line number="112" hits="10" branch="false" />
            <line number="115" hits="5" branch="false" />
            <line number="116" hits="5" branch="false" />
            <line number="117" hits="24" branch="true" condition-coverage="100% (2/2)" />
            <line number="118" hits="6" branch="false" />
            <line number="119" hits="43" branch="true" condition-coverage="100% (2/2)" />
            <line number="120" hits="14" branch="false" />
            <line number="121" hits="17" branch="true" condition-coverage="100% (2/2)" />
            <line number="122" hits="8" branch="true" condition-coverage="100% (2/2)" />
            <line number="123" hits="11" branch="false" />
            <line number="124" hits="3" branch="false" />
            <line number="125" hits="2" branch="false" />
            <line number="126" hits="2" branch="false" />
            <line number="129" hits="1" branch="false" />
            <line number="130" hits="1" branch="true" condition-coverage="50% (1/2)" />
            <line number="131" hits="1" branch="false" />
            <line number="132" hits="1" branch="false" />
            <line number="133" hits="1" branch="false" />
            <line number="134" hits="1" branch="false" />
            <line number="136" hits="0" branch="false" />
            <line number="137" hits="1" branch="false" />
          </lines>
        </class>
        <class name="eParking.Transakcija" filename="C:\Users\Korisnik\Documents\VVSzadaca2\eParking\eParking\Transakcija.cs" line-rate="1" branch-rate="1" complexity="1">
          <methods>
            <method name="DajVrijemeDolaska" signature="(...)" line-rate="1" branch-rate="1" complexity="1">
              <lines>
                <line number="15" hits="1" branch="false" />
                <line number="16" hits="1" branch="false" />
              </lines>
            </method>
          </methods>
          <lines>
            <line number="15" hits="1" branch="false" />
            <line number="16" hits="1" branch="false" />
          </lines>
        </class>
        <class name="eParking.Vozilo" filename="C:\Users\Korisnik\Documents\VVSzadaca2\eParking\eParking\Vozilo.cs" line-rate="1" branch-rate="1" complexity="22">
          <methods>
            <method name="get_Vrsta" signature="()" line-rate="1" branch-rate="1" complexity="1">
              <lines>
                <line number="22" hits="2" branch="false" />
              </lines>
            </method>
            <method name="set_Vrsta" signature="(...)" line-rate="1" branch-rate="1" complexity="2">
              <lines>
                <line number="24" hits="20" branch="false" />
                <line number="25" hits="20" branch="false" />
                <line number="26" hits="46" branch="true" condition-coverage="100% (2/2)" />
                <line number="27" hits="1" branch="false" />
                <line number="29" hits="19" branch="false" />
                <line number="30" hits="19" branch="false" />
              </lines>
            </method>
            <method name="get_Tablice" signature="()" line-rate="1" branch-rate="1" complexity="1">
              <lines>
                <line number="35" hits="2" branch="false" />
              </lines>
            </method>
            <method name="set_Tablice" signature="(...)" line-rate="1" branch-rate="1" complexity="14">
              <lines>
                <line number="37" hits="20" branch="false" />
                <line number="38" hits="20" branch="true" condition-coverage="100% (14/14)" />
                <line number="39" hits="20" branch="false" />
                <line number="40" hits="20" branch="false" />
                <line number="41" hits="20" branch="false" />
                <line number="42" hits="20" branch="false" />
                <line number="43" hits="20" branch="false" />
                <line number="44" hits="1" branch="false" />
                <line number="46" hits="19" branch="false" />
                <line number="47" hits="19" branch="false" />
              </lines>
            </method>
            <method name="get_BrojSjedišta" signature="()" line-rate="1" branch-rate="1" complexity="1">
              <lines>
                <line number="52" hits="2" branch="false" />
              </lines>
            </method>
            <method name="set_BrojSjedišta" signature="(...)" line-rate="1" branch-rate="1" complexity="2">
              <lines>
                <line number="54" hits="20" branch="false" />
                <line number="55" hits="20" branch="true" condition-coverage="100% (2/2)" />
                <line number="56" hits="1" branch="false" />
                <line number="58" hits="19" branch="false" />
                <line number="59" hits="19" branch="false" />
              </lines>
            </method>
            <method name=".ctor" signature="(...)" line-rate="1" branch-rate="1" complexity="1">
              <lines>
                <line number="66" hits="19" branch="false" />
                <line number="67" hits="19" branch="false" />
                <line number="68" hits="19" branch="false" />
                <line number="69" hits="19" branch="false" />
                <line number="70" hits="19" branch="false" />
                <line number="71" hits="19" branch="false" />
              </lines>
            </method>
          </methods>
          <lines>
            <line number="22" hits="2" branch="false" />
            <line number="24" hits="20" branch="false" />
            <line number="25" hits="20" branch="false" />
            <line number="26" hits="46" branch="true" condition-coverage="100% (2/2)" />
            <line number="27" hits="1" branch="false" />
            <line number="29" hits="19" branch="false" />
            <line number="30" hits="19" branch="false" />
            <line number="35" hits="2" branch="false" />
            <line number="37" hits="20" branch="false" />
            <line number="38" hits="20" branch="true" condition-coverage="100% (14/14)" />
            <line number="39" hits="20" branch="false" />
            <line number="40" hits="20" branch="false" />
            <line number="41" hits="20" branch="false" />
            <line number="42" hits="20" branch="false" />
            <line number="43" hits="20" branch="false" />
            <line number="44" hits="1" branch="false" />
            <line number="46" hits="19" branch="false" />
            <line number="47" hits="19" branch="false" />
            <line number="52" hits="2" branch="false" />
            <line number="54" hits="20" branch="false" />
            <line number="55" hits="20" branch="true" condition-coverage="100% (2/2)" />
            <line number="56" hits="1" branch="false" />
            <line number="58" hits="19" branch="false" />
            <line number="59" hits="19" branch="false" />
            <line number="66" hits="19" branch="false" />
            <line number="67" hits="19" branch="false" />
            <line number="68" hits="19" branch="false" />
            <line number="69" hits="19" branch="false" />
            <line number="70" hits="19" branch="false" />
            <line number="71" hits="19" branch="false" />
          </lines>
        </class>
      </classes>
    </package>
    <package name="Testovi za zadatak 1" line-rate="0.9015151515151515" branch-rate="1" complexity="51">
      <classes>
        <class name="AutoGeneratedProgram" filename="C:\Users\Korisnik\.nuget\packages\microsoft.net.test.sdk\16.2.0\build\netcoreapp1.0\Microsoft.NET.Test.Sdk.Program.cs" line-rate="0" branch-rate="1" complexity="1">
          <methods>
            <method name="Main" signature="(...)" line-rate="0" branch-rate="1" complexity="1">
              <lines>
                <line number="4" hits="0" branch="false" />
              </lines>
            </method>
          </methods>
          <lines>
            <line number="4" hits="0" branch="false" />
          </lines>
        </class>
        <class name="Testovi_za_zadatak_1.UnitTest1" filename="C:\Users\Korisnik\Documents\VVSzadaca2\eParking\Testovi za zadatak 1\UnitTest1.cs" line-rate="1" branch-rate="1" complexity="3">
          <methods>
            <method name="TestUpjesnogLogovanjaPrviPut" signature="()" line-rate="1" branch-rate="1" complexity="1">
              <lines>
                <line number="12" hits="1" branch="false" />
                <line number="13" hits="1" branch="false" />
                <line number="14" hits="1" branch="false" />
                <line number="15" hits="1" branch="false" />
              </lines>
            </method>
            <method name="TestNeuspjesnogLogovanja" signature="()" line-rate="1" branch-rate="1" complexity="2">
              <lines>
                <line number="18" hits="1" branch="false" />
                <line number="19" hits="1" branch="false" />
                <line number="20" hits="302" branch="true" condition-coverage="100% (2/2)" />
                <line number="21" hits="1" branch="false" />
                <line number="22" hits="1" branch="false" />
              </lines>
            </method>
          </methods>
          <lines>
            <line number="12" hits="1" branch="false" />
            <line number="13" hits="1" branch="false" />
            <line number="14" hits="1" branch="false" />
            <line number="15" hits="1" branch="false" />
            <line number="18" hits="1" branch="false" />
            <line number="19" hits="1" branch="false" />
            <line number="20" hits="302" branch="true" condition-coverage="100% (2/2)" />
            <line number="21" hits="1" branch="false" />
            <line number="22" hits="1" branch="false" />
          </lines>
        </class>
        <class name="Testovi_za_zadatak_1.UnitTest2" filename="C:\Users\Korisnik\Documents\VVSzadaca2\eParking\Testovi za zadatak 1\UnitTest2.cs" line-rate="0.8888888888888888" branch-rate="1" complexity="4">
          <methods>
            <method name="Inicijalizacija" signature="(...)" line-rate="1" branch-rate="1" complexity="1">
              <lines>
                <line number="16" hits="1" branch="false" />
                <line number="17" hits="1" branch="false" />
                <line number="18" hits="1" branch="false" />
                <line number="19" hits="1" branch="false" />
              </lines>
            </method>
            <method name="TestRezervacijeSaIsteklomClanarinom" signature="()" line-rate="0.75" branch-rate="1" complexity="1">
              <lines>
                <line number="23" hits="1" branch="false" />
                <line number="24" hits="1" branch="false" />
                <line number="25" hits="1" branch="false" />
                <line number="26" hits="0" branch="false" />
              </lines>
            </method>
            <method name="TestUspjesneRezervacije" signature="()" line-rate="1" branch-rate="1" complexity="1">
              <lines>
                <line number="29" hits="1" branch="false" />
                <line number="30" hits="1" branch="false" />
                <line number="31" hits="1" branch="false" />
                <line number="32" hits="1" branch="false" />
                <line number="33" hits="1" branch="false" />
              </lines>
            </method>
            <method name="TestPonovneRezervacije" signature="()" line-rate="0.8" branch-rate="1" complexity="1">
              <lines>
                <line number="37" hits="1" branch="false" />
                <line number="38" hits="1" branch="false" />
                <line number="39" hits="1" branch="false" />
                <line number="40" hits="1" branch="false" />
                <line number="41" hits="0" branch="false" />
              </lines>
            </method>
          </methods>
          <lines>
            <line number="16" hits="1" branch="false" />
            <line number="17" hits="1" branch="false" />
            <line number="18" hits="1" branch="false" />
            <line number="19" hits="1" branch="false" />
            <line number="23" hits="1" branch="false" />
            <line number="24" hits="1" branch="false" />
            <line number="25" hits="1" branch="false" />
            <line number="26" hits="0" branch="false" />
            <line number="29" hits="1" branch="false" />
            <line number="30" hits="1" branch="false" />
            <line number="31" hits="1" branch="false" />
            <line number="32" hits="1" branch="false" />
            <line number="33" hits="1" branch="false" />
            <line number="37" hits="1" branch="false" />
            <line number="38" hits="1" branch="false" />
            <line number="39" hits="1" branch="false" />
            <line number="40" hits="1" branch="false" />
            <line number="41" hits="0" branch="false" />
          </lines>
        </class>
        <class name="Testovi_za_zadatak_1.UnitTestClan" filename="C:\Users\Korisnik\Documents\VVSzadaca2\eParking\Testovi za zadatak 1\UnitTestClan.cs" line-rate="0.9782608695652174" branch-rate="1" complexity="7">
          <methods>
            <method name="get_ValidData" signature="()" line-rate="1" branch-rate="1" complexity="1">
              <lines>
                <line number="16" hits="1" branch="false" />
                <line number="17" hits="1" branch="false" />
                <line number="18" hits="1" branch="false" />
                <line number="19" hits="1" branch="false" />
                <line number="20" hits="1" branch="false" />
                <line number="21" hits="1" branch="false" />
                <line number="22" hits="1" branch="false" />
                <line number="23" hits="1" branch="false" />
                <line number="24" hits="1" branch="false" />
                <line number="25" hits="1" branch="false" />
              </lines>
            </method>
            <method name="get_InvalidData" signature="()" line-rate="1" branch-rate="1" complexity="1">
              <lines>
                <line number="30" hits="1" branch="false" />
                <line number="31" hits="1" branch="false" />
                <line number="32" hits="1" branch="false" />
                <line number="33" hits="1" branch="false" />
                <line number="34" hits="1" branch="false" />
                <line number="35" hits="1" branch="false" />
                <line number="36" hits="1" branch="false" />
                <line number="37" hits="1" branch="false" />
                <line number="38" hits="1" branch="false" />
                <line number="39" hits="1" branch="false" />
              </lines>
            </method>
            <method name="Inicijalizacija" signature="(...)" line-rate="1" branch-rate="1" complexity="1">
              <lines>
                <line number="44" hits="1" branch="false" />
                <line number="45" hits="1" branch="false" />
                <line number="46" hits="1" branch="false" />
                <line number="47" hits="1" branch="false" />
                <line number="48" hits="1" branch="false" />
              </lines>
            </method>
            <method name="TestValidnihPodataka" signature="(...)" line-rate="1" branch-rate="1" complexity="1">
              <lines>
                <line number="57" hits="5" branch="false" />
                <line number="58" hits="5" branch="false" />
                <line number="59" hits="5" branch="false" />
                <line number="60" hits="5" branch="false" />
              </lines>
            </method>
            <method name="TestNevalidnihPodataka" signature="(...)" line-rate="0.6666666666666666" branch-rate="1" complexity="1">
              <lines>
                <line number="68" hits="5" branch="false" />
                <line number="69" hits="5" branch="false" />
                <line number="70" hits="0" branch="false" />
              </lines>
            </method>
            <method name="TestGetMetodeClan" signature="()" line-rate="1" branch-rate="1" complexity="1">
              <lines>
                <line number="76" hits="1" branch="false" />
                <line number="77" hits="1" branch="false" />
                <line number="78" hits="1" branch="false" />
                <line number="79" hits="1" branch="false" />
                <line number="80" hits="1" branch="false" />
                <line number="81" hits="1" branch="false" />
                <line number="82" hits="1" branch="false" />
                <line number="83" hits="1" branch="false" />
              </lines>
            </method>
            <method name="TestOtkazivanjeRezervacije" signature="()" line-rate="1" branch-rate="1" complexity="1">
              <lines>
                <line number="89" hits="1" branch="false" />
                <line number="90" hits="1" branch="false" />
                <line number="91" hits="1" branch="false" />
                <line number="92" hits="1" branch="false" />
                <line number="93" hits="1" branch="false" />
                <line number="94" hits="1" branch="false" />
              </lines>
            </method>
          </methods>
          <lines>
            <line number="16" hits="1" branch="false" />
            <line number="17" hits="1" branch="false" />
            <line number="18" hits="1" branch="false" />
            <line number="19" hits="1" branch="false" />
            <line number="20" hits="1" branch="false" />
            <line number="21" hits="1" branch="false" />
            <line number="22" hits="1" branch="false" />
            <line number="23" hits="1" branch="false" />
            <line number="24" hits="1" branch="false" />
            <line number="25" hits="1" branch="false" />
            <line number="30" hits="1" branch="false" />
            <line number="31" hits="1" branch="false" />
            <line number="32" hits="1" branch="false" />
            <line number="33" hits="1" branch="false" />
            <line number="34" hits="1" branch="false" />
            <line number="35" hits="1" branch="false" />
            <line number="36" hits="1" branch="false" />
            <line number="37" hits="1" branch="false" />
            <line number="38" hits="1" branch="false" />
            <line number="39" hits="1" branch="false" />
            <line number="44" hits="1" branch="false" />
            <line number="45" hits="1" branch="false" />
            <line number="46" hits="1" branch="false" />
            <line number="47" hits="1" branch="false" />
            <line number="48" hits="1" branch="false" />
            <line number="57" hits="5" branch="false" />
            <line number="58" hits="5" branch="false" />
            <line number="59" hits="5" branch="false" />
            <line number="60" hits="5" branch="false" />
            <line number="68" hits="5" branch="false" />
            <line number="69" hits="5" branch="false" />
            <line number="70" hits="0" branch="false" />
            <line number="76" hits="1" branch="false" />
            <line number="77" hits="1" branch="false" />
            <line number="78" hits="1" branch="false" />
            <line number="79" hits="1" branch="false" />
            <line number="80" hits="1" branch="false" />
            <line number="81" hits="1" branch="false" />
            <line number="82" hits="1" branch="false" />
            <line number="83" hits="1" branch="false" />
            <line number="89" hits="1" branch="false" />
            <line number="90" hits="1" branch="false" />
            <line number="91" hits="1" branch="false" />
            <line number="92" hits="1" branch="false" />
            <line number="93" hits="1" branch="false" />
            <line number="94" hits="1" branch="false" />
          </lines>
        </class>
        <class name="Testovi_za_zadatak_1.UnitTestKorisnik" filename="C:\Users\Korisnik\Documents\VVSzadaca2\eParking\Testovi za zadatak 1\UnitTestKorisnik.cs" line-rate="0.8888888888888888" branch-rate="1" complexity="4">
          <methods>
            <method name="Inicijalizacija" signature="(...)" line-rate="1" branch-rate="1" complexity="1">
              <lines>
                <line number="13" hits="1" branch="false" />
                <line number="14" hits="1" branch="false" />
                <line number="15" hits="1" branch="false" />
                <line number="17" hits="1" branch="false" />
              </lines>
            </method>
            <method name="TestGetMetodeKorisnik" signature="()" line-rate="1" branch-rate="1" complexity="1">
              <lines>
                <line number="23" hits="1" branch="false" />
                <line number="25" hits="1" branch="false" />
                <line number="26" hits="1" branch="false" />
                <line number="27" hits="1" branch="false" />
                <line number="28" hits="1" branch="false" />
                <line number="29" hits="1" branch="false" />
                <line number="30" hits="1" branch="false" />
                <line number="31" hits="1" branch="false" />
              </lines>
            </method>
            <method name="TestNeispravnoKorisničkoIme" signature="()" line-rate="0.6666666666666666" branch-rate="1" complexity="1">
              <lines>
                <line number="38" hits="1" branch="false" />
                <line number="39" hits="1" branch="false" />
                <line number="40" hits="0" branch="false" />
              </lines>
            </method>
            <method name="TestNeispravnaAdresa" signature="()" line-rate="0.6666666666666666" branch-rate="1" complexity="1">
              <lines>
                <line number="48" hits="1" branch="false" />
                <line number="49" hits="1" branch="false" />
                <line number="50" hits="0" branch="false" />
              </lines>
            </method>
          </methods>
          <lines>
            <line number="13" hits="1" branch="false" />
            <line number="14" hits="1" branch="false" />
            <line number="15" hits="1" branch="false" />
            <line number="17" hits="1" branch="false" />
            <line number="23" hits="1" branch="false" />
            <line number="25" hits="1" branch="false" />
            <line number="26" hits="1" branch="false" />
            <line number="27" hits="1" branch="false" />
            <line number="28" hits="1" branch="false" />
            <line number="29" hits="1" branch="false" />
            <line number="30" hits="1" branch="false" />
            <line number="31" hits="1" branch="false" />
            <line number="38" hits="1" branch="false" />
            <line number="39" hits="1" branch="false" />
            <line number="40" hits="0" branch="false" />
            <line number="48" hits="1" branch="false" />
            <line number="49" hits="1" branch="false" />
            <line number="50" hits="0" branch="false" />
          </lines>
        </class>
        <class name="Testovi_za_zadatak_1.UnitTestLokacija" filename="C:\Users\Korisnik\Documents\VVSzadaca2\eParking\Testovi za zadatak 1\UnitTestLokacija.cs" line-rate="0.8823529411764706" branch-rate="1" complexity="4">
          <methods>
            <method name="Inicijalizacija" signature="(...)" line-rate="1" branch-rate="1" complexity="1">
              <lines>
                <line number="15" hits="1" branch="false" />
                <line number="16" hits="1" branch="false" />
                <line number="17" hits="1" branch="false" />
                <line number="19" hits="1" branch="false" />
              </lines>
            </method>
            <method name="TestUspješnaRezervacija" signature="()" line-rate="1" branch-rate="1" complexity="1">
              <lines>
                <line number="25" hits="1" branch="false" />
                <line number="26" hits="1" branch="false" />
                <line number="27" hits="1" branch="false" />
                <line number="29" hits="1" branch="false" />
                <line number="30" hits="1" branch="false" />
              </lines>
            </method>
            <method name="TestRezervacijaParkingaSaIsteklomČlanarinom" signature="()" line-rate="0.75" branch-rate="1" complexity="1">
              <lines>
                <line number="38" hits="1" branch="false" />
                <line number="39" hits="1" branch="false" />
                <line number="40" hits="1" branch="false" />
                <line number="41" hits="0" branch="false" />
              </lines>
            </method>
            <method name="TestRezervacijaParkingaSaZauzetimMjestima" signature="()" line-rate="0.75" branch-rate="1" complexity="1">
              <lines>
                <line number="48" hits="1" branch="false" />
                <line number="49" hits="1" branch="false" />
                <line number="50" hits="1" branch="false" />
                <line number="51" hits="0" branch="false" />
              </lines>
            </method>
          </methods>
          <lines>
            <line number="15" hits="1" branch="false" />
            <line number="16" hits="1" branch="false" />
            <line number="17" hits="1" branch="false" />
            <line number="19" hits="1" branch="false" />
            <line number="25" hits="1" branch="false" />
            <line number="26" hits="1" branch="false" />
            <line number="27" hits="1" branch="false" />
            <line number="29" hits="1" branch="false" />
            <line number="30" hits="1" branch="false" />
            <line number="38" hits="1" branch="false" />
            <line number="39" hits="1" branch="false" />
            <line number="40" hits="1" branch="false" />
            <line number="41" hits="0" branch="false" />
            <line number="48" hits="1" branch="false" />
            <line number="49" hits="1" branch="false" />
            <line number="50" hits="1" branch="false" />
            <line number="51" hits="0" branch="false" />
          </lines>
        </class>
        <class name="Testovi_za_zadatak_1.UnitTestLokacija3" filename="C:\Users\Korisnik\Documents\VVSzadaca2\eParking\Testovi za zadatak 1\UnitTestLokacija3.cs" line-rate="0.8780487804878049" branch-rate="1" complexity="8">
          <methods>
            <method name="Inicijalizacija" signature="(...)" line-rate="1" branch-rate="1" complexity="1">
              <lines>
                <line number="15" hits="1" branch="false" />
                <line number="16" hits="1" branch="false" />
                <line number="17" hits="1" branch="false" />
                <line number="19" hits="1" branch="false" />
              </lines>
            </method>
            <method name="TestIzuzetakPriSvimZauzetimMjestima" signature="()" line-rate="0.6666666666666666" branch-rate="1" complexity="1">
              <lines>
                <line number="26" hits="1" branch="false" />
                <line number="27" hits="1" branch="false" />
                <line number="28" hits="0" branch="false" />
              </lines>
            </method>
            <method name="TestOslobodiZauzetoMjesto" signature="()" line-rate="1" branch-rate="1" complexity="1">
              <lines>
                <line number="35" hits="1" branch="false" />
                <line number="36" hits="1" branch="false" />
                <line number="37" hits="1" branch="false" />
                <line number="39" hits="1" branch="false" />
                <line number="40" hits="1" branch="false" />
                <line number="42" hits="1" branch="false" />
                <line number="43" hits="1" branch="false" />
              </lines>
            </method>
            <method name="TestGetMetodeLokacija" signature="()" line-rate="1" branch-rate="1" complexity="1">
              <lines>
                <line number="50" hits="1" branch="false" />
                <line number="51" hits="1" branch="false" />
                <line number="52" hits="1" branch="false" />
                <line number="53" hits="1" branch="false" />
                <line number="54" hits="1" branch="false" />
                <line number="55" hits="1" branch="false" />
                <line number="56" hits="1" branch="false" />
                <line number="57" hits="1" branch="false" />
                <line number="58" hits="1" branch="false" />
                <line number="59" hits="1" branch="false" />
                <line number="60" hits="1" branch="false" />
                <line number="61" hits="1" branch="false" />
                <line number="63" hits="1" branch="false" />
              </lines>
            </method>
            <method name="TestNeispravanFormatNaziva" signature="()" line-rate="0.5" branch-rate="1" complexity="1">
              <lines>
                <line number="70" hits="1" branch="false" />
                <line number="71" hits="0" branch="false" />
              </lines>
            </method>
            <method name="TestNeispravanFormatCijene" signature="()" line-rate="0.75" branch-rate="1" complexity="1">
              <lines>
                <line number="78" hits="1" branch="false" />
                <line number="79" hits="1" branch="false" />
                <line number="80" hits="1" branch="false" />
                <line number="81" hits="0" branch="false" />
              </lines>
            </method>
            <method name="TestNeispravanFormatKapaciteta" signature="()" line-rate="0.8" branch-rate="1" complexity="1">
              <lines>
                <line number="88" hits="1" branch="false" />
                <line number="89" hits="1" branch="false" />
                <line number="90" hits="1" branch="false" />
                <line number="91" hits="1" branch="false" />
                <line number="92" hits="0" branch="false" />
              </lines>
            </method>
            <method name="TestKonstruktorSaIzuzetkom" signature="()" line-rate="0.6666666666666666" branch-rate="1" complexity="1">
              <lines>
                <line number="99" hits="1" branch="false" />
                <line number="100" hits="1" branch="false" />
                <line number="101" hits="0" branch="false" />
              </lines>
            </method>
          </methods>
          <lines>
            <line number="15" hits="1" branch="false" />
            <line number="16" hits="1" branch="false" />
            <line number="17" hits="1" branch="false" />
            <line number="19" hits="1" branch="false" />
            <line number="26" hits="1" branch="false" />
            <line number="27" hits="1" branch="false" />
            <line number="28" hits="0" branch="false" />
            <line number="35" hits="1" branch="false" />
            <line number="36" hits="1" branch="false" />
            <line number="37" hits="1" branch="false" />
            <line number="39" hits="1" branch="false" />
            <line number="40" hits="1" branch="false" />
            <line number="42" hits="1" branch="false" />
            <line number="43" hits="1" branch="false" />
            <line number="50" hits="1" branch="false" />
            <line number="51" hits="1" branch="false" />
            <line number="52" hits="1" branch="false" />
            <line number="53" hits="1" branch="false" />
            <line number="54" hits="1" branch="false" />
            <line number="55" hits="1" branch="false" />
            <line number="56" hits="1" branch="false" />
            <line number="57" hits="1" branch="false" />
            <line number="58" hits="1" branch="false" />
            <line number="59" hits="1" branch="false" />
            <line number="60" hits="1" branch="false" />
            <line number="61" hits="1" branch="false" />
            <line number="63" hits="1" branch="false" />
            <line number="70" hits="1" branch="false" />
            <line number="71" hits="0" branch="false" />
            <line number="78" hits="1" branch="false" />
            <line number="79" hits="1" branch="false" />
            <line number="80" hits="1" branch="false" />
            <line number="81" hits="0" branch="false" />
            <line number="88" hits="1" branch="false" />
            <line number="89" hits="1" branch="false" />
            <line number="90" hits="1" branch="false" />
            <line number="91" hits="1" branch="false" />
            <line number="92" hits="0" branch="false" />
            <line number="99" hits="1" branch="false" />
            <line number="100" hits="1" branch="false" />
            <line number="101" hits="0" branch="false" />
          </lines>
        </class>
        <class name="Testovi_za_zadatak_1.UnitTestParking" filename="C:\Users\Korisnik\Documents\VVSzadaca2\eParking\Testovi za zadatak 1\UnitTestParking.cs" line-rate="0.9090909090909091" branch-rate="1" complexity="4">
          <methods>
            <method name="Inicijalizacija" signature="(...)" line-rate="1" branch-rate="1" complexity="1">
              <lines>
                <line number="18" hits="1" branch="false" />
                <line number="19" hits="1" branch="false" />
                <line number="20" hits="1" branch="false" />
                <line number="21" hits="1" branch="false" />
                <line number="22" hits="1" branch="false" />
                <line number="23" hits="1" branch="false" />
                <line number="24" hits="1" branch="false" />
                <line number="25" hits="1" branch="false" />
                <line number="26" hits="1" branch="false" />
              </lines>
            </method>
            <method name="TestUspjesneRezervacije" signature="()" line-rate="1" branch-rate="1" complexity="1">
              <lines>
                <line number="33" hits="1" branch="false" />
                <line number="34" hits="1" branch="false" />
                <line number="35" hits="1" branch="false" />
                <line number="36" hits="1" branch="false" />
                <line number="37" hits="1" branch="false" />
              </lines>
            </method>
            <method name="TestRezervacijeKorisnikNijeClan" signature="()" line-rate="0.75" branch-rate="1" complexity="1">
              <lines>
                <line number="46" hits="1" branch="false" />
                <line number="47" hits="1" branch="false" />
                <line number="48" hits="1" branch="false" />
                <line number="49" hits="0" branch="false" />
              </lines>
            </method>
            <method name="TestRezervacijeKorisnikVecRezervisao" signature="()" line-rate="0.75" branch-rate="1" complexity="1">
              <lines>
                <line number="56" hits="1" branch="false" />
                <line number="57" hits="1" branch="false" />
                <line number="58" hits="1" branch="false" />
                <line number="59" hits="0" branch="false" />
              </lines>
            </method>
          </methods>
          <lines>
            <line number="18" hits="1" branch="false" />
            <line number="19" hits="1" branch="false" />
            <line number="20" hits="1" branch="false" />
            <line number="21" hits="1" branch="false" />
            <line number="22" hits="1" branch="false" />
            <line number="23" hits="1" branch="false" />
            <line number="24" hits="1" branch="false" />
            <line number="25" hits="1" branch="false" />
            <line number="26" hits="1" branch="false" />
            <line number="33" hits="1" branch="false" />
            <line number="34" hits="1" branch="false" />
            <line number="35" hits="1" branch="false" />
            <line number="36" hits="1" branch="false" />
            <line number="37" hits="1" branch="false" />
            <line number="46" hits="1" branch="false" />
            <line number="47" hits="1" branch="false" />
            <line number="48" hits="1" branch="false" />
            <line number="49" hits="0" branch="false" />
            <line number="56" hits="1" branch="false" />
            <line number="57" hits="1" branch="false" />
            <line number="58" hits="1" branch="false" />
            <line number="59" hits="0" branch="false" />
          </lines>
        </class>
        <class name="Testovi_za_zadatak_1.UnitTestParking3" filename="C:\Users\Korisnik\Documents\VVSzadaca2\eParking\Testovi za zadatak 1\UnitTestParking3.cs" line-rate="0.890625" branch-rate="1" complexity="8">
          <methods>
            <method name="Inicijalizacija" signature="(...)" line-rate="1" branch-rate="1" complexity="1">
              <lines>
                <line number="19" hits="1" branch="false" />
                <line number="20" hits="1" branch="false" />
                <line number="21" hits="1" branch="false" />
                <line number="22" hits="1" branch="false" />
                <line number="23" hits="1" branch="false" />
                <line number="24" hits="1" branch="false" />
                <line number="26" hits="1" branch="false" />
              </lines>
            </method>
            <method name="TestDodavanjeKorisnikaKojiNijeČlan" signature="()" line-rate="0.6666666666666666" branch-rate="1" complexity="1">
              <lines>
                <line number="34" hits="1" branch="false" />
                <line number="35" hits="1" branch="false" />
                <line number="36" hits="0" branch="false" />
              </lines>
            </method>
            <method name="TestRadSaLokacijomOpcija0" signature="()" line-rate="0.8888888888888888" branch-rate="1" complexity="1">
              <lines>
                <line number="43" hits="1" branch="false" />
                <line number="44" hits="1" branch="false" />
                <line number="45" hits="1" branch="false" />
                <line number="46" hits="1" branch="false" />
                <line number="47" hits="1" branch="false" />
                <line number="48" hits="1" branch="false" />
                <line number="49" hits="1" branch="false" />
                <line number="50" hits="1" branch="false" />
                <line number="52" hits="0" branch="false" />
              </lines>
            </method>
            <method name="TestRadSaLokacijomOpcija1" signature="()" line-rate="0.8333333333333334" branch-rate="1" complexity="1">
              <lines>
                <line number="59" hits="1" branch="false" />
                <line number="60" hits="1" branch="false" />
                <line number="61" hits="1" branch="false" />
                <line number="62" hits="1" branch="false" />
                <line number="63" hits="1" branch="false" />
                <line number="64" hits="0" branch="false" />
              </lines>
            </method>
            <method name="TestRadSaLokacijomOpcija2" signature="()" line-rate="0.8571428571428571" branch-rate="1" complexity="1">
              <lines>
                <line number="71" hits="1" branch="false" />
                <line number="72" hits="1" branch="false" />
                <line number="73" hits="1" branch="false" />
                <line number="74" hits="1" branch="false" />
                <line number="75" hits="1" branch="false" />
                <line number="76" hits="1" branch="false" />
                <line number="77" hits="0" branch="false" />
              </lines>
            </method>
            <method name="TestNeuspjesneRezervacije" signature="()" line-rate="0.8" branch-rate="1" complexity="1">
              <lines>
                <line number="84" hits="1" branch="false" />
                <line number="85" hits="1" branch="false" />
                <line number="86" hits="1" branch="false" />
                <line number="87" hits="1" branch="false" />
                <line number="88" hits="0" branch="false" />
              </lines>
            </method>
            <method name="TestLokacijaBezUlice" signature="()" line-rate="0.8888888888888888" branch-rate="1" complexity="1">
              <lines>
                <line number="95" hits="1" branch="false" />
                <line number="96" hits="1" branch="false" />
                <line number="97" hits="1" branch="false" />
                <line number="98" hits="1" branch="false" />
                <line number="99" hits="1" branch="false" />
                <line number="100" hits="1" branch="false" />
                <line number="101" hits="1" branch="false" />
                <line number="102" hits="1" branch="false" />
                <line number="104" hits="0" branch="false" />
              </lines>
            </method>
            <method name="TestProracunTrenutneZarade" signature="()" line-rate="0.9444444444444444" branch-rate="1" complexity="1">
              <lines>
                <line number="110" hits="1" branch="false" />
                <line number="111" hits="1" branch="false" />
                <line number="112" hits="1" branch="false" />
                <line number="113" hits="1" branch="false" />
                <line number="115" hits="1" branch="false" />
                <line number="116" hits="1" branch="false" />
                <line number="117" hits="1" branch="false" />
                <line number="118" hits="1" branch="false" />
                <line number="119" hits="1" branch="false" />
                <line number="120" hits="1" branch="false" />
                <line number="121" hits="1" branch="false" />
                <line number="122" hits="1" branch="false" />
                <line number="123" hits="1" branch="false" />
                <line number="124" hits="1" branch="false" />
                <line number="125" hits="1" branch="false" />
                <line number="126" hits="1" branch="false" />
                <line number="127" hits="1" branch="false" />
                <line number="128" hits="0" branch="false" />
              </lines>
            </method>
          </methods>
          <lines>
            <line number="19" hits="1" branch="false" />
            <line number="20" hits="1" branch="false" />
            <line number="21" hits="1" branch="false" />
            <line number="22" hits="1" branch="false" />
            <line number="23" hits="1" branch="false" />
            <line number="24" hits="1" branch="false" />
            <line number="26" hits="1" branch="false" />
            <line number="34" hits="1" branch="false" />
            <line number="35" hits="1" branch="false" />
            <line number="36" hits="0" branch="false" />
            <line number="43" hits="1" branch="false" />
            <line number="44" hits="1" branch="false" />
            <line number="45" hits="1" branch="false" />
            <line number="46" hits="1" branch="false" />
            <line number="47" hits="1" branch="false" />
            <line number="48" hits="1" branch="false" />
            <line number="49" hits="1" branch="false" />
            <line number="50" hits="1" branch="false" />
            <line number="52" hits="0" branch="false" />
            <line number="59" hits="1" branch="false" />
            <line number="60" hits="1" branch="false" />
            <line number="61" hits="1" branch="false" />
            <line number="62" hits="1" branch="false" />
            <line number="63" hits="1" branch="false" />
            <line number="64" hits="0" branch="false" />
            <line number="71" hits="1" branch="false" />
            <line number="72" hits="1" branch="false" />
            <line number="73" hits="1" branch="false" />
            <line number="74" hits="1" branch="false" />
            <line number="75" hits="1" branch="false" />
            <line number="76" hits="1" branch="false" />
            <line number="77" hits="0" branch="false" />
            <line number="84" hits="1" branch="false" />
            <line number="85" hits="1" branch="false" />
            <line number="86" hits="1" branch="false" />
            <line number="87" hits="1" branch="false" />
            <line number="88" hits="0" branch="false" />
            <line number="95" hits="1" branch="false" />
            <line number="96" hits="1" branch="false" />
            <line number="97" hits="1" branch="false" />
            <line number="98" hits="1" branch="false" />
            <line number="99" hits="1" branch="false" />
            <line number="100" hits="1" branch="false" />
            <line number="101" hits="1" branch="false" />
            <line number="102" hits="1" branch="false" />
            <line number="104" hits="0" branch="false" />
            <line number="110" hits="1" branch="false" />
            <line number="111" hits="1" branch="false" />
            <line number="112" hits="1" branch="false" />
            <line number="113" hits="1" branch="false" />
            <line number="115" hits="1" branch="false" />
            <line number="116" hits="1" branch="false" />
            <line number="117" hits="1" branch="false" />
            <line number="118" hits="1" branch="false" />
            <line number="119" hits="1" branch="false" />
            <line number="120" hits="1" branch="false" />
            <line number="121" hits="1" branch="false" />
            <line number="122" hits="1" branch="false" />
            <line number="123" hits="1" branch="false" />
            <line number="124" hits="1" branch="false" />
            <line number="125" hits="1" branch="false" />
            <line number="126" hits="1" branch="false" />
            <line number="127" hits="1" branch="false" />
            <line number="128" hits="0" branch="false" />
          </lines>
        </class>
        <class name="Testovi_za_zadatak_1.UnitTestTransakcija" filename="C:\Users\Korisnik\Documents\VVSzadaca2\eParking\Testovi za zadatak 1\UnitTestTransakcija.cs" line-rate="0.8571428571428571" branch-rate="1" complexity="3">
          <methods>
            <method name="Inicijalizacija" signature="(...)" line-rate="1" branch-rate="1" complexity="1">
              <lines>
                <line number="14" hits="1" branch="false" />
                <line number="15" hits="1" branch="false" />
                <line number="18" hits="1" branch="false" />
              </lines>
            </method>
            <method name="TestDajVrijemeDolaskaIzuzetak" signature="()" line-rate="0.6666666666666666" branch-rate="1" complexity="1">
              <lines>
                <line number="25" hits="1" branch="false" />
                <line number="26" hits="1" branch="false" />
                <line number="27" hits="0" branch="false" />
              </lines>
            </method>
            <method name=".ctor" signature="()" line-rate="1" branch-rate="1" complexity="1">
              <lines>
                <line number="11" hits="1" branch="false" />
              </lines>
            </method>
          </methods>
          <lines>
            <line number="11" hits="1" branch="false" />
            <line number="14" hits="1" branch="false" />
            <line number="15" hits="1" branch="false" />
            <line number="18" hits="1" branch="false" />
            <line number="25" hits="1" branch="false" />
            <line number="26" hits="1" branch="false" />
            <line number="27" hits="0" branch="false" />
          </lines>
        </class>
        <class name="Testovi_za_zadatak_1.UnitTestVozilo" filename="C:\Users\Korisnik\Documents\VVSzadaca2\eParking\Testovi za zadatak 1\UnitTestVozilo.cs" line-rate="0.8571428571428571" branch-rate="1" complexity="5">
          <methods>
            <method name="Inicijalizacija" signature="(...)" line-rate="1" branch-rate="1" complexity="1">
              <lines>
                <line number="14" hits="1" branch="false" />
                <line number="15" hits="1" branch="false" />
                <line number="16" hits="1" branch="false" />
              </lines>
            </method>
            <method name="TestNeispravanFormatTablica" signature="()" line-rate="0.6666666666666666" branch-rate="1" complexity="1">
              <lines>
                <line number="23" hits="1" branch="false" />
                <line number="24" hits="1" branch="false" />
                <line number="25" hits="0" branch="false" />
              </lines>
            </method>
            <method name="TestNepostojećaVrstaVozila" signature="()" line-rate="0.6666666666666666" branch-rate="1" complexity="1">
              <lines>
                <line number="32" hits="1" branch="false" />
                <line number="33" hits="1" branch="false" />
                <line number="34" hits="0" branch="false" />
              </lines>
            </method>
            <method name="TestNeispravanFormatSjedišta" signature="()" line-rate="0.6666666666666666" branch-rate="1" complexity="1">
              <lines>
                <line number="41" hits="1" branch="false" />
                <line number="42" hits="1" branch="false" />
                <line number="43" hits="0" branch="false" />
              </lines>
            </method>
            <method name="TestGetMetode" signature="()" line-rate="1" branch-rate="1" complexity="1">
              <lines>
                <line number="49" hits="1" branch="false" />
                <line number="50" hits="1" branch="false" />
                <line number="51" hits="1" branch="false" />
                <line number="52" hits="1" branch="false" />
                <line number="53" hits="1" branch="false" />
                <line number="54" hits="1" branch="false" />
                <line number="55" hits="1" branch="false" />
                <line number="56" hits="1" branch="false" />
                <line number="58" hits="1" branch="false" />
              </lines>
            </method>
          </methods>
          <lines>
            <line number="14" hits="1" branch="false" />
            <line number="15" hits="1" branch="false" />
            <line number="16" hits="1" branch="false" />
            <line number="23" hits="1" branch="false" />
            <line number="24" hits="1" branch="false" />
            <line number="25" hits="0" branch="false" />
            <line number="32" hits="1" branch="false" />
            <line number="33" hits="1" branch="false" />
            <line number="34" hits="0" branch="false" />
            <line number="41" hits="1" branch="false" />
            <line number="42" hits="1" branch="false" />
            <line number="43" hits="0" branch="false" />
            <line number="49" hits="1" branch="false" />
            <line number="50" hits="1" branch="false" />
            <line number="51" hits="1" branch="false" />
            <line number="52" hits="1" branch="false" />
            <line number="53" hits="1" branch="false" />
            <line number="54" hits="1" branch="false" />
            <line number="55" hits="1" branch="false" />
            <line number="56" hits="1" branch="false" />
            <line number="58" hits="1" branch="false" />
          </lines>
        </class>
      </classes>
    </package>
    <package name="Unit Testovi" line-rate="0.9591836734693877" branch-rate="1" complexity="6">
      <classes>
        <class name="AutoGeneratedProgram" filename="C:\Users\Korisnik\.nuget\packages\microsoft.net.test.sdk\16.5.0\build\netcoreapp2.1\Microsoft.NET.Test.Sdk.Program.cs" line-rate="0" branch-rate="1" complexity="1">
          <methods>
            <method name="Main" signature="(...)" line-rate="0" branch-rate="1" complexity="1">
              <lines>
                <line number="4" hits="0" branch="false" />
              </lines>
            </method>
          </methods>
          <lines>
            <line number="4" hits="0" branch="false" />
          </lines>
        </class>
        <class name="Unit_Testovi.NoviTestovi" filename="C:\Users\Korisnik\Documents\VVSzadaca2\eParking\Unit Testovi\NoviTestovi.cs" line-rate="0.9791666666666666" branch-rate="1" complexity="5">
          <methods>
            <method name="TestZamjenskiObjekat" signature="()" line-rate="1" branch-rate="1" complexity="1">
              <lines>
                <line number="23" hits="1" branch="false" />
                <line number="24" hits="1" branch="false" />
                <line number="25" hits="1" branch="false" />
                <line number="26" hits="1" branch="false" />
                <line number="27" hits="1" branch="false" />
                <line number="28" hits="1" branch="false" />
                <line number="30" hits="1" branch="false" />
                <line number="32" hits="1" branch="false" />
                <line number="34" hits="1" branch="false" />
                <line number="36" hits="1" branch="false" />
                <line number="37" hits="1" branch="false" />
              </lines>
            </method>
            <method name="TestZaradaJednaUlica" signature="()" line-rate="1" branch-rate="1" complexity="1">
              <lines>
                <line number="45" hits="1" branch="false" />
                <line number="46" hits="1" branch="false" />
                <line number="47" hits="1" branch="false" />
                <line number="48" hits="1" branch="false" />
                <line number="49" hits="1" branch="false" />
                <line number="50" hits="1" branch="false" />
                <line number="52" hits="1" branch="false" />
                <line number="53" hits="1" branch="false" />
                <line number="55" hits="1" branch="false" />
                <line number="56" hits="1" branch="false" />
              </lines>
            </method>
            <method name="TestZaradaVišeUlica" signature="()" line-rate="1" branch-rate="1" complexity="1">
              <lines>
                <line number="60" hits="1" branch="false" />
                <line number="61" hits="1" branch="false" />
                <line number="62" hits="1" branch="false" />
                <line number="63" hits="1" branch="false" />
                <line number="64" hits="1" branch="false" />
                <line number="65" hits="1" branch="false" />
                <line number="66" hits="1" branch="false" />
                <line number="67" hits="1" branch="false" />
                <line number="68" hits="1" branch="false" />
                <line number="69" hits="1" branch="false" />
                <line number="71" hits="1" branch="false" />
                <line number="72" hits="1" branch="false" />
                <line number="73" hits="1" branch="false" />
                <line number="75" hits="1" branch="false" />
                <line number="76" hits="1" branch="false" />
              </lines>
            </method>
            <method name="TestZaradaIzuzetak" signature="()" line-rate="0.8888888888888888" branch-rate="1" complexity="1">
              <lines>
                <line number="81" hits="1" branch="false" />
                <line number="82" hits="1" branch="false" />
                <line number="83" hits="1" branch="false" />
                <line number="84" hits="1" branch="false" />
                <line number="85" hits="1" branch="false" />
                <line number="86" hits="1" branch="false" />
                <line number="88" hits="1" branch="false" />
                <line number="90" hits="1" branch="false" />
                <line number="91" hits="0" branch="false" />
              </lines>
            </method>
            <method name="DajVrijemeDolaska" signature="(...)" line-rate="1" branch-rate="1" complexity="1">
              <lines>
                <line number="16" hits="1" branch="false" />
                <line number="17" hits="1" branch="false" />
                <line number="18" hits="1" branch="false" />
              </lines>
            </method>
          </methods>
          <lines>
            <line number="16" hits="1" branch="false" />
            <line number="17" hits="1" branch="false" />
            <line number="18" hits="1" branch="false" />
            <line number="23" hits="1" branch="false" />
            <line number="24" hits="1" branch="false" />
            <line number="25" hits="1" branch="false" />
            <line number="26" hits="1" branch="false" />
            <line number="27" hits="1" branch="false" />
            <line number="28" hits="1" branch="false" />
            <line number="30" hits="1" branch="false" />
            <line number="32" hits="1" branch="false" />
            <line number="34" hits="1" branch="false" />
            <line number="36" hits="1" branch="false" />
            <line number="37" hits="1" branch="false" />
            <line number="45" hits="1" branch="false" />
            <line number="46" hits="1" branch="false" />
            <line number="47" hits="1" branch="false" />
            <line number="48" hits="1" branch="false" />
            <line number="49" hits="1" branch="false" />
            <line number="50" hits="1" branch="false" />
            <line number="52" hits="1" branch="false" />
            <line number="53" hits="1" branch="false" />
            <line number="55" hits="1" branch="false" />
            <line number="56" hits="1" branch="false" />
            <line number="60" hits="1" branch="false" />
            <line number="61" hits="1" branch="false" />
            <line number="62" hits="1" branch="false" />
            <line number="63" hits="1" branch="false" />
            <line number="64" hits="1" branch="false" />
            <line number="65" hits="1" branch="false" />
            <line number="66" hits="1" branch="false" />
            <line number="67" hits="1" branch="false" />
            <line number="68" hits="1" branch="false" />
            <line number="69" hits="1" branch="false" />
            <line number="71" hits="1" branch="false" />
            <line number="72" hits="1" branch="false" />
            <line number="73" hits="1" branch="false" />
            <line number="75" hits="1" branch="false" />
            <line number="76" hits="1" branch="false" />
            <line number="81" hits="1" branch="false" />
            <line number="82" hits="1" branch="false" />
            <line number="83" hits="1" branch="false" />
            <line number="84" hits="1" branch="false" />
            <line number="85" hits="1" branch="false" />
            <line number="86" hits="1" branch="false" />
            <line number="88" hits="1" branch="false" />
            <line number="90" hits="1" branch="false" />
            <line number="91" hits="0" branch="false" />
          </lines>
        </class>
      </classes>
    </package>
  </packages>
</coverage>