TpTrace Information: 0 : 4616, 1, 2020/11/29, 14:16:18.085, 40919720422, datacollector.dll, DataCollectorMain.Run: Starting data collector run with args: --port,50030,--parentprocessid,11688,--diag,C:\Users\Korisnik\Documents\VVSzadaca2\eParking\Testovi za zadatak 1\bin\Debug\fine-code-coverage\_outputfolder\diagnostics.datacollector.20-11-29_14-16-17_69631_4.log,--tracelevel,4
TpTrace Information: 0 : 4616, 1, 2020/11/29, 14:16:18.105, 40919791031, datacollector.dll, DataCollector: Monitoring parent process with id: '11688'
TpTrace Information: 0 : 4616, 1, 2020/11/29, 14:16:18.134, 40920082582, datacollector.dll, Trying to connect to server on socket : 127.0.0.1:50030 
TpTrace Verbose: 0 : 4616, 1, 2020/11/29, 14:16:18.184, 40920586370, datacollector.dll, SocketCommunicationManager : SetupClientAsync : Attempting to connect to the server.
TpTrace Information: 0 : 4616, 4, 2020/11/29, 14:16:18.234, 40921084590, datacollector.dll, Connected to the server successfully 
TpTrace Information: 0 : 4616, 4, 2020/11/29, 14:16:18.234, 40921087228, datacollector.dll, Using the buffer size of 16384 bytes
TpTrace Information: 0 : 4616, 1, 2020/11/29, 14:16:18.444, 40923188628, datacollector.dll, DataCollector: Start Request Processing.
TpTrace Information: 0 : 4616, 1, 2020/11/29, 14:16:18.453, 40923275290, datacollector.dll, DataCollectionRequestHandler.ProcessRequests : Datacollector received message: (DataCollection.BeforeTestRunStart) -> {
  "SettingsXml": "<RunSettings><RunConfiguration><ResultsDirectory>C:\\Users\\Korisnik\\Documents\\VVSzadaca2\\eParking\\Testovi za zadatak 1\\bin\\Debug\\fine-code-coverage\\_outputfolder</ResultsDirectory><TargetPlatform>X64</TargetPlatform><TargetFrameworkVersion>.NETCoreApp,Version=v3.1</TargetFrameworkVersion><DesignMode>False</DesignMode><CollectSourceInformation>False</CollectSourceInformation><TestAdaptersPaths>C:\\Program Files\\dotnet\\sdk\\3.1.101\\Extensions</TestAdaptersPaths></RunConfiguration><LoggerRunSettings><Loggers><Logger friendlyName=\"blame\" enabled=\"True\" /><Logger friendlyName=\"Console\" uri=\"logger://microsoft/TestPlatform/ConsoleLogger/v1\" assemblyQualifiedName=\"Microsoft.VisualStudio.TestPlatform.CommandLine.Internal.ConsoleLogger, vstest.console, Version=15.0.0.0, Culture=neutral, PublicKeyToken=b03f5f7f11d50a3a\" codeBase=\"C:\\Program Files\\dotnet\\sdk\\3.1.101\\vstest.console.dll\" enabled=\"True\" /></Loggers></LoggerRunSettings><DataCollectionRunSettings><DataCollectors><DataCollector friendlyName=\"blame\" enabled=\"True\"><Configuration><ResultsDirectory>C:\\Users\\Korisnik\\Documents\\VVSzadaca2\\eParking\\Testovi za zadatak 1\\bin\\Debug\\fine-code-coverage\\_outputfolder</ResultsDirectory></Configuration></DataCollector></DataCollectors></DataCollectionRunSettings></RunSettings>",
  "Sources": [
    "C:\\Users\\Korisnik\\Documents\\VVSzadaca2\\eParking\\Testovi za zadatak 1\\bin\\Debug\\fine-code-coverage\\Testovi za zadatak 1.dll"
  ]
}
TpTrace Verbose: 0 : 4616, 1, 2020/11/29, 14:16:18.552, 40924265280, datacollector.dll, TestPluginCache: Update extensions started. Skip filter = False
TpTrace Verbose: 0 : 4616, 1, 2020/11/29, 14:16:18.554, 40924284088, datacollector.dll, TestPluginCache: Using directories for assembly resolution 'C:\Program Files\dotnet\sdk\3.1.101\Extensions'.
TpTrace Verbose: 0 : 4616, 1, 2020/11/29, 14:16:18.554, 40924286840, datacollector.dll, TestPluginCache: Updated the available extensions to 'C:\Program Files\dotnet\sdk\3.1.101\Extensions\Microsoft.TestPlatform.Extensions.BlameDataCollector.dll,C:\Program Files\dotnet\sdk\3.1.101\Extensions\Microsoft.TestPlatform.Extensions.EventLogCollector.dll'.
TpTrace Verbose: 0 : 4616, 1, 2020/11/29, 14:16:18.569, 40924435508, datacollector.dll, TestPluginCache.DiscoverTestExtensions: finding test extensions in assemblies endswith: Collector.dll TPluginInfo: Microsoft.VisualStudio.TestPlatform.Common.DataCollector.DataCollectorConfig TExtension: Microsoft.VisualStudio.TestPlatform.ObjectModel.DataCollection.DataCollector
TpTrace Verbose: 0 : 4616, 1, 2020/11/29, 14:16:18.570, 40924441693, datacollector.dll, TestPluginCache.GetExtensionPaths: Filtered extension paths: C:\Program Files\dotnet\sdk\3.1.101\Extensions\Microsoft.TestPlatform.Extensions.BlameDataCollector.dll
C:\Program Files\dotnet\sdk\3.1.101\Extensions\Microsoft.TestPlatform.Extensions.EventLogCollector.dll
TpTrace Verbose: 0 : 4616, 1, 2020/11/29, 14:16:18.570, 40924445277, datacollector.dll, TestPluginCache.GetExtensionPaths: Added default extension paths: 
TpTrace Verbose: 0 : 4616, 1, 2020/11/29, 14:16:18.570, 40924447889, datacollector.dll, TestPluginCache.GetExtensionPaths: Added unfilterableExtensionPaths: 
TpTrace Information: 0 : 4616, 1, 2020/11/29, 14:16:18.572, 40924466289, datacollector.dll, AssemblyResolver.ctor: Creating AssemblyResolver with searchDirectories C:\Program Files\dotnet\sdk\3.1.101\Extensions,C:\Program Files\dotnet\sdk\3.1.101
TpTrace Verbose: 0 : 4616, 1, 2020/11/29, 14:16:18.577, 40924512422, datacollector.dll, TestPluginCache.DiscoverTestExtensions: Discovering the extensions using extension path.
TpTrace Verbose: 0 : 4616, 1, 2020/11/29, 14:16:18.577, 40924520169, datacollector.dll, TestPluginCache.GetExtensionPaths: Filtered extension paths: C:\Program Files\dotnet\sdk\3.1.101\Extensions\Microsoft.TestPlatform.Extensions.BlameDataCollector.dll
C:\Program Files\dotnet\sdk\3.1.101\Extensions\Microsoft.TestPlatform.Extensions.EventLogCollector.dll
TpTrace Verbose: 0 : 4616, 1, 2020/11/29, 14:16:18.578, 40924522312, datacollector.dll, TestPluginCache.GetExtensionPaths: Added default extension paths: 
TpTrace Verbose: 0 : 4616, 1, 2020/11/29, 14:16:18.578, 40924523481, datacollector.dll, TestPluginCache.GetExtensionPaths: Added unfilterableExtensionPaths: 
TpTrace Verbose: 0 : 4616, 1, 2020/11/29, 14:16:18.578, 40924525111, datacollector.dll, TestPluginCache.DiscoverTestExtensions: Discovering the extensions using allExtensionPaths: C:\Program Files\dotnet\sdk\3.1.101\Extensions\Microsoft.TestPlatform.Extensions.BlameDataCollector.dll
C:\Program Files\dotnet\sdk\3.1.101\Extensions\Microsoft.TestPlatform.Extensions.EventLogCollector.dll
TpTrace Information: 0 : 4616, 1, 2020/11/29, 14:16:18.578, 40924528172, datacollector.dll, AssemblyResolver.AddSearchDirectories: Adding more searchDirectories C:\Program Files\dotnet\sdk\3.1.101\Extensions,C:\Program Files\dotnet\sdk\3.1.101
TpTrace Information: 0 : 4616, 1, 2020/11/29, 14:16:18.578, 40924529819, datacollector.dll, AssemblyResolver.AddSearchDirectories: Adding more searchDirectories C:\Program Files\dotnet\sdk\3.1.101\Extensions,C:\Program Files\dotnet\sdk\3.1.101
TpTrace Information: 0 : 4616, 1, 2020/11/29, 14:16:18.579, 40924537263, datacollector.dll, AssemblyResolver.OnResolve: Microsoft.TestPlatform.Extensions.BlameDataCollector: Resolving assembly.
TpTrace Information: 0 : 4616, 1, 2020/11/29, 14:16:18.581, 40924559016, datacollector.dll, AssemblyResolver.OnResolve: Resolved assembly: Microsoft.TestPlatform.Extensions.BlameDataCollector, from path: C:\Program Files\dotnet\sdk\3.1.101\Extensions\Microsoft.TestPlatform.Extensions.BlameDataCollector.dll
TpTrace Information: 0 : 4616, 1, 2020/11/29, 14:16:18.585, 40924591153, datacollector.dll, AssemblyResolver.OnResolve: Microsoft.TestPlatform.Extensions.EventLogCollector: Resolving assembly.
TpTrace Information: 0 : 4616, 1, 2020/11/29, 14:16:18.587, 40924616503, datacollector.dll, AssemblyResolver.OnResolve: Resolved assembly: Microsoft.TestPlatform.Extensions.EventLogCollector, from path: C:\Program Files\dotnet\sdk\3.1.101\Extensions\Microsoft.TestPlatform.Extensions.EventLogCollector.dll
TpTrace Verbose: 0 : 4616, 1, 2020/11/29, 14:16:18.592, 40924661615, datacollector.dll, TestPluginCache: Discovered the extensions using extension path 'C:\Program Files\dotnet\sdk\3.1.101\Extensions\Microsoft.TestPlatform.Extensions.BlameDataCollector.dll,C:\Program Files\dotnet\sdk\3.1.101\Extensions\Microsoft.TestPlatform.Extensions.EventLogCollector.dll'.
TpTrace Verbose: 0 : 4616, 1, 2020/11/29, 14:16:18.592, 40924665983, datacollector.dll, TestPluginCache: Discoverers are ''.
TpTrace Verbose: 0 : 4616, 1, 2020/11/29, 14:16:18.592, 40924668906, datacollector.dll, TestPluginCache: Executors are ''.
TpTrace Verbose: 0 : 4616, 1, 2020/11/29, 14:16:18.593, 40924673529, datacollector.dll, TestPluginCache: Setting providers are ''.
TpTrace Verbose: 0 : 4616, 1, 2020/11/29, 14:16:18.593, 40924676191, datacollector.dll, TestPluginCache: Loggers are ''.
TpTrace Information: 0 : 4616, 1, 2020/11/29, 14:16:18.598, 40924727577, datacollector.dll, TestPluginManager.CreateTestExtension: Attempting to load test extension: Microsoft.TestPlatform.Extensions.BlameDataCollector.BlameCollector
TpTrace Information: 0 : 4616, 1, 2020/11/29, 14:16:18.611, 40924853352, datacollector.dll, Listening on Endpoint : 127.0.0.1:50032
TpTrace Information: 0 : 4616, 1, 2020/11/29, 14:16:18.629, 40925034843, datacollector.dll, DataCollectionRequestHandler.ProcessRequests : DataCollection started.
TpTrace Information: 0 : 4616, 1, 2020/11/29, 14:16:18.715, 40925893178, datacollector.dll, DataCollectionRequestHandler.ProcessRequests : Datacollector received message: (DataCollection.TestHostLaunched) -> {
  "ProcessId": 11936
}
TpTrace Information: 0 : 4616, 7, 2020/11/29, 14:16:19.239, 40931131686, datacollector.dll, Using the buffer size of 16384 bytes
TpTrace Information: 0 : 4616, 7, 2020/11/29, 14:16:19.239, 40931137115, datacollector.dll, Accepted Client request and set the flag
TpTrace Information: 0 : 4616, 8, 2020/11/29, 14:16:20.120, 40939941263, datacollector.dll, DataCollectionTestCaseEventHandler: Test case starting.
TpTrace Information: 0 : 4616, 8, 2020/11/29, 14:16:20.191, 40940655838, datacollector.dll, Blame Collector : Test Case Start
TpTrace Information: 0 : 4616, 8, 2020/11/29, 14:16:20.192, 40940663876, datacollector.dll, DataCollectionTestCaseEventHandler: Test case started.
TpTrace Information: 0 : 4616, 8, 2020/11/29, 14:16:20.275, 40941496493, datacollector.dll, DataCollectionTestCaseEventHandler : Test case completing.
TpTrace Information: 0 : 4616, 8, 2020/11/29, 14:16:20.280, 40941548267, datacollector.dll, Blame Collector : Test Case End
TpTrace Error: 0 : 4616, 8, 2020/11/29, 14:16:20.312, 40941869482, datacollector.dll, DataCollectionAttachmentManager.GetAttachments: Fail to get attachments: System.Collections.Generic.KeyNotFoundException: The given key 'Microsoft.VisualStudio.TestPlatform.ObjectModel.DataCollection.DataCollectionContext' was not present in the dictionary.
   at System.Collections.Generic.Dictionary`2.get_Item(TKey key)
   at Microsoft.VisualStudio.TestPlatform.Common.DataCollector.DataCollectionAttachmentManager.GetAttachments(DataCollectionContext dataCollectionContext) 
TpTrace Information: 0 : 4616, 8, 2020/11/29, 14:16:20.322, 40941961952, datacollector.dll, DataCollectionTestCaseEventHandler: Test case completed
TpTrace Information: 0 : 4616, 8, 2020/11/29, 14:16:20.342, 40942169552, datacollector.dll, DataCollectionTestCaseEventHandler: Test case starting.
TpTrace Information: 0 : 4616, 8, 2020/11/29, 14:16:20.343, 40942175692, datacollector.dll, Blame Collector : Test Case Start
TpTrace Information: 0 : 4616, 8, 2020/11/29, 14:16:20.343, 40942179362, datacollector.dll, DataCollectionTestCaseEventHandler: Test case started.
TpTrace Information: 0 : 4616, 8, 2020/11/29, 14:16:20.346, 40942203344, datacollector.dll, DataCollectionTestCaseEventHandler : Test case completing.
TpTrace Information: 0 : 4616, 8, 2020/11/29, 14:16:20.347, 40942213807, datacollector.dll, Blame Collector : Test Case End
TpTrace Error: 0 : 4616, 8, 2020/11/29, 14:16:20.347, 40942219602, datacollector.dll, DataCollectionAttachmentManager.GetAttachments: Fail to get attachments: System.Collections.Generic.KeyNotFoundException: The given key 'Microsoft.VisualStudio.TestPlatform.ObjectModel.DataCollection.DataCollectionContext' was not present in the dictionary.
   at System.Collections.Generic.Dictionary`2.get_Item(TKey key)
   at Microsoft.VisualStudio.TestPlatform.Common.DataCollector.DataCollectionAttachmentManager.GetAttachments(DataCollectionContext dataCollectionContext) 
TpTrace Information: 0 : 4616, 8, 2020/11/29, 14:16:20.348, 40942224565, datacollector.dll, DataCollectionTestCaseEventHandler: Test case completed
TpTrace Information: 0 : 4616, 8, 2020/11/29, 14:16:20.350, 40942243165, datacollector.dll, DataCollectionTestCaseEventHandler: Test case starting.
TpTrace Information: 0 : 4616, 8, 2020/11/29, 14:16:20.351, 40942252294, datacollector.dll, Blame Collector : Test Case Start
TpTrace Information: 0 : 4616, 8, 2020/11/29, 14:16:20.351, 40942256321, datacollector.dll, DataCollectionTestCaseEventHandler: Test case started.
TpTrace Information: 0 : 4616, 8, 2020/11/29, 14:16:20.362, 40942365830, datacollector.dll, DataCollectionTestCaseEventHandler : Test case completing.
TpTrace Information: 0 : 4616, 8, 2020/11/29, 14:16:20.368, 40942425165, datacollector.dll, Blame Collector : Test Case End
TpTrace Error: 0 : 4616, 8, 2020/11/29, 14:16:20.369, 40942432696, datacollector.dll, DataCollectionAttachmentManager.GetAttachments: Fail to get attachments: System.Collections.Generic.KeyNotFoundException: The given key 'Microsoft.VisualStudio.TestPlatform.ObjectModel.DataCollection.DataCollectionContext' was not present in the dictionary.
   at System.Collections.Generic.Dictionary`2.get_Item(TKey key)
   at Microsoft.VisualStudio.TestPlatform.Common.DataCollector.DataCollectionAttachmentManager.GetAttachments(DataCollectionContext dataCollectionContext) 
TpTrace Information: 0 : 4616, 8, 2020/11/29, 14:16:20.369, 40942438217, datacollector.dll, DataCollectionTestCaseEventHandler: Test case completed
TpTrace Information: 0 : 4616, 8, 2020/11/29, 14:16:20.371, 40942460130, datacollector.dll, DataCollectionTestCaseEventHandler: Test case starting.
TpTrace Information: 0 : 4616, 8, 2020/11/29, 14:16:20.372, 40942469285, datacollector.dll, Blame Collector : Test Case Start
TpTrace Information: 0 : 4616, 8, 2020/11/29, 14:16:20.373, 40942473231, datacollector.dll, DataCollectionTestCaseEventHandler: Test case started.
TpTrace Information: 0 : 4616, 8, 2020/11/29, 14:16:20.377, 40942514905, datacollector.dll, DataCollectionTestCaseEventHandler : Test case completing.
TpTrace Information: 0 : 4616, 8, 2020/11/29, 14:16:20.378, 40942526377, datacollector.dll, Blame Collector : Test Case End
TpTrace Error: 0 : 4616, 8, 2020/11/29, 14:16:20.379, 40942530714, datacollector.dll, DataCollectionAttachmentManager.GetAttachments: Fail to get attachments: System.Collections.Generic.KeyNotFoundException: The given key 'Microsoft.VisualStudio.TestPlatform.ObjectModel.DataCollection.DataCollectionContext' was not present in the dictionary.
   at System.Collections.Generic.Dictionary`2.get_Item(TKey key)
   at Microsoft.VisualStudio.TestPlatform.Common.DataCollector.DataCollectionAttachmentManager.GetAttachments(DataCollectionContext dataCollectionContext) 
TpTrace Information: 0 : 4616, 8, 2020/11/29, 14:16:20.379, 40942534195, datacollector.dll, DataCollectionTestCaseEventHandler: Test case completed
TpTrace Information: 0 : 4616, 8, 2020/11/29, 14:16:20.381, 40942556451, datacollector.dll, DataCollectionTestCaseEventHandler: Test case starting.
TpTrace Information: 0 : 4616, 8, 2020/11/29, 14:16:20.382, 40942565680, datacollector.dll, Blame Collector : Test Case Start
TpTrace Information: 0 : 4616, 8, 2020/11/29, 14:16:20.382, 40942569619, datacollector.dll, DataCollectionTestCaseEventHandler: Test case started.
TpTrace Information: 0 : 4616, 8, 2020/11/29, 14:16:20.389, 40942638651, datacollector.dll, DataCollectionTestCaseEventHandler : Test case completing.
TpTrace Information: 0 : 4616, 8, 2020/11/29, 14:16:20.390, 40942649085, datacollector.dll, Blame Collector : Test Case End
TpTrace Error: 0 : 4616, 8, 2020/11/29, 14:16:20.391, 40942653432, datacollector.dll, DataCollectionAttachmentManager.GetAttachments: Fail to get attachments: System.Collections.Generic.KeyNotFoundException: The given key 'Microsoft.VisualStudio.TestPlatform.ObjectModel.DataCollection.DataCollectionContext' was not present in the dictionary.
   at System.Collections.Generic.Dictionary`2.get_Item(TKey key)
   at Microsoft.VisualStudio.TestPlatform.Common.DataCollector.DataCollectionAttachmentManager.GetAttachments(DataCollectionContext dataCollectionContext) 
TpTrace Information: 0 : 4616, 8, 2020/11/29, 14:16:20.391, 40942658185, datacollector.dll, DataCollectionTestCaseEventHandler: Test case completed
TpTrace Information: 0 : 4616, 8, 2020/11/29, 14:16:20.400, 40942741089, datacollector.dll, DataCollectionTestCaseEventHandler: Test session ended
TpTrace Information: 0 : 4616, 1, 2020/11/29, 14:16:20.589, 40944631587, datacollector.dll, DataCollectionRequestHandler.ProcessRequests : Datacollector received message: (DataCollection.AfterTestRunEnd) -> false
TpTrace Information: 0 : 4616, 1, 2020/11/29, 14:16:20.590, 40944650499, datacollector.dll, Blame Collector : Session End
TpTrace Error: 0 : 4616, 1, 2020/11/29, 14:16:20.591, 40944658774, datacollector.dll, DataCollectionAttachmentManager.GetAttachments: Fail to get attachments: System.Collections.Generic.KeyNotFoundException: The given key 'Microsoft.VisualStudio.TestPlatform.ObjectModel.DataCollection.DataCollectionContext' was not present in the dictionary.
   at System.Collections.Generic.Dictionary`2.get_Item(TKey key)
   at Microsoft.VisualStudio.TestPlatform.Common.DataCollector.DataCollectionAttachmentManager.GetAttachments(DataCollectionContext dataCollectionContext) 
TpTrace Information: 0 : 4616, 1, 2020/11/29, 14:16:20.592, 40944661503, datacollector.dll, DataCollectionManager.CleanupPlugins: CleanupPlugins called
TpTrace Verbose: 0 : 4616, 1, 2020/11/29, 14:16:20.592, 40944663666, datacollector.dll, DataCollectionManager.CleanupPlugins: Cleaning up 1 plugins
TpTrace Verbose: 0 : 4616, 1, 2020/11/29, 14:16:20.592, 40944667496, datacollector.dll, dataCollectorInfo.DisposeDataCollector: calling Dispose() on Microsoft.TestPlatform.Extensions.BlameDataCollector.BlameCollector
TpTrace Information: 0 : 4616, 1, 2020/11/29, 14:16:20.592, 40944670373, datacollector.dll, DataCollectionManager.CleanupPlugins: CleanupPlugins finished
TpTrace Information: 0 : 4616, 1, 2020/11/29, 14:16:20.593, 40944679331, datacollector.dll, DataCollectionRequestHandler.ProcessRequests : Session End message received from server. Closing the connection.
TpTrace Information: 0 : 4616, 1, 2020/11/29, 14:16:20.594, 40944684871, datacollector.dll, Closing the connection !
TpTrace Information: 0 : 4616, 1, 2020/11/29, 14:16:20.594, 40944687072, datacollector.dll, DataCollectionRequestHandler.ProcessRequests : DataCollection completed
TpTrace Information: 0 : 4616, 1, 2020/11/29, 14:16:20.594, 40944688948, datacollector.dll, Program.Main: exiting datacollector process.
