TpTrace Information: 0 : 9000, 1, 2020/11/30, 21:27:18.100, 1945236869754, testhost.dll, DefaultEngineInvoker.Invoke: Testhost process started with args :[--port, 2704],[--endpoint, 127.0.0.1:02704],[--role, client],[--parentprocessid, 4744],[--diag, C:\Users\berin\source\repos\VVSzadaca2\eParking\Testovi za zadatak 1\bin\Debug\fine-code-coverage\_outputfolder\diagnostics.host.20-11-30_21-27-17_80991_4.log],[--tracelevel, 4],[--datacollectionport, 2703],[--telemetryoptedin, false]
TpTrace Information: 0 : 9000, 1, 2020/11/30, 21:27:18.117, 1945236939601, testhost.dll, DefaultEngineInvoker.SetParentProcessExitCallback: Monitoring parent process with id: '4744'
TpTrace Information: 0 : 9000, 1, 2020/11/30, 21:27:18.140, 1945237173676, testhost.dll, DefaultEngineInvoker.GetConnectionInfo: Initialize communication on endpoint address: '127.0.0.1:02704'
TpTrace Information: 0 : 9000, 1, 2020/11/30, 21:27:18.182, 1945237589832, testhost.dll, SocketClient.Start: connecting to server endpoint: 127.0.0.1:02704
TpTrace Information: 0 : 9000, 1, 2020/11/30, 21:27:18.194, 1945237715000, testhost.dll, DefaultEngineInvoker.ConnectToDatacollector: Connecting to datacollector, port: 2703
TpTrace Information: 0 : 9000, 5, 2020/11/30, 21:27:18.199, 1945237762344, testhost.dll, SocketClient.OnServerConnected: connected to server endpoint: 127.0.0.1:02704
TpTrace Information: 0 : 9000, 1, 2020/11/30, 21:27:18.203, 1945237805401, testhost.dll, Trying to connect to server on socket : 127.0.0.1:2703 
TpTrace Verbose: 0 : 9000, 1, 2020/11/30, 21:27:18.205, 1945237820761, testhost.dll, SocketCommunicationManager : SetupClientAsync : Attempting to connect to the server.
TpTrace Verbose: 0 : 9000, 5, 2020/11/30, 21:27:18.206, 1945237828989, testhost.dll, Connected to server, and starting MessageLoopAsync
TpTrace Information: 0 : 9000, 10, 2020/11/30, 21:27:18.210, 1945237868337, testhost.dll, Connected to the server successfully 
TpTrace Information: 0 : 9000, 10, 2020/11/30, 21:27:18.210, 1945237874384, testhost.dll, Using the buffer size of 16384 bytes
TpTrace Information: 0 : 9000, 1, 2020/11/30, 21:27:18.212, 1945237887898, testhost.dll, DefaultEngineInvoker.Invoke: Start Request Processing.
TpTrace Verbose: 0 : 9000, 9, 2020/11/30, 21:27:18.213, 1945237901326, testhost.dll, TcpClientExtensions.MessageLoopAsync: Polling on remoteEndPoint: [::ffff:127.0.0.1]:2704 localEndPoint: [::ffff:127.0.0.1]:2705
TpTrace Information: 0 : 9000, 11, 2020/11/30, 21:27:18.214, 1945237906143, testhost.dll, DefaultEngineInvoker.StartProcessingAsync: Connected to vstest.console, Starting process requests.
TpTrace Verbose: 0 : 9000, 9, 2020/11/30, 21:27:18.214, 1945237912434, testhost.dll, TcpClientExtensions.MessageLoopAsync: NotifyDataAvailable remoteEndPoint: [::ffff:127.0.0.1]:2704 localEndPoint: [::ffff:127.0.0.1]:2705
TpTrace Information: 0 : 9000, 9, 2020/11/30, 21:27:18.477, 1945240536548, testhost.dll, TestRequestHandler.ProcessRequests: received message: (ProtocolVersion) -> 3
TpTrace Verbose: 0 : 9000, 9, 2020/11/30, 21:27:18.528, 1945241048949, testhost.dll, TestRequestHandler.SendData:  sending data from testhost: {"Version":2,"MessageType":"TestSession.Message","Payload":{"MessageLevel":0,"Message":"Logging TestHost Diagnostics in file: C:\\Users\\berin\\source\\repos\\VVSzadaca2\\eParking\\Testovi za zadatak 1\\bin\\Debug\\fine-code-coverage\\_outputfolder\\diagnostics.host.20-11-30_21-27-17_80991_4.log"}}
TpTrace Verbose: 0 : 9000, 9, 2020/11/30, 21:27:18.528, 1945241052691, testhost.dll, TcpClientExtensions.MessageLoopAsync: Polling on remoteEndPoint: [::ffff:127.0.0.1]:2704 localEndPoint: [::ffff:127.0.0.1]:2705
TpTrace Verbose: 0 : 9000, 9, 2020/11/30, 21:27:18.528, 1945241055013, testhost.dll, TcpClientExtensions.MessageLoopAsync: NotifyDataAvailable remoteEndPoint: [::ffff:127.0.0.1]:2704 localEndPoint: [::ffff:127.0.0.1]:2705
TpTrace Information: 0 : 9000, 9, 2020/11/30, 21:27:18.534, 1945241108961, testhost.dll, TestRequestHandler.ProcessRequests: received message: (TestExecution.Initialize) -> [
  "C:\\Users\\berin\\source\\repos\\VVSzadaca2\\eParking\\Testovi za zadatak 1\\bin\\Debug\\fine-code-coverage\\Microsoft.VisualStudio.TestPlatform.MSTest.TestAdapter.dll"
]
TpTrace Information: 0 : 9000, 9, 2020/11/30, 21:27:18.534, 1945241112906, testhost.dll, Execution Session Initialize.
TpTrace Verbose: 0 : 9000, 9, 2020/11/30, 21:27:18.545, 1945241221409, testhost.dll, TcpClientExtensions.MessageLoopAsync: Polling on remoteEndPoint: [::ffff:127.0.0.1]:2704 localEndPoint: [::ffff:127.0.0.1]:2705
TpTrace Verbose: 0 : 9000, 9, 2020/11/30, 21:27:18.545, 1945241224727, testhost.dll, TcpClientExtensions.MessageLoopAsync: NotifyDataAvailable remoteEndPoint: [::ffff:127.0.0.1]:2704 localEndPoint: [::ffff:127.0.0.1]:2705
TpTrace Verbose: 0 : 9000, 4, 2020/11/30, 21:27:18.548, 1945241251720, testhost.dll, TestExecutorService: Loading the extensions
TpTrace Information: 0 : 9000, 9, 2020/11/30, 21:27:18.550, 1945241272452, testhost.dll, TestRequestHandler.ProcessRequests: received message: (TestExecution.StartWithSources) -> {
  "AdapterSourceMap": {
    "_none_": [
      "C:\\Users\\berin\\source\\repos\\VVSzadaca2\\eParking\\Testovi za zadatak 1\\bin\\Debug\\fine-code-coverage\\Testovi za zadatak 1.dll"
    ]
  },
  "RunSettings": "<RunSettings>\r\n  <RunConfiguration>\r\n    <ResultsDirectory>C:\\Users\\berin\\source\\repos\\VVSzadaca2\\eParking\\Testovi za zadatak 1\\bin\\Debug\\fine-code-coverage\\_outputfolder</ResultsDirectory>\r\n    <TargetPlatform>X64</TargetPlatform>\r\n    <TargetFrameworkVersion>.NETCoreApp,Version=v3.1</TargetFrameworkVersion>\r\n    <DesignMode>False</DesignMode>\r\n    <CollectSourceInformation>False</CollectSourceInformation>\r\n  </RunConfiguration>\r\n  <LoggerRunSettings>\r\n    <Loggers>\r\n      <Logger friendlyName=\"blame\" enabled=\"True\" />\r\n      <Logger friendlyName=\"Console\" uri=\"logger://microsoft/TestPlatform/ConsoleLogger/v1\" assemblyQualifiedName=\"Microsoft.VisualStudio.TestPlatform.CommandLine.Internal.ConsoleLogger, vstest.console, Version=15.0.0.0, Culture=neutral, PublicKeyToken=b03f5f7f11d50a3a\" codeBase=\"C:\\Program Files\\dotnet\\sdk\\5.0.100\\vstest.console.dll\" enabled=\"True\" />\r\n    </Loggers>\r\n  </LoggerRunSettings>\r\n  <DataCollectionRunSettings>\r\n    <DataCollectors>\r\n      <DataCollector friendlyName=\"blame\" enabled=\"True\">\r\n        <Configuration>\r\n          <ResultsDirectory>C:\\Users\\berin\\source\\repos\\VVSzadaca2\\eParking\\Testovi za zadatak 1\\bin\\Debug\\fine-code-coverage\\_outputfolder</ResultsDirectory>\r\n        </Configuration>\r\n      </DataCollector>\r\n    </DataCollectors>\r\n  </DataCollectionRunSettings>\r\n</RunSettings>",
  "TestExecutionContext": {
    "FrequencyOfRunStatsChangeEvent": 10,
    "RunStatsChangeEventTimeout": "00:00:01.5000000",
    "InIsolation": false,
    "KeepAlive": false,
    "AreTestCaseLevelEventsRequired": false,
    "IsDebug": false,
    "TestCaseFilter": null,
    "FilterOptions": null
  },
  "Package": null
}
TpTrace Information: 0 : 9000, 9, 2020/11/30, 21:27:18.551, 1945241275945, testhost.dll, Execution started.
TpTrace Verbose: 0 : 9000, 4, 2020/11/30, 21:27:18.551, 1945241281812, testhost.dll, TestPluginCache.DiscoverTestExtensions: finding test extensions in assemblies endswith: TestAdapter.dll TPluginInfo: Microsoft.VisualStudio.TestPlatform.Common.ExtensionFramework.Utilities.TestExecutorPluginInformation TExtension: Microsoft.VisualStudio.TestPlatform.ObjectModel.Adapter.ITestExecutor
TpTrace Verbose: 0 : 9000, 4, 2020/11/30, 21:27:18.553, 1945241300350, testhost.dll, TestPluginCache.GetExtensionPaths: Filtered extension paths: 
TpTrace Verbose: 0 : 9000, 4, 2020/11/30, 21:27:18.554, 1945241307963, testhost.dll, TestPluginCache.GetExtensionPaths: Added default extension paths: C:\Users\berin\source\repos\VVSzadaca2\eParking\Testovi za zadatak 1\bin\Debug\fine-code-coverage\Microsoft.VisualStudio.TestPlatform.MSTest.TestAdapter.dll
TpTrace Verbose: 0 : 9000, 4, 2020/11/30, 21:27:18.554, 1945241311110, testhost.dll, TestPluginCache.GetExtensionPaths: Added unfilterableExtensionPaths: 
TpTrace Information: 0 : 9000, 4, 2020/11/30, 21:27:18.558, 1945241351996, testhost.dll, AssemblyResolver.ctor: Creating AssemblyResolver with searchDirectories C:\Users\berin\source\repos\VVSzadaca2\eParking\Testovi za zadatak 1\bin\Debug\fine-code-coverage
TpTrace Verbose: 0 : 9000, 4, 2020/11/30, 21:27:18.562, 1945241386744, testhost.dll, TestPluginCache.DiscoverTestExtensions: Discovering the extensions using extension path.
TpTrace Verbose: 0 : 9000, 4, 2020/11/30, 21:27:18.562, 1945241390137, testhost.dll, TestPluginCache.GetExtensionPaths: Filtered extension paths: 
TpTrace Verbose: 0 : 9000, 4, 2020/11/30, 21:27:18.562, 1945241392377, testhost.dll, TestPluginCache.GetExtensionPaths: Added default extension paths: C:\Users\berin\source\repos\VVSzadaca2\eParking\Testovi za zadatak 1\bin\Debug\fine-code-coverage\Microsoft.VisualStudio.TestPlatform.MSTest.TestAdapter.dll
TpTrace Verbose: 0 : 9000, 4, 2020/11/30, 21:27:18.562, 1945241394520, testhost.dll, TestPluginCache.GetExtensionPaths: Added unfilterableExtensionPaths: 
TpTrace Verbose: 0 : 9000, 4, 2020/11/30, 21:27:18.563, 1945241397029, testhost.dll, TestPluginCache.DiscoverTestExtensions: Discovering the extensions using allExtensionPaths: C:\Users\berin\source\repos\VVSzadaca2\eParking\Testovi za zadatak 1\bin\Debug\fine-code-coverage\Microsoft.VisualStudio.TestPlatform.MSTest.TestAdapter.dll
TpTrace Information: 0 : 9000, 4, 2020/11/30, 21:27:18.564, 1945241413279, testhost.dll, AssemblyResolver.AddSearchDirectories: Adding more searchDirectories C:\Users\berin\source\repos\VVSzadaca2\eParking\Testovi za zadatak 1\bin\Debug\fine-code-coverage
TpTrace Information: 0 : 9000, 4, 2020/11/30, 21:27:18.571, 1945241477570, testhost.dll, AssemblyResolver.OnResolve: Microsoft.VisualStudio.TestPlatform.MSTest.TestAdapter: Resolving assembly.
TpTrace Information: 0 : 9000, 4, 2020/11/30, 21:27:18.574, 1945241507087, testhost.dll, AssemblyResolver.OnResolve: Resolved assembly: Microsoft.VisualStudio.TestPlatform.MSTest.TestAdapter, from path: C:\Users\berin\source\repos\VVSzadaca2\eParking\Testovi za zadatak 1\bin\Debug\fine-code-coverage\Microsoft.VisualStudio.TestPlatform.MSTest.TestAdapter.dll
TpTrace Information: 0 : 9000, 4, 2020/11/30, 21:27:18.578, 1945241549131, testhost.dll, AssemblyResolver.OnResolve: Microsoft.VisualStudio.TestPlatform.MSTestAdapter.PlatformServices.Interface: Resolving assembly.
TpTrace Information: 0 : 9000, 4, 2020/11/30, 21:27:18.579, 1945241561855, testhost.dll, AssemblyResolver.OnResolve: Resolved assembly: Microsoft.VisualStudio.TestPlatform.MSTestAdapter.PlatformServices.Interface, from path: C:\Users\berin\source\repos\VVSzadaca2\eParking\Testovi za zadatak 1\bin\Debug\fine-code-coverage\Microsoft.VisualStudio.TestPlatform.MSTestAdapter.PlatformServices.Interface.dll
TpTrace Information: 0 : 9000, 4, 2020/11/30, 21:27:18.580, 1945241567530, testhost.dll, AssemblyResolver.OnResolve: Microsoft.VisualStudio.TestPlatform.MSTestAdapter.PlatformServices: Resolving assembly.
TpTrace Information: 0 : 9000, 4, 2020/11/30, 21:27:18.581, 1945241579869, testhost.dll, AssemblyResolver.OnResolve: Resolved assembly: Microsoft.VisualStudio.TestPlatform.MSTestAdapter.PlatformServices, from path: C:\Users\berin\source\repos\VVSzadaca2\eParking\Testovi za zadatak 1\bin\Debug\fine-code-coverage\Microsoft.VisualStudio.TestPlatform.MSTestAdapter.PlatformServices.dll
TpTrace Verbose: 0 : 9000, 4, 2020/11/30, 21:27:18.588, 1945241652937, testhost.dll, TestPluginCache: Discovered the extensions using extension path ''.
TpTrace Verbose: 0 : 9000, 4, 2020/11/30, 21:27:18.589, 1945241662461, testhost.dll, TestPluginCache: Discoverers are ''.
TpTrace Verbose: 0 : 9000, 4, 2020/11/30, 21:27:18.590, 1945241665650, testhost.dll, TestPluginCache: Executors are 'executor://MSTestAdapter/v2'.
TpTrace Verbose: 0 : 9000, 4, 2020/11/30, 21:27:18.590, 1945241669238, testhost.dll, TestPluginCache: Setting providers are ''.
TpTrace Verbose: 0 : 9000, 4, 2020/11/30, 21:27:18.590, 1945241672592, testhost.dll, TestPluginCache: Loggers are ''.
TpTrace Verbose: 0 : 9000, 9, 2020/11/30, 21:27:18.591, 1945241683002, testhost.dll, TcpClientExtensions.MessageLoopAsync: Polling on remoteEndPoint: [::ffff:127.0.0.1]:2704 localEndPoint: [::ffff:127.0.0.1]:2705
TpTrace Information: 0 : 9000, 4, 2020/11/30, 21:27:18.600, 1945241774133, testhost.dll, TestPluginManager.CreateTestExtension: Attempting to load test extension: Microsoft.VisualStudio.TestPlatform.MSTest.TestAdapter.MSTestExecutor
TpTrace Verbose: 0 : 9000, 4, 2020/11/30, 21:27:18.606, 1945241834151, testhost.dll, TestExecutorExtensionManager: Loading executor Microsoft.VisualStudio.TestPlatform.MSTest.TestAdapter.MSTestExecutor
TpTrace Verbose: 0 : 9000, 4, 2020/11/30, 21:27:18.607, 1945241837072, testhost.dll, TestExecutorService: Loaded the executors
TpTrace Verbose: 0 : 9000, 4, 2020/11/30, 21:27:18.608, 1945241853022, testhost.dll, TestPluginCache.DiscoverTestExtensions: finding test extensions in assemblies endswith: TestAdapter.dll TPluginInfo: Microsoft.VisualStudio.TestPlatform.Common.ExtensionFramework.Utilities.TestSettingsProviderPluginInformation TExtension: Microsoft.VisualStudio.TestPlatform.ObjectModel.Adapter.ISettingsProvider
TpTrace Verbose: 0 : 9000, 4, 2020/11/30, 21:27:18.609, 1945241859432, testhost.dll, TestPluginCache.GetExtensionPaths: Filtered extension paths: 
TpTrace Verbose: 0 : 9000, 4, 2020/11/30, 21:27:18.609, 1945241861951, testhost.dll, TestPluginCache.GetExtensionPaths: Added default extension paths: C:\Users\berin\source\repos\VVSzadaca2\eParking\Testovi za zadatak 1\bin\Debug\fine-code-coverage\Microsoft.VisualStudio.TestPlatform.MSTest.TestAdapter.dll
TpTrace Verbose: 0 : 9000, 4, 2020/11/30, 21:27:18.609, 1945241864312, testhost.dll, TestPluginCache.GetExtensionPaths: Added unfilterableExtensionPaths: 
TpTrace Information: 0 : 9000, 4, 2020/11/30, 21:27:18.610, 1945241868865, testhost.dll, AssemblyResolver.AddSearchDirectories: Adding more searchDirectories C:\Users\berin\source\repos\VVSzadaca2\eParking\Testovi za zadatak 1\bin\Debug\fine-code-coverage
TpTrace Verbose: 0 : 9000, 4, 2020/11/30, 21:27:18.610, 1945241871446, testhost.dll, TestPluginCache.DiscoverTestExtensions: Discovering the extensions using extension path.
TpTrace Verbose: 0 : 9000, 4, 2020/11/30, 21:27:18.610, 1945241873766, testhost.dll, TestPluginCache.GetExtensionPaths: Filtered extension paths: 
TpTrace Verbose: 0 : 9000, 4, 2020/11/30, 21:27:18.611, 1945241876036, testhost.dll, TestPluginCache.GetExtensionPaths: Added default extension paths: C:\Users\berin\source\repos\VVSzadaca2\eParking\Testovi za zadatak 1\bin\Debug\fine-code-coverage\Microsoft.VisualStudio.TestPlatform.MSTest.TestAdapter.dll
TpTrace Verbose: 0 : 9000, 4, 2020/11/30, 21:27:18.611, 1945241878237, testhost.dll, TestPluginCache.GetExtensionPaths: Added unfilterableExtensionPaths: 
TpTrace Verbose: 0 : 9000, 4, 2020/11/30, 21:27:18.611, 1945241880524, testhost.dll, TestPluginCache.DiscoverTestExtensions: Discovering the extensions using allExtensionPaths: C:\Users\berin\source\repos\VVSzadaca2\eParking\Testovi za zadatak 1\bin\Debug\fine-code-coverage\Microsoft.VisualStudio.TestPlatform.MSTest.TestAdapter.dll
TpTrace Information: 0 : 9000, 4, 2020/11/30, 21:27:18.611, 1945241882969, testhost.dll, AssemblyResolver.AddSearchDirectories: Adding more searchDirectories C:\Users\berin\source\repos\VVSzadaca2\eParking\Testovi za zadatak 1\bin\Debug\fine-code-coverage
TpTrace Verbose: 0 : 9000, 4, 2020/11/30, 21:27:18.612, 1945241887723, testhost.dll, TestPluginCache: Discovered the extensions using extension path ''.
TpTrace Verbose: 0 : 9000, 4, 2020/11/30, 21:27:18.612, 1945241889850, testhost.dll, TestPluginCache: Discoverers are ''.
TpTrace Verbose: 0 : 9000, 4, 2020/11/30, 21:27:18.612, 1945241891959, testhost.dll, TestPluginCache: Executors are 'executor://MSTestAdapter/v2'.
TpTrace Verbose: 0 : 9000, 4, 2020/11/30, 21:27:18.612, 1945241894709, testhost.dll, TestPluginCache: Setting providers are ''.
TpTrace Verbose: 0 : 9000, 4, 2020/11/30, 21:27:18.613, 1945241896680, testhost.dll, TestPluginCache: Loggers are ''.
TpTrace Verbose: 0 : 9000, 4, 2020/11/30, 21:27:18.614, 1945241913105, testhost.dll, TestExecutorService: Loaded the settings providers
TpTrace Information: 0 : 9000, 4, 2020/11/30, 21:27:18.615, 1945241919079, testhost.dll, TestExecutorService: Loaded the extensions
TpTrace Information: 0 : 9000, 4, 2020/11/30, 21:27:18.681, 1945242585063, testhost.dll, TestDiscoveryManager: Discovering tests from sources C:\Users\berin\source\repos\VVSzadaca2\eParking\Testovi za zadatak 1\bin\Debug\fine-code-coverage\Testovi za zadatak 1.dll
TpTrace Verbose: 0 : 9000, 4, 2020/11/30, 21:27:18.686, 1945242629396, testhost.dll, TestPluginCache.DiscoverTestExtensions: finding test extensions in assemblies endswith: TestAdapter.dll TPluginInfo: Microsoft.VisualStudio.TestPlatform.Common.ExtensionFramework.Utilities.TestDiscovererPluginInformation TExtension: Microsoft.VisualStudio.TestPlatform.ObjectModel.Adapter.ITestDiscoverer
TpTrace Verbose: 0 : 9000, 4, 2020/11/30, 21:27:18.686, 1945242635513, testhost.dll, TestPluginCache.GetExtensionPaths: Filtered extension paths: 
TpTrace Verbose: 0 : 9000, 4, 2020/11/30, 21:27:18.687, 1945242638185, testhost.dll, TestPluginCache.GetExtensionPaths: Added default extension paths: C:\Users\berin\source\repos\VVSzadaca2\eParking\Testovi za zadatak 1\bin\Debug\fine-code-coverage\Microsoft.VisualStudio.TestPlatform.MSTest.TestAdapter.dll
TpTrace Verbose: 0 : 9000, 4, 2020/11/30, 21:27:18.687, 1945242640718, testhost.dll, TestPluginCache.GetExtensionPaths: Added unfilterableExtensionPaths: 
TpTrace Information: 0 : 9000, 4, 2020/11/30, 21:27:18.687, 1945242644364, testhost.dll, AssemblyResolver.AddSearchDirectories: Adding more searchDirectories C:\Users\berin\source\repos\VVSzadaca2\eParking\Testovi za zadatak 1\bin\Debug\fine-code-coverage
TpTrace Verbose: 0 : 9000, 4, 2020/11/30, 21:27:18.688, 1945242647238, testhost.dll, TestPluginCache.DiscoverTestExtensions: Discovering the extensions using extension path.
TpTrace Verbose: 0 : 9000, 4, 2020/11/30, 21:27:18.688, 1945242649770, testhost.dll, TestPluginCache.GetExtensionPaths: Filtered extension paths: 
TpTrace Verbose: 0 : 9000, 4, 2020/11/30, 21:27:18.688, 1945242652224, testhost.dll, TestPluginCache.GetExtensionPaths: Added default extension paths: C:\Users\berin\source\repos\VVSzadaca2\eParking\Testovi za zadatak 1\bin\Debug\fine-code-coverage\Microsoft.VisualStudio.TestPlatform.MSTest.TestAdapter.dll
TpTrace Verbose: 0 : 9000, 4, 2020/11/30, 21:27:18.688, 1945242654693, testhost.dll, TestPluginCache.GetExtensionPaths: Added unfilterableExtensionPaths: 
TpTrace Verbose: 0 : 9000, 4, 2020/11/30, 21:27:18.689, 1945242657176, testhost.dll, TestPluginCache.DiscoverTestExtensions: Discovering the extensions using allExtensionPaths: C:\Users\berin\source\repos\VVSzadaca2\eParking\Testovi za zadatak 1\bin\Debug\fine-code-coverage\Microsoft.VisualStudio.TestPlatform.MSTest.TestAdapter.dll
TpTrace Information: 0 : 9000, 4, 2020/11/30, 21:27:18.689, 1945242659916, testhost.dll, AssemblyResolver.AddSearchDirectories: Adding more searchDirectories C:\Users\berin\source\repos\VVSzadaca2\eParking\Testovi za zadatak 1\bin\Debug\fine-code-coverage
TpTrace Verbose: 0 : 9000, 4, 2020/11/30, 21:27:18.694, 1945242705630, testhost.dll, TestPluginCache: Discovered the extensions using extension path ''.
TpTrace Verbose: 0 : 9000, 4, 2020/11/30, 21:27:18.694, 1945242709293, testhost.dll, TestPluginCache: Discoverers are 'Microsoft.VisualStudio.TestPlatform.MSTest.TestAdapter.MSTestDiscoverer, Microsoft.VisualStudio.TestPlatform.MSTest.TestAdapter, Version=14.0.0.0, Culture=neutral, PublicKeyToken=b03f5f7f11d50a3a'.
TpTrace Verbose: 0 : 9000, 4, 2020/11/30, 21:27:18.694, 1945242712431, testhost.dll, TestPluginCache: Executors are 'executor://MSTestAdapter/v2'.
TpTrace Verbose: 0 : 9000, 4, 2020/11/30, 21:27:18.694, 1945242715000, testhost.dll, TestPluginCache: Setting providers are ''.
TpTrace Verbose: 0 : 9000, 4, 2020/11/30, 21:27:18.695, 1945242717459, testhost.dll, TestPluginCache: Loggers are ''.
TpTrace Verbose: 0 : 9000, 4, 2020/11/30, 21:27:18.704, 1945242810049, testhost.dll, BaseRunTests.RunTestInternalWithExecutors: Running tests for executor://MSTestAdapter/v2
TpTrace Information: 0 : 9000, 4, 2020/11/30, 21:27:18.797, 1945243735675, testhost.dll, AssemblyResolver.OnResolve: Microsoft.VisualStudio.TestPlatform.MSTestAdapter.PlatformServices.resources: Resolving assembly.
TpTrace Information: 0 : 9000, 4, 2020/11/30, 21:27:18.797, 1945243743052, testhost.dll, AssemblyResolver.OnResolve: Microsoft.VisualStudio.TestPlatform.MSTestAdapter.PlatformServices.resources: Failed to load assembly.
TpTrace Information: 0 : 9000, 4, 2020/11/30, 21:27:18.798, 1945243751789, testhost.dll, AssemblyResolver.OnResolve: Microsoft.VisualStudio.TestPlatform.MSTestAdapter.PlatformServices.resources: Resolving assembly.
TpTrace Information: 0 : 9000, 4, 2020/11/30, 21:27:18.799, 1945243756140, testhost.dll, AssemblyResolver.OnResolve: Microsoft.VisualStudio.TestPlatform.MSTestAdapter.PlatformServices.resources: Resolved from cache.
TpTrace Verbose: 0 : 9000, 4, 2020/11/30, 21:27:18.829, 1945244059084, testhost.dll, TestExecutionRecorder.RecordStart: Starting test: Testovi_za_zadatak_1.UnitTest1.TestUpjesnogLogovanjaPrviPut.
TpTrace Verbose: 0 : 9000, 4, 2020/11/30, 21:27:19.025, 1945246018132, testhost.dll, TestExecutionRecorder.RecordEnd: test: Testovi_za_zadatak_1.UnitTest1.TestUpjesnogLogovanjaPrviPut execution completed.
TpTrace Verbose: 0 : 9000, 4, 2020/11/30, 21:27:19.047, 1945246237352, testhost.dll, TestExecutionRecorder.RecordResult: Received result for test: Testovi_za_zadatak_1.UnitTest1.TestUpjesnogLogovanjaPrviPut.
TpTrace Warning: 0 : 9000, 4, 2020/11/30, 21:27:19.052, 1945246290989, testhost.dll, InProgressTests is null
TpTrace Warning: 0 : 9000, 4, 2020/11/30, 21:27:19.055, 1945246319591, testhost.dll, TestRunCache: No test found corresponding to testResult 'TestUpjesnogLogovanjaPrviPut  Passed' in inProgress list.
TpTrace Verbose: 0 : 9000, 4, 2020/11/30, 21:27:19.055, 1945246322739, testhost.dll, TestExecutionRecorder.RecordStart: Starting test: Testovi_za_zadatak_1.UnitTest1.TestNeuspjesnogLogovanja.
TpTrace Verbose: 0 : 9000, 4, 2020/11/30, 21:27:19.059, 1945246356107, testhost.dll, TestExecutionRecorder.RecordEnd: test: Testovi_za_zadatak_1.UnitTest1.TestNeuspjesnogLogovanja execution completed.
TpTrace Verbose: 0 : 9000, 4, 2020/11/30, 21:27:19.061, 1945246379627, testhost.dll, TestExecutionRecorder.RecordResult: Received result for test: Testovi_za_zadatak_1.UnitTest1.TestNeuspjesnogLogovanja.
TpTrace Warning: 0 : 9000, 4, 2020/11/30, 21:27:19.061, 1945246382624, testhost.dll, InProgressTests is null
TpTrace Warning: 0 : 9000, 4, 2020/11/30, 21:27:19.061, 1945246384920, testhost.dll, TestRunCache: No test found corresponding to testResult 'TestNeuspjesnogLogovanja  Passed' in inProgress list.
TpTrace Verbose: 0 : 9000, 4, 2020/11/30, 21:27:19.062, 1945246387893, testhost.dll, TestExecutionRecorder.RecordStart: Starting test: Testovi_za_zadatak_1.UnitTest2.TestRezervacijeSaIsteklomClanarinom.
TpTrace Verbose: 0 : 9000, 4, 2020/11/30, 21:27:19.071, 1945246484839, testhost.dll, TestExecutionRecorder.RecordEnd: test: Testovi_za_zadatak_1.UnitTest2.TestRezervacijeSaIsteklomClanarinom execution completed.
TpTrace Verbose: 0 : 9000, 4, 2020/11/30, 21:27:19.074, 1945246509661, testhost.dll, TestExecutionRecorder.RecordResult: Received result for test: Testovi_za_zadatak_1.UnitTest2.TestRezervacijeSaIsteklomClanarinom.
TpTrace Warning: 0 : 9000, 4, 2020/11/30, 21:27:19.074, 1945246512696, testhost.dll, InProgressTests is null
TpTrace Warning: 0 : 9000, 4, 2020/11/30, 21:27:19.074, 1945246514946, testhost.dll, TestRunCache: No test found corresponding to testResult 'TestRezervacijeSaIsteklomClanarinom  Passed' in inProgress list.
TpTrace Verbose: 0 : 9000, 4, 2020/11/30, 21:27:19.075, 1945246517269, testhost.dll, TestExecutionRecorder.RecordStart: Starting test: Testovi_za_zadatak_1.UnitTest2.TestUspjesneRezervacije.
TpTrace Verbose: 0 : 9000, 4, 2020/11/30, 21:27:19.080, 1945246574712, testhost.dll, TestExecutionRecorder.RecordEnd: test: Testovi_za_zadatak_1.UnitTest2.TestUspjesneRezervacije execution completed.
TpTrace Verbose: 0 : 9000, 4, 2020/11/30, 21:27:19.087, 1945246636905, testhost.dll, TestExecutionRecorder.RecordResult: Received result for test: Testovi_za_zadatak_1.UnitTest2.TestUspjesneRezervacije.
TpTrace Warning: 0 : 9000, 4, 2020/11/30, 21:27:19.087, 1945246640129, testhost.dll, InProgressTests is null
TpTrace Warning: 0 : 9000, 4, 2020/11/30, 21:27:19.087, 1945246642397, testhost.dll, TestRunCache: No test found corresponding to testResult 'TestUspjesneRezervacije  Passed' in inProgress list.
TpTrace Verbose: 0 : 9000, 4, 2020/11/30, 21:27:19.087, 1945246644717, testhost.dll, TestExecutionRecorder.RecordStart: Starting test: Testovi_za_zadatak_1.UnitTest2.TestPonovneRezervacije.
TpTrace Verbose: 0 : 9000, 4, 2020/11/30, 21:27:19.091, 1945246680320, testhost.dll, TestExecutionRecorder.RecordEnd: test: Testovi_za_zadatak_1.UnitTest2.TestPonovneRezervacije execution completed.
TpTrace Verbose: 0 : 9000, 4, 2020/11/30, 21:27:19.094, 1945246707895, testhost.dll, TestExecutionRecorder.RecordResult: Received result for test: Testovi_za_zadatak_1.UnitTest2.TestPonovneRezervacije.
TpTrace Warning: 0 : 9000, 4, 2020/11/30, 21:27:19.094, 1945246711120, testhost.dll, InProgressTests is null
TpTrace Warning: 0 : 9000, 4, 2020/11/30, 21:27:19.094, 1945246713382, testhost.dll, TestRunCache: No test found corresponding to testResult 'TestPonovneRezervacije  Passed' in inProgress list.
TpTrace Verbose: 0 : 9000, 4, 2020/11/30, 21:27:19.095, 1945246715903, testhost.dll, TestExecutionRecorder.RecordStart: Starting test: Testovi_za_zadatak_1.UnitTestParking.TestUspjesneRezervacije.
TpTrace Information: 0 : 9000, 4, 2020/11/30, 21:27:19.103, 1945246798947, testhost.dll, AssemblyResolver.OnResolve: Microsoft.VisualStudio.TestPlatform.MSTest.TestAdapter.resources: Resolving assembly.
TpTrace Information: 0 : 9000, 4, 2020/11/30, 21:27:19.103, 1945246803186, testhost.dll, AssemblyResolver.OnResolve: Microsoft.VisualStudio.TestPlatform.MSTest.TestAdapter.resources: Failed to load assembly.
TpTrace Verbose: 0 : 9000, 4, 2020/11/30, 21:27:19.133, 1945247102636, testhost.dll, TestExecutionRecorder.RecordEnd: test: Testovi_za_zadatak_1.UnitTestParking.TestUspjesneRezervacije execution completed.
TpTrace Verbose: 0 : 9000, 4, 2020/11/30, 21:27:19.136, 1945247129372, testhost.dll, TestExecutionRecorder.RecordResult: Received result for test: Testovi_za_zadatak_1.UnitTestParking.TestUspjesneRezervacije.
TpTrace Warning: 0 : 9000, 4, 2020/11/30, 21:27:19.136, 1945247132548, testhost.dll, InProgressTests is null
TpTrace Warning: 0 : 9000, 4, 2020/11/30, 21:27:19.137, 1945247139334, testhost.dll, TestRunCache: No test found corresponding to testResult 'TestUspjesneRezervacije  Failed
  Message: Test method Testovi_za_zadatak_1.UnitTestParking.TestUspjesneRezervacije threw exception: 
System.InvalidCastException: Unable to cast object of type 'eParking.Korisnik' to type 'eParking.Clan'.
  StackTrace:
    at Testovi_za_zadatak_1.UnitTestParking.TestUspjesneRezervacije() in C:\Users\berin\source\repos\VVSzadaca2\eParking\Testovi za zadatak 1\UnitTestParking.cs:line 31
' in inProgress list.
TpTrace Verbose: 0 : 9000, 4, 2020/11/30, 21:27:19.137, 1945247142025, testhost.dll, TestExecutionRecorder.RecordStart: Starting test: Testovi_za_zadatak_1.UnitTestParking.TestRezervacijeKorisnikNijeClan.
TpTrace Information: 0 : 9000, 4, 2020/11/30, 21:27:19.143, 1945247197016, testhost.dll, AssemblyResolver.OnResolve: Microsoft.VisualStudio.TestPlatform.TestFramework.resources: Resolving assembly.
TpTrace Information: 0 : 9000, 4, 2020/11/30, 21:27:19.143, 1945247201453, testhost.dll, AssemblyResolver.OnResolve: Microsoft.VisualStudio.TestPlatform.TestFramework.resources: Failed to load assembly.
TpTrace Verbose: 0 : 9000, 4, 2020/11/30, 21:27:19.146, 1945247233494, testhost.dll, TestExecutionRecorder.RecordEnd: test: Testovi_za_zadatak_1.UnitTestParking.TestRezervacijeKorisnikNijeClan execution completed.
TpTrace Verbose: 0 : 9000, 4, 2020/11/30, 21:27:19.149, 1945247256233, testhost.dll, TestExecutionRecorder.RecordResult: Received result for test: Testovi_za_zadatak_1.UnitTestParking.TestRezervacijeKorisnikNijeClan.
TpTrace Warning: 0 : 9000, 4, 2020/11/30, 21:27:19.149, 1945247259872, testhost.dll, InProgressTests is null
TpTrace Warning: 0 : 9000, 4, 2020/11/30, 21:27:19.149, 1945247262260, testhost.dll, TestRunCache: No test found corresponding to testResult 'TestRezervacijeKorisnikNijeClan  Failed
  Message: Test method threw exception System.InvalidOperationException, but exception System.Exception was expected. Exception message: System.InvalidOperationException: Lokacija već postoji!
  StackTrace:
   at eParking.Parking.RadSaLokacijom(Lokacija l, Int32 opcija, List`1 podaci) in C:\Users\berin\source\repos\VVSzadaca2\eParking\eParking\Parking.cs:line 47
   at Testovi_za_zadatak_1.UnitTestParking.TestRezervacijeKorisnikNijeClan() in C:\Users\berin\source\repos\VVSzadaca2\eParking\Testovi za zadatak 1\UnitTestParking.cs:line 45
' in inProgress list.
TpTrace Verbose: 0 : 9000, 4, 2020/11/30, 21:27:19.150, 1945247269734, testhost.dll, TestExecutionRecorder.RecordStart: Starting test: Testovi_za_zadatak_1.UnitTestParking.TestRezervacijeKorisnikVecRezervisao.
TpTrace Verbose: 0 : 9000, 4, 2020/11/30, 21:27:19.154, 1945247308698, testhost.dll, TestExecutionRecorder.RecordEnd: test: Testovi_za_zadatak_1.UnitTestParking.TestRezervacijeKorisnikVecRezervisao execution completed.
TpTrace Verbose: 0 : 9000, 4, 2020/11/30, 21:27:19.156, 1945247334715, testhost.dll, TestExecutionRecorder.RecordResult: Received result for test: Testovi_za_zadatak_1.UnitTestParking.TestRezervacijeKorisnikVecRezervisao.
TpTrace Warning: 0 : 9000, 4, 2020/11/30, 21:27:19.157, 1945247338281, testhost.dll, InProgressTests is null
TpTrace Warning: 0 : 9000, 4, 2020/11/30, 21:27:19.157, 1945247340981, testhost.dll, TestRunCache: No test found corresponding to testResult 'TestRezervacijeKorisnikVecRezervisao  Failed
  Message: Test method threw exception System.InvalidOperationException, but exception System.Exception was expected. Exception message: System.InvalidOperationException: Lokacija već postoji!
  StackTrace:
   at eParking.Parking.RadSaLokacijom(Lokacija l, Int32 opcija, List`1 podaci) in C:\Users\berin\source\repos\VVSzadaca2\eParking\eParking\Parking.cs:line 47
   at Testovi_za_zadatak_1.UnitTestParking.TestRezervacijeKorisnikVecRezervisao() in C:\Users\berin\source\repos\VVSzadaca2\eParking\Testovi za zadatak 1\UnitTestParking.cs:line 59
' in inProgress list.
TpTrace Verbose: 0 : 9000, 4, 2020/11/30, 21:27:19.157, 1945247343755, testhost.dll, TestExecutionRecorder.RecordStart: Starting test: Testovi_za_zadatak_1.UnitTestParking.TestRezervacijeLokacijaZauzeta.
TpTrace Verbose: 0 : 9000, 4, 2020/11/30, 21:27:19.162, 1945247390285, testhost.dll, TestExecutionRecorder.RecordEnd: test: Testovi_za_zadatak_1.UnitTestParking.TestRezervacijeLokacijaZauzeta execution completed.
TpTrace Verbose: 0 : 9000, 4, 2020/11/30, 21:27:19.165, 1945247421340, testhost.dll, TestExecutionRecorder.RecordResult: Received result for test: Testovi_za_zadatak_1.UnitTestParking.TestRezervacijeLokacijaZauzeta.
TpTrace Warning: 0 : 9000, 4, 2020/11/30, 21:27:19.166, 1945247425650, testhost.dll, InProgressTests is null
TpTrace Warning: 0 : 9000, 4, 2020/11/30, 21:27:19.166, 1945247428845, testhost.dll, TestRunCache: No test found corresponding to testResult 'TestRezervacijeLokacijaZauzeta  Failed
  Message: Test method threw exception System.InvalidOperationException, but exception System.Exception was expected. Exception message: System.InvalidOperationException: Lokacija već postoji!
  StackTrace:
   at eParking.Parking.RadSaLokacijom(Lokacija l, Int32 opcija, List`1 podaci) in C:\Users\berin\source\repos\VVSzadaca2\eParking\eParking\Parking.cs:line 47
   at Testovi_za_zadatak_1.UnitTestParking.TestRezervacijeLokacijaZauzeta() in C:\Users\berin\source\repos\VVSzadaca2\eParking\Testovi za zadatak 1\UnitTestParking.cs:line 71
' in inProgress list.
TpTrace Verbose: 0 : 9000, 4, 2020/11/30, 21:27:19.170, 1945247468369, testhost.dll, BaseRunTests.RunTestInternalWithExecutors: Completed running tests for executor://MSTestAdapter/v2
TpTrace Information: 0 : 9000, 4, 2020/11/30, 21:27:19.178, 1945247554654, testhost.dll, Sending test run complete
TpTrace Verbose: 0 : 9000, 4, 2020/11/30, 21:27:19.242, 1945248187620, testhost.dll, TestRequestHandler.SendData:  sending data from testhost: {"Version":2,"MessageType":"TestExecution.Completed","Payload":{"TestRunCompleteArgs":{"TestRunStatistics":{"ExecutedTests":9,"Stats":{"Passed":5,"Failed":4}},"IsCanceled":false,"IsAborted":false,"Error":null,"AttachmentSets":[],"ElapsedTimeInRunningTests":"00:00:00.4720803","Metrics":{}},"LastRunTests":{"NewTestResults":[{"TestCase":{"Id":"781dc7d7-8fb4-525e-b582-cc4e3cbec6ff","FullyQualifiedName":"Testovi_za_zadatak_1.UnitTest1.TestUpjesnogLogovanjaPrviPut","DisplayName":"TestUpjesnogLogovanjaPrviPut","ExecutorUri":"executor://MSTestAdapter/v2","Source":"C:\\Users\\berin\\source\\repos\\VVSzadaca2\\eParking\\Testovi za zadatak 1\\bin\\Debug\\fine-code-coverage\\Testovi za zadatak 1.dll","CodeFilePath":null,"LineNumber":-1,"Properties":[{"Key":{"Id":"MSTestDiscoverer.TestClassName","Label":"ClassName","Category":"","Description":"","Attributes":1,"ValueType":"System.String"},"Value":"Testovi_za_zadatak_1.UnitTest1"},{"Key":{"Id":"TestObject.Traits","Label":"Traits","Category":"","Description":"","Attributes":5,"ValueType":"System.Collections.Generic.KeyValuePair`2[[System.String],[System.String]][]"},"Value":[]}]},"Attachments":[],"Outcome":1,"ErrorMessage":null,"ErrorStackTrace":null,"DisplayName":null,"Messages":[],"ComputerName":null,"Duration":"00:00:00.0331623","StartTime":"2020-11-30T21:27:18.9418343+01:00","EndTime":"2020-11-30T21:27:19.0190398+01:00","Properties":[{"Key":{"Id":"ExecutionId","Label":"ExecutionId","Category":"","Description":"","Attributes":1,"ValueType":"System.Guid"},"Value":"00000000-0000-0000-0000-000000000000"},{"Key":{"Id":"ParentExecId","Label":"ParentExecId","Category":"","Description":"","Attributes":1,"ValueType":"System.Guid"},"Value":"00000000-0000-0000-0000-000000000000"},{"Key":{"Id":"InnerResultsCount","Label":"InnerResultsCount","Category":"","Description":"","Attributes":1,"ValueType":"System.Int32"},"Value":0}]},{"TestCase":{"Id":"194a2042-c737-7d8d-0412-a82cbea53d52","FullyQualifiedName":"Testovi_za_zadatak_1.UnitTest1.TestNeuspjesnogLogovanja","DisplayName":"TestNeuspjesnogLogovanja","ExecutorUri":"executor://MSTestAdapter/v2","Source":"C:\\Users\\berin\\source\\repos\\VVSzadaca2\\eParking\\Testovi za zadatak 1\\bin\\Debug\\fine-code-coverage\\Testovi za zadatak 1.dll","CodeFilePath":null,"LineNumber":-1,"Properties":[{"Key":{"Id":"MSTestDiscoverer.TestClassName","Label":"ClassName","Category":"","Description":"","Attributes":1,"ValueType":"System.String"},"Value":"Testovi_za_zadatak_1.UnitTest1"},{"Key":{"Id":"TestObject.Traits","Label":"Traits","Category":"","Description":"","Attributes":5,"ValueType":"System.Collections.Generic.KeyValuePair`2[[System.String],[System.String]][]"},"Value":[]}]},"Attachments":[],"Outcome":1,"ErrorMessage":null,"ErrorStackTrace":null,"DisplayName":null,"Messages":[],"ComputerName":null,"Duration":"00:00:00.0003194","StartTime":"2020-11-30T21:27:19.0583424+01:00","EndTime":"2020-11-30T21:27:19.0590347+01:00","Properties":[{"Key":{"Id":"ExecutionId","Label":"ExecutionId","Category":"","Description":"","Attributes":1,"ValueType":"System.Guid"},"Value":"00000000-0000-0000-0000-000000000000"},{"Key":{"Id":"ParentExecId","Label":"ParentExecId","Category":"","Description":"","Attributes":1,"ValueType":"System.Guid"},"Value":"00000000-0000-0000-0000-000000000000"},{"Key":{"Id":"InnerResultsCount","Label":"InnerResultsCount","Category":"","Description":"","Attributes":1,"ValueType":"System.Int32"},"Value":0}]},{"TestCase":{"Id":"ec6ccc20-1316-af6a-d68a-73e847cc9d5d","FullyQualifiedName":"Testovi_za_zadatak_1.UnitTest2.TestRezervacijeSaIsteklomClanarinom","DisplayName":"TestRezervacijeSaIsteklomClanarinom","ExecutorUri":"executor://MSTestAdapter/v2","Source":"C:\\Users\\berin\\source\\repos\\VVSzadaca2\\eParking\\Testovi za zadatak 1\\bin\\Debug\\fine-code-coverage\\Testovi za zadatak 1.dll","CodeFilePath":null,"LineNumber":-1,"Properties":[{"Key":{"Id":"MSTestDiscoverer.TestClassName","Label":"ClassName","Category":"","Description":"","Attributes":1,"ValueType":"System.String"},"Value":"Testovi_za_zadatak_1.UnitTest2"},{"Key":{"Id":"TestObject.Traits","Label":"Traits","Category":"","Description":"","Attributes":5,"ValueType":"System.Collections.Generic.KeyValuePair`2[[System.String],[System.String]][]"},"Value":[]}]},"Attachments":[],"Outcome":1,"ErrorMessage":null,"ErrorStackTrace":null,"DisplayName":null,"Messages":[],"ComputerName":null,"Duration":"00:00:00.0048079","StartTime":"2020-11-30T21:27:19.0641662+01:00","EndTime":"2020-11-30T21:27:19.0719067+01:00","Properties":[{"Key":{"Id":"ExecutionId","Label":"ExecutionId","Category":"","Description":"","Attributes":1,"ValueType":"System.Guid"},"Value":"00000000-0000-0000-0000-000000000000"},{"Key":{"Id":"ParentExecId","Label":"ParentExecId","Category":"","Description":"","Attributes":1,"ValueType":"System.Guid"},"Value":"00000000-0000-0000-0000-000000000000"},{"Key":{"Id":"InnerResultsCount","Label":"InnerResultsCount","Category":"","Description":"","Attributes":1,"ValueType":"System.Int32"},"Value":0}]},{"TestCase":{"Id":"73c779c6-8673-de7a-082e-4cdd59256d16","FullyQualifiedName":"Testovi_za_zadatak_1.UnitTest2.TestUspjesneRezervacije","DisplayName":"TestUspjesneRezervacije","ExecutorUri":"executor://MSTestAdapter/v2","Source":"C:\\Users\\berin\\source\\repos\\VVSzadaca2\\eParking\\Testovi za zadatak 1\\bin\\Debug\\fine-code-coverage\\Testovi za zadatak 1.dll","CodeFilePath":null,"LineNumber":-1,"Properties":[{"Key":{"Id":"MSTestDiscoverer.TestClassName","Label":"ClassName","Category":"","Description":"","Attributes":1,"ValueType":"System.String"},"Value":"Testovi_za_zadatak_1.UnitTest2"},{"Key":{"Id":"TestObject.Traits","Label":"Traits","Category":"","Description":"","Attributes":5,"ValueType":"System.Collections.Generic.KeyValuePair`2[[System.String],[System.String]][]"},"Value":[]}]},"Attachments":[],"Outcome":1,"ErrorMessage":null,"ErrorStackTrace":null,"DisplayName":null,"Messages":[],"ComputerName":null,"Duration":"00:00:00.0022742","StartTime":"2020-11-30T21:27:19.0783549+01:00","EndTime":"2020-11-30T21:27:19.0808915+01:00","Properties":[{"Key":{"Id":"ExecutionId","Label":"ExecutionId","Category":"","Description":"","Attributes":1,"ValueType":"System.Guid"},"Value":"00000000-0000-0000-0000-000000000000"},{"Key":{"Id":"ParentExecId","Label":"ParentExecId","Category":"","Description":"","Attributes":1,"ValueType":"System.Guid"},"Value":"00000000-0000-0000-0000-000000000000"},{"Key":{"Id":"InnerResultsCount","Label":"InnerResultsCount","Category":"","Description":"","Attributes":1,"ValueType":"System.Int32"},"Value":0}]},{"TestCase":{"Id":"2216986d-83f6-cc4d-23a0-b8a0fd6ee0ea","FullyQualifiedName":"Testovi_za_zadatak_1.UnitTest2.TestPonovneRezervacije","DisplayName":"TestPonovneRezervacije","ExecutorUri":"executor://MSTestAdapter/v2","Source":"C:\\Users\\berin\\source\\repos\\VVSzadaca2\\eParking\\Testovi za zadatak 1\\bin\\Debug\\fine-code-coverage\\Testovi za zadatak 1.dll","CodeFilePath":null,"LineNumber":-1,"Properties":[{"Key":{"Id":"MSTestDiscoverer.TestClassName","Label":"ClassName","Category":"","Description":"","Attributes":1,"ValueType":"System.String"},"Value":"Testovi_za_zadatak_1.UnitTest2"},{"Key":{"Id":"TestObject.Traits","Label":"Traits","Category":"","Description":"","Attributes":5,"ValueType":"System.Collections.Generic.KeyValuePair`2[[System.String],[System.String]][]"},"Value":[]}]},"Attachments":[],"Outcome":1,"ErrorMessage":null,"ErrorStackTrace":null,"DisplayName":null,"Messages":[],"ComputerName":null,"Duration":"00:00:00.0010711","StartTime":"2020-11-30T21:27:19.0901217+01:00","EndTime":"2020-11-30T21:27:19.0914564+01:00","Properties":[{"Key":{"Id":"ExecutionId","Label":"ExecutionId","Category":"","Description":"","Attributes":1,"ValueType":"System.Guid"},"Value":"00000000-0000-0000-0000-000000000000"},{"Key":{"Id":"ParentExecId","Label":"ParentExecId","Category":"","Description":"","Attributes":1,"ValueType":"System.Guid"},"Value":"00000000-0000-0000-0000-000000000000"},{"Key":{"Id":"InnerResultsCount","Label":"InnerResultsCount","Category":"","Description":"","Attributes":1,"ValueType":"System.Int32"},"Value":0}]},{"TestCase":{"Id":"0bac892f-0a3f-6144-bcb8-ba2b3969567e","FullyQualifiedName":"Testovi_za_zadatak_1.UnitTestParking.TestUspjesneRezervacije","DisplayName":"TestUspjesneRezervacije","ExecutorUri":"executor://MSTestAdapter/v2","Source":"C:\\Users\\berin\\source\\repos\\VVSzadaca2\\eParking\\Testovi za zadatak 1\\bin\\Debug\\fine-code-coverage\\Testovi za zadatak 1.dll","CodeFilePath":null,"LineNumber":-1,"Properties":[{"Key":{"Id":"MSTestDiscoverer.TestClassName","Label":"ClassName","Category":"","Description":"","Attributes":1,"ValueType":"System.String"},"Value":"Testovi_za_zadatak_1.UnitTestParking"},{"Key":{"Id":"TestObject.Traits","Label":"Traits","Category":"","Description":"","Attributes":5,"ValueType":"System.Collections.Generic.KeyValuePair`2[[System.String],[System.String]][]"},"Value":[]}]},"Attachments":[],"Outcome":2,"ErrorMessage":"Test method Testovi_za_zadatak_1.UnitTestParking.TestUspjesneRezervacije threw exception: \r\nSystem.InvalidCastException: Unable to cast object of type 'eParking.Korisnik' to type 'eParking.Clan'.","ErrorStackTrace":"    at Testovi_za_zadatak_1.UnitTestParking.TestUspjesneRezervacije() in C:\\Users\\berin\\source\\repos\\VVSzadaca2\\eParking\\Testovi za zadatak 1\\UnitTestParking.cs:line 31\r\n","DisplayName":null,"Messages":[],"ComputerName":null,"Duration":"00:00:00.0345080","StartTime":"2020-11-30T21:27:19.0970228+01:00","EndTime":"2020-11-30T21:27:19.133683+01:00","Properties":[{"Key":{"Id":"ExecutionId","Label":"ExecutionId","Category":"","Description":"","Attributes":1,"ValueType":"System.Guid"},"Value":"00000000-0000-0000-0000-000000000000"},{"Key":{"Id":"ParentExecId","Label":"ParentExecId","Category":"","Description":"","Attributes":1,"ValueType":"System.Guid"},"Value":"00000000-0000-0000-0000-000000000000"},{"Key":{"Id":"InnerResultsCount","Label":"InnerResultsCount","Category":"","Description":"","Attributes":1,"ValueType":"System.Int32"},"Value":0}]},{"TestCase":{"Id":"e937f6e7-1012-ddae-bbe5-8e9e3e17562b","FullyQualifiedName":"Testovi_za_zadatak_1.UnitTestParking.TestRezervacijeKorisnikNijeClan","DisplayName":"TestRezervacijeKorisnikNijeClan","ExecutorUri":"executor://MSTestAdapter/v2","Source":"C:\\Users\\berin\\source\\repos\\VVSzadaca2\\eParking\\Testovi za zadatak 1\\bin\\Debug\\fine-code-coverage\\Testovi za zadatak 1.dll","CodeFilePath":null,"LineNumber":-1,"Properties":[{"Key":{"Id":"MSTestDiscoverer.TestClassName","Label":"ClassName","Category":"","Description":"","Attributes":1,"ValueType":"System.String"},"Value":"Testovi_za_zadatak_1.UnitTestParking"},{"Key":{"Id":"TestObject.Traits","Label":"Traits","Category":"","Description":"","Attributes":5,"ValueType":"System.Collections.Generic.KeyValuePair`2[[System.String],[System.String]][]"},"Value":[]}]},"Attachments":[],"Outcome":2,"ErrorMessage":"Test method threw exception System.InvalidOperationException, but exception System.Exception was expected. Exception message: System.InvalidOperationException: Lokacija već postoji!","ErrorStackTrace":"   at eParking.Parking.RadSaLokacijom(Lokacija l, Int32 opcija, List`1 podaci) in C:\\Users\\berin\\source\\repos\\VVSzadaca2\\eParking\\eParking\\Parking.cs:line 47\r\n   at Testovi_za_zadatak_1.UnitTestParking.TestRezervacijeKorisnikNijeClan() in C:\\Users\\berin\\source\\repos\\VVSzadaca2\\eParking\\Testovi za zadatak 1\\UnitTestParking.cs:line 45\r\n","DisplayName":null,"Messages":[],"ComputerName":null,"Duration":"00:00:00.0066398","StartTime":"2020-11-30T21:27:19.1398798+01:00","EndTime":"2020-11-30T21:27:19.1467777+01:00","Properties":[{"Key":{"Id":"ExecutionId","Label":"ExecutionId","Category":"","Description":"","Attributes":1,"ValueType":"System.Guid"},"Value":"00000000-0000-0000-0000-000000000000"},{"Key":{"Id":"ParentExecId","Label":"ParentExecId","Category":"","Description":"","Attributes":1,"ValueType":"System.Guid"},"Value":"00000000-0000-0000-0000-000000000000"},{"Key":{"Id":"InnerResultsCount","Label":"InnerResultsCount","Category":"","Description":"","Attributes":1,"ValueType":"System.Int32"},"Value":0}]},{"TestCase":{"Id":"31a3e1a7-4a46-bcff-fffd-c17599d73a1d","FullyQualifiedName":"Testovi_za_zadatak_1.UnitTestParking.TestRezervacijeKorisnikVecRezervisao","DisplayName":"TestRezervacijeKorisnikVecRezervisao","ExecutorUri":"executor://MSTestAdapter/v2","Source":"C:\\Users\\berin\\source\\repos\\VVSzadaca2\\eParking\\Testovi za zadatak 1\\bin\\Debug\\fine-code-coverage\\Testovi za zadatak 1.dll","CodeFilePath":null,"LineNumber":-1,"Properties":[{"Key":{"Id":"MSTestDiscoverer.TestClassName","Label":"ClassName","Category":"","Description":"","Attributes":1,"ValueType":"System.String"},"Value":"Testovi_za_zadatak_1.UnitTestParking"},{"Key":{"Id":"TestObject.Traits","Label":"Traits","Category":"","Description":"","Attributes":5,"ValueType":"System.Collections.Generic.KeyValuePair`2[[System.String],[System.String]][]"},"Value":[]}]},"Attachments":[],"Outcome":2,"ErrorMessage":"Test method threw exception System.InvalidOperationException, but exception System.Exception was expected. Exception message: System.InvalidOperationException: Lokacija već postoji!","ErrorStackTrace":"   at eParking.Parking.RadSaLokacijom(Lokacija l, Int32 opcija, List`1 podaci) in C:\\Users\\berin\\source\\repos\\VVSzadaca2\\eParking\\eParking\\Parking.cs:line 47\r\n   at Testovi_za_zadatak_1.UnitTestParking.TestRezervacijeKorisnikVecRezervisao() in C:\\Users\\berin\\source\\repos\\VVSzadaca2\\eParking\\Testovi za zadatak 1\\UnitTestParking.cs:line 59\r\n","DisplayName":null,"Messages":[],"ComputerName":null,"Duration":"00:00:00.0014068","StartTime":"2020-11-30T21:27:19.1526336+01:00","EndTime":"2020-11-30T21:27:19.1542995+01:00","Properties":[{"Key":{"Id":"ExecutionId","Label":"ExecutionId","Category":"","Description":"","Attributes":1,"ValueType":"System.Guid"},"Value":"00000000-0000-0000-0000-000000000000"},{"Key":{"Id":"ParentExecId","Label":"ParentExecId","Category":"","Description":"","Attributes":1,"ValueType":"System.Guid"},"Value":"00000000-0000-0000-0000-000000000000"},{"Key":{"Id":"InnerResultsCount","Label":"InnerResultsCount","Category":"","Description":"","Attributes":1,"ValueType":"System.Int32"},"Value":0}]},{"TestCase":{"Id":"d7bbe323-4074-ce7b-6b48-8631025af3e1","FullyQualifiedName":"Testovi_za_zadatak_1.UnitTestParking.TestRezervacijeLokacijaZauzeta","DisplayName":"TestRezervacijeLokacijaZauzeta","ExecutorUri":"executor://MSTestAdapter/v2","Source":"C:\\Users\\berin\\source\\repos\\VVSzadaca2\\eParking\\Testovi za zadatak 1\\bin\\Debug\\fine-code-coverage\\Testovi za zadatak 1.dll","CodeFilePath":null,"LineNumber":-1,"Properties":[{"Key":{"Id":"MSTestDiscoverer.TestClassName","Label":"ClassName","Category":"","Description":"","Attributes":1,"ValueType":"System.String"},"Value":"Testovi_za_zadatak_1.UnitTestParking"},{"Key":{"Id":"TestObject.Traits","Label":"Traits","Category":"","Description":"","Attributes":5,"ValueType":"System.Collections.Generic.KeyValuePair`2[[System.String],[System.String]][]"},"Value":[]}]},"Attachments":[],"Outcome":2,"ErrorMessage":"Test method threw exception System.InvalidOperationException, but exception System.Exception was expected. Exception message: System.InvalidOperationException: Lokacija već postoji!","ErrorStackTrace":"   at eParking.Parking.RadSaLokacijom(Lokacija l, Int32 opcija, List`1 podaci) in C:\\Users\\berin\\source\\repos\\VVSzadaca2\\eParking\\eParking\\Parking.cs:line 47\r\n   at Testovi_za_zadatak_1.UnitTestParking.TestRezervacijeLokacijaZauzeta() in C:\\Users\\berin\\source\\repos\\VVSzadaca2\\eParking\\Testovi za zadatak 1\\UnitTestParking.cs:line 71\r\n","DisplayName":null,"Messages":[],"ComputerName":null,"Duration":"00:00:00.0017466","StartTime":"2020-11-30T21:27:19.1603569+01:00","EndTime":"2020-11-30T21:27:19.1624512+01:00","Properties":[{"Key":{"Id":"ExecutionId","Label":"ExecutionId","Category":"","Description":"","Attributes":1,"ValueType":"System.Guid"},"Value":"00000000-0000-0000-0000-000000000000"},{"Key":{"Id":"ParentExecId","Label":"ParentExecId","Category":"","Description":"","Attributes":1,"ValueType":"System.Guid"},"Value":"00000000-0000-0000-0000-000000000000"},{"Key":{"Id":"InnerResultsCount","Label":"InnerResultsCount","Category":"","Description":"","Attributes":1,"ValueType":"System.Int32"},"Value":0}]}],"TestRunStatistics":{"ExecutedTests":9,"Stats":{"Passed":5,"Failed":4}},"ActiveTests":[]},"RunAttachments":[],"ExecutorUris":["executor://mstestadapter/v2"]}}
TpTrace Verbose: 0 : 9000, 4, 2020/11/30, 21:27:19.243, 1945248202838, testhost.dll, BaseRunTests.RunTests: Run is complete.
TpTrace Verbose: 0 : 9000, 9, 2020/11/30, 21:27:19.246, 1945248231916, testhost.dll, TcpClientExtensions.MessageLoopAsync: NotifyDataAvailable remoteEndPoint: [::ffff:127.0.0.1]:2704 localEndPoint: [::ffff:127.0.0.1]:2705
TpTrace Information: 0 : 9000, 9, 2020/11/30, 21:27:19.246, 1945248235339, testhost.dll, TestRequestHandler.ProcessRequests: received message: (TestSession.Terminate) -> null
TpTrace Information: 0 : 9000, 9, 2020/11/30, 21:27:19.247, 1945248237385, testhost.dll, Session End message received from server. Closing the connection.
TpTrace Information: 0 : 9000, 9, 2020/11/30, 21:27:19.247, 1945248244501, testhost.dll, SocketClient.Stop: Stop communication from server endpoint: 127.0.0.1:02704
TpTrace Information: 0 : 9000, 9, 2020/11/30, 21:27:19.248, 1945248246827, testhost.dll, SocketClient: Stop: Cancellation requested. Stopping message loop.
TpTrace Verbose: 0 : 9000, 9, 2020/11/30, 21:27:19.248, 1945248253871, testhost.dll, LengthPrefixCommunicationChannel.Dispose: Dispose reader and writer.
TpTrace Information: 0 : 9000, 9, 2020/11/30, 21:27:19.249, 1945248256312, testhost.dll, Closing the connection !
TpTrace Information: 0 : 9000, 1, 2020/11/30, 21:27:19.249, 1945248255894, testhost.dll, Closing the connection !
TpTrace Information: 0 : 9000, 9, 2020/11/30, 21:27:19.249, 1945248261102, testhost.dll, SocketClient.PrivateStop: Stop communication from server endpoint: 127.0.0.1:02704, error:
TpTrace Information: 0 : 9000, 1, 2020/11/30, 21:27:19.249, 1945248261253, testhost.dll, SocketClient.Stop: Stop communication from server endpoint: 127.0.0.1:02704
TpTrace Verbose: 0 : 9000, 1, 2020/11/30, 21:27:19.250, 1945248266120, testhost.dll, LengthPrefixCommunicationChannel.Dispose: Dispose reader and writer.
TpTrace Verbose: 0 : 9000, 9, 2020/11/30, 21:27:19.249, 1945248264328, testhost.dll, LengthPrefixCommunicationChannel.Dispose: Dispose reader and writer.
TpTrace Information: 0 : 9000, 1, 2020/11/30, 21:27:19.250, 1945248269772, testhost.dll, Testhost process exiting.
TpTrace Verbose: 0 : 9000, 9, 2020/11/30, 21:27:19.250, 1945248272317, testhost.dll, TcpClientExtensions.MessageLoopAsync: exiting MessageLoopAsync remoteEndPoint: [::ffff:127.0.0.1]:2704 localEndPoint: [::ffff:127.0.0.1]:2705
