TpTrace Verbose: 0 : 6912, 1, 2020/11/30, 21:21:03.543, 1941491243995, vstest.console.dll, Version: 16.8.0-release-20201022-02
TpTrace Information: 0 : 6912, 1, 2020/11/30, 21:21:03.559, 1941491362242, vstest.console.dll, FilePatternParser: The given file C:\Users\berin\source\repos\VVSzadaca2\eParking\Testovi za zadatak 1\bin\Debug\fine-code-coverage\Testovi za zadatak 1.dll is a full path.
TpTrace Verbose: 0 : 6912, 1, 2020/11/30, 21:21:03.571, 1941491483552, vstest.console.dll, TestPluginCache.DiscoverTestExtensions: finding test extensions in assemblies ends with: RuntimeProvider.dll TPluginInfo: Microsoft.VisualStudio.TestPlatform.Common.ExtensionFramework.Utilities.TestRuntimePluginInformation TExtension: Microsoft.VisualStudio.TestPlatform.ObjectModel.Host.ITestRuntimeProvider
TpTrace Verbose: 0 : 6912, 1, 2020/11/30, 21:21:03.577, 1941491542997, vstest.console.dll, TestPluginCache.GetExtensionPaths: Filtered extension paths: 
TpTrace Verbose: 0 : 6912, 1, 2020/11/30, 21:21:03.578, 1941491551139, vstest.console.dll, TestPluginCache.GetExtensionPaths: Added default extension paths: C:\Program Files\dotnet\sdk\5.0.100\Extensions\Microsoft.Diagnostics.NETCore.Client.dll
C:\Program Files\dotnet\sdk\5.0.100\Extensions\Microsoft.TestPlatform.Extensions.BlameDataCollector.dll
C:\Program Files\dotnet\sdk\5.0.100\Extensions\Microsoft.TestPlatform.Extensions.EventLogCollector.dll
C:\Program Files\dotnet\sdk\5.0.100\Extensions\Microsoft.TestPlatform.TestHostRuntimeProvider.dll
C:\Program Files\dotnet\sdk\5.0.100\Extensions\Microsoft.VisualStudio.TestPlatform.Extensions.Html.TestLogger.dll
C:\Program Files\dotnet\sdk\5.0.100\Extensions\Microsoft.VisualStudio.TestPlatform.Extensions.Trx.TestLogger.dll
TpTrace Verbose: 0 : 6912, 1, 2020/11/30, 21:21:03.578, 1941491554602, vstest.console.dll, TestPluginCache.GetExtensionPaths: Added unfilterableExtensionPaths: 
TpTrace Information: 0 : 6912, 1, 2020/11/30, 21:21:03.580, 1941491571173, vstest.console.dll, AssemblyResolver.ctor: Creating AssemblyResolver with searchDirectories C:\Program Files\dotnet\sdk\5.0.100\Extensions,C:\Program Files\dotnet\sdk\5.0.100
TpTrace Verbose: 0 : 6912, 1, 2020/11/30, 21:21:03.582, 1941491592146, vstest.console.dll, TestPluginCache.DiscoverTestExtensions: Discovering the extensions using extension path.
TpTrace Verbose: 0 : 6912, 1, 2020/11/30, 21:21:03.583, 1941491596097, vstest.console.dll, TestPluginCache.GetExtensionPaths: Filtered extension paths: 
TpTrace Verbose: 0 : 6912, 1, 2020/11/30, 21:21:03.583, 1941491599145, vstest.console.dll, TestPluginCache.GetExtensionPaths: Added default extension paths: C:\Program Files\dotnet\sdk\5.0.100\Extensions\Microsoft.Diagnostics.NETCore.Client.dll
C:\Program Files\dotnet\sdk\5.0.100\Extensions\Microsoft.TestPlatform.Extensions.BlameDataCollector.dll
C:\Program Files\dotnet\sdk\5.0.100\Extensions\Microsoft.TestPlatform.Extensions.EventLogCollector.dll
C:\Program Files\dotnet\sdk\5.0.100\Extensions\Microsoft.TestPlatform.TestHostRuntimeProvider.dll
C:\Program Files\dotnet\sdk\5.0.100\Extensions\Microsoft.VisualStudio.TestPlatform.Extensions.Html.TestLogger.dll
C:\Program Files\dotnet\sdk\5.0.100\Extensions\Microsoft.VisualStudio.TestPlatform.Extensions.Trx.TestLogger.dll
TpTrace Verbose: 0 : 6912, 1, 2020/11/30, 21:21:03.583, 1941491602529, vstest.console.dll, TestPluginCache.GetExtensionPaths: Added unfilterableExtensionPaths: 
TpTrace Verbose: 0 : 6912, 1, 2020/11/30, 21:21:03.583, 1941491605418, vstest.console.dll, TestPluginCache.DiscoverTestExtensions: Discovering the extensions using allExtensionPaths: C:\Program Files\dotnet\sdk\5.0.100\Extensions\Microsoft.Diagnostics.NETCore.Client.dll
C:\Program Files\dotnet\sdk\5.0.100\Extensions\Microsoft.TestPlatform.Extensions.BlameDataCollector.dll
C:\Program Files\dotnet\sdk\5.0.100\Extensions\Microsoft.TestPlatform.Extensions.EventLogCollector.dll
C:\Program Files\dotnet\sdk\5.0.100\Extensions\Microsoft.TestPlatform.TestHostRuntimeProvider.dll
C:\Program Files\dotnet\sdk\5.0.100\Extensions\Microsoft.VisualStudio.TestPlatform.Extensions.Html.TestLogger.dll
C:\Program Files\dotnet\sdk\5.0.100\Extensions\Microsoft.VisualStudio.TestPlatform.Extensions.Trx.TestLogger.dll
TpTrace Information: 0 : 6912, 1, 2020/11/30, 21:21:03.584, 1941491610044, vstest.console.dll, AssemblyResolver.AddSearchDirectories: Adding more searchDirectories C:\Program Files\dotnet\sdk\5.0.100\Extensions,C:\Program Files\dotnet\sdk\5.0.100
TpTrace Information: 0 : 6912, 1, 2020/11/30, 21:21:03.584, 1941491612910, vstest.console.dll, AssemblyResolver.AddSearchDirectories: Adding more searchDirectories C:\Program Files\dotnet\sdk\5.0.100\Extensions,C:\Program Files\dotnet\sdk\5.0.100
TpTrace Information: 0 : 6912, 1, 2020/11/30, 21:21:03.584, 1941491615325, vstest.console.dll, AssemblyResolver.AddSearchDirectories: Adding more searchDirectories C:\Program Files\dotnet\sdk\5.0.100\Extensions,C:\Program Files\dotnet\sdk\5.0.100
TpTrace Information: 0 : 6912, 1, 2020/11/30, 21:21:03.585, 1941491617893, vstest.console.dll, AssemblyResolver.AddSearchDirectories: Adding more searchDirectories C:\Program Files\dotnet\sdk\5.0.100\Extensions,C:\Program Files\dotnet\sdk\5.0.100
TpTrace Information: 0 : 6912, 1, 2020/11/30, 21:21:03.585, 1941491620203, vstest.console.dll, AssemblyResolver.AddSearchDirectories: Adding more searchDirectories C:\Program Files\dotnet\sdk\5.0.100\Extensions,C:\Program Files\dotnet\sdk\5.0.100
TpTrace Information: 0 : 6912, 1, 2020/11/30, 21:21:03.585, 1941491623592, vstest.console.dll, AssemblyResolver.AddSearchDirectories: Adding more searchDirectories C:\Program Files\dotnet\sdk\5.0.100\Extensions,C:\Program Files\dotnet\sdk\5.0.100
TpTrace Information: 0 : 6912, 1, 2020/11/30, 21:21:03.586, 1941491630503, vstest.console.dll, AssemblyResolver.OnResolve: Microsoft.Diagnostics.NETCore.Client: Resolving assembly.
TpTrace Information: 0 : 6912, 1, 2020/11/30, 21:21:03.588, 1941491649558, vstest.console.dll, AssemblyResolver.OnResolve: Resolved assembly: Microsoft.Diagnostics.NETCore.Client, from path: C:\Program Files\dotnet\sdk\5.0.100\Extensions\Microsoft.Diagnostics.NETCore.Client.dll
TpTrace Information: 0 : 6912, 1, 2020/11/30, 21:21:03.592, 1941491691926, vstest.console.dll, AssemblyResolver.OnResolve: Microsoft.Bcl.AsyncInterfaces: Resolving assembly.
TpTrace Information: 0 : 6912, 1, 2020/11/30, 21:21:03.593, 1941491702964, vstest.console.dll, AssemblyResolver.OnResolve: Microsoft.Bcl.AsyncInterfaces: Failed to load assembly.
TpTrace Verbose: 0 : 6912, 1, 2020/11/30, 21:21:03.594, 1941491710781, vstest.console.dll, CurrentDomain_AssemblyResolve: Resolving assembly 'Microsoft.Bcl.AsyncInterfaces'.
TpTrace Information: 0 : 6912, 1, 2020/11/30, 21:21:03.595, 1941491717041, vstest.console.dll, AssemblyResolver.OnResolve: Microsoft.Bcl.AsyncInterfaces: Resolving assembly.
TpTrace Information: 0 : 6912, 1, 2020/11/30, 21:21:03.595, 1941491722089, vstest.console.dll, AssemblyResolver.OnResolve: Microsoft.Bcl.AsyncInterfaces: Resolved from cache.
TpTrace Verbose: 0 : 6912, 1, 2020/11/30, 21:21:03.596, 1941491727162, vstest.console.dll, CurrentDomain_AssemblyResolve: Resolving assembly 'Microsoft.Bcl.AsyncInterfaces'.
TpTrace Verbose: 0 : 6912, 1, 2020/11/30, 21:21:03.596, 1941491731121, vstest.console.dll, CurrentDomainAssemblyResolve: Failed to resolve assembly 'Microsoft.Bcl.AsyncInterfaces'.
TpTrace Verbose: 0 : 6912, 1, 2020/11/30, 21:21:03.598, 1941491751528, vstest.console.dll, CurrentDomainAssemblyResolve: Failed to resolve assembly 'Microsoft.Bcl.AsyncInterfaces'.
TpTrace Warning: 0 : 6912, 1, 2020/11/30, 21:21:03.625, 1941492019587, vstest.console.dll, TestPluginDiscoverer: Failed to get types from assembly 'Microsoft.Diagnostics.NETCore.Client, Version=0.2.2.41902, Culture=neutral, PublicKeyToken=31bf3856ad364e35'.  Skipping test extension scan for this assembly.  Error: System.Reflection.ReflectionTypeLoadException: Unable to load one or more of the requested types.
Could not load file or assembly 'Microsoft.Bcl.AsyncInterfaces, Version=1.0.0.0, Culture=neutral, PublicKeyToken=cc7b13ffcd2ddd51'. The system cannot find the file specified.
   at System.Reflection.RuntimeModule.GetTypes(RuntimeModule module)
   at System.Reflection.RuntimeModule.GetTypes()
   at System.Reflection.Assembly.GetTypes()
   at Microsoft.VisualStudio.TestPlatform.Common.ExtensionFramework.TestPluginDiscoverer.GetTestExtensionsFromAssembly[TPluginInfo,TExtension](Assembly assembly, Dictionary`2 pluginInfos)
System.IO.FileNotFoundException: Could not load file or assembly 'Microsoft.Bcl.AsyncInterfaces, Version=1.0.0.0, Culture=neutral, PublicKeyToken=cc7b13ffcd2ddd51'. The system cannot find the file specified.
File name: 'Microsoft.Bcl.AsyncInterfaces, Version=1.0.0.0, Culture=neutral, PublicKeyToken=cc7b13ffcd2ddd51'
TpTrace Warning: 0 : 6912, 1, 2020/11/30, 21:21:03.625, 1941492025521, vstest.console.dll, LoaderExceptions: System.IO.FileNotFoundException: Could not load file or assembly 'Microsoft.Bcl.AsyncInterfaces, Version=1.0.0.0, Culture=neutral, PublicKeyToken=cc7b13ffcd2ddd51'. The system cannot find the file specified.
File name: 'Microsoft.Bcl.AsyncInterfaces, Version=1.0.0.0, Culture=neutral, PublicKeyToken=cc7b13ffcd2ddd51'
TpTrace Information: 0 : 6912, 1, 2020/11/30, 21:21:03.626, 1941492032784, vstest.console.dll, AssemblyResolver.OnResolve: Microsoft.TestPlatform.Extensions.BlameDataCollector: Resolving assembly.
TpTrace Information: 0 : 6912, 1, 2020/11/30, 21:21:03.629, 1941492057275, vstest.console.dll, AssemblyResolver.OnResolve: Resolved assembly: Microsoft.TestPlatform.Extensions.BlameDataCollector, from path: C:\Program Files\dotnet\sdk\5.0.100\Extensions\Microsoft.TestPlatform.Extensions.BlameDataCollector.dll
TpTrace Information: 0 : 6912, 1, 2020/11/30, 21:21:03.630, 1941492072586, vstest.console.dll, AssemblyResolver.OnResolve: Microsoft.TestPlatform.Extensions.EventLogCollector: Resolving assembly.
TpTrace Information: 0 : 6912, 1, 2020/11/30, 21:21:03.632, 1941492086796, vstest.console.dll, AssemblyResolver.OnResolve: Resolved assembly: Microsoft.TestPlatform.Extensions.EventLogCollector, from path: C:\Program Files\dotnet\sdk\5.0.100\Extensions\Microsoft.TestPlatform.Extensions.EventLogCollector.dll
TpTrace Information: 0 : 6912, 1, 2020/11/30, 21:21:03.635, 1941492116643, vstest.console.dll, AssemblyResolver.OnResolve: Microsoft.TestPlatform.TestHostRuntimeProvider: Resolving assembly.
TpTrace Information: 0 : 6912, 1, 2020/11/30, 21:21:03.636, 1941492132756, vstest.console.dll, AssemblyResolver.OnResolve: Resolved assembly: Microsoft.TestPlatform.TestHostRuntimeProvider, from path: C:\Program Files\dotnet\sdk\5.0.100\Extensions\Microsoft.TestPlatform.TestHostRuntimeProvider.dll
TpTrace Information: 0 : 6912, 1, 2020/11/30, 21:21:03.638, 1941492151994, vstest.console.dll, AssemblyResolver.OnResolve: Microsoft.VisualStudio.TestPlatform.Extensions.Html.TestLogger: Resolving assembly.
TpTrace Information: 0 : 6912, 1, 2020/11/30, 21:21:03.640, 1941492168370, vstest.console.dll, AssemblyResolver.OnResolve: Resolved assembly: Microsoft.VisualStudio.TestPlatform.Extensions.Html.TestLogger, from path: C:\Program Files\dotnet\sdk\5.0.100\Extensions\Microsoft.VisualStudio.TestPlatform.Extensions.Html.TestLogger.dll
TpTrace Information: 0 : 6912, 1, 2020/11/30, 21:21:03.640, 1941492174630, vstest.console.dll, AssemblyResolver.OnResolve: Microsoft.VisualStudio.TestPlatform.Extensions.Trx.TestLogger: Resolving assembly.
TpTrace Information: 0 : 6912, 1, 2020/11/30, 21:21:03.642, 1941492193828, vstest.console.dll, AssemblyResolver.OnResolve: Resolved assembly: Microsoft.VisualStudio.TestPlatform.Extensions.Trx.TestLogger, from path: C:\Program Files\dotnet\sdk\5.0.100\Extensions\Microsoft.VisualStudio.TestPlatform.Extensions.Trx.TestLogger.dll
TpTrace Verbose: 0 : 6912, 1, 2020/11/30, 21:21:03.645, 1941492218131, vstest.console.dll, TestPluginCache: Discovered the extensions using extension path ''.
TpTrace Verbose: 0 : 6912, 1, 2020/11/30, 21:21:03.645, 1941492222091, vstest.console.dll, TestPluginCache: Discoverers are ''.
TpTrace Verbose: 0 : 6912, 1, 2020/11/30, 21:21:03.645, 1941492224727, vstest.console.dll, TestPluginCache: Executors are ''.
TpTrace Verbose: 0 : 6912, 1, 2020/11/30, 21:21:03.646, 1941492227357, vstest.console.dll, TestPluginCache: Executors2 are ''.
TpTrace Verbose: 0 : 6912, 1, 2020/11/30, 21:21:03.646, 1941492230042, vstest.console.dll, TestPluginCache: Setting providers are ''.
TpTrace Verbose: 0 : 6912, 1, 2020/11/30, 21:21:03.646, 1941492232588, vstest.console.dll, TestPluginCache: Loggers are ''.
TpTrace Information: 0 : 6912, 1, 2020/11/30, 21:21:03.655, 1941492318139, vstest.console.dll, RunTestsArgumentProcessor:Execute: Test run is starting.
TpTrace Verbose: 0 : 6912, 1, 2020/11/30, 21:21:03.655, 1941492324906, vstest.console.dll, RunTestsArgumentProcessor:Execute: Queuing Test run.
TpTrace Information: 0 : 6912, 1, 2020/11/30, 21:21:03.656, 1941492334597, vstest.console.dll, TestRequestManager.RunTests: run tests started.
TpTrace Information: 0 : 6912, 1, 2020/11/30, 21:21:03.685, 1941492616191, vstest.console.dll, AssemblyMetadataProvider.GetFrameWork: Determined framework:'.NETCoreApp,Version=v3.1' for source: 'C:\Users\berin\source\repos\VVSzadaca2\eParking\Testovi za zadatak 1\bin\Debug\fine-code-coverage\Testovi za zadatak 1.dll'
TpTrace Information: 0 : 6912, 1, 2020/11/30, 21:21:03.685, 1941492623787, vstest.console.dll, Determined framework for all sources: .NETCoreApp,Version=v3.1
TpTrace Information: 0 : 6912, 1, 2020/11/30, 21:21:03.687, 1941492638469, vstest.console.dll, AssemblyMetadataProvider.GetArchitecture: Determined architecture:AnyCPU info for assembly: C:\Users\berin\source\repos\VVSzadaca2\eParking\Testovi za zadatak 1\bin\Debug\fine-code-coverage\Testovi za zadatak 1.dll
TpTrace Information: 0 : 6912, 1, 2020/11/30, 21:21:03.695, 1941492721762, vstest.console.dll, Determined platform for all sources: X64
TpTrace Information: 0 : 6912, 1, 2020/11/30, 21:21:03.708, 1941492852048, vstest.console.dll, Compatible sources list : 
TpTrace Information: 0 : 6912, 1, 2020/11/30, 21:21:03.709, 1941492861531, vstest.console.dll, C:\Users\berin\source\repos\VVSzadaca2\eParking\Testovi za zadatak 1\bin\Debug\fine-code-coverage\Testovi za zadatak 1.dll
TpTrace Information: 0 : 6912, 1, 2020/11/30, 21:21:03.717, 1941492945192, vstest.console.dll, InferRunSettingsHelper.IsTestSettingsEnabled: Unable to navigate to RunSettings/MSTest. Current node: RunSettings
TpTrace Information: 0 : 6912, 1, 2020/11/30, 21:21:03.721, 1941492978637, vstest.console.dll, AssemblyResolver.OnResolve: Microsoft.VisualStudio.TestPlatform.Fakes: Resolving assembly.
TpTrace Information: 0 : 6912, 1, 2020/11/30, 21:21:03.722, 1941492991713, vstest.console.dll, AssemblyResolver.OnResolve: Microsoft.VisualStudio.TestPlatform.Fakes: Failed to load assembly.
TpTrace Information: 0 : 6912, 1, 2020/11/30, 21:21:03.724, 1941493014354, vstest.console.dll, Failed to create newly implemented Fakes Configurator. Reason:System.IO.FileNotFoundException: Could not load file or assembly 'Microsoft.VisualStudio.TestPlatform.Fakes, Version=16.0.0.0, Culture=neutral, PublicKeyToken=null'. The system cannot find the file specified.
File name: 'Microsoft.VisualStudio.TestPlatform.Fakes, Version=16.0.0.0, Culture=neutral, PublicKeyToken=null'
   at System.Reflection.RuntimeAssembly.InternalLoad(ObjectHandleOnStack assemblyName, ObjectHandleOnStack requestingAssembly, StackCrawlMarkHandle stackMark, Boolean throwOnFileNotFound, ObjectHandleOnStack assemblyLoadContext, ObjectHandleOnStack retAssembly)
   at System.Reflection.RuntimeAssembly.InternalLoad(AssemblyName assemblyName, RuntimeAssembly requestingAssembly, StackCrawlMark& stackMark, Boolean throwOnFileNotFound, AssemblyLoadContext assemblyLoadContext)
   at System.Reflection.Assembly.Load(String assemblyString)
   at Microsoft.VisualStudio.TestPlatform.Common.Utilities.FakesUtilities.TryGetFakesCrossPlatformDataCollectorConfigurator() 
TpTrace Verbose: 0 : 6912, 1, 2020/11/30, 21:21:03.737, 1941493143389, vstest.console.dll, TestPluginCache.DiscoverTestExtensions: finding test extensions in assemblies ends with: TestLogger.dll TPluginInfo: Microsoft.VisualStudio.TestPlatform.Common.ExtensionFramework.Utilities.TestLoggerPluginInformation TExtension: Microsoft.VisualStudio.TestPlatform.ObjectModel.Client.ITestLogger
TpTrace Verbose: 0 : 6912, 1, 2020/11/30, 21:21:03.738, 1941493154085, vstest.console.dll, TestPluginCache.GetExtensionPaths: Filtered extension paths: 
TpTrace Verbose: 0 : 6912, 1, 2020/11/30, 21:21:03.739, 1941493159174, vstest.console.dll, TestPluginCache.GetExtensionPaths: Added default extension paths: C:\Program Files\dotnet\sdk\5.0.100\Extensions\Microsoft.Diagnostics.NETCore.Client.dll
C:\Program Files\dotnet\sdk\5.0.100\Extensions\Microsoft.TestPlatform.Extensions.BlameDataCollector.dll
C:\Program Files\dotnet\sdk\5.0.100\Extensions\Microsoft.TestPlatform.Extensions.EventLogCollector.dll
C:\Program Files\dotnet\sdk\5.0.100\Extensions\Microsoft.TestPlatform.TestHostRuntimeProvider.dll
C:\Program Files\dotnet\sdk\5.0.100\Extensions\Microsoft.VisualStudio.TestPlatform.Extensions.Html.TestLogger.dll
C:\Program Files\dotnet\sdk\5.0.100\Extensions\Microsoft.VisualStudio.TestPlatform.Extensions.Trx.TestLogger.dll
TpTrace Verbose: 0 : 6912, 1, 2020/11/30, 21:21:03.739, 1941493163916, vstest.console.dll, TestPluginCache.GetExtensionPaths: Added unfilterableExtensionPaths: 
TpTrace Information: 0 : 6912, 1, 2020/11/30, 21:21:03.741, 1941493176066, vstest.console.dll, AssemblyResolver.AddSearchDirectories: Adding more searchDirectories C:\Program Files\dotnet\sdk\5.0.100\Extensions,C:\Program Files\dotnet\sdk\5.0.100
TpTrace Verbose: 0 : 6912, 1, 2020/11/30, 21:21:03.741, 1941493183214, vstest.console.dll, TestPluginCache.DiscoverTestExtensions: Discovering the extensions using extension path.
TpTrace Verbose: 0 : 6912, 1, 2020/11/30, 21:21:03.742, 1941493189594, vstest.console.dll, TestPluginCache.GetExtensionPaths: Filtered extension paths: 
TpTrace Verbose: 0 : 6912, 1, 2020/11/30, 21:21:03.743, 1941493195843, vstest.console.dll, TestPluginCache.GetExtensionPaths: Added default extension paths: C:\Program Files\dotnet\sdk\5.0.100\Extensions\Microsoft.Diagnostics.NETCore.Client.dll
C:\Program Files\dotnet\sdk\5.0.100\Extensions\Microsoft.TestPlatform.Extensions.BlameDataCollector.dll
C:\Program Files\dotnet\sdk\5.0.100\Extensions\Microsoft.TestPlatform.Extensions.EventLogCollector.dll
C:\Program Files\dotnet\sdk\5.0.100\Extensions\Microsoft.TestPlatform.TestHostRuntimeProvider.dll
C:\Program Files\dotnet\sdk\5.0.100\Extensions\Microsoft.VisualStudio.TestPlatform.Extensions.Html.TestLogger.dll
C:\Program Files\dotnet\sdk\5.0.100\Extensions\Microsoft.VisualStudio.TestPlatform.Extensions.Trx.TestLogger.dll
TpTrace Verbose: 0 : 6912, 1, 2020/11/30, 21:21:03.743, 1941493203734, vstest.console.dll, TestPluginCache.GetExtensionPaths: Added unfilterableExtensionPaths: 
TpTrace Verbose: 0 : 6912, 1, 2020/11/30, 21:21:03.744, 1941493212546, vstest.console.dll, TestPluginCache.DiscoverTestExtensions: Discovering the extensions using allExtensionPaths: C:\Program Files\dotnet\sdk\5.0.100\Extensions\Microsoft.Diagnostics.NETCore.Client.dll
C:\Program Files\dotnet\sdk\5.0.100\Extensions\Microsoft.TestPlatform.Extensions.BlameDataCollector.dll
C:\Program Files\dotnet\sdk\5.0.100\Extensions\Microsoft.TestPlatform.Extensions.EventLogCollector.dll
C:\Program Files\dotnet\sdk\5.0.100\Extensions\Microsoft.TestPlatform.TestHostRuntimeProvider.dll
C:\Program Files\dotnet\sdk\5.0.100\Extensions\Microsoft.VisualStudio.TestPlatform.Extensions.Html.TestLogger.dll
C:\Program Files\dotnet\sdk\5.0.100\Extensions\Microsoft.VisualStudio.TestPlatform.Extensions.Trx.TestLogger.dll
TpTrace Information: 0 : 6912, 1, 2020/11/30, 21:21:03.745, 1941493221010, vstest.console.dll, AssemblyResolver.AddSearchDirectories: Adding more searchDirectories C:\Program Files\dotnet\sdk\5.0.100\Extensions,C:\Program Files\dotnet\sdk\5.0.100
TpTrace Information: 0 : 6912, 1, 2020/11/30, 21:21:03.746, 1941493226999, vstest.console.dll, AssemblyResolver.AddSearchDirectories: Adding more searchDirectories C:\Program Files\dotnet\sdk\5.0.100\Extensions,C:\Program Files\dotnet\sdk\5.0.100
TpTrace Information: 0 : 6912, 1, 2020/11/30, 21:21:03.746, 1941493232043, vstest.console.dll, AssemblyResolver.AddSearchDirectories: Adding more searchDirectories C:\Program Files\dotnet\sdk\5.0.100\Extensions,C:\Program Files\dotnet\sdk\5.0.100
TpTrace Information: 0 : 6912, 1, 2020/11/30, 21:21:03.747, 1941493240399, vstest.console.dll, AssemblyResolver.AddSearchDirectories: Adding more searchDirectories C:\Program Files\dotnet\sdk\5.0.100\Extensions,C:\Program Files\dotnet\sdk\5.0.100
TpTrace Information: 0 : 6912, 1, 2020/11/30, 21:21:03.748, 1941493248442, vstest.console.dll, AssemblyResolver.AddSearchDirectories: Adding more searchDirectories C:\Program Files\dotnet\sdk\5.0.100\Extensions,C:\Program Files\dotnet\sdk\5.0.100
TpTrace Information: 0 : 6912, 1, 2020/11/30, 21:21:03.748, 1941493255501, vstest.console.dll, AssemblyResolver.AddSearchDirectories: Adding more searchDirectories C:\Program Files\dotnet\sdk\5.0.100\Extensions,C:\Program Files\dotnet\sdk\5.0.100
TpTrace Information: 0 : 6912, 1, 2020/11/30, 21:21:03.750, 1941493267357, vstest.console.dll, AssemblyResolver.OnResolve: Microsoft.Bcl.AsyncInterfaces: Resolving assembly.
TpTrace Information: 0 : 6912, 1, 2020/11/30, 21:21:03.750, 1941493273498, vstest.console.dll, AssemblyResolver.OnResolve: Microsoft.Bcl.AsyncInterfaces: Resolved from cache.
TpTrace Verbose: 0 : 6912, 1, 2020/11/30, 21:21:03.751, 1941493279113, vstest.console.dll, CurrentDomain_AssemblyResolve: Resolving assembly 'Microsoft.Bcl.AsyncInterfaces'.
TpTrace Information: 0 : 6912, 1, 2020/11/30, 21:21:03.751, 1941493284826, vstest.console.dll, AssemblyResolver.OnResolve: Microsoft.Bcl.AsyncInterfaces: Resolving assembly.
TpTrace Information: 0 : 6912, 1, 2020/11/30, 21:21:03.752, 1941493290266, vstest.console.dll, AssemblyResolver.OnResolve: Microsoft.Bcl.AsyncInterfaces: Resolved from cache.
TpTrace Verbose: 0 : 6912, 1, 2020/11/30, 21:21:03.753, 1941493295942, vstest.console.dll, CurrentDomain_AssemblyResolve: Resolving assembly 'Microsoft.Bcl.AsyncInterfaces'.
TpTrace Verbose: 0 : 6912, 1, 2020/11/30, 21:21:03.753, 1941493302546, vstest.console.dll, CurrentDomainAssemblyResolve: Failed to resolve assembly 'Microsoft.Bcl.AsyncInterfaces'.
TpTrace Verbose: 0 : 6912, 1, 2020/11/30, 21:21:03.755, 1941493318701, vstest.console.dll, CurrentDomainAssemblyResolve: Failed to resolve assembly 'Microsoft.Bcl.AsyncInterfaces'.
TpTrace Warning: 0 : 6912, 1, 2020/11/30, 21:21:03.757, 1941493343288, vstest.console.dll, TestPluginDiscoverer: Failed to get types from assembly 'Microsoft.Diagnostics.NETCore.Client, Version=0.2.2.41902, Culture=neutral, PublicKeyToken=31bf3856ad364e35'.  Skipping test extension scan for this assembly.  Error: System.Reflection.ReflectionTypeLoadException: Unable to load one or more of the requested types.
Could not load file or assembly 'Microsoft.Bcl.AsyncInterfaces, Version=1.0.0.0, Culture=neutral, PublicKeyToken=cc7b13ffcd2ddd51'. The system cannot find the file specified.
   at System.Reflection.RuntimeModule.GetTypes(RuntimeModule module)
   at System.Reflection.RuntimeModule.GetTypes()
   at System.Reflection.Assembly.GetTypes()
   at Microsoft.VisualStudio.TestPlatform.Common.ExtensionFramework.TestPluginDiscoverer.GetTestExtensionsFromAssembly[TPluginInfo,TExtension](Assembly assembly, Dictionary`2 pluginInfos)
System.IO.FileNotFoundException: Could not load file or assembly 'Microsoft.Bcl.AsyncInterfaces, Version=1.0.0.0, Culture=neutral, PublicKeyToken=cc7b13ffcd2ddd51'. The system cannot find the file specified.
File name: 'Microsoft.Bcl.AsyncInterfaces, Version=1.0.0.0, Culture=neutral, PublicKeyToken=cc7b13ffcd2ddd51'
TpTrace Warning: 0 : 6912, 1, 2020/11/30, 21:21:03.758, 1941493348355, vstest.console.dll, LoaderExceptions: System.IO.FileNotFoundException: Could not load file or assembly 'Microsoft.Bcl.AsyncInterfaces, Version=1.0.0.0, Culture=neutral, PublicKeyToken=cc7b13ffcd2ddd51'. The system cannot find the file specified.
File name: 'Microsoft.Bcl.AsyncInterfaces, Version=1.0.0.0, Culture=neutral, PublicKeyToken=cc7b13ffcd2ddd51'
TpTrace Verbose: 0 : 6912, 1, 2020/11/30, 21:21:03.759, 1941493363328, vstest.console.dll, TestPluginCache: Discovered the extensions using extension path ''.
TpTrace Verbose: 0 : 6912, 1, 2020/11/30, 21:21:03.760, 1941493372584, vstest.console.dll, TestPluginCache: Discoverers are ''.
TpTrace Verbose: 0 : 6912, 1, 2020/11/30, 21:21:03.761, 1941493379757, vstest.console.dll, TestPluginCache: Executors are ''.
TpTrace Verbose: 0 : 6912, 1, 2020/11/30, 21:21:03.762, 1941493386644, vstest.console.dll, TestPluginCache: Executors2 are ''.
TpTrace Verbose: 0 : 6912, 1, 2020/11/30, 21:21:03.762, 1941493394359, vstest.console.dll, TestPluginCache: Setting providers are ''.
TpTrace Verbose: 0 : 6912, 1, 2020/11/30, 21:21:03.763, 1941493405305, vstest.console.dll, TestPluginCache: Loggers are 'logger://Microsoft/TestPlatform/Extensions/Blame/v1,logger://Microsoft/TestPlatform/HtmlLogger/v1,logger://Microsoft/TestPlatform/TrxLogger/v1'.
TpTrace Information: 0 : 6912, 1, 2020/11/30, 21:21:03.766, 1941493434083, vstest.console.dll, TestPluginManager.CreateTestExtension: Attempting to load test extension: Microsoft.TestPlatform.Extensions.BlameDataCollector.BlameLogger
TpTrace Information: 0 : 6912, 1, 2020/11/30, 21:21:03.804, 1941493809847, vstest.console.dll, TestPluginManager.CreateTestExtension: Attempting to load test extension: Microsoft.VisualStudio.TestPlatform.CrossPlatEngine.Hosting.DefaultTestHostManager
TpTrace Information: 0 : 6912, 1, 2020/11/30, 21:21:03.805, 1941493825310, vstest.console.dll, TestPluginManager.CreateTestExtension: Attempting to load test extension: Microsoft.VisualStudio.TestPlatform.CrossPlatEngine.Hosting.DotnetTestHostManager
TpTrace Verbose: 0 : 6912, 1, 2020/11/30, 21:21:03.808, 1941493850259, vstest.console.dll, TestEngine: Initializing Parallel Execution as MaxCpuCount is set to: 1
TpTrace Information: 0 : 6912, 1, 2020/11/30, 21:21:03.811, 1941493882003, vstest.console.dll, InferRunSettingsHelper.IsTestSettingsEnabled: Unable to navigate to RunSettings/MSTest. Current node: RunSettings
TpTrace Verbose: 0 : 6912, 1, 2020/11/30, 21:21:03.856, 1941494330741, vstest.console.dll, TestRequestSender is acting as server
TpTrace Verbose: 0 : 6912, 4, 2020/11/30, 21:21:03.869, 1941494463114, vstest.console.dll, DataCollectionRequestSender.InitializeCommunication : Initialize communication. 
TpTrace Information: 0 : 6912, 4, 2020/11/30, 21:21:03.919, 1941494960517, vstest.console.dll, Listening on Endpoint : 127.0.0.1:2625
TpTrace Verbose: 0 : 6912, 4, 2020/11/30, 21:21:03.948, 1941495254848, vstest.console.dll, DotnetDataCollectionLauncher: Full path of dotnet.exe is C:\Program Files\dotnet\dotnet.exe
TpTrace Verbose: 0 : 6912, 4, 2020/11/30, 21:21:03.949, 1941495261132, vstest.console.dll, DotnetDataCollectionLauncher: Adding  --runtimeconfig "C:\Program Files\dotnet\sdk\5.0.100\datacollector.runtimeconfig.json" in args
TpTrace Verbose: 0 : 6912, 4, 2020/11/30, 21:21:03.949, 1941495264685, vstest.console.dll, DotnetDataCollectionLauncher: Adding  --depsfile "C:\Program Files\dotnet\sdk\5.0.100\datacollector.deps.json" in args
TpTrace Information: 0 : 6912, 4, 2020/11/30, 21:21:03.971, 1941495485283, vstest.console.dll, ProxyDataCollectionManager.Initialize: Launched datacollector processId: 17668 port: 2625
TpTrace Information: 0 : 6912, 4, 2020/11/30, 21:21:03.972, 1941495492236, vstest.console.dll, ProxyDataCollectionManager.Initialize: waiting for connection with timeout: 90 seconds
TpTrace Verbose: 0 : 6912, 4, 2020/11/30, 21:21:03.973, 1941495497619, vstest.console.dll, DataCollectionRequestSender.WaitForRequestHandlerConnection : Waiting for connection with timeout: 90000
TpTrace Information: 0 : 6912, 7, 2020/11/30, 21:21:04.287, 1941498636048, vstest.console.dll, Using the buffer size of 16384 bytes
TpTrace Verbose: 0 : 6912, 4, 2020/11/30, 21:21:04.287, 1941498637038, vstest.console.dll, ProxyDataCollectionManager.InvokeDataCollectionServiceAction: Starting.
TpTrace Information: 0 : 6912, 7, 2020/11/30, 21:21:04.287, 1941498639703, vstest.console.dll, Accepted Client request and set the flag
TpTrace Information: 0 : 6912, 4, 2020/11/30, 21:21:04.287, 1941498643292, vstest.console.dll, ProxyDataCollectionManager.BeforeTestRunStart: Get environment variable and port for datacollector processId: 17668 port: 2625
TpTrace Verbose: 0 : 6912, 4, 2020/11/30, 21:21:04.288, 1941498650382, vstest.console.dll, DataCollectionRequestSender.SendBeforeTestRunStartAndGetResult : Send BeforeTestRunStart message with settingsXml <RunSettings><RunConfiguration><ResultsDirectory>C:\Users\berin\source\repos\VVSzadaca2\eParking\Testovi za zadatak 1\bin\Debug\fine-code-coverage\_outputfolder</ResultsDirectory><TargetPlatform>X64</TargetPlatform><TargetFrameworkVersion>.NETCoreApp,Version=v3.1</TargetFrameworkVersion><DesignMode>False</DesignMode><CollectSourceInformation>False</CollectSourceInformation><TestAdaptersPaths>C:\Program Files\dotnet\sdk\5.0.100\Extensions</TestAdaptersPaths></RunConfiguration><LoggerRunSettings><Loggers><Logger friendlyName="blame" enabled="True" /><Logger friendlyName="Console" uri="logger://microsoft/TestPlatform/ConsoleLogger/v1" assemblyQualifiedName="Microsoft.VisualStudio.TestPlatform.CommandLine.Internal.ConsoleLogger, vstest.console, Version=15.0.0.0, Culture=neutral, PublicKeyToken=b03f5f7f11d50a3a" codeBase="C:\Program Files\dotnet\sdk\5.0.100\vstest.console.dll" enabled="True" /></Loggers></LoggerRunSettings><DataCollectionRunSettings><DataCollectors><DataCollector friendlyName="blame" enabled="True"><Configuration><ResultsDirectory>C:\Users\berin\source\repos\VVSzadaca2\eParking\Testovi za zadatak 1\bin\Debug\fine-code-coverage\_outputfolder</ResultsDirectory></Configuration></DataCollector></DataCollectors></DataCollectionRunSettings></RunSettings> and sources System.Linq.Enumerable+Concat2Iterator`1[System.String]: 
TpTrace Verbose: 0 : 6912, 4, 2020/11/30, 21:21:04.439, 1941500156480, vstest.console.dll, DataCollectionRequestSender.SendBeforeTestRunStartAndGetResult : Received message: (DataCollection.SendMessage) -> {
  "FriendlyName": null,
  "Uri": null,
  "TestCaseId": "00000000-0000-0000-0000-000000000000",
  "Message": "Logging DataCollector Diagnostics in file: C:\\Users\\berin\\source\\repos\\VVSzadaca2\\eParking\\Testovi za zadatak 1\\bin\\Debug\\fine-code-coverage\\_outputfolder\\diagnostics.datacollector.20-11-30_21-21-03_94036_4.log",
  "Level": 0
}
TpTrace Verbose: 0 : 6912, 4, 2020/11/30, 21:21:04.566, 1941501433616, vstest.console.dll, DataCollectionRequestSender.SendBeforeTestRunStartAndGetResult : Received message: (DataCollection.BeforeTestRunStartResult) -> {
  "EnvironmentVariables": {},
  "DataCollectionEventsPort": 2627
}
TpTrace Information: 0 : 6912, 4, 2020/11/30, 21:21:04.577, 1941501543015, vstest.console.dll, ProxyDataCollectionManager.BeforeTestRunStart: SendBeforeTestRunStartAndGetResult successful, env variable from datacollector:   and testhost port: 2627
TpTrace Information: 0 : 6912, 4, 2020/11/30, 21:21:04.578, 1941501548810, vstest.console.dll, ProxyDataCollectionManager.InvokeDataCollectionServiceAction: Completed.
TpTrace Verbose: 0 : 6912, 1, 2020/11/30, 21:21:04.578, 1941501554753, vstest.console.dll, TestRunRequest.ExecuteAsync: Creating test run request.
TpTrace Verbose: 0 : 6912, 1, 2020/11/30, 21:21:04.579, 1941501564176, vstest.console.dll, TestRunRequest.ExecuteAsync: Starting.
TpTrace Information: 0 : 6912, 1, 2020/11/30, 21:21:04.580, 1941501572513, vstest.console.dll, TestRunRequest.ExecuteAsync: Starting run with settings:TestRunCriteria:
   KeepAlive=False,FrequencyOfRunStatsChangeEvent=10,RunStatsChangeEventTimeout=00:00:01.5000000,TestCaseFilter=,TestExecutorLauncher=
   Settingsxml=<RunSettings>
  <RunConfiguration>
    <ResultsDirectory>C:\Users\berin\source\repos\VVSzadaca2\eParking\Testovi za zadatak 1\bin\Debug\fine-code-coverage\_outputfolder</ResultsDirectory>
    <TargetPlatform>X64</TargetPlatform>
    <TargetFrameworkVersion>.NETCoreApp,Version=v3.1</TargetFrameworkVersion>
    <DesignMode>False</DesignMode>
    <CollectSourceInformation>False</CollectSourceInformation>
  </RunConfiguration>
  <LoggerRunSettings>
    <Loggers>
      <Logger friendlyName="blame" enabled="True" />
      <Logger friendlyName="Console" uri="logger://microsoft/TestPlatform/ConsoleLogger/v1" assemblyQualifiedName="Microsoft.VisualStudio.TestPlatform.CommandLine.Internal.ConsoleLogger, vstest.console, Version=15.0.0.0, Culture=neutral, PublicKeyToken=b03f5f7f11d50a3a" codeBase="C:\Program Files\dotnet\sdk\5.0.100\vstest.console.dll" enabled="True" />
    </Loggers>
  </LoggerRunSettings>
  <DataCollectionRunSettings>
    <DataCollectors>
      <DataCollector friendlyName="blame" enabled="True">
        <Configuration>
          <ResultsDirectory>C:\Users\berin\source\repos\VVSzadaca2\eParking\Testovi za zadatak 1\bin\Debug\fine-code-coverage\_outputfolder</ResultsDirectory>
        </Configuration>
      </DataCollector>
    </DataCollectors>
  </DataCollectionRunSettings>
</RunSettings>

TpTrace Verbose: 0 : 6912, 1, 2020/11/30, 21:21:04.581, 1941501575906, vstest.console.dll, TestRunRequest.ExecuteAsync: Wait for the first run request is over.
TpTrace Verbose: 0 : 6912, 1, 2020/11/30, 21:21:04.581, 1941501584858, vstest.console.dll, ParallelProxyExecutionManager: Start execution. Total sources: 1
TpTrace Information: 0 : 6912, 1, 2020/11/30, 21:21:04.583, 1941501601057, vstest.console.dll, ProxyParallelExecutionManager: Triggering test run for next source: C:\Users\berin\source\repos\VVSzadaca2\eParking\Testovi za zadatak 1\bin\Debug\fine-code-coverage\Testovi za zadatak 1.dll
TpTrace Verbose: 0 : 6912, 4, 2020/11/30, 21:21:04.584, 1941501608567, vstest.console.dll, ParallelProxyExecutionManager: Execution started. Started clients: 1
TpTrace Verbose: 0 : 6912, 1, 2020/11/30, 21:21:04.584, 1941501609367, vstest.console.dll, ProxyParallelExecutionManager: No sources available for execution.
TpTrace Information: 0 : 6912, 1, 2020/11/30, 21:21:04.585, 1941501617522, vstest.console.dll, TestRunRequest.ExecuteAsync: Started.
TpTrace Verbose: 0 : 6912, 4, 2020/11/30, 21:21:04.585, 1941501618475, vstest.console.dll, TestRunRequest:SendTestRunMessage: Starting.
TpTrace Verbose: 0 : 6912, 1, 2020/11/30, 21:21:04.585, 1941501623287, vstest.console.dll, TestRunRequest.WaitForCompletion: Waiting with timeout -1.
TpTrace Information: 0 : 6912, 4, 2020/11/30, 21:21:04.586, 1941501627516, vstest.console.dll, TestRunRequest:SendTestRunMessage: Completed.
TpTrace Verbose: 0 : 6912, 4, 2020/11/30, 21:21:04.587, 1941501638038, vstest.console.dll, ProxyExecutionManager: Test host is always Lazy initialize.
TpTrace Verbose: 0 : 6912, 4, 2020/11/30, 21:21:04.587, 1941501644664, vstest.console.dll, TestRequestSender.InitializeCommunication: initialize communication. 
TpTrace Information: 0 : 6912, 4, 2020/11/30, 21:21:04.588, 1941501655518, vstest.console.dll, SocketServer.Start: Listening on endpoint : 127.0.0.1:2628
TpTrace Verbose: 0 : 6912, 4, 2020/11/30, 21:21:04.590, 1941501671321, vstest.console.dll, DotnetTestHostmanager: Adding  --runtimeconfig "C:\Users\berin\source\repos\VVSzadaca2\eParking\Testovi za zadatak 1\bin\Debug\fine-code-coverage\Testovi za zadatak 1.runtimeconfig.json" in args
TpTrace Verbose: 0 : 6912, 4, 2020/11/30, 21:21:04.591, 1941501676140, vstest.console.dll, DotnetTestHostmanager: Adding  --depsfile "C:\Users\berin\source\repos\VVSzadaca2\eParking\Testovi za zadatak 1\bin\Debug\fine-code-coverage\Testovi za zadatak 1.deps.json" in args
TpTrace Information: 0 : 6912, 4, 2020/11/30, 21:21:04.591, 1941501684547, vstest.console.dll, AssemblyResolver.OnResolve: Microsoft.Extensions.DependencyModel: Resolving assembly.
TpTrace Information: 0 : 6912, 4, 2020/11/30, 21:21:04.593, 1941501704105, vstest.console.dll, AssemblyResolver.OnResolve: Resolved assembly: Microsoft.Extensions.DependencyModel, from path: C:\Program Files\dotnet\sdk\5.0.100\Microsoft.Extensions.DependencyModel.dll
TpTrace Verbose: 0 : 6912, 4, 2020/11/30, 21:21:04.594, 1941501712243, vstest.console.dll, DotnetTestHostmanager: Reading file C:\Users\berin\source\repos\VVSzadaca2\eParking\Testovi za zadatak 1\bin\Debug\fine-code-coverage\Testovi za zadatak 1.deps.json to get path of testhost.dll
TpTrace Verbose: 0 : 6912, 4, 2020/11/30, 21:21:04.646, 1941502228071, vstest.console.dll, DotnetTestHostmanager: Relative path of testhost.dll with respect to package folder is microsoft.testplatform.testhost/16.2.0\lib/netstandard1.5/testhost.dll
TpTrace Verbose: 0 : 6912, 4, 2020/11/30, 21:21:04.648, 1941502251398, vstest.console.dll, DotnetTestHostmanager: Looking for path microsoft.testplatform.testhost/16.2.0\lib/netstandard1.5/testhost.dll in folder C:\Users\berin\.dotnet\store\|arch|\|tfm|
TpTrace Verbose: 0 : 6912, 4, 2020/11/30, 21:21:04.649, 1941502258797, vstest.console.dll, DotnetTestHostmanager: Looking for path microsoft.testplatform.testhost/16.2.0\lib/netstandard1.5/testhost.dll in folder C:\Users\berin\.nuget\packages
TpTrace Verbose: 0 : 6912, 4, 2020/11/30, 21:21:04.650, 1941502271711, vstest.console.dll, DotnetTestHostmanager: Full path of testhost.dll is C:\Users\berin\.nuget\packages\microsoft.testplatform.testhost/16.2.0\lib/netstandard1.5/testhost.dll
TpTrace Verbose: 0 : 6912, 4, 2020/11/30, 21:21:04.650, 1941502275144, vstest.console.dll, DotnetTestHostmanager: Full path of host exe is C:\Program Files\dotnet\dotnet.exe
TpTrace Verbose: 0 : 6912, 6, 2020/11/30, 21:21:04.652, 1941502292379, vstest.console.dll, DotnetTestHostManager: Starting process 'C:\Program Files\dotnet\dotnet.exe' with command line 'exec --runtimeconfig "C:\Users\berin\source\repos\VVSzadaca2\eParking\Testovi za zadatak 1\bin\Debug\fine-code-coverage\Testovi za zadatak 1.runtimeconfig.json" --depsfile "C:\Users\berin\source\repos\VVSzadaca2\eParking\Testovi za zadatak 1\bin\Debug\fine-code-coverage\Testovi za zadatak 1.deps.json" "C:\Users\berin\.nuget\packages\microsoft.testplatform.testhost/16.2.0\lib/netstandard1.5/testhost.dll" --port 2628 --endpoint 127.0.0.1:02628 --role client --parentprocessid 6912 --diag "C:\Users\berin\source\repos\VVSzadaca2\eParking\Testovi za zadatak 1\bin\Debug\fine-code-coverage\_outputfolder\diagnostics.host.20-11-30_21-21-04_58991_4.log" --tracelevel 4 --datacollectionport 2627 --telemetryoptedin false'
TpTrace Verbose: 0 : 6912, 6, 2020/11/30, 21:21:04.668, 1941502452821, vstest.console.dll, Test Runtime launched
TpTrace Verbose: 0 : 6912, 4, 2020/11/30, 21:21:04.670, 1941502471684, vstest.console.dll, TestRequestSender.WaitForRequestHandlerConnection: waiting for connection with timeout: 90000
TpTrace Verbose: 0 : 6912, 13, 2020/11/30, 21:21:05.048, 1941506254405, vstest.console.dll, SocketServer.OnClientConnected: Client connected for endPoint: 127.0.0.1:2628, starting MessageLoopAsync:
TpTrace Verbose: 0 : 6912, 14, 2020/11/30, 21:21:05.050, 1941506272528, vstest.console.dll, TcpClientExtensions.MessageLoopAsync: Polling on remoteEndPoint: 127.0.0.1:2630 localEndPoint: 127.0.0.1:2628
TpTrace Verbose: 0 : 6912, 14, 2020/11/30, 21:21:05.432, 1941510086660, vstest.console.dll, TcpClientExtensions.MessageLoopAsync: NotifyDataAvailable remoteEndPoint: 127.0.0.1:2630 localEndPoint: 127.0.0.1:2628
TpTrace Verbose: 0 : 6912, 14, 2020/11/30, 21:21:05.432, 1941510092463, vstest.console.dll, TestRequestSender.CheckVersionWithTestHost: onMessageReceived received message: (ProtocolVersion) -> 2
TpTrace Verbose: 0 : 6912, 14, 2020/11/30, 21:21:05.433, 1941510100710, vstest.console.dll, TcpClientExtensions.MessageLoopAsync: Polling on remoteEndPoint: 127.0.0.1:2630 localEndPoint: 127.0.0.1:2628
TpTrace Verbose: 0 : 6912, 4, 2020/11/30, 21:21:05.433, 1941510102625, vstest.console.dll, TestPluginCache.GetExtensionPaths: Filtered extension paths: 
TpTrace Verbose: 0 : 6912, 4, 2020/11/30, 21:21:05.434, 1941510106615, vstest.console.dll, TestPluginCache.GetExtensionPaths: Added default extension paths: C:\Program Files\dotnet\sdk\5.0.100\Extensions\Microsoft.Diagnostics.NETCore.Client.dll
C:\Program Files\dotnet\sdk\5.0.100\Extensions\Microsoft.TestPlatform.Extensions.BlameDataCollector.dll
C:\Program Files\dotnet\sdk\5.0.100\Extensions\Microsoft.TestPlatform.Extensions.EventLogCollector.dll
C:\Program Files\dotnet\sdk\5.0.100\Extensions\Microsoft.TestPlatform.TestHostRuntimeProvider.dll
C:\Program Files\dotnet\sdk\5.0.100\Extensions\Microsoft.VisualStudio.TestPlatform.Extensions.Html.TestLogger.dll
C:\Program Files\dotnet\sdk\5.0.100\Extensions\Microsoft.VisualStudio.TestPlatform.Extensions.Trx.TestLogger.dll
TpTrace Verbose: 0 : 6912, 4, 2020/11/30, 21:21:05.434, 1941510108685, vstest.console.dll, TestPluginCache.GetExtensionPaths: Added unfilterableExtensionPaths: 
TpTrace Verbose: 0 : 6912, 4, 2020/11/30, 21:21:05.439, 1941510157057, vstest.console.dll, TestRequestSender.InitializeExecution: Sending initializing execution with message: {"Version":2,"MessageType":"TestExecution.Initialize","Payload":["C:\\Users\\berin\\source\\repos\\VVSzadaca2\\eParking\\Testovi za zadatak 1\\bin\\Debug\\fine-code-coverage\\Microsoft.VisualStudio.TestPlatform.MSTest.TestAdapter.dll"]}
TpTrace Verbose: 0 : 6912, 4, 2020/11/30, 21:21:05.450, 1941510267683, vstest.console.dll, TestRequestSender.StartTestRun: Sending test run with message: {"Version":2,"MessageType":"TestExecution.StartWithSources","Payload":{"AdapterSourceMap":{"_none_":["C:\\Users\\berin\\source\\repos\\VVSzadaca2\\eParking\\Testovi za zadatak 1\\bin\\Debug\\fine-code-coverage\\Testovi za zadatak 1.dll"]},"RunSettings":"<RunSettings>\r\n  <RunConfiguration>\r\n    <ResultsDirectory>C:\\Users\\berin\\source\\repos\\VVSzadaca2\\eParking\\Testovi za zadatak 1\\bin\\Debug\\fine-code-coverage\\_outputfolder</ResultsDirectory>\r\n    <TargetPlatform>X64</TargetPlatform>\r\n    <TargetFrameworkVersion>.NETCoreApp,Version=v3.1</TargetFrameworkVersion>\r\n    <DesignMode>False</DesignMode>\r\n    <CollectSourceInformation>False</CollectSourceInformation>\r\n  </RunConfiguration>\r\n  <LoggerRunSettings>\r\n    <Loggers>\r\n      <Logger friendlyName=\"blame\" enabled=\"True\" />\r\n      <Logger friendlyName=\"Console\" uri=\"logger://microsoft/TestPlatform/ConsoleLogger/v1\" assemblyQualifiedName=\"Microsoft.VisualStudio.TestPlatform.CommandLine.Internal.ConsoleLogger, vstest.console, Version=15.0.0.0, Culture=neutral, PublicKeyToken=b03f5f7f11d50a3a\" codeBase=\"C:\\Program Files\\dotnet\\sdk\\5.0.100\\vstest.console.dll\" enabled=\"True\" />\r\n    </Loggers>\r\n  </LoggerRunSettings>\r\n  <DataCollectionRunSettings>\r\n    <DataCollectors>\r\n      <DataCollector friendlyName=\"blame\" enabled=\"True\">\r\n        <Configuration>\r\n          <ResultsDirectory>C:\\Users\\berin\\source\\repos\\VVSzadaca2\\eParking\\Testovi za zadatak 1\\bin\\Debug\\fine-code-coverage\\_outputfolder</ResultsDirectory>\r\n        </Configuration>\r\n      </DataCollector>\r\n    </DataCollectors>\r\n  </DataCollectionRunSettings>\r\n</RunSettings>","TestExecutionContext":{"FrequencyOfRunStatsChangeEvent":10,"RunStatsChangeEventTimeout":"00:00:01.5000000","InIsolation":false,"KeepAlive":false,"AreTestCaseLevelEventsRequired":false,"IsDebug":false,"TestCaseFilter":null,"FilterOptions":null},"Package":null}}
TpTrace Verbose: 0 : 6912, 14, 2020/11/30, 21:21:05.452, 1941510294426, vstest.console.dll, TcpClientExtensions.MessageLoopAsync: NotifyDataAvailable remoteEndPoint: 127.0.0.1:2630 localEndPoint: 127.0.0.1:2628
TpTrace Verbose: 0 : 6912, 14, 2020/11/30, 21:21:05.453, 1941510297960, vstest.console.dll, TestRequestSender.OnExecutionMessageReceived: Received message: {"Version":2,"MessageType":"TestSession.Message","Payload":{"MessageLevel":0,"Message":"Logging TestHost Diagnostics in file: C:\\Users\\berin\\source\\repos\\VVSzadaca2\\eParking\\Testovi za zadatak 1\\bin\\Debug\\fine-code-coverage\\_outputfolder\\diagnostics.host.20-11-30_21-21-04_58991_4.log"}}
TpTrace Verbose: 0 : 6912, 14, 2020/11/30, 21:21:05.456, 1941510327146, vstest.console.dll, TestRunRequest:SendTestRunMessage: Starting.
TpTrace Information: 0 : 6912, 14, 2020/11/30, 21:21:05.456, 1941510330580, vstest.console.dll, TestRunRequest:SendTestRunMessage: Completed.
TpTrace Verbose: 0 : 6912, 14, 2020/11/30, 21:21:05.456, 1941510334018, vstest.console.dll, TcpClientExtensions.MessageLoopAsync: Polling on remoteEndPoint: 127.0.0.1:2630 localEndPoint: 127.0.0.1:2628
TpTrace Verbose: 0 : 6912, 14, 2020/11/30, 21:21:06.458, 1941520346082, vstest.console.dll, TcpClientExtensions.MessageLoopAsync: Polling on remoteEndPoint: 127.0.0.1:2630 localEndPoint: 127.0.0.1:2628
TpTrace Verbose: 0 : 6912, 14, 2020/11/30, 21:21:06.541, 1941521183869, vstest.console.dll, TcpClientExtensions.MessageLoopAsync: NotifyDataAvailable remoteEndPoint: 127.0.0.1:2630 localEndPoint: 127.0.0.1:2628
TpTrace Verbose: 0 : 6912, 14, 2020/11/30, 21:21:06.543, 1941521200065, vstest.console.dll, TestRequestSender.OnExecutionMessageReceived: Received message: {"Version":2,"MessageType":"TestExecution.Completed","Payload":{"TestRunCompleteArgs":{"TestRunStatistics":{"ExecutedTests":9,"Stats":{"Passed":5,"Failed":4}},"IsCanceled":false,"IsAborted":false,"Error":null,"AttachmentSets":[],"ElapsedTimeInRunningTests":"00:00:00.7257249","Metrics":{}},"LastRunTests":{"NewTestResults":[{"TestCase":{"Id":"781dc7d7-8fb4-525e-b582-cc4e3cbec6ff","FullyQualifiedName":"Testovi_za_zadatak_1.UnitTest1.TestUpjesnogLogovanjaPrviPut","DisplayName":"TestUpjesnogLogovanjaPrviPut","ExecutorUri":"executor://MSTestAdapter/v2","Source":"C:\\Users\\berin\\source\\repos\\VVSzadaca2\\eParking\\Testovi za zadatak 1\\bin\\Debug\\fine-code-coverage\\Testovi za zadatak 1.dll","CodeFilePath":null,"LineNumber":-1,"Properties":[{"Key":{"Id":"MSTestDiscoverer.TestClassName","Label":"ClassName","Category":"","Description":"","Attributes":1,"ValueType":"System.String"},"Value":"Testovi_za_zadatak_1.UnitTest1"},{"Key":{"Id":"TestObject.Traits","Label":"Traits","Category":"","Description":"","Attributes":5,"ValueType":"System.Collections.Generic.KeyValuePair`2[[System.String],[System.String]][]"},"Value":[]}]},"Attachments":[],"Outcome":1,"ErrorMessage":null,"ErrorStackTrace":null,"DisplayName":null,"Messages":[],"ComputerName":null,"Duration":"00:00:00.0452160","StartTime":"2020-11-30T21:21:06.0216914+01:00","EndTime":"2020-11-30T21:21:06.1403489+01:00","Properties":[{"Key":{"Id":"ExecutionId","Label":"ExecutionId","Category":"","Description":"","Attributes":1,"ValueType":"System.Guid"},"Value":"00000000-0000-0000-0000-000000000000"},{"Key":{"Id":"ParentExecId","Label":"ParentExecId","Category":"","Description":"","Attributes":1,"ValueType":"System.Guid"},"Value":"00000000-0000-0000-0000-000000000000"},{"Key":{"Id":"InnerResultsCount","Label":"InnerResultsCount","Category":"","Description":"","Attributes":1,"ValueType":"System.Int32"},"Value":0}]},{"TestCase":{"Id":"194a2042-c737-7d8d-0412-a82cbea53d52","FullyQualifiedName":"Testovi_za_zadatak_1.UnitTest1.TestNeuspjesnogLogovanja","DisplayName":"TestNeuspjesnogLogovanja","ExecutorUri":"executor://MSTestAdapter/v2","Source":"C:\\Users\\berin\\source\\repos\\VVSzadaca2\\eParking\\Testovi za zadatak 1\\bin\\Debug\\fine-code-coverage\\Testovi za zadatak 1.dll","CodeFilePath":null,"LineNumber":-1,"Properties":[{"Key":{"Id":"MSTestDiscoverer.TestClassName","Label":"ClassName","Category":"","Description":"","Attributes":1,"ValueType":"System.String"},"Value":"Testovi_za_zadatak_1.UnitTest1"},{"Key":{"Id":"TestObject.Traits","Label":"Traits","Category":"","Description":"","Attributes":5,"ValueType":"System.Collections.Generic.KeyValuePair`2[[System.String],[System.String]][]"},"Value":[]}]},"Attachments":[],"Outcome":1,"ErrorMessage":null,"ErrorStackTrace":null,"DisplayName":null,"Messages":[],"ComputerName":null,"Duration":"00:00:00.0007593","StartTime":"2020-11-30T21:21:06.2021923+01:00","EndTime":"2020-11-30T21:21:06.2036882+01:00","Properties":[{"Key":{"Id":"ExecutionId","Label":"ExecutionId","Category":"","Description":"","Attributes":1,"ValueType":"System.Guid"},"Value":"00000000-0000-0000-0000-000000000000"},{"Key":{"Id":"ParentExecId","Label":"ParentExecId","Category":"","Description":"","Attributes":1,"ValueType":"System.Guid"},"Value":"00000000-0000-0000-0000-000000000000"},{"Key":{"Id":"InnerResultsCount","Label":"InnerResultsCount","Category":"","Description":"","Attributes":1,"ValueType":"System.Int32"},"Value":0}]},{"TestCase":{"Id":"ec6ccc20-1316-af6a-d68a-73e847cc9d5d","FullyQualifiedName":"Testovi_za_zadatak_1.UnitTest2.TestRezervacijeSaIsteklomClanarinom","DisplayName":"TestRezervacijeSaIsteklomClanarinom","ExecutorUri":"executor://MSTestAdapter/v2","Source":"C:\\Users\\berin\\source\\repos\\VVSzadaca2\\eParking\\Testovi za zadatak 1\\bin\\Debug\\fine-code-coverage\\Testovi za zadatak 1.dll","CodeFilePath":null,"LineNumber":-1,"Properties":[{"Key":{"Id":"MSTestDiscoverer.TestClassName","Label":"ClassName","Category":"","Description":"","Attributes":1,"ValueType":"System.String"},"Value":"Testovi_za_zadatak_1.UnitTest2"},{"Key":{"Id":"TestObject.Traits","Label":"Traits","Category":"","Description":"","Attributes":5,"ValueType":"System.Collections.Generic.KeyValuePair`2[[System.String],[System.String]][]"},"Value":[]}]},"Attachments":[],"Outcome":1,"ErrorMessage":null,"ErrorStackTrace":null,"DisplayName":null,"Messages":[],"ComputerName":null,"Duration":"00:00:00.0104386","StartTime":"2020-11-30T21:21:06.2192435+01:00","EndTime":"2020-11-30T21:21:06.2386301+01:00","Properties":[{"Key":{"Id":"ExecutionId","Label":"ExecutionId","Category":"","Description":"","Attributes":1,"ValueType":"System.Guid"},"Value":"00000000-0000-0000-0000-000000000000"},{"Key":{"Id":"ParentExecId","Label":"ParentExecId","Category":"","Description":"","Attributes":1,"ValueType":"System.Guid"},"Value":"00000000-0000-0000-0000-000000000000"},{"Key":{"Id":"InnerResultsCount","Label":"InnerResultsCount","Category":"","Description":"","Attributes":1,"ValueType":"System.Int32"},"Value":0}]},{"TestCase":{"Id":"73c779c6-8673-de7a-082e-4cdd59256d16","FullyQualifiedName":"Testovi_za_zadatak_1.UnitTest2.TestUspjesneRezervacije","DisplayName":"TestUspjesneRezervacije","ExecutorUri":"executor://MSTestAdapter/v2","Source":"C:\\Users\\berin\\source\\repos\\VVSzadaca2\\eParking\\Testovi za zadatak 1\\bin\\Debug\\fine-code-coverage\\Testovi za zadatak 1.dll","CodeFilePath":null,"LineNumber":-1,"Properties":[{"Key":{"Id":"MSTestDiscoverer.TestClassName","Label":"ClassName","Category":"","Description":"","Attributes":1,"ValueType":"System.String"},"Value":"Testovi_za_zadatak_1.UnitTest2"},{"Key":{"Id":"TestObject.Traits","Label":"Traits","Category":"","Description":"","Attributes":5,"ValueType":"System.Collections.Generic.KeyValuePair`2[[System.String],[System.String]][]"},"Value":[]}]},"Attachments":[],"Outcome":1,"ErrorMessage":null,"ErrorStackTrace":null,"DisplayName":null,"Messages":[],"ComputerName":null,"Duration":"00:00:00.0046477","StartTime":"2020-11-30T21:21:06.2551618+01:00","EndTime":"2020-11-30T21:21:06.2604228+01:00","Properties":[{"Key":{"Id":"ExecutionId","Label":"ExecutionId","Category":"","Description":"","Attributes":1,"ValueType":"System.Guid"},"Value":"00000000-0000-0000-0000-000000000000"},{"Key":{"Id":"ParentExecId","Label":"ParentExecId","Category":"","Description":"","Attributes":1,"ValueType":"System.Guid"},"Value":"00000000-0000-0000-0000-000000000000"},{"Key":{"Id":"InnerResultsCount","Label":"InnerResultsCount","Category":"","Description":"","Attributes":1,"ValueType":"System.Int32"},"Value":0}]},{"TestCase":{"Id":"2216986d-83f6-cc4d-23a0-b8a0fd6ee0ea","FullyQualifiedName":"Testovi_za_zadatak_1.UnitTest2.TestPonovneRezervacije","DisplayName":"TestPonovneRezervacije","ExecutorUri":"executor://MSTestAdapter/v2","Source":"C:\\Users\\berin\\source\\repos\\VVSzadaca2\\eParking\\Testovi za zadatak 1\\bin\\Debug\\fine-code-coverage\\Testovi za zadatak 1.dll","CodeFilePath":null,"LineNumber":-1,"Properties":[{"Key":{"Id":"MSTestDiscoverer.TestClassName","Label":"ClassName","Category":"","Description":"","Attributes":1,"ValueType":"System.String"},"Value":"Testovi_za_zadatak_1.UnitTest2"},{"Key":{"Id":"TestObject.Traits","Label":"Traits","Category":"","Description":"","Attributes":5,"ValueType":"System.Collections.Generic.KeyValuePair`2[[System.String],[System.String]][]"},"Value":[]}]},"Attachments":[],"Outcome":1,"ErrorMessage":null,"ErrorStackTrace":null,"DisplayName":null,"Messages":[],"ComputerName":null,"Duration":"00:00:00.0021251","StartTime":"2020-11-30T21:21:06.2833862+01:00","EndTime":"2020-11-30T21:21:06.286369+01:00","Properties":[{"Key":{"Id":"ExecutionId","Label":"ExecutionId","Category":"","Description":"","Attributes":1,"ValueType":"System.Guid"},"Value":"00000000-0000-0000-0000-000000000000"},{"Key":{"Id":"ParentExecId","Label":"ParentExecId","Category":"","Description":"","Attributes":1,"ValueType":"System.Guid"},"Value":"00000000-0000-0000-0000-000000000000"},{"Key":{"Id":"InnerResultsCount","Label":"InnerResultsCount","Category":"","Description":"","Attributes":1,"ValueType":"System.Int32"},"Value":0}]},{"TestCase":{"Id":"0bac892f-0a3f-6144-bcb8-ba2b3969567e","FullyQualifiedName":"Testovi_za_zadatak_1.UnitTestParking.TestUspjesneRezervacije","DisplayName":"TestUspjesneRezervacije","ExecutorUri":"executor://MSTestAdapter/v2","Source":"C:\\Users\\berin\\source\\repos\\VVSzadaca2\\eParking\\Testovi za zadatak 1\\bin\\Debug\\fine-code-coverage\\Testovi za zadatak 1.dll","CodeFilePath":null,"LineNumber":-1,"Properties":[{"Key":{"Id":"MSTestDiscoverer.TestClassName","Label":"ClassName","Category":"","Description":"","Attributes":1,"ValueType":"System.String"},"Value":"Testovi_za_zadatak_1.UnitTestParking"},{"Key":{"Id":"TestObject.Traits","Label":"Traits","Category":"","Description":"","Attributes":5,"ValueType":"System.Collections.Generic.KeyValuePair`2[[System.String],[System.String]][]"},"Value":[]}]},"Attachments":[],"Outcome":2,"ErrorMessage":"Method Testovi_za_zadatak_1.UnitTestParking.Inicijalizacija has wrong signature. The method must be non-static, public, does not return a value and should not take any parameter. Additionally, if you are using async-await in method then return-type must be Task.","ErrorStackTrace":null,"DisplayName":null,"Messages":[],"ComputerName":null,"Duration":"00:00:00","StartTime":"2020-11-30T21:21:06.3011563+01:00","EndTime":"2020-11-30T21:21:06.3089823+01:00","Properties":[{"Key":{"Id":"ExecutionId","Label":"ExecutionId","Category":"","Description":"","Attributes":1,"ValueType":"System.Guid"},"Value":"00000000-0000-0000-0000-000000000000"},{"Key":{"Id":"ParentExecId","Label":"ParentExecId","Category":"","Description":"","Attributes":1,"ValueType":"System.Guid"},"Value":"00000000-0000-0000-0000-000000000000"},{"Key":{"Id":"InnerResultsCount","Label":"InnerResultsCount","Category":"","Description":"","Attributes":1,"ValueType":"System.Int32"},"Value":0}]},{"TestCase":{"Id":"e937f6e7-1012-ddae-bbe5-8e9e3e17562b","FullyQualifiedName":"Testovi_za_zadatak_1.UnitTestParking.TestRezervacijeKorisnikNijeClan","DisplayName":"TestRezervacijeKorisnikNijeClan","ExecutorUri":"executor://MSTestAdapter/v2","Source":"C:\\Users\\berin\\source\\repos\\VVSzadaca2\\eParking\\Testovi za zadatak 1\\bin\\Debug\\fine-code-coverage\\Testovi za zadatak 1.dll","CodeFilePath":null,"LineNumber":-1,"Properties":[{"Key":{"Id":"MSTestDiscoverer.TestClassName","Label":"ClassName","Category":"","Description":"","Attributes":1,"ValueType":"System.String"},"Value":"Testovi_za_zadatak_1.UnitTestParking"},{"Key":{"Id":"TestObject.Traits","Label":"Traits","Category":"","Description":"","Attributes":5,"ValueType":"System.Collections.Generic.KeyValuePair`2[[System.String],[System.String]][]"},"Value":[]}]},"Attachments":[],"Outcome":2,"ErrorMessage":"Method Testovi_za_zadatak_1.UnitTestParking.Inicijalizacija has wrong signature. The method must be non-static, public, does not return a value and should not take any parameter. Additionally, if you are using async-await in method then return-type must be Task.","ErrorStackTrace":null,"DisplayName":null,"Messages":[],"ComputerName":null,"Duration":"00:00:00","StartTime":"2020-11-30T21:21:06.3254506+01:00","EndTime":"2020-11-30T21:21:06.3260401+01:00","Properties":[{"Key":{"Id":"ExecutionId","Label":"ExecutionId","Category":"","Description":"","Attributes":1,"ValueType":"System.Guid"},"Value":"00000000-0000-0000-0000-000000000000"},{"Key":{"Id":"ParentExecId","Label":"ParentExecId","Category":"","Description":"","Attributes":1,"ValueType":"System.Guid"},"Value":"00000000-0000-0000-0000-000000000000"},{"Key":{"Id":"InnerResultsCount","Label":"InnerResultsCount","Category":"","Description":"","Attributes":1,"ValueType":"System.Int32"},"Value":0}]},{"TestCase":{"Id":"31a3e1a7-4a46-bcff-fffd-c17599d73a1d","FullyQualifiedName":"Testovi_za_zadatak_1.UnitTestParking.TestRezervacijeKorisnikVecRezervisao","DisplayName":"TestRezervacijeKorisnikVecRezervisao","ExecutorUri":"executor://MSTestAdapter/v2","Source":"C:\\Users\\berin\\source\\repos\\VVSzadaca2\\eParking\\Testovi za zadatak 1\\bin\\Debug\\fine-code-coverage\\Testovi za zadatak 1.dll","CodeFilePath":null,"LineNumber":-1,"Properties":[{"Key":{"Id":"MSTestDiscoverer.TestClassName","Label":"ClassName","Category":"","Description":"","Attributes":1,"ValueType":"System.String"},"Value":"Testovi_za_zadatak_1.UnitTestParking"},{"Key":{"Id":"TestObject.Traits","Label":"Traits","Category":"","Description":"","Attributes":5,"ValueType":"System.Collections.Generic.KeyValuePair`2[[System.String],[System.String]][]"},"Value":[]}]},"Attachments":[],"Outcome":2,"ErrorMessage":"Method Testovi_za_zadatak_1.UnitTestParking.Inicijalizacija has wrong signature. The method must be non-static, public, does not return a value and should not take any parameter. Additionally, if you are using async-await in method then return-type must be Task.","ErrorStackTrace":null,"DisplayName":null,"Messages":[],"ComputerName":null,"Duration":"00:00:00","StartTime":"2020-11-30T21:21:06.3382613+01:00","EndTime":"2020-11-30T21:21:06.3388159+01:00","Properties":[{"Key":{"Id":"ExecutionId","Label":"ExecutionId","Category":"","Description":"","Attributes":1,"ValueType":"System.Guid"},"Value":"00000000-0000-0000-0000-000000000000"},{"Key":{"Id":"ParentExecId","Label":"ParentExecId","Category":"","Description":"","Attributes":1,"ValueType":"System.Guid"},"Value":"00000000-0000-0000-0000-000000000000"},{"Key":{"Id":"InnerResultsCount","Label":"InnerResultsCount","Category":"","Description":"","Attributes":1,"ValueType":"System.Int32"},"Value":0}]},{"TestCase":{"Id":"d7bbe323-4074-ce7b-6b48-8631025af3e1","FullyQualifiedName":"Testovi_za_zadatak_1.UnitTestParking.TestRezervacijeLokacijaZauzeta","DisplayName":"TestRezervacijeLokacijaZauzeta","ExecutorUri":"executor://MSTestAdapter/v2","Source":"C:\\Users\\berin\\source\\repos\\VVSzadaca2\\eParking\\Testovi za zadatak 1\\bin\\Debug\\fine-code-coverage\\Testovi za zadatak 1.dll","CodeFilePath":null,"LineNumber":-1,"Properties":[{"Key":{"Id":"MSTestDiscoverer.TestClassName","Label":"ClassName","Category":"","Description":"","Attributes":1,"ValueType":"System.String"},"Value":"Testovi_za_zadatak_1.UnitTestParking"},{"Key":{"Id":"TestObject.Traits","Label":"Traits","Category":"","Description":"","Attributes":5,"ValueType":"System.Collections.Generic.KeyValuePair`2[[System.String],[System.String]][]"},"Value":[]}]},"Attachments":[],"Outcome":2,"ErrorMessage":"Method Testovi_za_zadatak_1.UnitTestParking.Inicijalizacija has wrong signature. The method must be non-static, public, does not return a value and should not take any parameter. Additionally, if you are using async-await in method then return-type must be Task.","ErrorStackTrace":null,"DisplayName":null,"Messages":[],"ComputerName":null,"Duration":"00:00:00","StartTime":"2020-11-30T21:21:06.3536274+01:00","EndTime":"2020-11-30T21:21:06.3543251+01:00","Properties":[{"Key":{"Id":"ExecutionId","Label":"ExecutionId","Category":"","Description":"","Attributes":1,"ValueType":"System.Guid"},"Value":"00000000-0000-0000-0000-000000000000"},{"Key":{"Id":"ParentExecId","Label":"ParentExecId","Category":"","Description":"","Attributes":1,"ValueType":"System.Guid"},"Value":"00000000-0000-0000-0000-000000000000"},{"Key":{"Id":"InnerResultsCount","Label":"InnerResultsCount","Category":"","Description":"","Attributes":1,"ValueType":"System.Int32"},"Value":0}]}],"TestRunStatistics":{"ExecutedTests":9,"Stats":{"Passed":5,"Failed":4}},"ActiveTests":[]},"RunAttachments":[],"ExecutorUris":["executor://mstestadapter/v2"]}}
TpTrace Verbose: 0 : 6912, 14, 2020/11/30, 21:21:06.548, 1941521248753, vstest.console.dll, TestRequestSender.EndSession: Sending end session.
TpTrace Verbose: 0 : 6912, 14, 2020/11/30, 21:21:06.549, 1941521256947, vstest.console.dll, ProxyOperationManager.Close: waiting for test host to exit for 100 ms
TpTrace Warning: 0 : 6912, 12, 2020/11/30, 21:21:06.626, 1941522031637, vstest.console.dll, TestHostManagerCallbacks.ErrorReceivedCallback Test host standard error line: 
TpTrace Verbose: 0 : 6912, 7, 2020/11/30, 21:21:06.641, 1941522175888, vstest.console.dll, TestHostProvider.ExitCallBack: Host exited starting callback.
TpTrace Information: 0 : 6912, 7, 2020/11/30, 21:21:06.642, 1941522189728, vstest.console.dll, TestHostManagerCallbacks.ExitCallBack: Testhost processId: 5356 exited with exitcode: 0 error: ''
TpTrace Verbose: 0 : 6912, 7, 2020/11/30, 21:21:06.642, 1941522193803, vstest.console.dll, DotnetTestHostManager.OnHostExited: invoking OnHostExited callback
TpTrace Verbose: 0 : 6912, 7, 2020/11/30, 21:21:06.643, 1941522197436, vstest.console.dll, CrossPlatEngine.TestHostManagerHostExited: calling on client process exit callback.
TpTrace Information: 0 : 6912, 7, 2020/11/30, 21:21:06.643, 1941522201227, vstest.console.dll, TestRequestSender.OnClientProcessExit: Test host process exited. Standard error: 
TpTrace Warning: 0 : 6912, 14, 2020/11/30, 21:21:06.643, 1941522201227, vstest.console.dll, ProxyOperationManager: Timed out waiting for test host to exit. Will terminate process.
TpTrace Information: 0 : 6912, 7, 2020/11/30, 21:21:06.644, 1941522205729, vstest.console.dll, SocketServer.Stop: Stop server endPoint: 127.0.0.1:2628
TpTrace Information: 0 : 6912, 7, 2020/11/30, 21:21:06.644, 1941522214375, vstest.console.dll, SocketServer.Stop: Cancellation requested. Stopping message loop.
TpTrace Verbose: 0 : 6912, 14, 2020/11/30, 21:21:06.647, 1941522240208, vstest.console.dll, ProxyDataCollectionManager.InvokeDataCollectionServiceAction: Starting.
TpTrace Information: 0 : 6912, 14, 2020/11/30, 21:21:06.647, 1941522244282, vstest.console.dll, ProxyDataCollectionManager.AfterTestRunEnd: Get attachment set for datacollector processId: 17668 port: 2625
TpTrace Verbose: 0 : 6912, 14, 2020/11/30, 21:21:06.648, 1941522248289, vstest.console.dll, DataCollectionRequestSender.SendAfterTestRunStartAndGetResult : Send AfterTestRunEnd message with isCancelled: False
TpTrace Verbose: 0 : 6912, 14, 2020/11/30, 21:21:06.658, 1941522349478, vstest.console.dll, DataCollectionRequestSender.SendAfterTestRunStartAndGetResult : Received message: (DataCollection.SendMessage) -> {
  "FriendlyName": "Blame",
  "Uri": "datacollector://Microsoft/TestPlatform/Extensions/Blame/v1",
  "TestCaseId": "00000000-0000-0000-0000-000000000000",
  "Message": "All tests finished running, Sequence file will not be generated",
  "Level": 1
}
TpTrace Verbose: 0 : 6912, 14, 2020/11/30, 21:21:06.659, 1941522356561, vstest.console.dll, TestRunRequest:SendTestRunMessage: Starting.
TpTrace Information: 0 : 6912, 14, 2020/11/30, 21:21:06.659, 1941522360804, vstest.console.dll, TestRunRequest:SendTestRunMessage: Completed.
TpTrace Verbose: 0 : 6912, 14, 2020/11/30, 21:21:06.661, 1941522381929, vstest.console.dll, DataCollectionRequestSender.SendAfterTestRunStartAndGetResult : Received message: (DataCollection.AfterTestRunEndResult) -> []
TpTrace Information: 0 : 6912, 14, 2020/11/30, 21:21:06.666, 1941522433661, vstest.console.dll, ProxyDataCollectionManager.InvokeDataCollectionServiceAction: Completed.
TpTrace Warning: 0 : 6912, 9, 2020/11/30, 21:21:06.686, 1941522628828, vstest.console.dll, DataCollectionLauncher.ErrorReceivedCallback datacollector standard error line: 
TpTrace Information: 0 : 6912, 7, 2020/11/30, 21:21:06.699, 1941522757280, vstest.console.dll, DataCollectionLauncher.ExitCallBack: Data collector exited with exitcode: 0 error: ''
TpTrace Verbose: 0 : 6912, 14, 2020/11/30, 21:21:06.930, 1941525073590, vstest.console.dll, TestRunRequest:SendTestRunStatsChange: Starting.
TpTrace Information: 0 : 6912, 14, 2020/11/30, 21:21:06.931, 1941525081620, vstest.console.dll, TestRunRequest:SendTestRunStatsChange: Completed.
TpTrace Verbose: 0 : 6912, 14, 2020/11/30, 21:21:06.932, 1941525092489, vstest.console.dll, ParallelProxyExecutionManager: HandlePartialRunComplete: Total completed clients = 1, Run complete = True, Run canceled: False.
TpTrace Verbose: 0 : 6912, 14, 2020/11/30, 21:21:06.977, 1941525536407, vstest.console.dll, TestRunRequest:TestRunComplete: Starting. IsAborted:False IsCanceled:False.
TpTrace Verbose: 0 : 6912, 14, 2020/11/30, 21:21:06.977, 1941525544946, vstest.console.dll, TestLoggerManager.HandleTestRunComplete: Ignoring as the object is disposed.
TpTrace Information: 0 : 6912, 14, 2020/11/30, 21:21:06.978, 1941525555149, vstest.console.dll, TestRunRequest:TestRunComplete: Completed.
TpTrace Verbose: 0 : 6912, 1, 2020/11/30, 21:21:06.979, 1941525556284, vstest.console.dll, TestRunRequest.Dispose: Starting.
TpTrace Verbose: 0 : 6912, 14, 2020/11/30, 21:21:06.979, 1941525560091, vstest.console.dll, TestRequestSender.SetOperationComplete: Setting operation complete.
TpTrace Information: 0 : 6912, 1, 2020/11/30, 21:21:06.979, 1941525565538, vstest.console.dll, TestRunRequest.Dispose: Completed.
TpTrace Information: 0 : 6912, 1, 2020/11/30, 21:21:06.981, 1941525575848, vstest.console.dll, TestRequestManager.RunTests: run tests completed.
TpTrace Information: 0 : 6912, 14, 2020/11/30, 21:21:06.980, 1941525570352, vstest.console.dll, SocketServer.Stop: Stop server endPoint: 127.0.0.1:2628
TpTrace Information: 0 : 6912, 1, 2020/11/30, 21:21:06.981, 1941525581294, vstest.console.dll, RunTestsArgumentProcessor:Execute: Test run is completed.
TpTrace Information: 0 : 6912, 14, 2020/11/30, 21:21:06.981, 1941525584452, vstest.console.dll, SocketServer.Stop: Cancellation requested. Stopping message loop.
TpTrace Verbose: 0 : 6912, 1, 2020/11/30, 21:21:06.982, 1941525588691, vstest.console.dll, Executor.Execute: Exiting with exit code of 1
TpTrace Information: 0 : 6912, 14, 2020/11/30, 21:21:06.982, 1941525592869, vstest.console.dll, SocketServer.PrivateStop: Stop server endPoint: 127.0.0.1:2628 error: 
TpTrace Verbose: 0 : 6912, 14, 2020/11/30, 21:21:06.984, 1941525614985, vstest.console.dll, LengthPrefixCommunicationChannel.Dispose: Dispose reader and writer.
TpTrace Information: 0 : 6912, 14, 2020/11/30, 21:21:07.004, 1941525811327, vstest.console.dll, SocketServer.Stop: Raise disconnected event endPoint: 127.0.0.1:2628 error: 
TpTrace Verbose: 0 : 6912, 14, 2020/11/30, 21:21:07.005, 1941525819203, vstest.console.dll, TestRequestSender: OnTestRunAbort: Operation is already complete. Skip error message.
TpTrace Verbose: 0 : 6912, 14, 2020/11/30, 21:21:07.005, 1941525823630, vstest.console.dll, TcpClientExtensions.MessageLoopAsync: exiting MessageLoopAsync remoteEndPoint: 127.0.0.1:2630 localEndPoint: 127.0.0.1:2628
