TpTrace Information: 0 : 5716, 1, 2020/11/30, 22:19:52.837, 1976846772999, testhost.dll, DefaultEngineInvoker.Invoke: Testhost process started with args :[--port, 3287],[--endpoint, 127.0.0.1:03287],[--role, client],[--parentprocessid, 22164],[--diag, C:\Users\berin\source\repos\VVSzadaca2\eParking\Testovi za zadatak 1\bin\Debug\fine-code-coverage\_outputfolder\diagnostics.host.20-11-30_22-19-52_64969_4.log],[--tracelevel, 4],[--datacollectionport, 3286],[--telemetryoptedin, false]
TpTrace Information: 0 : 5716, 1, 2020/11/30, 22:19:52.844, 1976846804903, testhost.dll, DefaultEngineInvoker.SetParentProcessExitCallback: Monitoring parent process with id: '22164'
TpTrace Information: 0 : 5716, 1, 2020/11/30, 22:19:52.853, 1976846894652, testhost.dll, DefaultEngineInvoker.GetConnectionInfo: Initialize communication on endpoint address: '127.0.0.1:03287'
TpTrace Information: 0 : 5716, 1, 2020/11/30, 22:19:52.872, 1976847081708, testhost.dll, SocketClient.Start: connecting to server endpoint: 127.0.0.1:03287
TpTrace Information: 0 : 5716, 1, 2020/11/30, 22:19:52.877, 1976847137838, testhost.dll, DefaultEngineInvoker.ConnectToDatacollector: Connecting to datacollector, port: 3286
TpTrace Information: 0 : 5716, 6, 2020/11/30, 22:19:52.880, 1976847162035, testhost.dll, SocketClient.OnServerConnected: connected to server endpoint: 127.0.0.1:03287
TpTrace Information: 0 : 5716, 1, 2020/11/30, 22:19:52.881, 1976847177422, testhost.dll, Trying to connect to server on socket : 127.0.0.1:3286 
TpTrace Verbose: 0 : 5716, 1, 2020/11/30, 22:19:52.882, 1976847184485, testhost.dll, SocketCommunicationManager : SetupClientAsync : Attempting to connect to the server.
TpTrace Verbose: 0 : 5716, 6, 2020/11/30, 22:19:52.883, 1976847191478, testhost.dll, Connected to server, and starting MessageLoopAsync
TpTrace Information: 0 : 5716, 9, 2020/11/30, 22:19:52.884, 1976847204181, testhost.dll, Connected to the server successfully 
TpTrace Information: 0 : 5716, 9, 2020/11/30, 22:19:52.884, 1976847206303, testhost.dll, Using the buffer size of 16384 bytes
TpTrace Information: 0 : 5716, 1, 2020/11/30, 22:19:52.885, 1976847215281, testhost.dll, DefaultEngineInvoker.Invoke: Start Request Processing.
TpTrace Verbose: 0 : 5716, 6, 2020/11/30, 22:19:52.886, 1976847221936, testhost.dll, TcpClientExtensions.MessageLoopAsync: Polling on remoteEndPoint: [::ffff:127.0.0.1]:3287 localEndPoint: [::ffff:127.0.0.1]:3288
TpTrace Information: 0 : 5716, 12, 2020/11/30, 22:19:52.886, 1976847225942, testhost.dll, DefaultEngineInvoker.StartProcessingAsync: Connected to vstest.console, Starting process requests.
TpTrace Verbose: 0 : 5716, 6, 2020/11/30, 22:19:52.886, 1976847226677, testhost.dll, TcpClientExtensions.MessageLoopAsync: NotifyDataAvailable remoteEndPoint: [::ffff:127.0.0.1]:3287 localEndPoint: [::ffff:127.0.0.1]:3288
TpTrace Information: 0 : 5716, 6, 2020/11/30, 22:19:53.022, 1976848585961, testhost.dll, TestRequestHandler.ProcessRequests: received message: (ProtocolVersion) -> 3
TpTrace Verbose: 0 : 5716, 6, 2020/11/30, 22:19:53.056, 1976848921328, testhost.dll, TestRequestHandler.SendData:  sending data from testhost: {"Version":2,"MessageType":"TestSession.Message","Payload":{"MessageLevel":0,"Message":"Logging TestHost Diagnostics in file: C:\\Users\\berin\\source\\repos\\VVSzadaca2\\eParking\\Testovi za zadatak 1\\bin\\Debug\\fine-code-coverage\\_outputfolder\\diagnostics.host.20-11-30_22-19-52_64969_4.log"}}
TpTrace Verbose: 0 : 5716, 6, 2020/11/30, 22:19:53.056, 1976848924098, testhost.dll, TcpClientExtensions.MessageLoopAsync: Polling on remoteEndPoint: [::ffff:127.0.0.1]:3287 localEndPoint: [::ffff:127.0.0.1]:3288
TpTrace Verbose: 0 : 5716, 6, 2020/11/30, 22:19:53.056, 1976848926425, testhost.dll, TcpClientExtensions.MessageLoopAsync: NotifyDataAvailable remoteEndPoint: [::ffff:127.0.0.1]:3287 localEndPoint: [::ffff:127.0.0.1]:3288
TpTrace Information: 0 : 5716, 6, 2020/11/30, 22:19:53.060, 1976848966281, testhost.dll, TestRequestHandler.ProcessRequests: received message: (TestExecution.Initialize) -> [
  "C:\\Users\\berin\\source\\repos\\VVSzadaca2\\eParking\\Testovi za zadatak 1\\bin\\Debug\\fine-code-coverage\\Microsoft.VisualStudio.TestPlatform.MSTest.TestAdapter.dll"
]
TpTrace Information: 0 : 5716, 6, 2020/11/30, 22:19:53.061, 1976848969529, testhost.dll, Execution Session Initialize.
TpTrace Verbose: 0 : 5716, 6, 2020/11/30, 22:19:53.068, 1976849045999, testhost.dll, TcpClientExtensions.MessageLoopAsync: Polling on remoteEndPoint: [::ffff:127.0.0.1]:3287 localEndPoint: [::ffff:127.0.0.1]:3288
TpTrace Verbose: 0 : 5716, 6, 2020/11/30, 22:19:53.069, 1976849048496, testhost.dll, TcpClientExtensions.MessageLoopAsync: NotifyDataAvailable remoteEndPoint: [::ffff:127.0.0.1]:3287 localEndPoint: [::ffff:127.0.0.1]:3288
TpTrace Verbose: 0 : 5716, 4, 2020/11/30, 22:19:53.070, 1976849067457, testhost.dll, TestExecutorService: Loading the extensions
TpTrace Information: 0 : 5716, 6, 2020/11/30, 22:19:53.072, 1976849084169, testhost.dll, TestRequestHandler.ProcessRequests: received message: (TestExecution.StartWithSources) -> {
  "AdapterSourceMap": {
    "_none_": [
      "C:\\Users\\berin\\source\\repos\\VVSzadaca2\\eParking\\Testovi za zadatak 1\\bin\\Debug\\fine-code-coverage\\Testovi za zadatak 1.dll"
    ]
  },
  "RunSettings": "<RunSettings>\r\n  <RunConfiguration>\r\n    <ResultsDirectory>C:\\Users\\berin\\source\\repos\\VVSzadaca2\\eParking\\Testovi za zadatak 1\\bin\\Debug\\fine-code-coverage\\_outputfolder</ResultsDirectory>\r\n    <TargetPlatform>X64</TargetPlatform>\r\n    <TargetFrameworkVersion>.NETCoreApp,Version=v3.1</TargetFrameworkVersion>\r\n    <DesignMode>False</DesignMode>\r\n    <CollectSourceInformation>False</CollectSourceInformation>\r\n  </RunConfiguration>\r\n  <LoggerRunSettings>\r\n    <Loggers>\r\n      <Logger friendlyName=\"blame\" enabled=\"True\" />\r\n      <Logger friendlyName=\"Console\" uri=\"logger://microsoft/TestPlatform/ConsoleLogger/v1\" assemblyQualifiedName=\"Microsoft.VisualStudio.TestPlatform.CommandLine.Internal.ConsoleLogger, vstest.console, Version=15.0.0.0, Culture=neutral, PublicKeyToken=b03f5f7f11d50a3a\" codeBase=\"C:\\Program Files\\dotnet\\sdk\\5.0.100\\vstest.console.dll\" enabled=\"True\" />\r\n    </Loggers>\r\n  </LoggerRunSettings>\r\n  <DataCollectionRunSettings>\r\n    <DataCollectors>\r\n      <DataCollector friendlyName=\"blame\" enabled=\"True\">\r\n        <Configuration>\r\n          <ResultsDirectory>C:\\Users\\berin\\source\\repos\\VVSzadaca2\\eParking\\Testovi za zadatak 1\\bin\\Debug\\fine-code-coverage\\_outputfolder</ResultsDirectory>\r\n        </Configuration>\r\n      </DataCollector>\r\n    </DataCollectors>\r\n  </DataCollectionRunSettings>\r\n</RunSettings>",
  "TestExecutionContext": {
    "FrequencyOfRunStatsChangeEvent": 10,
    "RunStatsChangeEventTimeout": "00:00:01.5000000",
    "InIsolation": false,
    "KeepAlive": false,
    "AreTestCaseLevelEventsRequired": false,
    "IsDebug": false,
    "TestCaseFilter": null,
    "FilterOptions": null
  },
  "Package": null
}
TpTrace Information: 0 : 5716, 6, 2020/11/30, 22:19:53.072, 1976849086780, testhost.dll, Execution started.
TpTrace Verbose: 0 : 5716, 4, 2020/11/30, 22:19:53.072, 1976849087320, testhost.dll, TestPluginCache.DiscoverTestExtensions: finding test extensions in assemblies endswith: TestAdapter.dll TPluginInfo: Microsoft.VisualStudio.TestPlatform.Common.ExtensionFramework.Utilities.TestExecutorPluginInformation TExtension: Microsoft.VisualStudio.TestPlatform.ObjectModel.Adapter.ITestExecutor
TpTrace Verbose: 0 : 5716, 4, 2020/11/30, 22:19:53.074, 1976849100037, testhost.dll, TestPluginCache.GetExtensionPaths: Filtered extension paths: 
TpTrace Verbose: 0 : 5716, 4, 2020/11/30, 22:19:53.074, 1976849104928, testhost.dll, TestPluginCache.GetExtensionPaths: Added default extension paths: C:\Users\berin\source\repos\VVSzadaca2\eParking\Testovi za zadatak 1\bin\Debug\fine-code-coverage\Microsoft.VisualStudio.TestPlatform.MSTest.TestAdapter.dll
TpTrace Verbose: 0 : 5716, 4, 2020/11/30, 22:19:53.074, 1976849106681, testhost.dll, TestPluginCache.GetExtensionPaths: Added unfilterableExtensionPaths: 
TpTrace Information: 0 : 5716, 4, 2020/11/30, 22:19:53.077, 1976849132678, testhost.dll, AssemblyResolver.ctor: Creating AssemblyResolver with searchDirectories C:\Users\berin\source\repos\VVSzadaca2\eParking\Testovi za zadatak 1\bin\Debug\fine-code-coverage
TpTrace Verbose: 0 : 5716, 4, 2020/11/30, 22:19:53.079, 1976849155716, testhost.dll, TestPluginCache.DiscoverTestExtensions: Discovering the extensions using extension path.
TpTrace Verbose: 0 : 5716, 4, 2020/11/30, 22:19:53.080, 1976849158424, testhost.dll, TestPluginCache.GetExtensionPaths: Filtered extension paths: 
TpTrace Verbose: 0 : 5716, 4, 2020/11/30, 22:19:53.080, 1976849160057, testhost.dll, TestPluginCache.GetExtensionPaths: Added default extension paths: C:\Users\berin\source\repos\VVSzadaca2\eParking\Testovi za zadatak 1\bin\Debug\fine-code-coverage\Microsoft.VisualStudio.TestPlatform.MSTest.TestAdapter.dll
TpTrace Verbose: 0 : 5716, 4, 2020/11/30, 22:19:53.080, 1976849161615, testhost.dll, TestPluginCache.GetExtensionPaths: Added unfilterableExtensionPaths: 
TpTrace Verbose: 0 : 5716, 4, 2020/11/30, 22:19:53.080, 1976849163451, testhost.dll, TestPluginCache.DiscoverTestExtensions: Discovering the extensions using allExtensionPaths: C:\Users\berin\source\repos\VVSzadaca2\eParking\Testovi za zadatak 1\bin\Debug\fine-code-coverage\Microsoft.VisualStudio.TestPlatform.MSTest.TestAdapter.dll
TpTrace Information: 0 : 5716, 4, 2020/11/30, 22:19:53.081, 1976849174893, testhost.dll, AssemblyResolver.AddSearchDirectories: Adding more searchDirectories C:\Users\berin\source\repos\VVSzadaca2\eParking\Testovi za zadatak 1\bin\Debug\fine-code-coverage
TpTrace Information: 0 : 5716, 4, 2020/11/30, 22:19:53.087, 1976849233153, testhost.dll, AssemblyResolver.OnResolve: Microsoft.VisualStudio.TestPlatform.MSTest.TestAdapter: Resolving assembly.
TpTrace Information: 0 : 5716, 4, 2020/11/30, 22:19:53.089, 1976849253325, testhost.dll, AssemblyResolver.OnResolve: Resolved assembly: Microsoft.VisualStudio.TestPlatform.MSTest.TestAdapter, from path: C:\Users\berin\source\repos\VVSzadaca2\eParking\Testovi za zadatak 1\bin\Debug\fine-code-coverage\Microsoft.VisualStudio.TestPlatform.MSTest.TestAdapter.dll
TpTrace Information: 0 : 5716, 4, 2020/11/30, 22:19:53.092, 1976849278854, testhost.dll, AssemblyResolver.OnResolve: Microsoft.VisualStudio.TestPlatform.MSTestAdapter.PlatformServices.Interface: Resolving assembly.
TpTrace Information: 0 : 5716, 4, 2020/11/30, 22:19:53.092, 1976849286457, testhost.dll, AssemblyResolver.OnResolve: Resolved assembly: Microsoft.VisualStudio.TestPlatform.MSTestAdapter.PlatformServices.Interface, from path: C:\Users\berin\source\repos\VVSzadaca2\eParking\Testovi za zadatak 1\bin\Debug\fine-code-coverage\Microsoft.VisualStudio.TestPlatform.MSTestAdapter.PlatformServices.Interface.dll
TpTrace Information: 0 : 5716, 4, 2020/11/30, 22:19:53.093, 1976849290716, testhost.dll, AssemblyResolver.OnResolve: Microsoft.VisualStudio.TestPlatform.MSTestAdapter.PlatformServices: Resolving assembly.
TpTrace Information: 0 : 5716, 4, 2020/11/30, 22:19:53.093, 1976849298273, testhost.dll, AssemblyResolver.OnResolve: Resolved assembly: Microsoft.VisualStudio.TestPlatform.MSTestAdapter.PlatformServices, from path: C:\Users\berin\source\repos\VVSzadaca2\eParking\Testovi za zadatak 1\bin\Debug\fine-code-coverage\Microsoft.VisualStudio.TestPlatform.MSTestAdapter.PlatformServices.dll
TpTrace Verbose: 0 : 5716, 4, 2020/11/30, 22:19:53.098, 1976849344575, testhost.dll, TestPluginCache: Discovered the extensions using extension path ''.
TpTrace Verbose: 0 : 5716, 4, 2020/11/30, 22:19:53.099, 1976849350683, testhost.dll, TestPluginCache: Discoverers are ''.
TpTrace Verbose: 0 : 5716, 4, 2020/11/30, 22:19:53.099, 1976849353064, testhost.dll, TestPluginCache: Executors are 'executor://MSTestAdapter/v2'.
TpTrace Verbose: 0 : 5716, 4, 2020/11/30, 22:19:53.099, 1976849355225, testhost.dll, TestPluginCache: Setting providers are ''.
TpTrace Verbose: 0 : 5716, 4, 2020/11/30, 22:19:53.099, 1976849357330, testhost.dll, TestPluginCache: Loggers are ''.
TpTrace Verbose: 0 : 5716, 6, 2020/11/30, 22:19:53.100, 1976849365399, testhost.dll, TcpClientExtensions.MessageLoopAsync: Polling on remoteEndPoint: [::ffff:127.0.0.1]:3287 localEndPoint: [::ffff:127.0.0.1]:3288
TpTrace Information: 0 : 5716, 4, 2020/11/30, 22:19:53.107, 1976849436409, testhost.dll, TestPluginManager.CreateTestExtension: Attempting to load test extension: Microsoft.VisualStudio.TestPlatform.MSTest.TestAdapter.MSTestExecutor
TpTrace Verbose: 0 : 5716, 4, 2020/11/30, 22:19:53.112, 1976849486067, testhost.dll, TestExecutorExtensionManager: Loading executor Microsoft.VisualStudio.TestPlatform.MSTest.TestAdapter.MSTestExecutor
TpTrace Verbose: 0 : 5716, 4, 2020/11/30, 22:19:53.113, 1976849488288, testhost.dll, TestExecutorService: Loaded the executors
TpTrace Verbose: 0 : 5716, 4, 2020/11/30, 22:19:53.114, 1976849499584, testhost.dll, TestPluginCache.DiscoverTestExtensions: finding test extensions in assemblies endswith: TestAdapter.dll TPluginInfo: Microsoft.VisualStudio.TestPlatform.Common.ExtensionFramework.Utilities.TestSettingsProviderPluginInformation TExtension: Microsoft.VisualStudio.TestPlatform.ObjectModel.Adapter.ISettingsProvider
TpTrace Verbose: 0 : 5716, 4, 2020/11/30, 22:19:53.114, 1976849503627, testhost.dll, TestPluginCache.GetExtensionPaths: Filtered extension paths: 
TpTrace Verbose: 0 : 5716, 4, 2020/11/30, 22:19:53.114, 1976849505462, testhost.dll, TestPluginCache.GetExtensionPaths: Added default extension paths: C:\Users\berin\source\repos\VVSzadaca2\eParking\Testovi za zadatak 1\bin\Debug\fine-code-coverage\Microsoft.VisualStudio.TestPlatform.MSTest.TestAdapter.dll
TpTrace Verbose: 0 : 5716, 4, 2020/11/30, 22:19:53.114, 1976849506968, testhost.dll, TestPluginCache.GetExtensionPaths: Added unfilterableExtensionPaths: 
TpTrace Information: 0 : 5716, 4, 2020/11/30, 22:19:53.115, 1976849510350, testhost.dll, AssemblyResolver.AddSearchDirectories: Adding more searchDirectories C:\Users\berin\source\repos\VVSzadaca2\eParking\Testovi za zadatak 1\bin\Debug\fine-code-coverage
TpTrace Verbose: 0 : 5716, 4, 2020/11/30, 22:19:53.115, 1976849512013, testhost.dll, TestPluginCache.DiscoverTestExtensions: Discovering the extensions using extension path.
TpTrace Verbose: 0 : 5716, 4, 2020/11/30, 22:19:53.115, 1976849513710, testhost.dll, TestPluginCache.GetExtensionPaths: Filtered extension paths: 
TpTrace Verbose: 0 : 5716, 4, 2020/11/30, 22:19:53.115, 1976849515221, testhost.dll, TestPluginCache.GetExtensionPaths: Added default extension paths: C:\Users\berin\source\repos\VVSzadaca2\eParking\Testovi za zadatak 1\bin\Debug\fine-code-coverage\Microsoft.VisualStudio.TestPlatform.MSTest.TestAdapter.dll
TpTrace Verbose: 0 : 5716, 4, 2020/11/30, 22:19:53.115, 1976849516616, testhost.dll, TestPluginCache.GetExtensionPaths: Added unfilterableExtensionPaths: 
TpTrace Verbose: 0 : 5716, 4, 2020/11/30, 22:19:53.115, 1976849518054, testhost.dll, TestPluginCache.DiscoverTestExtensions: Discovering the extensions using allExtensionPaths: C:\Users\berin\source\repos\VVSzadaca2\eParking\Testovi za zadatak 1\bin\Debug\fine-code-coverage\Microsoft.VisualStudio.TestPlatform.MSTest.TestAdapter.dll
TpTrace Information: 0 : 5716, 4, 2020/11/30, 22:19:53.116, 1976849519657, testhost.dll, AssemblyResolver.AddSearchDirectories: Adding more searchDirectories C:\Users\berin\source\repos\VVSzadaca2\eParking\Testovi za zadatak 1\bin\Debug\fine-code-coverage
TpTrace Verbose: 0 : 5716, 4, 2020/11/30, 22:19:53.116, 1976849523339, testhost.dll, TestPluginCache: Discovered the extensions using extension path ''.
TpTrace Verbose: 0 : 5716, 4, 2020/11/30, 22:19:53.116, 1976849524861, testhost.dll, TestPluginCache: Discoverers are ''.
TpTrace Verbose: 0 : 5716, 4, 2020/11/30, 22:19:53.116, 1976849526413, testhost.dll, TestPluginCache: Executors are 'executor://MSTestAdapter/v2'.
TpTrace Verbose: 0 : 5716, 4, 2020/11/30, 22:19:53.116, 1976849528145, testhost.dll, TestPluginCache: Setting providers are ''.
TpTrace Verbose: 0 : 5716, 4, 2020/11/30, 22:19:53.117, 1976849529563, testhost.dll, TestPluginCache: Loggers are ''.
TpTrace Verbose: 0 : 5716, 4, 2020/11/30, 22:19:53.119, 1976849552564, testhost.dll, TestExecutorService: Loaded the settings providers
TpTrace Information: 0 : 5716, 4, 2020/11/30, 22:19:53.119, 1976849554702, testhost.dll, TestExecutorService: Loaded the extensions
TpTrace Information: 0 : 5716, 4, 2020/11/30, 22:19:53.166, 1976850021952, testhost.dll, TestDiscoveryManager: Discovering tests from sources C:\Users\berin\source\repos\VVSzadaca2\eParking\Testovi za zadatak 1\bin\Debug\fine-code-coverage\Testovi za zadatak 1.dll
TpTrace Verbose: 0 : 5716, 4, 2020/11/30, 22:19:53.168, 1976850048341, testhost.dll, TestPluginCache.DiscoverTestExtensions: finding test extensions in assemblies endswith: TestAdapter.dll TPluginInfo: Microsoft.VisualStudio.TestPlatform.Common.ExtensionFramework.Utilities.TestDiscovererPluginInformation TExtension: Microsoft.VisualStudio.TestPlatform.ObjectModel.Adapter.ITestDiscoverer
TpTrace Verbose: 0 : 5716, 4, 2020/11/30, 22:19:53.169, 1976850052336, testhost.dll, TestPluginCache.GetExtensionPaths: Filtered extension paths: 
TpTrace Verbose: 0 : 5716, 4, 2020/11/30, 22:19:53.169, 1976850054438, testhost.dll, TestPluginCache.GetExtensionPaths: Added default extension paths: C:\Users\berin\source\repos\VVSzadaca2\eParking\Testovi za zadatak 1\bin\Debug\fine-code-coverage\Microsoft.VisualStudio.TestPlatform.MSTest.TestAdapter.dll
TpTrace Verbose: 0 : 5716, 4, 2020/11/30, 22:19:53.169, 1976850055984, testhost.dll, TestPluginCache.GetExtensionPaths: Added unfilterableExtensionPaths: 
TpTrace Information: 0 : 5716, 4, 2020/11/30, 22:19:53.169, 1976850058154, testhost.dll, AssemblyResolver.AddSearchDirectories: Adding more searchDirectories C:\Users\berin\source\repos\VVSzadaca2\eParking\Testovi za zadatak 1\bin\Debug\fine-code-coverage
TpTrace Verbose: 0 : 5716, 4, 2020/11/30, 22:19:53.170, 1976850059726, testhost.dll, TestPluginCache.DiscoverTestExtensions: Discovering the extensions using extension path.
TpTrace Verbose: 0 : 5716, 4, 2020/11/30, 22:19:53.170, 1976850061144, testhost.dll, TestPluginCache.GetExtensionPaths: Filtered extension paths: 
TpTrace Verbose: 0 : 5716, 4, 2020/11/30, 22:19:53.170, 1976850062959, testhost.dll, TestPluginCache.GetExtensionPaths: Added default extension paths: C:\Users\berin\source\repos\VVSzadaca2\eParking\Testovi za zadatak 1\bin\Debug\fine-code-coverage\Microsoft.VisualStudio.TestPlatform.MSTest.TestAdapter.dll
TpTrace Verbose: 0 : 5716, 4, 2020/11/30, 22:19:53.170, 1976850065738, testhost.dll, TestPluginCache.GetExtensionPaths: Added unfilterableExtensionPaths: 
TpTrace Verbose: 0 : 5716, 4, 2020/11/30, 22:19:53.171, 1976850068336, testhost.dll, TestPluginCache.DiscoverTestExtensions: Discovering the extensions using allExtensionPaths: C:\Users\berin\source\repos\VVSzadaca2\eParking\Testovi za zadatak 1\bin\Debug\fine-code-coverage\Microsoft.VisualStudio.TestPlatform.MSTest.TestAdapter.dll
TpTrace Information: 0 : 5716, 4, 2020/11/30, 22:19:53.171, 1976850070146, testhost.dll, AssemblyResolver.AddSearchDirectories: Adding more searchDirectories C:\Users\berin\source\repos\VVSzadaca2\eParking\Testovi za zadatak 1\bin\Debug\fine-code-coverage
TpTrace Verbose: 0 : 5716, 4, 2020/11/30, 22:19:53.173, 1976850097091, testhost.dll, TestPluginCache: Discovered the extensions using extension path ''.
TpTrace Verbose: 0 : 5716, 4, 2020/11/30, 22:19:53.174, 1976850099903, testhost.dll, TestPluginCache: Discoverers are 'Microsoft.VisualStudio.TestPlatform.MSTest.TestAdapter.MSTestDiscoverer, Microsoft.VisualStudio.TestPlatform.MSTest.TestAdapter, Version=14.0.0.0, Culture=neutral, PublicKeyToken=b03f5f7f11d50a3a'.
TpTrace Verbose: 0 : 5716, 4, 2020/11/30, 22:19:53.174, 1976850101428, testhost.dll, TestPluginCache: Executors are 'executor://MSTestAdapter/v2'.
TpTrace Verbose: 0 : 5716, 4, 2020/11/30, 22:19:53.174, 1976850102833, testhost.dll, TestPluginCache: Setting providers are ''.
TpTrace Verbose: 0 : 5716, 4, 2020/11/30, 22:19:53.174, 1976850104212, testhost.dll, TestPluginCache: Loggers are ''.
TpTrace Verbose: 0 : 5716, 4, 2020/11/30, 22:19:53.180, 1976850160449, testhost.dll, BaseRunTests.RunTestInternalWithExecutors: Running tests for executor://MSTestAdapter/v2
TpTrace Information: 0 : 5716, 4, 2020/11/30, 22:19:53.238, 1976850739367, testhost.dll, AssemblyResolver.OnResolve: Microsoft.VisualStudio.TestPlatform.MSTestAdapter.PlatformServices.resources: Resolving assembly.
TpTrace Information: 0 : 5716, 4, 2020/11/30, 22:19:53.238, 1976850744129, testhost.dll, AssemblyResolver.OnResolve: Microsoft.VisualStudio.TestPlatform.MSTestAdapter.PlatformServices.resources: Failed to load assembly.
TpTrace Information: 0 : 5716, 4, 2020/11/30, 22:19:53.239, 1976850752163, testhost.dll, AssemblyResolver.OnResolve: Microsoft.VisualStudio.TestPlatform.MSTestAdapter.PlatformServices.resources: Resolving assembly.
TpTrace Information: 0 : 5716, 4, 2020/11/30, 22:19:53.239, 1976850755413, testhost.dll, AssemblyResolver.OnResolve: Microsoft.VisualStudio.TestPlatform.MSTestAdapter.PlatformServices.resources: Resolved from cache.
TpTrace Verbose: 0 : 5716, 4, 2020/11/30, 22:19:53.260, 1976850965648, testhost.dll, TestExecutionRecorder.RecordStart: Starting test: Testovi_za_zadatak_1.UnitTest1.TestUpjesnogLogovanjaPrviPut.
TpTrace Verbose: 0 : 5716, 4, 2020/11/30, 22:19:53.405, 1976852410426, testhost.dll, TestExecutionRecorder.RecordEnd: test: Testovi_za_zadatak_1.UnitTest1.TestUpjesnogLogovanjaPrviPut execution completed.
TpTrace Verbose: 0 : 5716, 4, 2020/11/30, 22:19:53.420, 1976852567377, testhost.dll, TestExecutionRecorder.RecordResult: Received result for test: Testovi_za_zadatak_1.UnitTest1.TestUpjesnogLogovanjaPrviPut.
TpTrace Warning: 0 : 5716, 4, 2020/11/30, 22:19:53.424, 1976852604010, testhost.dll, InProgressTests is null
TpTrace Warning: 0 : 5716, 4, 2020/11/30, 22:19:53.426, 1976852625841, testhost.dll, TestRunCache: No test found corresponding to testResult 'TestUpjesnogLogovanjaPrviPut  Passed' in inProgress list.
TpTrace Verbose: 0 : 5716, 4, 2020/11/30, 22:19:53.427, 1976852628365, testhost.dll, TestExecutionRecorder.RecordStart: Starting test: Testovi_za_zadatak_1.UnitTest1.TestNeuspjesnogLogovanja.
TpTrace Verbose: 0 : 5716, 4, 2020/11/30, 22:19:53.429, 1976852654253, testhost.dll, TestExecutionRecorder.RecordEnd: test: Testovi_za_zadatak_1.UnitTest1.TestNeuspjesnogLogovanja execution completed.
TpTrace Verbose: 0 : 5716, 4, 2020/11/30, 22:19:53.431, 1976852670334, testhost.dll, TestExecutionRecorder.RecordResult: Received result for test: Testovi_za_zadatak_1.UnitTest1.TestNeuspjesnogLogovanja.
TpTrace Warning: 0 : 5716, 4, 2020/11/30, 22:19:53.431, 1976852672463, testhost.dll, InProgressTests is null
TpTrace Warning: 0 : 5716, 4, 2020/11/30, 22:19:53.431, 1976852673987, testhost.dll, TestRunCache: No test found corresponding to testResult 'TestNeuspjesnogLogovanja  Passed' in inProgress list.
TpTrace Verbose: 0 : 5716, 4, 2020/11/30, 22:19:53.431, 1976852676057, testhost.dll, TestExecutionRecorder.RecordStart: Starting test: Testovi_za_zadatak_1.UnitTest2.TestRezervacijeSaIsteklomClanarinom.
TpTrace Verbose: 0 : 5716, 4, 2020/11/30, 22:19:53.438, 1976852746840, testhost.dll, TestExecutionRecorder.RecordEnd: test: Testovi_za_zadatak_1.UnitTest2.TestRezervacijeSaIsteklomClanarinom execution completed.
TpTrace Verbose: 0 : 5716, 4, 2020/11/30, 22:19:53.440, 1976852766021, testhost.dll, TestExecutionRecorder.RecordResult: Received result for test: Testovi_za_zadatak_1.UnitTest2.TestRezervacijeSaIsteklomClanarinom.
TpTrace Warning: 0 : 5716, 4, 2020/11/30, 22:19:53.440, 1976852768094, testhost.dll, InProgressTests is null
TpTrace Warning: 0 : 5716, 4, 2020/11/30, 22:19:53.441, 1976852769668, testhost.dll, TestRunCache: No test found corresponding to testResult 'TestRezervacijeSaIsteklomClanarinom  Passed' in inProgress list.
TpTrace Verbose: 0 : 5716, 4, 2020/11/30, 22:19:53.441, 1976852771198, testhost.dll, TestExecutionRecorder.RecordStart: Starting test: Testovi_za_zadatak_1.UnitTest2.TestUspjesneRezervacije.
TpTrace Verbose: 0 : 5716, 4, 2020/11/30, 22:19:53.444, 1976852805008, testhost.dll, TestExecutionRecorder.RecordEnd: test: Testovi_za_zadatak_1.UnitTest2.TestUspjesneRezervacije execution completed.
TpTrace Verbose: 0 : 5716, 4, 2020/11/30, 22:19:53.448, 1976852843506, testhost.dll, TestExecutionRecorder.RecordResult: Received result for test: Testovi_za_zadatak_1.UnitTest2.TestUspjesneRezervacije.
TpTrace Warning: 0 : 5716, 4, 2020/11/30, 22:19:53.448, 1976852845952, testhost.dll, InProgressTests is null
TpTrace Warning: 0 : 5716, 4, 2020/11/30, 22:19:53.448, 1976852847515, testhost.dll, TestRunCache: No test found corresponding to testResult 'TestUspjesneRezervacije  Passed' in inProgress list.
TpTrace Verbose: 0 : 5716, 4, 2020/11/30, 22:19:53.449, 1976852849066, testhost.dll, TestExecutionRecorder.RecordStart: Starting test: Testovi_za_zadatak_1.UnitTest2.TestPonovneRezervacije.
TpTrace Verbose: 0 : 5716, 4, 2020/11/30, 22:19:53.451, 1976852871401, testhost.dll, TestExecutionRecorder.RecordEnd: test: Testovi_za_zadatak_1.UnitTest2.TestPonovneRezervacije execution completed.
TpTrace Verbose: 0 : 5716, 4, 2020/11/30, 22:19:53.452, 1976852885187, testhost.dll, TestExecutionRecorder.RecordResult: Received result for test: Testovi_za_zadatak_1.UnitTest2.TestPonovneRezervacije.
TpTrace Warning: 0 : 5716, 4, 2020/11/30, 22:19:53.452, 1976852886959, testhost.dll, InProgressTests is null
TpTrace Warning: 0 : 5716, 4, 2020/11/30, 22:19:53.453, 1976852888402, testhost.dll, TestRunCache: No test found corresponding to testResult 'TestPonovneRezervacije  Passed' in inProgress list.
TpTrace Verbose: 0 : 5716, 4, 2020/11/30, 22:19:53.453, 1976852889912, testhost.dll, TestExecutionRecorder.RecordStart: Starting test: Testovi_za_zadatak_1.UnitTestParking.TestUspjesneRezervacije.
TpTrace Verbose: 0 : 5716, 4, 2020/11/30, 22:19:53.456, 1976852924205, testhost.dll, TestExecutionRecorder.RecordEnd: test: Testovi_za_zadatak_1.UnitTestParking.TestUspjesneRezervacije execution completed.
TpTrace Verbose: 0 : 5716, 4, 2020/11/30, 22:19:53.458, 1976852939612, testhost.dll, TestExecutionRecorder.RecordResult: Received result for test: Testovi_za_zadatak_1.UnitTestParking.TestUspjesneRezervacije.
TpTrace Warning: 0 : 5716, 4, 2020/11/30, 22:19:53.458, 1976852942060, testhost.dll, InProgressTests is null
TpTrace Warning: 0 : 5716, 4, 2020/11/30, 22:19:53.458, 1976852943595, testhost.dll, TestRunCache: No test found corresponding to testResult 'TestUspjesneRezervacije  Passed' in inProgress list.
TpTrace Verbose: 0 : 5716, 4, 2020/11/30, 22:19:53.458, 1976852945090, testhost.dll, TestExecutionRecorder.RecordStart: Starting test: Testovi_za_zadatak_1.UnitTestParking.TestRezervacijeKorisnikNijeClan.
TpTrace Verbose: 0 : 5716, 4, 2020/11/30, 22:19:53.460, 1976852967721, testhost.dll, TestExecutionRecorder.RecordEnd: test: Testovi_za_zadatak_1.UnitTestParking.TestRezervacijeKorisnikNijeClan execution completed.
TpTrace Verbose: 0 : 5716, 4, 2020/11/30, 22:19:53.462, 1976852980702, testhost.dll, TestExecutionRecorder.RecordResult: Received result for test: Testovi_za_zadatak_1.UnitTestParking.TestRezervacijeKorisnikNijeClan.
TpTrace Warning: 0 : 5716, 4, 2020/11/30, 22:19:53.462, 1976852982444, testhost.dll, InProgressTests is null
TpTrace Warning: 0 : 5716, 4, 2020/11/30, 22:19:53.462, 1976852983877, testhost.dll, TestRunCache: No test found corresponding to testResult 'TestRezervacijeKorisnikNijeClan  Passed' in inProgress list.
TpTrace Verbose: 0 : 5716, 4, 2020/11/30, 22:19:53.462, 1976852985354, testhost.dll, TestExecutionRecorder.RecordStart: Starting test: Testovi_za_zadatak_1.UnitTestParking.TestRezervacijeKorisnikVecRezervisao.
TpTrace Verbose: 0 : 5716, 4, 2020/11/30, 22:19:53.464, 1976853004314, testhost.dll, TestExecutionRecorder.RecordEnd: test: Testovi_za_zadatak_1.UnitTestParking.TestRezervacijeKorisnikVecRezervisao execution completed.
TpTrace Verbose: 0 : 5716, 4, 2020/11/30, 22:19:53.466, 1976853019059, testhost.dll, TestExecutionRecorder.RecordResult: Received result for test: Testovi_za_zadatak_1.UnitTestParking.TestRezervacijeKorisnikVecRezervisao.
TpTrace Warning: 0 : 5716, 4, 2020/11/30, 22:19:53.466, 1976853021343, testhost.dll, InProgressTests is null
TpTrace Warning: 0 : 5716, 4, 2020/11/30, 22:19:53.466, 1976853022877, testhost.dll, TestRunCache: No test found corresponding to testResult 'TestRezervacijeKorisnikVecRezervisao  Passed' in inProgress list.
TpTrace Verbose: 0 : 5716, 4, 2020/11/30, 22:19:53.466, 1976853024378, testhost.dll, TestExecutionRecorder.RecordStart: Starting test: Testovi_za_zadatak_1.UnitTestParking.TestRezervacijeLokacijaZauzeta.
TpTrace Information: 0 : 5716, 4, 2020/11/30, 22:19:53.469, 1976853050145, testhost.dll, AssemblyResolver.OnResolve: Microsoft.VisualStudio.TestPlatform.TestFramework.resources: Resolving assembly.
TpTrace Information: 0 : 5716, 4, 2020/11/30, 22:19:53.469, 1976853052769, testhost.dll, AssemblyResolver.OnResolve: Microsoft.VisualStudio.TestPlatform.TestFramework.resources: Failed to load assembly.
TpTrace Verbose: 0 : 5716, 4, 2020/11/30, 22:19:53.489, 1976853253482, testhost.dll, TestExecutionRecorder.RecordEnd: test: Testovi_za_zadatak_1.UnitTestParking.TestRezervacijeLokacijaZauzeta execution completed.
TpTrace Verbose: 0 : 5716, 4, 2020/11/30, 22:19:53.490, 1976853267764, testhost.dll, TestExecutionRecorder.RecordResult: Received result for test: Testovi_za_zadatak_1.UnitTestParking.TestRezervacijeLokacijaZauzeta.
TpTrace Warning: 0 : 5716, 4, 2020/11/30, 22:19:53.491, 1976853269705, testhost.dll, InProgressTests is null
TpTrace Warning: 0 : 5716, 4, 2020/11/30, 22:19:53.491, 1976853273468, testhost.dll, TestRunCache: No test found corresponding to testResult 'TestRezervacijeLokacijaZauzeta  Failed
  Message: Test method threw exception System.Exception, but exception System.InvalidOperationException was expected. Exception message: System.Exception: Exception of type 'System.Exception' was thrown.
  StackTrace:
   at eParking.Parking.RezervišiParking(Korisnik k, Lokacija l) in C:\Users\berin\source\repos\VVSzadaca2\eParking\eParking\Parking.cs:line 103
   at Testovi_za_zadatak_1.UnitTestParking.TestRezervacijeLokacijaZauzeta() in C:\Users\berin\source\repos\VVSzadaca2\eParking\Testovi za zadatak 1\UnitTestParking.cs:line 63
' in inProgress list.
TpTrace Verbose: 0 : 5716, 4, 2020/11/30, 22:19:53.493, 1976853294537, testhost.dll, BaseRunTests.RunTestInternalWithExecutors: Completed running tests for executor://MSTestAdapter/v2
TpTrace Information: 0 : 5716, 4, 2020/11/30, 22:19:53.498, 1976853338403, testhost.dll, Sending test run complete
TpTrace Verbose: 0 : 5716, 4, 2020/11/30, 22:19:53.535, 1976853718194, testhost.dll, TestRequestHandler.SendData:  sending data from testhost: {"Version":2,"MessageType":"TestExecution.Completed","Payload":{"TestRunCompleteArgs":{"TestRunStatistics":{"ExecutedTests":9,"Stats":{"Passed":8,"Failed":1}},"IsCanceled":false,"IsAborted":false,"Error":null,"AttachmentSets":[],"ElapsedTimeInRunningTests":"00:00:00.3173178","Metrics":{}},"LastRunTests":{"NewTestResults":[{"TestCase":{"Id":"781dc7d7-8fb4-525e-b582-cc4e3cbec6ff","FullyQualifiedName":"Testovi_za_zadatak_1.UnitTest1.TestUpjesnogLogovanjaPrviPut","DisplayName":"TestUpjesnogLogovanjaPrviPut","ExecutorUri":"executor://MSTestAdapter/v2","Source":"C:\\Users\\berin\\source\\repos\\VVSzadaca2\\eParking\\Testovi za zadatak 1\\bin\\Debug\\fine-code-coverage\\Testovi za zadatak 1.dll","CodeFilePath":null,"LineNumber":-1,"Properties":[{"Key":{"Id":"MSTestDiscoverer.TestClassName","Label":"ClassName","Category":"","Description":"","Attributes":1,"ValueType":"System.String"},"Value":"Testovi_za_zadatak_1.UnitTest1"},{"Key":{"Id":"TestObject.Traits","Label":"Traits","Category":"","Description":"","Attributes":5,"ValueType":"System.Collections.Generic.KeyValuePair`2[[System.String],[System.String]][]"},"Value":[]}]},"Attachments":[],"Outcome":1,"ErrorMessage":null,"ErrorStackTrace":null,"DisplayName":null,"Messages":[],"ComputerName":null,"Duration":"00:00:00.0223075","StartTime":"2020-11-30T22:19:53.3448351+01:00","EndTime":"2020-11-30T22:19:53.4004058+01:00","Properties":[{"Key":{"Id":"ExecutionId","Label":"ExecutionId","Category":"","Description":"","Attributes":1,"ValueType":"System.Guid"},"Value":"00000000-0000-0000-0000-000000000000"},{"Key":{"Id":"ParentExecId","Label":"ParentExecId","Category":"","Description":"","Attributes":1,"ValueType":"System.Guid"},"Value":"00000000-0000-0000-0000-000000000000"},{"Key":{"Id":"InnerResultsCount","Label":"InnerResultsCount","Category":"","Description":"","Attributes":1,"ValueType":"System.Int32"},"Value":0}]},{"TestCase":{"Id":"194a2042-c737-7d8d-0412-a82cbea53d52","FullyQualifiedName":"Testovi_za_zadatak_1.UnitTest1.TestNeuspjesnogLogovanja","DisplayName":"TestNeuspjesnogLogovanja","ExecutorUri":"executor://MSTestAdapter/v2","Source":"C:\\Users\\berin\\source\\repos\\VVSzadaca2\\eParking\\Testovi za zadatak 1\\bin\\Debug\\fine-code-coverage\\Testovi za zadatak 1.dll","CodeFilePath":null,"LineNumber":-1,"Properties":[{"Key":{"Id":"MSTestDiscoverer.TestClassName","Label":"ClassName","Category":"","Description":"","Attributes":1,"ValueType":"System.String"},"Value":"Testovi_za_zadatak_1.UnitTest1"},{"Key":{"Id":"TestObject.Traits","Label":"Traits","Category":"","Description":"","Attributes":5,"ValueType":"System.Collections.Generic.KeyValuePair`2[[System.String],[System.String]][]"},"Value":[]}]},"Attachments":[],"Outcome":1,"ErrorMessage":null,"ErrorStackTrace":null,"DisplayName":null,"Messages":[],"ComputerName":null,"Duration":"00:00:00.0002287","StartTime":"2020-11-30T22:19:53.4291017+01:00","EndTime":"2020-11-30T22:19:53.4295777+01:00","Properties":[{"Key":{"Id":"ExecutionId","Label":"ExecutionId","Category":"","Description":"","Attributes":1,"ValueType":"System.Guid"},"Value":"00000000-0000-0000-0000-000000000000"},{"Key":{"Id":"ParentExecId","Label":"ParentExecId","Category":"","Description":"","Attributes":1,"ValueType":"System.Guid"},"Value":"00000000-0000-0000-0000-000000000000"},{"Key":{"Id":"InnerResultsCount","Label":"InnerResultsCount","Category":"","Description":"","Attributes":1,"ValueType":"System.Int32"},"Value":0}]},{"TestCase":{"Id":"ec6ccc20-1316-af6a-d68a-73e847cc9d5d","FullyQualifiedName":"Testovi_za_zadatak_1.UnitTest2.TestRezervacijeSaIsteklomClanarinom","DisplayName":"TestRezervacijeSaIsteklomClanarinom","ExecutorUri":"executor://MSTestAdapter/v2","Source":"C:\\Users\\berin\\source\\repos\\VVSzadaca2\\eParking\\Testovi za zadatak 1\\bin\\Debug\\fine-code-coverage\\Testovi za zadatak 1.dll","CodeFilePath":null,"LineNumber":-1,"Properties":[{"Key":{"Id":"MSTestDiscoverer.TestClassName","Label":"ClassName","Category":"","Description":"","Attributes":1,"ValueType":"System.String"},"Value":"Testovi_za_zadatak_1.UnitTest2"},{"Key":{"Id":"TestObject.Traits","Label":"Traits","Category":"","Description":"","Attributes":5,"ValueType":"System.Collections.Generic.KeyValuePair`2[[System.String],[System.String]][]"},"Value":[]}]},"Attachments":[],"Outcome":1,"ErrorMessage":null,"ErrorStackTrace":null,"DisplayName":null,"Messages":[],"ComputerName":null,"Duration":"00:00:00.0028135","StartTime":"2020-11-30T22:19:53.4331523+01:00","EndTime":"2020-11-30T22:19:53.4388301+01:00","Properties":[{"Key":{"Id":"ExecutionId","Label":"ExecutionId","Category":"","Description":"","Attributes":1,"ValueType":"System.Guid"},"Value":"00000000-0000-0000-0000-000000000000"},{"Key":{"Id":"ParentExecId","Label":"ParentExecId","Category":"","Description":"","Attributes":1,"ValueType":"System.Guid"},"Value":"00000000-0000-0000-0000-000000000000"},{"Key":{"Id":"InnerResultsCount","Label":"InnerResultsCount","Category":"","Description":"","Attributes":1,"ValueType":"System.Int32"},"Value":0}]},{"TestCase":{"Id":"73c779c6-8673-de7a-082e-4cdd59256d16","FullyQualifiedName":"Testovi_za_zadatak_1.UnitTest2.TestUspjesneRezervacije","DisplayName":"TestUspjesneRezervacije","ExecutorUri":"executor://MSTestAdapter/v2","Source":"C:\\Users\\berin\\source\\repos\\VVSzadaca2\\eParking\\Testovi za zadatak 1\\bin\\Debug\\fine-code-coverage\\Testovi za zadatak 1.dll","CodeFilePath":null,"LineNumber":-1,"Properties":[{"Key":{"Id":"MSTestDiscoverer.TestClassName","Label":"ClassName","Category":"","Description":"","Attributes":1,"ValueType":"System.String"},"Value":"Testovi_za_zadatak_1.UnitTest2"},{"Key":{"Id":"TestObject.Traits","Label":"Traits","Category":"","Description":"","Attributes":5,"ValueType":"System.Collections.Generic.KeyValuePair`2[[System.String],[System.String]][]"},"Value":[]}]},"Attachments":[],"Outcome":1,"ErrorMessage":null,"ErrorStackTrace":null,"DisplayName":null,"Messages":[],"ComputerName":null,"Duration":"00:00:00.0011190","StartTime":"2020-11-30T22:19:53.4433816+01:00","EndTime":"2020-11-30T22:19:53.444657+01:00","Properties":[{"Key":{"Id":"ExecutionId","Label":"ExecutionId","Category":"","Description":"","Attributes":1,"ValueType":"System.Guid"},"Value":"00000000-0000-0000-0000-000000000000"},{"Key":{"Id":"ParentExecId","Label":"ParentExecId","Category":"","Description":"","Attributes":1,"ValueType":"System.Guid"},"Value":"00000000-0000-0000-0000-000000000000"},{"Key":{"Id":"InnerResultsCount","Label":"InnerResultsCount","Category":"","Description":"","Attributes":1,"ValueType":"System.Int32"},"Value":0}]},{"TestCase":{"Id":"2216986d-83f6-cc4d-23a0-b8a0fd6ee0ea","FullyQualifiedName":"Testovi_za_zadatak_1.UnitTest2.TestPonovneRezervacije","DisplayName":"TestPonovneRezervacije","ExecutorUri":"executor://MSTestAdapter/v2","Source":"C:\\Users\\berin\\source\\repos\\VVSzadaca2\\eParking\\Testovi za zadatak 1\\bin\\Debug\\fine-code-coverage\\Testovi za zadatak 1.dll","CodeFilePath":null,"LineNumber":-1,"Properties":[{"Key":{"Id":"MSTestDiscoverer.TestClassName","Label":"ClassName","Category":"","Description":"","Attributes":1,"ValueType":"System.String"},"Value":"Testovi_za_zadatak_1.UnitTest2"},{"Key":{"Id":"TestObject.Traits","Label":"Traits","Category":"","Description":"","Attributes":5,"ValueType":"System.Collections.Generic.KeyValuePair`2[[System.String],[System.String]][]"},"Value":[]}]},"Attachments":[],"Outcome":1,"ErrorMessage":null,"ErrorStackTrace":null,"DisplayName":null,"Messages":[],"ComputerName":null,"Duration":"00:00:00.0006401","StartTime":"2020-11-30T22:19:53.4504767+01:00","EndTime":"2020-11-30T22:19:53.4512992+01:00","Properties":[{"Key":{"Id":"ExecutionId","Label":"ExecutionId","Category":"","Description":"","Attributes":1,"ValueType":"System.Guid"},"Value":"00000000-0000-0000-0000-000000000000"},{"Key":{"Id":"ParentExecId","Label":"ParentExecId","Category":"","Description":"","Attributes":1,"ValueType":"System.Guid"},"Value":"00000000-0000-0000-0000-000000000000"},{"Key":{"Id":"InnerResultsCount","Label":"InnerResultsCount","Category":"","Description":"","Attributes":1,"ValueType":"System.Int32"},"Value":0}]},{"TestCase":{"Id":"0bac892f-0a3f-6144-bcb8-ba2b3969567e","FullyQualifiedName":"Testovi_za_zadatak_1.UnitTestParking.TestUspjesneRezervacije","DisplayName":"TestUspjesneRezervacije","ExecutorUri":"executor://MSTestAdapter/v2","Source":"C:\\Users\\berin\\source\\repos\\VVSzadaca2\\eParking\\Testovi za zadatak 1\\bin\\Debug\\fine-code-coverage\\Testovi za zadatak 1.dll","CodeFilePath":null,"LineNumber":-1,"Properties":[{"Key":{"Id":"MSTestDiscoverer.TestClassName","Label":"ClassName","Category":"","Description":"","Attributes":1,"ValueType":"System.String"},"Value":"Testovi_za_zadatak_1.UnitTestParking"},{"Key":{"Id":"TestObject.Traits","Label":"Traits","Category":"","Description":"","Attributes":5,"ValueType":"System.Collections.Generic.KeyValuePair`2[[System.String],[System.String]][]"},"Value":[]}]},"Attachments":[],"Outcome":1,"ErrorMessage":null,"ErrorStackTrace":null,"DisplayName":null,"Messages":[],"ComputerName":null,"Duration":"00:00:00.0004461","StartTime":"2020-11-30T22:19:53.4543848+01:00","EndTime":"2020-11-30T22:19:53.4565808+01:00","Properties":[{"Key":{"Id":"ExecutionId","Label":"ExecutionId","Category":"","Description":"","Attributes":1,"ValueType":"System.Guid"},"Value":"00000000-0000-0000-0000-000000000000"},{"Key":{"Id":"ParentExecId","Label":"ParentExecId","Category":"","Description":"","Attributes":1,"ValueType":"System.Guid"},"Value":"00000000-0000-0000-0000-000000000000"},{"Key":{"Id":"InnerResultsCount","Label":"InnerResultsCount","Category":"","Description":"","Attributes":1,"ValueType":"System.Int32"},"Value":0}]},{"TestCase":{"Id":"e937f6e7-1012-ddae-bbe5-8e9e3e17562b","FullyQualifiedName":"Testovi_za_zadatak_1.UnitTestParking.TestRezervacijeKorisnikNijeClan","DisplayName":"TestRezervacijeKorisnikNijeClan","ExecutorUri":"executor://MSTestAdapter/v2","Source":"C:\\Users\\berin\\source\\repos\\VVSzadaca2\\eParking\\Testovi za zadatak 1\\bin\\Debug\\fine-code-coverage\\Testovi za zadatak 1.dll","CodeFilePath":null,"LineNumber":-1,"Properties":[{"Key":{"Id":"MSTestDiscoverer.TestClassName","Label":"ClassName","Category":"","Description":"","Attributes":1,"ValueType":"System.String"},"Value":"Testovi_za_zadatak_1.UnitTestParking"},{"Key":{"Id":"TestObject.Traits","Label":"Traits","Category":"","Description":"","Attributes":5,"ValueType":"System.Collections.Generic.KeyValuePair`2[[System.String],[System.String]][]"},"Value":[]}]},"Attachments":[],"Outcome":1,"ErrorMessage":null,"ErrorStackTrace":null,"DisplayName":null,"Messages":[],"ComputerName":null,"Duration":"00:00:00.0008097","StartTime":"2020-11-30T22:19:53.4599509+01:00","EndTime":"2020-11-30T22:19:53.460932+01:00","Properties":[{"Key":{"Id":"ExecutionId","Label":"ExecutionId","Category":"","Description":"","Attributes":1,"ValueType":"System.Guid"},"Value":"00000000-0000-0000-0000-000000000000"},{"Key":{"Id":"ParentExecId","Label":"ParentExecId","Category":"","Description":"","Attributes":1,"ValueType":"System.Guid"},"Value":"00000000-0000-0000-0000-000000000000"},{"Key":{"Id":"InnerResultsCount","Label":"InnerResultsCount","Category":"","Description":"","Attributes":1,"ValueType":"System.Int32"},"Value":0}]},{"TestCase":{"Id":"31a3e1a7-4a46-bcff-fffd-c17599d73a1d","FullyQualifiedName":"Testovi_za_zadatak_1.UnitTestParking.TestRezervacijeKorisnikVecRezervisao","DisplayName":"TestRezervacijeKorisnikVecRezervisao","ExecutorUri":"executor://MSTestAdapter/v2","Source":"C:\\Users\\berin\\source\\repos\\VVSzadaca2\\eParking\\Testovi za zadatak 1\\bin\\Debug\\fine-code-coverage\\Testovi za zadatak 1.dll","CodeFilePath":null,"LineNumber":-1,"Properties":[{"Key":{"Id":"MSTestDiscoverer.TestClassName","Label":"ClassName","Category":"","Description":"","Attributes":1,"ValueType":"System.String"},"Value":"Testovi_za_zadatak_1.UnitTestParking"},{"Key":{"Id":"TestObject.Traits","Label":"Traits","Category":"","Description":"","Attributes":5,"ValueType":"System.Collections.Generic.KeyValuePair`2[[System.String],[System.String]][]"},"Value":[]}]},"Attachments":[],"Outcome":1,"ErrorMessage":null,"ErrorStackTrace":null,"DisplayName":null,"Messages":[],"ComputerName":null,"Duration":"00:00:00.0006053","StartTime":"2020-11-30T22:19:53.4638497+01:00","EndTime":"2020-11-30T22:19:53.4645935+01:00","Properties":[{"Key":{"Id":"ExecutionId","Label":"ExecutionId","Category":"","Description":"","Attributes":1,"ValueType":"System.Guid"},"Value":"00000000-0000-0000-0000-000000000000"},{"Key":{"Id":"ParentExecId","Label":"ParentExecId","Category":"","Description":"","Attributes":1,"ValueType":"System.Guid"},"Value":"00000000-0000-0000-0000-000000000000"},{"Key":{"Id":"InnerResultsCount","Label":"InnerResultsCount","Category":"","Description":"","Attributes":1,"ValueType":"System.Int32"},"Value":0}]},{"TestCase":{"Id":"d7bbe323-4074-ce7b-6b48-8631025af3e1","FullyQualifiedName":"Testovi_za_zadatak_1.UnitTestParking.TestRezervacijeLokacijaZauzeta","DisplayName":"TestRezervacijeLokacijaZauzeta","ExecutorUri":"executor://MSTestAdapter/v2","Source":"C:\\Users\\berin\\source\\repos\\VVSzadaca2\\eParking\\Testovi za zadatak 1\\bin\\Debug\\fine-code-coverage\\Testovi za zadatak 1.dll","CodeFilePath":null,"LineNumber":-1,"Properties":[{"Key":{"Id":"MSTestDiscoverer.TestClassName","Label":"ClassName","Category":"","Description":"","Attributes":1,"ValueType":"System.String"},"Value":"Testovi_za_zadatak_1.UnitTestParking"},{"Key":{"Id":"TestObject.Traits","Label":"Traits","Category":"","Description":"","Attributes":5,"ValueType":"System.Collections.Generic.KeyValuePair`2[[System.String],[System.String]][]"},"Value":[]}]},"Attachments":[],"Outcome":2,"ErrorMessage":"Test method threw exception System.Exception, but exception System.InvalidOperationException was expected. Exception message: System.Exception: Exception of type 'System.Exception' was thrown.","ErrorStackTrace":"   at eParking.Parking.RezervišiParking(Korisnik k, Lokacija l) in C:\\Users\\berin\\source\\repos\\VVSzadaca2\\eParking\\eParking\\Parking.cs:line 103\r\n   at Testovi_za_zadatak_1.UnitTestParking.TestRezervacijeLokacijaZauzeta() in C:\\Users\\berin\\source\\repos\\VVSzadaca2\\eParking\\Testovi za zadatak 1\\UnitTestParking.cs:line 63\r\n","DisplayName":null,"Messages":[],"ComputerName":null,"Duration":"00:00:00.0207996","StartTime":"2020-11-30T22:19:53.4678585+01:00","EndTime":"2020-11-30T22:19:53.4894971+01:00","Properties":[{"Key":{"Id":"ExecutionId","Label":"ExecutionId","Category":"","Description":"","Attributes":1,"ValueType":"System.Guid"},"Value":"00000000-0000-0000-0000-000000000000"},{"Key":{"Id":"ParentExecId","Label":"ParentExecId","Category":"","Description":"","Attributes":1,"ValueType":"System.Guid"},"Value":"00000000-0000-0000-0000-000000000000"},{"Key":{"Id":"InnerResultsCount","Label":"InnerResultsCount","Category":"","Description":"","Attributes":1,"ValueType":"System.Int32"},"Value":0}]}],"TestRunStatistics":{"ExecutedTests":9,"Stats":{"Passed":8,"Failed":1}},"ActiveTests":[]},"RunAttachments":[],"ExecutorUris":["executor://mstestadapter/v2"]}}
TpTrace Verbose: 0 : 5716, 4, 2020/11/30, 22:19:53.536, 1976853727771, testhost.dll, BaseRunTests.RunTests: Run is complete.
TpTrace Verbose: 0 : 5716, 6, 2020/11/30, 22:19:53.539, 1976853749999, testhost.dll, TcpClientExtensions.MessageLoopAsync: NotifyDataAvailable remoteEndPoint: [::ffff:127.0.0.1]:3287 localEndPoint: [::ffff:127.0.0.1]:3288
TpTrace Information: 0 : 5716, 6, 2020/11/30, 22:19:53.539, 1976853752954, testhost.dll, TestRequestHandler.ProcessRequests: received message: (TestSession.Terminate) -> null
TpTrace Information: 0 : 5716, 6, 2020/11/30, 22:19:53.539, 1976853754704, testhost.dll, Session End message received from server. Closing the connection.
TpTrace Information: 0 : 5716, 6, 2020/11/30, 22:19:53.540, 1976853762921, testhost.dll, SocketClient.Stop: Stop communication from server endpoint: 127.0.0.1:03287
TpTrace Information: 0 : 5716, 6, 2020/11/30, 22:19:53.540, 1976853764840, testhost.dll, SocketClient: Stop: Cancellation requested. Stopping message loop.
TpTrace Information: 0 : 5716, 1, 2020/11/30, 22:19:53.541, 1976853770539, testhost.dll, Closing the connection !
TpTrace Verbose: 0 : 5716, 6, 2020/11/30, 22:19:53.541, 1976853771407, testhost.dll, LengthPrefixCommunicationChannel.Dispose: Dispose reader and writer.
TpTrace Information: 0 : 5716, 6, 2020/11/30, 22:19:53.541, 1976853774526, testhost.dll, Closing the connection !
TpTrace Information: 0 : 5716, 1, 2020/11/30, 22:19:53.541, 1976853772848, testhost.dll, SocketClient.Stop: Stop communication from server endpoint: 127.0.0.1:03287
TpTrace Information: 0 : 5716, 1, 2020/11/30, 22:19:53.541, 1976853778121, testhost.dll, SocketClient: Stop: Cancellation requested. Stopping message loop.
TpTrace Information: 0 : 5716, 6, 2020/11/30, 22:19:53.541, 1976853778180, testhost.dll, SocketClient.PrivateStop: Stop communication from server endpoint: 127.0.0.1:03287, error:
TpTrace Verbose: 0 : 5716, 1, 2020/11/30, 22:19:53.542, 1976853779642, testhost.dll, LengthPrefixCommunicationChannel.Dispose: Dispose reader and writer.
TpTrace Verbose: 0 : 5716, 6, 2020/11/30, 22:19:53.542, 1976853782536, testhost.dll, LengthPrefixCommunicationChannel.Dispose: Dispose reader and writer.
TpTrace Verbose: 0 : 5716, 6, 2020/11/30, 22:19:53.542, 1976853785995, testhost.dll, TcpClientExtensions.MessageLoopAsync: exiting MessageLoopAsync remoteEndPoint: [::ffff:127.0.0.1]:3287 localEndPoint: [::ffff:127.0.0.1]:3288
TpTrace Information: 0 : 5716, 1, 2020/11/30, 22:19:53.542, 1976853787363, testhost.dll, Testhost process exiting.
