TpTrace Information: 0 : 17264, 1, 2020/12/01, 05:07:20.248, 1702227307869, testhost.dll, DefaultEngineInvoker.Invoke: Testhost process started with args :[--port, 54837],[--endpoint, 127.0.0.1:054837],[--role, client],[--parentprocessid, 12000],[--diag, C:\Users\User\source\repos\VVSzadaca2\eParking\Testovi za zadatak 1\bin\Debug\fine-code-coverage\_outputfolder\diagnostics.host.20-12-01_05-07-20_10229_6.log],[--tracelevel, 4],[--datacollectionport, 54836],[--telemetryoptedin, false]
TpTrace Information: 0 : 17264, 1, 2020/12/01, 05:07:20.254, 1702227331767, testhost.dll, DefaultEngineInvoker.SetParentProcessExitCallback: Monitoring parent process with id: '12000'
TpTrace Information: 0 : 17264, 1, 2020/12/01, 05:07:20.262, 1702227415126, testhost.dll, DefaultEngineInvoker.GetConnectionInfo: Initialize communication on endpoint address: '127.0.0.1:054837'
TpTrace Information: 0 : 17264, 1, 2020/12/01, 05:07:20.275, 1702227548851, testhost.dll, SocketClient.Start: connecting to server endpoint: 127.0.0.1:054837
TpTrace Information: 0 : 17264, 1, 2020/12/01, 05:07:20.280, 1702227590617, testhost.dll, DefaultEngineInvoker.ConnectToDatacollector: Connecting to datacollector, port: 54836
TpTrace Information: 0 : 17264, 8, 2020/12/01, 05:07:20.281, 1702227608168, testhost.dll, SocketClient.OnServerConnected: connected to server endpoint: 127.0.0.1:054837
TpTrace Information: 0 : 17264, 1, 2020/12/01, 05:07:20.283, 1702227620204, testhost.dll, Trying to connect to server on socket : 127.0.0.1:54836 
TpTrace Verbose: 0 : 17264, 1, 2020/12/01, 05:07:20.283, 1702227625313, testhost.dll, SocketCommunicationManager : SetupClientAsync : Attempting to connect to the server.
TpTrace Verbose: 0 : 17264, 8, 2020/12/01, 05:07:20.284, 1702227631047, testhost.dll, Connected to server, and starting MessageLoopAsync
TpTrace Information: 0 : 17264, 9, 2020/12/01, 05:07:20.285, 1702227641780, testhost.dll, Connected to the server successfully 
TpTrace Information: 0 : 17264, 9, 2020/12/01, 05:07:20.285, 1702227643270, testhost.dll, Using the buffer size of 16384 bytes
TpTrace Information: 0 : 17264, 1, 2020/12/01, 05:07:20.285, 1702227648835, testhost.dll, DefaultEngineInvoker.Invoke: Start Request Processing.
TpTrace Information: 0 : 17264, 13, 2020/12/01, 05:07:20.286, 1702227657634, testhost.dll, DefaultEngineInvoker.StartProcessingAsync: Connected to vstest.console, Starting process requests.
TpTrace Verbose: 0 : 17264, 8, 2020/12/01, 05:07:20.287, 1702227660623, testhost.dll, TcpClientExtensions.MessageLoopAsync: Polling on remoteEndPoint: [::ffff:127.0.0.1]:54837 localEndPoint: [::ffff:127.0.0.1]:54838
TpTrace Verbose: 0 : 17264, 8, 2020/12/01, 05:07:20.287, 1702227663988, testhost.dll, TcpClientExtensions.MessageLoopAsync: NotifyDataAvailable remoteEndPoint: [::ffff:127.0.0.1]:54837 localEndPoint: [::ffff:127.0.0.1]:54838
TpTrace Information: 0 : 17264, 8, 2020/12/01, 05:07:20.398, 1702228772895, testhost.dll, TestRequestHandler.ProcessRequests: received message: (ProtocolVersion) -> 2
TpTrace Verbose: 0 : 17264, 8, 2020/12/01, 05:07:20.424, 1702229038054, testhost.dll, TestRequestHandler.SendData:  sending data from testhost: {"Version":2,"MessageType":"TestSession.Message","Payload":{"MessageLevel":0,"Message":"Logging TestHost Diagnostics in file: C:\\Users\\User\\source\\repos\\VVSzadaca2\\eParking\\Testovi za zadatak 1\\bin\\Debug\\fine-code-coverage\\_outputfolder\\diagnostics.host.20-12-01_05-07-20_10229_6.log"}}
TpTrace Verbose: 0 : 17264, 8, 2020/12/01, 05:07:20.425, 1702229040883, testhost.dll, TcpClientExtensions.MessageLoopAsync: Polling on remoteEndPoint: [::ffff:127.0.0.1]:54837 localEndPoint: [::ffff:127.0.0.1]:54838
TpTrace Verbose: 0 : 17264, 8, 2020/12/01, 05:07:20.425, 1702229042707, testhost.dll, TcpClientExtensions.MessageLoopAsync: NotifyDataAvailable remoteEndPoint: [::ffff:127.0.0.1]:54837 localEndPoint: [::ffff:127.0.0.1]:54838
TpTrace Information: 0 : 17264, 8, 2020/12/01, 05:07:20.428, 1702229075611, testhost.dll, TestRequestHandler.ProcessRequests: received message: (TestExecution.Initialize) -> [
  "C:\\Users\\User\\source\\repos\\VVSzadaca2\\eParking\\Testovi za zadatak 1\\bin\\Debug\\fine-code-coverage\\Microsoft.VisualStudio.TestPlatform.MSTest.TestAdapter.dll"
]
TpTrace Information: 0 : 17264, 8, 2020/12/01, 05:07:20.428, 1702229077894, testhost.dll, Execution Session Initialize.
TpTrace Verbose: 0 : 17264, 8, 2020/12/01, 05:07:20.435, 1702229146509, testhost.dll, TcpClientExtensions.MessageLoopAsync: Polling on remoteEndPoint: [::ffff:127.0.0.1]:54837 localEndPoint: [::ffff:127.0.0.1]:54838
TpTrace Verbose: 0 : 17264, 8, 2020/12/01, 05:07:20.435, 1702229149008, testhost.dll, TcpClientExtensions.MessageLoopAsync: NotifyDataAvailable remoteEndPoint: [::ffff:127.0.0.1]:54837 localEndPoint: [::ffff:127.0.0.1]:54838
TpTrace Verbose: 0 : 17264, 4, 2020/12/01, 05:07:20.437, 1702229166283, testhost.dll, TestExecutorService: Loading the extensions
TpTrace Information: 0 : 17264, 8, 2020/12/01, 05:07:20.439, 1702229181939, testhost.dll, TestRequestHandler.ProcessRequests: received message: (TestExecution.StartWithSources) -> {
  "AdapterSourceMap": {
    "_none_": [
      "C:\\Users\\User\\source\\repos\\VVSzadaca2\\eParking\\Testovi za zadatak 1\\bin\\Debug\\fine-code-coverage\\Testovi za zadatak 1.dll"
    ]
  },
  "RunSettings": "<RunSettings>\r\n  <RunConfiguration>\r\n    <ResultsDirectory>C:\\Users\\User\\source\\repos\\VVSzadaca2\\eParking\\Testovi za zadatak 1\\bin\\Debug\\fine-code-coverage\\_outputfolder</ResultsDirectory>\r\n    <TargetPlatform>X64</TargetPlatform>\r\n    <TargetFrameworkVersion>.NETCoreApp,Version=v3.1</TargetFrameworkVersion>\r\n    <DesignMode>False</DesignMode>\r\n    <CollectSourceInformation>False</CollectSourceInformation>\r\n  </RunConfiguration>\r\n  <LoggerRunSettings>\r\n    <Loggers>\r\n      <Logger friendlyName=\"blame\" enabled=\"True\" />\r\n      <Logger friendlyName=\"Console\" uri=\"logger://microsoft/TestPlatform/ConsoleLogger/v1\" assemblyQualifiedName=\"Microsoft.VisualStudio.TestPlatform.CommandLine.Internal.ConsoleLogger, vstest.console, Version=15.0.0.0, Culture=neutral, PublicKeyToken=b03f5f7f11d50a3a\" codeBase=\"C:\\Program Files\\dotnet\\sdk\\3.1.300\\vstest.console.dll\" enabled=\"True\" />\r\n    </Loggers>\r\n  </LoggerRunSettings>\r\n  <DataCollectionRunSettings>\r\n    <DataCollectors>\r\n      <DataCollector friendlyName=\"blame\" enabled=\"True\">\r\n        <Configuration>\r\n          <ResultsDirectory>C:\\Users\\User\\source\\repos\\VVSzadaca2\\eParking\\Testovi za zadatak 1\\bin\\Debug\\fine-code-coverage\\_outputfolder</ResultsDirectory>\r\n        </Configuration>\r\n      </DataCollector>\r\n    </DataCollectors>\r\n  </DataCollectionRunSettings>\r\n</RunSettings>",
  "TestExecutionContext": {
    "FrequencyOfRunStatsChangeEvent": 10,
    "RunStatsChangeEventTimeout": "00:00:01.5000000",
    "InIsolation": false,
    "KeepAlive": false,
    "AreTestCaseLevelEventsRequired": false,
    "IsDebug": false,
    "TestCaseFilter": null,
    "FilterOptions": null
  },
  "Package": null
}
TpTrace Verbose: 0 : 17264, 4, 2020/12/01, 05:07:20.439, 1702229184446, testhost.dll, TestPluginCache.DiscoverTestExtensions: finding test extensions in assemblies endswith: TestAdapter.dll TPluginInfo: Microsoft.VisualStudio.TestPlatform.Common.ExtensionFramework.Utilities.TestExecutorPluginInformation TExtension: Microsoft.VisualStudio.TestPlatform.ObjectModel.Adapter.ITestExecutor
TpTrace Information: 0 : 17264, 8, 2020/12/01, 05:07:20.439, 1702229184998, testhost.dll, Execution started.
TpTrace Verbose: 0 : 17264, 4, 2020/12/01, 05:07:20.440, 1702229196477, testhost.dll, TestPluginCache.GetExtensionPaths: Filtered extension paths: 
TpTrace Verbose: 0 : 17264, 4, 2020/12/01, 05:07:20.441, 1702229202283, testhost.dll, TestPluginCache.GetExtensionPaths: Added default extension paths: C:\Users\User\source\repos\VVSzadaca2\eParking\Testovi za zadatak 1\bin\Debug\fine-code-coverage\Microsoft.VisualStudio.TestPlatform.MSTest.TestAdapter.dll
TpTrace Verbose: 0 : 17264, 4, 2020/12/01, 05:07:20.441, 1702229204148, testhost.dll, TestPluginCache.GetExtensionPaths: Added unfilterableExtensionPaths: 
TpTrace Information: 0 : 17264, 4, 2020/12/01, 05:07:20.443, 1702229226798, testhost.dll, AssemblyResolver.ctor: Creating AssemblyResolver with searchDirectories C:\Users\User\source\repos\VVSzadaca2\eParking\Testovi za zadatak 1\bin\Debug\fine-code-coverage
TpTrace Verbose: 0 : 17264, 4, 2020/12/01, 05:07:20.445, 1702229245592, testhost.dll, TestPluginCache.DiscoverTestExtensions: Discovering the extensions using extension path.
TpTrace Verbose: 0 : 17264, 4, 2020/12/01, 05:07:20.445, 1702229247528, testhost.dll, TestPluginCache.GetExtensionPaths: Filtered extension paths: 
TpTrace Verbose: 0 : 17264, 4, 2020/12/01, 05:07:20.445, 1702229248834, testhost.dll, TestPluginCache.GetExtensionPaths: Added default extension paths: C:\Users\User\source\repos\VVSzadaca2\eParking\Testovi za zadatak 1\bin\Debug\fine-code-coverage\Microsoft.VisualStudio.TestPlatform.MSTest.TestAdapter.dll
TpTrace Verbose: 0 : 17264, 4, 2020/12/01, 05:07:20.446, 1702229250290, testhost.dll, TestPluginCache.GetExtensionPaths: Added unfilterableExtensionPaths: 
TpTrace Verbose: 0 : 17264, 4, 2020/12/01, 05:07:20.446, 1702229251755, testhost.dll, TestPluginCache.DiscoverTestExtensions: Discovering the extensions using allExtensionPaths: C:\Users\User\source\repos\VVSzadaca2\eParking\Testovi za zadatak 1\bin\Debug\fine-code-coverage\Microsoft.VisualStudio.TestPlatform.MSTest.TestAdapter.dll
TpTrace Information: 0 : 17264, 4, 2020/12/01, 05:07:20.447, 1702229260553, testhost.dll, AssemblyResolver.AddSearchDirectories: Adding more searchDirectories C:\Users\User\source\repos\VVSzadaca2\eParking\Testovi za zadatak 1\bin\Debug\fine-code-coverage
TpTrace Information: 0 : 17264, 4, 2020/12/01, 05:07:20.450, 1702229296644, testhost.dll, AssemblyResolver.OnResolve: Microsoft.VisualStudio.TestPlatform.MSTest.TestAdapter: Resolving assembly.
TpTrace Information: 0 : 17264, 4, 2020/12/01, 05:07:20.452, 1702229311947, testhost.dll, AssemblyResolver.OnResolve: Resolved assembly: Microsoft.VisualStudio.TestPlatform.MSTest.TestAdapter, from path: C:\Users\User\source\repos\VVSzadaca2\eParking\Testovi za zadatak 1\bin\Debug\fine-code-coverage\Microsoft.VisualStudio.TestPlatform.MSTest.TestAdapter.dll
TpTrace Information: 0 : 17264, 4, 2020/12/01, 05:07:20.454, 1702229335075, testhost.dll, AssemblyResolver.OnResolve: Microsoft.VisualStudio.TestPlatform.MSTestAdapter.PlatformServices.Interface: Resolving assembly.
TpTrace Information: 0 : 17264, 4, 2020/12/01, 05:07:20.455, 1702229341402, testhost.dll, AssemblyResolver.OnResolve: Resolved assembly: Microsoft.VisualStudio.TestPlatform.MSTestAdapter.PlatformServices.Interface, from path: C:\Users\User\source\repos\VVSzadaca2\eParking\Testovi za zadatak 1\bin\Debug\fine-code-coverage\Microsoft.VisualStudio.TestPlatform.MSTestAdapter.PlatformServices.Interface.dll
TpTrace Information: 0 : 17264, 4, 2020/12/01, 05:07:20.455, 1702229344271, testhost.dll, AssemblyResolver.OnResolve: Microsoft.VisualStudio.TestPlatform.MSTestAdapter.PlatformServices: Resolving assembly.
TpTrace Information: 0 : 17264, 4, 2020/12/01, 05:07:20.456, 1702229350411, testhost.dll, AssemblyResolver.OnResolve: Resolved assembly: Microsoft.VisualStudio.TestPlatform.MSTestAdapter.PlatformServices, from path: C:\Users\User\source\repos\VVSzadaca2\eParking\Testovi za zadatak 1\bin\Debug\fine-code-coverage\Microsoft.VisualStudio.TestPlatform.MSTestAdapter.PlatformServices.dll
TpTrace Verbose: 0 : 17264, 4, 2020/12/01, 05:07:20.459, 1702229389505, testhost.dll, TestPluginCache: Discovered the extensions using extension path ''.
TpTrace Verbose: 0 : 17264, 4, 2020/12/01, 05:07:20.460, 1702229394337, testhost.dll, TestPluginCache: Discoverers are ''.
TpTrace Verbose: 0 : 17264, 4, 2020/12/01, 05:07:20.460, 1702229395989, testhost.dll, TestPluginCache: Executors are 'executor://MSTestAdapter/v2'.
TpTrace Verbose: 0 : 17264, 4, 2020/12/01, 05:07:20.460, 1702229398030, testhost.dll, TestPluginCache: Setting providers are ''.
TpTrace Verbose: 0 : 17264, 4, 2020/12/01, 05:07:20.460, 1702229399864, testhost.dll, TestPluginCache: Loggers are ''.
TpTrace Verbose: 0 : 17264, 8, 2020/12/01, 05:07:20.462, 1702229413245, testhost.dll, TcpClientExtensions.MessageLoopAsync: Polling on remoteEndPoint: [::ffff:127.0.0.1]:54837 localEndPoint: [::ffff:127.0.0.1]:54838
TpTrace Information: 0 : 17264, 4, 2020/12/01, 05:07:20.466, 1702229455200, testhost.dll, TestPluginManager.CreateTestExtension: Attempting to load test extension: Microsoft.VisualStudio.TestPlatform.MSTest.TestAdapter.MSTestExecutor
TpTrace Verbose: 0 : 17264, 4, 2020/12/01, 05:07:20.469, 1702229485766, testhost.dll, TestExecutorExtensionManager: Loading executor Microsoft.VisualStudio.TestPlatform.MSTest.TestAdapter.MSTestExecutor
TpTrace Verbose: 0 : 17264, 4, 2020/12/01, 05:07:20.469, 1702229487142, testhost.dll, TestExecutorService: Loaded the executors
TpTrace Verbose: 0 : 17264, 4, 2020/12/01, 05:07:20.470, 1702229495647, testhost.dll, TestPluginCache.DiscoverTestExtensions: finding test extensions in assemblies endswith: TestAdapter.dll TPluginInfo: Microsoft.VisualStudio.TestPlatform.Common.ExtensionFramework.Utilities.TestSettingsProviderPluginInformation TExtension: Microsoft.VisualStudio.TestPlatform.ObjectModel.Adapter.ISettingsProvider
TpTrace Verbose: 0 : 17264, 4, 2020/12/01, 05:07:20.470, 1702229498799, testhost.dll, TestPluginCache.GetExtensionPaths: Filtered extension paths: 
TpTrace Verbose: 0 : 17264, 4, 2020/12/01, 05:07:20.470, 1702229500057, testhost.dll, TestPluginCache.GetExtensionPaths: Added default extension paths: C:\Users\User\source\repos\VVSzadaca2\eParking\Testovi za zadatak 1\bin\Debug\fine-code-coverage\Microsoft.VisualStudio.TestPlatform.MSTest.TestAdapter.dll
TpTrace Verbose: 0 : 17264, 4, 2020/12/01, 05:07:20.471, 1702229501306, testhost.dll, TestPluginCache.GetExtensionPaths: Added unfilterableExtensionPaths: 
TpTrace Information: 0 : 17264, 4, 2020/12/01, 05:07:20.471, 1702229503469, testhost.dll, AssemblyResolver.AddSearchDirectories: Adding more searchDirectories C:\Users\User\source\repos\VVSzadaca2\eParking\Testovi za zadatak 1\bin\Debug\fine-code-coverage
TpTrace Verbose: 0 : 17264, 4, 2020/12/01, 05:07:20.471, 1702229504828, testhost.dll, TestPluginCache.DiscoverTestExtensions: Discovering the extensions using extension path.
TpTrace Verbose: 0 : 17264, 4, 2020/12/01, 05:07:20.471, 1702229506030, testhost.dll, TestPluginCache.GetExtensionPaths: Filtered extension paths: 
TpTrace Verbose: 0 : 17264, 4, 2020/12/01, 05:07:20.471, 1702229507133, testhost.dll, TestPluginCache.GetExtensionPaths: Added default extension paths: C:\Users\User\source\repos\VVSzadaca2\eParking\Testovi za zadatak 1\bin\Debug\fine-code-coverage\Microsoft.VisualStudio.TestPlatform.MSTest.TestAdapter.dll
TpTrace Verbose: 0 : 17264, 4, 2020/12/01, 05:07:20.471, 1702229508219, testhost.dll, TestPluginCache.GetExtensionPaths: Added unfilterableExtensionPaths: 
TpTrace Verbose: 0 : 17264, 4, 2020/12/01, 05:07:20.471, 1702229509377, testhost.dll, TestPluginCache.DiscoverTestExtensions: Discovering the extensions using allExtensionPaths: C:\Users\User\source\repos\VVSzadaca2\eParking\Testovi za zadatak 1\bin\Debug\fine-code-coverage\Microsoft.VisualStudio.TestPlatform.MSTest.TestAdapter.dll
TpTrace Information: 0 : 17264, 4, 2020/12/01, 05:07:20.472, 1702229510576, testhost.dll, AssemblyResolver.AddSearchDirectories: Adding more searchDirectories C:\Users\User\source\repos\VVSzadaca2\eParking\Testovi za zadatak 1\bin\Debug\fine-code-coverage
TpTrace Verbose: 0 : 17264, 4, 2020/12/01, 05:07:20.472, 1702229513339, testhost.dll, TestPluginCache: Discovered the extensions using extension path ''.
TpTrace Verbose: 0 : 17264, 4, 2020/12/01, 05:07:20.472, 1702229514563, testhost.dll, TestPluginCache: Discoverers are ''.
TpTrace Verbose: 0 : 17264, 4, 2020/12/01, 05:07:20.472, 1702229515792, testhost.dll, TestPluginCache: Executors are 'executor://MSTestAdapter/v2'.
TpTrace Verbose: 0 : 17264, 4, 2020/12/01, 05:07:20.472, 1702229517167, testhost.dll, TestPluginCache: Setting providers are ''.
TpTrace Verbose: 0 : 17264, 4, 2020/12/01, 05:07:20.472, 1702229518295, testhost.dll, TestPluginCache: Loggers are ''.
TpTrace Verbose: 0 : 17264, 4, 2020/12/01, 05:07:20.473, 1702229527717, testhost.dll, TestExecutorService: Loaded the settings providers
TpTrace Information: 0 : 17264, 4, 2020/12/01, 05:07:20.473, 1702229529198, testhost.dll, TestExecutorService: Loaded the extensions
TpTrace Information: 0 : 17264, 4, 2020/12/01, 05:07:20.507, 1702229861276, testhost.dll, TestDiscoveryManager: Discovering tests from sources C:\Users\User\source\repos\VVSzadaca2\eParking\Testovi za zadatak 1\bin\Debug\fine-code-coverage\Testovi za zadatak 1.dll
TpTrace Verbose: 0 : 17264, 4, 2020/12/01, 05:07:20.509, 1702229883694, testhost.dll, TestPluginCache.DiscoverTestExtensions: finding test extensions in assemblies endswith: TestAdapter.dll TPluginInfo: Microsoft.VisualStudio.TestPlatform.Common.ExtensionFramework.Utilities.TestDiscovererPluginInformation TExtension: Microsoft.VisualStudio.TestPlatform.ObjectModel.Adapter.ITestDiscoverer
TpTrace Verbose: 0 : 17264, 4, 2020/12/01, 05:07:20.509, 1702229886573, testhost.dll, TestPluginCache.GetExtensionPaths: Filtered extension paths: 
TpTrace Verbose: 0 : 17264, 4, 2020/12/01, 05:07:20.509, 1702229888311, testhost.dll, TestPluginCache.GetExtensionPaths: Added default extension paths: C:\Users\User\source\repos\VVSzadaca2\eParking\Testovi za zadatak 1\bin\Debug\fine-code-coverage\Microsoft.VisualStudio.TestPlatform.MSTest.TestAdapter.dll
TpTrace Verbose: 0 : 17264, 4, 2020/12/01, 05:07:20.509, 1702229889872, testhost.dll, TestPluginCache.GetExtensionPaths: Added unfilterableExtensionPaths: 
TpTrace Information: 0 : 17264, 4, 2020/12/01, 05:07:20.510, 1702229892285, testhost.dll, AssemblyResolver.AddSearchDirectories: Adding more searchDirectories C:\Users\User\source\repos\VVSzadaca2\eParking\Testovi za zadatak 1\bin\Debug\fine-code-coverage
TpTrace Verbose: 0 : 17264, 4, 2020/12/01, 05:07:20.510, 1702229894218, testhost.dll, TestPluginCache.DiscoverTestExtensions: Discovering the extensions using extension path.
TpTrace Verbose: 0 : 17264, 4, 2020/12/01, 05:07:20.510, 1702229896017, testhost.dll, TestPluginCache.GetExtensionPaths: Filtered extension paths: 
TpTrace Verbose: 0 : 17264, 4, 2020/12/01, 05:07:20.510, 1702229897671, testhost.dll, TestPluginCache.GetExtensionPaths: Added default extension paths: C:\Users\User\source\repos\VVSzadaca2\eParking\Testovi za zadatak 1\bin\Debug\fine-code-coverage\Microsoft.VisualStudio.TestPlatform.MSTest.TestAdapter.dll
TpTrace Verbose: 0 : 17264, 4, 2020/12/01, 05:07:20.510, 1702229899328, testhost.dll, TestPluginCache.GetExtensionPaths: Added unfilterableExtensionPaths: 
TpTrace Verbose: 0 : 17264, 4, 2020/12/01, 05:07:20.511, 1702229900503, testhost.dll, TestPluginCache.DiscoverTestExtensions: Discovering the extensions using allExtensionPaths: C:\Users\User\source\repos\VVSzadaca2\eParking\Testovi za zadatak 1\bin\Debug\fine-code-coverage\Microsoft.VisualStudio.TestPlatform.MSTest.TestAdapter.dll
TpTrace Information: 0 : 17264, 4, 2020/12/01, 05:07:20.511, 1702229901766, testhost.dll, AssemblyResolver.AddSearchDirectories: Adding more searchDirectories C:\Users\User\source\repos\VVSzadaca2\eParking\Testovi za zadatak 1\bin\Debug\fine-code-coverage
TpTrace Verbose: 0 : 17264, 4, 2020/12/01, 05:07:20.513, 1702229923164, testhost.dll, TestPluginCache: Discovered the extensions using extension path ''.
TpTrace Verbose: 0 : 17264, 4, 2020/12/01, 05:07:20.513, 1702229924659, testhost.dll, TestPluginCache: Discoverers are 'Microsoft.VisualStudio.TestPlatform.MSTest.TestAdapter.MSTestDiscoverer, Microsoft.VisualStudio.TestPlatform.MSTest.TestAdapter, Version=14.0.0.0, Culture=neutral, PublicKeyToken=b03f5f7f11d50a3a'.
TpTrace Verbose: 0 : 17264, 4, 2020/12/01, 05:07:20.513, 1702229925864, testhost.dll, TestPluginCache: Executors are 'executor://MSTestAdapter/v2'.
TpTrace Verbose: 0 : 17264, 4, 2020/12/01, 05:07:20.513, 1702229927020, testhost.dll, TestPluginCache: Setting providers are ''.
TpTrace Verbose: 0 : 17264, 4, 2020/12/01, 05:07:20.513, 1702229928108, testhost.dll, TestPluginCache: Loggers are ''.
TpTrace Verbose: 0 : 17264, 4, 2020/12/01, 05:07:20.518, 1702229970345, testhost.dll, BaseRunTests.RunTestInternalWithExecutors: Running tests for executor://MSTestAdapter/v2
TpTrace Information: 0 : 17264, 4, 2020/12/01, 05:07:20.558, 1702230376859, testhost.dll, AssemblyResolver.OnResolve: Microsoft.VisualStudio.TestPlatform.MSTestAdapter.PlatformServices.resources: Resolving assembly.
TpTrace Information: 0 : 17264, 4, 2020/12/01, 05:07:20.558, 1702230379304, testhost.dll, AssemblyResolver.OnResolve: Microsoft.VisualStudio.TestPlatform.MSTestAdapter.PlatformServices.resources: Failed to load assembly.
TpTrace Information: 0 : 17264, 4, 2020/12/01, 05:07:20.559, 1702230382183, testhost.dll, AssemblyResolver.OnResolve: Microsoft.VisualStudio.TestPlatform.MSTestAdapter.PlatformServices.resources: Resolving assembly.
TpTrace Information: 0 : 17264, 4, 2020/12/01, 05:07:20.559, 1702230383565, testhost.dll, AssemblyResolver.OnResolve: Microsoft.VisualStudio.TestPlatform.MSTestAdapter.PlatformServices.resources: Resolved from cache.
TpTrace Verbose: 0 : 17264, 4, 2020/12/01, 05:07:20.571, 1702230504844, testhost.dll, TestExecutionRecorder.RecordStart: Starting test: Testovi_za_zadatak_1.UnitTest1.TestUpjesnogLogovanjaPrviPut.
TpTrace Verbose: 0 : 17264, 4, 2020/12/01, 05:07:20.665, 1702231447215, testhost.dll, TestExecutionRecorder.RecordEnd: test: Testovi_za_zadatak_1.UnitTest1.TestUpjesnogLogovanjaPrviPut execution completed.
TpTrace Verbose: 0 : 17264, 4, 2020/12/01, 05:07:20.688, 1702231673267, testhost.dll, TestExecutionRecorder.RecordResult: Received result for test: Testovi_za_zadatak_1.UnitTest1.TestUpjesnogLogovanjaPrviPut.
TpTrace Warning: 0 : 17264, 4, 2020/12/01, 05:07:20.691, 1702231704377, testhost.dll, InProgressTests is null
TpTrace Warning: 0 : 17264, 4, 2020/12/01, 05:07:20.693, 1702231722052, testhost.dll, TestRunCache: No test found corresponding to testResult 'TestUpjesnogLogovanjaPrviPut  Passed' in inProgress list.
TpTrace Verbose: 0 : 17264, 4, 2020/12/01, 05:07:20.693, 1702231724052, testhost.dll, TestExecutionRecorder.RecordStart: Starting test: Testovi_za_zadatak_1.UnitTest1.TestNeuspjesnogLogovanja.
TpTrace Verbose: 0 : 17264, 4, 2020/12/01, 05:07:20.697, 1702231764884, testhost.dll, TestExecutionRecorder.RecordEnd: test: Testovi_za_zadatak_1.UnitTest1.TestNeuspjesnogLogovanja execution completed.
TpTrace Verbose: 0 : 17264, 4, 2020/12/01, 05:07:20.698, 1702231778493, testhost.dll, TestExecutionRecorder.RecordResult: Received result for test: Testovi_za_zadatak_1.UnitTest1.TestNeuspjesnogLogovanja.
TpTrace Warning: 0 : 17264, 4, 2020/12/01, 05:07:20.698, 1702231780071, testhost.dll, InProgressTests is null
TpTrace Warning: 0 : 17264, 4, 2020/12/01, 05:07:20.699, 1702231781280, testhost.dll, TestRunCache: No test found corresponding to testResult 'TestNeuspjesnogLogovanja  Passed' in inProgress list.
TpTrace Verbose: 0 : 17264, 4, 2020/12/01, 05:07:20.699, 1702231782493, testhost.dll, TestExecutionRecorder.RecordStart: Starting test: Testovi_za_zadatak_1.UnitTest2.TestRezervacijeSaIsteklomClanarinom.
TpTrace Verbose: 0 : 17264, 4, 2020/12/01, 05:07:20.703, 1702231829632, testhost.dll, TestExecutionRecorder.RecordEnd: test: Testovi_za_zadatak_1.UnitTest2.TestRezervacijeSaIsteklomClanarinom execution completed.
TpTrace Verbose: 0 : 17264, 4, 2020/12/01, 05:07:20.705, 1702231845245, testhost.dll, TestExecutionRecorder.RecordResult: Received result for test: Testovi_za_zadatak_1.UnitTest2.TestRezervacijeSaIsteklomClanarinom.
TpTrace Warning: 0 : 17264, 4, 2020/12/01, 05:07:20.705, 1702231846757, testhost.dll, InProgressTests is null
TpTrace Warning: 0 : 17264, 4, 2020/12/01, 05:07:20.705, 1702231847963, testhost.dll, TestRunCache: No test found corresponding to testResult 'TestRezervacijeSaIsteklomClanarinom  Passed' in inProgress list.
TpTrace Verbose: 0 : 17264, 4, 2020/12/01, 05:07:20.705, 1702231849407, testhost.dll, TestExecutionRecorder.RecordStart: Starting test: Testovi_za_zadatak_1.UnitTest2.TestUspjesneRezervacije.
TpTrace Verbose: 0 : 17264, 4, 2020/12/01, 05:07:20.707, 1702231869601, testhost.dll, TestExecutionRecorder.RecordEnd: test: Testovi_za_zadatak_1.UnitTest2.TestUspjesneRezervacije execution completed.
TpTrace Verbose: 0 : 17264, 4, 2020/12/01, 05:07:20.709, 1702231882498, testhost.dll, TestExecutionRecorder.RecordResult: Received result for test: Testovi_za_zadatak_1.UnitTest2.TestUspjesneRezervacije.
TpTrace Warning: 0 : 17264, 4, 2020/12/01, 05:07:20.709, 1702231883971, testhost.dll, InProgressTests is null
TpTrace Warning: 0 : 17264, 4, 2020/12/01, 05:07:20.709, 1702231885164, testhost.dll, TestRunCache: No test found corresponding to testResult 'TestUspjesneRezervacije  Passed' in inProgress list.
TpTrace Verbose: 0 : 17264, 4, 2020/12/01, 05:07:20.709, 1702231886352, testhost.dll, TestExecutionRecorder.RecordStart: Starting test: Testovi_za_zadatak_1.UnitTest2.TestPonovneRezervacije.
TpTrace Verbose: 0 : 17264, 4, 2020/12/01, 05:07:20.711, 1702231902281, testhost.dll, TestExecutionRecorder.RecordEnd: test: Testovi_za_zadatak_1.UnitTest2.TestPonovneRezervacije execution completed.
TpTrace Verbose: 0 : 17264, 4, 2020/12/01, 05:07:20.712, 1702231917051, testhost.dll, TestExecutionRecorder.RecordResult: Received result for test: Testovi_za_zadatak_1.UnitTest2.TestPonovneRezervacije.
TpTrace Warning: 0 : 17264, 4, 2020/12/01, 05:07:20.712, 1702231918606, testhost.dll, InProgressTests is null
TpTrace Warning: 0 : 17264, 4, 2020/12/01, 05:07:20.712, 1702231919808, testhost.dll, TestRunCache: No test found corresponding to testResult 'TestPonovneRezervacije  Passed' in inProgress list.
TpTrace Verbose: 0 : 17264, 4, 2020/12/01, 05:07:20.713, 1702231921004, testhost.dll, TestExecutionRecorder.RecordStart: Starting test: Testovi_za_zadatak_1.UnitTestClan.TestGetMetodeClan.
TpTrace Verbose: 0 : 17264, 4, 2020/12/01, 05:07:20.716, 1702231955330, testhost.dll, TestExecutionRecorder.RecordEnd: test: Testovi_za_zadatak_1.UnitTestClan.TestGetMetodeClan execution completed.
TpTrace Verbose: 0 : 17264, 4, 2020/12/01, 05:07:20.717, 1702231968795, testhost.dll, TestExecutionRecorder.RecordResult: Received result for test: Testovi_za_zadatak_1.UnitTestClan.TestGetMetodeClan.
TpTrace Warning: 0 : 17264, 4, 2020/12/01, 05:07:20.718, 1702231970292, testhost.dll, InProgressTests is null
TpTrace Warning: 0 : 17264, 4, 2020/12/01, 05:07:20.718, 1702231971490, testhost.dll, TestRunCache: No test found corresponding to testResult 'TestGetMetodeClan  Passed' in inProgress list.
TpTrace Verbose: 0 : 17264, 4, 2020/12/01, 05:07:20.718, 1702231972687, testhost.dll, TestExecutionRecorder.RecordStart: Starting test: Testovi_za_zadatak_1.UnitTestClan.TestNeispravanFormat.
TpTrace Verbose: 0 : 17264, 4, 2020/12/01, 05:07:20.719, 1702231988527, testhost.dll, TestExecutionRecorder.RecordEnd: test: Testovi_za_zadatak_1.UnitTestClan.TestNeispravanFormat execution completed.
TpTrace Verbose: 0 : 17264, 4, 2020/12/01, 05:07:20.721, 1702232001137, testhost.dll, TestExecutionRecorder.RecordResult: Received result for test: Testovi_za_zadatak_1.UnitTestClan.TestNeispravanFormat.
TpTrace Warning: 0 : 17264, 4, 2020/12/01, 05:07:20.721, 1702232002597, testhost.dll, InProgressTests is null
TpTrace Warning: 0 : 17264, 4, 2020/12/01, 05:07:20.721, 1702232003764, testhost.dll, TestRunCache: No test found corresponding to testResult 'TestNeispravanFormat  Passed' in inProgress list.
TpTrace Verbose: 0 : 17264, 4, 2020/12/01, 05:07:20.721, 1702232004930, testhost.dll, TestExecutionRecorder.RecordStart: Starting test: Testovi_za_zadatak_1.UnitTestClan.TestOtkazivanjeRezervacije.
TpTrace Verbose: 0 : 17264, 4, 2020/12/01, 05:07:20.723, 1702232021606, testhost.dll, TestExecutionRecorder.RecordEnd: test: Testovi_za_zadatak_1.UnitTestClan.TestOtkazivanjeRezervacije execution completed.
TpTrace Verbose: 0 : 17264, 4, 2020/12/01, 05:07:20.724, 1702232034004, testhost.dll, TestExecutionRecorder.RecordResult: Received result for test: Testovi_za_zadatak_1.UnitTestClan.TestOtkazivanjeRezervacije.
TpTrace Warning: 0 : 17264, 4, 2020/12/01, 05:07:20.724, 1702232035460, testhost.dll, InProgressTests is null
TpTrace Warning: 0 : 17264, 4, 2020/12/01, 05:07:20.724, 1702232036671, testhost.dll, TestRunCache: No test found corresponding to testResult 'TestOtkazivanjeRezervacije  Passed' in inProgress list.
TpTrace Verbose: 0 : 17264, 4, 2020/12/01, 05:07:20.724, 1702232037914, testhost.dll, TestExecutionRecorder.RecordStart: Starting test: Testovi_za_zadatak_1.UnitTestKorisnik.TestGetMetodeKorisnik.
TpTrace Verbose: 0 : 17264, 4, 2020/12/01, 05:07:20.726, 1702232058955, testhost.dll, TestExecutionRecorder.RecordEnd: test: Testovi_za_zadatak_1.UnitTestKorisnik.TestGetMetodeKorisnik execution completed.
TpTrace Verbose: 0 : 17264, 4, 2020/12/01, 05:07:20.728, 1702232073125, testhost.dll, TestExecutionRecorder.RecordResult: Received result for test: Testovi_za_zadatak_1.UnitTestKorisnik.TestGetMetodeKorisnik.
TpTrace Warning: 0 : 17264, 4, 2020/12/01, 05:07:20.728, 1702232074587, testhost.dll, InProgressTests is null
TpTrace Warning: 0 : 17264, 4, 2020/12/01, 05:07:20.728, 1702232075775, testhost.dll, TestRunCache: No test found corresponding to testResult 'TestGetMetodeKorisnik  Passed' in inProgress list.
TpTrace Verbose: 0 : 17264, 4, 2020/12/01, 05:07:20.728, 1702232076957, testhost.dll, TestExecutionRecorder.RecordStart: Starting test: Testovi_za_zadatak_1.UnitTestKorisnik.TestNeispravnoKorisničkoIme.
TpTrace Information: 0 : 17264, 4, 2020/12/01, 05:07:20.730, 1702232095833, testhost.dll, Sending test run statistics
TpTrace Verbose: 0 : 17264, 4, 2020/12/01, 05:07:20.755, 1702232342540, testhost.dll, TestRequestHandler.SendData:  sending data from testhost: {"Version":2,"MessageType":"TestExecution.StatsChange","Payload":{"NewTestResults":[{"TestCase":{"Id":"781dc7d7-8fb4-525e-b582-cc4e3cbec6ff","FullyQualifiedName":"Testovi_za_zadatak_1.UnitTest1.TestUpjesnogLogovanjaPrviPut","DisplayName":"TestUpjesnogLogovanjaPrviPut","ExecutorUri":"executor://MSTestAdapter/v2","Source":"C:\\Users\\User\\source\\repos\\VVSzadaca2\\eParking\\Testovi za zadatak 1\\bin\\Debug\\fine-code-coverage\\Testovi za zadatak 1.dll","CodeFilePath":null,"LineNumber":-1,"Properties":[{"Key":{"Id":"MSTestDiscoverer.TestClassName","Label":"ClassName","Category":"","Description":"","Attributes":1,"ValueType":"System.String"},"Value":"Testovi_za_zadatak_1.UnitTest1"},{"Key":{"Id":"TestObject.Traits","Label":"Traits","Category":"","Description":"","Attributes":5,"ValueType":"System.Collections.Generic.KeyValuePair`2[[System.String],[System.String]][]"},"Value":[]}]},"Attachments":[],"Outcome":1,"ErrorMessage":null,"ErrorStackTrace":null,"DisplayName":null,"Messages":[],"ComputerName":null,"Duration":"00:00:00.0174656","StartTime":"2020-12-01T05:07:20.6206625+01:00","EndTime":"2020-12-01T05:07:20.6622914+01:00","Properties":[{"Key":{"Id":"ExecutionId","Label":"ExecutionId","Category":"","Description":"","Attributes":1,"ValueType":"System.Guid"},"Value":"00000000-0000-0000-0000-000000000000"},{"Key":{"Id":"ParentExecId","Label":"ParentExecId","Category":"","Description":"","Attributes":1,"ValueType":"System.Guid"},"Value":"00000000-0000-0000-0000-000000000000"},{"Key":{"Id":"InnerResultsCount","Label":"InnerResultsCount","Category":"","Description":"","Attributes":1,"ValueType":"System.Int32"},"Value":0}]},{"TestCase":{"Id":"194a2042-c737-7d8d-0412-a82cbea53d52","FullyQualifiedName":"Testovi_za_zadatak_1.UnitTest1.TestNeuspjesnogLogovanja","DisplayName":"TestNeuspjesnogLogovanja","ExecutorUri":"executor://MSTestAdapter/v2","Source":"C:\\Users\\User\\source\\repos\\VVSzadaca2\\eParking\\Testovi za zadatak 1\\bin\\Debug\\fine-code-coverage\\Testovi za zadatak 1.dll","CodeFilePath":null,"LineNumber":-1,"Properties":[{"Key":{"Id":"MSTestDiscoverer.TestClassName","Label":"ClassName","Category":"","Description":"","Attributes":1,"ValueType":"System.String"},"Value":"Testovi_za_zadatak_1.UnitTest1"},{"Key":{"Id":"TestObject.Traits","Label":"Traits","Category":"","Description":"","Attributes":5,"ValueType":"System.Collections.Generic.KeyValuePair`2[[System.String],[System.String]][]"},"Value":[]}]},"Attachments":[],"Outcome":1,"ErrorMessage":null,"ErrorStackTrace":null,"DisplayName":null,"Messages":[],"ComputerName":null,"Duration":"00:00:00.0001803","StartTime":"2020-12-01T05:07:20.6971145+01:00","EndTime":"2020-12-01T05:07:20.697459+01:00","Properties":[{"Key":{"Id":"ExecutionId","Label":"ExecutionId","Category":"","Description":"","Attributes":1,"ValueType":"System.Guid"},"Value":"00000000-0000-0000-0000-000000000000"},{"Key":{"Id":"ParentExecId","Label":"ParentExecId","Category":"","Description":"","Attributes":1,"ValueType":"System.Guid"},"Value":"00000000-0000-0000-0000-000000000000"},{"Key":{"Id":"InnerResultsCount","Label":"InnerResultsCount","Category":"","Description":"","Attributes":1,"ValueType":"System.Int32"},"Value":0}]},{"TestCase":{"Id":"ec6ccc20-1316-af6a-d68a-73e847cc9d5d","FullyQualifiedName":"Testovi_za_zadatak_1.UnitTest2.TestRezervacijeSaIsteklomClanarinom","DisplayName":"TestRezervacijeSaIsteklomClanarinom","ExecutorUri":"executor://MSTestAdapter/v2","Source":"C:\\Users\\User\\source\\repos\\VVSzadaca2\\eParking\\Testovi za zadatak 1\\bin\\Debug\\fine-code-coverage\\Testovi za zadatak 1.dll","CodeFilePath":null,"LineNumber":-1,"Properties":[{"Key":{"Id":"MSTestDiscoverer.TestClassName","Label":"ClassName","Category":"","Description":"","Attributes":1,"ValueType":"System.String"},"Value":"Testovi_za_zadatak_1.UnitTest2"},{"Key":{"Id":"TestObject.Traits","Label":"Traits","Category":"","Description":"","Attributes":5,"ValueType":"System.Collections.Generic.KeyValuePair`2[[System.String],[System.String]][]"},"Value":[]}]},"Attachments":[],"Outcome":1,"ErrorMessage":null,"ErrorStackTrace":null,"DisplayName":null,"Messages":[],"ComputerName":null,"Duration":"00:00:00.0020190","StartTime":"2020-12-01T05:07:20.7002233+01:00","EndTime":"2020-12-01T05:07:20.7039326+01:00","Properties":[{"Key":{"Id":"ExecutionId","Label":"ExecutionId","Category":"","Description":"","Attributes":1,"ValueType":"System.Guid"},"Value":"00000000-0000-0000-0000-000000000000"},{"Key":{"Id":"ParentExecId","Label":"ParentExecId","Category":"","Description":"","Attributes":1,"ValueType":"System.Guid"},"Value":"00000000-0000-0000-0000-000000000000"},{"Key":{"Id":"InnerResultsCount","Label":"InnerResultsCount","Category":"","Description":"","Attributes":1,"ValueType":"System.Int32"},"Value":0}]},{"TestCase":{"Id":"73c779c6-8673-de7a-082e-4cdd59256d16","FullyQualifiedName":"Testovi_za_zadatak_1.UnitTest2.TestUspjesneRezervacije","DisplayName":"TestUspjesneRezervacije","ExecutorUri":"executor://MSTestAdapter/v2","Source":"C:\\Users\\User\\source\\repos\\VVSzadaca2\\eParking\\Testovi za zadatak 1\\bin\\Debug\\fine-code-coverage\\Testovi za zadatak 1.dll","CodeFilePath":null,"LineNumber":-1,"Properties":[{"Key":{"Id":"MSTestDiscoverer.TestClassName","Label":"ClassName","Category":"","Description":"","Attributes":1,"ValueType":"System.String"},"Value":"Testovi_za_zadatak_1.UnitTest2"},{"Key":{"Id":"TestObject.Traits","Label":"Traits","Category":"","Description":"","Attributes":5,"ValueType":"System.Collections.Generic.KeyValuePair`2[[System.String],[System.String]][]"},"Value":[]}]},"Attachments":[],"Outcome":1,"ErrorMessage":null,"ErrorStackTrace":null,"DisplayName":null,"Messages":[],"ComputerName":null,"Duration":"00:00:00.0009133","StartTime":"2020-12-01T05:07:20.7069269+01:00","EndTime":"2020-12-01T05:07:20.707935+01:00","Properties":[{"Key":{"Id":"ExecutionId","Label":"ExecutionId","Category":"","Description":"","Attributes":1,"ValueType":"System.Guid"},"Value":"00000000-0000-0000-0000-000000000000"},{"Key":{"Id":"ParentExecId","Label":"ParentExecId","Category":"","Description":"","Attributes":1,"ValueType":"System.Guid"},"Value":"00000000-0000-0000-0000-000000000000"},{"Key":{"Id":"InnerResultsCount","Label":"InnerResultsCount","Category":"","Description":"","Attributes":1,"ValueType":"System.Int32"},"Value":0}]},{"TestCase":{"Id":"2216986d-83f6-cc4d-23a0-b8a0fd6ee0ea","FullyQualifiedName":"Testovi_za_zadatak_1.UnitTest2.TestPonovneRezervacije","DisplayName":"TestPonovneRezervacije","ExecutorUri":"executor://MSTestAdapter/v2","Source":"C:\\Users\\User\\source\\repos\\VVSzadaca2\\eParking\\Testovi za zadatak 1\\bin\\Debug\\fine-code-coverage\\Testovi za zadatak 1.dll","CodeFilePath":null,"LineNumber":-1,"Properties":[{"Key":{"Id":"MSTestDiscoverer.TestClassName","Label":"ClassName","Category":"","Description":"","Attributes":1,"ValueType":"System.String"},"Value":"Testovi_za_zadatak_1.UnitTest2"},{"Key":{"Id":"TestObject.Traits","Label":"Traits","Category":"","Description":"","Attributes":5,"ValueType":"System.Collections.Generic.KeyValuePair`2[[System.String],[System.String]][]"},"Value":[]}]},"Attachments":[],"Outcome":1,"ErrorMessage":null,"ErrorStackTrace":null,"DisplayName":null,"Messages":[],"ComputerName":null,"Duration":"00:00:00.0004413","StartTime":"2020-12-01T05:07:20.7106438+01:00","EndTime":"2020-12-01T05:07:20.7112021+01:00","Properties":[{"Key":{"Id":"ExecutionId","Label":"ExecutionId","Category":"","Description":"","Attributes":1,"ValueType":"System.Guid"},"Value":"00000000-0000-0000-0000-000000000000"},{"Key":{"Id":"ParentExecId","Label":"ParentExecId","Category":"","Description":"","Attributes":1,"ValueType":"System.Guid"},"Value":"00000000-0000-0000-0000-000000000000"},{"Key":{"Id":"InnerResultsCount","Label":"InnerResultsCount","Category":"","Description":"","Attributes":1,"ValueType":"System.Int32"},"Value":0}]},{"TestCase":{"Id":"44eac80d-cdd7-fca5-6e80-d73b6917f669","FullyQualifiedName":"Testovi_za_zadatak_1.UnitTestClan.TestGetMetodeClan","DisplayName":"TestGetMetodeClan","ExecutorUri":"executor://MSTestAdapter/v2","Source":"C:\\Users\\User\\source\\repos\\VVSzadaca2\\eParking\\Testovi za zadatak 1\\bin\\Debug\\fine-code-coverage\\Testovi za zadatak 1.dll","CodeFilePath":null,"LineNumber":-1,"Properties":[{"Key":{"Id":"MSTestDiscoverer.TestClassName","Label":"ClassName","Category":"","Description":"","Attributes":1,"ValueType":"System.String"},"Value":"Testovi_za_zadatak_1.UnitTestClan"},{"Key":{"Id":"TestObject.Traits","Label":"Traits","Category":"","Description":"","Attributes":5,"ValueType":"System.Collections.Generic.KeyValuePair`2[[System.String],[System.String]][]"},"Value":[]}]},"Attachments":[],"Outcome":1,"ErrorMessage":null,"ErrorStackTrace":null,"DisplayName":null,"Messages":[],"ComputerName":null,"Duration":"00:00:00.0006210","StartTime":"2020-12-01T05:07:20.7140453+01:00","EndTime":"2020-12-01T05:07:20.7165044+01:00","Properties":[{"Key":{"Id":"ExecutionId","Label":"ExecutionId","Category":"","Description":"","Attributes":1,"ValueType":"System.Guid"},"Value":"00000000-0000-0000-0000-000000000000"},{"Key":{"Id":"ParentExecId","Label":"ParentExecId","Category":"","Description":"","Attributes":1,"ValueType":"System.Guid"},"Value":"00000000-0000-0000-0000-000000000000"},{"Key":{"Id":"InnerResultsCount","Label":"InnerResultsCount","Category":"","Description":"","Attributes":1,"ValueType":"System.Int32"},"Value":0}]},{"TestCase":{"Id":"d3d62b12-b68d-dd08-e204-c9d376d321d3","FullyQualifiedName":"Testovi_za_zadatak_1.UnitTestClan.TestNeispravanFormat","DisplayName":"TestNeispravanFormat","ExecutorUri":"executor://MSTestAdapter/v2","Source":"C:\\Users\\User\\source\\repos\\VVSzadaca2\\eParking\\Testovi za zadatak 1\\bin\\Debug\\fine-code-coverage\\Testovi za zadatak 1.dll","CodeFilePath":null,"LineNumber":-1,"Properties":[{"Key":{"Id":"MSTestDiscoverer.TestClassName","Label":"ClassName","Category":"","Description":"","Attributes":1,"ValueType":"System.String"},"Value":"Testovi_za_zadatak_1.UnitTestClan"},{"Key":{"Id":"TestObject.Traits","Label":"Traits","Category":"","Description":"","Attributes":5,"ValueType":"System.Collections.Generic.KeyValuePair`2[[System.String],[System.String]][]"},"Value":[]}]},"Attachments":[],"Outcome":1,"ErrorMessage":null,"ErrorStackTrace":null,"DisplayName":null,"Messages":[],"ComputerName":null,"Duration":"00:00:00.0004800","StartTime":"2020-12-01T05:07:20.7192331+01:00","EndTime":"2020-12-01T05:07:20.7198273+01:00","Properties":[{"Key":{"Id":"ExecutionId","Label":"ExecutionId","Category":"","Description":"","Attributes":1,"ValueType":"System.Guid"},"Value":"00000000-0000-0000-0000-000000000000"},{"Key":{"Id":"ParentExecId","Label":"ParentExecId","Category":"","Description":"","Attributes":1,"ValueType":"System.Guid"},"Value":"00000000-0000-0000-0000-000000000000"},{"Key":{"Id":"InnerResultsCount","Label":"InnerResultsCount","Category":"","Description":"","Attributes":1,"ValueType":"System.Int32"},"Value":0}]},{"TestCase":{"Id":"99dc0c66-cc30-f84d-e14f-fda8c3eefb71","FullyQualifiedName":"Testovi_za_zadatak_1.UnitTestClan.TestOtkazivanjeRezervacije","DisplayName":"TestOtkazivanjeRezervacije","ExecutorUri":"executor://MSTestAdapter/v2","Source":"C:\\Users\\User\\source\\repos\\VVSzadaca2\\eParking\\Testovi za zadatak 1\\bin\\Debug\\fine-code-coverage\\Testovi za zadatak 1.dll","CodeFilePath":null,"LineNumber":-1,"Properties":[{"Key":{"Id":"MSTestDiscoverer.TestClassName","Label":"ClassName","Category":"","Description":"","Attributes":1,"ValueType":"System.String"},"Value":"Testovi_za_zadatak_1.UnitTestClan"},{"Key":{"Id":"TestObject.Traits","Label":"Traits","Category":"","Description":"","Attributes":5,"ValueType":"System.Collections.Generic.KeyValuePair`2[[System.String],[System.String]][]"},"Value":[]}]},"Attachments":[],"Outcome":1,"ErrorMessage":null,"ErrorStackTrace":null,"DisplayName":null,"Messages":[],"ComputerName":null,"Duration":"00:00:00.0003976","StartTime":"2020-12-01T05:07:20.7226648+01:00","EndTime":"2020-12-01T05:07:20.7231368+01:00","Properties":[{"Key":{"Id":"ExecutionId","Label":"ExecutionId","Category":"","Description":"","Attributes":1,"ValueType":"System.Guid"},"Value":"00000000-0000-0000-0000-000000000000"},{"Key":{"Id":"ParentExecId","Label":"ParentExecId","Category":"","Description":"","Attributes":1,"ValueType":"System.Guid"},"Value":"00000000-0000-0000-0000-000000000000"},{"Key":{"Id":"InnerResultsCount","Label":"InnerResultsCount","Category":"","Description":"","Attributes":1,"ValueType":"System.Int32"},"Value":0}]},{"TestCase":{"Id":"b3936bb5-bbdf-113f-48d5-a93c1a363c30","FullyQualifiedName":"Testovi_za_zadatak_1.UnitTestKorisnik.TestGetMetodeKorisnik","DisplayName":"TestGetMetodeKorisnik","ExecutorUri":"executor://MSTestAdapter/v2","Source":"C:\\Users\\User\\source\\repos\\VVSzadaca2\\eParking\\Testovi za zadatak 1\\bin\\Debug\\fine-code-coverage\\Testovi za zadatak 1.dll","CodeFilePath":null,"LineNumber":-1,"Properties":[{"Key":{"Id":"MSTestDiscoverer.TestClassName","Label":"ClassName","Category":"","Description":"","Attributes":1,"ValueType":"System.String"},"Value":"Testovi_za_zadatak_1.UnitTestKorisnik"},{"Key":{"Id":"TestObject.Traits","Label":"Traits","Category":"","Description":"","Attributes":5,"ValueType":"System.Collections.Generic.KeyValuePair`2[[System.String],[System.String]][]"},"Value":[]}]},"Attachments":[],"Outcome":1,"ErrorMessage":null,"ErrorStackTrace":null,"DisplayName":null,"Messages":[],"ComputerName":null,"Duration":"00:00:00.0006789","StartTime":"2020-12-01T05:07:20.7258309+01:00","EndTime":"2020-12-01T05:07:20.7268693+01:00","Properties":[{"Key":{"Id":"ExecutionId","Label":"ExecutionId","Category":"","Description":"","Attributes":1,"ValueType":"System.Guid"},"Value":"00000000-0000-0000-0000-000000000000"},{"Key":{"Id":"ParentExecId","Label":"ParentExecId","Category":"","Description":"","Attributes":1,"ValueType":"System.Guid"},"Value":"00000000-0000-0000-0000-000000000000"},{"Key":{"Id":"InnerResultsCount","Label":"InnerResultsCount","Category":"","Description":"","Attributes":1,"ValueType":"System.Int32"},"Value":0}]}],"TestRunStatistics":{"ExecutedTests":9,"Stats":{"Passed":9}},"ActiveTests":[{"Id":"e911a22d-653b-66d6-1ab2-f1ad4fd20515","FullyQualifiedName":"Testovi_za_zadatak_1.UnitTestKorisnik.TestNeispravnoKorisničkoIme","DisplayName":"TestNeispravnoKorisničkoIme","ExecutorUri":"executor://MSTestAdapter/v2","Source":"C:\\Users\\User\\source\\repos\\VVSzadaca2\\eParking\\Testovi za zadatak 1\\bin\\Debug\\fine-code-coverage\\Testovi za zadatak 1.dll","CodeFilePath":null,"LineNumber":-1,"Properties":[{"Key":{"Id":"MSTestDiscoverer.TestClassName","Label":"ClassName","Category":"","Description":"","Attributes":1,"ValueType":"System.String"},"Value":"Testovi_za_zadatak_1.UnitTestKorisnik"},{"Key":{"Id":"TestObject.Traits","Label":"Traits","Category":"","Description":"","Attributes":5,"ValueType":"System.Collections.Generic.KeyValuePair`2[[System.String],[System.String]][]"},"Value":[]}]}]}}
TpTrace Verbose: 0 : 17264, 4, 2020/12/01, 05:07:20.755, 1702232349435, testhost.dll, TestRunCache: OnNewTestResult: Notified the onCacheHit callback.
TpTrace Verbose: 0 : 17264, 4, 2020/12/01, 05:07:20.760, 1702232398730, testhost.dll, TestExecutionRecorder.RecordEnd: test: Testovi_za_zadatak_1.UnitTestKorisnik.TestNeispravnoKorisničkoIme execution completed.
TpTrace Warning: 0 : 17264, 4, 2020/12/01, 05:07:20.761, 1702232401125, testhost.dll, InProgressTests is null
TpTrace Verbose: 0 : 17264, 4, 2020/12/01, 05:07:20.763, 1702232422420, testhost.dll, TestExecutionRecorder.RecordResult: Received result for test: Testovi_za_zadatak_1.UnitTestKorisnik.TestNeispravnoKorisničkoIme.
TpTrace Warning: 0 : 17264, 4, 2020/12/01, 05:07:20.763, 1702232424152, testhost.dll, InProgressTests is null
TpTrace Warning: 0 : 17264, 4, 2020/12/01, 05:07:20.763, 1702232425512, testhost.dll, TestRunCache: No test found corresponding to testResult 'TestNeispravnoKorisničkoIme  Passed' in inProgress list.
TpTrace Verbose: 0 : 17264, 4, 2020/12/01, 05:07:20.763, 1702232426745, testhost.dll, TestExecutionRecorder.RecordStart: Starting test: Testovi_za_zadatak_1.UnitTestKorisnik.TestNeispravnaAdresa.
TpTrace Verbose: 0 : 17264, 4, 2020/12/01, 05:07:20.766, 1702232451134, testhost.dll, TestExecutionRecorder.RecordEnd: test: Testovi_za_zadatak_1.UnitTestKorisnik.TestNeispravnaAdresa execution completed.
TpTrace Verbose: 0 : 17264, 4, 2020/12/01, 05:07:20.768, 1702232470870, testhost.dll, TestExecutionRecorder.RecordResult: Received result for test: Testovi_za_zadatak_1.UnitTestKorisnik.TestNeispravnaAdresa.
TpTrace Warning: 0 : 17264, 4, 2020/12/01, 05:07:20.768, 1702232472552, testhost.dll, InProgressTests is null
TpTrace Warning: 0 : 17264, 4, 2020/12/01, 05:07:20.768, 1702232473767, testhost.dll, TestRunCache: No test found corresponding to testResult 'TestNeispravnaAdresa  Passed' in inProgress list.
TpTrace Verbose: 0 : 17264, 4, 2020/12/01, 05:07:20.768, 1702232474989, testhost.dll, TestExecutionRecorder.RecordStart: Starting test: Testovi_za_zadatak_1.UnitTestLokacija.TestUspješnaRezervacija.
TpTrace Verbose: 0 : 17264, 4, 2020/12/01, 05:07:20.770, 1702232498049, testhost.dll, TestExecutionRecorder.RecordEnd: test: Testovi_za_zadatak_1.UnitTestLokacija.TestUspješnaRezervacija execution completed.
TpTrace Verbose: 0 : 17264, 4, 2020/12/01, 05:07:20.773, 1702232520593, testhost.dll, TestExecutionRecorder.RecordResult: Received result for test: Testovi_za_zadatak_1.UnitTestLokacija.TestUspješnaRezervacija.
TpTrace Warning: 0 : 17264, 4, 2020/12/01, 05:07:20.773, 1702232522802, testhost.dll, InProgressTests is null
TpTrace Warning: 0 : 17264, 4, 2020/12/01, 05:07:20.773, 1702232524543, testhost.dll, TestRunCache: No test found corresponding to testResult 'TestUspješnaRezervacija  Passed' in inProgress list.
TpTrace Verbose: 0 : 17264, 4, 2020/12/01, 05:07:20.773, 1702232526369, testhost.dll, TestExecutionRecorder.RecordStart: Starting test: Testovi_za_zadatak_1.UnitTestLokacija.TestRezervacijaParkingaSaIsteklomČlanarinom.
TpTrace Verbose: 0 : 17264, 4, 2020/12/01, 05:07:20.775, 1702232548473, testhost.dll, TestExecutionRecorder.RecordEnd: test: Testovi_za_zadatak_1.UnitTestLokacija.TestRezervacijaParkingaSaIsteklomČlanarinom execution completed.
TpTrace Verbose: 0 : 17264, 4, 2020/12/01, 05:07:20.777, 1702232563788, testhost.dll, TestExecutionRecorder.RecordResult: Received result for test: Testovi_za_zadatak_1.UnitTestLokacija.TestRezervacijaParkingaSaIsteklomČlanarinom.
TpTrace Warning: 0 : 17264, 4, 2020/12/01, 05:07:20.777, 1702232566016, testhost.dll, InProgressTests is null
TpTrace Warning: 0 : 17264, 4, 2020/12/01, 05:07:20.777, 1702232567649, testhost.dll, TestRunCache: No test found corresponding to testResult 'TestRezervacijaParkingaSaIsteklomČlanarinom  Passed' in inProgress list.
TpTrace Verbose: 0 : 17264, 4, 2020/12/01, 05:07:20.777, 1702232569747, testhost.dll, TestExecutionRecorder.RecordStart: Starting test: Testovi_za_zadatak_1.UnitTestLokacija.TestRezervacijaParkingaSaZauzetimMjestima.
TpTrace Verbose: 0 : 17264, 4, 2020/12/01, 05:07:20.779, 1702232589903, testhost.dll, TestExecutionRecorder.RecordEnd: test: Testovi_za_zadatak_1.UnitTestLokacija.TestRezervacijaParkingaSaZauzetimMjestima execution completed.
TpTrace Verbose: 0 : 17264, 4, 2020/12/01, 05:07:20.781, 1702232603664, testhost.dll, TestExecutionRecorder.RecordResult: Received result for test: Testovi_za_zadatak_1.UnitTestLokacija.TestRezervacijaParkingaSaZauzetimMjestima.
TpTrace Warning: 0 : 17264, 4, 2020/12/01, 05:07:20.781, 1702232606028, testhost.dll, InProgressTests is null
TpTrace Warning: 0 : 17264, 4, 2020/12/01, 05:07:20.781, 1702232607389, testhost.dll, TestRunCache: No test found corresponding to testResult 'TestRezervacijaParkingaSaZauzetimMjestima  Passed' in inProgress list.
TpTrace Verbose: 0 : 17264, 4, 2020/12/01, 05:07:20.781, 1702232608704, testhost.dll, TestExecutionRecorder.RecordStart: Starting test: Testovi_za_zadatak_1.UnitTestLokacija3.TestIzuzetakPriSvimZauzetimMjestima.
TpTrace Verbose: 0 : 17264, 4, 2020/12/01, 05:07:20.784, 1702232631081, testhost.dll, TestExecutionRecorder.RecordEnd: test: Testovi_za_zadatak_1.UnitTestLokacija3.TestIzuzetakPriSvimZauzetimMjestima execution completed.
TpTrace Verbose: 0 : 17264, 4, 2020/12/01, 05:07:20.785, 1702232645625, testhost.dll, TestExecutionRecorder.RecordResult: Received result for test: Testovi_za_zadatak_1.UnitTestLokacija3.TestIzuzetakPriSvimZauzetimMjestima.
TpTrace Warning: 0 : 17264, 4, 2020/12/01, 05:07:20.785, 1702232647268, testhost.dll, InProgressTests is null
TpTrace Warning: 0 : 17264, 4, 2020/12/01, 05:07:20.785, 1702232648477, testhost.dll, TestRunCache: No test found corresponding to testResult 'TestIzuzetakPriSvimZauzetimMjestima  Passed' in inProgress list.
TpTrace Verbose: 0 : 17264, 4, 2020/12/01, 05:07:20.785, 1702232649682, testhost.dll, TestExecutionRecorder.RecordStart: Starting test: Testovi_za_zadatak_1.UnitTestLokacija3.TestOslobodiZauzetoMjesto.
TpTrace Verbose: 0 : 17264, 4, 2020/12/01, 05:07:20.787, 1702232666468, testhost.dll, TestExecutionRecorder.RecordEnd: test: Testovi_za_zadatak_1.UnitTestLokacija3.TestOslobodiZauzetoMjesto execution completed.
TpTrace Verbose: 0 : 17264, 4, 2020/12/01, 05:07:20.789, 1702232684325, testhost.dll, TestExecutionRecorder.RecordResult: Received result for test: Testovi_za_zadatak_1.UnitTestLokacija3.TestOslobodiZauzetoMjesto.
TpTrace Warning: 0 : 17264, 4, 2020/12/01, 05:07:20.789, 1702232686166, testhost.dll, InProgressTests is null
TpTrace Warning: 0 : 17264, 4, 2020/12/01, 05:07:20.789, 1702232687461, testhost.dll, TestRunCache: No test found corresponding to testResult 'TestOslobodiZauzetoMjesto  Passed' in inProgress list.
TpTrace Verbose: 0 : 17264, 4, 2020/12/01, 05:07:20.789, 1702232688744, testhost.dll, TestExecutionRecorder.RecordStart: Starting test: Testovi_za_zadatak_1.UnitTestLokacija3.TestGetMetodeLokacija.
TpTrace Verbose: 0 : 17264, 4, 2020/12/01, 05:07:20.792, 1702232710852, testhost.dll, TestExecutionRecorder.RecordEnd: test: Testovi_za_zadatak_1.UnitTestLokacija3.TestGetMetodeLokacija execution completed.
TpTrace Verbose: 0 : 17264, 4, 2020/12/01, 05:07:20.793, 1702232725107, testhost.dll, TestExecutionRecorder.RecordResult: Received result for test: Testovi_za_zadatak_1.UnitTestLokacija3.TestGetMetodeLokacija.
TpTrace Warning: 0 : 17264, 4, 2020/12/01, 05:07:20.793, 1702232726755, testhost.dll, InProgressTests is null
TpTrace Warning: 0 : 17264, 4, 2020/12/01, 05:07:20.793, 1702232727950, testhost.dll, TestRunCache: No test found corresponding to testResult 'TestGetMetodeLokacija  Passed' in inProgress list.
TpTrace Verbose: 0 : 17264, 4, 2020/12/01, 05:07:20.793, 1702232729252, testhost.dll, TestExecutionRecorder.RecordStart: Starting test: Testovi_za_zadatak_1.UnitTestLokacija3.TestNeispravanFormatNaziva.
TpTrace Verbose: 0 : 17264, 4, 2020/12/01, 05:07:20.795, 1702232745592, testhost.dll, TestExecutionRecorder.RecordEnd: test: Testovi_za_zadatak_1.UnitTestLokacija3.TestNeispravanFormatNaziva execution completed.
TpTrace Verbose: 0 : 17264, 4, 2020/12/01, 05:07:20.796, 1702232759572, testhost.dll, TestExecutionRecorder.RecordResult: Received result for test: Testovi_za_zadatak_1.UnitTestLokacija3.TestNeispravanFormatNaziva.
TpTrace Warning: 0 : 17264, 4, 2020/12/01, 05:07:20.797, 1702232761160, testhost.dll, InProgressTests is null
TpTrace Warning: 0 : 17264, 4, 2020/12/01, 05:07:20.797, 1702232762416, testhost.dll, TestRunCache: No test found corresponding to testResult 'TestNeispravanFormatNaziva  Passed' in inProgress list.
TpTrace Verbose: 0 : 17264, 4, 2020/12/01, 05:07:20.797, 1702232763627, testhost.dll, TestExecutionRecorder.RecordStart: Starting test: Testovi_za_zadatak_1.UnitTestLokacija3.TestNeispravanFormatCijene.
TpTrace Information: 0 : 17264, 4, 2020/12/01, 05:07:20.797, 1702232764888, testhost.dll, Sending test run statistics
TpTrace Verbose: 0 : 17264, 4, 2020/12/01, 05:07:20.798, 1702232776316, testhost.dll, TestRequestHandler.SendData:  sending data from testhost: {"Version":2,"MessageType":"TestExecution.StatsChange","Payload":{"NewTestResults":[{"TestCase":{"Id":"e911a22d-653b-66d6-1ab2-f1ad4fd20515","FullyQualifiedName":"Testovi_za_zadatak_1.UnitTestKorisnik.TestNeispravnoKorisničkoIme","DisplayName":"TestNeispravnoKorisničkoIme","ExecutorUri":"executor://MSTestAdapter/v2","Source":"C:\\Users\\User\\source\\repos\\VVSzadaca2\\eParking\\Testovi za zadatak 1\\bin\\Debug\\fine-code-coverage\\Testovi za zadatak 1.dll","CodeFilePath":null,"LineNumber":-1,"Properties":[{"Key":{"Id":"MSTestDiscoverer.TestClassName","Label":"ClassName","Category":"","Description":"","Attributes":1,"ValueType":"System.String"},"Value":"Testovi_za_zadatak_1.UnitTestKorisnik"},{"Key":{"Id":"TestObject.Traits","Label":"Traits","Category":"","Description":"","Attributes":5,"ValueType":"System.Collections.Generic.KeyValuePair`2[[System.String],[System.String]][]"},"Value":[]}]},"Attachments":[],"Outcome":1,"ErrorMessage":null,"ErrorStackTrace":null,"DisplayName":null,"Messages":[],"ComputerName":null,"Duration":"00:00:00.0007005","StartTime":"2020-12-01T05:07:20.7598739+01:00","EndTime":"2020-12-01T05:07:20.7608369+01:00","Properties":[{"Key":{"Id":"ExecutionId","Label":"ExecutionId","Category":"","Description":"","Attributes":1,"ValueType":"System.Guid"},"Value":"00000000-0000-0000-0000-000000000000"},{"Key":{"Id":"ParentExecId","Label":"ParentExecId","Category":"","Description":"","Attributes":1,"ValueType":"System.Guid"},"Value":"00000000-0000-0000-0000-000000000000"},{"Key":{"Id":"InnerResultsCount","Label":"InnerResultsCount","Category":"","Description":"","Attributes":1,"ValueType":"System.Int32"},"Value":0}]},{"TestCase":{"Id":"c705025b-f2a2-f75d-6173-2aa005ee1337","FullyQualifiedName":"Testovi_za_zadatak_1.UnitTestKorisnik.TestNeispravnaAdresa","DisplayName":"TestNeispravnaAdresa","ExecutorUri":"executor://MSTestAdapter/v2","Source":"C:\\Users\\User\\source\\repos\\VVSzadaca2\\eParking\\Testovi za zadatak 1\\bin\\Debug\\fine-code-coverage\\Testovi za zadatak 1.dll","CodeFilePath":null,"LineNumber":-1,"Properties":[{"Key":{"Id":"MSTestDiscoverer.TestClassName","Label":"ClassName","Category":"","Description":"","Attributes":1,"ValueType":"System.String"},"Value":"Testovi_za_zadatak_1.UnitTestKorisnik"},{"Key":{"Id":"TestObject.Traits","Label":"Traits","Category":"","Description":"","Attributes":5,"ValueType":"System.Collections.Generic.KeyValuePair`2[[System.String],[System.String]][]"},"Value":[]}]},"Attachments":[],"Outcome":1,"ErrorMessage":null,"ErrorStackTrace":null,"DisplayName":null,"Messages":[],"ComputerName":null,"Duration":"00:00:00.0005146","StartTime":"2020-12-01T05:07:20.7653703+01:00","EndTime":"2020-12-01T05:07:20.7660846+01:00","Properties":[{"Key":{"Id":"ExecutionId","Label":"ExecutionId","Category":"","Description":"","Attributes":1,"ValueType":"System.Guid"},"Value":"00000000-0000-0000-0000-000000000000"},{"Key":{"Id":"ParentExecId","Label":"ParentExecId","Category":"","Description":"","Attributes":1,"ValueType":"System.Guid"},"Value":"00000000-0000-0000-0000-000000000000"},{"Key":{"Id":"InnerResultsCount","Label":"InnerResultsCount","Category":"","Description":"","Attributes":1,"ValueType":"System.Int32"},"Value":0}]},{"TestCase":{"Id":"fb4821e6-24a4-0ae0-b05b-61a7e78ce992","FullyQualifiedName":"Testovi_za_zadatak_1.UnitTestLokacija.TestUspješnaRezervacija","DisplayName":"TestUspješnaRezervacija","ExecutorUri":"executor://MSTestAdapter/v2","Source":"C:\\Users\\User\\source\\repos\\VVSzadaca2\\eParking\\Testovi za zadatak 1\\bin\\Debug\\fine-code-coverage\\Testovi za zadatak 1.dll","CodeFilePath":null,"LineNumber":-1,"Properties":[{"Key":{"Id":"MSTestDiscoverer.TestClassName","Label":"ClassName","Category":"","Description":"","Attributes":1,"ValueType":"System.String"},"Value":"Testovi_za_zadatak_1.UnitTestLokacija"},{"Key":{"Id":"TestObject.Traits","Label":"Traits","Category":"","Description":"","Attributes":5,"ValueType":"System.Collections.Generic.KeyValuePair`2[[System.String],[System.String]][]"},"Value":[]}]},"Attachments":[],"Outcome":1,"ErrorMessage":null,"ErrorStackTrace":null,"DisplayName":null,"Messages":[],"ComputerName":null,"Duration":"00:00:00.0002208","StartTime":"2020-12-01T05:07:20.7701558+01:00","EndTime":"2020-12-01T05:07:20.7707788+01:00","Properties":[{"Key":{"Id":"ExecutionId","Label":"ExecutionId","Category":"","Description":"","Attributes":1,"ValueType":"System.Guid"},"Value":"00000000-0000-0000-0000-000000000000"},{"Key":{"Id":"ParentExecId","Label":"ParentExecId","Category":"","Description":"","Attributes":1,"ValueType":"System.Guid"},"Value":"00000000-0000-0000-0000-000000000000"},{"Key":{"Id":"InnerResultsCount","Label":"InnerResultsCount","Category":"","Description":"","Attributes":1,"ValueType":"System.Int32"},"Value":0}]},{"TestCase":{"Id":"eb29726f-f8bf-521a-f673-84633ec4e8fa","FullyQualifiedName":"Testovi_za_zadatak_1.UnitTestLokacija.TestRezervacijaParkingaSaIsteklomČlanarinom","DisplayName":"TestRezervacijaParkingaSaIsteklomČlanarinom","ExecutorUri":"executor://MSTestAdapter/v2","Source":"C:\\Users\\User\\source\\repos\\VVSzadaca2\\eParking\\Testovi za zadatak 1\\bin\\Debug\\fine-code-coverage\\Testovi za zadatak 1.dll","CodeFilePath":null,"LineNumber":-1,"Properties":[{"Key":{"Id":"MSTestDiscoverer.TestClassName","Label":"ClassName","Category":"","Description":"","Attributes":1,"ValueType":"System.String"},"Value":"Testovi_za_zadatak_1.UnitTestLokacija"},{"Key":{"Id":"TestObject.Traits","Label":"Traits","Category":"","Description":"","Attributes":5,"ValueType":"System.Collections.Generic.KeyValuePair`2[[System.String],[System.String]][]"},"Value":[]}]},"Attachments":[],"Outcome":1,"ErrorMessage":null,"ErrorStackTrace":null,"DisplayName":null,"Messages":[],"ComputerName":null,"Duration":"00:00:00.0005481","StartTime":"2020-12-01T05:07:20.7750291+01:00","EndTime":"2020-12-01T05:07:20.7758164+01:00","Properties":[{"Key":{"Id":"ExecutionId","Label":"ExecutionId","Category":"","Description":"","Attributes":1,"ValueType":"System.Guid"},"Value":"00000000-0000-0000-0000-000000000000"},{"Key":{"Id":"ParentExecId","Label":"ParentExecId","Category":"","Description":"","Attributes":1,"ValueType":"System.Guid"},"Value":"00000000-0000-0000-0000-000000000000"},{"Key":{"Id":"InnerResultsCount","Label":"InnerResultsCount","Category":"","Description":"","Attributes":1,"ValueType":"System.Int32"},"Value":0}]},{"TestCase":{"Id":"8f2373a6-042c-d23e-ab37-bbc863bb19b0","FullyQualifiedName":"Testovi_za_zadatak_1.UnitTestLokacija.TestRezervacijaParkingaSaZauzetimMjestima","DisplayName":"TestRezervacijaParkingaSaZauzetimMjestima","ExecutorUri":"executor://MSTestAdapter/v2","Source":"C:\\Users\\User\\source\\repos\\VVSzadaca2\\eParking\\Testovi za zadatak 1\\bin\\Debug\\fine-code-coverage\\Testovi za zadatak 1.dll","CodeFilePath":null,"LineNumber":-1,"Properties":[{"Key":{"Id":"MSTestDiscoverer.TestClassName","Label":"ClassName","Category":"","Description":"","Attributes":1,"ValueType":"System.String"},"Value":"Testovi_za_zadatak_1.UnitTestLokacija"},{"Key":{"Id":"TestObject.Traits","Label":"Traits","Category":"","Description":"","Attributes":5,"ValueType":"System.Collections.Generic.KeyValuePair`2[[System.String],[System.String]][]"},"Value":[]}]},"Attachments":[],"Outcome":1,"ErrorMessage":null,"ErrorStackTrace":null,"DisplayName":null,"Messages":[],"ComputerName":null,"Duration":"00:00:00.0004739","StartTime":"2020-12-01T05:07:20.7792552+01:00","EndTime":"2020-12-01T05:07:20.7799621+01:00","Properties":[{"Key":{"Id":"ExecutionId","Label":"ExecutionId","Category":"","Description":"","Attributes":1,"ValueType":"System.Guid"},"Value":"00000000-0000-0000-0000-000000000000"},{"Key":{"Id":"ParentExecId","Label":"ParentExecId","Category":"","Description":"","Attributes":1,"ValueType":"System.Guid"},"Value":"00000000-0000-0000-0000-000000000000"},{"Key":{"Id":"InnerResultsCount","Label":"InnerResultsCount","Category":"","Description":"","Attributes":1,"ValueType":"System.Int32"},"Value":0}]},{"TestCase":{"Id":"829afae9-2cd0-1627-2ab6-65996b6dc80c","FullyQualifiedName":"Testovi_za_zadatak_1.UnitTestLokacija3.TestIzuzetakPriSvimZauzetimMjestima","DisplayName":"TestIzuzetakPriSvimZauzetimMjestima","ExecutorUri":"executor://MSTestAdapter/v2","Source":"C:\\Users\\User\\source\\repos\\VVSzadaca2\\eParking\\Testovi za zadatak 1\\bin\\Debug\\fine-code-coverage\\Testovi za zadatak 1.dll","CodeFilePath":null,"LineNumber":-1,"Properties":[{"Key":{"Id":"MSTestDiscoverer.TestClassName","Label":"ClassName","Category":"","Description":"","Attributes":1,"ValueType":"System.String"},"Value":"Testovi_za_zadatak_1.UnitTestLokacija3"},{"Key":{"Id":"TestObject.Traits","Label":"Traits","Category":"","Description":"","Attributes":5,"ValueType":"System.Collections.Generic.KeyValuePair`2[[System.String],[System.String]][]"},"Value":[]}]},"Attachments":[],"Outcome":1,"ErrorMessage":null,"ErrorStackTrace":null,"DisplayName":null,"Messages":[],"ComputerName":null,"Duration":"00:00:00.0005085","StartTime":"2020-12-01T05:07:20.7830589+01:00","EndTime":"2020-12-01T05:07:20.7840742+01:00","Properties":[{"Key":{"Id":"ExecutionId","Label":"ExecutionId","Category":"","Description":"","Attributes":1,"ValueType":"System.Guid"},"Value":"00000000-0000-0000-0000-000000000000"},{"Key":{"Id":"ParentExecId","Label":"ParentExecId","Category":"","Description":"","Attributes":1,"ValueType":"System.Guid"},"Value":"00000000-0000-0000-0000-000000000000"},{"Key":{"Id":"InnerResultsCount","Label":"InnerResultsCount","Category":"","Description":"","Attributes":1,"ValueType":"System.Int32"},"Value":0}]},{"TestCase":{"Id":"6fe0f35f-1b6a-f8ef-aaf0-14fc928bcbbc","FullyQualifiedName":"Testovi_za_zadatak_1.UnitTestLokacija3.TestOslobodiZauzetoMjesto","DisplayName":"TestOslobodiZauzetoMjesto","ExecutorUri":"executor://MSTestAdapter/v2","Source":"C:\\Users\\User\\source\\repos\\VVSzadaca2\\eParking\\Testovi za zadatak 1\\bin\\Debug\\fine-code-coverage\\Testovi za zadatak 1.dll","CodeFilePath":null,"LineNumber":-1,"Properties":[{"Key":{"Id":"MSTestDiscoverer.TestClassName","Label":"ClassName","Category":"","Description":"","Attributes":1,"ValueType":"System.String"},"Value":"Testovi_za_zadatak_1.UnitTestLokacija3"},{"Key":{"Id":"TestObject.Traits","Label":"Traits","Category":"","Description":"","Attributes":5,"ValueType":"System.Collections.Generic.KeyValuePair`2[[System.String],[System.String]][]"},"Value":[]}]},"Attachments":[],"Outcome":1,"ErrorMessage":null,"ErrorStackTrace":null,"DisplayName":null,"Messages":[],"ComputerName":null,"Duration":"00:00:00.0003016","StartTime":"2020-12-01T05:07:20.7872177+01:00","EndTime":"2020-12-01T05:07:20.7876203+01:00","Properties":[{"Key":{"Id":"ExecutionId","Label":"ExecutionId","Category":"","Description":"","Attributes":1,"ValueType":"System.Guid"},"Value":"00000000-0000-0000-0000-000000000000"},{"Key":{"Id":"ParentExecId","Label":"ParentExecId","Category":"","Description":"","Attributes":1,"ValueType":"System.Guid"},"Value":"00000000-0000-0000-0000-000000000000"},{"Key":{"Id":"InnerResultsCount","Label":"InnerResultsCount","Category":"","Description":"","Attributes":1,"ValueType":"System.Int32"},"Value":0}]},{"TestCase":{"Id":"b05f3e55-b4a3-9f33-70ae-081183b2919b","FullyQualifiedName":"Testovi_za_zadatak_1.UnitTestLokacija3.TestGetMetodeLokacija","DisplayName":"TestGetMetodeLokacija","ExecutorUri":"executor://MSTestAdapter/v2","Source":"C:\\Users\\User\\source\\repos\\VVSzadaca2\\eParking\\Testovi za zadatak 1\\bin\\Debug\\fine-code-coverage\\Testovi za zadatak 1.dll","CodeFilePath":null,"LineNumber":-1,"Properties":[{"Key":{"Id":"MSTestDiscoverer.TestClassName","Label":"ClassName","Category":"","Description":"","Attributes":1,"ValueType":"System.String"},"Value":"Testovi_za_zadatak_1.UnitTestLokacija3"},{"Key":{"Id":"TestObject.Traits","Label":"Traits","Category":"","Description":"","Attributes":5,"ValueType":"System.Collections.Generic.KeyValuePair`2[[System.String],[System.String]][]"},"Value":[]}]},"Attachments":[],"Outcome":1,"ErrorMessage":null,"ErrorStackTrace":null,"DisplayName":null,"Messages":[],"ComputerName":null,"Duration":"00:00:00.0008495","StartTime":"2020-12-01T05:07:20.7910375+01:00","EndTime":"2020-12-01T05:07:20.7920522+01:00","Properties":[{"Key":{"Id":"ExecutionId","Label":"ExecutionId","Category":"","Description":"","Attributes":1,"ValueType":"System.Guid"},"Value":"00000000-0000-0000-0000-000000000000"},{"Key":{"Id":"ParentExecId","Label":"ParentExecId","Category":"","Description":"","Attributes":1,"ValueType":"System.Guid"},"Value":"00000000-0000-0000-0000-000000000000"},{"Key":{"Id":"InnerResultsCount","Label":"InnerResultsCount","Category":"","Description":"","Attributes":1,"ValueType":"System.Int32"},"Value":0}]},{"TestCase":{"Id":"07845edc-5f68-46a2-4947-b8d120dd3cfe","FullyQualifiedName":"Testovi_za_zadatak_1.UnitTestLokacija3.TestNeispravanFormatNaziva","DisplayName":"TestNeispravanFormatNaziva","ExecutorUri":"executor://MSTestAdapter/v2","Source":"C:\\Users\\User\\source\\repos\\VVSzadaca2\\eParking\\Testovi za zadatak 1\\bin\\Debug\\fine-code-coverage\\Testovi za zadatak 1.dll","CodeFilePath":null,"LineNumber":-1,"Properties":[{"Key":{"Id":"MSTestDiscoverer.TestClassName","Label":"ClassName","Category":"","Description":"","Attributes":1,"ValueType":"System.String"},"Value":"Testovi_za_zadatak_1.UnitTestLokacija3"},{"Key":{"Id":"TestObject.Traits","Label":"Traits","Category":"","Description":"","Attributes":5,"ValueType":"System.Collections.Generic.KeyValuePair`2[[System.String],[System.String]][]"},"Value":[]}]},"Attachments":[],"Outcome":1,"ErrorMessage":null,"ErrorStackTrace":null,"DisplayName":null,"Messages":[],"ComputerName":null,"Duration":"00:00:00.0004557","StartTime":"2020-12-01T05:07:20.7949334+01:00","EndTime":"2020-12-01T05:07:20.7955317+01:00","Properties":[{"Key":{"Id":"ExecutionId","Label":"ExecutionId","Category":"","Description":"","Attributes":1,"ValueType":"System.Guid"},"Value":"00000000-0000-0000-0000-000000000000"},{"Key":{"Id":"ParentExecId","Label":"ParentExecId","Category":"","Description":"","Attributes":1,"ValueType":"System.Guid"},"Value":"00000000-0000-0000-0000-000000000000"},{"Key":{"Id":"InnerResultsCount","Label":"InnerResultsCount","Category":"","Description":"","Attributes":1,"ValueType":"System.Int32"},"Value":0}]}],"TestRunStatistics":{"ExecutedTests":18,"Stats":{"Passed":18}},"ActiveTests":[{"Id":"3104dfa9-9cb5-27a8-d248-8602f259eef1","FullyQualifiedName":"Testovi_za_zadatak_1.UnitTestLokacija3.TestNeispravanFormatCijene","DisplayName":"TestNeispravanFormatCijene","ExecutorUri":"executor://MSTestAdapter/v2","Source":"C:\\Users\\User\\source\\repos\\VVSzadaca2\\eParking\\Testovi za zadatak 1\\bin\\Debug\\fine-code-coverage\\Testovi za zadatak 1.dll","CodeFilePath":null,"LineNumber":-1,"Properties":[{"Key":{"Id":"MSTestDiscoverer.TestClassName","Label":"ClassName","Category":"","Description":"","Attributes":1,"ValueType":"System.String"},"Value":"Testovi_za_zadatak_1.UnitTestLokacija3"},{"Key":{"Id":"TestObject.Traits","Label":"Traits","Category":"","Description":"","Attributes":5,"ValueType":"System.Collections.Generic.KeyValuePair`2[[System.String],[System.String]][]"},"Value":[]}]}]}}
TpTrace Verbose: 0 : 17264, 4, 2020/12/01, 05:07:20.799, 1702232786776, testhost.dll, TestRunCache: OnNewTestResult: Notified the onCacheHit callback.
TpTrace Verbose: 0 : 17264, 4, 2020/12/01, 05:07:20.801, 1702232804807, testhost.dll, TestExecutionRecorder.RecordEnd: test: Testovi_za_zadatak_1.UnitTestLokacija3.TestNeispravanFormatCijene execution completed.
TpTrace Warning: 0 : 17264, 4, 2020/12/01, 05:07:20.801, 1702232806377, testhost.dll, InProgressTests is null
TpTrace Verbose: 0 : 17264, 4, 2020/12/01, 05:07:20.802, 1702232819867, testhost.dll, TestExecutionRecorder.RecordResult: Received result for test: Testovi_za_zadatak_1.UnitTestLokacija3.TestNeispravanFormatCijene.
TpTrace Warning: 0 : 17264, 4, 2020/12/01, 05:07:20.803, 1702232821389, testhost.dll, InProgressTests is null
TpTrace Warning: 0 : 17264, 4, 2020/12/01, 05:07:20.803, 1702232822624, testhost.dll, TestRunCache: No test found corresponding to testResult 'TestNeispravanFormatCijene  Passed' in inProgress list.
TpTrace Verbose: 0 : 17264, 4, 2020/12/01, 05:07:20.803, 1702232823836, testhost.dll, TestExecutionRecorder.RecordStart: Starting test: Testovi_za_zadatak_1.UnitTestLokacija3.TestNeispravanFormatKapaciteta.
TpTrace Verbose: 0 : 17264, 4, 2020/12/01, 05:07:20.805, 1702232842090, testhost.dll, TestExecutionRecorder.RecordEnd: test: Testovi_za_zadatak_1.UnitTestLokacija3.TestNeispravanFormatKapaciteta execution completed.
TpTrace Verbose: 0 : 17264, 4, 2020/12/01, 05:07:20.806, 1702232855790, testhost.dll, TestExecutionRecorder.RecordResult: Received result for test: Testovi_za_zadatak_1.UnitTestLokacija3.TestNeispravanFormatKapaciteta.
TpTrace Warning: 0 : 17264, 4, 2020/12/01, 05:07:20.806, 1702232858015, testhost.dll, InProgressTests is null
TpTrace Warning: 0 : 17264, 4, 2020/12/01, 05:07:20.806, 1702232859760, testhost.dll, TestRunCache: No test found corresponding to testResult 'TestNeispravanFormatKapaciteta  Passed' in inProgress list.
TpTrace Verbose: 0 : 17264, 4, 2020/12/01, 05:07:20.807, 1702232861520, testhost.dll, TestExecutionRecorder.RecordStart: Starting test: Testovi_za_zadatak_1.UnitTestLokacija3.TestKonstruktorSaIzuzetkom.
TpTrace Verbose: 0 : 17264, 4, 2020/12/01, 05:07:20.809, 1702232881264, testhost.dll, TestExecutionRecorder.RecordEnd: test: Testovi_za_zadatak_1.UnitTestLokacija3.TestKonstruktorSaIzuzetkom execution completed.
TpTrace Verbose: 0 : 17264, 4, 2020/12/01, 05:07:20.810, 1702232896387, testhost.dll, TestExecutionRecorder.RecordResult: Received result for test: Testovi_za_zadatak_1.UnitTestLokacija3.TestKonstruktorSaIzuzetkom.
TpTrace Warning: 0 : 17264, 4, 2020/12/01, 05:07:20.810, 1702232898630, testhost.dll, InProgressTests is null
TpTrace Warning: 0 : 17264, 4, 2020/12/01, 05:07:20.811, 1702232900396, testhost.dll, TestRunCache: No test found corresponding to testResult 'TestKonstruktorSaIzuzetkom  Passed' in inProgress list.
TpTrace Verbose: 0 : 17264, 4, 2020/12/01, 05:07:20.811, 1702232902220, testhost.dll, TestExecutionRecorder.RecordStart: Starting test: Testovi_za_zadatak_1.UnitTestParking.TestUspjesneRezervacije.
TpTrace Verbose: 0 : 17264, 4, 2020/12/01, 05:07:20.815, 1702232949692, testhost.dll, TestExecutionRecorder.RecordEnd: test: Testovi_za_zadatak_1.UnitTestParking.TestUspjesneRezervacije execution completed.
TpTrace Verbose: 0 : 17264, 4, 2020/12/01, 05:07:20.818, 1702232970369, testhost.dll, TestExecutionRecorder.RecordResult: Received result for test: Testovi_za_zadatak_1.UnitTestParking.TestUspjesneRezervacije.
TpTrace Warning: 0 : 17264, 4, 2020/12/01, 05:07:20.818, 1702232972177, testhost.dll, InProgressTests is null
TpTrace Warning: 0 : 17264, 4, 2020/12/01, 05:07:20.818, 1702232973410, testhost.dll, TestRunCache: No test found corresponding to testResult 'TestUspjesneRezervacije  Passed' in inProgress list.
TpTrace Verbose: 0 : 17264, 4, 2020/12/01, 05:07:20.818, 1702232974645, testhost.dll, TestExecutionRecorder.RecordStart: Starting test: Testovi_za_zadatak_1.UnitTestParking.TestRezervacijeKorisnikNijeClan.
TpTrace Verbose: 0 : 17264, 4, 2020/12/01, 05:07:20.821, 1702233002650, testhost.dll, TestExecutionRecorder.RecordEnd: test: Testovi_za_zadatak_1.UnitTestParking.TestRezervacijeKorisnikNijeClan execution completed.
TpTrace Verbose: 0 : 17264, 4, 2020/12/01, 05:07:20.822, 1702233019982, testhost.dll, TestExecutionRecorder.RecordResult: Received result for test: Testovi_za_zadatak_1.UnitTestParking.TestRezervacijeKorisnikNijeClan.
TpTrace Warning: 0 : 17264, 4, 2020/12/01, 05:07:20.823, 1702233022137, testhost.dll, InProgressTests is null
TpTrace Warning: 0 : 17264, 4, 2020/12/01, 05:07:20.823, 1702233023379, testhost.dll, TestRunCache: No test found corresponding to testResult 'TestRezervacijeKorisnikNijeClan  Passed' in inProgress list.
TpTrace Verbose: 0 : 17264, 4, 2020/12/01, 05:07:20.823, 1702233024921, testhost.dll, TestExecutionRecorder.RecordStart: Starting test: Testovi_za_zadatak_1.UnitTestParking.TestRezervacijeKorisnikVecRezervisao.
TpTrace Verbose: 0 : 17264, 4, 2020/12/01, 05:07:20.825, 1702233046446, testhost.dll, TestExecutionRecorder.RecordEnd: test: Testovi_za_zadatak_1.UnitTestParking.TestRezervacijeKorisnikVecRezervisao execution completed.
TpTrace Verbose: 0 : 17264, 4, 2020/12/01, 05:07:20.827, 1702233062709, testhost.dll, TestExecutionRecorder.RecordResult: Received result for test: Testovi_za_zadatak_1.UnitTestParking.TestRezervacijeKorisnikVecRezervisao.
TpTrace Warning: 0 : 17264, 4, 2020/12/01, 05:07:20.827, 1702233065116, testhost.dll, InProgressTests is null
TpTrace Warning: 0 : 17264, 4, 2020/12/01, 05:07:20.827, 1702233066327, testhost.dll, TestRunCache: No test found corresponding to testResult 'TestRezervacijeKorisnikVecRezervisao  Passed' in inProgress list.
TpTrace Verbose: 0 : 17264, 4, 2020/12/01, 05:07:20.827, 1702233067571, testhost.dll, TestExecutionRecorder.RecordStart: Starting test: Testovi_za_zadatak_1.UnitTestParking3.TestDodavanjeKorisnikaKojiNijeČlan.
TpTrace Verbose: 0 : 17264, 4, 2020/12/01, 05:07:20.830, 1702233090737, testhost.dll, TestExecutionRecorder.RecordEnd: test: Testovi_za_zadatak_1.UnitTestParking3.TestDodavanjeKorisnikaKojiNijeČlan execution completed.
TpTrace Verbose: 0 : 17264, 4, 2020/12/01, 05:07:20.831, 1702233104896, testhost.dll, TestExecutionRecorder.RecordResult: Received result for test: Testovi_za_zadatak_1.UnitTestParking3.TestDodavanjeKorisnikaKojiNijeČlan.
TpTrace Warning: 0 : 17264, 4, 2020/12/01, 05:07:20.831, 1702233106494, testhost.dll, InProgressTests is null
TpTrace Warning: 0 : 17264, 4, 2020/12/01, 05:07:20.831, 1702233107669, testhost.dll, TestRunCache: No test found corresponding to testResult 'TestDodavanjeKorisnikaKojiNijeČlan  Passed' in inProgress list.
TpTrace Verbose: 0 : 17264, 4, 2020/12/01, 05:07:20.831, 1702233108926, testhost.dll, TestExecutionRecorder.RecordStart: Starting test: Testovi_za_zadatak_1.UnitTestParking3.TestRadSaLokacijomOpcija0.
TpTrace Verbose: 0 : 17264, 4, 2020/12/01, 05:07:20.833, 1702233127763, testhost.dll, TestExecutionRecorder.RecordEnd: test: Testovi_za_zadatak_1.UnitTestParking3.TestRadSaLokacijomOpcija0 execution completed.
TpTrace Verbose: 0 : 17264, 4, 2020/12/01, 05:07:20.835, 1702233141801, testhost.dll, TestExecutionRecorder.RecordResult: Received result for test: Testovi_za_zadatak_1.UnitTestParking3.TestRadSaLokacijomOpcija0.
TpTrace Warning: 0 : 17264, 4, 2020/12/01, 05:07:20.835, 1702233143337, testhost.dll, InProgressTests is null
TpTrace Warning: 0 : 17264, 4, 2020/12/01, 05:07:20.835, 1702233144531, testhost.dll, TestRunCache: No test found corresponding to testResult 'TestRadSaLokacijomOpcija0  Passed' in inProgress list.
TpTrace Verbose: 0 : 17264, 4, 2020/12/01, 05:07:20.835, 1702233145752, testhost.dll, TestExecutionRecorder.RecordStart: Starting test: Testovi_za_zadatak_1.UnitTestParking3.TestRadSaLokacijomOpcija1.
TpTrace Verbose: 0 : 17264, 4, 2020/12/01, 05:07:20.837, 1702233164005, testhost.dll, TestExecutionRecorder.RecordEnd: test: Testovi_za_zadatak_1.UnitTestParking3.TestRadSaLokacijomOpcija1 execution completed.
TpTrace Verbose: 0 : 17264, 4, 2020/12/01, 05:07:20.838, 1702233178168, testhost.dll, TestExecutionRecorder.RecordResult: Received result for test: Testovi_za_zadatak_1.UnitTestParking3.TestRadSaLokacijomOpcija1.
TpTrace Warning: 0 : 17264, 4, 2020/12/01, 05:07:20.839, 1702233180270, testhost.dll, InProgressTests is null
TpTrace Warning: 0 : 17264, 4, 2020/12/01, 05:07:20.839, 1702233181595, testhost.dll, TestRunCache: No test found corresponding to testResult 'TestRadSaLokacijomOpcija1  Passed' in inProgress list.
TpTrace Verbose: 0 : 17264, 4, 2020/12/01, 05:07:20.839, 1702233182908, testhost.dll, TestExecutionRecorder.RecordStart: Starting test: Testovi_za_zadatak_1.UnitTestParking3.TestRadSaLokacijomOpcija2.
TpTrace Information: 0 : 17264, 4, 2020/12/01, 05:07:20.839, 1702233184261, testhost.dll, Sending test run statistics
TpTrace Verbose: 0 : 17264, 4, 2020/12/01, 05:07:20.840, 1702233195588, testhost.dll, TestRequestHandler.SendData:  sending data from testhost: {"Version":2,"MessageType":"TestExecution.StatsChange","Payload":{"NewTestResults":[{"TestCase":{"Id":"3104dfa9-9cb5-27a8-d248-8602f259eef1","FullyQualifiedName":"Testovi_za_zadatak_1.UnitTestLokacija3.TestNeispravanFormatCijene","DisplayName":"TestNeispravanFormatCijene","ExecutorUri":"executor://MSTestAdapter/v2","Source":"C:\\Users\\User\\source\\repos\\VVSzadaca2\\eParking\\Testovi za zadatak 1\\bin\\Debug\\fine-code-coverage\\Testovi za zadatak 1.dll","CodeFilePath":null,"LineNumber":-1,"Properties":[{"Key":{"Id":"MSTestDiscoverer.TestClassName","Label":"ClassName","Category":"","Description":"","Attributes":1,"ValueType":"System.String"},"Value":"Testovi_za_zadatak_1.UnitTestLokacija3"},{"Key":{"Id":"TestObject.Traits","Label":"Traits","Category":"","Description":"","Attributes":5,"ValueType":"System.Collections.Generic.KeyValuePair`2[[System.String],[System.String]][]"},"Value":[]}]},"Attachments":[],"Outcome":1,"ErrorMessage":null,"ErrorStackTrace":null,"DisplayName":null,"Messages":[],"ComputerName":null,"Duration":"00:00:00.0004802","StartTime":"2020-12-01T05:07:20.8007707+01:00","EndTime":"2020-12-01T05:07:20.8014524+01:00","Properties":[{"Key":{"Id":"ExecutionId","Label":"ExecutionId","Category":"","Description":"","Attributes":1,"ValueType":"System.Guid"},"Value":"00000000-0000-0000-0000-000000000000"},{"Key":{"Id":"ParentExecId","Label":"ParentExecId","Category":"","Description":"","Attributes":1,"ValueType":"System.Guid"},"Value":"00000000-0000-0000-0000-000000000000"},{"Key":{"Id":"InnerResultsCount","Label":"InnerResultsCount","Category":"","Description":"","Attributes":1,"ValueType":"System.Int32"},"Value":0}]},{"TestCase":{"Id":"492478c5-bf14-cb7c-5422-67c3a81ecd43","FullyQualifiedName":"Testovi_za_zadatak_1.UnitTestLokacija3.TestNeispravanFormatKapaciteta","DisplayName":"TestNeispravanFormatKapaciteta","ExecutorUri":"executor://MSTestAdapter/v2","Source":"C:\\Users\\User\\source\\repos\\VVSzadaca2\\eParking\\Testovi za zadatak 1\\bin\\Debug\\fine-code-coverage\\Testovi za zadatak 1.dll","CodeFilePath":null,"LineNumber":-1,"Properties":[{"Key":{"Id":"MSTestDiscoverer.TestClassName","Label":"ClassName","Category":"","Description":"","Attributes":1,"ValueType":"System.String"},"Value":"Testovi_za_zadatak_1.UnitTestLokacija3"},{"Key":{"Id":"TestObject.Traits","Label":"Traits","Category":"","Description":"","Attributes":5,"ValueType":"System.Collections.Generic.KeyValuePair`2[[System.String],[System.String]][]"},"Value":[]}]},"Attachments":[],"Outcome":1,"ErrorMessage":null,"ErrorStackTrace":null,"DisplayName":null,"Messages":[],"ComputerName":null,"Duration":"00:00:00.0006034","StartTime":"2020-12-01T05:07:20.8044227+01:00","EndTime":"2020-12-01T05:07:20.8051799+01:00","Properties":[{"Key":{"Id":"ExecutionId","Label":"ExecutionId","Category":"","Description":"","Attributes":1,"ValueType":"System.Guid"},"Value":"00000000-0000-0000-0000-000000000000"},{"Key":{"Id":"ParentExecId","Label":"ParentExecId","Category":"","Description":"","Attributes":1,"ValueType":"System.Guid"},"Value":"00000000-0000-0000-0000-000000000000"},{"Key":{"Id":"InnerResultsCount","Label":"InnerResultsCount","Category":"","Description":"","Attributes":1,"ValueType":"System.Int32"},"Value":0}]},{"TestCase":{"Id":"725d5492-3992-ad8a-1aad-b8a51634a80b","FullyQualifiedName":"Testovi_za_zadatak_1.UnitTestLokacija3.TestKonstruktorSaIzuzetkom","DisplayName":"TestKonstruktorSaIzuzetkom","ExecutorUri":"executor://MSTestAdapter/v2","Source":"C:\\Users\\User\\source\\repos\\VVSzadaca2\\eParking\\Testovi za zadatak 1\\bin\\Debug\\fine-code-coverage\\Testovi za zadatak 1.dll","CodeFilePath":null,"LineNumber":-1,"Properties":[{"Key":{"Id":"MSTestDiscoverer.TestClassName","Label":"ClassName","Category":"","Description":"","Attributes":1,"ValueType":"System.String"},"Value":"Testovi_za_zadatak_1.UnitTestLokacija3"},{"Key":{"Id":"TestObject.Traits","Label":"Traits","Category":"","Description":"","Attributes":5,"ValueType":"System.Collections.Generic.KeyValuePair`2[[System.String],[System.String]][]"},"Value":[]}]},"Attachments":[],"Outcome":1,"ErrorMessage":null,"ErrorStackTrace":null,"DisplayName":null,"Messages":[],"ComputerName":null,"Duration":"00:00:00.0004574","StartTime":"2020-12-01T05:07:20.8084228+01:00","EndTime":"2020-12-01T05:07:20.8090937+01:00","Properties":[{"Key":{"Id":"ExecutionId","Label":"ExecutionId","Category":"","Description":"","Attributes":1,"ValueType":"System.Guid"},"Value":"00000000-0000-0000-0000-000000000000"},{"Key":{"Id":"ParentExecId","Label":"ParentExecId","Category":"","Description":"","Attributes":1,"ValueType":"System.Guid"},"Value":"00000000-0000-0000-0000-000000000000"},{"Key":{"Id":"InnerResultsCount","Label":"InnerResultsCount","Category":"","Description":"","Attributes":1,"ValueType":"System.Int32"},"Value":0}]},{"TestCase":{"Id":"0bac892f-0a3f-6144-bcb8-ba2b3969567e","FullyQualifiedName":"Testovi_za_zadatak_1.UnitTestParking.TestUspjesneRezervacije","DisplayName":"TestUspjesneRezervacije","ExecutorUri":"executor://MSTestAdapter/v2","Source":"C:\\Users\\User\\source\\repos\\VVSzadaca2\\eParking\\Testovi za zadatak 1\\bin\\Debug\\fine-code-coverage\\Testovi za zadatak 1.dll","CodeFilePath":null,"LineNumber":-1,"Properties":[{"Key":{"Id":"MSTestDiscoverer.TestClassName","Label":"ClassName","Category":"","Description":"","Attributes":1,"ValueType":"System.String"},"Value":"Testovi_za_zadatak_1.UnitTestParking"},{"Key":{"Id":"TestObject.Traits","Label":"Traits","Category":"","Description":"","Attributes":5,"ValueType":"System.Collections.Generic.KeyValuePair`2[[System.String],[System.String]][]"},"Value":[]}]},"Attachments":[],"Outcome":1,"ErrorMessage":null,"ErrorStackTrace":null,"DisplayName":null,"Messages":[],"ComputerName":null,"Duration":"00:00:00.0006109","StartTime":"2020-12-01T05:07:20.8126609+01:00","EndTime":"2020-12-01T05:07:20.8159334+01:00","Properties":[{"Key":{"Id":"ExecutionId","Label":"ExecutionId","Category":"","Description":"","Attributes":1,"ValueType":"System.Guid"},"Value":"00000000-0000-0000-0000-000000000000"},{"Key":{"Id":"ParentExecId","Label":"ParentExecId","Category":"","Description":"","Attributes":1,"ValueType":"System.Guid"},"Value":"00000000-0000-0000-0000-000000000000"},{"Key":{"Id":"InnerResultsCount","Label":"InnerResultsCount","Category":"","Description":"","Attributes":1,"ValueType":"System.Int32"},"Value":0}]},{"TestCase":{"Id":"e937f6e7-1012-ddae-bbe5-8e9e3e17562b","FullyQualifiedName":"Testovi_za_zadatak_1.UnitTestParking.TestRezervacijeKorisnikNijeClan","DisplayName":"TestRezervacijeKorisnikNijeClan","ExecutorUri":"executor://MSTestAdapter/v2","Source":"C:\\Users\\User\\source\\repos\\VVSzadaca2\\eParking\\Testovi za zadatak 1\\bin\\Debug\\fine-code-coverage\\Testovi za zadatak 1.dll","CodeFilePath":null,"LineNumber":-1,"Properties":[{"Key":{"Id":"MSTestDiscoverer.TestClassName","Label":"ClassName","Category":"","Description":"","Attributes":1,"ValueType":"System.String"},"Value":"Testovi_za_zadatak_1.UnitTestParking"},{"Key":{"Id":"TestObject.Traits","Label":"Traits","Category":"","Description":"","Attributes":5,"ValueType":"System.Collections.Generic.KeyValuePair`2[[System.String],[System.String]][]"},"Value":[]}]},"Attachments":[],"Outcome":1,"ErrorMessage":null,"ErrorStackTrace":null,"DisplayName":null,"Messages":[],"ComputerName":null,"Duration":"00:00:00.0007056","StartTime":"2020-12-01T05:07:20.8203387+01:00","EndTime":"2020-12-01T05:07:20.8212288+01:00","Properties":[{"Key":{"Id":"ExecutionId","Label":"ExecutionId","Category":"","Description":"","Attributes":1,"ValueType":"System.Guid"},"Value":"00000000-0000-0000-0000-000000000000"},{"Key":{"Id":"ParentExecId","Label":"ParentExecId","Category":"","Description":"","Attributes":1,"ValueType":"System.Guid"},"Value":"00000000-0000-0000-0000-000000000000"},{"Key":{"Id":"InnerResultsCount","Label":"InnerResultsCount","Category":"","Description":"","Attributes":1,"ValueType":"System.Int32"},"Value":0}]},{"TestCase":{"Id":"31a3e1a7-4a46-bcff-fffd-c17599d73a1d","FullyQualifiedName":"Testovi_za_zadatak_1.UnitTestParking.TestRezervacijeKorisnikVecRezervisao","DisplayName":"TestRezervacijeKorisnikVecRezervisao","ExecutorUri":"executor://MSTestAdapter/v2","Source":"C:\\Users\\User\\source\\repos\\VVSzadaca2\\eParking\\Testovi za zadatak 1\\bin\\Debug\\fine-code-coverage\\Testovi za zadatak 1.dll","CodeFilePath":null,"LineNumber":-1,"Properties":[{"Key":{"Id":"MSTestDiscoverer.TestClassName","Label":"ClassName","Category":"","Description":"","Attributes":1,"ValueType":"System.String"},"Value":"Testovi_za_zadatak_1.UnitTestParking"},{"Key":{"Id":"TestObject.Traits","Label":"Traits","Category":"","Description":"","Attributes":5,"ValueType":"System.Collections.Generic.KeyValuePair`2[[System.String],[System.String]][]"},"Value":[]}]},"Attachments":[],"Outcome":1,"ErrorMessage":null,"ErrorStackTrace":null,"DisplayName":null,"Messages":[],"ComputerName":null,"Duration":"00:00:00.0006496","StartTime":"2020-12-01T05:07:20.8247348+01:00","EndTime":"2020-12-01T05:07:20.8256031+01:00","Properties":[{"Key":{"Id":"ExecutionId","Label":"ExecutionId","Category":"","Description":"","Attributes":1,"ValueType":"System.Guid"},"Value":"00000000-0000-0000-0000-000000000000"},{"Key":{"Id":"ParentExecId","Label":"ParentExecId","Category":"","Description":"","Attributes":1,"ValueType":"System.Guid"},"Value":"00000000-0000-0000-0000-000000000000"},{"Key":{"Id":"InnerResultsCount","Label":"InnerResultsCount","Category":"","Description":"","Attributes":1,"ValueType":"System.Int32"},"Value":0}]},{"TestCase":{"Id":"7d1d08c8-71fc-30e1-7540-7f86408a41a9","FullyQualifiedName":"Testovi_za_zadatak_1.UnitTestParking3.TestDodavanjeKorisnikaKojiNijeČlan","DisplayName":"TestDodavanjeKorisnikaKojiNijeČlan","ExecutorUri":"executor://MSTestAdapter/v2","Source":"C:\\Users\\User\\source\\repos\\VVSzadaca2\\eParking\\Testovi za zadatak 1\\bin\\Debug\\fine-code-coverage\\Testovi za zadatak 1.dll","CodeFilePath":null,"LineNumber":-1,"Properties":[{"Key":{"Id":"MSTestDiscoverer.TestClassName","Label":"ClassName","Category":"","Description":"","Attributes":1,"ValueType":"System.String"},"Value":"Testovi_za_zadatak_1.UnitTestParking3"},{"Key":{"Id":"TestObject.Traits","Label":"Traits","Category":"","Description":"","Attributes":5,"ValueType":"System.Collections.Generic.KeyValuePair`2[[System.String],[System.String]][]"},"Value":[]}]},"Attachments":[],"Outcome":1,"ErrorMessage":null,"ErrorStackTrace":null,"DisplayName":null,"Messages":[],"ComputerName":null,"Duration":"00:00:00.0004899","StartTime":"2020-12-01T05:07:20.8290021+01:00","EndTime":"2020-12-01T05:07:20.8300412+01:00","Properties":[{"Key":{"Id":"ExecutionId","Label":"ExecutionId","Category":"","Description":"","Attributes":1,"ValueType":"System.Guid"},"Value":"00000000-0000-0000-0000-000000000000"},{"Key":{"Id":"ParentExecId","Label":"ParentExecId","Category":"","Description":"","Attributes":1,"ValueType":"System.Guid"},"Value":"00000000-0000-0000-0000-000000000000"},{"Key":{"Id":"InnerResultsCount","Label":"InnerResultsCount","Category":"","Description":"","Attributes":1,"ValueType":"System.Int32"},"Value":0}]},{"TestCase":{"Id":"c32bff40-7978-f13e-e25e-33e092843576","FullyQualifiedName":"Testovi_za_zadatak_1.UnitTestParking3.TestRadSaLokacijomOpcija0","DisplayName":"TestRadSaLokacijomOpcija0","ExecutorUri":"executor://MSTestAdapter/v2","Source":"C:\\Users\\User\\source\\repos\\VVSzadaca2\\eParking\\Testovi za zadatak 1\\bin\\Debug\\fine-code-coverage\\Testovi za zadatak 1.dll","CodeFilePath":null,"LineNumber":-1,"Properties":[{"Key":{"Id":"MSTestDiscoverer.TestClassName","Label":"ClassName","Category":"","Description":"","Attributes":1,"ValueType":"System.String"},"Value":"Testovi_za_zadatak_1.UnitTestParking3"},{"Key":{"Id":"TestObject.Traits","Label":"Traits","Category":"","Description":"","Attributes":5,"ValueType":"System.Collections.Generic.KeyValuePair`2[[System.String],[System.String]][]"},"Value":[]}]},"Attachments":[],"Outcome":1,"ErrorMessage":null,"ErrorStackTrace":null,"DisplayName":null,"Messages":[],"ComputerName":null,"Duration":"00:00:00.0006954","StartTime":"2020-12-01T05:07:20.8329173+01:00","EndTime":"2020-12-01T05:07:20.8337493+01:00","Properties":[{"Key":{"Id":"ExecutionId","Label":"ExecutionId","Category":"","Description":"","Attributes":1,"ValueType":"System.Guid"},"Value":"00000000-0000-0000-0000-000000000000"},{"Key":{"Id":"ParentExecId","Label":"ParentExecId","Category":"","Description":"","Attributes":1,"ValueType":"System.Guid"},"Value":"00000000-0000-0000-0000-000000000000"},{"Key":{"Id":"InnerResultsCount","Label":"InnerResultsCount","Category":"","Description":"","Attributes":1,"ValueType":"System.Int32"},"Value":0}]},{"TestCase":{"Id":"04e6aa8b-9455-d935-aa99-ae450c1dfae9","FullyQualifiedName":"Testovi_za_zadatak_1.UnitTestParking3.TestRadSaLokacijomOpcija1","DisplayName":"TestRadSaLokacijomOpcija1","ExecutorUri":"executor://MSTestAdapter/v2","Source":"C:\\Users\\User\\source\\repos\\VVSzadaca2\\eParking\\Testovi za zadatak 1\\bin\\Debug\\fine-code-coverage\\Testovi za zadatak 1.dll","CodeFilePath":null,"LineNumber":-1,"Properties":[{"Key":{"Id":"MSTestDiscoverer.TestClassName","Label":"ClassName","Category":"","Description":"","Attributes":1,"ValueType":"System.String"},"Value":"Testovi_za_zadatak_1.UnitTestParking3"},{"Key":{"Id":"TestObject.Traits","Label":"Traits","Category":"","Description":"","Attributes":5,"ValueType":"System.Collections.Generic.KeyValuePair`2[[System.String],[System.String]][]"},"Value":[]}]},"Attachments":[],"Outcome":1,"ErrorMessage":null,"ErrorStackTrace":null,"DisplayName":null,"Messages":[],"ComputerName":null,"Duration":"00:00:00.0006763","StartTime":"2020-12-01T05:07:20.8365326+01:00","EndTime":"2020-12-01T05:07:20.8373609+01:00","Properties":[{"Key":{"Id":"ExecutionId","Label":"ExecutionId","Category":"","Description":"","Attributes":1,"ValueType":"System.Guid"},"Value":"00000000-0000-0000-0000-000000000000"},{"Key":{"Id":"ParentExecId","Label":"ParentExecId","Category":"","Description":"","Attributes":1,"ValueType":"System.Guid"},"Value":"00000000-0000-0000-0000-000000000000"},{"Key":{"Id":"InnerResultsCount","Label":"InnerResultsCount","Category":"","Description":"","Attributes":1,"ValueType":"System.Int32"},"Value":0}]}],"TestRunStatistics":{"ExecutedTests":27,"Stats":{"Passed":27}},"ActiveTests":[{"Id":"4fd7d227-8ade-6881-5718-6eb5a97cc165","FullyQualifiedName":"Testovi_za_zadatak_1.UnitTestParking3.TestRadSaLokacijomOpcija2","DisplayName":"TestRadSaLokacijomOpcija2","ExecutorUri":"executor://MSTestAdapter/v2","Source":"C:\\Users\\User\\source\\repos\\VVSzadaca2\\eParking\\Testovi za zadatak 1\\bin\\Debug\\fine-code-coverage\\Testovi za zadatak 1.dll","CodeFilePath":null,"LineNumber":-1,"Properties":[{"Key":{"Id":"MSTestDiscoverer.TestClassName","Label":"ClassName","Category":"","Description":"","Attributes":1,"ValueType":"System.String"},"Value":"Testovi_za_zadatak_1.UnitTestParking3"},{"Key":{"Id":"TestObject.Traits","Label":"Traits","Category":"","Description":"","Attributes":5,"ValueType":"System.Collections.Generic.KeyValuePair`2[[System.String],[System.String]][]"},"Value":[]}]}]}}
TpTrace Verbose: 0 : 17264, 4, 2020/12/01, 05:07:20.841, 1702233200620, testhost.dll, TestRunCache: OnNewTestResult: Notified the onCacheHit callback.
TpTrace Verbose: 0 : 17264, 4, 2020/12/01, 05:07:20.843, 1702233222637, testhost.dll, TestExecutionRecorder.RecordEnd: test: Testovi_za_zadatak_1.UnitTestParking3.TestRadSaLokacijomOpcija2 execution completed.
TpTrace Warning: 0 : 17264, 4, 2020/12/01, 05:07:20.843, 1702233224283, testhost.dll, InProgressTests is null
TpTrace Verbose: 0 : 17264, 4, 2020/12/01, 05:07:20.847, 1702233263844, testhost.dll, TestExecutionRecorder.RecordResult: Received result for test: Testovi_za_zadatak_1.UnitTestParking3.TestRadSaLokacijomOpcija2.
TpTrace Warning: 0 : 17264, 4, 2020/12/01, 05:07:20.847, 1702233265674, testhost.dll, InProgressTests is null
TpTrace Warning: 0 : 17264, 4, 2020/12/01, 05:07:20.847, 1702233266885, testhost.dll, TestRunCache: No test found corresponding to testResult 'TestRadSaLokacijomOpcija2  Passed' in inProgress list.
TpTrace Verbose: 0 : 17264, 4, 2020/12/01, 05:07:20.847, 1702233268113, testhost.dll, TestExecutionRecorder.RecordStart: Starting test: Testovi_za_zadatak_1.UnitTestParking3.TestNeuspjesneRezervacije.
TpTrace Verbose: 0 : 17264, 4, 2020/12/01, 05:07:20.849, 1702233286119, testhost.dll, TestExecutionRecorder.RecordEnd: test: Testovi_za_zadatak_1.UnitTestParking3.TestNeuspjesneRezervacije execution completed.
TpTrace Verbose: 0 : 17264, 4, 2020/12/01, 05:07:20.851, 1702233300297, testhost.dll, TestExecutionRecorder.RecordResult: Received result for test: Testovi_za_zadatak_1.UnitTestParking3.TestNeuspjesneRezervacije.
TpTrace Warning: 0 : 17264, 4, 2020/12/01, 05:07:20.851, 1702233301857, testhost.dll, InProgressTests is null
TpTrace Warning: 0 : 17264, 4, 2020/12/01, 05:07:20.851, 1702233303064, testhost.dll, TestRunCache: No test found corresponding to testResult 'TestNeuspjesneRezervacije  Passed' in inProgress list.
TpTrace Verbose: 0 : 17264, 4, 2020/12/01, 05:07:20.851, 1702233304305, testhost.dll, TestExecutionRecorder.RecordStart: Starting test: Testovi_za_zadatak_1.UnitTestParking3.TestLokacijaBezUlice.
TpTrace Verbose: 0 : 17264, 4, 2020/12/01, 05:07:20.853, 1702233327838, testhost.dll, TestExecutionRecorder.RecordEnd: test: Testovi_za_zadatak_1.UnitTestParking3.TestLokacijaBezUlice execution completed.
TpTrace Verbose: 0 : 17264, 4, 2020/12/01, 05:07:20.855, 1702233342577, testhost.dll, TestExecutionRecorder.RecordResult: Received result for test: Testovi_za_zadatak_1.UnitTestParking3.TestLokacijaBezUlice.
TpTrace Warning: 0 : 17264, 4, 2020/12/01, 05:07:20.855, 1702233345026, testhost.dll, InProgressTests is null
TpTrace Warning: 0 : 17264, 4, 2020/12/01, 05:07:20.855, 1702233346280, testhost.dll, TestRunCache: No test found corresponding to testResult 'TestLokacijaBezUlice  Passed' in inProgress list.
TpTrace Verbose: 0 : 17264, 4, 2020/12/01, 05:07:20.855, 1702233347516, testhost.dll, TestExecutionRecorder.RecordStart: Starting test: Testovi_za_zadatak_1.UnitTestParking3.TestProracunTrenutneZarade.
TpTrace Information: 0 : 17264, 4, 2020/12/01, 05:07:20.858, 1702233374693, testhost.dll, AssemblyResolver.OnResolve: Microsoft.VisualStudio.TestPlatform.MSTest.TestAdapter.resources: Resolving assembly.
TpTrace Information: 0 : 17264, 4, 2020/12/01, 05:07:20.858, 1702233377976, testhost.dll, AssemblyResolver.OnResolve: Microsoft.VisualStudio.TestPlatform.MSTest.TestAdapter.resources: Failed to load assembly.
TpTrace Verbose: 0 : 17264, 4, 2020/12/01, 05:07:20.875, 1702233548358, testhost.dll, TestExecutionRecorder.RecordEnd: test: Testovi_za_zadatak_1.UnitTestParking3.TestProracunTrenutneZarade execution completed.
TpTrace Verbose: 0 : 17264, 4, 2020/12/01, 05:07:20.877, 1702233563511, testhost.dll, TestExecutionRecorder.RecordResult: Received result for test: Testovi_za_zadatak_1.UnitTestParking3.TestProracunTrenutneZarade.
TpTrace Warning: 0 : 17264, 4, 2020/12/01, 05:07:20.877, 1702233565166, testhost.dll, InProgressTests is null
TpTrace Warning: 0 : 17264, 4, 2020/12/01, 05:07:20.877, 1702233568594, testhost.dll, TestRunCache: No test found corresponding to testResult 'TestProracunTrenutneZarade  Failed
  Message: Test method Testovi_za_zadatak_1.UnitTestParking3.TestProracunTrenutneZarade threw exception: 
System.ArgumentNullException: Value cannot be null. (Parameter 'Svaka lokacija mora imati barem jednu ulicu!')
  StackTrace:
    at eParking.Parking.IzračunajTrenutnuZaradu() in C:\Users\User\source\repos\VVSzadaca2\eParking\eParking\Parking.cs:line 121
   at Testovi_za_zadatak_1.UnitTestParking3.TestProracunTrenutneZarade() in C:\Users\User\source\repos\VVSzadaca2\eParking\Testovi za zadatak 1\UnitTestParking3.cs:line 127
' in inProgress list.
TpTrace Verbose: 0 : 17264, 4, 2020/12/01, 05:07:20.877, 1702233570012, testhost.dll, TestExecutionRecorder.RecordStart: Starting test: Testovi_za_zadatak_1.UnitTestTransakcija.TestDajVrijemeDolaskaIzuzetak.
TpTrace Verbose: 0 : 17264, 4, 2020/12/01, 05:07:20.880, 1702233591564, testhost.dll, TestExecutionRecorder.RecordEnd: test: Testovi_za_zadatak_1.UnitTestTransakcija.TestDajVrijemeDolaskaIzuzetak execution completed.
TpTrace Verbose: 0 : 17264, 4, 2020/12/01, 05:07:20.881, 1702233605428, testhost.dll, TestExecutionRecorder.RecordResult: Received result for test: Testovi_za_zadatak_1.UnitTestTransakcija.TestDajVrijemeDolaskaIzuzetak.
TpTrace Warning: 0 : 17264, 4, 2020/12/01, 05:07:20.881, 1702233607882, testhost.dll, InProgressTests is null
TpTrace Warning: 0 : 17264, 4, 2020/12/01, 05:07:20.881, 1702233609240, testhost.dll, TestRunCache: No test found corresponding to testResult 'TestDajVrijemeDolaskaIzuzetak  Passed' in inProgress list.
TpTrace Verbose: 0 : 17264, 4, 2020/12/01, 05:07:20.882, 1702233610518, testhost.dll, TestExecutionRecorder.RecordStart: Starting test: Testovi_za_zadatak_1.UnitTestVozilo.TestNeispravanFormatTablica.
TpTrace Verbose: 0 : 17264, 4, 2020/12/01, 05:07:20.883, 1702233629243, testhost.dll, TestExecutionRecorder.RecordEnd: test: Testovi_za_zadatak_1.UnitTestVozilo.TestNeispravanFormatTablica execution completed.
TpTrace Verbose: 0 : 17264, 4, 2020/12/01, 05:07:20.885, 1702233643161, testhost.dll, TestExecutionRecorder.RecordResult: Received result for test: Testovi_za_zadatak_1.UnitTestVozilo.TestNeispravanFormatTablica.
TpTrace Warning: 0 : 17264, 4, 2020/12/01, 05:07:20.885, 1702233644851, testhost.dll, InProgressTests is null
TpTrace Warning: 0 : 17264, 4, 2020/12/01, 05:07:20.885, 1702233646112, testhost.dll, TestRunCache: No test found corresponding to testResult 'TestNeispravanFormatTablica  Passed' in inProgress list.
TpTrace Verbose: 0 : 17264, 4, 2020/12/01, 05:07:20.885, 1702233647381, testhost.dll, TestExecutionRecorder.RecordStart: Starting test: Testovi_za_zadatak_1.UnitTestVozilo.TestNepostojećaVrstaVozila.
TpTrace Verbose: 0 : 17264, 4, 2020/12/01, 05:07:20.887, 1702233664217, testhost.dll, TestExecutionRecorder.RecordEnd: test: Testovi_za_zadatak_1.UnitTestVozilo.TestNepostojećaVrstaVozila execution completed.
TpTrace Verbose: 0 : 17264, 4, 2020/12/01, 05:07:20.888, 1702233677580, testhost.dll, TestExecutionRecorder.RecordResult: Received result for test: Testovi_za_zadatak_1.UnitTestVozilo.TestNepostojećaVrstaVozila.
TpTrace Warning: 0 : 17264, 4, 2020/12/01, 05:07:20.888, 1702233679144, testhost.dll, InProgressTests is null
TpTrace Warning: 0 : 17264, 4, 2020/12/01, 05:07:20.889, 1702233680399, testhost.dll, TestRunCache: No test found corresponding to testResult 'TestNepostojećaVrstaVozila  Passed' in inProgress list.
TpTrace Verbose: 0 : 17264, 4, 2020/12/01, 05:07:20.889, 1702233681671, testhost.dll, TestExecutionRecorder.RecordStart: Starting test: Testovi_za_zadatak_1.UnitTestVozilo.TestNeispravanFormatSjedišta.
TpTrace Verbose: 0 : 17264, 4, 2020/12/01, 05:07:20.890, 1702233698759, testhost.dll, TestExecutionRecorder.RecordEnd: test: Testovi_za_zadatak_1.UnitTestVozilo.TestNeispravanFormatSjedišta execution completed.
TpTrace Verbose: 0 : 17264, 4, 2020/12/01, 05:07:20.892, 1702233714541, testhost.dll, TestExecutionRecorder.RecordResult: Received result for test: Testovi_za_zadatak_1.UnitTestVozilo.TestNeispravanFormatSjedišta.
TpTrace Warning: 0 : 17264, 4, 2020/12/01, 05:07:20.892, 1702233716233, testhost.dll, InProgressTests is null
TpTrace Warning: 0 : 17264, 4, 2020/12/01, 05:07:20.892, 1702233717508, testhost.dll, TestRunCache: No test found corresponding to testResult 'TestNeispravanFormatSjedišta  Passed' in inProgress list.
TpTrace Verbose: 0 : 17264, 4, 2020/12/01, 05:07:20.892, 1702233718790, testhost.dll, TestExecutionRecorder.RecordStart: Starting test: Testovi_za_zadatak_1.UnitTestVozilo.TestGetMetode.
TpTrace Verbose: 0 : 17264, 4, 2020/12/01, 05:07:20.894, 1702233734333, testhost.dll, TestExecutionRecorder.RecordEnd: test: Testovi_za_zadatak_1.UnitTestVozilo.TestGetMetode execution completed.
TpTrace Verbose: 0 : 17264, 4, 2020/12/01, 05:07:20.895, 1702233747579, testhost.dll, TestExecutionRecorder.RecordResult: Received result for test: Testovi_za_zadatak_1.UnitTestVozilo.TestGetMetode.
TpTrace Warning: 0 : 17264, 4, 2020/12/01, 05:07:20.895, 1702233749168, testhost.dll, InProgressTests is null
TpTrace Warning: 0 : 17264, 4, 2020/12/01, 05:07:20.896, 1702233750429, testhost.dll, TestRunCache: No test found corresponding to testResult 'TestGetMetode  Passed' in inProgress list.
TpTrace Verbose: 0 : 17264, 4, 2020/12/01, 05:07:20.897, 1702233766776, testhost.dll, BaseRunTests.RunTestInternalWithExecutors: Completed running tests for executor://MSTestAdapter/v2
TpTrace Information: 0 : 17264, 4, 2020/12/01, 05:07:20.900, 1702233791406, testhost.dll, Sending test run complete
TpTrace Verbose: 0 : 17264, 4, 2020/12/01, 05:07:20.908, 1702233875926, testhost.dll, TestRequestHandler.SendData:  sending data from testhost: {"Version":2,"MessageType":"TestExecution.Completed","Payload":{"TestRunCompleteArgs":{"TestRunStatistics":{"ExecutedTests":36,"Stats":{"Passed":35,"Failed":1}},"IsCanceled":false,"IsAborted":false,"Error":null,"AttachmentSets":[],"ElapsedTimeInRunningTests":"00:00:00.3825281","Metrics":{}},"LastRunTests":{"NewTestResults":[{"TestCase":{"Id":"4fd7d227-8ade-6881-5718-6eb5a97cc165","FullyQualifiedName":"Testovi_za_zadatak_1.UnitTestParking3.TestRadSaLokacijomOpcija2","DisplayName":"TestRadSaLokacijomOpcija2","ExecutorUri":"executor://MSTestAdapter/v2","Source":"C:\\Users\\User\\source\\repos\\VVSzadaca2\\eParking\\Testovi za zadatak 1\\bin\\Debug\\fine-code-coverage\\Testovi za zadatak 1.dll","CodeFilePath":null,"LineNumber":-1,"Properties":[{"Key":{"Id":"MSTestDiscoverer.TestClassName","Label":"ClassName","Category":"","Description":"","Attributes":1,"ValueType":"System.String"},"Value":"Testovi_za_zadatak_1.UnitTestParking3"},{"Key":{"Id":"TestObject.Traits","Label":"Traits","Category":"","Description":"","Attributes":5,"ValueType":"System.Collections.Generic.KeyValuePair`2[[System.String],[System.String]][]"},"Value":[]}]},"Attachments":[],"Outcome":1,"ErrorMessage":null,"ErrorStackTrace":null,"DisplayName":null,"Messages":[],"ComputerName":null,"Duration":"00:00:00.0008589","StartTime":"2020-12-01T05:07:20.8421405+01:00","EndTime":"2020-12-01T05:07:20.8432343+01:00","Properties":[{"Key":{"Id":"ExecutionId","Label":"ExecutionId","Category":"","Description":"","Attributes":1,"ValueType":"System.Guid"},"Value":"00000000-0000-0000-0000-000000000000"},{"Key":{"Id":"ParentExecId","Label":"ParentExecId","Category":"","Description":"","Attributes":1,"ValueType":"System.Guid"},"Value":"00000000-0000-0000-0000-000000000000"},{"Key":{"Id":"InnerResultsCount","Label":"InnerResultsCount","Category":"","Description":"","Attributes":1,"ValueType":"System.Int32"},"Value":0}]},{"TestCase":{"Id":"d4df1ed6-fcf8-74e9-5db4-567a5355f663","FullyQualifiedName":"Testovi_za_zadatak_1.UnitTestParking3.TestNeuspjesneRezervacije","DisplayName":"TestNeuspjesneRezervacije","ExecutorUri":"executor://MSTestAdapter/v2","Source":"C:\\Users\\User\\source\\repos\\VVSzadaca2\\eParking\\Testovi za zadatak 1\\bin\\Debug\\fine-code-coverage\\Testovi za zadatak 1.dll","CodeFilePath":null,"LineNumber":-1,"Properties":[{"Key":{"Id":"MSTestDiscoverer.TestClassName","Label":"ClassName","Category":"","Description":"","Attributes":1,"ValueType":"System.String"},"Value":"Testovi_za_zadatak_1.UnitTestParking3"},{"Key":{"Id":"TestObject.Traits","Label":"Traits","Category":"","Description":"","Attributes":5,"ValueType":"System.Collections.Generic.KeyValuePair`2[[System.String],[System.String]][]"},"Value":[]}]},"Attachments":[],"Outcome":1,"ErrorMessage":null,"ErrorStackTrace":null,"DisplayName":null,"Messages":[],"ComputerName":null,"Duration":"00:00:00.0006031","StartTime":"2020-12-01T05:07:20.8488264+01:00","EndTime":"2020-12-01T05:07:20.8495809+01:00","Properties":[{"Key":{"Id":"ExecutionId","Label":"ExecutionId","Category":"","Description":"","Attributes":1,"ValueType":"System.Guid"},"Value":"00000000-0000-0000-0000-000000000000"},{"Key":{"Id":"ParentExecId","Label":"ParentExecId","Category":"","Description":"","Attributes":1,"ValueType":"System.Guid"},"Value":"00000000-0000-0000-0000-000000000000"},{"Key":{"Id":"InnerResultsCount","Label":"InnerResultsCount","Category":"","Description":"","Attributes":1,"ValueType":"System.Int32"},"Value":0}]},{"TestCase":{"Id":"d22a683f-0114-dfb2-3e02-371ed9b6854f","FullyQualifiedName":"Testovi_za_zadatak_1.UnitTestParking3.TestLokacijaBezUlice","DisplayName":"TestLokacijaBezUlice","ExecutorUri":"executor://MSTestAdapter/v2","Source":"C:\\Users\\User\\source\\repos\\VVSzadaca2\\eParking\\Testovi za zadatak 1\\bin\\Debug\\fine-code-coverage\\Testovi za zadatak 1.dll","CodeFilePath":null,"LineNumber":-1,"Properties":[{"Key":{"Id":"MSTestDiscoverer.TestClassName","Label":"ClassName","Category":"","Description":"","Attributes":1,"ValueType":"System.String"},"Value":"Testovi_za_zadatak_1.UnitTestParking3"},{"Key":{"Id":"TestObject.Traits","Label":"Traits","Category":"","Description":"","Attributes":5,"ValueType":"System.Collections.Generic.KeyValuePair`2[[System.String],[System.String]][]"},"Value":[]}]},"Attachments":[],"Outcome":1,"ErrorMessage":null,"ErrorStackTrace":null,"DisplayName":null,"Messages":[],"ComputerName":null,"Duration":"00:00:00.0011224","StartTime":"2020-12-01T05:07:20.8524224+01:00","EndTime":"2020-12-01T05:07:20.8537545+01:00","Properties":[{"Key":{"Id":"ExecutionId","Label":"ExecutionId","Category":"","Description":"","Attributes":1,"ValueType":"System.Guid"},"Value":"00000000-0000-0000-0000-000000000000"},{"Key":{"Id":"ParentExecId","Label":"ParentExecId","Category":"","Description":"","Attributes":1,"ValueType":"System.Guid"},"Value":"00000000-0000-0000-0000-000000000000"},{"Key":{"Id":"InnerResultsCount","Label":"InnerResultsCount","Category":"","Description":"","Attributes":1,"ValueType":"System.Int32"},"Value":0}]},{"TestCase":{"Id":"874c3e1a-3a80-9e7a-77f2-a7bc3f5b8d1b","FullyQualifiedName":"Testovi_za_zadatak_1.UnitTestParking3.TestProracunTrenutneZarade","DisplayName":"TestProracunTrenutneZarade","ExecutorUri":"executor://MSTestAdapter/v2","Source":"C:\\Users\\User\\source\\repos\\VVSzadaca2\\eParking\\Testovi za zadatak 1\\bin\\Debug\\fine-code-coverage\\Testovi za zadatak 1.dll","CodeFilePath":null,"LineNumber":-1,"Properties":[{"Key":{"Id":"MSTestDiscoverer.TestClassName","Label":"ClassName","Category":"","Description":"","Attributes":1,"ValueType":"System.String"},"Value":"Testovi_za_zadatak_1.UnitTestParking3"},{"Key":{"Id":"TestObject.Traits","Label":"Traits","Category":"","Description":"","Attributes":5,"ValueType":"System.Collections.Generic.KeyValuePair`2[[System.String],[System.String]][]"},"Value":[]}]},"Attachments":[],"Outcome":2,"ErrorMessage":"Test method Testovi_za_zadatak_1.UnitTestParking3.TestProracunTrenutneZarade threw exception: \r\nSystem.ArgumentNullException: Value cannot be null. (Parameter 'Svaka lokacija mora imati barem jednu ulicu!')","ErrorStackTrace":"    at eParking.Parking.IzračunajTrenutnuZaradu() in C:\\Users\\User\\source\\repos\\VVSzadaca2\\eParking\\eParking\\Parking.cs:line 121\r\n   at Testovi_za_zadatak_1.UnitTestParking3.TestProracunTrenutneZarade() in C:\\Users\\User\\source\\repos\\VVSzadaca2\\eParking\\Testovi za zadatak 1\\UnitTestParking3.cs:line 127\r\n","DisplayName":null,"Messages":[],"ComputerName":null,"Duration":"00:00:00.0182578","StartTime":"2020-12-01T05:07:20.8567571+01:00","EndTime":"2020-12-01T05:07:20.8757987+01:00","Properties":[{"Key":{"Id":"ExecutionId","Label":"ExecutionId","Category":"","Description":"","Attributes":1,"ValueType":"System.Guid"},"Value":"00000000-0000-0000-0000-000000000000"},{"Key":{"Id":"ParentExecId","Label":"ParentExecId","Category":"","Description":"","Attributes":1,"ValueType":"System.Guid"},"Value":"00000000-0000-0000-0000-000000000000"},{"Key":{"Id":"InnerResultsCount","Label":"InnerResultsCount","Category":"","Description":"","Attributes":1,"ValueType":"System.Int32"},"Value":0}]},{"TestCase":{"Id":"285c8229-8d8e-61ce-4e73-b2899615f3ef","FullyQualifiedName":"Testovi_za_zadatak_1.UnitTestTransakcija.TestDajVrijemeDolaskaIzuzetak","DisplayName":"TestDajVrijemeDolaskaIzuzetak","ExecutorUri":"executor://MSTestAdapter/v2","Source":"C:\\Users\\User\\source\\repos\\VVSzadaca2\\eParking\\Testovi za zadatak 1\\bin\\Debug\\fine-code-coverage\\Testovi za zadatak 1.dll","CodeFilePath":null,"LineNumber":-1,"Properties":[{"Key":{"Id":"MSTestDiscoverer.TestClassName","Label":"ClassName","Category":"","Description":"","Attributes":1,"ValueType":"System.String"},"Value":"Testovi_za_zadatak_1.UnitTestTransakcija"},{"Key":{"Id":"TestObject.Traits","Label":"Traits","Category":"","Description":"","Attributes":5,"ValueType":"System.Collections.Generic.KeyValuePair`2[[System.String],[System.String]][]"},"Value":[]}]},"Attachments":[],"Outcome":1,"ErrorMessage":null,"ErrorStackTrace":null,"DisplayName":null,"Messages":[],"ComputerName":null,"Duration":"00:00:00.0006877","StartTime":"2020-12-01T05:07:20.8790625+01:00","EndTime":"2020-12-01T05:07:20.8801262+01:00","Properties":[{"Key":{"Id":"ExecutionId","Label":"ExecutionId","Category":"","Description":"","Attributes":1,"ValueType":"System.Guid"},"Value":"00000000-0000-0000-0000-000000000000"},{"Key":{"Id":"ParentExecId","Label":"ParentExecId","Category":"","Description":"","Attributes":1,"ValueType":"System.Guid"},"Value":"00000000-0000-0000-0000-000000000000"},{"Key":{"Id":"InnerResultsCount","Label":"InnerResultsCount","Category":"","Description":"","Attributes":1,"ValueType":"System.Int32"},"Value":0}]},{"TestCase":{"Id":"a2e7b4d6-bec0-f5bd-2c36-ec0658352fce","FullyQualifiedName":"Testovi_za_zadatak_1.UnitTestVozilo.TestNeispravanFormatTablica","DisplayName":"TestNeispravanFormatTablica","ExecutorUri":"executor://MSTestAdapter/v2","Source":"C:\\Users\\User\\source\\repos\\VVSzadaca2\\eParking\\Testovi za zadatak 1\\bin\\Debug\\fine-code-coverage\\Testovi za zadatak 1.dll","CodeFilePath":null,"LineNumber":-1,"Properties":[{"Key":{"Id":"MSTestDiscoverer.TestClassName","Label":"ClassName","Category":"","Description":"","Attributes":1,"ValueType":"System.String"},"Value":"Testovi_za_zadatak_1.UnitTestVozilo"},{"Key":{"Id":"TestObject.Traits","Label":"Traits","Category":"","Description":"","Attributes":5,"ValueType":"System.Collections.Generic.KeyValuePair`2[[System.String],[System.String]][]"},"Value":[]}]},"Attachments":[],"Outcome":1,"ErrorMessage":null,"ErrorStackTrace":null,"DisplayName":null,"Messages":[],"ComputerName":null,"Duration":"00:00:00.0004557","StartTime":"2020-12-01T05:07:20.8830671+01:00","EndTime":"2020-12-01T05:07:20.8838959+01:00","Properties":[{"Key":{"Id":"ExecutionId","Label":"ExecutionId","Category":"","Description":"","Attributes":1,"ValueType":"System.Guid"},"Value":"00000000-0000-0000-0000-000000000000"},{"Key":{"Id":"ParentExecId","Label":"ParentExecId","Category":"","Description":"","Attributes":1,"ValueType":"System.Guid"},"Value":"00000000-0000-0000-0000-000000000000"},{"Key":{"Id":"InnerResultsCount","Label":"InnerResultsCount","Category":"","Description":"","Attributes":1,"ValueType":"System.Int32"},"Value":0}]},{"TestCase":{"Id":"0c8ffaef-801a-8a51-fb0a-e1fce1c92bb3","FullyQualifiedName":"Testovi_za_zadatak_1.UnitTestVozilo.TestNepostojećaVrstaVozila","DisplayName":"TestNepostojećaVrstaVozila","ExecutorUri":"executor://MSTestAdapter/v2","Source":"C:\\Users\\User\\source\\repos\\VVSzadaca2\\eParking\\Testovi za zadatak 1\\bin\\Debug\\fine-code-coverage\\Testovi za zadatak 1.dll","CodeFilePath":null,"LineNumber":-1,"Properties":[{"Key":{"Id":"MSTestDiscoverer.TestClassName","Label":"ClassName","Category":"","Description":"","Attributes":1,"ValueType":"System.String"},"Value":"Testovi_za_zadatak_1.UnitTestVozilo"},{"Key":{"Id":"TestObject.Traits","Label":"Traits","Category":"","Description":"","Attributes":5,"ValueType":"System.Collections.Generic.KeyValuePair`2[[System.String],[System.String]][]"},"Value":[]}]},"Attachments":[],"Outcome":1,"ErrorMessage":null,"ErrorStackTrace":null,"DisplayName":null,"Messages":[],"ComputerName":null,"Duration":"00:00:00.0004595","StartTime":"2020-12-01T05:07:20.886795+01:00","EndTime":"2020-12-01T05:07:20.8873946+01:00","Properties":[{"Key":{"Id":"ExecutionId","Label":"ExecutionId","Category":"","Description":"","Attributes":1,"ValueType":"System.Guid"},"Value":"00000000-0000-0000-0000-000000000000"},{"Key":{"Id":"ParentExecId","Label":"ParentExecId","Category":"","Description":"","Attributes":1,"ValueType":"System.Guid"},"Value":"00000000-0000-0000-0000-000000000000"},{"Key":{"Id":"InnerResultsCount","Label":"InnerResultsCount","Category":"","Description":"","Attributes":1,"ValueType":"System.Int32"},"Value":0}]},{"TestCase":{"Id":"9c1e6d53-5c3f-643c-a37d-5da038903104","FullyQualifiedName":"Testovi_za_zadatak_1.UnitTestVozilo.TestNeispravanFormatSjedišta","DisplayName":"TestNeispravanFormatSjedišta","ExecutorUri":"executor://MSTestAdapter/v2","Source":"C:\\Users\\User\\source\\repos\\VVSzadaca2\\eParking\\Testovi za zadatak 1\\bin\\Debug\\fine-code-coverage\\Testovi za zadatak 1.dll","CodeFilePath":null,"LineNumber":-1,"Properties":[{"Key":{"Id":"MSTestDiscoverer.TestClassName","Label":"ClassName","Category":"","Description":"","Attributes":1,"ValueType":"System.String"},"Value":"Testovi_za_zadatak_1.UnitTestVozilo"},{"Key":{"Id":"TestObject.Traits","Label":"Traits","Category":"","Description":"","Attributes":5,"ValueType":"System.Collections.Generic.KeyValuePair`2[[System.String],[System.String]][]"},"Value":[]}]},"Attachments":[],"Outcome":1,"ErrorMessage":null,"ErrorStackTrace":null,"DisplayName":null,"Messages":[],"ComputerName":null,"Duration":"00:00:00.0005716","StartTime":"2020-12-01T05:07:20.8901377+01:00","EndTime":"2020-12-01T05:07:20.890844+01:00","Properties":[{"Key":{"Id":"ExecutionId","Label":"ExecutionId","Category":"","Description":"","Attributes":1,"ValueType":"System.Guid"},"Value":"00000000-0000-0000-0000-000000000000"},{"Key":{"Id":"ParentExecId","Label":"ParentExecId","Category":"","Description":"","Attributes":1,"ValueType":"System.Guid"},"Value":"00000000-0000-0000-0000-000000000000"},{"Key":{"Id":"InnerResultsCount","Label":"InnerResultsCount","Category":"","Description":"","Attributes":1,"ValueType":"System.Int32"},"Value":0}]},{"TestCase":{"Id":"811e073f-346d-d214-af53-9bc836c2cf80","FullyQualifiedName":"Testovi_za_zadatak_1.UnitTestVozilo.TestGetMetode","DisplayName":"TestGetMetode","ExecutorUri":"executor://MSTestAdapter/v2","Source":"C:\\Users\\User\\source\\repos\\VVSzadaca2\\eParking\\Testovi za zadatak 1\\bin\\Debug\\fine-code-coverage\\Testovi za zadatak 1.dll","CodeFilePath":null,"LineNumber":-1,"Properties":[{"Key":{"Id":"MSTestDiscoverer.TestClassName","Label":"ClassName","Category":"","Description":"","Attributes":1,"ValueType":"System.String"},"Value":"Testovi_za_zadatak_1.UnitTestVozilo"},{"Key":{"Id":"TestObject.Traits","Label":"Traits","Category":"","Description":"","Attributes":5,"ValueType":"System.Collections.Generic.KeyValuePair`2[[System.String],[System.String]][]"},"Value":[]}]},"Attachments":[],"Outcome":1,"ErrorMessage":null,"ErrorStackTrace":null,"DisplayName":null,"Messages":[],"ComputerName":null,"Duration":"00:00:00.0003899","StartTime":"2020-12-01T05:07:20.8939189+01:00","EndTime":"2020-12-01T05:07:20.8944071+01:00","Properties":[{"Key":{"Id":"ExecutionId","Label":"ExecutionId","Category":"","Description":"","Attributes":1,"ValueType":"System.Guid"},"Value":"00000000-0000-0000-0000-000000000000"},{"Key":{"Id":"ParentExecId","Label":"ParentExecId","Category":"","Description":"","Attributes":1,"ValueType":"System.Guid"},"Value":"00000000-0000-0000-0000-000000000000"},{"Key":{"Id":"InnerResultsCount","Label":"InnerResultsCount","Category":"","Description":"","Attributes":1,"ValueType":"System.Int32"},"Value":0}]}],"TestRunStatistics":{"ExecutedTests":36,"Stats":{"Passed":35,"Failed":1}},"ActiveTests":[]},"RunAttachments":[],"ExecutorUris":["executor://mstestadapter/v2"]}}
TpTrace Verbose: 0 : 17264, 4, 2020/12/01, 05:07:20.909, 1702233883219, testhost.dll, BaseRunTests.RunTests: Run is complete.
TpTrace Verbose: 0 : 17264, 8, 2020/12/01, 05:07:20.910, 1702233898561, testhost.dll, TcpClientExtensions.MessageLoopAsync: NotifyDataAvailable remoteEndPoint: [::ffff:127.0.0.1]:54837 localEndPoint: [::ffff:127.0.0.1]:54838
TpTrace Information: 0 : 17264, 8, 2020/12/01, 05:07:20.911, 1702233901060, testhost.dll, TestRequestHandler.ProcessRequests: received message: (TestSession.Terminate) -> null
TpTrace Information: 0 : 17264, 8, 2020/12/01, 05:07:20.911, 1702233902390, testhost.dll, Session End message received from server. Closing the connection.
TpTrace Information: 0 : 17264, 8, 2020/12/01, 05:07:20.911, 1702233906222, testhost.dll, SocketClient.Stop: Stop communication from server endpoint: 127.0.0.1:054837
TpTrace Information: 0 : 17264, 8, 2020/12/01, 05:07:20.911, 1702233907842, testhost.dll, SocketClient: Stop: Cancellation requested. Stopping message loop.
TpTrace Verbose: 0 : 17264, 8, 2020/12/01, 05:07:20.912, 1702233912220, testhost.dll, LengthPrefixCommunicationChannel.Dispose: Dispose reader and writer.
TpTrace Information: 0 : 17264, 8, 2020/12/01, 05:07:20.912, 1702233914363, testhost.dll, Closing the connection !
TpTrace Information: 0 : 17264, 1, 2020/12/01, 05:07:20.912, 1702233915484, testhost.dll, Closing the connection !
TpTrace Information: 0 : 17264, 1, 2020/12/01, 05:07:20.912, 1702233918240, testhost.dll, SocketClient.Stop: Stop communication from server endpoint: 127.0.0.1:054837
TpTrace Information: 0 : 17264, 1, 2020/12/01, 05:07:20.912, 1702233919817, testhost.dll, SocketClient: Stop: Cancellation requested. Stopping message loop.
TpTrace Verbose: 0 : 17264, 1, 2020/12/01, 05:07:20.913, 1702233921098, testhost.dll, LengthPrefixCommunicationChannel.Dispose: Dispose reader and writer.
TpTrace Information: 0 : 17264, 8, 2020/12/01, 05:07:20.912, 1702233918739, testhost.dll, SocketClient.PrivateStop: Stop communication from server endpoint: 127.0.0.1:054837, error:
TpTrace Information: 0 : 17264, 1, 2020/12/01, 05:07:20.913, 1702233923013, testhost.dll, Testhost process exiting.
TpTrace Verbose: 0 : 17264, 8, 2020/12/01, 05:07:20.913, 1702233925232, testhost.dll, LengthPrefixCommunicationChannel.Dispose: Dispose reader and writer.
TpTrace Verbose: 0 : 17264, 8, 2020/12/01, 05:07:20.913, 1702233928422, testhost.dll, TcpClientExtensions.MessageLoopAsync: exiting MessageLoopAsync remoteEndPoint: [::ffff:127.0.0.1]:54837 localEndPoint: [::ffff:127.0.0.1]:54838
