TpTrace Information: 0 : 23592, 1, 2020/12/01, 16:35:34.343, 2634289786113, testhost.dll, DefaultEngineInvoker.Invoke: Testhost process started with args :[--port, 7403],[--endpoint, 127.0.0.1:07403],[--role, client],[--parentprocessid, 8036],[--diag, C:\Users\berin\source\repos\VVSzadaca2\eParking\Testovi za zadatak 1\bin\Debug\fine-code-coverage\_outputfolder\diagnostics.host.20-12-01_16-35-33_98700_4.log],[--tracelevel, 4],[--datacollectionport, 7402],[--telemetryoptedin, false]
TpTrace Information: 0 : 23592, 1, 2020/12/01, 16:35:34.358, 2634289861170, testhost.dll, DefaultEngineInvoker.SetParentProcessExitCallback: Monitoring parent process with id: '8036'
TpTrace Information: 0 : 23592, 1, 2020/12/01, 16:35:34.376, 2634290040479, testhost.dll, DefaultEngineInvoker.GetConnectionInfo: Initialize communication on endpoint address: '127.0.0.1:07403'
TpTrace Information: 0 : 23592, 1, 2020/12/01, 16:35:34.411, 2634290391391, testhost.dll, SocketClient.Start: connecting to server endpoint: 127.0.0.1:07403
TpTrace Information: 0 : 23592, 1, 2020/12/01, 16:35:34.424, 2634290518639, testhost.dll, DefaultEngineInvoker.ConnectToDatacollector: Connecting to datacollector, port: 7402
TpTrace Information: 0 : 23592, 5, 2020/12/01, 16:35:34.429, 2634290567347, testhost.dll, SocketClient.OnServerConnected: connected to server endpoint: 127.0.0.1:07403
TpTrace Information: 0 : 23592, 1, 2020/12/01, 16:35:34.433, 2634290606803, testhost.dll, Trying to connect to server on socket : 127.0.0.1:7402 
TpTrace Verbose: 0 : 23592, 1, 2020/12/01, 16:35:34.434, 2634290621542, testhost.dll, SocketCommunicationManager : SetupClientAsync : Attempting to connect to the server.
TpTrace Verbose: 0 : 23592, 5, 2020/12/01, 16:35:34.436, 2634290639998, testhost.dll, Connected to server, and starting MessageLoopAsync
TpTrace Information: 0 : 23592, 5, 2020/12/01, 16:35:34.439, 2634290668833, testhost.dll, Connected to the server successfully 
TpTrace Information: 0 : 23592, 5, 2020/12/01, 16:35:34.439, 2634290672368, testhost.dll, Using the buffer size of 16384 bytes
TpTrace Information: 0 : 23592, 1, 2020/12/01, 16:35:34.441, 2634290686121, testhost.dll, DefaultEngineInvoker.Invoke: Start Request Processing.
TpTrace Verbose: 0 : 23592, 9, 2020/12/01, 16:35:34.442, 2634290701568, testhost.dll, TcpClientExtensions.MessageLoopAsync: Polling on remoteEndPoint: [::ffff:127.0.0.1]:7403 localEndPoint: [::ffff:127.0.0.1]:7404
TpTrace Information: 0 : 23592, 12, 2020/12/01, 16:35:34.442, 2634290704144, testhost.dll, DefaultEngineInvoker.StartProcessingAsync: Connected to vstest.console, Starting process requests.
TpTrace Verbose: 0 : 23592, 9, 2020/12/01, 16:35:34.443, 2634290710761, testhost.dll, TcpClientExtensions.MessageLoopAsync: NotifyDataAvailable remoteEndPoint: [::ffff:127.0.0.1]:7403 localEndPoint: [::ffff:127.0.0.1]:7404
TpTrace Information: 0 : 23592, 9, 2020/12/01, 16:35:34.717, 2634293452939, testhost.dll, TestRequestHandler.ProcessRequests: received message: (ProtocolVersion) -> 3
TpTrace Verbose: 0 : 23592, 9, 2020/12/01, 16:35:34.777, 2634294053179, testhost.dll, TestRequestHandler.SendData:  sending data from testhost: {"Version":2,"MessageType":"TestSession.Message","Payload":{"MessageLevel":0,"Message":"Logging TestHost Diagnostics in file: C:\\Users\\berin\\source\\repos\\VVSzadaca2\\eParking\\Testovi za zadatak 1\\bin\\Debug\\fine-code-coverage\\_outputfolder\\diagnostics.host.20-12-01_16-35-33_98700_4.log"}}
TpTrace Verbose: 0 : 23592, 9, 2020/12/01, 16:35:34.778, 2634294057771, testhost.dll, TcpClientExtensions.MessageLoopAsync: Polling on remoteEndPoint: [::ffff:127.0.0.1]:7403 localEndPoint: [::ffff:127.0.0.1]:7404
TpTrace Verbose: 0 : 23592, 9, 2020/12/01, 16:35:34.778, 2634294061231, testhost.dll, TcpClientExtensions.MessageLoopAsync: NotifyDataAvailable remoteEndPoint: [::ffff:127.0.0.1]:7403 localEndPoint: [::ffff:127.0.0.1]:7404
TpTrace Information: 0 : 23592, 9, 2020/12/01, 16:35:34.785, 2634294130716, testhost.dll, TestRequestHandler.ProcessRequests: received message: (TestExecution.Initialize) -> [
  "C:\\Users\\berin\\source\\repos\\VVSzadaca2\\eParking\\Testovi za zadatak 1\\bin\\Debug\\fine-code-coverage\\Microsoft.VisualStudio.TestPlatform.MSTest.TestAdapter.dll"
]
TpTrace Information: 0 : 23592, 9, 2020/12/01, 16:35:34.786, 2634294136075, testhost.dll, Execution Session Initialize.
TpTrace Verbose: 0 : 23592, 9, 2020/12/01, 16:35:34.799, 2634294267520, testhost.dll, TcpClientExtensions.MessageLoopAsync: Polling on remoteEndPoint: [::ffff:127.0.0.1]:7403 localEndPoint: [::ffff:127.0.0.1]:7404
TpTrace Verbose: 0 : 23592, 9, 2020/12/01, 16:35:34.799, 2634294271143, testhost.dll, TcpClientExtensions.MessageLoopAsync: NotifyDataAvailable remoteEndPoint: [::ffff:127.0.0.1]:7403 localEndPoint: [::ffff:127.0.0.1]:7404
TpTrace Verbose: 0 : 23592, 4, 2020/12/01, 16:35:34.803, 2634294311146, testhost.dll, TestExecutorService: Loading the extensions
TpTrace Information: 0 : 23592, 9, 2020/12/01, 16:35:34.806, 2634294336474, testhost.dll, TestRequestHandler.ProcessRequests: received message: (TestExecution.StartWithSources) -> {
  "AdapterSourceMap": {
    "_none_": [
      "C:\\Users\\berin\\source\\repos\\VVSzadaca2\\eParking\\Testovi za zadatak 1\\bin\\Debug\\fine-code-coverage\\Testovi za zadatak 1.dll"
    ]
  },
  "RunSettings": "<RunSettings>\r\n  <RunConfiguration>\r\n    <ResultsDirectory>C:\\Users\\berin\\source\\repos\\VVSzadaca2\\eParking\\Testovi za zadatak 1\\bin\\Debug\\fine-code-coverage\\_outputfolder</ResultsDirectory>\r\n    <TargetPlatform>X64</TargetPlatform>\r\n    <TargetFrameworkVersion>.NETCoreApp,Version=v3.1</TargetFrameworkVersion>\r\n    <DesignMode>False</DesignMode>\r\n    <CollectSourceInformation>False</CollectSourceInformation>\r\n  </RunConfiguration>\r\n  <LoggerRunSettings>\r\n    <Loggers>\r\n      <Logger friendlyName=\"blame\" enabled=\"True\" />\r\n      <Logger friendlyName=\"Console\" uri=\"logger://microsoft/TestPlatform/ConsoleLogger/v1\" assemblyQualifiedName=\"Microsoft.VisualStudio.TestPlatform.CommandLine.Internal.ConsoleLogger, vstest.console, Version=15.0.0.0, Culture=neutral, PublicKeyToken=b03f5f7f11d50a3a\" codeBase=\"C:\\Program Files\\dotnet\\sdk\\5.0.100\\vstest.console.dll\" enabled=\"True\" />\r\n    </Loggers>\r\n  </LoggerRunSettings>\r\n  <DataCollectionRunSettings>\r\n    <DataCollectors>\r\n      <DataCollector friendlyName=\"blame\" enabled=\"True\">\r\n        <Configuration>\r\n          <ResultsDirectory>C:\\Users\\berin\\source\\repos\\VVSzadaca2\\eParking\\Testovi za zadatak 1\\bin\\Debug\\fine-code-coverage\\_outputfolder</ResultsDirectory>\r\n        </Configuration>\r\n      </DataCollector>\r\n    </DataCollectors>\r\n  </DataCollectionRunSettings>\r\n</RunSettings>",
  "TestExecutionContext": {
    "FrequencyOfRunStatsChangeEvent": 10,
    "RunStatsChangeEventTimeout": "00:00:01.5000000",
    "InIsolation": false,
    "KeepAlive": false,
    "AreTestCaseLevelEventsRequired": false,
    "IsDebug": false,
    "TestCaseFilter": null,
    "FilterOptions": null
  },
  "Package": null
}
TpTrace Information: 0 : 23592, 9, 2020/12/01, 16:35:34.806, 2634294342997, testhost.dll, Execution started.
TpTrace Verbose: 0 : 23592, 4, 2020/12/01, 16:35:34.806, 2634294343906, testhost.dll, TestPluginCache.DiscoverTestExtensions: finding test extensions in assemblies endswith: TestAdapter.dll TPluginInfo: Microsoft.VisualStudio.TestPlatform.Common.ExtensionFramework.Utilities.TestExecutorPluginInformation TExtension: Microsoft.VisualStudio.TestPlatform.ObjectModel.Adapter.ITestExecutor
TpTrace Verbose: 0 : 23592, 4, 2020/12/01, 16:35:34.809, 2634294365586, testhost.dll, TestPluginCache.GetExtensionPaths: Filtered extension paths: 
TpTrace Verbose: 0 : 23592, 4, 2020/12/01, 16:35:34.809, 2634294373711, testhost.dll, TestPluginCache.GetExtensionPaths: Added default extension paths: C:\Users\berin\source\repos\VVSzadaca2\eParking\Testovi za zadatak 1\bin\Debug\fine-code-coverage\Microsoft.VisualStudio.TestPlatform.MSTest.TestAdapter.dll
TpTrace Verbose: 0 : 23592, 4, 2020/12/01, 16:35:34.810, 2634294376654, testhost.dll, TestPluginCache.GetExtensionPaths: Added unfilterableExtensionPaths: 
TpTrace Information: 0 : 23592, 4, 2020/12/01, 16:35:34.815, 2634294427622, testhost.dll, AssemblyResolver.ctor: Creating AssemblyResolver with searchDirectories C:\Users\berin\source\repos\VVSzadaca2\eParking\Testovi za zadatak 1\bin\Debug\fine-code-coverage
TpTrace Verbose: 0 : 23592, 4, 2020/12/01, 16:35:34.820, 2634294477202, testhost.dll, TestPluginCache.DiscoverTestExtensions: Discovering the extensions using extension path.
TpTrace Verbose: 0 : 23592, 4, 2020/12/01, 16:35:34.820, 2634294481468, testhost.dll, TestPluginCache.GetExtensionPaths: Filtered extension paths: 
TpTrace Verbose: 0 : 23592, 4, 2020/12/01, 16:35:34.820, 2634294484369, testhost.dll, TestPluginCache.GetExtensionPaths: Added default extension paths: C:\Users\berin\source\repos\VVSzadaca2\eParking\Testovi za zadatak 1\bin\Debug\fine-code-coverage\Microsoft.VisualStudio.TestPlatform.MSTest.TestAdapter.dll
TpTrace Verbose: 0 : 23592, 4, 2020/12/01, 16:35:34.821, 2634294487120, testhost.dll, TestPluginCache.GetExtensionPaths: Added unfilterableExtensionPaths: 
TpTrace Verbose: 0 : 23592, 4, 2020/12/01, 16:35:34.821, 2634294490177, testhost.dll, TestPluginCache.DiscoverTestExtensions: Discovering the extensions using allExtensionPaths: C:\Users\berin\source\repos\VVSzadaca2\eParking\Testovi za zadatak 1\bin\Debug\fine-code-coverage\Microsoft.VisualStudio.TestPlatform.MSTest.TestAdapter.dll
TpTrace Information: 0 : 23592, 4, 2020/12/01, 16:35:34.823, 2634294511200, testhost.dll, AssemblyResolver.AddSearchDirectories: Adding more searchDirectories C:\Users\berin\source\repos\VVSzadaca2\eParking\Testovi za zadatak 1\bin\Debug\fine-code-coverage
TpTrace Information: 0 : 23592, 4, 2020/12/01, 16:35:34.830, 2634294582551, testhost.dll, AssemblyResolver.OnResolve: Microsoft.VisualStudio.TestPlatform.MSTest.TestAdapter: Resolving assembly.
TpTrace Information: 0 : 23592, 4, 2020/12/01, 16:35:34.833, 2634294613056, testhost.dll, AssemblyResolver.OnResolve: Resolved assembly: Microsoft.VisualStudio.TestPlatform.MSTest.TestAdapter, from path: C:\Users\berin\source\repos\VVSzadaca2\eParking\Testovi za zadatak 1\bin\Debug\fine-code-coverage\Microsoft.VisualStudio.TestPlatform.MSTest.TestAdapter.dll
TpTrace Information: 0 : 23592, 4, 2020/12/01, 16:35:34.839, 2634294666348, testhost.dll, AssemblyResolver.OnResolve: Microsoft.VisualStudio.TestPlatform.MSTestAdapter.PlatformServices.Interface: Resolving assembly.
TpTrace Information: 0 : 23592, 4, 2020/12/01, 16:35:34.841, 2634294684987, testhost.dll, AssemblyResolver.OnResolve: Resolved assembly: Microsoft.VisualStudio.TestPlatform.MSTestAdapter.PlatformServices.Interface, from path: C:\Users\berin\source\repos\VVSzadaca2\eParking\Testovi za zadatak 1\bin\Debug\fine-code-coverage\Microsoft.VisualStudio.TestPlatform.MSTestAdapter.PlatformServices.Interface.dll
TpTrace Information: 0 : 23592, 4, 2020/12/01, 16:35:34.841, 2634294693380, testhost.dll, AssemblyResolver.OnResolve: Microsoft.VisualStudio.TestPlatform.MSTestAdapter.PlatformServices: Resolving assembly.
TpTrace Information: 0 : 23592, 4, 2020/12/01, 16:35:34.843, 2634294711474, testhost.dll, AssemblyResolver.OnResolve: Resolved assembly: Microsoft.VisualStudio.TestPlatform.MSTestAdapter.PlatformServices, from path: C:\Users\berin\source\repos\VVSzadaca2\eParking\Testovi za zadatak 1\bin\Debug\fine-code-coverage\Microsoft.VisualStudio.TestPlatform.MSTestAdapter.PlatformServices.dll
TpTrace Verbose: 0 : 23592, 4, 2020/12/01, 16:35:34.852, 2634294799914, testhost.dll, TestPluginCache: Discovered the extensions using extension path ''.
TpTrace Verbose: 0 : 23592, 4, 2020/12/01, 16:35:34.853, 2634294809702, testhost.dll, TestPluginCache: Discoverers are ''.
TpTrace Verbose: 0 : 23592, 4, 2020/12/01, 16:35:34.853, 2634294814125, testhost.dll, TestPluginCache: Executors are 'executor://MSTestAdapter/v2'.
TpTrace Verbose: 0 : 23592, 4, 2020/12/01, 16:35:34.854, 2634294818988, testhost.dll, TestPluginCache: Setting providers are ''.
TpTrace Verbose: 0 : 23592, 4, 2020/12/01, 16:35:34.854, 2634294823100, testhost.dll, TestPluginCache: Loggers are ''.
TpTrace Verbose: 0 : 23592, 9, 2020/12/01, 16:35:34.855, 2634294830089, testhost.dll, TcpClientExtensions.MessageLoopAsync: Polling on remoteEndPoint: [::ffff:127.0.0.1]:7403 localEndPoint: [::ffff:127.0.0.1]:7404
TpTrace Information: 0 : 23592, 4, 2020/12/01, 16:35:34.865, 2634294927247, testhost.dll, TestPluginManager.CreateTestExtension: Attempting to load test extension: Microsoft.VisualStudio.TestPlatform.MSTest.TestAdapter.MSTestExecutor
TpTrace Verbose: 0 : 23592, 4, 2020/12/01, 16:35:34.871, 2634294989002, testhost.dll, TestExecutorExtensionManager: Loading executor Microsoft.VisualStudio.TestPlatform.MSTest.TestAdapter.MSTestExecutor
TpTrace Verbose: 0 : 23592, 4, 2020/12/01, 16:35:34.871, 2634294992301, testhost.dll, TestExecutorService: Loaded the executors
TpTrace Verbose: 0 : 23592, 4, 2020/12/01, 16:35:34.873, 2634295008709, testhost.dll, TestPluginCache.DiscoverTestExtensions: finding test extensions in assemblies endswith: TestAdapter.dll TPluginInfo: Microsoft.VisualStudio.TestPlatform.Common.ExtensionFramework.Utilities.TestSettingsProviderPluginInformation TExtension: Microsoft.VisualStudio.TestPlatform.ObjectModel.Adapter.ISettingsProvider
TpTrace Verbose: 0 : 23592, 4, 2020/12/01, 16:35:34.874, 2634295015900, testhost.dll, TestPluginCache.GetExtensionPaths: Filtered extension paths: 
TpTrace Verbose: 0 : 23592, 4, 2020/12/01, 16:35:34.874, 2634295019409, testhost.dll, TestPluginCache.GetExtensionPaths: Added default extension paths: C:\Users\berin\source\repos\VVSzadaca2\eParking\Testovi za zadatak 1\bin\Debug\fine-code-coverage\Microsoft.VisualStudio.TestPlatform.MSTest.TestAdapter.dll
TpTrace Verbose: 0 : 23592, 4, 2020/12/01, 16:35:34.874, 2634295022138, testhost.dll, TestPluginCache.GetExtensionPaths: Added unfilterableExtensionPaths: 
TpTrace Information: 0 : 23592, 4, 2020/12/01, 16:35:34.875, 2634295027758, testhost.dll, AssemblyResolver.AddSearchDirectories: Adding more searchDirectories C:\Users\berin\source\repos\VVSzadaca2\eParking\Testovi za zadatak 1\bin\Debug\fine-code-coverage
TpTrace Verbose: 0 : 23592, 4, 2020/12/01, 16:35:34.875, 2634295031601, testhost.dll, TestPluginCache.DiscoverTestExtensions: Discovering the extensions using extension path.
TpTrace Verbose: 0 : 23592, 4, 2020/12/01, 16:35:34.876, 2634295036082, testhost.dll, TestPluginCache.GetExtensionPaths: Filtered extension paths: 
TpTrace Verbose: 0 : 23592, 4, 2020/12/01, 16:35:34.876, 2634295038317, testhost.dll, TestPluginCache.GetExtensionPaths: Added default extension paths: C:\Users\berin\source\repos\VVSzadaca2\eParking\Testovi za zadatak 1\bin\Debug\fine-code-coverage\Microsoft.VisualStudio.TestPlatform.MSTest.TestAdapter.dll
TpTrace Verbose: 0 : 23592, 4, 2020/12/01, 16:35:34.876, 2634295040646, testhost.dll, TestPluginCache.GetExtensionPaths: Added unfilterableExtensionPaths: 
TpTrace Verbose: 0 : 23592, 4, 2020/12/01, 16:35:34.876, 2634295043772, testhost.dll, TestPluginCache.DiscoverTestExtensions: Discovering the extensions using allExtensionPaths: C:\Users\berin\source\repos\VVSzadaca2\eParking\Testovi za zadatak 1\bin\Debug\fine-code-coverage\Microsoft.VisualStudio.TestPlatform.MSTest.TestAdapter.dll
TpTrace Information: 0 : 23592, 4, 2020/12/01, 16:35:34.877, 2634295046362, testhost.dll, AssemblyResolver.AddSearchDirectories: Adding more searchDirectories C:\Users\berin\source\repos\VVSzadaca2\eParking\Testovi za zadatak 1\bin\Debug\fine-code-coverage
TpTrace Verbose: 0 : 23592, 4, 2020/12/01, 16:35:34.877, 2634295052365, testhost.dll, TestPluginCache: Discovered the extensions using extension path ''.
TpTrace Verbose: 0 : 23592, 4, 2020/12/01, 16:35:34.878, 2634295055451, testhost.dll, TestPluginCache: Discoverers are ''.
TpTrace Verbose: 0 : 23592, 4, 2020/12/01, 16:35:34.878, 2634295058293, testhost.dll, TestPluginCache: Executors are 'executor://MSTestAdapter/v2'.
TpTrace Verbose: 0 : 23592, 4, 2020/12/01, 16:35:34.878, 2634295061466, testhost.dll, TestPluginCache: Setting providers are ''.
TpTrace Verbose: 0 : 23592, 4, 2020/12/01, 16:35:34.878, 2634295064179, testhost.dll, TestPluginCache: Loggers are ''.
TpTrace Verbose: 0 : 23592, 4, 2020/12/01, 16:35:34.881, 2634295086194, testhost.dll, TestExecutorService: Loaded the settings providers
TpTrace Information: 0 : 23592, 4, 2020/12/01, 16:35:34.881, 2634295091007, testhost.dll, TestExecutorService: Loaded the extensions
TpTrace Information: 0 : 23592, 4, 2020/12/01, 16:35:34.948, 2634295757616, testhost.dll, TestDiscoveryManager: Discovering tests from sources C:\Users\berin\source\repos\VVSzadaca2\eParking\Testovi za zadatak 1\bin\Debug\fine-code-coverage\Testovi za zadatak 1.dll
TpTrace Verbose: 0 : 23592, 4, 2020/12/01, 16:35:34.952, 2634295796446, testhost.dll, TestPluginCache.DiscoverTestExtensions: finding test extensions in assemblies endswith: TestAdapter.dll TPluginInfo: Microsoft.VisualStudio.TestPlatform.Common.ExtensionFramework.Utilities.TestDiscovererPluginInformation TExtension: Microsoft.VisualStudio.TestPlatform.ObjectModel.Adapter.ITestDiscoverer
TpTrace Verbose: 0 : 23592, 4, 2020/12/01, 16:35:34.952, 2634295803647, testhost.dll, TestPluginCache.GetExtensionPaths: Filtered extension paths: 
TpTrace Verbose: 0 : 23592, 4, 2020/12/01, 16:35:34.953, 2634295808415, testhost.dll, TestPluginCache.GetExtensionPaths: Added default extension paths: C:\Users\berin\source\repos\VVSzadaca2\eParking\Testovi za zadatak 1\bin\Debug\fine-code-coverage\Microsoft.VisualStudio.TestPlatform.MSTest.TestAdapter.dll
TpTrace Verbose: 0 : 23592, 4, 2020/12/01, 16:35:34.953, 2634295810731, testhost.dll, TestPluginCache.GetExtensionPaths: Added unfilterableExtensionPaths: 
TpTrace Information: 0 : 23592, 4, 2020/12/01, 16:35:34.954, 2634295815186, testhost.dll, AssemblyResolver.AddSearchDirectories: Adding more searchDirectories C:\Users\berin\source\repos\VVSzadaca2\eParking\Testovi za zadatak 1\bin\Debug\fine-code-coverage
TpTrace Verbose: 0 : 23592, 4, 2020/12/01, 16:35:34.954, 2634295818722, testhost.dll, TestPluginCache.DiscoverTestExtensions: Discovering the extensions using extension path.
TpTrace Verbose: 0 : 23592, 4, 2020/12/01, 16:35:34.954, 2634295822530, testhost.dll, TestPluginCache.GetExtensionPaths: Filtered extension paths: 
TpTrace Verbose: 0 : 23592, 4, 2020/12/01, 16:35:34.955, 2634295826885, testhost.dll, TestPluginCache.GetExtensionPaths: Added default extension paths: C:\Users\berin\source\repos\VVSzadaca2\eParking\Testovi za zadatak 1\bin\Debug\fine-code-coverage\Microsoft.VisualStudio.TestPlatform.MSTest.TestAdapter.dll
TpTrace Verbose: 0 : 23592, 4, 2020/12/01, 16:35:34.955, 2634295830631, testhost.dll, TestPluginCache.GetExtensionPaths: Added unfilterableExtensionPaths: 
TpTrace Verbose: 0 : 23592, 4, 2020/12/01, 16:35:34.955, 2634295833642, testhost.dll, TestPluginCache.DiscoverTestExtensions: Discovering the extensions using allExtensionPaths: C:\Users\berin\source\repos\VVSzadaca2\eParking\Testovi za zadatak 1\bin\Debug\fine-code-coverage\Microsoft.VisualStudio.TestPlatform.MSTest.TestAdapter.dll
TpTrace Information: 0 : 23592, 4, 2020/12/01, 16:35:34.956, 2634295836495, testhost.dll, AssemblyResolver.AddSearchDirectories: Adding more searchDirectories C:\Users\berin\source\repos\VVSzadaca2\eParking\Testovi za zadatak 1\bin\Debug\fine-code-coverage
TpTrace Verbose: 0 : 23592, 4, 2020/12/01, 16:35:34.961, 2634295886082, testhost.dll, TestPluginCache: Discovered the extensions using extension path ''.
TpTrace Verbose: 0 : 23592, 4, 2020/12/01, 16:35:34.961, 2634295890029, testhost.dll, TestPluginCache: Discoverers are 'Microsoft.VisualStudio.TestPlatform.MSTest.TestAdapter.MSTestDiscoverer, Microsoft.VisualStudio.TestPlatform.MSTest.TestAdapter, Version=14.0.0.0, Culture=neutral, PublicKeyToken=b03f5f7f11d50a3a'.
TpTrace Verbose: 0 : 23592, 4, 2020/12/01, 16:35:34.961, 2634295892988, testhost.dll, TestPluginCache: Executors are 'executor://MSTestAdapter/v2'.
TpTrace Verbose: 0 : 23592, 4, 2020/12/01, 16:35:34.962, 2634295895754, testhost.dll, TestPluginCache: Setting providers are ''.
TpTrace Verbose: 0 : 23592, 4, 2020/12/01, 16:35:34.962, 2634295898378, testhost.dll, TestPluginCache: Loggers are ''.
TpTrace Verbose: 0 : 23592, 4, 2020/12/01, 16:35:34.970, 2634295984717, testhost.dll, BaseRunTests.RunTestInternalWithExecutors: Running tests for executor://MSTestAdapter/v2
TpTrace Information: 0 : 23592, 4, 2020/12/01, 16:35:35.064, 2634296922017, testhost.dll, AssemblyResolver.OnResolve: Microsoft.VisualStudio.TestPlatform.MSTestAdapter.PlatformServices.resources: Resolving assembly.
TpTrace Information: 0 : 23592, 4, 2020/12/01, 16:35:35.065, 2634296928719, testhost.dll, AssemblyResolver.OnResolve: Microsoft.VisualStudio.TestPlatform.MSTestAdapter.PlatformServices.resources: Failed to load assembly.
TpTrace Information: 0 : 23592, 4, 2020/12/01, 16:35:35.066, 2634296935873, testhost.dll, AssemblyResolver.OnResolve: Microsoft.VisualStudio.TestPlatform.MSTestAdapter.PlatformServices.resources: Resolving assembly.
TpTrace Information: 0 : 23592, 4, 2020/12/01, 16:35:35.066, 2634296938331, testhost.dll, AssemblyResolver.OnResolve: Microsoft.VisualStudio.TestPlatform.MSTestAdapter.PlatformServices.resources: Resolved from cache.
TpTrace Verbose: 0 : 23592, 4, 2020/12/01, 16:35:35.094, 2634297223013, testhost.dll, TestExecutionRecorder.RecordStart: Starting test: Testovi_za_zadatak_1.UnitTestClan.TestValidnihPodataka.
TpTrace Information: 0 : 23592, 4, 2020/12/01, 16:35:35.336, 2634299642319, testhost.dll, AssemblyResolver.OnResolve: Microsoft.VisualStudio.TestPlatform.TestFramework.resources: Resolving assembly.
TpTrace Information: 0 : 23592, 4, 2020/12/01, 16:35:35.337, 2634299647158, testhost.dll, AssemblyResolver.OnResolve: Microsoft.VisualStudio.TestPlatform.TestFramework.resources: Failed to load assembly.
TpTrace Verbose: 0 : 23592, 4, 2020/12/01, 16:35:35.351, 2634299792100, testhost.dll, TestExecutionRecorder.RecordEnd: test: Testovi_za_zadatak_1.UnitTestClan.TestValidnihPodataka execution completed.
TpTrace Verbose: 0 : 23592, 4, 2020/12/01, 16:35:35.382, 2634300101118, testhost.dll, TestExecutionRecorder.RecordResult: Received result for test: Testovi_za_zadatak_1.UnitTestClan.TestValidnihPodataka.
TpTrace Warning: 0 : 23592, 4, 2020/12/01, 16:35:35.393, 2634300205269, testhost.dll, InProgressTests is null
TpTrace Warning: 0 : 23592, 4, 2020/12/01, 16:35:35.398, 2634300259680, testhost.dll, TestRunCache: No test found corresponding to testResult 'TestValidnihPodataka  Passed' in inProgress list.
TpTrace Verbose: 0 : 23592, 4, 2020/12/01, 16:35:35.398, 2634300263873, testhost.dll, TestExecutionRecorder.RecordEnd: test: Testovi_za_zadatak_1.UnitTestClan.TestValidnihPodataka execution completed.
TpTrace Warning: 0 : 23592, 4, 2020/12/01, 16:35:35.399, 2634300267613, testhost.dll, InProgressTests is null
TpTrace Verbose: 0 : 23592, 4, 2020/12/01, 16:35:35.399, 2634300272556, testhost.dll, TestExecutionRecorder.RecordResult: Received result for test: Testovi_za_zadatak_1.UnitTestClan.TestValidnihPodataka.
TpTrace Warning: 0 : 23592, 4, 2020/12/01, 16:35:35.400, 2634300277530, testhost.dll, InProgressTests is null
TpTrace Warning: 0 : 23592, 4, 2020/12/01, 16:35:35.400, 2634300280543, testhost.dll, TestRunCache: No test found corresponding to testResult 'TestValidnihPodataka  Passed' in inProgress list.
TpTrace Verbose: 0 : 23592, 4, 2020/12/01, 16:35:35.400, 2634300283892, testhost.dll, TestExecutionRecorder.RecordEnd: test: Testovi_za_zadatak_1.UnitTestClan.TestValidnihPodataka execution completed.
TpTrace Warning: 0 : 23592, 4, 2020/12/01, 16:35:35.401, 2634300286189, testhost.dll, InProgressTests is null
TpTrace Verbose: 0 : 23592, 4, 2020/12/01, 16:35:35.401, 2634300288624, testhost.dll, TestExecutionRecorder.RecordResult: Received result for test: Testovi_za_zadatak_1.UnitTestClan.TestValidnihPodataka.
TpTrace Warning: 0 : 23592, 4, 2020/12/01, 16:35:35.401, 2634300293201, testhost.dll, InProgressTests is null
TpTrace Warning: 0 : 23592, 4, 2020/12/01, 16:35:35.402, 2634300296977, testhost.dll, TestRunCache: No test found corresponding to testResult 'TestValidnihPodataka  Passed' in inProgress list.
TpTrace Verbose: 0 : 23592, 4, 2020/12/01, 16:35:35.402, 2634300300590, testhost.dll, TestExecutionRecorder.RecordEnd: test: Testovi_za_zadatak_1.UnitTestClan.TestValidnihPodataka execution completed.
TpTrace Warning: 0 : 23592, 4, 2020/12/01, 16:35:35.402, 2634300303924, testhost.dll, InProgressTests is null
TpTrace Verbose: 0 : 23592, 4, 2020/12/01, 16:35:35.403, 2634300307425, testhost.dll, TestExecutionRecorder.RecordResult: Received result for test: Testovi_za_zadatak_1.UnitTestClan.TestValidnihPodataka.
TpTrace Warning: 0 : 23592, 4, 2020/12/01, 16:35:35.403, 2634300311319, testhost.dll, InProgressTests is null
TpTrace Warning: 0 : 23592, 4, 2020/12/01, 16:35:35.404, 2634300314806, testhost.dll, TestRunCache: No test found corresponding to testResult 'TestValidnihPodataka  Passed' in inProgress list.
TpTrace Verbose: 0 : 23592, 4, 2020/12/01, 16:35:35.404, 2634300317265, testhost.dll, TestExecutionRecorder.RecordEnd: test: Testovi_za_zadatak_1.UnitTestClan.TestValidnihPodataka execution completed.
TpTrace Warning: 0 : 23592, 4, 2020/12/01, 16:35:35.404, 2634300319628, testhost.dll, InProgressTests is null
TpTrace Verbose: 0 : 23592, 4, 2020/12/01, 16:35:35.404, 2634300321881, testhost.dll, TestExecutionRecorder.RecordResult: Received result for test: Testovi_za_zadatak_1.UnitTestClan.TestValidnihPodataka.
TpTrace Warning: 0 : 23592, 4, 2020/12/01, 16:35:35.405, 2634300325261, testhost.dll, InProgressTests is null
TpTrace Warning: 0 : 23592, 4, 2020/12/01, 16:35:35.405, 2634300327686, testhost.dll, TestRunCache: No test found corresponding to testResult 'TestValidnihPodataka  Passed' in inProgress list.
TpTrace Verbose: 0 : 23592, 4, 2020/12/01, 16:35:35.405, 2634300331165, testhost.dll, TestExecutionRecorder.RecordEnd: test: Testovi_za_zadatak_1.UnitTestClan.TestValidnihPodataka execution completed.
TpTrace Warning: 0 : 23592, 4, 2020/12/01, 16:35:35.405, 2634300334564, testhost.dll, InProgressTests is null
TpTrace Verbose: 0 : 23592, 4, 2020/12/01, 16:35:35.406, 2634300338227, testhost.dll, TestExecutionRecorder.RecordResult: Received result for test: Testovi_za_zadatak_1.UnitTestClan.TestValidnihPodataka.
TpTrace Warning: 0 : 23592, 4, 2020/12/01, 16:35:35.406, 2634300341750, testhost.dll, InProgressTests is null
TpTrace Warning: 0 : 23592, 4, 2020/12/01, 16:35:35.407, 2634300345139, testhost.dll, TestRunCache: No test found corresponding to testResult 'TestValidnihPodataka  Passed' in inProgress list.
TpTrace Verbose: 0 : 23592, 4, 2020/12/01, 16:35:35.407, 2634300348428, testhost.dll, TestExecutionRecorder.RecordStart: Starting test: Testovi_za_zadatak_1.UnitTestClan.TestNevalidnihPodataka.
TpTrace Verbose: 0 : 23592, 4, 2020/12/01, 16:35:35.418, 2634300458059, testhost.dll, TestExecutionRecorder.RecordEnd: test: Testovi_za_zadatak_1.UnitTestClan.TestNevalidnihPodataka execution completed.
TpTrace Verbose: 0 : 23592, 4, 2020/12/01, 16:35:35.421, 2634300492147, testhost.dll, TestExecutionRecorder.RecordResult: Received result for test: Testovi_za_zadatak_1.UnitTestClan.TestNevalidnihPodataka.
TpTrace Warning: 0 : 23592, 4, 2020/12/01, 16:35:35.422, 2634300497942, testhost.dll, InProgressTests is null
TpTrace Warning: 0 : 23592, 4, 2020/12/01, 16:35:35.422, 2634300501870, testhost.dll, TestRunCache: No test found corresponding to testResult 'TestNevalidnihPodataka  Passed' in inProgress list.
TpTrace Verbose: 0 : 23592, 4, 2020/12/01, 16:35:35.423, 2634300505818, testhost.dll, TestExecutionRecorder.RecordEnd: test: Testovi_za_zadatak_1.UnitTestClan.TestNevalidnihPodataka execution completed.
TpTrace Warning: 0 : 23592, 4, 2020/12/01, 16:35:35.423, 2634300510716, testhost.dll, InProgressTests is null
TpTrace Verbose: 0 : 23592, 4, 2020/12/01, 16:35:35.424, 2634300514715, testhost.dll, TestExecutionRecorder.RecordResult: Received result for test: Testovi_za_zadatak_1.UnitTestClan.TestNevalidnihPodataka.
TpTrace Warning: 0 : 23592, 4, 2020/12/01, 16:35:35.424, 2634300519016, testhost.dll, InProgressTests is null
TpTrace Warning: 0 : 23592, 4, 2020/12/01, 16:35:35.424, 2634300523192, testhost.dll, TestRunCache: No test found corresponding to testResult 'TestNevalidnihPodataka  Passed' in inProgress list.
TpTrace Verbose: 0 : 23592, 4, 2020/12/01, 16:35:35.425, 2634300528933, testhost.dll, TestExecutionRecorder.RecordEnd: test: Testovi_za_zadatak_1.UnitTestClan.TestNevalidnihPodataka execution completed.
TpTrace Warning: 0 : 23592, 4, 2020/12/01, 16:35:35.425, 2634300534636, testhost.dll, InProgressTests is null
TpTrace Verbose: 0 : 23592, 4, 2020/12/01, 16:35:35.426, 2634300537573, testhost.dll, TestExecutionRecorder.RecordResult: Received result for test: Testovi_za_zadatak_1.UnitTestClan.TestNevalidnihPodataka.
TpTrace Warning: 0 : 23592, 4, 2020/12/01, 16:35:35.426, 2634300540633, testhost.dll, InProgressTests is null
TpTrace Warning: 0 : 23592, 4, 2020/12/01, 16:35:35.426, 2634300544079, testhost.dll, TestRunCache: No test found corresponding to testResult 'TestNevalidnihPodataka  Passed' in inProgress list.
TpTrace Verbose: 0 : 23592, 4, 2020/12/01, 16:35:35.427, 2634300546817, testhost.dll, TestExecutionRecorder.RecordEnd: test: Testovi_za_zadatak_1.UnitTestClan.TestNevalidnihPodataka execution completed.
TpTrace Warning: 0 : 23592, 4, 2020/12/01, 16:35:35.427, 2634300550508, testhost.dll, InProgressTests is null
TpTrace Verbose: 0 : 23592, 4, 2020/12/01, 16:35:35.427, 2634300554494, testhost.dll, TestExecutionRecorder.RecordResult: Received result for test: Testovi_za_zadatak_1.UnitTestClan.TestNevalidnihPodataka.
TpTrace Warning: 0 : 23592, 4, 2020/12/01, 16:35:35.428, 2634300558954, testhost.dll, InProgressTests is null
TpTrace Warning: 0 : 23592, 4, 2020/12/01, 16:35:35.428, 2634300563141, testhost.dll, TestRunCache: No test found corresponding to testResult 'TestNevalidnihPodataka  Passed' in inProgress list.
TpTrace Information: 0 : 23592, 4, 2020/12/01, 16:35:35.434, 2634300621961, testhost.dll, Sending test run statistics
TpTrace Verbose: 0 : 23592, 4, 2020/12/01, 16:35:35.500, 2634301278648, testhost.dll, TestRequestHandler.SendData:  sending data from testhost: {"Version":2,"MessageType":"TestExecution.StatsChange","Payload":{"NewTestResults":[{"TestCase":{"Id":"1f7b6345-1a11-278d-35a8-a979b4ec047f","FullyQualifiedName":"Testovi_za_zadatak_1.UnitTestClan.TestValidnihPodataka","DisplayName":"TestValidnihPodataka","ExecutorUri":"executor://MSTestAdapter/v2","Source":"C:\\Users\\berin\\source\\repos\\VVSzadaca2\\eParking\\Testovi za zadatak 1\\bin\\Debug\\fine-code-coverage\\Testovi za zadatak 1.dll","CodeFilePath":null,"LineNumber":-1,"Properties":[{"Key":{"Id":"MSTestDiscoverer.TestClassName","Label":"ClassName","Category":"","Description":"","Attributes":1,"ValueType":"System.String"},"Value":"Testovi_za_zadatak_1.UnitTestClan"},{"Key":{"Id":"TestObject.Traits","Label":"Traits","Category":"","Description":"","Attributes":5,"ValueType":"System.Collections.Generic.KeyValuePair`2[[System.String],[System.String]][]"},"Value":[]}]},"Attachments":[],"Outcome":1,"ErrorMessage":null,"ErrorStackTrace":null,"DisplayName":null,"Messages":[],"ComputerName":null,"Duration":"00:00:00.0208417","StartTime":"2020-12-01T16:35:35.2328103+01:00","EndTime":"2020-12-01T16:35:35.3428512+01:00","Properties":[{"Key":{"Id":"ExecutionId","Label":"ExecutionId","Category":"","Description":"","Attributes":1,"ValueType":"System.Guid"},"Value":"2d81159d-7057-4cab-a15f-353e14eb567a"},{"Key":{"Id":"ParentExecId","Label":"ParentExecId","Category":"","Description":"","Attributes":1,"ValueType":"System.Guid"},"Value":"00000000-0000-0000-0000-000000000000"},{"Key":{"Id":"InnerResultsCount","Label":"InnerResultsCount","Category":"","Description":"","Attributes":1,"ValueType":"System.Int32"},"Value":5}]},{"TestCase":{"Id":"1f7b6345-1a11-278d-35a8-a979b4ec047f","FullyQualifiedName":"Testovi_za_zadatak_1.UnitTestClan.TestValidnihPodataka","DisplayName":"TestValidnihPodataka","ExecutorUri":"executor://MSTestAdapter/v2","Source":"C:\\Users\\berin\\source\\repos\\VVSzadaca2\\eParking\\Testovi za zadatak 1\\bin\\Debug\\fine-code-coverage\\Testovi za zadatak 1.dll","CodeFilePath":null,"LineNumber":-1,"Properties":[{"Key":{"Id":"MSTestDiscoverer.TestClassName","Label":"ClassName","Category":"","Description":"","Attributes":1,"ValueType":"System.String"},"Value":"Testovi_za_zadatak_1.UnitTestClan"},{"Key":{"Id":"TestObject.Traits","Label":"Traits","Category":"","Description":"","Attributes":5,"ValueType":"System.Collections.Generic.KeyValuePair`2[[System.String],[System.String]][]"},"Value":[]}]},"Attachments":[],"Outcome":1,"ErrorMessage":null,"ErrorStackTrace":null,"DisplayName":"TestValidnihPodataka (user1,password12,Adresa,Automobil,123-A-123,5,2022,5,1)","Messages":[],"ComputerName":null,"Duration":"00:00:00.0079548","StartTime":"2020-12-01T16:35:35.2328103+01:00","EndTime":"2020-12-01T16:35:35.3428512+01:00","Properties":[{"Key":{"Id":"ExecutionId","Label":"ExecutionId","Category":"","Description":"","Attributes":1,"ValueType":"System.Guid"},"Value":"9fbf23d7-be7c-4c1e-bf21-d52a6cbc92dd"},{"Key":{"Id":"ParentExecId","Label":"ParentExecId","Category":"","Description":"","Attributes":1,"ValueType":"System.Guid"},"Value":"2d81159d-7057-4cab-a15f-353e14eb567a"},{"Key":{"Id":"InnerResultsCount","Label":"InnerResultsCount","Category":"","Description":"","Attributes":1,"ValueType":"System.Int32"},"Value":0}]},{"TestCase":{"Id":"1f7b6345-1a11-278d-35a8-a979b4ec047f","FullyQualifiedName":"Testovi_za_zadatak_1.UnitTestClan.TestValidnihPodataka","DisplayName":"TestValidnihPodataka","ExecutorUri":"executor://MSTestAdapter/v2","Source":"C:\\Users\\berin\\source\\repos\\VVSzadaca2\\eParking\\Testovi za zadatak 1\\bin\\Debug\\fine-code-coverage\\Testovi za zadatak 1.dll","CodeFilePath":null,"LineNumber":-1,"Properties":[{"Key":{"Id":"MSTestDiscoverer.TestClassName","Label":"ClassName","Category":"","Description":"","Attributes":1,"ValueType":"System.String"},"Value":"Testovi_za_zadatak_1.UnitTestClan"},{"Key":{"Id":"TestObject.Traits","Label":"Traits","Category":"","Description":"","Attributes":5,"ValueType":"System.Collections.Generic.KeyValuePair`2[[System.String],[System.String]][]"},"Value":[]}]},"Attachments":[],"Outcome":1,"ErrorMessage":null,"ErrorStackTrace":null,"DisplayName":"TestValidnihPodataka (user1,12password,Adresa,Automobil,123-A-123,5,2022,5,1)","Messages":[],"ComputerName":null,"Duration":"00:00:00.0000428","StartTime":"2020-12-01T16:35:35.2328103+01:00","EndTime":"2020-12-01T16:35:35.3428512+01:00","Properties":[{"Key":{"Id":"ExecutionId","Label":"ExecutionId","Category":"","Description":"","Attributes":1,"ValueType":"System.Guid"},"Value":"ca625d70-2b14-4e0e-8cbf-e766ec594de3"},{"Key":{"Id":"ParentExecId","Label":"ParentExecId","Category":"","Description":"","Attributes":1,"ValueType":"System.Guid"},"Value":"2d81159d-7057-4cab-a15f-353e14eb567a"},{"Key":{"Id":"InnerResultsCount","Label":"InnerResultsCount","Category":"","Description":"","Attributes":1,"ValueType":"System.Int32"},"Value":0}]},{"TestCase":{"Id":"1f7b6345-1a11-278d-35a8-a979b4ec047f","FullyQualifiedName":"Testovi_za_zadatak_1.UnitTestClan.TestValidnihPodataka","DisplayName":"TestValidnihPodataka","ExecutorUri":"executor://MSTestAdapter/v2","Source":"C:\\Users\\berin\\source\\repos\\VVSzadaca2\\eParking\\Testovi za zadatak 1\\bin\\Debug\\fine-code-coverage\\Testovi za zadatak 1.dll","CodeFilePath":null,"LineNumber":-1,"Properties":[{"Key":{"Id":"MSTestDiscoverer.TestClassName","Label":"ClassName","Category":"","Description":"","Attributes":1,"ValueType":"System.String"},"Value":"Testovi_za_zadatak_1.UnitTestClan"},{"Key":{"Id":"TestObject.Traits","Label":"Traits","Category":"","Description":"","Attributes":5,"ValueType":"System.Collections.Generic.KeyValuePair`2[[System.String],[System.String]][]"},"Value":[]}]},"Attachments":[],"Outcome":1,"ErrorMessage":null,"ErrorStackTrace":null,"DisplayName":"TestValidnihPodataka (user1,passworddd,Adresa,Automobil,123-A-123,5,2022,5,1)","Messages":[],"ComputerName":null,"Duration":"00:00:00.0000122","StartTime":"2020-12-01T16:35:35.2328103+01:00","EndTime":"2020-12-01T16:35:35.3428512+01:00","Properties":[{"Key":{"Id":"ExecutionId","Label":"ExecutionId","Category":"","Description":"","Attributes":1,"ValueType":"System.Guid"},"Value":"f710ca5f-7653-494d-a477-cbb11aefe8a5"},{"Key":{"Id":"ParentExecId","Label":"ParentExecId","Category":"","Description":"","Attributes":1,"ValueType":"System.Guid"},"Value":"2d81159d-7057-4cab-a15f-353e14eb567a"},{"Key":{"Id":"InnerResultsCount","Label":"InnerResultsCount","Category":"","Description":"","Attributes":1,"ValueType":"System.Int32"},"Value":0}]},{"TestCase":{"Id":"1f7b6345-1a11-278d-35a8-a979b4ec047f","FullyQualifiedName":"Testovi_za_zadatak_1.UnitTestClan.TestValidnihPodataka","DisplayName":"TestValidnihPodataka","ExecutorUri":"executor://MSTestAdapter/v2","Source":"C:\\Users\\berin\\source\\repos\\VVSzadaca2\\eParking\\Testovi za zadatak 1\\bin\\Debug\\fine-code-coverage\\Testovi za zadatak 1.dll","CodeFilePath":null,"LineNumber":-1,"Properties":[{"Key":{"Id":"MSTestDiscoverer.TestClassName","Label":"ClassName","Category":"","Description":"","Attributes":1,"ValueType":"System.String"},"Value":"Testovi_za_zadatak_1.UnitTestClan"},{"Key":{"Id":"TestObject.Traits","Label":"Traits","Category":"","Description":"","Attributes":5,"ValueType":"System.Collections.Generic.KeyValuePair`2[[System.String],[System.String]][]"},"Value":[]}]},"Attachments":[],"Outcome":1,"ErrorMessage":null,"ErrorStackTrace":null,"DisplayName":"TestValidnihPodataka (user1,0123456789,Adresa,Automobil,123-A-123,5,2022,5,1)","Messages":[],"ComputerName":null,"Duration":"00:00:00.0000086","StartTime":"2020-12-01T16:35:35.2328103+01:00","EndTime":"2020-12-01T16:35:35.3428512+01:00","Properties":[{"Key":{"Id":"ExecutionId","Label":"ExecutionId","Category":"","Description":"","Attributes":1,"ValueType":"System.Guid"},"Value":"2a6fcde1-014f-4453-b60a-57be32eda54e"},{"Key":{"Id":"ParentExecId","Label":"ParentExecId","Category":"","Description":"","Attributes":1,"ValueType":"System.Guid"},"Value":"2d81159d-7057-4cab-a15f-353e14eb567a"},{"Key":{"Id":"InnerResultsCount","Label":"InnerResultsCount","Category":"","Description":"","Attributes":1,"ValueType":"System.Int32"},"Value":0}]},{"TestCase":{"Id":"1f7b6345-1a11-278d-35a8-a979b4ec047f","FullyQualifiedName":"Testovi_za_zadatak_1.UnitTestClan.TestValidnihPodataka","DisplayName":"TestValidnihPodataka","ExecutorUri":"executor://MSTestAdapter/v2","Source":"C:\\Users\\berin\\source\\repos\\VVSzadaca2\\eParking\\Testovi za zadatak 1\\bin\\Debug\\fine-code-coverage\\Testovi za zadatak 1.dll","CodeFilePath":null,"LineNumber":-1,"Properties":[{"Key":{"Id":"MSTestDiscoverer.TestClassName","Label":"ClassName","Category":"","Description":"","Attributes":1,"ValueType":"System.String"},"Value":"Testovi_za_zadatak_1.UnitTestClan"},{"Key":{"Id":"TestObject.Traits","Label":"Traits","Category":"","Description":"","Attributes":5,"ValueType":"System.Collections.Generic.KeyValuePair`2[[System.String],[System.String]][]"},"Value":[]}]},"Attachments":[],"Outcome":1,"ErrorMessage":null,"ErrorStackTrace":null,"DisplayName":"TestValidnihPodataka (user1,pass123word,Adresa,Automobil,123-A-123,5,2022,5,1)","Messages":[],"ComputerName":null,"Duration":"00:00:00.0000078","StartTime":"2020-12-01T16:35:35.2328103+01:00","EndTime":"2020-12-01T16:35:35.3428512+01:00","Properties":[{"Key":{"Id":"ExecutionId","Label":"ExecutionId","Category":"","Description":"","Attributes":1,"ValueType":"System.Guid"},"Value":"445bc92c-a8fd-46a3-bfeb-9415b19e3591"},{"Key":{"Id":"ParentExecId","Label":"ParentExecId","Category":"","Description":"","Attributes":1,"ValueType":"System.Guid"},"Value":"2d81159d-7057-4cab-a15f-353e14eb567a"},{"Key":{"Id":"InnerResultsCount","Label":"InnerResultsCount","Category":"","Description":"","Attributes":1,"ValueType":"System.Int32"},"Value":0}]},{"TestCase":{"Id":"5dd993f5-6b38-97aa-ac85-30535fb6265b","FullyQualifiedName":"Testovi_za_zadatak_1.UnitTestClan.TestNevalidnihPodataka","DisplayName":"TestNevalidnihPodataka","ExecutorUri":"executor://MSTestAdapter/v2","Source":"C:\\Users\\berin\\source\\repos\\VVSzadaca2\\eParking\\Testovi za zadatak 1\\bin\\Debug\\fine-code-coverage\\Testovi za zadatak 1.dll","CodeFilePath":null,"LineNumber":-1,"Properties":[{"Key":{"Id":"MSTestDiscoverer.TestClassName","Label":"ClassName","Category":"","Description":"","Attributes":1,"ValueType":"System.String"},"Value":"Testovi_za_zadatak_1.UnitTestClan"},{"Key":{"Id":"TestObject.Traits","Label":"Traits","Category":"","Description":"","Attributes":5,"ValueType":"System.Collections.Generic.KeyValuePair`2[[System.String],[System.String]][]"},"Value":[]}]},"Attachments":[],"Outcome":1,"ErrorMessage":null,"ErrorStackTrace":null,"DisplayName":null,"Messages":[],"ComputerName":null,"Duration":"00:00:00.0080879","StartTime":"2020-12-01T16:35:35.4097921+01:00","EndTime":"2020-12-01T16:35:35.4183181+01:00","Properties":[{"Key":{"Id":"ExecutionId","Label":"ExecutionId","Category":"","Description":"","Attributes":1,"ValueType":"System.Guid"},"Value":"047d9657-f65f-41b0-82ea-41941d9933a4"},{"Key":{"Id":"ParentExecId","Label":"ParentExecId","Category":"","Description":"","Attributes":1,"ValueType":"System.Guid"},"Value":"00000000-0000-0000-0000-000000000000"},{"Key":{"Id":"InnerResultsCount","Label":"InnerResultsCount","Category":"","Description":"","Attributes":1,"ValueType":"System.Int32"},"Value":5}]},{"TestCase":{"Id":"5dd993f5-6b38-97aa-ac85-30535fb6265b","FullyQualifiedName":"Testovi_za_zadatak_1.UnitTestClan.TestNevalidnihPodataka","DisplayName":"TestNevalidnihPodataka","ExecutorUri":"executor://MSTestAdapter/v2","Source":"C:\\Users\\berin\\source\\repos\\VVSzadaca2\\eParking\\Testovi za zadatak 1\\bin\\Debug\\fine-code-coverage\\Testovi za zadatak 1.dll","CodeFilePath":null,"LineNumber":-1,"Properties":[{"Key":{"Id":"MSTestDiscoverer.TestClassName","Label":"ClassName","Category":"","Description":"","Attributes":1,"ValueType":"System.String"},"Value":"Testovi_za_zadatak_1.UnitTestClan"},{"Key":{"Id":"TestObject.Traits","Label":"Traits","Category":"","Description":"","Attributes":5,"ValueType":"System.Collections.Generic.KeyValuePair`2[[System.String],[System.String]][]"},"Value":[]}]},"Attachments":[],"Outcome":1,"ErrorMessage":null,"ErrorStackTrace":null,"DisplayName":"TestNevalidnihPodataka (user1,,Adresa,Automobil,123-A-123,5,2022,5,1)","Messages":[],"ComputerName":null,"Duration":"00:00:00.0036760","StartTime":"2020-12-01T16:35:35.4097921+01:00","EndTime":"2020-12-01T16:35:35.4183181+01:00","Properties":[{"Key":{"Id":"ExecutionId","Label":"ExecutionId","Category":"","Description":"","Attributes":1,"ValueType":"System.Guid"},"Value":"b23efab6-460c-447e-a6f1-94c11568367f"},{"Key":{"Id":"ParentExecId","Label":"ParentExecId","Category":"","Description":"","Attributes":1,"ValueType":"System.Guid"},"Value":"047d9657-f65f-41b0-82ea-41941d9933a4"},{"Key":{"Id":"InnerResultsCount","Label":"InnerResultsCount","Category":"","Description":"","Attributes":1,"ValueType":"System.Int32"},"Value":0}]},{"TestCase":{"Id":"5dd993f5-6b38-97aa-ac85-30535fb6265b","FullyQualifiedName":"Testovi_za_zadatak_1.UnitTestClan.TestNevalidnihPodataka","DisplayName":"TestNevalidnihPodataka","ExecutorUri":"executor://MSTestAdapter/v2","Source":"C:\\Users\\berin\\source\\repos\\VVSzadaca2\\eParking\\Testovi za zadatak 1\\bin\\Debug\\fine-code-coverage\\Testovi za zadatak 1.dll","CodeFilePath":null,"LineNumber":-1,"Properties":[{"Key":{"Id":"MSTestDiscoverer.TestClassName","Label":"ClassName","Category":"","Description":"","Attributes":1,"ValueType":"System.String"},"Value":"Testovi_za_zadatak_1.UnitTestClan"},{"Key":{"Id":"TestObject.Traits","Label":"Traits","Category":"","Description":"","Attributes":5,"ValueType":"System.Collections.Generic.KeyValuePair`2[[System.String],[System.String]][]"},"Value":[]}]},"Attachments":[],"Outcome":1,"ErrorMessage":null,"ErrorStackTrace":null,"DisplayName":"TestNevalidnihPodataka (user1,pass,Adresa,Automobil,123-A-123,5,2022,5,1)","Messages":[],"ComputerName":null,"Duration":"00:00:00.0008579","StartTime":"2020-12-01T16:35:35.4097921+01:00","EndTime":"2020-12-01T16:35:35.4183181+01:00","Properties":[{"Key":{"Id":"ExecutionId","Label":"ExecutionId","Category":"","Description":"","Attributes":1,"ValueType":"System.Guid"},"Value":"dd3dae84-2ab5-4cf4-a049-8cae0ac0655a"},{"Key":{"Id":"ParentExecId","Label":"ParentExecId","Category":"","Description":"","Attributes":1,"ValueType":"System.Guid"},"Value":"047d9657-f65f-41b0-82ea-41941d9933a4"},{"Key":{"Id":"InnerResultsCount","Label":"InnerResultsCount","Category":"","Description":"","Attributes":1,"ValueType":"System.Int32"},"Value":0}]},{"TestCase":{"Id":"5dd993f5-6b38-97aa-ac85-30535fb6265b","FullyQualifiedName":"Testovi_za_zadatak_1.UnitTestClan.TestNevalidnihPodataka","DisplayName":"TestNevalidnihPodataka","ExecutorUri":"executor://MSTestAdapter/v2","Source":"C:\\Users\\berin\\source\\repos\\VVSzadaca2\\eParking\\Testovi za zadatak 1\\bin\\Debug\\fine-code-coverage\\Testovi za zadatak 1.dll","CodeFilePath":null,"LineNumber":-1,"Properties":[{"Key":{"Id":"MSTestDiscoverer.TestClassName","Label":"ClassName","Category":"","Description":"","Attributes":1,"ValueType":"System.String"},"Value":"Testovi_za_zadatak_1.UnitTestClan"},{"Key":{"Id":"TestObject.Traits","Label":"Traits","Category":"","Description":"","Attributes":5,"ValueType":"System.Collections.Generic.KeyValuePair`2[[System.String],[System.String]][]"},"Value":[]}]},"Attachments":[],"Outcome":1,"ErrorMessage":null,"ErrorStackTrace":null,"DisplayName":"TestNevalidnihPodataka (user1,password12/,Adresa,Automobil,123-A-123,5,2022,5,1)","Messages":[],"ComputerName":null,"Duration":"00:00:00.0009126","StartTime":"2020-12-01T16:35:35.4097921+01:00","EndTime":"2020-12-01T16:35:35.4183181+01:00","Properties":[{"Key":{"Id":"ExecutionId","Label":"ExecutionId","Category":"","Description":"","Attributes":1,"ValueType":"System.Guid"},"Value":"fdbab8fd-a396-4e6f-886d-0846288286d4"},{"Key":{"Id":"ParentExecId","Label":"ParentExecId","Category":"","Description":"","Attributes":1,"ValueType":"System.Guid"},"Value":"047d9657-f65f-41b0-82ea-41941d9933a4"},{"Key":{"Id":"InnerResultsCount","Label":"InnerResultsCount","Category":"","Description":"","Attributes":1,"ValueType":"System.Int32"},"Value":0}]}],"TestRunStatistics":{"ExecutedTests":10,"Stats":{"Passed":10}},"ActiveTests":[]}}
TpTrace Verbose: 0 : 23592, 4, 2020/12/01, 16:35:35.502, 2634301300454, testhost.dll, TestRunCache: OnNewTestResult: Notified the onCacheHit callback.
TpTrace Verbose: 0 : 23592, 4, 2020/12/01, 16:35:35.503, 2634301304850, testhost.dll, TestExecutionRecorder.RecordEnd: test: Testovi_za_zadatak_1.UnitTestClan.TestNevalidnihPodataka execution completed.
TpTrace Warning: 0 : 23592, 4, 2020/12/01, 16:35:35.503, 2634301308147, testhost.dll, InProgressTests is null
TpTrace Verbose: 0 : 23592, 4, 2020/12/01, 16:35:35.503, 2634301311963, testhost.dll, TestExecutionRecorder.RecordResult: Received result for test: Testovi_za_zadatak_1.UnitTestClan.TestNevalidnihPodataka.
TpTrace Warning: 0 : 23592, 4, 2020/12/01, 16:35:35.504, 2634301316024, testhost.dll, InProgressTests is null
TpTrace Warning: 0 : 23592, 4, 2020/12/01, 16:35:35.504, 2634301319732, testhost.dll, TestRunCache: No test found corresponding to testResult 'TestNevalidnihPodataka  Passed' in inProgress list.
TpTrace Verbose: 0 : 23592, 4, 2020/12/01, 16:35:35.504, 2634301323503, testhost.dll, TestExecutionRecorder.RecordEnd: test: Testovi_za_zadatak_1.UnitTestClan.TestNevalidnihPodataka execution completed.
TpTrace Warning: 0 : 23592, 4, 2020/12/01, 16:35:35.505, 2634301326998, testhost.dll, InProgressTests is null
TpTrace Verbose: 0 : 23592, 4, 2020/12/01, 16:35:35.505, 2634301330997, testhost.dll, TestExecutionRecorder.RecordResult: Received result for test: Testovi_za_zadatak_1.UnitTestClan.TestNevalidnihPodataka.
TpTrace Warning: 0 : 23592, 4, 2020/12/01, 16:35:35.506, 2634301335564, testhost.dll, InProgressTests is null
TpTrace Warning: 0 : 23592, 4, 2020/12/01, 16:35:35.506, 2634301339666, testhost.dll, TestRunCache: No test found corresponding to testResult 'TestNevalidnihPodataka  Passed' in inProgress list.
TpTrace Verbose: 0 : 23592, 4, 2020/12/01, 16:35:35.507, 2634301345253, testhost.dll, TestExecutionRecorder.RecordStart: Starting test: Testovi_za_zadatak_1.UnitTestClan.TestGetMetodeClan.
TpTrace Verbose: 0 : 23592, 4, 2020/12/01, 16:35:35.513, 2634301409224, testhost.dll, TestExecutionRecorder.RecordEnd: test: Testovi_za_zadatak_1.UnitTestClan.TestGetMetodeClan execution completed.
TpTrace Verbose: 0 : 23592, 4, 2020/12/01, 16:35:35.517, 2634301445489, testhost.dll, TestExecutionRecorder.RecordResult: Received result for test: Testovi_za_zadatak_1.UnitTestClan.TestGetMetodeClan.
TpTrace Warning: 0 : 23592, 4, 2020/12/01, 16:35:35.517, 2634301449837, testhost.dll, InProgressTests is null
TpTrace Warning: 0 : 23592, 4, 2020/12/01, 16:35:35.517, 2634301452620, testhost.dll, TestRunCache: No test found corresponding to testResult 'TestGetMetodeClan  Passed' in inProgress list.
TpTrace Verbose: 0 : 23592, 4, 2020/12/01, 16:35:35.518, 2634301454997, testhost.dll, TestExecutionRecorder.RecordStart: Starting test: Testovi_za_zadatak_1.UnitTestClan.TestOtkazivanjeRezervacije.
TpTrace Verbose: 0 : 23592, 4, 2020/12/01, 16:35:35.525, 2634301524855, testhost.dll, TestExecutionRecorder.RecordEnd: test: Testovi_za_zadatak_1.UnitTestClan.TestOtkazivanjeRezervacije execution completed.
TpTrace Verbose: 0 : 23592, 4, 2020/12/01, 16:35:35.531, 2634301588250, testhost.dll, TestExecutionRecorder.RecordResult: Received result for test: Testovi_za_zadatak_1.UnitTestClan.TestOtkazivanjeRezervacije.
TpTrace Warning: 0 : 23592, 4, 2020/12/01, 16:35:35.531, 2634301593155, testhost.dll, InProgressTests is null
TpTrace Warning: 0 : 23592, 4, 2020/12/01, 16:35:35.532, 2634301596760, testhost.dll, TestRunCache: No test found corresponding to testResult 'TestOtkazivanjeRezervacije  Passed' in inProgress list.
TpTrace Verbose: 0 : 23592, 4, 2020/12/01, 16:35:35.532, 2634301600529, testhost.dll, TestExecutionRecorder.RecordStart: Starting test: Testovi_za_zadatak_1.UnitTestClanRezervacija.TestRezervacijeSaIsteklomClanarinom.
TpTrace Verbose: 0 : 23592, 4, 2020/12/01, 16:35:35.538, 2634301654792, testhost.dll, TestExecutionRecorder.RecordEnd: test: Testovi_za_zadatak_1.UnitTestClanRezervacija.TestRezervacijeSaIsteklomClanarinom execution completed.
TpTrace Verbose: 0 : 23592, 4, 2020/12/01, 16:35:35.540, 2634301680458, testhost.dll, TestExecutionRecorder.RecordResult: Received result for test: Testovi_za_zadatak_1.UnitTestClanRezervacija.TestRezervacijeSaIsteklomClanarinom.
TpTrace Warning: 0 : 23592, 4, 2020/12/01, 16:35:35.540, 2634301683791, testhost.dll, InProgressTests is null
TpTrace Warning: 0 : 23592, 4, 2020/12/01, 16:35:35.541, 2634301686195, testhost.dll, TestRunCache: No test found corresponding to testResult 'TestRezervacijeSaIsteklomClanarinom  Passed' in inProgress list.
TpTrace Verbose: 0 : 23592, 4, 2020/12/01, 16:35:35.541, 2634301688599, testhost.dll, TestExecutionRecorder.RecordStart: Starting test: Testovi_za_zadatak_1.UnitTestClanRezervacija.TestUspjesneRezervacije.
TpTrace Verbose: 0 : 23592, 4, 2020/12/01, 16:35:35.545, 2634301725009, testhost.dll, TestExecutionRecorder.RecordEnd: test: Testovi_za_zadatak_1.UnitTestClanRezervacija.TestUspjesneRezervacije execution completed.
TpTrace Verbose: 0 : 23592, 4, 2020/12/01, 16:35:35.547, 2634301750772, testhost.dll, TestExecutionRecorder.RecordResult: Received result for test: Testovi_za_zadatak_1.UnitTestClanRezervacija.TestUspjesneRezervacije.
TpTrace Warning: 0 : 23592, 4, 2020/12/01, 16:35:35.548, 2634301755033, testhost.dll, InProgressTests is null
TpTrace Warning: 0 : 23592, 4, 2020/12/01, 16:35:35.548, 2634301757532, testhost.dll, TestRunCache: No test found corresponding to testResult 'TestUspjesneRezervacije  Passed' in inProgress list.
TpTrace Verbose: 0 : 23592, 4, 2020/12/01, 16:35:35.548, 2634301760371, testhost.dll, TestExecutionRecorder.RecordStart: Starting test: Testovi_za_zadatak_1.UnitTestClanRezervacija.TestPonovneRezervacije.
TpTrace Verbose: 0 : 23592, 4, 2020/12/01, 16:35:35.552, 2634301800055, testhost.dll, TestExecutionRecorder.RecordEnd: test: Testovi_za_zadatak_1.UnitTestClanRezervacija.TestPonovneRezervacije execution completed.
TpTrace Verbose: 0 : 23592, 4, 2020/12/01, 16:35:35.555, 2634301830913, testhost.dll, TestExecutionRecorder.RecordResult: Received result for test: Testovi_za_zadatak_1.UnitTestClanRezervacija.TestPonovneRezervacije.
TpTrace Warning: 0 : 23592, 4, 2020/12/01, 16:35:35.556, 2634301834997, testhost.dll, InProgressTests is null
TpTrace Warning: 0 : 23592, 4, 2020/12/01, 16:35:35.556, 2634301837472, testhost.dll, TestRunCache: No test found corresponding to testResult 'TestPonovneRezervacije  Passed' in inProgress list.
TpTrace Verbose: 0 : 23592, 4, 2020/12/01, 16:35:35.556, 2634301839978, testhost.dll, TestExecutionRecorder.RecordStart: Starting test: Testovi_za_zadatak_1.UnitTestKorisnik.TestGetMetodeKorisnik.
TpTrace Verbose: 0 : 23592, 4, 2020/12/01, 16:35:35.561, 2634301889957, testhost.dll, TestExecutionRecorder.RecordEnd: test: Testovi_za_zadatak_1.UnitTestKorisnik.TestGetMetodeKorisnik execution completed.
TpTrace Verbose: 0 : 23592, 4, 2020/12/01, 16:35:35.564, 2634301923338, testhost.dll, TestExecutionRecorder.RecordResult: Received result for test: Testovi_za_zadatak_1.UnitTestKorisnik.TestGetMetodeKorisnik.
TpTrace Warning: 0 : 23592, 4, 2020/12/01, 16:35:35.565, 2634301926741, testhost.dll, InProgressTests is null
TpTrace Warning: 0 : 23592, 4, 2020/12/01, 16:35:35.565, 2634301929210, testhost.dll, TestRunCache: No test found corresponding to testResult 'TestGetMetodeKorisnik  Passed' in inProgress list.
TpTrace Verbose: 0 : 23592, 4, 2020/12/01, 16:35:35.565, 2634301931906, testhost.dll, TestExecutionRecorder.RecordStart: Starting test: Testovi_za_zadatak_1.UnitTestKorisnik.TestNeispravnoKorisnikoIme.
TpTrace Verbose: 0 : 23592, 4, 2020/12/01, 16:35:35.571, 2634301987672, testhost.dll, TestExecutionRecorder.RecordEnd: test: Testovi_za_zadatak_1.UnitTestKorisnik.TestNeispravnoKorisnikoIme execution completed.
TpTrace Verbose: 0 : 23592, 4, 2020/12/01, 16:35:35.574, 2634302024386, testhost.dll, TestExecutionRecorder.RecordResult: Received result for test: Testovi_za_zadatak_1.UnitTestKorisnik.TestNeispravnoKorisnikoIme.
TpTrace Warning: 0 : 23592, 4, 2020/12/01, 16:35:35.575, 2634302029227, testhost.dll, InProgressTests is null
TpTrace Warning: 0 : 23592, 4, 2020/12/01, 16:35:35.575, 2634302032853, testhost.dll, TestRunCache: No test found corresponding to testResult 'TestNeispravnoKorisnikoIme  Passed' in inProgress list.
TpTrace Verbose: 0 : 23592, 4, 2020/12/01, 16:35:35.576, 2634302036883, testhost.dll, TestExecutionRecorder.RecordStart: Starting test: Testovi_za_zadatak_1.UnitTestKorisnik.TestNeispravnaAdresa.
TpTrace Information: 0 : 23592, 4, 2020/12/01, 16:35:35.576, 2634302041309, testhost.dll, Sending test run statistics
TpTrace Verbose: 0 : 23592, 4, 2020/12/01, 16:35:35.580, 2634302076216, testhost.dll, TestRequestHandler.SendData:  sending data from testhost: {"Version":2,"MessageType":"TestExecution.StatsChange","Payload":{"NewTestResults":[{"TestCase":{"Id":"5dd993f5-6b38-97aa-ac85-30535fb6265b","FullyQualifiedName":"Testovi_za_zadatak_1.UnitTestClan.TestNevalidnihPodataka","DisplayName":"TestNevalidnihPodataka","ExecutorUri":"executor://MSTestAdapter/v2","Source":"C:\\Users\\berin\\source\\repos\\VVSzadaca2\\eParking\\Testovi za zadatak 1\\bin\\Debug\\fine-code-coverage\\Testovi za zadatak 1.dll","CodeFilePath":null,"LineNumber":-1,"Properties":[{"Key":{"Id":"MSTestDiscoverer.TestClassName","Label":"ClassName","Category":"","Description":"","Attributes":1,"ValueType":"System.String"},"Value":"Testovi_za_zadatak_1.UnitTestClan"},{"Key":{"Id":"TestObject.Traits","Label":"Traits","Category":"","Description":"","Attributes":5,"ValueType":"System.Collections.Generic.KeyValuePair`2[[System.String],[System.String]][]"},"Value":[]}]},"Attachments":[],"Outcome":1,"ErrorMessage":null,"ErrorStackTrace":null,"DisplayName":"TestNevalidnihPodataka (user1,123/abc/123,Adresa,Automobil,123-A-123,5,2022,5,1)","Messages":[],"ComputerName":null,"Duration":"00:00:00.0006740","StartTime":"2020-12-01T16:35:35.4097921+01:00","EndTime":"2020-12-01T16:35:35.4183181+01:00","Properties":[{"Key":{"Id":"ExecutionId","Label":"ExecutionId","Category":"","Description":"","Attributes":1,"ValueType":"System.Guid"},"Value":"95e7910f-d8d1-4dba-b8db-d705e0eaeb00"},{"Key":{"Id":"ParentExecId","Label":"ParentExecId","Category":"","Description":"","Attributes":1,"ValueType":"System.Guid"},"Value":"047d9657-f65f-41b0-82ea-41941d9933a4"},{"Key":{"Id":"InnerResultsCount","Label":"InnerResultsCount","Category":"","Description":"","Attributes":1,"ValueType":"System.Int32"},"Value":0}]},{"TestCase":{"Id":"5dd993f5-6b38-97aa-ac85-30535fb6265b","FullyQualifiedName":"Testovi_za_zadatak_1.UnitTestClan.TestNevalidnihPodataka","DisplayName":"TestNevalidnihPodataka","ExecutorUri":"executor://MSTestAdapter/v2","Source":"C:\\Users\\berin\\source\\repos\\VVSzadaca2\\eParking\\Testovi za zadatak 1\\bin\\Debug\\fine-code-coverage\\Testovi za zadatak 1.dll","CodeFilePath":null,"LineNumber":-1,"Properties":[{"Key":{"Id":"MSTestDiscoverer.TestClassName","Label":"ClassName","Category":"","Description":"","Attributes":1,"ValueType":"System.String"},"Value":"Testovi_za_zadatak_1.UnitTestClan"},{"Key":{"Id":"TestObject.Traits","Label":"Traits","Category":"","Description":"","Attributes":5,"ValueType":"System.Collections.Generic.KeyValuePair`2[[System.String],[System.String]][]"},"Value":[]}]},"Attachments":[],"Outcome":1,"ErrorMessage":null,"ErrorStackTrace":null,"DisplayName":"TestNevalidnihPodataka (user1, 123 123 ,Adresa,Automobil,123-A-123,5,2022,5,1)","Messages":[],"ComputerName":null,"Duration":"00:00:00.0006854","StartTime":"2020-12-01T16:35:35.4097921+01:00","EndTime":"2020-12-01T16:35:35.4183181+01:00","Properties":[{"Key":{"Id":"ExecutionId","Label":"ExecutionId","Category":"","Description":"","Attributes":1,"ValueType":"System.Guid"},"Value":"8e0d27cd-0ce1-46c0-a276-62c086c76de3"},{"Key":{"Id":"ParentExecId","Label":"ParentExecId","Category":"","Description":"","Attributes":1,"ValueType":"System.Guid"},"Value":"047d9657-f65f-41b0-82ea-41941d9933a4"},{"Key":{"Id":"InnerResultsCount","Label":"InnerResultsCount","Category":"","Description":"","Attributes":1,"ValueType":"System.Int32"},"Value":0}]},{"TestCase":{"Id":"44eac80d-cdd7-fca5-6e80-d73b6917f669","FullyQualifiedName":"Testovi_za_zadatak_1.UnitTestClan.TestGetMetodeClan","DisplayName":"TestGetMetodeClan","ExecutorUri":"executor://MSTestAdapter/v2","Source":"C:\\Users\\berin\\source\\repos\\VVSzadaca2\\eParking\\Testovi za zadatak 1\\bin\\Debug\\fine-code-coverage\\Testovi za zadatak 1.dll","CodeFilePath":null,"LineNumber":-1,"Properties":[{"Key":{"Id":"MSTestDiscoverer.TestClassName","Label":"ClassName","Category":"","Description":"","Attributes":1,"ValueType":"System.String"},"Value":"Testovi_za_zadatak_1.UnitTestClan"},{"Key":{"Id":"TestObject.Traits","Label":"Traits","Category":"","Description":"","Attributes":5,"ValueType":"System.Collections.Generic.KeyValuePair`2[[System.String],[System.String]][]"},"Value":[]}]},"Attachments":[],"Outcome":1,"ErrorMessage":null,"ErrorStackTrace":null,"DisplayName":null,"Messages":[],"ComputerName":null,"Duration":"00:00:00.0023198","StartTime":"2020-12-01T16:35:35.5108655+01:00","EndTime":"2020-12-01T16:35:35.5134296+01:00","Properties":[{"Key":{"Id":"ExecutionId","Label":"ExecutionId","Category":"","Description":"","Attributes":1,"ValueType":"System.Guid"},"Value":"00000000-0000-0000-0000-000000000000"},{"Key":{"Id":"ParentExecId","Label":"ParentExecId","Category":"","Description":"","Attributes":1,"ValueType":"System.Guid"},"Value":"00000000-0000-0000-0000-000000000000"},{"Key":{"Id":"InnerResultsCount","Label":"InnerResultsCount","Category":"","Description":"","Attributes":1,"ValueType":"System.Int32"},"Value":0}]},{"TestCase":{"Id":"99dc0c66-cc30-f84d-e14f-fda8c3eefb71","FullyQualifiedName":"Testovi_za_zadatak_1.UnitTestClan.TestOtkazivanjeRezervacije","DisplayName":"TestOtkazivanjeRezervacije","ExecutorUri":"executor://MSTestAdapter/v2","Source":"C:\\Users\\berin\\source\\repos\\VVSzadaca2\\eParking\\Testovi za zadatak 1\\bin\\Debug\\fine-code-coverage\\Testovi za zadatak 1.dll","CodeFilePath":null,"LineNumber":-1,"Properties":[{"Key":{"Id":"MSTestDiscoverer.TestClassName","Label":"ClassName","Category":"","Description":"","Attributes":1,"ValueType":"System.String"},"Value":"Testovi_za_zadatak_1.UnitTestClan"},{"Key":{"Id":"TestObject.Traits","Label":"Traits","Category":"","Description":"","Attributes":5,"ValueType":"System.Collections.Generic.KeyValuePair`2[[System.String],[System.String]][]"},"Value":[]}]},"Attachments":[],"Outcome":1,"ErrorMessage":null,"ErrorStackTrace":null,"DisplayName":null,"Messages":[],"ComputerName":null,"Duration":"00:00:00.0027245","StartTime":"2020-12-01T16:35:35.5219844+01:00","EndTime":"2020-12-01T16:35:35.5249921+01:00","Properties":[{"Key":{"Id":"ExecutionId","Label":"ExecutionId","Category":"","Description":"","Attributes":1,"ValueType":"System.Guid"},"Value":"00000000-0000-0000-0000-000000000000"},{"Key":{"Id":"ParentExecId","Label":"ParentExecId","Category":"","Description":"","Attributes":1,"ValueType":"System.Guid"},"Value":"00000000-0000-0000-0000-000000000000"},{"Key":{"Id":"InnerResultsCount","Label":"InnerResultsCount","Category":"","Description":"","Attributes":1,"ValueType":"System.Int32"},"Value":0}]},{"TestCase":{"Id":"299011ac-7415-23d7-d6f1-d3bedc1edb3a","FullyQualifiedName":"Testovi_za_zadatak_1.UnitTestClanRezervacija.TestRezervacijeSaIsteklomClanarinom","DisplayName":"TestRezervacijeSaIsteklomClanarinom","ExecutorUri":"executor://MSTestAdapter/v2","Source":"C:\\Users\\berin\\source\\repos\\VVSzadaca2\\eParking\\Testovi za zadatak 1\\bin\\Debug\\fine-code-coverage\\Testovi za zadatak 1.dll","CodeFilePath":null,"LineNumber":-1,"Properties":[{"Key":{"Id":"MSTestDiscoverer.TestClassName","Label":"ClassName","Category":"","Description":"","Attributes":1,"ValueType":"System.String"},"Value":"Testovi_za_zadatak_1.UnitTestClanRezervacija"},{"Key":{"Id":"TestObject.Traits","Label":"Traits","Category":"","Description":"","Attributes":5,"ValueType":"System.Collections.Generic.KeyValuePair`2[[System.String],[System.String]][]"},"Value":[]}]},"Attachments":[],"Outcome":1,"ErrorMessage":null,"ErrorStackTrace":null,"DisplayName":null,"Messages":[],"ComputerName":null,"Duration":"00:00:00.0019151","StartTime":"2020-12-01T16:35:35.5350097+01:00","EndTime":"2020-12-01T16:35:35.5379861+01:00","Properties":[{"Key":{"Id":"ExecutionId","Label":"ExecutionId","Category":"","Description":"","Attributes":1,"ValueType":"System.Guid"},"Value":"00000000-0000-0000-0000-000000000000"},{"Key":{"Id":"ParentExecId","Label":"ParentExecId","Category":"","Description":"","Attributes":1,"ValueType":"System.Guid"},"Value":"00000000-0000-0000-0000-000000000000"},{"Key":{"Id":"InnerResultsCount","Label":"InnerResultsCount","Category":"","Description":"","Attributes":1,"ValueType":"System.Int32"},"Value":0}]},{"TestCase":{"Id":"26289676-f5f6-b165-cce6-7f277344567d","FullyQualifiedName":"Testovi_za_zadatak_1.UnitTestClanRezervacija.TestUspjesneRezervacije","DisplayName":"TestUspjesneRezervacije","ExecutorUri":"executor://MSTestAdapter/v2","Source":"C:\\Users\\berin\\source\\repos\\VVSzadaca2\\eParking\\Testovi za zadatak 1\\bin\\Debug\\fine-code-coverage\\Testovi za zadatak 1.dll","CodeFilePath":null,"LineNumber":-1,"Properties":[{"Key":{"Id":"MSTestDiscoverer.TestClassName","Label":"ClassName","Category":"","Description":"","Attributes":1,"ValueType":"System.String"},"Value":"Testovi_za_zadatak_1.UnitTestClanRezervacija"},{"Key":{"Id":"TestObject.Traits","Label":"Traits","Category":"","Description":"","Attributes":5,"ValueType":"System.Collections.Generic.KeyValuePair`2[[System.String],[System.String]][]"},"Value":[]}]},"Attachments":[],"Outcome":1,"ErrorMessage":null,"ErrorStackTrace":null,"DisplayName":null,"Messages":[],"ComputerName":null,"Duration":"00:00:00.0005734","StartTime":"2020-12-01T16:35:35.544229+01:00","EndTime":"2020-12-01T16:35:35.5450132+01:00","Properties":[{"Key":{"Id":"ExecutionId","Label":"ExecutionId","Category":"","Description":"","Attributes":1,"ValueType":"System.Guid"},"Value":"00000000-0000-0000-0000-000000000000"},{"Key":{"Id":"ParentExecId","Label":"ParentExecId","Category":"","Description":"","Attributes":1,"ValueType":"System.Guid"},"Value":"00000000-0000-0000-0000-000000000000"},{"Key":{"Id":"InnerResultsCount","Label":"InnerResultsCount","Category":"","Description":"","Attributes":1,"ValueType":"System.Int32"},"Value":0}]},{"TestCase":{"Id":"2e9d8e30-3d90-c82b-c3b3-94c890e2c788","FullyQualifiedName":"Testovi_za_zadatak_1.UnitTestClanRezervacija.TestPonovneRezervacije","DisplayName":"TestPonovneRezervacije","ExecutorUri":"executor://MSTestAdapter/v2","Source":"C:\\Users\\berin\\source\\repos\\VVSzadaca2\\eParking\\Testovi za zadatak 1\\bin\\Debug\\fine-code-coverage\\Testovi za zadatak 1.dll","CodeFilePath":null,"LineNumber":-1,"Properties":[{"Key":{"Id":"MSTestDiscoverer.TestClassName","Label":"ClassName","Category":"","Description":"","Attributes":1,"ValueType":"System.String"},"Value":"Testovi_za_zadatak_1.UnitTestClanRezervacija"},{"Key":{"Id":"TestObject.Traits","Label":"Traits","Category":"","Description":"","Attributes":5,"ValueType":"System.Collections.Generic.KeyValuePair`2[[System.String],[System.String]][]"},"Value":[]}]},"Attachments":[],"Outcome":1,"ErrorMessage":null,"ErrorStackTrace":null,"DisplayName":null,"Messages":[],"ComputerName":null,"Duration":"00:00:00.0009010","StartTime":"2020-12-01T16:35:35.5512993+01:00","EndTime":"2020-12-01T16:35:35.5525088+01:00","Properties":[{"Key":{"Id":"ExecutionId","Label":"ExecutionId","Category":"","Description":"","Attributes":1,"ValueType":"System.Guid"},"Value":"00000000-0000-0000-0000-000000000000"},{"Key":{"Id":"ParentExecId","Label":"ParentExecId","Category":"","Description":"","Attributes":1,"ValueType":"System.Guid"},"Value":"00000000-0000-0000-0000-000000000000"},{"Key":{"Id":"InnerResultsCount","Label":"InnerResultsCount","Category":"","Description":"","Attributes":1,"ValueType":"System.Int32"},"Value":0}]},{"TestCase":{"Id":"b3936bb5-bbdf-113f-48d5-a93c1a363c30","FullyQualifiedName":"Testovi_za_zadatak_1.UnitTestKorisnik.TestGetMetodeKorisnik","DisplayName":"TestGetMetodeKorisnik","ExecutorUri":"executor://MSTestAdapter/v2","Source":"C:\\Users\\berin\\source\\repos\\VVSzadaca2\\eParking\\Testovi za zadatak 1\\bin\\Debug\\fine-code-coverage\\Testovi za zadatak 1.dll","CodeFilePath":null,"LineNumber":-1,"Properties":[{"Key":{"Id":"MSTestDiscoverer.TestClassName","Label":"ClassName","Category":"","Description":"","Attributes":1,"ValueType":"System.String"},"Value":"Testovi_za_zadatak_1.UnitTestKorisnik"},{"Key":{"Id":"TestObject.Traits","Label":"Traits","Category":"","Description":"","Attributes":5,"ValueType":"System.Collections.Generic.KeyValuePair`2[[System.String],[System.String]][]"},"Value":[]}]},"Attachments":[],"Outcome":1,"ErrorMessage":null,"ErrorStackTrace":null,"DisplayName":null,"Messages":[],"ComputerName":null,"Duration":"00:00:00.0012085","StartTime":"2020-12-01T16:35:35.5593617+01:00","EndTime":"2020-12-01T16:35:35.5615011+01:00","Properties":[{"Key":{"Id":"ExecutionId","Label":"ExecutionId","Category":"","Description":"","Attributes":1,"ValueType":"System.Guid"},"Value":"00000000-0000-0000-0000-000000000000"},{"Key":{"Id":"ParentExecId","Label":"ParentExecId","Category":"","Description":"","Attributes":1,"ValueType":"System.Guid"},"Value":"00000000-0000-0000-0000-000000000000"},{"Key":{"Id":"InnerResultsCount","Label":"InnerResultsCount","Category":"","Description":"","Attributes":1,"ValueType":"System.Int32"},"Value":0}]},{"TestCase":{"Id":"e911a22d-653b-66d6-1ab2-f1ad4fd20515","FullyQualifiedName":"Testovi_za_zadatak_1.UnitTestKorisnik.TestNeispravnoKorisnikoIme","DisplayName":"TestNeispravnoKorisnikoIme","ExecutorUri":"executor://MSTestAdapter/v2","Source":"C:\\Users\\berin\\source\\repos\\VVSzadaca2\\eParking\\Testovi za zadatak 1\\bin\\Debug\\fine-code-coverage\\Testovi za zadatak 1.dll","CodeFilePath":null,"LineNumber":-1,"Properties":[{"Key":{"Id":"MSTestDiscoverer.TestClassName","Label":"ClassName","Category":"","Description":"","Attributes":1,"ValueType":"System.String"},"Value":"Testovi_za_zadatak_1.UnitTestKorisnik"},{"Key":{"Id":"TestObject.Traits","Label":"Traits","Category":"","Description":"","Attributes":5,"ValueType":"System.Collections.Generic.KeyValuePair`2[[System.String],[System.String]][]"},"Value":[]}]},"Attachments":[],"Outcome":1,"ErrorMessage":null,"ErrorStackTrace":null,"DisplayName":null,"Messages":[],"ComputerName":null,"Duration":"00:00:00.0013926","StartTime":"2020-12-01T16:35:35.5693907+01:00","EndTime":"2020-12-01T16:35:35.5712605+01:00","Properties":[{"Key":{"Id":"ExecutionId","Label":"ExecutionId","Category":"","Description":"","Attributes":1,"ValueType":"System.Guid"},"Value":"00000000-0000-0000-0000-000000000000"},{"Key":{"Id":"ParentExecId","Label":"ParentExecId","Category":"","Description":"","Attributes":1,"ValueType":"System.Guid"},"Value":"00000000-0000-0000-0000-000000000000"},{"Key":{"Id":"InnerResultsCount","Label":"InnerResultsCount","Category":"","Description":"","Attributes":1,"ValueType":"System.Int32"},"Value":0}]}],"TestRunStatistics":{"ExecutedTests":19,"Stats":{"Passed":19}},"ActiveTests":[{"Id":"c705025b-f2a2-f75d-6173-2aa005ee1337","FullyQualifiedName":"Testovi_za_zadatak_1.UnitTestKorisnik.TestNeispravnaAdresa","DisplayName":"TestNeispravnaAdresa","ExecutorUri":"executor://MSTestAdapter/v2","Source":"C:\\Users\\berin\\source\\repos\\VVSzadaca2\\eParking\\Testovi za zadatak 1\\bin\\Debug\\fine-code-coverage\\Testovi za zadatak 1.dll","CodeFilePath":null,"LineNumber":-1,"Properties":[{"Key":{"Id":"MSTestDiscoverer.TestClassName","Label":"ClassName","Category":"","Description":"","Attributes":1,"ValueType":"System.String"},"Value":"Testovi_za_zadatak_1.UnitTestKorisnik"},{"Key":{"Id":"TestObject.Traits","Label":"Traits","Category":"","Description":"","Attributes":5,"ValueType":"System.Collections.Generic.KeyValuePair`2[[System.String],[System.String]][]"},"Value":[]}]}]}}
TpTrace Verbose: 0 : 23592, 4, 2020/12/01, 16:35:35.581, 2634302094571, testhost.dll, TestRunCache: OnNewTestResult: Notified the onCacheHit callback.
TpTrace Verbose: 0 : 23592, 4, 2020/12/01, 16:35:35.586, 2634302142611, testhost.dll, TestExecutionRecorder.RecordEnd: test: Testovi_za_zadatak_1.UnitTestKorisnik.TestNeispravnaAdresa execution completed.
TpTrace Warning: 0 : 23592, 4, 2020/12/01, 16:35:35.587, 2634302146421, testhost.dll, InProgressTests is null
TpTrace Verbose: 0 : 23592, 4, 2020/12/01, 16:35:35.590, 2634302175789, testhost.dll, TestExecutionRecorder.RecordResult: Received result for test: Testovi_za_zadatak_1.UnitTestKorisnik.TestNeispravnaAdresa.
TpTrace Warning: 0 : 23592, 4, 2020/12/01, 16:35:35.590, 2634302181232, testhost.dll, InProgressTests is null
TpTrace Warning: 0 : 23592, 4, 2020/12/01, 16:35:35.591, 2634302185358, testhost.dll, TestRunCache: No test found corresponding to testResult 'TestNeispravnaAdresa  Passed' in inProgress list.
TpTrace Verbose: 0 : 23592, 4, 2020/12/01, 16:35:35.591, 2634302190441, testhost.dll, TestExecutionRecorder.RecordStart: Starting test: Testovi_za_zadatak_1.UnitTestKorisnikLogovanje.TestUpjesnogLogovanjaPrviPut.
TpTrace Verbose: 0 : 23592, 4, 2020/12/01, 16:35:35.595, 2634302233318, testhost.dll, TestExecutionRecorder.RecordEnd: test: Testovi_za_zadatak_1.UnitTestKorisnikLogovanje.TestUpjesnogLogovanjaPrviPut execution completed.
TpTrace Verbose: 0 : 23592, 4, 2020/12/01, 16:35:35.598, 2634302256787, testhost.dll, TestExecutionRecorder.RecordResult: Received result for test: Testovi_za_zadatak_1.UnitTestKorisnikLogovanje.TestUpjesnogLogovanjaPrviPut.
TpTrace Warning: 0 : 23592, 4, 2020/12/01, 16:35:35.598, 2634302260851, testhost.dll, InProgressTests is null
TpTrace Warning: 0 : 23592, 4, 2020/12/01, 16:35:35.598, 2634302263109, testhost.dll, TestRunCache: No test found corresponding to testResult 'TestUpjesnogLogovanjaPrviPut  Passed' in inProgress list.
TpTrace Verbose: 0 : 23592, 4, 2020/12/01, 16:35:35.599, 2634302265327, testhost.dll, TestExecutionRecorder.RecordStart: Starting test: Testovi_za_zadatak_1.UnitTestKorisnikLogovanje.TestNeuspjesnogLogovanja.
TpTrace Verbose: 0 : 23592, 4, 2020/12/01, 16:35:35.603, 2634302307231, testhost.dll, TestExecutionRecorder.RecordEnd: test: Testovi_za_zadatak_1.UnitTestKorisnikLogovanje.TestNeuspjesnogLogovanja execution completed.
TpTrace Verbose: 0 : 23592, 4, 2020/12/01, 16:35:35.606, 2634302340663, testhost.dll, TestExecutionRecorder.RecordResult: Received result for test: Testovi_za_zadatak_1.UnitTestKorisnikLogovanje.TestNeuspjesnogLogovanja.
TpTrace Warning: 0 : 23592, 4, 2020/12/01, 16:35:35.607, 2634302345461, testhost.dll, InProgressTests is null
TpTrace Warning: 0 : 23592, 4, 2020/12/01, 16:35:35.607, 2634302349286, testhost.dll, TestRunCache: No test found corresponding to testResult 'TestNeuspjesnogLogovanja  Passed' in inProgress list.
TpTrace Verbose: 0 : 23592, 4, 2020/12/01, 16:35:35.607, 2634302352799, testhost.dll, TestExecutionRecorder.RecordStart: Starting test: Testovi_za_zadatak_1.UnitTestLokacija.TestUspjenaRezervacija.
TpTrace Verbose: 0 : 23592, 4, 2020/12/01, 16:35:35.612, 2634302402705, testhost.dll, TestExecutionRecorder.RecordEnd: test: Testovi_za_zadatak_1.UnitTestLokacija.TestUspjenaRezervacija execution completed.
TpTrace Verbose: 0 : 23592, 4, 2020/12/01, 16:35:35.616, 2634302441495, testhost.dll, TestExecutionRecorder.RecordResult: Received result for test: Testovi_za_zadatak_1.UnitTestLokacija.TestUspjenaRezervacija.
TpTrace Warning: 0 : 23592, 4, 2020/12/01, 16:35:35.617, 2634302445725, testhost.dll, InProgressTests is null
TpTrace Warning: 0 : 23592, 4, 2020/12/01, 16:35:35.617, 2634302447906, testhost.dll, TestRunCache: No test found corresponding to testResult 'TestUspjenaRezervacija  Passed' in inProgress list.
TpTrace Verbose: 0 : 23592, 4, 2020/12/01, 16:35:35.617, 2634302450743, testhost.dll, TestExecutionRecorder.RecordStart: Starting test: Testovi_za_zadatak_1.UnitTestLokacija.TestRezervacijaParkingaSaIsteklomlanarinom.
TpTrace Verbose: 0 : 23592, 4, 2020/12/01, 16:35:35.621, 2634302492298, testhost.dll, TestExecutionRecorder.RecordEnd: test: Testovi_za_zadatak_1.UnitTestLokacija.TestRezervacijaParkingaSaIsteklomlanarinom execution completed.
TpTrace Verbose: 0 : 23592, 4, 2020/12/01, 16:35:35.625, 2634302529830, testhost.dll, TestExecutionRecorder.RecordResult: Received result for test: Testovi_za_zadatak_1.UnitTestLokacija.TestRezervacijaParkingaSaIsteklomlanarinom.
TpTrace Warning: 0 : 23592, 4, 2020/12/01, 16:35:35.625, 2634302534599, testhost.dll, InProgressTests is null
TpTrace Warning: 0 : 23592, 4, 2020/12/01, 16:35:35.626, 2634302538553, testhost.dll, TestRunCache: No test found corresponding to testResult 'TestRezervacijaParkingaSaIsteklomlanarinom  Passed' in inProgress list.
TpTrace Verbose: 0 : 23592, 4, 2020/12/01, 16:35:35.626, 2634302543096, testhost.dll, TestExecutionRecorder.RecordStart: Starting test: Testovi_za_zadatak_1.UnitTestLokacija.TestRezervacijaParkingaSaZauzetimMjestima.
TpTrace Verbose: 0 : 23592, 4, 2020/12/01, 16:35:35.632, 2634302595467, testhost.dll, TestExecutionRecorder.RecordEnd: test: Testovi_za_zadatak_1.UnitTestLokacija.TestRezervacijaParkingaSaZauzetimMjestima execution completed.
TpTrace Verbose: 0 : 23592, 4, 2020/12/01, 16:35:35.635, 2634302625461, testhost.dll, TestExecutionRecorder.RecordResult: Received result for test: Testovi_za_zadatak_1.UnitTestLokacija.TestRezervacijaParkingaSaZauzetimMjestima.
TpTrace Warning: 0 : 23592, 4, 2020/12/01, 16:35:35.635, 2634302628989, testhost.dll, InProgressTests is null
TpTrace Warning: 0 : 23592, 4, 2020/12/01, 16:35:35.635, 2634302631492, testhost.dll, TestRunCache: No test found corresponding to testResult 'TestRezervacijaParkingaSaZauzetimMjestima  Passed' in inProgress list.
TpTrace Verbose: 0 : 23592, 4, 2020/12/01, 16:35:35.635, 2634302634009, testhost.dll, TestExecutionRecorder.RecordStart: Starting test: Testovi_za_zadatak_1.UnitTestLokacija3.TestIzuzetakPriSvimZauzetimMjestima.
TpTrace Verbose: 0 : 23592, 4, 2020/12/01, 16:35:35.641, 2634302692646, testhost.dll, TestExecutionRecorder.RecordEnd: test: Testovi_za_zadatak_1.UnitTestLokacija3.TestIzuzetakPriSvimZauzetimMjestima execution completed.
TpTrace Verbose: 0 : 23592, 4, 2020/12/01, 16:35:35.644, 2634302719125, testhost.dll, TestExecutionRecorder.RecordResult: Received result for test: Testovi_za_zadatak_1.UnitTestLokacija3.TestIzuzetakPriSvimZauzetimMjestima.
TpTrace Warning: 0 : 23592, 4, 2020/12/01, 16:35:35.644, 2634302722266, testhost.dll, InProgressTests is null
TpTrace Warning: 0 : 23592, 4, 2020/12/01, 16:35:35.644, 2634302724439, testhost.dll, TestRunCache: No test found corresponding to testResult 'TestIzuzetakPriSvimZauzetimMjestima  Passed' in inProgress list.
TpTrace Verbose: 0 : 23592, 4, 2020/12/01, 16:35:35.645, 2634302726530, testhost.dll, TestExecutionRecorder.RecordStart: Starting test: Testovi_za_zadatak_1.UnitTestLokacija3.TestOslobodiZauzetoMjesto.
TpTrace Verbose: 0 : 23592, 4, 2020/12/01, 16:35:35.648, 2634302763255, testhost.dll, TestExecutionRecorder.RecordEnd: test: Testovi_za_zadatak_1.UnitTestLokacija3.TestOslobodiZauzetoMjesto execution completed.
TpTrace Verbose: 0 : 23592, 4, 2020/12/01, 16:35:35.651, 2634302788742, testhost.dll, TestExecutionRecorder.RecordResult: Received result for test: Testovi_za_zadatak_1.UnitTestLokacija3.TestOslobodiZauzetoMjesto.
TpTrace Warning: 0 : 23592, 4, 2020/12/01, 16:35:35.651, 2634302792183, testhost.dll, InProgressTests is null
TpTrace Warning: 0 : 23592, 4, 2020/12/01, 16:35:35.652, 2634302794726, testhost.dll, TestRunCache: No test found corresponding to testResult 'TestOslobodiZauzetoMjesto  Passed' in inProgress list.
TpTrace Verbose: 0 : 23592, 4, 2020/12/01, 16:35:35.652, 2634302797288, testhost.dll, TestExecutionRecorder.RecordStart: Starting test: Testovi_za_zadatak_1.UnitTestLokacija3.TestGetMetodeLokacija.
TpTrace Verbose: 0 : 23592, 4, 2020/12/01, 16:35:35.656, 2634302838429, testhost.dll, TestExecutionRecorder.RecordEnd: test: Testovi_za_zadatak_1.UnitTestLokacija3.TestGetMetodeLokacija execution completed.
TpTrace Verbose: 0 : 23592, 4, 2020/12/01, 16:35:35.658, 2634302862408, testhost.dll, TestExecutionRecorder.RecordResult: Received result for test: Testovi_za_zadatak_1.UnitTestLokacija3.TestGetMetodeLokacija.
TpTrace Warning: 0 : 23592, 4, 2020/12/01, 16:35:35.659, 2634302866244, testhost.dll, InProgressTests is null
TpTrace Warning: 0 : 23592, 4, 2020/12/01, 16:35:35.659, 2634302868997, testhost.dll, TestRunCache: No test found corresponding to testResult 'TestGetMetodeLokacija  Passed' in inProgress list.
TpTrace Verbose: 0 : 23592, 4, 2020/12/01, 16:35:35.659, 2634302871557, testhost.dll, TestExecutionRecorder.RecordStart: Starting test: Testovi_za_zadatak_1.UnitTestLokacija3.TestNeispravanFormatNaziva.
TpTrace Information: 0 : 23592, 4, 2020/12/01, 16:35:35.659, 2634302873959, testhost.dll, Sending test run statistics
TpTrace Verbose: 0 : 23592, 4, 2020/12/01, 16:35:35.662, 2634302895396, testhost.dll, TestRequestHandler.SendData:  sending data from testhost: {"Version":2,"MessageType":"TestExecution.StatsChange","Payload":{"NewTestResults":[{"TestCase":{"Id":"c705025b-f2a2-f75d-6173-2aa005ee1337","FullyQualifiedName":"Testovi_za_zadatak_1.UnitTestKorisnik.TestNeispravnaAdresa","DisplayName":"TestNeispravnaAdresa","ExecutorUri":"executor://MSTestAdapter/v2","Source":"C:\\Users\\berin\\source\\repos\\VVSzadaca2\\eParking\\Testovi za zadatak 1\\bin\\Debug\\fine-code-coverage\\Testovi za zadatak 1.dll","CodeFilePath":null,"LineNumber":-1,"Properties":[{"Key":{"Id":"MSTestDiscoverer.TestClassName","Label":"ClassName","Category":"","Description":"","Attributes":1,"ValueType":"System.String"},"Value":"Testovi_za_zadatak_1.UnitTestKorisnik"},{"Key":{"Id":"TestObject.Traits","Label":"Traits","Category":"","Description":"","Attributes":5,"ValueType":"System.Collections.Generic.KeyValuePair`2[[System.String],[System.String]][]"},"Value":[]}]},"Attachments":[],"Outcome":1,"ErrorMessage":null,"ErrorStackTrace":null,"DisplayName":null,"Messages":[],"ComputerName":null,"Duration":"00:00:00.0014176","StartTime":"2020-12-01T16:35:35.5850423+01:00","EndTime":"2020-12-01T16:35:35.5867621+01:00","Properties":[{"Key":{"Id":"ExecutionId","Label":"ExecutionId","Category":"","Description":"","Attributes":1,"ValueType":"System.Guid"},"Value":"00000000-0000-0000-0000-000000000000"},{"Key":{"Id":"ParentExecId","Label":"ParentExecId","Category":"","Description":"","Attributes":1,"ValueType":"System.Guid"},"Value":"00000000-0000-0000-0000-000000000000"},{"Key":{"Id":"InnerResultsCount","Label":"InnerResultsCount","Category":"","Description":"","Attributes":1,"ValueType":"System.Int32"},"Value":0}]},{"TestCase":{"Id":"a3a68d94-364e-5f1a-ff39-0fea6c463b42","FullyQualifiedName":"Testovi_za_zadatak_1.UnitTestKorisnikLogovanje.TestUpjesnogLogovanjaPrviPut","DisplayName":"TestUpjesnogLogovanjaPrviPut","ExecutorUri":"executor://MSTestAdapter/v2","Source":"C:\\Users\\berin\\source\\repos\\VVSzadaca2\\eParking\\Testovi za zadatak 1\\bin\\Debug\\fine-code-coverage\\Testovi za zadatak 1.dll","CodeFilePath":null,"LineNumber":-1,"Properties":[{"Key":{"Id":"MSTestDiscoverer.TestClassName","Label":"ClassName","Category":"","Description":"","Attributes":1,"ValueType":"System.String"},"Value":"Testovi_za_zadatak_1.UnitTestKorisnikLogovanje"},{"Key":{"Id":"TestObject.Traits","Label":"Traits","Category":"","Description":"","Attributes":5,"ValueType":"System.Collections.Generic.KeyValuePair`2[[System.String],[System.String]][]"},"Value":[]}]},"Attachments":[],"Outcome":1,"ErrorMessage":null,"ErrorStackTrace":null,"DisplayName":null,"Messages":[],"ComputerName":null,"Duration":"00:00:00.0008231","StartTime":"2020-12-01T16:35:35.5944347+01:00","EndTime":"2020-12-01T16:35:35.5958419+01:00","Properties":[{"Key":{"Id":"ExecutionId","Label":"ExecutionId","Category":"","Description":"","Attributes":1,"ValueType":"System.Guid"},"Value":"00000000-0000-0000-0000-000000000000"},{"Key":{"Id":"ParentExecId","Label":"ParentExecId","Category":"","Description":"","Attributes":1,"ValueType":"System.Guid"},"Value":"00000000-0000-0000-0000-000000000000"},{"Key":{"Id":"InnerResultsCount","Label":"InnerResultsCount","Category":"","Description":"","Attributes":1,"ValueType":"System.Int32"},"Value":0}]},{"TestCase":{"Id":"c2037a1e-cc4d-0a95-b14e-1b799d125afa","FullyQualifiedName":"Testovi_za_zadatak_1.UnitTestKorisnikLogovanje.TestNeuspjesnogLogovanja","DisplayName":"TestNeuspjesnogLogovanja","ExecutorUri":"executor://MSTestAdapter/v2","Source":"C:\\Users\\berin\\source\\repos\\VVSzadaca2\\eParking\\Testovi za zadatak 1\\bin\\Debug\\fine-code-coverage\\Testovi za zadatak 1.dll","CodeFilePath":null,"LineNumber":-1,"Properties":[{"Key":{"Id":"MSTestDiscoverer.TestClassName","Label":"ClassName","Category":"","Description":"","Attributes":1,"ValueType":"System.String"},"Value":"Testovi_za_zadatak_1.UnitTestKorisnikLogovanje"},{"Key":{"Id":"TestObject.Traits","Label":"Traits","Category":"","Description":"","Attributes":5,"ValueType":"System.Collections.Generic.KeyValuePair`2[[System.String],[System.String]][]"},"Value":[]}]},"Attachments":[],"Outcome":1,"ErrorMessage":null,"ErrorStackTrace":null,"DisplayName":null,"Messages":[],"ComputerName":null,"Duration":"00:00:00.0005043","StartTime":"2020-12-01T16:35:35.6024279+01:00","EndTime":"2020-12-01T16:35:35.6032005+01:00","Properties":[{"Key":{"Id":"ExecutionId","Label":"ExecutionId","Category":"","Description":"","Attributes":1,"ValueType":"System.Guid"},"Value":"00000000-0000-0000-0000-000000000000"},{"Key":{"Id":"ParentExecId","Label":"ParentExecId","Category":"","Description":"","Attributes":1,"ValueType":"System.Guid"},"Value":"00000000-0000-0000-0000-000000000000"},{"Key":{"Id":"InnerResultsCount","Label":"InnerResultsCount","Category":"","Description":"","Attributes":1,"ValueType":"System.Int32"},"Value":0}]},{"TestCase":{"Id":"fb4821e6-24a4-0ae0-b05b-61a7e78ce992","FullyQualifiedName":"Testovi_za_zadatak_1.UnitTestLokacija.TestUspjenaRezervacija","DisplayName":"TestUspjenaRezervacija","ExecutorUri":"executor://MSTestAdapter/v2","Source":"C:\\Users\\berin\\source\\repos\\VVSzadaca2\\eParking\\Testovi za zadatak 1\\bin\\Debug\\fine-code-coverage\\Testovi za zadatak 1.dll","CodeFilePath":null,"LineNumber":-1,"Properties":[{"Key":{"Id":"MSTestDiscoverer.TestClassName","Label":"ClassName","Category":"","Description":"","Attributes":1,"ValueType":"System.String"},"Value":"Testovi_za_zadatak_1.UnitTestLokacija"},{"Key":{"Id":"TestObject.Traits","Label":"Traits","Category":"","Description":"","Attributes":5,"ValueType":"System.Collections.Generic.KeyValuePair`2[[System.String],[System.String]][]"},"Value":[]}]},"Attachments":[],"Outcome":1,"ErrorMessage":null,"ErrorStackTrace":null,"DisplayName":null,"Messages":[],"ComputerName":null,"Duration":"00:00:00.0008517","StartTime":"2020-12-01T16:35:35.6105301+01:00","EndTime":"2020-12-01T16:35:35.6127791+01:00","Properties":[{"Key":{"Id":"ExecutionId","Label":"ExecutionId","Category":"","Description":"","Attributes":1,"ValueType":"System.Guid"},"Value":"00000000-0000-0000-0000-000000000000"},{"Key":{"Id":"ParentExecId","Label":"ParentExecId","Category":"","Description":"","Attributes":1,"ValueType":"System.Guid"},"Value":"00000000-0000-0000-0000-000000000000"},{"Key":{"Id":"InnerResultsCount","Label":"InnerResultsCount","Category":"","Description":"","Attributes":1,"ValueType":"System.Int32"},"Value":0}]},{"TestCase":{"Id":"eb29726f-f8bf-521a-f673-84633ec4e8fa","FullyQualifiedName":"Testovi_za_zadatak_1.UnitTestLokacija.TestRezervacijaParkingaSaIsteklomlanarinom","DisplayName":"TestRezervacijaParkingaSaIsteklomlanarinom","ExecutorUri":"executor://MSTestAdapter/v2","Source":"C:\\Users\\berin\\source\\repos\\VVSzadaca2\\eParking\\Testovi za zadatak 1\\bin\\Debug\\fine-code-coverage\\Testovi za zadatak 1.dll","CodeFilePath":null,"LineNumber":-1,"Properties":[{"Key":{"Id":"MSTestDiscoverer.TestClassName","Label":"ClassName","Category":"","Description":"","Attributes":1,"ValueType":"System.String"},"Value":"Testovi_za_zadatak_1.UnitTestLokacija"},{"Key":{"Id":"TestObject.Traits","Label":"Traits","Category":"","Description":"","Attributes":5,"ValueType":"System.Collections.Generic.KeyValuePair`2[[System.String],[System.String]][]"},"Value":[]}]},"Attachments":[],"Outcome":1,"ErrorMessage":null,"ErrorStackTrace":null,"DisplayName":null,"Messages":[],"ComputerName":null,"Duration":"00:00:00.0015367","StartTime":"2020-12-01T16:35:35.6196926+01:00","EndTime":"2020-12-01T16:35:35.6217201+01:00","Properties":[{"Key":{"Id":"ExecutionId","Label":"ExecutionId","Category":"","Description":"","Attributes":1,"ValueType":"System.Guid"},"Value":"00000000-0000-0000-0000-000000000000"},{"Key":{"Id":"ParentExecId","Label":"ParentExecId","Category":"","Description":"","Attributes":1,"ValueType":"System.Guid"},"Value":"00000000-0000-0000-0000-000000000000"},{"Key":{"Id":"InnerResultsCount","Label":"InnerResultsCount","Category":"","Description":"","Attributes":1,"ValueType":"System.Int32"},"Value":0}]},{"TestCase":{"Id":"8f2373a6-042c-d23e-ab37-bbc863bb19b0","FullyQualifiedName":"Testovi_za_zadatak_1.UnitTestLokacija.TestRezervacijaParkingaSaZauzetimMjestima","DisplayName":"TestRezervacijaParkingaSaZauzetimMjestima","ExecutorUri":"executor://MSTestAdapter/v2","Source":"C:\\Users\\berin\\source\\repos\\VVSzadaca2\\eParking\\Testovi za zadatak 1\\bin\\Debug\\fine-code-coverage\\Testovi za zadatak 1.dll","CodeFilePath":null,"LineNumber":-1,"Properties":[{"Key":{"Id":"MSTestDiscoverer.TestClassName","Label":"ClassName","Category":"","Description":"","Attributes":1,"ValueType":"System.String"},"Value":"Testovi_za_zadatak_1.UnitTestLokacija"},{"Key":{"Id":"TestObject.Traits","Label":"Traits","Category":"","Description":"","Attributes":5,"ValueType":"System.Collections.Generic.KeyValuePair`2[[System.String],[System.String]][]"},"Value":[]}]},"Attachments":[],"Outcome":1,"ErrorMessage":null,"ErrorStackTrace":null,"DisplayName":null,"Messages":[],"ComputerName":null,"Duration":"00:00:00.0013208","StartTime":"2020-12-01T16:35:35.630279+01:00","EndTime":"2020-12-01T16:35:35.6320464+01:00","Properties":[{"Key":{"Id":"ExecutionId","Label":"ExecutionId","Category":"","Description":"","Attributes":1,"ValueType":"System.Guid"},"Value":"00000000-0000-0000-0000-000000000000"},{"Key":{"Id":"ParentExecId","Label":"ParentExecId","Category":"","Description":"","Attributes":1,"ValueType":"System.Guid"},"Value":"00000000-0000-0000-0000-000000000000"},{"Key":{"Id":"InnerResultsCount","Label":"InnerResultsCount","Category":"","Description":"","Attributes":1,"ValueType":"System.Int32"},"Value":0}]},{"TestCase":{"Id":"829afae9-2cd0-1627-2ab6-65996b6dc80c","FullyQualifiedName":"Testovi_za_zadatak_1.UnitTestLokacija3.TestIzuzetakPriSvimZauzetimMjestima","DisplayName":"TestIzuzetakPriSvimZauzetimMjestima","ExecutorUri":"executor://MSTestAdapter/v2","Source":"C:\\Users\\berin\\source\\repos\\VVSzadaca2\\eParking\\Testovi za zadatak 1\\bin\\Debug\\fine-code-coverage\\Testovi za zadatak 1.dll","CodeFilePath":null,"LineNumber":-1,"Properties":[{"Key":{"Id":"MSTestDiscoverer.TestClassName","Label":"ClassName","Category":"","Description":"","Attributes":1,"ValueType":"System.String"},"Value":"Testovi_za_zadatak_1.UnitTestLokacija3"},{"Key":{"Id":"TestObject.Traits","Label":"Traits","Category":"","Description":"","Attributes":5,"ValueType":"System.Collections.Generic.KeyValuePair`2[[System.String],[System.String]][]"},"Value":[]}]},"Attachments":[],"Outcome":1,"ErrorMessage":null,"ErrorStackTrace":null,"DisplayName":null,"Messages":[],"ComputerName":null,"Duration":"00:00:00.0014674","StartTime":"2020-12-01T16:35:35.6391212+01:00","EndTime":"2020-12-01T16:35:35.641774+01:00","Properties":[{"Key":{"Id":"ExecutionId","Label":"ExecutionId","Category":"","Description":"","Attributes":1,"ValueType":"System.Guid"},"Value":"00000000-0000-0000-0000-000000000000"},{"Key":{"Id":"ParentExecId","Label":"ParentExecId","Category":"","Description":"","Attributes":1,"ValueType":"System.Guid"},"Value":"00000000-0000-0000-0000-000000000000"},{"Key":{"Id":"InnerResultsCount","Label":"InnerResultsCount","Category":"","Description":"","Attributes":1,"ValueType":"System.Int32"},"Value":0}]},{"TestCase":{"Id":"6fe0f35f-1b6a-f8ef-aaf0-14fc928bcbbc","FullyQualifiedName":"Testovi_za_zadatak_1.UnitTestLokacija3.TestOslobodiZauzetoMjesto","DisplayName":"TestOslobodiZauzetoMjesto","ExecutorUri":"executor://MSTestAdapter/v2","Source":"C:\\Users\\berin\\source\\repos\\VVSzadaca2\\eParking\\Testovi za zadatak 1\\bin\\Debug\\fine-code-coverage\\Testovi za zadatak 1.dll","CodeFilePath":null,"LineNumber":-1,"Properties":[{"Key":{"Id":"MSTestDiscoverer.TestClassName","Label":"ClassName","Category":"","Description":"","Attributes":1,"ValueType":"System.String"},"Value":"Testovi_za_zadatak_1.UnitTestLokacija3"},{"Key":{"Id":"TestObject.Traits","Label":"Traits","Category":"","Description":"","Attributes":5,"ValueType":"System.Collections.Generic.KeyValuePair`2[[System.String],[System.String]][]"},"Value":[]}]},"Attachments":[],"Outcome":1,"ErrorMessage":null,"ErrorStackTrace":null,"DisplayName":null,"Messages":[],"ComputerName":null,"Duration":"00:00:00.0005348","StartTime":"2020-12-01T16:35:35.6481117+01:00","EndTime":"2020-12-01T16:35:35.6488323+01:00","Properties":[{"Key":{"Id":"ExecutionId","Label":"ExecutionId","Category":"","Description":"","Attributes":1,"ValueType":"System.Guid"},"Value":"00000000-0000-0000-0000-000000000000"},{"Key":{"Id":"ParentExecId","Label":"ParentExecId","Category":"","Description":"","Attributes":1,"ValueType":"System.Guid"},"Value":"00000000-0000-0000-0000-000000000000"},{"Key":{"Id":"InnerResultsCount","Label":"InnerResultsCount","Category":"","Description":"","Attributes":1,"ValueType":"System.Int32"},"Value":0}]},{"TestCase":{"Id":"b05f3e55-b4a3-9f33-70ae-081183b2919b","FullyQualifiedName":"Testovi_za_zadatak_1.UnitTestLokacija3.TestGetMetodeLokacija","DisplayName":"TestGetMetodeLokacija","ExecutorUri":"executor://MSTestAdapter/v2","Source":"C:\\Users\\berin\\source\\repos\\VVSzadaca2\\eParking\\Testovi za zadatak 1\\bin\\Debug\\fine-code-coverage\\Testovi za zadatak 1.dll","CodeFilePath":null,"LineNumber":-1,"Properties":[{"Key":{"Id":"MSTestDiscoverer.TestClassName","Label":"ClassName","Category":"","Description":"","Attributes":1,"ValueType":"System.String"},"Value":"Testovi_za_zadatak_1.UnitTestLokacija3"},{"Key":{"Id":"TestObject.Traits","Label":"Traits","Category":"","Description":"","Attributes":5,"ValueType":"System.Collections.Generic.KeyValuePair`2[[System.String],[System.String]][]"},"Value":[]}]},"Attachments":[],"Outcome":1,"ErrorMessage":null,"ErrorStackTrace":null,"DisplayName":null,"Messages":[],"ComputerName":null,"Duration":"00:00:00.0015151","StartTime":"2020-12-01T16:35:35.6546216+01:00","EndTime":"2020-12-01T16:35:35.6563506+01:00","Properties":[{"Key":{"Id":"ExecutionId","Label":"ExecutionId","Category":"","Description":"","Attributes":1,"ValueType":"System.Guid"},"Value":"00000000-0000-0000-0000-000000000000"},{"Key":{"Id":"ParentExecId","Label":"ParentExecId","Category":"","Description":"","Attributes":1,"ValueType":"System.Guid"},"Value":"00000000-0000-0000-0000-000000000000"},{"Key":{"Id":"InnerResultsCount","Label":"InnerResultsCount","Category":"","Description":"","Attributes":1,"ValueType":"System.Int32"},"Value":0}]}],"TestRunStatistics":{"ExecutedTests":28,"Stats":{"Passed":28}},"ActiveTests":[{"Id":"07845edc-5f68-46a2-4947-b8d120dd3cfe","FullyQualifiedName":"Testovi_za_zadatak_1.UnitTestLokacija3.TestNeispravanFormatNaziva","DisplayName":"TestNeispravanFormatNaziva","ExecutorUri":"executor://MSTestAdapter/v2","Source":"C:\\Users\\berin\\source\\repos\\VVSzadaca2\\eParking\\Testovi za zadatak 1\\bin\\Debug\\fine-code-coverage\\Testovi za zadatak 1.dll","CodeFilePath":null,"LineNumber":-1,"Properties":[{"Key":{"Id":"MSTestDiscoverer.TestClassName","Label":"ClassName","Category":"","Description":"","Attributes":1,"ValueType":"System.String"},"Value":"Testovi_za_zadatak_1.UnitTestLokacija3"},{"Key":{"Id":"TestObject.Traits","Label":"Traits","Category":"","Description":"","Attributes":5,"ValueType":"System.Collections.Generic.KeyValuePair`2[[System.String],[System.String]][]"},"Value":[]}]}]}}
TpTrace Verbose: 0 : 23592, 4, 2020/12/01, 16:35:35.668, 2634302962754, testhost.dll, TestRunCache: OnNewTestResult: Notified the onCacheHit callback.
TpTrace Verbose: 0 : 23592, 4, 2020/12/01, 16:35:35.673, 2634303010959, testhost.dll, TestExecutionRecorder.RecordEnd: test: Testovi_za_zadatak_1.UnitTestLokacija3.TestNeispravanFormatNaziva execution completed.
TpTrace Warning: 0 : 23592, 4, 2020/12/01, 16:35:35.673, 2634303013731, testhost.dll, InProgressTests is null
TpTrace Verbose: 0 : 23592, 4, 2020/12/01, 16:35:35.676, 2634303037205, testhost.dll, TestExecutionRecorder.RecordResult: Received result for test: Testovi_za_zadatak_1.UnitTestLokacija3.TestNeispravanFormatNaziva.
TpTrace Warning: 0 : 23592, 4, 2020/12/01, 16:35:35.676, 2634303041608, testhost.dll, InProgressTests is null
TpTrace Warning: 0 : 23592, 4, 2020/12/01, 16:35:35.676, 2634303044247, testhost.dll, TestRunCache: No test found corresponding to testResult 'TestNeispravanFormatNaziva  Passed' in inProgress list.
TpTrace Verbose: 0 : 23592, 4, 2020/12/01, 16:35:35.677, 2634303046721, testhost.dll, TestExecutionRecorder.RecordStart: Starting test: Testovi_za_zadatak_1.UnitTestLokacija3.TestNeispravanFormatCijene.
TpTrace Verbose: 0 : 23592, 4, 2020/12/01, 16:35:35.680, 2634303082522, testhost.dll, TestExecutionRecorder.RecordEnd: test: Testovi_za_zadatak_1.UnitTestLokacija3.TestNeispravanFormatCijene execution completed.
TpTrace Verbose: 0 : 23592, 4, 2020/12/01, 16:35:35.683, 2634303105603, testhost.dll, TestExecutionRecorder.RecordResult: Received result for test: Testovi_za_zadatak_1.UnitTestLokacija3.TestNeispravanFormatCijene.
TpTrace Warning: 0 : 23592, 4, 2020/12/01, 16:35:35.683, 2634303108884, testhost.dll, InProgressTests is null
TpTrace Warning: 0 : 23592, 4, 2020/12/01, 16:35:35.683, 2634303111332, testhost.dll, TestRunCache: No test found corresponding to testResult 'TestNeispravanFormatCijene  Passed' in inProgress list.
TpTrace Verbose: 0 : 23592, 4, 2020/12/01, 16:35:35.683, 2634303113766, testhost.dll, TestExecutionRecorder.RecordStart: Starting test: Testovi_za_zadatak_1.UnitTestLokacija3.TestNeispravanFormatKapaciteta.
TpTrace Verbose: 0 : 23592, 4, 2020/12/01, 16:35:35.687, 2634303146787, testhost.dll, TestExecutionRecorder.RecordEnd: test: Testovi_za_zadatak_1.UnitTestLokacija3.TestNeispravanFormatKapaciteta execution completed.
TpTrace Verbose: 0 : 23592, 4, 2020/12/01, 16:35:35.689, 2634303169602, testhost.dll, TestExecutionRecorder.RecordResult: Received result for test: Testovi_za_zadatak_1.UnitTestLokacija3.TestNeispravanFormatKapaciteta.
TpTrace Warning: 0 : 23592, 4, 2020/12/01, 16:35:35.689, 2634303173159, testhost.dll, InProgressTests is null
TpTrace Warning: 0 : 23592, 4, 2020/12/01, 16:35:35.690, 2634303175613, testhost.dll, TestRunCache: No test found corresponding to testResult 'TestNeispravanFormatKapaciteta  Passed' in inProgress list.
TpTrace Verbose: 0 : 23592, 4, 2020/12/01, 16:35:35.690, 2634303178120, testhost.dll, TestExecutionRecorder.RecordStart: Starting test: Testovi_za_zadatak_1.UnitTestLokacija3.TestKonstruktorSaIzuzetkom.
TpTrace Verbose: 0 : 23592, 4, 2020/12/01, 16:35:35.693, 2634303210464, testhost.dll, TestExecutionRecorder.RecordEnd: test: Testovi_za_zadatak_1.UnitTestLokacija3.TestKonstruktorSaIzuzetkom execution completed.
TpTrace Verbose: 0 : 23592, 4, 2020/12/01, 16:35:35.695, 2634303233001, testhost.dll, TestExecutionRecorder.RecordResult: Received result for test: Testovi_za_zadatak_1.UnitTestLokacija3.TestKonstruktorSaIzuzetkom.
TpTrace Warning: 0 : 23592, 4, 2020/12/01, 16:35:35.696, 2634303237375, testhost.dll, InProgressTests is null
TpTrace Warning: 0 : 23592, 4, 2020/12/01, 16:35:35.696, 2634303239962, testhost.dll, TestRunCache: No test found corresponding to testResult 'TestKonstruktorSaIzuzetkom  Passed' in inProgress list.
TpTrace Verbose: 0 : 23592, 4, 2020/12/01, 16:35:35.696, 2634303242411, testhost.dll, TestExecutionRecorder.RecordStart: Starting test: Testovi_za_zadatak_1.UnitTestParking.TestUspjesneRezervacije.
TpTrace Verbose: 0 : 23592, 4, 2020/12/01, 16:35:35.705, 2634303333255, testhost.dll, TestExecutionRecorder.RecordEnd: test: Testovi_za_zadatak_1.UnitTestParking.TestUspjesneRezervacije execution completed.
TpTrace Verbose: 0 : 23592, 4, 2020/12/01, 16:35:35.708, 2634303358327, testhost.dll, TestExecutionRecorder.RecordResult: Received result for test: Testovi_za_zadatak_1.UnitTestParking.TestUspjesneRezervacije.
TpTrace Warning: 0 : 23592, 4, 2020/12/01, 16:35:35.708, 2634303361914, testhost.dll, InProgressTests is null
TpTrace Warning: 0 : 23592, 4, 2020/12/01, 16:35:35.708, 2634303364384, testhost.dll, TestRunCache: No test found corresponding to testResult 'TestUspjesneRezervacije  Passed' in inProgress list.
TpTrace Verbose: 0 : 23592, 4, 2020/12/01, 16:35:35.709, 2634303366923, testhost.dll, TestExecutionRecorder.RecordStart: Starting test: Testovi_za_zadatak_1.UnitTestParking.TestRezervacijeKorisnikNijeClan.
TpTrace Verbose: 0 : 23592, 4, 2020/12/01, 16:35:35.712, 2634303400423, testhost.dll, TestExecutionRecorder.RecordEnd: test: Testovi_za_zadatak_1.UnitTestParking.TestRezervacijeKorisnikNijeClan execution completed.
TpTrace Verbose: 0 : 23592, 4, 2020/12/01, 16:35:35.714, 2634303422641, testhost.dll, TestExecutionRecorder.RecordResult: Received result for test: Testovi_za_zadatak_1.UnitTestParking.TestRezervacijeKorisnikNijeClan.
TpTrace Warning: 0 : 23592, 4, 2020/12/01, 16:35:35.715, 2634303426863, testhost.dll, InProgressTests is null
TpTrace Warning: 0 : 23592, 4, 2020/12/01, 16:35:35.715, 2634303429334, testhost.dll, TestRunCache: No test found corresponding to testResult 'TestRezervacijeKorisnikNijeClan  Passed' in inProgress list.
TpTrace Verbose: 0 : 23592, 4, 2020/12/01, 16:35:35.715, 2634303431785, testhost.dll, TestExecutionRecorder.RecordStart: Starting test: Testovi_za_zadatak_1.UnitTestParking.TestRezervacijeKorisnikVecRezervisao.
TpTrace Verbose: 0 : 23592, 4, 2020/12/01, 16:35:35.719, 2634303468531, testhost.dll, TestExecutionRecorder.RecordEnd: test: Testovi_za_zadatak_1.UnitTestParking.TestRezervacijeKorisnikVecRezervisao execution completed.
TpTrace Verbose: 0 : 23592, 4, 2020/12/01, 16:35:35.722, 2634303498243, testhost.dll, TestExecutionRecorder.RecordResult: Received result for test: Testovi_za_zadatak_1.UnitTestParking.TestRezervacijeKorisnikVecRezervisao.
TpTrace Warning: 0 : 23592, 4, 2020/12/01, 16:35:35.722, 2634303503251, testhost.dll, InProgressTests is null
TpTrace Warning: 0 : 23592, 4, 2020/12/01, 16:35:35.723, 2634303506196, testhost.dll, TestRunCache: No test found corresponding to testResult 'TestRezervacijeKorisnikVecRezervisao  Passed' in inProgress list.
TpTrace Verbose: 0 : 23592, 4, 2020/12/01, 16:35:35.723, 2634303509128, testhost.dll, TestExecutionRecorder.RecordStart: Starting test: Testovi_za_zadatak_1.UnitTestParking3.TestDodavanjeKorisnikaKojiNijelan.
TpTrace Verbose: 0 : 23592, 4, 2020/12/01, 16:35:35.728, 2634303554693, testhost.dll, TestExecutionRecorder.RecordEnd: test: Testovi_za_zadatak_1.UnitTestParking3.TestDodavanjeKorisnikaKojiNijelan execution completed.
TpTrace Verbose: 0 : 23592, 4, 2020/12/01, 16:35:35.730, 2634303580471, testhost.dll, TestExecutionRecorder.RecordResult: Received result for test: Testovi_za_zadatak_1.UnitTestParking3.TestDodavanjeKorisnikaKojiNijelan.
TpTrace Warning: 0 : 23592, 4, 2020/12/01, 16:35:35.730, 2634303584606, testhost.dll, InProgressTests is null
TpTrace Warning: 0 : 23592, 4, 2020/12/01, 16:35:35.731, 2634303587558, testhost.dll, TestRunCache: No test found corresponding to testResult 'TestDodavanjeKorisnikaKojiNijelan  Passed' in inProgress list.
TpTrace Verbose: 0 : 23592, 4, 2020/12/01, 16:35:35.731, 2634303590440, testhost.dll, TestExecutionRecorder.RecordStart: Starting test: Testovi_za_zadatak_1.UnitTestParking3.TestRadSaLokacijomOpcija0.
TpTrace Verbose: 0 : 23592, 4, 2020/12/01, 16:35:35.736, 2634303635270, testhost.dll, TestExecutionRecorder.RecordEnd: test: Testovi_za_zadatak_1.UnitTestParking3.TestRadSaLokacijomOpcija0 execution completed.
TpTrace Verbose: 0 : 23592, 4, 2020/12/01, 16:35:35.738, 2634303662617, testhost.dll, TestExecutionRecorder.RecordResult: Received result for test: Testovi_za_zadatak_1.UnitTestParking3.TestRadSaLokacijomOpcija0.
TpTrace Warning: 0 : 23592, 4, 2020/12/01, 16:35:35.739, 2634303667599, testhost.dll, InProgressTests is null
TpTrace Warning: 0 : 23592, 4, 2020/12/01, 16:35:35.739, 2634303670528, testhost.dll, TestRunCache: No test found corresponding to testResult 'TestRadSaLokacijomOpcija0  Passed' in inProgress list.
TpTrace Verbose: 0 : 23592, 4, 2020/12/01, 16:35:35.739, 2634303673409, testhost.dll, TestExecutionRecorder.RecordStart: Starting test: Testovi_za_zadatak_1.UnitTestParking3.TestRadSaLokacijomOpcija1.
TpTrace Information: 0 : 23592, 4, 2020/12/01, 16:35:35.740, 2634303677376, testhost.dll, Sending test run statistics
TpTrace Verbose: 0 : 23592, 4, 2020/12/01, 16:35:35.742, 2634303702037, testhost.dll, TestRequestHandler.SendData:  sending data from testhost: {"Version":2,"MessageType":"TestExecution.StatsChange","Payload":{"NewTestResults":[{"TestCase":{"Id":"07845edc-5f68-46a2-4947-b8d120dd3cfe","FullyQualifiedName":"Testovi_za_zadatak_1.UnitTestLokacija3.TestNeispravanFormatNaziva","DisplayName":"TestNeispravanFormatNaziva","ExecutorUri":"executor://MSTestAdapter/v2","Source":"C:\\Users\\berin\\source\\repos\\VVSzadaca2\\eParking\\Testovi za zadatak 1\\bin\\Debug\\fine-code-coverage\\Testovi za zadatak 1.dll","CodeFilePath":null,"LineNumber":-1,"Properties":[{"Key":{"Id":"MSTestDiscoverer.TestClassName","Label":"ClassName","Category":"","Description":"","Attributes":1,"ValueType":"System.String"},"Value":"Testovi_za_zadatak_1.UnitTestLokacija3"},{"Key":{"Id":"TestObject.Traits","Label":"Traits","Category":"","Description":"","Attributes":5,"ValueType":"System.Collections.Generic.KeyValuePair`2[[System.String],[System.String]][]"},"Value":[]}]},"Attachments":[],"Outcome":1,"ErrorMessage":null,"ErrorStackTrace":null,"DisplayName":null,"Messages":[],"ComputerName":null,"Duration":"00:00:00.0009624","StartTime":"2020-12-01T16:35:35.6720516+01:00","EndTime":"2020-12-01T16:35:35.6736081+01:00","Properties":[{"Key":{"Id":"ExecutionId","Label":"ExecutionId","Category":"","Description":"","Attributes":1,"ValueType":"System.Guid"},"Value":"00000000-0000-0000-0000-000000000000"},{"Key":{"Id":"ParentExecId","Label":"ParentExecId","Category":"","Description":"","Attributes":1,"ValueType":"System.Guid"},"Value":"00000000-0000-0000-0000-000000000000"},{"Key":{"Id":"InnerResultsCount","Label":"InnerResultsCount","Category":"","Description":"","Attributes":1,"ValueType":"System.Int32"},"Value":0}]},{"TestCase":{"Id":"3104dfa9-9cb5-27a8-d248-8602f259eef1","FullyQualifiedName":"Testovi_za_zadatak_1.UnitTestLokacija3.TestNeispravanFormatCijene","DisplayName":"TestNeispravanFormatCijene","ExecutorUri":"executor://MSTestAdapter/v2","Source":"C:\\Users\\berin\\source\\repos\\VVSzadaca2\\eParking\\Testovi za zadatak 1\\bin\\Debug\\fine-code-coverage\\Testovi za zadatak 1.dll","CodeFilePath":null,"LineNumber":-1,"Properties":[{"Key":{"Id":"MSTestDiscoverer.TestClassName","Label":"ClassName","Category":"","Description":"","Attributes":1,"ValueType":"System.String"},"Value":"Testovi_za_zadatak_1.UnitTestLokacija3"},{"Key":{"Id":"TestObject.Traits","Label":"Traits","Category":"","Description":"","Attributes":5,"ValueType":"System.Collections.Generic.KeyValuePair`2[[System.String],[System.String]][]"},"Value":[]}]},"Attachments":[],"Outcome":1,"ErrorMessage":null,"ErrorStackTrace":null,"DisplayName":null,"Messages":[],"ComputerName":null,"Duration":"00:00:00.0009542","StartTime":"2020-12-01T16:35:35.6795364+01:00","EndTime":"2020-12-01T16:35:35.6807618+01:00","Properties":[{"Key":{"Id":"ExecutionId","Label":"ExecutionId","Category":"","Description":"","Attributes":1,"ValueType":"System.Guid"},"Value":"00000000-0000-0000-0000-000000000000"},{"Key":{"Id":"ParentExecId","Label":"ParentExecId","Category":"","Description":"","Attributes":1,"ValueType":"System.Guid"},"Value":"00000000-0000-0000-0000-000000000000"},{"Key":{"Id":"InnerResultsCount","Label":"InnerResultsCount","Category":"","Description":"","Attributes":1,"ValueType":"System.Int32"},"Value":0}]},{"TestCase":{"Id":"492478c5-bf14-cb7c-5422-67c3a81ecd43","FullyQualifiedName":"Testovi_za_zadatak_1.UnitTestLokacija3.TestNeispravanFormatKapaciteta","DisplayName":"TestNeispravanFormatKapaciteta","ExecutorUri":"executor://MSTestAdapter/v2","Source":"C:\\Users\\berin\\source\\repos\\VVSzadaca2\\eParking\\Testovi za zadatak 1\\bin\\Debug\\fine-code-coverage\\Testovi za zadatak 1.dll","CodeFilePath":null,"LineNumber":-1,"Properties":[{"Key":{"Id":"MSTestDiscoverer.TestClassName","Label":"ClassName","Category":"","Description":"","Attributes":1,"ValueType":"System.String"},"Value":"Testovi_za_zadatak_1.UnitTestLokacija3"},{"Key":{"Id":"TestObject.Traits","Label":"Traits","Category":"","Description":"","Attributes":5,"ValueType":"System.Collections.Generic.KeyValuePair`2[[System.String],[System.String]][]"},"Value":[]}]},"Attachments":[],"Outcome":1,"ErrorMessage":null,"ErrorStackTrace":null,"DisplayName":null,"Messages":[],"ComputerName":null,"Duration":"00:00:00.0009484","StartTime":"2020-12-01T16:35:35.6859826+01:00","EndTime":"2020-12-01T16:35:35.6871859+01:00","Properties":[{"Key":{"Id":"ExecutionId","Label":"ExecutionId","Category":"","Description":"","Attributes":1,"ValueType":"System.Guid"},"Value":"00000000-0000-0000-0000-000000000000"},{"Key":{"Id":"ParentExecId","Label":"ParentExecId","Category":"","Description":"","Attributes":1,"ValueType":"System.Guid"},"Value":"00000000-0000-0000-0000-000000000000"},{"Key":{"Id":"InnerResultsCount","Label":"InnerResultsCount","Category":"","Description":"","Attributes":1,"ValueType":"System.Int32"},"Value":0}]},{"TestCase":{"Id":"725d5492-3992-ad8a-1aad-b8a51634a80b","FullyQualifiedName":"Testovi_za_zadatak_1.UnitTestLokacija3.TestKonstruktorSaIzuzetkom","DisplayName":"TestKonstruktorSaIzuzetkom","ExecutorUri":"executor://MSTestAdapter/v2","Source":"C:\\Users\\berin\\source\\repos\\VVSzadaca2\\eParking\\Testovi za zadatak 1\\bin\\Debug\\fine-code-coverage\\Testovi za zadatak 1.dll","CodeFilePath":null,"LineNumber":-1,"Properties":[{"Key":{"Id":"MSTestDiscoverer.TestClassName","Label":"ClassName","Category":"","Description":"","Attributes":1,"ValueType":"System.String"},"Value":"Testovi_za_zadatak_1.UnitTestLokacija3"},{"Key":{"Id":"TestObject.Traits","Label":"Traits","Category":"","Description":"","Attributes":5,"ValueType":"System.Collections.Generic.KeyValuePair`2[[System.String],[System.String]][]"},"Value":[]}]},"Attachments":[],"Outcome":1,"ErrorMessage":null,"ErrorStackTrace":null,"DisplayName":null,"Messages":[],"ComputerName":null,"Duration":"00:00:00.0008752","StartTime":"2020-12-01T16:35:35.6924348+01:00","EndTime":"2020-12-01T16:35:35.6935571+01:00","Properties":[{"Key":{"Id":"ExecutionId","Label":"ExecutionId","Category":"","Description":"","Attributes":1,"ValueType":"System.Guid"},"Value":"00000000-0000-0000-0000-000000000000"},{"Key":{"Id":"ParentExecId","Label":"ParentExecId","Category":"","Description":"","Attributes":1,"ValueType":"System.Guid"},"Value":"00000000-0000-0000-0000-000000000000"},{"Key":{"Id":"InnerResultsCount","Label":"InnerResultsCount","Category":"","Description":"","Attributes":1,"ValueType":"System.Int32"},"Value":0}]},{"TestCase":{"Id":"0bac892f-0a3f-6144-bcb8-ba2b3969567e","FullyQualifiedName":"Testovi_za_zadatak_1.UnitTestParking.TestUspjesneRezervacije","DisplayName":"TestUspjesneRezervacije","ExecutorUri":"executor://MSTestAdapter/v2","Source":"C:\\Users\\berin\\source\\repos\\VVSzadaca2\\eParking\\Testovi za zadatak 1\\bin\\Debug\\fine-code-coverage\\Testovi za zadatak 1.dll","CodeFilePath":null,"LineNumber":-1,"Properties":[{"Key":{"Id":"MSTestDiscoverer.TestClassName","Label":"ClassName","Category":"","Description":"","Attributes":1,"ValueType":"System.String"},"Value":"Testovi_za_zadatak_1.UnitTestParking"},{"Key":{"Id":"TestObject.Traits","Label":"Traits","Category":"","Description":"","Attributes":5,"ValueType":"System.Collections.Generic.KeyValuePair`2[[System.String],[System.String]][]"},"Value":[]}]},"Attachments":[],"Outcome":1,"ErrorMessage":null,"ErrorStackTrace":null,"DisplayName":null,"Messages":[],"ComputerName":null,"Duration":"00:00:00.0010448","StartTime":"2020-12-01T16:35:35.6990163+01:00","EndTime":"2020-12-01T16:35:35.7058309+01:00","Properties":[{"Key":{"Id":"ExecutionId","Label":"ExecutionId","Category":"","Description":"","Attributes":1,"ValueType":"System.Guid"},"Value":"00000000-0000-0000-0000-000000000000"},{"Key":{"Id":"ParentExecId","Label":"ParentExecId","Category":"","Description":"","Attributes":1,"ValueType":"System.Guid"},"Value":"00000000-0000-0000-0000-000000000000"},{"Key":{"Id":"InnerResultsCount","Label":"InnerResultsCount","Category":"","Description":"","Attributes":1,"ValueType":"System.Int32"},"Value":0}]},{"TestCase":{"Id":"e937f6e7-1012-ddae-bbe5-8e9e3e17562b","FullyQualifiedName":"Testovi_za_zadatak_1.UnitTestParking.TestRezervacijeKorisnikNijeClan","DisplayName":"TestRezervacijeKorisnikNijeClan","ExecutorUri":"executor://MSTestAdapter/v2","Source":"C:\\Users\\berin\\source\\repos\\VVSzadaca2\\eParking\\Testovi za zadatak 1\\bin\\Debug\\fine-code-coverage\\Testovi za zadatak 1.dll","CodeFilePath":null,"LineNumber":-1,"Properties":[{"Key":{"Id":"MSTestDiscoverer.TestClassName","Label":"ClassName","Category":"","Description":"","Attributes":1,"ValueType":"System.String"},"Value":"Testovi_za_zadatak_1.UnitTestParking"},{"Key":{"Id":"TestObject.Traits","Label":"Traits","Category":"","Description":"","Attributes":5,"ValueType":"System.Collections.Generic.KeyValuePair`2[[System.String],[System.String]][]"},"Value":[]}]},"Attachments":[],"Outcome":1,"ErrorMessage":null,"ErrorStackTrace":null,"DisplayName":null,"Messages":[],"ComputerName":null,"Duration":"00:00:00.0009088","StartTime":"2020-12-01T16:35:35.7113917+01:00","EndTime":"2020-12-01T16:35:35.7125533+01:00","Properties":[{"Key":{"Id":"ExecutionId","Label":"ExecutionId","Category":"","Description":"","Attributes":1,"ValueType":"System.Guid"},"Value":"00000000-0000-0000-0000-000000000000"},{"Key":{"Id":"ParentExecId","Label":"ParentExecId","Category":"","Description":"","Attributes":1,"ValueType":"System.Guid"},"Value":"00000000-0000-0000-0000-000000000000"},{"Key":{"Id":"InnerResultsCount","Label":"InnerResultsCount","Category":"","Description":"","Attributes":1,"ValueType":"System.Int32"},"Value":0}]},{"TestCase":{"Id":"31a3e1a7-4a46-bcff-fffd-c17599d73a1d","FullyQualifiedName":"Testovi_za_zadatak_1.UnitTestParking.TestRezervacijeKorisnikVecRezervisao","DisplayName":"TestRezervacijeKorisnikVecRezervisao","ExecutorUri":"executor://MSTestAdapter/v2","Source":"C:\\Users\\berin\\source\\repos\\VVSzadaca2\\eParking\\Testovi za zadatak 1\\bin\\Debug\\fine-code-coverage\\Testovi za zadatak 1.dll","CodeFilePath":null,"LineNumber":-1,"Properties":[{"Key":{"Id":"MSTestDiscoverer.TestClassName","Label":"ClassName","Category":"","Description":"","Attributes":1,"ValueType":"System.String"},"Value":"Testovi_za_zadatak_1.UnitTestParking"},{"Key":{"Id":"TestObject.Traits","Label":"Traits","Category":"","Description":"","Attributes":5,"ValueType":"System.Collections.Generic.KeyValuePair`2[[System.String],[System.String]][]"},"Value":[]}]},"Attachments":[],"Outcome":1,"ErrorMessage":null,"ErrorStackTrace":null,"DisplayName":null,"Messages":[],"ComputerName":null,"Duration":"00:00:00.0011205","StartTime":"2020-12-01T16:35:35.7178319+01:00","EndTime":"2020-12-01T16:35:35.7193607+01:00","Properties":[{"Key":{"Id":"ExecutionId","Label":"ExecutionId","Category":"","Description":"","Attributes":1,"ValueType":"System.Guid"},"Value":"00000000-0000-0000-0000-000000000000"},{"Key":{"Id":"ParentExecId","Label":"ParentExecId","Category":"","Description":"","Attributes":1,"ValueType":"System.Guid"},"Value":"00000000-0000-0000-0000-000000000000"},{"Key":{"Id":"InnerResultsCount","Label":"InnerResultsCount","Category":"","Description":"","Attributes":1,"ValueType":"System.Int32"},"Value":0}]},{"TestCase":{"Id":"7d1d08c8-71fc-30e1-7540-7f86408a41a9","FullyQualifiedName":"Testovi_za_zadatak_1.UnitTestParking3.TestDodavanjeKorisnikaKojiNijelan","DisplayName":"TestDodavanjeKorisnikaKojiNijelan","ExecutorUri":"executor://MSTestAdapter/v2","Source":"C:\\Users\\berin\\source\\repos\\VVSzadaca2\\eParking\\Testovi za zadatak 1\\bin\\Debug\\fine-code-coverage\\Testovi za zadatak 1.dll","CodeFilePath":null,"LineNumber":-1,"Properties":[{"Key":{"Id":"MSTestDiscoverer.TestClassName","Label":"ClassName","Category":"","Description":"","Attributes":1,"ValueType":"System.String"},"Value":"Testovi_za_zadatak_1.UnitTestParking3"},{"Key":{"Id":"TestObject.Traits","Label":"Traits","Category":"","Description":"","Attributes":5,"ValueType":"System.Collections.Generic.KeyValuePair`2[[System.String],[System.String]][]"},"Value":[]}]},"Attachments":[],"Outcome":1,"ErrorMessage":null,"ErrorStackTrace":null,"DisplayName":null,"Messages":[],"ComputerName":null,"Duration":"00:00:00.0010398","StartTime":"2020-12-01T16:35:35.7259559+01:00","EndTime":"2020-12-01T16:35:35.7279754+01:00","Properties":[{"Key":{"Id":"ExecutionId","Label":"ExecutionId","Category":"","Description":"","Attributes":1,"ValueType":"System.Guid"},"Value":"00000000-0000-0000-0000-000000000000"},{"Key":{"Id":"ParentExecId","Label":"ParentExecId","Category":"","Description":"","Attributes":1,"ValueType":"System.Guid"},"Value":"00000000-0000-0000-0000-000000000000"},{"Key":{"Id":"InnerResultsCount","Label":"InnerResultsCount","Category":"","Description":"","Attributes":1,"ValueType":"System.Int32"},"Value":0}]},{"TestCase":{"Id":"c32bff40-7978-f13e-e25e-33e092843576","FullyQualifiedName":"Testovi_za_zadatak_1.UnitTestParking3.TestRadSaLokacijomOpcija0","DisplayName":"TestRadSaLokacijomOpcija0","ExecutorUri":"executor://MSTestAdapter/v2","Source":"C:\\Users\\berin\\source\\repos\\VVSzadaca2\\eParking\\Testovi za zadatak 1\\bin\\Debug\\fine-code-coverage\\Testovi za zadatak 1.dll","CodeFilePath":null,"LineNumber":-1,"Properties":[{"Key":{"Id":"MSTestDiscoverer.TestClassName","Label":"ClassName","Category":"","Description":"","Attributes":1,"ValueType":"System.String"},"Value":"Testovi_za_zadatak_1.UnitTestParking3"},{"Key":{"Id":"TestObject.Traits","Label":"Traits","Category":"","Description":"","Attributes":5,"ValueType":"System.Collections.Generic.KeyValuePair`2[[System.String],[System.String]][]"},"Value":[]}]},"Attachments":[],"Outcome":1,"ErrorMessage":null,"ErrorStackTrace":null,"DisplayName":null,"Messages":[],"ComputerName":null,"Duration":"00:00:00.0015814","StartTime":"2020-12-01T16:35:35.7341186+01:00","EndTime":"2020-12-01T16:35:35.7360333+01:00","Properties":[{"Key":{"Id":"ExecutionId","Label":"ExecutionId","Category":"","Description":"","Attributes":1,"ValueType":"System.Guid"},"Value":"00000000-0000-0000-0000-000000000000"},{"Key":{"Id":"ParentExecId","Label":"ParentExecId","Category":"","Description":"","Attributes":1,"ValueType":"System.Guid"},"Value":"00000000-0000-0000-0000-000000000000"},{"Key":{"Id":"InnerResultsCount","Label":"InnerResultsCount","Category":"","Description":"","Attributes":1,"ValueType":"System.Int32"},"Value":0}]}],"TestRunStatistics":{"ExecutedTests":37,"Stats":{"Passed":37}},"ActiveTests":[{"Id":"04e6aa8b-9455-d935-aa99-ae450c1dfae9","FullyQualifiedName":"Testovi_za_zadatak_1.UnitTestParking3.TestRadSaLokacijomOpcija1","DisplayName":"TestRadSaLokacijomOpcija1","ExecutorUri":"executor://MSTestAdapter/v2","Source":"C:\\Users\\berin\\source\\repos\\VVSzadaca2\\eParking\\Testovi za zadatak 1\\bin\\Debug\\fine-code-coverage\\Testovi za zadatak 1.dll","CodeFilePath":null,"LineNumber":-1,"Properties":[{"Key":{"Id":"MSTestDiscoverer.TestClassName","Label":"ClassName","Category":"","Description":"","Attributes":1,"ValueType":"System.String"},"Value":"Testovi_za_zadatak_1.UnitTestParking3"},{"Key":{"Id":"TestObject.Traits","Label":"Traits","Category":"","Description":"","Attributes":5,"ValueType":"System.Collections.Generic.KeyValuePair`2[[System.String],[System.String]][]"},"Value":[]}]}]}}
TpTrace Verbose: 0 : 23592, 4, 2020/12/01, 16:35:35.744, 2634303721989, testhost.dll, TestRunCache: OnNewTestResult: Notified the onCacheHit callback.
TpTrace Verbose: 0 : 23592, 4, 2020/12/01, 16:35:35.750, 2634303780452, testhost.dll, TestExecutionRecorder.RecordEnd: test: Testovi_za_zadatak_1.UnitTestParking3.TestRadSaLokacijomOpcija1 execution completed.
TpTrace Warning: 0 : 23592, 4, 2020/12/01, 16:35:35.750, 2634303783919, testhost.dll, InProgressTests is null
TpTrace Verbose: 0 : 23592, 4, 2020/12/01, 16:35:35.753, 2634303809566, testhost.dll, TestExecutionRecorder.RecordResult: Received result for test: Testovi_za_zadatak_1.UnitTestParking3.TestRadSaLokacijomOpcija1.
TpTrace Warning: 0 : 23592, 4, 2020/12/01, 16:35:35.753, 2634303814700, testhost.dll, InProgressTests is null
TpTrace Warning: 0 : 23592, 4, 2020/12/01, 16:35:35.754, 2634303818747, testhost.dll, TestRunCache: No test found corresponding to testResult 'TestRadSaLokacijomOpcija1  Passed' in inProgress list.
TpTrace Verbose: 0 : 23592, 4, 2020/12/01, 16:35:35.754, 2634303823025, testhost.dll, TestExecutionRecorder.RecordStart: Starting test: Testovi_za_zadatak_1.UnitTestParking3.TestRadSaLokacijomOpcija2.
TpTrace Verbose: 0 : 23592, 4, 2020/12/01, 16:35:35.759, 2634303874068, testhost.dll, TestExecutionRecorder.RecordEnd: test: Testovi_za_zadatak_1.UnitTestParking3.TestRadSaLokacijomOpcija2 execution completed.
TpTrace Verbose: 0 : 23592, 4, 2020/12/01, 16:35:35.762, 2634303899537, testhost.dll, TestExecutionRecorder.RecordResult: Received result for test: Testovi_za_zadatak_1.UnitTestParking3.TestRadSaLokacijomOpcija2.
TpTrace Warning: 0 : 23592, 4, 2020/12/01, 16:35:35.762, 2634303904687, testhost.dll, InProgressTests is null
TpTrace Warning: 0 : 23592, 4, 2020/12/01, 16:35:35.763, 2634303907758, testhost.dll, TestRunCache: No test found corresponding to testResult 'TestRadSaLokacijomOpcija2  Passed' in inProgress list.
TpTrace Verbose: 0 : 23592, 4, 2020/12/01, 16:35:35.763, 2634303910670, testhost.dll, TestExecutionRecorder.RecordStart: Starting test: Testovi_za_zadatak_1.UnitTestParking3.TestNeuspjesneRezervacije.
TpTrace Verbose: 0 : 23592, 4, 2020/12/01, 16:35:35.768, 2634303956995, testhost.dll, TestExecutionRecorder.RecordEnd: test: Testovi_za_zadatak_1.UnitTestParking3.TestNeuspjesneRezervacije execution completed.
TpTrace Verbose: 0 : 23592, 4, 2020/12/01, 16:35:35.771, 2634303986071, testhost.dll, TestExecutionRecorder.RecordResult: Received result for test: Testovi_za_zadatak_1.UnitTestParking3.TestNeuspjesneRezervacije.
TpTrace Warning: 0 : 23592, 4, 2020/12/01, 16:35:35.771, 2634303990042, testhost.dll, InProgressTests is null
TpTrace Warning: 0 : 23592, 4, 2020/12/01, 16:35:35.771, 2634303992940, testhost.dll, TestRunCache: No test found corresponding to testResult 'TestNeuspjesneRezervacije  Passed' in inProgress list.
TpTrace Verbose: 0 : 23592, 4, 2020/12/01, 16:35:35.772, 2634303995911, testhost.dll, TestExecutionRecorder.RecordStart: Starting test: Testovi_za_zadatak_1.UnitTestParking3.TestLokacijaBezUlice.
TpTrace Verbose: 0 : 23592, 4, 2020/12/01, 16:35:35.776, 2634304044006, testhost.dll, TestExecutionRecorder.RecordEnd: test: Testovi_za_zadatak_1.UnitTestParking3.TestLokacijaBezUlice execution completed.
TpTrace Verbose: 0 : 23592, 4, 2020/12/01, 16:35:35.780, 2634304075730, testhost.dll, TestExecutionRecorder.RecordResult: Received result for test: Testovi_za_zadatak_1.UnitTestParking3.TestLokacijaBezUlice.
TpTrace Warning: 0 : 23592, 4, 2020/12/01, 16:35:35.780, 2634304080431, testhost.dll, InProgressTests is null
TpTrace Warning: 0 : 23592, 4, 2020/12/01, 16:35:35.780, 2634304083356, testhost.dll, TestRunCache: No test found corresponding to testResult 'TestLokacijaBezUlice  Passed' in inProgress list.
TpTrace Verbose: 0 : 23592, 4, 2020/12/01, 16:35:35.781, 2634304086376, testhost.dll, TestExecutionRecorder.RecordStart: Starting test: Testovi_za_zadatak_1.UnitTestParking3.TestProracunTrenutneZarade.
TpTrace Information: 0 : 23592, 4, 2020/12/01, 16:35:35.788, 2634304161866, testhost.dll, AssemblyResolver.OnResolve: Microsoft.VisualStudio.TestPlatform.MSTest.TestAdapter.resources: Resolving assembly.
TpTrace Information: 0 : 23592, 4, 2020/12/01, 16:35:35.789, 2634304168099, testhost.dll, AssemblyResolver.OnResolve: Microsoft.VisualStudio.TestPlatform.MSTest.TestAdapter.resources: Failed to load assembly.
TpTrace Verbose: 0 : 23592, 4, 2020/12/01, 16:35:35.839, 2634304665626, testhost.dll, TestExecutionRecorder.RecordEnd: test: Testovi_za_zadatak_1.UnitTestParking3.TestProracunTrenutneZarade execution completed.
TpTrace Verbose: 0 : 23592, 4, 2020/12/01, 16:35:35.841, 2634304693545, testhost.dll, TestExecutionRecorder.RecordResult: Received result for test: Testovi_za_zadatak_1.UnitTestParking3.TestProracunTrenutneZarade.
TpTrace Warning: 0 : 23592, 4, 2020/12/01, 16:35:35.842, 2634304696971, testhost.dll, InProgressTests is null
TpTrace Warning: 0 : 23592, 4, 2020/12/01, 16:35:35.843, 2634304704852, testhost.dll, TestRunCache: No test found corresponding to testResult 'TestProracunTrenutneZarade  Failed
  Message: Test method Testovi_za_zadatak_1.UnitTestParking3.TestProracunTrenutneZarade threw exception: 
System.ArgumentNullException: Value cannot be null. (Parameter 'Svaka lokacija mora imati barem jednu ulicu!')
  StackTrace:
    at eParking.Parking.IzraunajTrenutnuZaradu() in C:\Users\berin\Source\Repos\VVSzadaca2\eParking\eParking\Parking.cs:line 121
   at Testovi_za_zadatak_1.UnitTestParking3.TestProracunTrenutneZarade() in C:\Users\berin\Source\Repos\VVSzadaca2\eParking\Testovi za zadatak 1\UnitTestParking3.cs:line 127
' in inProgress list.
TpTrace Verbose: 0 : 23592, 4, 2020/12/01, 16:35:35.843, 2634304709115, testhost.dll, TestExecutionRecorder.RecordStart: Starting test: Testovi_za_zadatak_1.UnitTestTransakcija.TestDajVrijemeDolaskaIzuzetak.
TpTrace Verbose: 0 : 23592, 4, 2020/12/01, 16:35:35.848, 2634304757798, testhost.dll, TestExecutionRecorder.RecordEnd: test: Testovi_za_zadatak_1.UnitTestTransakcija.TestDajVrijemeDolaskaIzuzetak execution completed.
TpTrace Verbose: 0 : 23592, 4, 2020/12/01, 16:35:35.850, 2634304781178, testhost.dll, TestExecutionRecorder.RecordResult: Received result for test: Testovi_za_zadatak_1.UnitTestTransakcija.TestDajVrijemeDolaskaIzuzetak.
TpTrace Warning: 0 : 23592, 4, 2020/12/01, 16:35:35.851, 2634304785077, testhost.dll, InProgressTests is null
TpTrace Warning: 0 : 23592, 4, 2020/12/01, 16:35:35.851, 2634304787306, testhost.dll, TestRunCache: No test found corresponding to testResult 'TestDajVrijemeDolaskaIzuzetak  Passed' in inProgress list.
TpTrace Verbose: 0 : 23592, 4, 2020/12/01, 16:35:35.851, 2634304789843, testhost.dll, TestExecutionRecorder.RecordStart: Starting test: Testovi_za_zadatak_1.UnitTestVozilo.TestNeispravanFormatTablica.
TpTrace Verbose: 0 : 23592, 4, 2020/12/01, 16:35:35.856, 2634304839461, testhost.dll, TestExecutionRecorder.RecordEnd: test: Testovi_za_zadatak_1.UnitTestVozilo.TestNeispravanFormatTablica execution completed.
TpTrace Verbose: 0 : 23592, 9, 2020/12/01, 16:35:35.856, 2634304843637, testhost.dll, TcpClientExtensions.MessageLoopAsync: Polling on remoteEndPoint: [::ffff:127.0.0.1]:7403 localEndPoint: [::ffff:127.0.0.1]:7404
TpTrace Verbose: 0 : 23592, 4, 2020/12/01, 16:35:35.859, 2634304868610, testhost.dll, TestExecutionRecorder.RecordResult: Received result for test: Testovi_za_zadatak_1.UnitTestVozilo.TestNeispravanFormatTablica.
TpTrace Warning: 0 : 23592, 4, 2020/12/01, 16:35:35.859, 2634304872795, testhost.dll, InProgressTests is null
TpTrace Warning: 0 : 23592, 4, 2020/12/01, 16:35:35.860, 2634304875622, testhost.dll, TestRunCache: No test found corresponding to testResult 'TestNeispravanFormatTablica  Passed' in inProgress list.
TpTrace Verbose: 0 : 23592, 4, 2020/12/01, 16:35:35.860, 2634304878329, testhost.dll, TestExecutionRecorder.RecordStart: Starting test: Testovi_za_zadatak_1.UnitTestVozilo.TestNepostojeaVrstaVozila.
TpTrace Verbose: 0 : 23592, 4, 2020/12/01, 16:35:35.864, 2634304922898, testhost.dll, TestExecutionRecorder.RecordEnd: test: Testovi_za_zadatak_1.UnitTestVozilo.TestNepostojeaVrstaVozila execution completed.
TpTrace Verbose: 0 : 23592, 4, 2020/12/01, 16:35:35.867, 2634304951109, testhost.dll, TestExecutionRecorder.RecordResult: Received result for test: Testovi_za_zadatak_1.UnitTestVozilo.TestNepostojeaVrstaVozila.
TpTrace Warning: 0 : 23592, 4, 2020/12/01, 16:35:35.868, 2634304956805, testhost.dll, InProgressTests is null
TpTrace Warning: 0 : 23592, 4, 2020/12/01, 16:35:35.868, 2634304959318, testhost.dll, TestRunCache: No test found corresponding to testResult 'TestNepostojeaVrstaVozila  Passed' in inProgress list.
TpTrace Verbose: 0 : 23592, 4, 2020/12/01, 16:35:35.868, 2634304962560, testhost.dll, TestExecutionRecorder.RecordStart: Starting test: Testovi_za_zadatak_1.UnitTestVozilo.TestNeispravanFormatSjedita.
TpTrace Verbose: 0 : 23592, 4, 2020/12/01, 16:35:35.872, 2634305002048, testhost.dll, TestExecutionRecorder.RecordEnd: test: Testovi_za_zadatak_1.UnitTestVozilo.TestNeispravanFormatSjedita execution completed.
TpTrace Verbose: 0 : 23592, 4, 2020/12/01, 16:35:35.875, 2634305032300, testhost.dll, TestExecutionRecorder.RecordResult: Received result for test: Testovi_za_zadatak_1.UnitTestVozilo.TestNeispravanFormatSjedita.
TpTrace Warning: 0 : 23592, 4, 2020/12/01, 16:35:35.876, 2634305036590, testhost.dll, InProgressTests is null
TpTrace Warning: 0 : 23592, 4, 2020/12/01, 16:35:35.876, 2634305040023, testhost.dll, TestRunCache: No test found corresponding to testResult 'TestNeispravanFormatSjedita  Passed' in inProgress list.
TpTrace Verbose: 0 : 23592, 4, 2020/12/01, 16:35:35.876, 2634305043457, testhost.dll, TestExecutionRecorder.RecordStart: Starting test: Testovi_za_zadatak_1.UnitTestVozilo.TestGetMetode.
TpTrace Information: 0 : 23592, 4, 2020/12/01, 16:35:35.877, 2634305046791, testhost.dll, Sending test run statistics
TpTrace Verbose: 0 : 23592, 4, 2020/12/01, 16:35:35.879, 2634305067546, testhost.dll, TestRequestHandler.SendData:  sending data from testhost: {"Version":2,"MessageType":"TestExecution.StatsChange","Payload":{"NewTestResults":[{"TestCase":{"Id":"04e6aa8b-9455-d935-aa99-ae450c1dfae9","FullyQualifiedName":"Testovi_za_zadatak_1.UnitTestParking3.TestRadSaLokacijomOpcija1","DisplayName":"TestRadSaLokacijomOpcija1","ExecutorUri":"executor://MSTestAdapter/v2","Source":"C:\\Users\\berin\\source\\repos\\VVSzadaca2\\eParking\\Testovi za zadatak 1\\bin\\Debug\\fine-code-coverage\\Testovi za zadatak 1.dll","CodeFilePath":null,"LineNumber":-1,"Properties":[{"Key":{"Id":"MSTestDiscoverer.TestClassName","Label":"ClassName","Category":"","Description":"","Attributes":1,"ValueType":"System.String"},"Value":"Testovi_za_zadatak_1.UnitTestParking3"},{"Key":{"Id":"TestObject.Traits","Label":"Traits","Category":"","Description":"","Attributes":5,"ValueType":"System.Collections.Generic.KeyValuePair`2[[System.String],[System.String]][]"},"Value":[]}]},"Attachments":[],"Outcome":1,"ErrorMessage":null,"ErrorStackTrace":null,"DisplayName":null,"Messages":[],"ComputerName":null,"Duration":"00:00:00.0019080","StartTime":"2020-12-01T16:35:35.7482156+01:00","EndTime":"2020-12-01T16:35:35.7505471+01:00","Properties":[{"Key":{"Id":"ExecutionId","Label":"ExecutionId","Category":"","Description":"","Attributes":1,"ValueType":"System.Guid"},"Value":"00000000-0000-0000-0000-000000000000"},{"Key":{"Id":"ParentExecId","Label":"ParentExecId","Category":"","Description":"","Attributes":1,"ValueType":"System.Guid"},"Value":"00000000-0000-0000-0000-000000000000"},{"Key":{"Id":"InnerResultsCount","Label":"InnerResultsCount","Category":"","Description":"","Attributes":1,"ValueType":"System.Int32"},"Value":0}]},{"TestCase":{"Id":"4fd7d227-8ade-6881-5718-6eb5a97cc165","FullyQualifiedName":"Testovi_za_zadatak_1.UnitTestParking3.TestRadSaLokacijomOpcija2","DisplayName":"TestRadSaLokacijomOpcija2","ExecutorUri":"executor://MSTestAdapter/v2","Source":"C:\\Users\\berin\\source\\repos\\VVSzadaca2\\eParking\\Testovi za zadatak 1\\bin\\Debug\\fine-code-coverage\\Testovi za zadatak 1.dll","CodeFilePath":null,"LineNumber":-1,"Properties":[{"Key":{"Id":"MSTestDiscoverer.TestClassName","Label":"ClassName","Category":"","Description":"","Attributes":1,"ValueType":"System.String"},"Value":"Testovi_za_zadatak_1.UnitTestParking3"},{"Key":{"Id":"TestObject.Traits","Label":"Traits","Category":"","Description":"","Attributes":5,"ValueType":"System.Collections.Generic.KeyValuePair`2[[System.String],[System.String]][]"},"Value":[]}]},"Attachments":[],"Outcome":1,"ErrorMessage":null,"ErrorStackTrace":null,"DisplayName":null,"Messages":[],"ComputerName":null,"Duration":"00:00:00.0015592","StartTime":"2020-12-01T16:35:35.7578792+01:00","EndTime":"2020-12-01T16:35:35.7599074+01:00","Properties":[{"Key":{"Id":"ExecutionId","Label":"ExecutionId","Category":"","Description":"","Attributes":1,"ValueType":"System.Guid"},"Value":"00000000-0000-0000-0000-000000000000"},{"Key":{"Id":"ParentExecId","Label":"ParentExecId","Category":"","Description":"","Attributes":1,"ValueType":"System.Guid"},"Value":"00000000-0000-0000-0000-000000000000"},{"Key":{"Id":"InnerResultsCount","Label":"InnerResultsCount","Category":"","Description":"","Attributes":1,"ValueType":"System.Int32"},"Value":0}]},{"TestCase":{"Id":"d4df1ed6-fcf8-74e9-5db4-567a5355f663","FullyQualifiedName":"Testovi_za_zadatak_1.UnitTestParking3.TestNeuspjesneRezervacije","DisplayName":"TestNeuspjesneRezervacije","ExecutorUri":"executor://MSTestAdapter/v2","Source":"C:\\Users\\berin\\source\\repos\\VVSzadaca2\\eParking\\Testovi za zadatak 1\\bin\\Debug\\fine-code-coverage\\Testovi za zadatak 1.dll","CodeFilePath":null,"LineNumber":-1,"Properties":[{"Key":{"Id":"MSTestDiscoverer.TestClassName","Label":"ClassName","Category":"","Description":"","Attributes":1,"ValueType":"System.String"},"Value":"Testovi_za_zadatak_1.UnitTestParking3"},{"Key":{"Id":"TestObject.Traits","Label":"Traits","Category":"","Description":"","Attributes":5,"ValueType":"System.Collections.Generic.KeyValuePair`2[[System.String],[System.String]][]"},"Value":[]}]},"Attachments":[],"Outcome":1,"ErrorMessage":null,"ErrorStackTrace":null,"DisplayName":null,"Messages":[],"ComputerName":null,"Duration":"00:00:00.0012698","StartTime":"2020-12-01T16:35:35.766638+01:00","EndTime":"2020-12-01T16:35:35.7682072+01:00","Properties":[{"Key":{"Id":"ExecutionId","Label":"ExecutionId","Category":"","Description":"","Attributes":1,"ValueType":"System.Guid"},"Value":"00000000-0000-0000-0000-000000000000"},{"Key":{"Id":"ParentExecId","Label":"ParentExecId","Category":"","Description":"","Attributes":1,"ValueType":"System.Guid"},"Value":"00000000-0000-0000-0000-000000000000"},{"Key":{"Id":"InnerResultsCount","Label":"InnerResultsCount","Category":"","Description":"","Attributes":1,"ValueType":"System.Int32"},"Value":0}]},{"TestCase":{"Id":"d22a683f-0114-dfb2-3e02-371ed9b6854f","FullyQualifiedName":"Testovi_za_zadatak_1.UnitTestParking3.TestLokacijaBezUlice","DisplayName":"TestLokacijaBezUlice","ExecutorUri":"executor://MSTestAdapter/v2","Source":"C:\\Users\\berin\\source\\repos\\VVSzadaca2\\eParking\\Testovi za zadatak 1\\bin\\Debug\\fine-code-coverage\\Testovi za zadatak 1.dll","CodeFilePath":null,"LineNumber":-1,"Properties":[{"Key":{"Id":"MSTestDiscoverer.TestClassName","Label":"ClassName","Category":"","Description":"","Attributes":1,"ValueType":"System.String"},"Value":"Testovi_za_zadatak_1.UnitTestParking3"},{"Key":{"Id":"TestObject.Traits","Label":"Traits","Category":"","Description":"","Attributes":5,"ValueType":"System.Collections.Generic.KeyValuePair`2[[System.String],[System.String]][]"},"Value":[]}]},"Attachments":[],"Outcome":1,"ErrorMessage":null,"ErrorStackTrace":null,"DisplayName":null,"Messages":[],"ComputerName":null,"Duration":"00:00:00.0021502","StartTime":"2020-12-01T16:35:35.7744562+01:00","EndTime":"2020-12-01T16:35:35.7769049+01:00","Properties":[{"Key":{"Id":"ExecutionId","Label":"ExecutionId","Category":"","Description":"","Attributes":1,"ValueType":"System.Guid"},"Value":"00000000-0000-0000-0000-000000000000"},{"Key":{"Id":"ParentExecId","Label":"ParentExecId","Category":"","Description":"","Attributes":1,"ValueType":"System.Guid"},"Value":"00000000-0000-0000-0000-000000000000"},{"Key":{"Id":"InnerResultsCount","Label":"InnerResultsCount","Category":"","Description":"","Attributes":1,"ValueType":"System.Int32"},"Value":0}]},{"TestCase":{"Id":"874c3e1a-3a80-9e7a-77f2-a7bc3f5b8d1b","FullyQualifiedName":"Testovi_za_zadatak_1.UnitTestParking3.TestProracunTrenutneZarade","DisplayName":"TestProracunTrenutneZarade","ExecutorUri":"executor://MSTestAdapter/v2","Source":"C:\\Users\\berin\\source\\repos\\VVSzadaca2\\eParking\\Testovi za zadatak 1\\bin\\Debug\\fine-code-coverage\\Testovi za zadatak 1.dll","CodeFilePath":null,"LineNumber":-1,"Properties":[{"Key":{"Id":"MSTestDiscoverer.TestClassName","Label":"ClassName","Category":"","Description":"","Attributes":1,"ValueType":"System.String"},"Value":"Testovi_za_zadatak_1.UnitTestParking3"},{"Key":{"Id":"TestObject.Traits","Label":"Traits","Category":"","Description":"","Attributes":5,"ValueType":"System.Collections.Generic.KeyValuePair`2[[System.String],[System.String]][]"},"Value":[]}]},"Attachments":[],"Outcome":2,"ErrorMessage":"Test method Testovi_za_zadatak_1.UnitTestParking3.TestProracunTrenutneZarade threw exception: \r\nSystem.ArgumentNullException: Value cannot be null. (Parameter 'Svaka lokacija mora imati barem jednu ulicu!')","ErrorStackTrace":"    at eParking.Parking.IzraunajTrenutnuZaradu() in C:\\Users\\berin\\Source\\Repos\\VVSzadaca2\\eParking\\eParking\\Parking.cs:line 121\r\n   at Testovi_za_zadatak_1.UnitTestParking3.TestProracunTrenutneZarade() in C:\\Users\\berin\\Source\\Repos\\VVSzadaca2\\eParking\\Testovi za zadatak 1\\UnitTestParking3.cs:line 127\r\n","DisplayName":null,"Messages":[],"ComputerName":null,"Duration":"00:00:00.0538323","StartTime":"2020-12-01T16:35:35.7835984+01:00","EndTime":"2020-12-01T16:35:35.8390586+01:00","Properties":[{"Key":{"Id":"ExecutionId","Label":"ExecutionId","Category":"","Description":"","Attributes":1,"ValueType":"System.Guid"},"Value":"00000000-0000-0000-0000-000000000000"},{"Key":{"Id":"ParentExecId","Label":"ParentExecId","Category":"","Description":"","Attributes":1,"ValueType":"System.Guid"},"Value":"00000000-0000-0000-0000-000000000000"},{"Key":{"Id":"InnerResultsCount","Label":"InnerResultsCount","Category":"","Description":"","Attributes":1,"ValueType":"System.Int32"},"Value":0}]},{"TestCase":{"Id":"285c8229-8d8e-61ce-4e73-b2899615f3ef","FullyQualifiedName":"Testovi_za_zadatak_1.UnitTestTransakcija.TestDajVrijemeDolaskaIzuzetak","DisplayName":"TestDajVrijemeDolaskaIzuzetak","ExecutorUri":"executor://MSTestAdapter/v2","Source":"C:\\Users\\berin\\source\\repos\\VVSzadaca2\\eParking\\Testovi za zadatak 1\\bin\\Debug\\fine-code-coverage\\Testovi za zadatak 1.dll","CodeFilePath":null,"LineNumber":-1,"Properties":[{"Key":{"Id":"MSTestDiscoverer.TestClassName","Label":"ClassName","Category":"","Description":"","Attributes":1,"ValueType":"System.String"},"Value":"Testovi_za_zadatak_1.UnitTestTransakcija"},{"Key":{"Id":"TestObject.Traits","Label":"Traits","Category":"","Description":"","Attributes":5,"ValueType":"System.Collections.Generic.KeyValuePair`2[[System.String],[System.String]][]"},"Value":[]}]},"Attachments":[],"Outcome":1,"ErrorMessage":null,"ErrorStackTrace":null,"DisplayName":null,"Messages":[],"ComputerName":null,"Duration":"00:00:00.0013661","StartTime":"2020-12-01T16:35:35.8460189+01:00","EndTime":"2020-12-01T16:35:35.8482878+01:00","Properties":[{"Key":{"Id":"ExecutionId","Label":"ExecutionId","Category":"","Description":"","Attributes":1,"ValueType":"System.Guid"},"Value":"00000000-0000-0000-0000-000000000000"},{"Key":{"Id":"ParentExecId","Label":"ParentExecId","Category":"","Description":"","Attributes":1,"ValueType":"System.Guid"},"Value":"00000000-0000-0000-0000-000000000000"},{"Key":{"Id":"InnerResultsCount","Label":"InnerResultsCount","Category":"","Description":"","Attributes":1,"ValueType":"System.Int32"},"Value":0}]},{"TestCase":{"Id":"a2e7b4d6-bec0-f5bd-2c36-ec0658352fce","FullyQualifiedName":"Testovi_za_zadatak_1.UnitTestVozilo.TestNeispravanFormatTablica","DisplayName":"TestNeispravanFormatTablica","ExecutorUri":"executor://MSTestAdapter/v2","Source":"C:\\Users\\berin\\source\\repos\\VVSzadaca2\\eParking\\Testovi za zadatak 1\\bin\\Debug\\fine-code-coverage\\Testovi za zadatak 1.dll","CodeFilePath":null,"LineNumber":-1,"Properties":[{"Key":{"Id":"MSTestDiscoverer.TestClassName","Label":"ClassName","Category":"","Description":"","Attributes":1,"ValueType":"System.String"},"Value":"Testovi_za_zadatak_1.UnitTestVozilo"},{"Key":{"Id":"TestObject.Traits","Label":"Traits","Category":"","Description":"","Attributes":5,"ValueType":"System.Collections.Generic.KeyValuePair`2[[System.String],[System.String]][]"},"Value":[]}]},"Attachments":[],"Outcome":1,"ErrorMessage":null,"ErrorStackTrace":null,"DisplayName":null,"Messages":[],"ComputerName":null,"Duration":"00:00:00.0008798","StartTime":"2020-12-01T16:35:35.8546746+01:00","EndTime":"2020-12-01T16:35:35.8564541+01:00","Properties":[{"Key":{"Id":"ExecutionId","Label":"ExecutionId","Category":"","Description":"","Attributes":1,"ValueType":"System.Guid"},"Value":"00000000-0000-0000-0000-000000000000"},{"Key":{"Id":"ParentExecId","Label":"ParentExecId","Category":"","Description":"","Attributes":1,"ValueType":"System.Guid"},"Value":"00000000-0000-0000-0000-000000000000"},{"Key":{"Id":"InnerResultsCount","Label":"InnerResultsCount","Category":"","Description":"","Attributes":1,"ValueType":"System.Int32"},"Value":0}]},{"TestCase":{"Id":"0c8ffaef-801a-8a51-fb0a-e1fce1c92bb3","FullyQualifiedName":"Testovi_za_zadatak_1.UnitTestVozilo.TestNepostojeaVrstaVozila","DisplayName":"TestNepostojeaVrstaVozila","ExecutorUri":"executor://MSTestAdapter/v2","Source":"C:\\Users\\berin\\source\\repos\\VVSzadaca2\\eParking\\Testovi za zadatak 1\\bin\\Debug\\fine-code-coverage\\Testovi za zadatak 1.dll","CodeFilePath":null,"LineNumber":-1,"Properties":[{"Key":{"Id":"MSTestDiscoverer.TestClassName","Label":"ClassName","Category":"","Description":"","Attributes":1,"ValueType":"System.String"},"Value":"Testovi_za_zadatak_1.UnitTestVozilo"},{"Key":{"Id":"TestObject.Traits","Label":"Traits","Category":"","Description":"","Attributes":5,"ValueType":"System.Collections.Generic.KeyValuePair`2[[System.String],[System.String]][]"},"Value":[]}]},"Attachments":[],"Outcome":1,"ErrorMessage":null,"ErrorStackTrace":null,"DisplayName":null,"Messages":[],"ComputerName":null,"Duration":"00:00:00.0012051","StartTime":"2020-12-01T16:35:35.8632409+01:00","EndTime":"2020-12-01T16:35:35.8647985+01:00","Properties":[{"Key":{"Id":"ExecutionId","Label":"ExecutionId","Category":"","Description":"","Attributes":1,"ValueType":"System.Guid"},"Value":"00000000-0000-0000-0000-000000000000"},{"Key":{"Id":"ParentExecId","Label":"ParentExecId","Category":"","Description":"","Attributes":1,"ValueType":"System.Guid"},"Value":"00000000-0000-0000-0000-000000000000"},{"Key":{"Id":"InnerResultsCount","Label":"InnerResultsCount","Category":"","Description":"","Attributes":1,"ValueType":"System.Int32"},"Value":0}]},{"TestCase":{"Id":"9c1e6d53-5c3f-643c-a37d-5da038903104","FullyQualifiedName":"Testovi_za_zadatak_1.UnitTestVozilo.TestNeispravanFormatSjedita","DisplayName":"TestNeispravanFormatSjedita","ExecutorUri":"executor://MSTestAdapter/v2","Source":"C:\\Users\\berin\\source\\repos\\VVSzadaca2\\eParking\\Testovi za zadatak 1\\bin\\Debug\\fine-code-coverage\\Testovi za zadatak 1.dll","CodeFilePath":null,"LineNumber":-1,"Properties":[{"Key":{"Id":"MSTestDiscoverer.TestClassName","Label":"ClassName","Category":"","Description":"","Attributes":1,"ValueType":"System.String"},"Value":"Testovi_za_zadatak_1.UnitTestVozilo"},{"Key":{"Id":"TestObject.Traits","Label":"Traits","Category":"","Description":"","Attributes":5,"ValueType":"System.Collections.Generic.KeyValuePair`2[[System.String],[System.String]][]"},"Value":[]}]},"Attachments":[],"Outcome":1,"ErrorMessage":null,"ErrorStackTrace":null,"DisplayName":null,"Messages":[],"ComputerName":null,"Duration":"00:00:00.0008761","StartTime":"2020-12-01T16:35:35.8715183+01:00","EndTime":"2020-12-01T16:35:35.8727152+01:00","Properties":[{"Key":{"Id":"ExecutionId","Label":"ExecutionId","Category":"","Description":"","Attributes":1,"ValueType":"System.Guid"},"Value":"00000000-0000-0000-0000-000000000000"},{"Key":{"Id":"ParentExecId","Label":"ParentExecId","Category":"","Description":"","Attributes":1,"ValueType":"System.Guid"},"Value":"00000000-0000-0000-0000-000000000000"},{"Key":{"Id":"InnerResultsCount","Label":"InnerResultsCount","Category":"","Description":"","Attributes":1,"ValueType":"System.Int32"},"Value":0}]}],"TestRunStatistics":{"ExecutedTests":46,"Stats":{"Passed":45,"Failed":1}},"ActiveTests":[{"Id":"811e073f-346d-d214-af53-9bc836c2cf80","FullyQualifiedName":"Testovi_za_zadatak_1.UnitTestVozilo.TestGetMetode","DisplayName":"TestGetMetode","ExecutorUri":"executor://MSTestAdapter/v2","Source":"C:\\Users\\berin\\source\\repos\\VVSzadaca2\\eParking\\Testovi za zadatak 1\\bin\\Debug\\fine-code-coverage\\Testovi za zadatak 1.dll","CodeFilePath":null,"LineNumber":-1,"Properties":[{"Key":{"Id":"MSTestDiscoverer.TestClassName","Label":"ClassName","Category":"","Description":"","Attributes":1,"ValueType":"System.String"},"Value":"Testovi_za_zadatak_1.UnitTestVozilo"},{"Key":{"Id":"TestObject.Traits","Label":"Traits","Category":"","Description":"","Attributes":5,"ValueType":"System.Collections.Generic.KeyValuePair`2[[System.String],[System.String]][]"},"Value":[]}]}]}}
TpTrace Verbose: 0 : 23592, 4, 2020/12/01, 16:35:35.880, 2634305078504, testhost.dll, TestRunCache: OnNewTestResult: Notified the onCacheHit callback.
TpTrace Verbose: 0 : 23592, 4, 2020/12/01, 16:35:35.884, 2634305119583, testhost.dll, TestExecutionRecorder.RecordEnd: test: Testovi_za_zadatak_1.UnitTestVozilo.TestGetMetode execution completed.
TpTrace Warning: 0 : 23592, 4, 2020/12/01, 16:35:35.884, 2634305123999, testhost.dll, InProgressTests is null
TpTrace Verbose: 0 : 23592, 4, 2020/12/01, 16:35:35.888, 2634305156829, testhost.dll, TestExecutionRecorder.RecordResult: Received result for test: Testovi_za_zadatak_1.UnitTestVozilo.TestGetMetode.
TpTrace Warning: 0 : 23592, 4, 2020/12/01, 16:35:35.888, 2634305161918, testhost.dll, InProgressTests is null
TpTrace Warning: 0 : 23592, 4, 2020/12/01, 16:35:35.889, 2634305165906, testhost.dll, TestRunCache: No test found corresponding to testResult 'TestGetMetode  Passed' in inProgress list.
TpTrace Verbose: 0 : 23592, 4, 2020/12/01, 16:35:35.894, 2634305216190, testhost.dll, BaseRunTests.RunTestInternalWithExecutors: Completed running tests for executor://MSTestAdapter/v2
TpTrace Information: 0 : 23592, 4, 2020/12/01, 16:35:35.900, 2634305280784, testhost.dll, Sending test run complete
TpTrace Verbose: 0 : 23592, 4, 2020/12/01, 16:35:35.916, 2634305443763, testhost.dll, TestRequestHandler.SendData:  sending data from testhost: {"Version":2,"MessageType":"TestExecution.Completed","Payload":{"TestRunCompleteArgs":{"TestRunStatistics":{"ExecutedTests":47,"Stats":{"Passed":46,"Failed":1}},"IsCanceled":false,"IsAborted":false,"Error":null,"AttachmentSets":[],"ElapsedTimeInRunningTests":"00:00:00.9287838","Metrics":{}},"LastRunTests":{"NewTestResults":[{"TestCase":{"Id":"811e073f-346d-d214-af53-9bc836c2cf80","FullyQualifiedName":"Testovi_za_zadatak_1.UnitTestVozilo.TestGetMetode","DisplayName":"TestGetMetode","ExecutorUri":"executor://MSTestAdapter/v2","Source":"C:\\Users\\berin\\source\\repos\\VVSzadaca2\\eParking\\Testovi za zadatak 1\\bin\\Debug\\fine-code-coverage\\Testovi za zadatak 1.dll","CodeFilePath":null,"LineNumber":-1,"Properties":[{"Key":{"Id":"MSTestDiscoverer.TestClassName","Label":"ClassName","Category":"","Description":"","Attributes":1,"ValueType":"System.String"},"Value":"Testovi_za_zadatak_1.UnitTestVozilo"},{"Key":{"Id":"TestObject.Traits","Label":"Traits","Category":"","Description":"","Attributes":5,"ValueType":"System.Collections.Generic.KeyValuePair`2[[System.String],[System.String]][]"},"Value":[]}]},"Attachments":[],"Outcome":1,"ErrorMessage":null,"ErrorStackTrace":null,"DisplayName":null,"Messages":[],"ComputerName":null,"Duration":"00:00:00.0010638","StartTime":"2020-12-01T16:35:35.8831216+01:00","EndTime":"2020-12-01T16:35:35.8844602+01:00","Properties":[{"Key":{"Id":"ExecutionId","Label":"ExecutionId","Category":"","Description":"","Attributes":1,"ValueType":"System.Guid"},"Value":"00000000-0000-0000-0000-000000000000"},{"Key":{"Id":"ParentExecId","Label":"ParentExecId","Category":"","Description":"","Attributes":1,"ValueType":"System.Guid"},"Value":"00000000-0000-0000-0000-000000000000"},{"Key":{"Id":"InnerResultsCount","Label":"InnerResultsCount","Category":"","Description":"","Attributes":1,"ValueType":"System.Int32"},"Value":0}]}],"TestRunStatistics":{"ExecutedTests":47,"Stats":{"Passed":46,"Failed":1}},"ActiveTests":[]},"RunAttachments":[],"ExecutorUris":["executor://mstestadapter/v2"]}}
TpTrace Verbose: 0 : 23592, 4, 2020/12/01, 16:35:35.917, 2634305452595, testhost.dll, BaseRunTests.RunTests: Run is complete.
TpTrace Verbose: 0 : 23592, 9, 2020/12/01, 16:35:35.918, 2634305463503, testhost.dll, TcpClientExtensions.MessageLoopAsync: NotifyDataAvailable remoteEndPoint: [::ffff:127.0.0.1]:7403 localEndPoint: [::ffff:127.0.0.1]:7404
TpTrace Information: 0 : 23592, 9, 2020/12/01, 16:35:35.919, 2634305467638, testhost.dll, TestRequestHandler.ProcessRequests: received message: (TestSession.Terminate) -> null
TpTrace Information: 0 : 23592, 9, 2020/12/01, 16:35:35.919, 2634305470336, testhost.dll, Session End message received from server. Closing the connection.
TpTrace Information: 0 : 23592, 9, 2020/12/01, 16:35:35.920, 2634305480197, testhost.dll, SocketClient.Stop: Stop communication from server endpoint: 127.0.0.1:07403
TpTrace Information: 0 : 23592, 9, 2020/12/01, 16:35:35.920, 2634305483643, testhost.dll, SocketClient: Stop: Cancellation requested. Stopping message loop.
TpTrace Information: 0 : 23592, 1, 2020/12/01, 16:35:35.921, 2634305492310, testhost.dll, Closing the connection !
TpTrace Verbose: 0 : 23592, 9, 2020/12/01, 16:35:35.921, 2634305492971, testhost.dll, LengthPrefixCommunicationChannel.Dispose: Dispose reader and writer.
TpTrace Information: 0 : 23592, 1, 2020/12/01, 16:35:35.922, 2634305496654, testhost.dll, SocketClient.Stop: Stop communication from server endpoint: 127.0.0.1:07403
TpTrace Information: 0 : 23592, 9, 2020/12/01, 16:35:35.922, 2634305499420, testhost.dll, Closing the connection !
TpTrace Information: 0 : 23592, 1, 2020/12/01, 16:35:35.922, 2634305502492, testhost.dll, SocketClient: Stop: Cancellation requested. Stopping message loop.
TpTrace Verbose: 0 : 23592, 1, 2020/12/01, 16:35:35.923, 2634305508935, testhost.dll, LengthPrefixCommunicationChannel.Dispose: Dispose reader and writer.
TpTrace Information: 0 : 23592, 9, 2020/12/01, 16:35:35.923, 2634305509431, testhost.dll, SocketClient.PrivateStop: Stop communication from server endpoint: 127.0.0.1:07403, error:
TpTrace Information: 0 : 23592, 1, 2020/12/01, 16:35:35.923, 2634305513055, testhost.dll, Testhost process exiting.
TpTrace Verbose: 0 : 23592, 9, 2020/12/01, 16:35:35.924, 2634305516985, testhost.dll, LengthPrefixCommunicationChannel.Dispose: Dispose reader and writer.
TpTrace Verbose: 0 : 23592, 9, 2020/12/01, 16:35:35.924, 2634305521979, testhost.dll, TcpClientExtensions.MessageLoopAsync: exiting MessageLoopAsync remoteEndPoint: [::ffff:127.0.0.1]:7403 localEndPoint: [::ffff:127.0.0.1]:7404
