TpTrace Information: 0 : 13464, 1, 2020/11/29, 14:50:33.578, 61474630430, datacollector.dll, DataCollectorMain.Run: Starting data collector run with args: --port,50125,--parentprocessid,13348,--diag,C:\Users\Korisnik\Documents\VVSzadaca2\eParking\Testovi za zadatak 1\bin\Debug\fine-code-coverage\_outputfolder\diagnostics.datacollector.20-11-29_14-50-33_25634_4.log,--tracelevel,4
TpTrace Information: 0 : 13464, 1, 2020/11/29, 14:50:33.594, 61474689131, datacollector.dll, DataCollector: Monitoring parent process with id: '13348'
TpTrace Information: 0 : 13464, 1, 2020/11/29, 14:50:33.621, 61474952561, datacollector.dll, Trying to connect to server on socket : 127.0.0.1:50125 
TpTrace Verbose: 0 : 13464, 1, 2020/11/29, 14:50:33.660, 61475344378, datacollector.dll, SocketCommunicationManager : SetupClientAsync : Attempting to connect to the server.
TpTrace Information: 0 : 13464, 4, 2020/11/29, 14:50:33.701, 61475753144, datacollector.dll, Connected to the server successfully 
TpTrace Information: 0 : 13464, 4, 2020/11/29, 14:50:33.701, 61475756537, datacollector.dll, Using the buffer size of 16384 bytes
TpTrace Information: 0 : 13464, 1, 2020/11/29, 14:50:33.900, 61477740810, datacollector.dll, DataCollector: Start Request Processing.
TpTrace Information: 0 : 13464, 1, 2020/11/29, 14:50:33.909, 61477838360, datacollector.dll, DataCollectionRequestHandler.ProcessRequests : Datacollector received message: (DataCollection.BeforeTestRunStart) -> {
  "SettingsXml": "<RunSettings><RunConfiguration><ResultsDirectory>C:\\Users\\Korisnik\\Documents\\VVSzadaca2\\eParking\\Testovi za zadatak 1\\bin\\Debug\\fine-code-coverage\\_outputfolder</ResultsDirectory><TargetPlatform>X64</TargetPlatform><TargetFrameworkVersion>.NETCoreApp,Version=v3.1</TargetFrameworkVersion><DesignMode>False</DesignMode><CollectSourceInformation>False</CollectSourceInformation><TestAdaptersPaths>C:\\Program Files\\dotnet\\sdk\\3.1.101\\Extensions</TestAdaptersPaths></RunConfiguration><LoggerRunSettings><Loggers><Logger friendlyName=\"blame\" enabled=\"True\" /><Logger friendlyName=\"Console\" uri=\"logger://microsoft/TestPlatform/ConsoleLogger/v1\" assemblyQualifiedName=\"Microsoft.VisualStudio.TestPlatform.CommandLine.Internal.ConsoleLogger, vstest.console, Version=15.0.0.0, Culture=neutral, PublicKeyToken=b03f5f7f11d50a3a\" codeBase=\"C:\\Program Files\\dotnet\\sdk\\3.1.101\\vstest.console.dll\" enabled=\"True\" /></Loggers></LoggerRunSettings><DataCollectionRunSettings><DataCollectors><DataCollector friendlyName=\"blame\" enabled=\"True\"><Configuration><ResultsDirectory>C:\\Users\\Korisnik\\Documents\\VVSzadaca2\\eParking\\Testovi za zadatak 1\\bin\\Debug\\fine-code-coverage\\_outputfolder</ResultsDirectory></Configuration></DataCollector></DataCollectors></DataCollectionRunSettings></RunSettings>",
  "Sources": [
    "C:\\Users\\Korisnik\\Documents\\VVSzadaca2\\eParking\\Testovi za zadatak 1\\bin\\Debug\\fine-code-coverage\\Testovi za zadatak 1.dll"
  ]
}
TpTrace Verbose: 0 : 13464, 1, 2020/11/29, 14:50:33.995, 61478697734, datacollector.dll, TestPluginCache: Update extensions started. Skip filter = False
TpTrace Verbose: 0 : 13464, 1, 2020/11/29, 14:50:33.996, 61478709875, datacollector.dll, TestPluginCache: Using directories for assembly resolution 'C:\Program Files\dotnet\sdk\3.1.101\Extensions'.
TpTrace Verbose: 0 : 13464, 1, 2020/11/29, 14:50:33.997, 61478711527, datacollector.dll, TestPluginCache: Updated the available extensions to 'C:\Program Files\dotnet\sdk\3.1.101\Extensions\Microsoft.TestPlatform.Extensions.BlameDataCollector.dll,C:\Program Files\dotnet\sdk\3.1.101\Extensions\Microsoft.TestPlatform.Extensions.EventLogCollector.dll'.
TpTrace Verbose: 0 : 13464, 1, 2020/11/29, 14:50:34.008, 61478825323, datacollector.dll, TestPluginCache.DiscoverTestExtensions: finding test extensions in assemblies endswith: Collector.dll TPluginInfo: Microsoft.VisualStudio.TestPlatform.Common.DataCollector.DataCollectorConfig TExtension: Microsoft.VisualStudio.TestPlatform.ObjectModel.DataCollection.DataCollector
TpTrace Verbose: 0 : 13464, 1, 2020/11/29, 14:50:34.008, 61478828983, datacollector.dll, TestPluginCache.GetExtensionPaths: Filtered extension paths: C:\Program Files\dotnet\sdk\3.1.101\Extensions\Microsoft.TestPlatform.Extensions.BlameDataCollector.dll
C:\Program Files\dotnet\sdk\3.1.101\Extensions\Microsoft.TestPlatform.Extensions.EventLogCollector.dll
TpTrace Verbose: 0 : 13464, 1, 2020/11/29, 14:50:34.009, 61478831245, datacollector.dll, TestPluginCache.GetExtensionPaths: Added default extension paths: 
TpTrace Verbose: 0 : 13464, 1, 2020/11/29, 14:50:34.009, 61478832583, datacollector.dll, TestPluginCache.GetExtensionPaths: Added unfilterableExtensionPaths: 
TpTrace Information: 0 : 13464, 1, 2020/11/29, 14:50:34.010, 61478843372, datacollector.dll, AssemblyResolver.ctor: Creating AssemblyResolver with searchDirectories C:\Program Files\dotnet\sdk\3.1.101\Extensions,C:\Program Files\dotnet\sdk\3.1.101
TpTrace Verbose: 0 : 13464, 1, 2020/11/29, 14:50:34.012, 61478869610, datacollector.dll, TestPluginCache.DiscoverTestExtensions: Discovering the extensions using extension path.
TpTrace Verbose: 0 : 13464, 1, 2020/11/29, 14:50:34.013, 61478872566, datacollector.dll, TestPluginCache.GetExtensionPaths: Filtered extension paths: C:\Program Files\dotnet\sdk\3.1.101\Extensions\Microsoft.TestPlatform.Extensions.BlameDataCollector.dll
C:\Program Files\dotnet\sdk\3.1.101\Extensions\Microsoft.TestPlatform.Extensions.EventLogCollector.dll
TpTrace Verbose: 0 : 13464, 1, 2020/11/29, 14:50:34.013, 61478874039, datacollector.dll, TestPluginCache.GetExtensionPaths: Added default extension paths: 
TpTrace Verbose: 0 : 13464, 1, 2020/11/29, 14:50:34.013, 61478875140, datacollector.dll, TestPluginCache.GetExtensionPaths: Added unfilterableExtensionPaths: 
TpTrace Verbose: 0 : 13464, 1, 2020/11/29, 14:50:34.013, 61478876620, datacollector.dll, TestPluginCache.DiscoverTestExtensions: Discovering the extensions using allExtensionPaths: C:\Program Files\dotnet\sdk\3.1.101\Extensions\Microsoft.TestPlatform.Extensions.BlameDataCollector.dll
C:\Program Files\dotnet\sdk\3.1.101\Extensions\Microsoft.TestPlatform.Extensions.EventLogCollector.dll
TpTrace Information: 0 : 13464, 1, 2020/11/29, 14:50:34.013, 61478878889, datacollector.dll, AssemblyResolver.AddSearchDirectories: Adding more searchDirectories C:\Program Files\dotnet\sdk\3.1.101\Extensions,C:\Program Files\dotnet\sdk\3.1.101
TpTrace Information: 0 : 13464, 1, 2020/11/29, 14:50:34.013, 61478880532, datacollector.dll, AssemblyResolver.AddSearchDirectories: Adding more searchDirectories C:\Program Files\dotnet\sdk\3.1.101\Extensions,C:\Program Files\dotnet\sdk\3.1.101
TpTrace Information: 0 : 13464, 1, 2020/11/29, 14:50:34.014, 61478889064, datacollector.dll, AssemblyResolver.OnResolve: Microsoft.TestPlatform.Extensions.BlameDataCollector: Resolving assembly.
TpTrace Information: 0 : 13464, 1, 2020/11/29, 14:50:34.016, 61478907799, datacollector.dll, AssemblyResolver.OnResolve: Resolved assembly: Microsoft.TestPlatform.Extensions.BlameDataCollector, from path: C:\Program Files\dotnet\sdk\3.1.101\Extensions\Microsoft.TestPlatform.Extensions.BlameDataCollector.dll
TpTrace Information: 0 : 13464, 1, 2020/11/29, 14:50:34.018, 61478930447, datacollector.dll, AssemblyResolver.OnResolve: Microsoft.TestPlatform.Extensions.EventLogCollector: Resolving assembly.
TpTrace Information: 0 : 13464, 1, 2020/11/29, 14:50:34.021, 61478958963, datacollector.dll, AssemblyResolver.OnResolve: Resolved assembly: Microsoft.TestPlatform.Extensions.EventLogCollector, from path: C:\Program Files\dotnet\sdk\3.1.101\Extensions\Microsoft.TestPlatform.Extensions.EventLogCollector.dll
TpTrace Verbose: 0 : 13464, 1, 2020/11/29, 14:50:34.025, 61478992796, datacollector.dll, TestPluginCache: Discovered the extensions using extension path 'C:\Program Files\dotnet\sdk\3.1.101\Extensions\Microsoft.TestPlatform.Extensions.BlameDataCollector.dll,C:\Program Files\dotnet\sdk\3.1.101\Extensions\Microsoft.TestPlatform.Extensions.EventLogCollector.dll'.
TpTrace Verbose: 0 : 13464, 1, 2020/11/29, 14:50:34.025, 61478994895, datacollector.dll, TestPluginCache: Discoverers are ''.
TpTrace Verbose: 0 : 13464, 1, 2020/11/29, 14:50:34.025, 61478996750, datacollector.dll, TestPluginCache: Executors are ''.
TpTrace Verbose: 0 : 13464, 1, 2020/11/29, 14:50:34.025, 61478997949, datacollector.dll, TestPluginCache: Setting providers are ''.
TpTrace Verbose: 0 : 13464, 1, 2020/11/29, 14:50:34.025, 61478999465, datacollector.dll, TestPluginCache: Loggers are ''.
TpTrace Information: 0 : 13464, 1, 2020/11/29, 14:50:34.028, 61479020976, datacollector.dll, TestPluginManager.CreateTestExtension: Attempting to load test extension: Microsoft.TestPlatform.Extensions.BlameDataCollector.BlameCollector
TpTrace Information: 0 : 13464, 1, 2020/11/29, 14:50:34.037, 61479112192, datacollector.dll, Listening on Endpoint : 127.0.0.1:50128
TpTrace Information: 0 : 13464, 1, 2020/11/29, 14:50:34.050, 61479248581, datacollector.dll, DataCollectionRequestHandler.ProcessRequests : DataCollection started.
TpTrace Information: 0 : 13464, 1, 2020/11/29, 14:50:34.110, 61479843704, datacollector.dll, DataCollectionRequestHandler.ProcessRequests : Datacollector received message: (DataCollection.TestHostLaunched) -> {
  "ProcessId": 13664
}
TpTrace Information: 0 : 13464, 7, 2020/11/29, 14:50:34.490, 61483642083, datacollector.dll, Using the buffer size of 16384 bytes
TpTrace Information: 0 : 13464, 7, 2020/11/29, 14:50:34.490, 61483647314, datacollector.dll, Accepted Client request and set the flag
TpTrace Information: 0 : 13464, 9, 2020/11/29, 14:50:35.179, 61490535967, datacollector.dll, DataCollectionTestCaseEventHandler: Test case starting.
TpTrace Information: 0 : 13464, 9, 2020/11/29, 14:50:35.235, 61491099239, datacollector.dll, Blame Collector : Test Case Start
TpTrace Information: 0 : 13464, 9, 2020/11/29, 14:50:35.237, 61491111343, datacollector.dll, DataCollectionTestCaseEventHandler: Test case started.
TpTrace Information: 0 : 13464, 9, 2020/11/29, 14:50:35.312, 61491870612, datacollector.dll, DataCollectionTestCaseEventHandler : Test case completing.
TpTrace Information: 0 : 13464, 9, 2020/11/29, 14:50:35.320, 61491940873, datacollector.dll, Blame Collector : Test Case End
TpTrace Error: 0 : 13464, 9, 2020/11/29, 14:50:35.349, 61492237094, datacollector.dll, DataCollectionAttachmentManager.GetAttachments: Fail to get attachments: System.Collections.Generic.KeyNotFoundException: The given key 'Microsoft.VisualStudio.TestPlatform.ObjectModel.DataCollection.DataCollectionContext' was not present in the dictionary.
   at System.Collections.Generic.Dictionary`2.get_Item(TKey key)
   at Microsoft.VisualStudio.TestPlatform.Common.DataCollector.DataCollectionAttachmentManager.GetAttachments(DataCollectionContext dataCollectionContext) 
TpTrace Information: 0 : 13464, 9, 2020/11/29, 14:50:35.354, 61492283189, datacollector.dll, DataCollectionTestCaseEventHandler: Test case completed
TpTrace Information: 0 : 13464, 9, 2020/11/29, 14:50:35.370, 61492447728, datacollector.dll, DataCollectionTestCaseEventHandler: Test case starting.
TpTrace Information: 0 : 13464, 9, 2020/11/29, 14:50:35.371, 61492453673, datacollector.dll, Blame Collector : Test Case Start
TpTrace Information: 0 : 13464, 9, 2020/11/29, 14:50:35.371, 61492457053, datacollector.dll, DataCollectionTestCaseEventHandler: Test case started.
TpTrace Information: 0 : 13464, 9, 2020/11/29, 14:50:35.373, 61492472680, datacollector.dll, DataCollectionTestCaseEventHandler : Test case completing.
TpTrace Information: 0 : 13464, 9, 2020/11/29, 14:50:35.373, 61492478176, datacollector.dll, Blame Collector : Test Case End
TpTrace Error: 0 : 13464, 9, 2020/11/29, 14:50:35.374, 61492481741, datacollector.dll, DataCollectionAttachmentManager.GetAttachments: Fail to get attachments: System.Collections.Generic.KeyNotFoundException: The given key 'Microsoft.VisualStudio.TestPlatform.ObjectModel.DataCollection.DataCollectionContext' was not present in the dictionary.
   at System.Collections.Generic.Dictionary`2.get_Item(TKey key)
   at Microsoft.VisualStudio.TestPlatform.Common.DataCollector.DataCollectionAttachmentManager.GetAttachments(DataCollectionContext dataCollectionContext) 
TpTrace Information: 0 : 13464, 9, 2020/11/29, 14:50:35.374, 61492485131, datacollector.dll, DataCollectionTestCaseEventHandler: Test case completed
TpTrace Information: 0 : 13464, 9, 2020/11/29, 14:50:35.375, 61492500004, datacollector.dll, DataCollectionTestCaseEventHandler: Test case starting.
TpTrace Information: 0 : 13464, 9, 2020/11/29, 14:50:35.376, 61492504955, datacollector.dll, Blame Collector : Test Case Start
TpTrace Information: 0 : 13464, 9, 2020/11/29, 14:50:35.376, 61492507635, datacollector.dll, DataCollectionTestCaseEventHandler: Test case started.
TpTrace Information: 0 : 13464, 9, 2020/11/29, 14:50:35.386, 61492603955, datacollector.dll, DataCollectionTestCaseEventHandler : Test case completing.
TpTrace Information: 0 : 13464, 9, 2020/11/29, 14:50:35.390, 61492647397, datacollector.dll, Blame Collector : Test Case End
TpTrace Error: 0 : 13464, 9, 2020/11/29, 14:50:35.391, 61492651493, datacollector.dll, DataCollectionAttachmentManager.GetAttachments: Fail to get attachments: System.Collections.Generic.KeyNotFoundException: The given key 'Microsoft.VisualStudio.TestPlatform.ObjectModel.DataCollection.DataCollectionContext' was not present in the dictionary.
   at System.Collections.Generic.Dictionary`2.get_Item(TKey key)
   at Microsoft.VisualStudio.TestPlatform.Common.DataCollector.DataCollectionAttachmentManager.GetAttachments(DataCollectionContext dataCollectionContext) 
TpTrace Information: 0 : 13464, 9, 2020/11/29, 14:50:35.391, 61492654851, datacollector.dll, DataCollectionTestCaseEventHandler: Test case completed
TpTrace Information: 0 : 13464, 9, 2020/11/29, 14:50:35.392, 61492668524, datacollector.dll, DataCollectionTestCaseEventHandler: Test case starting.
TpTrace Information: 0 : 13464, 9, 2020/11/29, 14:50:35.393, 61492673667, datacollector.dll, Blame Collector : Test Case Start
TpTrace Information: 0 : 13464, 9, 2020/11/29, 14:50:35.393, 61492676091, datacollector.dll, DataCollectionTestCaseEventHandler: Test case started.
TpTrace Information: 0 : 13464, 9, 2020/11/29, 14:50:35.396, 61492701585, datacollector.dll, DataCollectionTestCaseEventHandler : Test case completing.
TpTrace Information: 0 : 13464, 9, 2020/11/29, 14:50:35.396, 61492706614, datacollector.dll, Blame Collector : Test Case End
TpTrace Error: 0 : 13464, 9, 2020/11/29, 14:50:35.396, 61492709526, datacollector.dll, DataCollectionAttachmentManager.GetAttachments: Fail to get attachments: System.Collections.Generic.KeyNotFoundException: The given key 'Microsoft.VisualStudio.TestPlatform.ObjectModel.DataCollection.DataCollectionContext' was not present in the dictionary.
   at System.Collections.Generic.Dictionary`2.get_Item(TKey key)
   at Microsoft.VisualStudio.TestPlatform.Common.DataCollector.DataCollectionAttachmentManager.GetAttachments(DataCollectionContext dataCollectionContext) 
TpTrace Information: 0 : 13464, 9, 2020/11/29, 14:50:35.397, 61492711898, datacollector.dll, DataCollectionTestCaseEventHandler: Test case completed
TpTrace Information: 0 : 13464, 9, 2020/11/29, 14:50:35.398, 61492723502, datacollector.dll, DataCollectionTestCaseEventHandler: Test case starting.
TpTrace Information: 0 : 13464, 9, 2020/11/29, 14:50:35.398, 61492728024, datacollector.dll, Blame Collector : Test Case Start
TpTrace Information: 0 : 13464, 9, 2020/11/29, 14:50:35.399, 61492733787, datacollector.dll, DataCollectionTestCaseEventHandler: Test case started.
TpTrace Information: 0 : 13464, 9, 2020/11/29, 14:50:35.402, 61492761857, datacollector.dll, DataCollectionTestCaseEventHandler : Test case completing.
TpTrace Information: 0 : 13464, 9, 2020/11/29, 14:50:35.402, 61492767178, datacollector.dll, Blame Collector : Test Case End
TpTrace Error: 0 : 13464, 9, 2020/11/29, 14:50:35.402, 61492770000, datacollector.dll, DataCollectionAttachmentManager.GetAttachments: Fail to get attachments: System.Collections.Generic.KeyNotFoundException: The given key 'Microsoft.VisualStudio.TestPlatform.ObjectModel.DataCollection.DataCollectionContext' was not present in the dictionary.
   at System.Collections.Generic.Dictionary`2.get_Item(TKey key)
   at Microsoft.VisualStudio.TestPlatform.Common.DataCollector.DataCollectionAttachmentManager.GetAttachments(DataCollectionContext dataCollectionContext) 
TpTrace Information: 0 : 13464, 9, 2020/11/29, 14:50:35.403, 61492773025, datacollector.dll, DataCollectionTestCaseEventHandler: Test case completed
TpTrace Information: 0 : 13464, 9, 2020/11/29, 14:50:35.414, 61492886132, datacollector.dll, DataCollectionTestCaseEventHandler: Test session ended
TpTrace Information: 0 : 13464, 1, 2020/11/29, 14:50:35.539, 61494135219, datacollector.dll, DataCollectionRequestHandler.ProcessRequests : Datacollector received message: (DataCollection.AfterTestRunEnd) -> false
TpTrace Information: 0 : 13464, 1, 2020/11/29, 14:50:35.540, 61494144091, datacollector.dll, Blame Collector : Session End
TpTrace Error: 0 : 13464, 1, 2020/11/29, 14:50:35.540, 61494147861, datacollector.dll, DataCollectionAttachmentManager.GetAttachments: Fail to get attachments: System.Collections.Generic.KeyNotFoundException: The given key 'Microsoft.VisualStudio.TestPlatform.ObjectModel.DataCollection.DataCollectionContext' was not present in the dictionary.
   at System.Collections.Generic.Dictionary`2.get_Item(TKey key)
   at Microsoft.VisualStudio.TestPlatform.Common.DataCollector.DataCollectionAttachmentManager.GetAttachments(DataCollectionContext dataCollectionContext) 
TpTrace Information: 0 : 13464, 1, 2020/11/29, 14:50:35.540, 61494149514, datacollector.dll, DataCollectionManager.CleanupPlugins: CleanupPlugins called
TpTrace Verbose: 0 : 13464, 1, 2020/11/29, 14:50:35.541, 61494150914, datacollector.dll, DataCollectionManager.CleanupPlugins: Cleaning up 1 plugins
TpTrace Verbose: 0 : 13464, 1, 2020/11/29, 14:50:35.541, 61494153118, datacollector.dll, dataCollectorInfo.DisposeDataCollector: calling Dispose() on Microsoft.TestPlatform.Extensions.BlameDataCollector.BlameCollector
TpTrace Information: 0 : 13464, 1, 2020/11/29, 14:50:35.541, 61494154796, datacollector.dll, DataCollectionManager.CleanupPlugins: CleanupPlugins finished
TpTrace Information: 0 : 13464, 1, 2020/11/29, 14:50:35.541, 61494158129, datacollector.dll, DataCollectionRequestHandler.ProcessRequests : Session End message received from server. Closing the connection.
TpTrace Information: 0 : 13464, 1, 2020/11/29, 14:50:35.541, 61494160562, datacollector.dll, Closing the connection !
TpTrace Information: 0 : 13464, 1, 2020/11/29, 14:50:35.542, 61494161790, datacollector.dll, DataCollectionRequestHandler.ProcessRequests : DataCollection completed
TpTrace Information: 0 : 13464, 1, 2020/11/29, 14:50:35.542, 61494163141, datacollector.dll, Program.Main: exiting datacollector process.
