TpTrace Information: 0 : 15008, 1, 2020/12/01, 16:30:36.970, 2631316048480, testhost.dll, DefaultEngineInvoker.Invoke: Testhost process started with args :[--port, 7236],[--endpoint, 127.0.0.1:07236],[--role, client],[--parentprocessid, 2176],[--diag, C:\Users\berin\Source\Repos\VVSzadaca2\eParking\Testovi za zadatak 1\bin\Debug\fine-code-coverage\_outputfolder\diagnostics.host.20-12-01_16-30-36_60937_4.log],[--tracelevel, 4],[--datacollectionport, 7235],[--telemetryoptedin, false]
TpTrace Information: 0 : 15008, 1, 2020/12/01, 16:30:36.983, 2631316107694, testhost.dll, DefaultEngineInvoker.SetParentProcessExitCallback: Monitoring parent process with id: '2176'
TpTrace Information: 0 : 15008, 1, 2020/12/01, 16:30:36.995, 2631316234735, testhost.dll, DefaultEngineInvoker.GetConnectionInfo: Initialize communication on endpoint address: '127.0.0.1:07236'
TpTrace Information: 0 : 15008, 1, 2020/12/01, 16:30:37.032, 2631316595740, testhost.dll, SocketClient.Start: connecting to server endpoint: 127.0.0.1:07236
TpTrace Information: 0 : 15008, 1, 2020/12/01, 16:30:37.040, 2631316683748, testhost.dll, DefaultEngineInvoker.ConnectToDatacollector: Connecting to datacollector, port: 7235
TpTrace Information: 0 : 15008, 5, 2020/12/01, 16:30:37.044, 2631316719819, testhost.dll, SocketClient.OnServerConnected: connected to server endpoint: 127.0.0.1:07236
TpTrace Information: 0 : 15008, 1, 2020/12/01, 16:30:37.046, 2631316739564, testhost.dll, Trying to connect to server on socket : 127.0.0.1:7235 
TpTrace Verbose: 0 : 15008, 1, 2020/12/01, 16:30:37.047, 2631316753087, testhost.dll, SocketCommunicationManager : SetupClientAsync : Attempting to connect to the server.
TpTrace Verbose: 0 : 15008, 5, 2020/12/01, 16:30:37.049, 2631316769560, testhost.dll, Connected to server, and starting MessageLoopAsync
TpTrace Information: 0 : 15008, 5, 2020/12/01, 16:30:37.051, 2631316793579, testhost.dll, Connected to the server successfully 
TpTrace Information: 0 : 15008, 5, 2020/12/01, 16:30:37.052, 2631316798202, testhost.dll, Using the buffer size of 16384 bytes
TpTrace Information: 0 : 15008, 1, 2020/12/01, 16:30:37.053, 2631316812593, testhost.dll, DefaultEngineInvoker.Invoke: Start Request Processing.
TpTrace Information: 0 : 15008, 12, 2020/12/01, 16:30:37.055, 2631316827833, testhost.dll, DefaultEngineInvoker.StartProcessingAsync: Connected to vstest.console, Starting process requests.
TpTrace Verbose: 0 : 15008, 9, 2020/12/01, 16:30:37.055, 2631316832016, testhost.dll, TcpClientExtensions.MessageLoopAsync: Polling on remoteEndPoint: [::ffff:127.0.0.1]:7236 localEndPoint: [::ffff:127.0.0.1]:7237
TpTrace Verbose: 0 : 15008, 9, 2020/12/01, 16:30:37.056, 2631316838776, testhost.dll, TcpClientExtensions.MessageLoopAsync: NotifyDataAvailable remoteEndPoint: [::ffff:127.0.0.1]:7236 localEndPoint: [::ffff:127.0.0.1]:7237
TpTrace Information: 0 : 15008, 9, 2020/12/01, 16:30:37.373, 2631320014110, testhost.dll, TestRequestHandler.ProcessRequests: received message: (ProtocolVersion) -> 3
TpTrace Verbose: 0 : 15008, 9, 2020/12/01, 16:30:37.447, 2631320745680, testhost.dll, TestRequestHandler.SendData:  sending data from testhost: {"Version":2,"MessageType":"TestSession.Message","Payload":{"MessageLevel":0,"Message":"Logging TestHost Diagnostics in file: C:\\Users\\berin\\Source\\Repos\\VVSzadaca2\\eParking\\Testovi za zadatak 1\\bin\\Debug\\fine-code-coverage\\_outputfolder\\diagnostics.host.20-12-01_16-30-36_60937_4.log"}}
TpTrace Verbose: 0 : 15008, 9, 2020/12/01, 16:30:37.447, 2631320753313, testhost.dll, TcpClientExtensions.MessageLoopAsync: Polling on remoteEndPoint: [::ffff:127.0.0.1]:7236 localEndPoint: [::ffff:127.0.0.1]:7237
TpTrace Verbose: 0 : 15008, 9, 2020/12/01, 16:30:37.448, 2631320758222, testhost.dll, TcpClientExtensions.MessageLoopAsync: NotifyDataAvailable remoteEndPoint: [::ffff:127.0.0.1]:7236 localEndPoint: [::ffff:127.0.0.1]:7237
TpTrace Information: 0 : 15008, 9, 2020/12/01, 16:30:37.457, 2631320851865, testhost.dll, TestRequestHandler.ProcessRequests: received message: (TestExecution.Initialize) -> [
  "C:\\Users\\berin\\Source\\Repos\\VVSzadaca2\\eParking\\Testovi za zadatak 1\\bin\\Debug\\fine-code-coverage\\Microsoft.VisualStudio.TestPlatform.MSTest.TestAdapter.dll"
]
TpTrace Information: 0 : 15008, 9, 2020/12/01, 16:30:37.458, 2631320857297, testhost.dll, Execution Session Initialize.
TpTrace Verbose: 0 : 15008, 9, 2020/12/01, 16:30:37.471, 2631320985040, testhost.dll, TcpClientExtensions.MessageLoopAsync: Polling on remoteEndPoint: [::ffff:127.0.0.1]:7236 localEndPoint: [::ffff:127.0.0.1]:7237
TpTrace Verbose: 0 : 15008, 9, 2020/12/01, 16:30:37.471, 2631320989003, testhost.dll, TcpClientExtensions.MessageLoopAsync: NotifyDataAvailable remoteEndPoint: [::ffff:127.0.0.1]:7236 localEndPoint: [::ffff:127.0.0.1]:7237
TpTrace Verbose: 0 : 15008, 4, 2020/12/01, 16:30:37.474, 2631321016657, testhost.dll, TestExecutorService: Loading the extensions
TpTrace Information: 0 : 15008, 9, 2020/12/01, 16:30:37.476, 2631321043511, testhost.dll, TestRequestHandler.ProcessRequests: received message: (TestExecution.StartWithSources) -> {
  "AdapterSourceMap": {
    "_none_": [
      "C:\\Users\\berin\\Source\\Repos\\VVSzadaca2\\eParking\\Testovi za zadatak 1\\bin\\Debug\\fine-code-coverage\\Testovi za zadatak 1.dll"
    ]
  },
  "RunSettings": "<RunSettings>\r\n  <RunConfiguration>\r\n    <ResultsDirectory>C:\\Users\\berin\\Source\\Repos\\VVSzadaca2\\eParking\\Testovi za zadatak 1\\bin\\Debug\\fine-code-coverage\\_outputfolder</ResultsDirectory>\r\n    <TargetPlatform>X64</TargetPlatform>\r\n    <TargetFrameworkVersion>.NETCoreApp,Version=v3.1</TargetFrameworkVersion>\r\n    <DesignMode>False</DesignMode>\r\n    <CollectSourceInformation>False</CollectSourceInformation>\r\n  </RunConfiguration>\r\n  <LoggerRunSettings>\r\n    <Loggers>\r\n      <Logger friendlyName=\"blame\" enabled=\"True\" />\r\n      <Logger friendlyName=\"Console\" uri=\"logger://microsoft/TestPlatform/ConsoleLogger/v1\" assemblyQualifiedName=\"Microsoft.VisualStudio.TestPlatform.CommandLine.Internal.ConsoleLogger, vstest.console, Version=15.0.0.0, Culture=neutral, PublicKeyToken=b03f5f7f11d50a3a\" codeBase=\"C:\\Program Files\\dotnet\\sdk\\5.0.100\\vstest.console.dll\" enabled=\"True\" />\r\n    </Loggers>\r\n  </LoggerRunSettings>\r\n  <DataCollectionRunSettings>\r\n    <DataCollectors>\r\n      <DataCollector friendlyName=\"blame\" enabled=\"True\">\r\n        <Configuration>\r\n          <ResultsDirectory>C:\\Users\\berin\\Source\\Repos\\VVSzadaca2\\eParking\\Testovi za zadatak 1\\bin\\Debug\\fine-code-coverage\\_outputfolder</ResultsDirectory>\r\n        </Configuration>\r\n      </DataCollector>\r\n    </DataCollectors>\r\n  </DataCollectionRunSettings>\r\n</RunSettings>",
  "TestExecutionContext": {
    "FrequencyOfRunStatsChangeEvent": 10,
    "RunStatsChangeEventTimeout": "00:00:01.5000000",
    "InIsolation": false,
    "KeepAlive": false,
    "AreTestCaseLevelEventsRequired": false,
    "IsDebug": false,
    "TestCaseFilter": null,
    "FilterOptions": null
  },
  "Package": null
}
TpTrace Information: 0 : 15008, 9, 2020/12/01, 16:30:37.477, 2631321048170, testhost.dll, Execution started.
TpTrace Verbose: 0 : 15008, 4, 2020/12/01, 16:30:37.477, 2631321049071, testhost.dll, TestPluginCache.DiscoverTestExtensions: finding test extensions in assemblies endswith: TestAdapter.dll TPluginInfo: Microsoft.VisualStudio.TestPlatform.Common.ExtensionFramework.Utilities.TestExecutorPluginInformation TExtension: Microsoft.VisualStudio.TestPlatform.ObjectModel.Adapter.ITestExecutor
TpTrace Verbose: 0 : 15008, 4, 2020/12/01, 16:30:37.479, 2631321071018, testhost.dll, TestPluginCache.GetExtensionPaths: Filtered extension paths: 
TpTrace Verbose: 0 : 15008, 4, 2020/12/01, 16:30:37.480, 2631321078822, testhost.dll, TestPluginCache.GetExtensionPaths: Added default extension paths: C:\Users\berin\Source\Repos\VVSzadaca2\eParking\Testovi za zadatak 1\bin\Debug\fine-code-coverage\Microsoft.VisualStudio.TestPlatform.MSTest.TestAdapter.dll
TpTrace Verbose: 0 : 15008, 4, 2020/12/01, 16:30:37.480, 2631321082046, testhost.dll, TestPluginCache.GetExtensionPaths: Added unfilterableExtensionPaths: 
TpTrace Information: 0 : 15008, 4, 2020/12/01, 16:30:37.484, 2631321122709, testhost.dll, AssemblyResolver.ctor: Creating AssemblyResolver with searchDirectories C:\Users\berin\Source\Repos\VVSzadaca2\eParking\Testovi za zadatak 1\bin\Debug\fine-code-coverage
TpTrace Verbose: 0 : 15008, 4, 2020/12/01, 16:30:37.488, 2631321157595, testhost.dll, TestPluginCache.DiscoverTestExtensions: Discovering the extensions using extension path.
TpTrace Verbose: 0 : 15008, 4, 2020/12/01, 16:30:37.488, 2631321161395, testhost.dll, TestPluginCache.GetExtensionPaths: Filtered extension paths: 
TpTrace Verbose: 0 : 15008, 4, 2020/12/01, 16:30:37.488, 2631321164046, testhost.dll, TestPluginCache.GetExtensionPaths: Added default extension paths: C:\Users\berin\Source\Repos\VVSzadaca2\eParking\Testovi za zadatak 1\bin\Debug\fine-code-coverage\Microsoft.VisualStudio.TestPlatform.MSTest.TestAdapter.dll
TpTrace Verbose: 0 : 15008, 4, 2020/12/01, 16:30:37.489, 2631321166467, testhost.dll, TestPluginCache.GetExtensionPaths: Added unfilterableExtensionPaths: 
TpTrace Verbose: 0 : 15008, 4, 2020/12/01, 16:30:37.489, 2631321169396, testhost.dll, TestPluginCache.DiscoverTestExtensions: Discovering the extensions using allExtensionPaths: C:\Users\berin\Source\Repos\VVSzadaca2\eParking\Testovi za zadatak 1\bin\Debug\fine-code-coverage\Microsoft.VisualStudio.TestPlatform.MSTest.TestAdapter.dll
TpTrace Information: 0 : 15008, 4, 2020/12/01, 16:30:37.491, 2631321186382, testhost.dll, AssemblyResolver.AddSearchDirectories: Adding more searchDirectories C:\Users\berin\Source\Repos\VVSzadaca2\eParking\Testovi za zadatak 1\bin\Debug\fine-code-coverage
TpTrace Information: 0 : 15008, 4, 2020/12/01, 16:30:37.498, 2631321255669, testhost.dll, AssemblyResolver.OnResolve: Microsoft.VisualStudio.TestPlatform.MSTest.TestAdapter: Resolving assembly.
TpTrace Information: 0 : 15008, 4, 2020/12/01, 16:30:37.501, 2631321287453, testhost.dll, AssemblyResolver.OnResolve: Resolved assembly: Microsoft.VisualStudio.TestPlatform.MSTest.TestAdapter, from path: C:\Users\berin\Source\Repos\VVSzadaca2\eParking\Testovi za zadatak 1\bin\Debug\fine-code-coverage\Microsoft.VisualStudio.TestPlatform.MSTest.TestAdapter.dll
TpTrace Information: 0 : 15008, 4, 2020/12/01, 16:30:37.506, 2631321335627, testhost.dll, AssemblyResolver.OnResolve: Microsoft.VisualStudio.TestPlatform.MSTestAdapter.PlatformServices.Interface: Resolving assembly.
TpTrace Information: 0 : 15008, 4, 2020/12/01, 16:30:37.507, 2631321351498, testhost.dll, AssemblyResolver.OnResolve: Resolved assembly: Microsoft.VisualStudio.TestPlatform.MSTestAdapter.PlatformServices.Interface, from path: C:\Users\berin\Source\Repos\VVSzadaca2\eParking\Testovi za zadatak 1\bin\Debug\fine-code-coverage\Microsoft.VisualStudio.TestPlatform.MSTestAdapter.PlatformServices.Interface.dll
TpTrace Information: 0 : 15008, 4, 2020/12/01, 16:30:37.508, 2631321357674, testhost.dll, AssemblyResolver.OnResolve: Microsoft.VisualStudio.TestPlatform.MSTestAdapter.PlatformServices: Resolving assembly.
TpTrace Information: 0 : 15008, 4, 2020/12/01, 16:30:37.509, 2631321371376, testhost.dll, AssemblyResolver.OnResolve: Resolved assembly: Microsoft.VisualStudio.TestPlatform.MSTestAdapter.PlatformServices, from path: C:\Users\berin\Source\Repos\VVSzadaca2\eParking\Testovi za zadatak 1\bin\Debug\fine-code-coverage\Microsoft.VisualStudio.TestPlatform.MSTestAdapter.PlatformServices.dll
TpTrace Verbose: 0 : 15008, 4, 2020/12/01, 16:30:37.516, 2631321444288, testhost.dll, TestPluginCache: Discovered the extensions using extension path ''.
TpTrace Verbose: 0 : 15008, 4, 2020/12/01, 16:30:37.517, 2631321453690, testhost.dll, TestPluginCache: Discoverers are ''.
TpTrace Verbose: 0 : 15008, 4, 2020/12/01, 16:30:37.518, 2631321457362, testhost.dll, TestPluginCache: Executors are 'executor://MSTestAdapter/v2'.
TpTrace Verbose: 0 : 15008, 4, 2020/12/01, 16:30:37.518, 2631321460811, testhost.dll, TestPluginCache: Setting providers are ''.
TpTrace Verbose: 0 : 15008, 4, 2020/12/01, 16:30:37.518, 2631321464277, testhost.dll, TestPluginCache: Loggers are ''.
TpTrace Verbose: 0 : 15008, 9, 2020/12/01, 16:30:37.519, 2631321467110, testhost.dll, TcpClientExtensions.MessageLoopAsync: Polling on remoteEndPoint: [::ffff:127.0.0.1]:7236 localEndPoint: [::ffff:127.0.0.1]:7237
TpTrace Information: 0 : 15008, 4, 2020/12/01, 16:30:37.529, 2631321568521, testhost.dll, TestPluginManager.CreateTestExtension: Attempting to load test extension: Microsoft.VisualStudio.TestPlatform.MSTest.TestAdapter.MSTestExecutor
TpTrace Verbose: 0 : 15008, 4, 2020/12/01, 16:30:37.538, 2631321658215, testhost.dll, TestExecutorExtensionManager: Loading executor Microsoft.VisualStudio.TestPlatform.MSTest.TestAdapter.MSTestExecutor
TpTrace Verbose: 0 : 15008, 4, 2020/12/01, 16:30:37.539, 2631321668246, testhost.dll, TestExecutorService: Loaded the executors
TpTrace Verbose: 0 : 15008, 4, 2020/12/01, 16:30:37.541, 2631321686541, testhost.dll, TestPluginCache.DiscoverTestExtensions: finding test extensions in assemblies endswith: TestAdapter.dll TPluginInfo: Microsoft.VisualStudio.TestPlatform.Common.ExtensionFramework.Utilities.TestSettingsProviderPluginInformation TExtension: Microsoft.VisualStudio.TestPlatform.ObjectModel.Adapter.ISettingsProvider
TpTrace Verbose: 0 : 15008, 4, 2020/12/01, 16:30:37.541, 2631321694279, testhost.dll, TestPluginCache.GetExtensionPaths: Filtered extension paths: 
TpTrace Verbose: 0 : 15008, 4, 2020/12/01, 16:30:37.542, 2631321697327, testhost.dll, TestPluginCache.GetExtensionPaths: Added default extension paths: C:\Users\berin\Source\Repos\VVSzadaca2\eParking\Testovi za zadatak 1\bin\Debug\fine-code-coverage\Microsoft.VisualStudio.TestPlatform.MSTest.TestAdapter.dll
TpTrace Verbose: 0 : 15008, 4, 2020/12/01, 16:30:37.542, 2631321700694, testhost.dll, TestPluginCache.GetExtensionPaths: Added unfilterableExtensionPaths: 
TpTrace Information: 0 : 15008, 4, 2020/12/01, 16:30:37.543, 2631321706254, testhost.dll, AssemblyResolver.AddSearchDirectories: Adding more searchDirectories C:\Users\berin\Source\Repos\VVSzadaca2\eParking\Testovi za zadatak 1\bin\Debug\fine-code-coverage
TpTrace Verbose: 0 : 15008, 4, 2020/12/01, 16:30:37.543, 2631321709382, testhost.dll, TestPluginCache.DiscoverTestExtensions: Discovering the extensions using extension path.
TpTrace Verbose: 0 : 15008, 4, 2020/12/01, 16:30:37.543, 2631321712242, testhost.dll, TestPluginCache.GetExtensionPaths: Filtered extension paths: 
TpTrace Verbose: 0 : 15008, 4, 2020/12/01, 16:30:37.544, 2631321714867, testhost.dll, TestPluginCache.GetExtensionPaths: Added default extension paths: C:\Users\berin\Source\Repos\VVSzadaca2\eParking\Testovi za zadatak 1\bin\Debug\fine-code-coverage\Microsoft.VisualStudio.TestPlatform.MSTest.TestAdapter.dll
TpTrace Verbose: 0 : 15008, 4, 2020/12/01, 16:30:37.544, 2631321717651, testhost.dll, TestPluginCache.GetExtensionPaths: Added unfilterableExtensionPaths: 
TpTrace Verbose: 0 : 15008, 4, 2020/12/01, 16:30:37.544, 2631321720893, testhost.dll, TestPluginCache.DiscoverTestExtensions: Discovering the extensions using allExtensionPaths: C:\Users\berin\Source\Repos\VVSzadaca2\eParking\Testovi za zadatak 1\bin\Debug\fine-code-coverage\Microsoft.VisualStudio.TestPlatform.MSTest.TestAdapter.dll
TpTrace Information: 0 : 15008, 4, 2020/12/01, 16:30:37.544, 2631321724261, testhost.dll, AssemblyResolver.AddSearchDirectories: Adding more searchDirectories C:\Users\berin\Source\Repos\VVSzadaca2\eParking\Testovi za zadatak 1\bin\Debug\fine-code-coverage
TpTrace Verbose: 0 : 15008, 4, 2020/12/01, 16:30:37.545, 2631321731572, testhost.dll, TestPluginCache: Discovered the extensions using extension path ''.
TpTrace Verbose: 0 : 15008, 4, 2020/12/01, 16:30:37.545, 2631321734445, testhost.dll, TestPluginCache: Discoverers are ''.
TpTrace Verbose: 0 : 15008, 4, 2020/12/01, 16:30:37.546, 2631321737325, testhost.dll, TestPluginCache: Executors are 'executor://MSTestAdapter/v2'.
TpTrace Verbose: 0 : 15008, 4, 2020/12/01, 16:30:37.546, 2631321741312, testhost.dll, TestPluginCache: Setting providers are ''.
TpTrace Verbose: 0 : 15008, 4, 2020/12/01, 16:30:37.546, 2631321744532, testhost.dll, TestPluginCache: Loggers are ''.
TpTrace Verbose: 0 : 15008, 4, 2020/12/01, 16:30:37.549, 2631321769613, testhost.dll, TestExecutorService: Loaded the settings providers
TpTrace Information: 0 : 15008, 4, 2020/12/01, 16:30:37.549, 2631321774112, testhost.dll, TestExecutorService: Loaded the extensions
TpTrace Information: 0 : 15008, 4, 2020/12/01, 16:30:37.654, 2631322820194, testhost.dll, TestDiscoveryManager: Discovering tests from sources C:\Users\berin\Source\Repos\VVSzadaca2\eParking\Testovi za zadatak 1\bin\Debug\fine-code-coverage\Testovi za zadatak 1.dll
TpTrace Verbose: 0 : 15008, 4, 2020/12/01, 16:30:37.658, 2631322860966, testhost.dll, TestPluginCache.DiscoverTestExtensions: finding test extensions in assemblies endswith: TestAdapter.dll TPluginInfo: Microsoft.VisualStudio.TestPlatform.Common.ExtensionFramework.Utilities.TestDiscovererPluginInformation TExtension: Microsoft.VisualStudio.TestPlatform.ObjectModel.Adapter.ITestDiscoverer
TpTrace Verbose: 0 : 15008, 4, 2020/12/01, 16:30:37.659, 2631322864721, testhost.dll, TestPluginCache.GetExtensionPaths: Filtered extension paths: 
TpTrace Verbose: 0 : 15008, 4, 2020/12/01, 16:30:37.659, 2631322866997, testhost.dll, TestPluginCache.GetExtensionPaths: Added default extension paths: C:\Users\berin\Source\Repos\VVSzadaca2\eParking\Testovi za zadatak 1\bin\Debug\fine-code-coverage\Microsoft.VisualStudio.TestPlatform.MSTest.TestAdapter.dll
TpTrace Verbose: 0 : 15008, 4, 2020/12/01, 16:30:37.659, 2631322868985, testhost.dll, TestPluginCache.GetExtensionPaths: Added unfilterableExtensionPaths: 
TpTrace Information: 0 : 15008, 4, 2020/12/01, 16:30:37.659, 2631322872301, testhost.dll, AssemblyResolver.AddSearchDirectories: Adding more searchDirectories C:\Users\berin\Source\Repos\VVSzadaca2\eParking\Testovi za zadatak 1\bin\Debug\fine-code-coverage
TpTrace Verbose: 0 : 15008, 4, 2020/12/01, 16:30:37.660, 2631322874927, testhost.dll, TestPluginCache.DiscoverTestExtensions: Discovering the extensions using extension path.
TpTrace Verbose: 0 : 15008, 4, 2020/12/01, 16:30:37.660, 2631322876886, testhost.dll, TestPluginCache.GetExtensionPaths: Filtered extension paths: 
TpTrace Verbose: 0 : 15008, 4, 2020/12/01, 16:30:37.660, 2631322878854, testhost.dll, TestPluginCache.GetExtensionPaths: Added default extension paths: C:\Users\berin\Source\Repos\VVSzadaca2\eParking\Testovi za zadatak 1\bin\Debug\fine-code-coverage\Microsoft.VisualStudio.TestPlatform.MSTest.TestAdapter.dll
TpTrace Verbose: 0 : 15008, 4, 2020/12/01, 16:30:37.660, 2631322880858, testhost.dll, TestPluginCache.GetExtensionPaths: Added unfilterableExtensionPaths: 
TpTrace Verbose: 0 : 15008, 4, 2020/12/01, 16:30:37.660, 2631322882824, testhost.dll, TestPluginCache.DiscoverTestExtensions: Discovering the extensions using allExtensionPaths: C:\Users\berin\Source\Repos\VVSzadaca2\eParking\Testovi za zadatak 1\bin\Debug\fine-code-coverage\Microsoft.VisualStudio.TestPlatform.MSTest.TestAdapter.dll
TpTrace Information: 0 : 15008, 4, 2020/12/01, 16:30:37.661, 2631322885051, testhost.dll, AssemblyResolver.AddSearchDirectories: Adding more searchDirectories C:\Users\berin\Source\Repos\VVSzadaca2\eParking\Testovi za zadatak 1\bin\Debug\fine-code-coverage
TpTrace Verbose: 0 : 15008, 4, 2020/12/01, 16:30:37.665, 2631322930137, testhost.dll, TestPluginCache: Discovered the extensions using extension path ''.
TpTrace Verbose: 0 : 15008, 4, 2020/12/01, 16:30:37.666, 2631322935329, testhost.dll, TestPluginCache: Discoverers are 'Microsoft.VisualStudio.TestPlatform.MSTest.TestAdapter.MSTestDiscoverer, Microsoft.VisualStudio.TestPlatform.MSTest.TestAdapter, Version=14.0.0.0, Culture=neutral, PublicKeyToken=b03f5f7f11d50a3a'.
TpTrace Verbose: 0 : 15008, 4, 2020/12/01, 16:30:37.666, 2631322937640, testhost.dll, TestPluginCache: Executors are 'executor://MSTestAdapter/v2'.
TpTrace Verbose: 0 : 15008, 4, 2020/12/01, 16:30:37.666, 2631322939691, testhost.dll, TestPluginCache: Setting providers are ''.
TpTrace Verbose: 0 : 15008, 4, 2020/12/01, 16:30:37.666, 2631322941628, testhost.dll, TestPluginCache: Loggers are ''.
TpTrace Verbose: 0 : 15008, 4, 2020/12/01, 16:30:37.675, 2631323026226, testhost.dll, BaseRunTests.RunTestInternalWithExecutors: Running tests for executor://MSTestAdapter/v2
TpTrace Information: 0 : 15008, 4, 2020/12/01, 16:30:37.764, 2631323916762, testhost.dll, AssemblyResolver.OnResolve: Microsoft.VisualStudio.TestPlatform.MSTestAdapter.PlatformServices.resources: Resolving assembly.
TpTrace Information: 0 : 15008, 4, 2020/12/01, 16:30:37.764, 2631323921621, testhost.dll, AssemblyResolver.OnResolve: Microsoft.VisualStudio.TestPlatform.MSTestAdapter.PlatformServices.resources: Failed to load assembly.
TpTrace Information: 0 : 15008, 4, 2020/12/01, 16:30:37.765, 2631323927901, testhost.dll, AssemblyResolver.OnResolve: Microsoft.VisualStudio.TestPlatform.MSTestAdapter.PlatformServices.resources: Resolving assembly.
TpTrace Information: 0 : 15008, 4, 2020/12/01, 16:30:37.765, 2631323930563, testhost.dll, AssemblyResolver.OnResolve: Microsoft.VisualStudio.TestPlatform.MSTestAdapter.PlatformServices.resources: Resolved from cache.
TpTrace Verbose: 0 : 15008, 4, 2020/12/01, 16:30:37.793, 2631324212068, testhost.dll, TestExecutionRecorder.RecordStart: Starting test: Testovi_za_zadatak_1.UnitTestClan.TestValidnihPodataka.
TpTrace Information: 0 : 15008, 4, 2020/12/01, 16:30:37.985, 2631326125754, testhost.dll, AssemblyResolver.OnResolve: Microsoft.VisualStudio.TestPlatform.TestFramework.resources: Resolving assembly.
TpTrace Information: 0 : 15008, 4, 2020/12/01, 16:30:37.985, 2631326130834, testhost.dll, AssemblyResolver.OnResolve: Microsoft.VisualStudio.TestPlatform.TestFramework.resources: Failed to load assembly.
TpTrace Verbose: 0 : 15008, 4, 2020/12/01, 16:30:37.999, 2631326268807, testhost.dll, TestExecutionRecorder.RecordEnd: test: Testovi_za_zadatak_1.UnitTestClan.TestValidnihPodataka execution completed.
TpTrace Verbose: 0 : 15008, 4, 2020/12/01, 16:30:38.027, 2631326546736, testhost.dll, TestExecutionRecorder.RecordResult: Received result for test: Testovi_za_zadatak_1.UnitTestClan.TestValidnihPodataka.
TpTrace Warning: 0 : 15008, 4, 2020/12/01, 16:30:38.035, 2631326629619, testhost.dll, InProgressTests is null
TpTrace Warning: 0 : 15008, 4, 2020/12/01, 16:30:38.040, 2631326679391, testhost.dll, TestRunCache: No test found corresponding to testResult 'TestValidnihPodataka  Passed' in inProgress list.
TpTrace Verbose: 0 : 15008, 4, 2020/12/01, 16:30:38.040, 2631326683584, testhost.dll, TestExecutionRecorder.RecordEnd: test: Testovi_za_zadatak_1.UnitTestClan.TestValidnihPodataka execution completed.
TpTrace Warning: 0 : 15008, 4, 2020/12/01, 16:30:38.041, 2631326686121, testhost.dll, InProgressTests is null
TpTrace Verbose: 0 : 15008, 4, 2020/12/01, 16:30:38.041, 2631326688638, testhost.dll, TestExecutionRecorder.RecordResult: Received result for test: Testovi_za_zadatak_1.UnitTestClan.TestValidnihPodataka.
TpTrace Warning: 0 : 15008, 4, 2020/12/01, 16:30:38.041, 2631326691473, testhost.dll, InProgressTests is null
TpTrace Warning: 0 : 15008, 4, 2020/12/01, 16:30:38.041, 2631326693969, testhost.dll, TestRunCache: No test found corresponding to testResult 'TestValidnihPodataka  Passed' in inProgress list.
TpTrace Verbose: 0 : 15008, 4, 2020/12/01, 16:30:38.042, 2631326696380, testhost.dll, TestExecutionRecorder.RecordEnd: test: Testovi_za_zadatak_1.UnitTestClan.TestValidnihPodataka execution completed.
TpTrace Warning: 0 : 15008, 4, 2020/12/01, 16:30:38.042, 2631326698681, testhost.dll, InProgressTests is null
TpTrace Verbose: 0 : 15008, 4, 2020/12/01, 16:30:38.042, 2631326700987, testhost.dll, TestExecutionRecorder.RecordResult: Received result for test: Testovi_za_zadatak_1.UnitTestClan.TestValidnihPodataka.
TpTrace Warning: 0 : 15008, 4, 2020/12/01, 16:30:38.042, 2631326703467, testhost.dll, InProgressTests is null
TpTrace Warning: 0 : 15008, 4, 2020/12/01, 16:30:38.043, 2631326705858, testhost.dll, TestRunCache: No test found corresponding to testResult 'TestValidnihPodataka  Passed' in inProgress list.
TpTrace Verbose: 0 : 15008, 4, 2020/12/01, 16:30:38.043, 2631326708242, testhost.dll, TestExecutionRecorder.RecordEnd: test: Testovi_za_zadatak_1.UnitTestClan.TestValidnihPodataka execution completed.
TpTrace Warning: 0 : 15008, 4, 2020/12/01, 16:30:38.043, 2631326710594, testhost.dll, InProgressTests is null
TpTrace Verbose: 0 : 15008, 4, 2020/12/01, 16:30:38.043, 2631326712978, testhost.dll, TestExecutionRecorder.RecordResult: Received result for test: Testovi_za_zadatak_1.UnitTestClan.TestValidnihPodataka.
TpTrace Warning: 0 : 15008, 4, 2020/12/01, 16:30:38.044, 2631326715374, testhost.dll, InProgressTests is null
TpTrace Warning: 0 : 15008, 4, 2020/12/01, 16:30:38.044, 2631326717844, testhost.dll, TestRunCache: No test found corresponding to testResult 'TestValidnihPodataka  Passed' in inProgress list.
TpTrace Verbose: 0 : 15008, 4, 2020/12/01, 16:30:38.044, 2631326720266, testhost.dll, TestExecutionRecorder.RecordEnd: test: Testovi_za_zadatak_1.UnitTestClan.TestValidnihPodataka execution completed.
TpTrace Warning: 0 : 15008, 4, 2020/12/01, 16:30:38.044, 2631326722658, testhost.dll, InProgressTests is null
TpTrace Verbose: 0 : 15008, 4, 2020/12/01, 16:30:38.045, 2631326726034, testhost.dll, TestExecutionRecorder.RecordResult: Received result for test: Testovi_za_zadatak_1.UnitTestClan.TestValidnihPodataka.
TpTrace Warning: 0 : 15008, 4, 2020/12/01, 16:30:38.045, 2631326730239, testhost.dll, InProgressTests is null
TpTrace Warning: 0 : 15008, 4, 2020/12/01, 16:30:38.045, 2631326733916, testhost.dll, TestRunCache: No test found corresponding to testResult 'TestValidnihPodataka  Passed' in inProgress list.
TpTrace Verbose: 0 : 15008, 4, 2020/12/01, 16:30:38.046, 2631326736939, testhost.dll, TestExecutionRecorder.RecordEnd: test: Testovi_za_zadatak_1.UnitTestClan.TestValidnihPodataka execution completed.
TpTrace Warning: 0 : 15008, 4, 2020/12/01, 16:30:38.046, 2631326740983, testhost.dll, InProgressTests is null
TpTrace Verbose: 0 : 15008, 4, 2020/12/01, 16:30:38.046, 2631326744674, testhost.dll, TestExecutionRecorder.RecordResult: Received result for test: Testovi_za_zadatak_1.UnitTestClan.TestValidnihPodataka.
TpTrace Warning: 0 : 15008, 4, 2020/12/01, 16:30:38.047, 2631326748772, testhost.dll, InProgressTests is null
TpTrace Warning: 0 : 15008, 4, 2020/12/01, 16:30:38.047, 2631326751202, testhost.dll, TestRunCache: No test found corresponding to testResult 'TestValidnihPodataka  Passed' in inProgress list.
TpTrace Verbose: 0 : 15008, 4, 2020/12/01, 16:30:38.047, 2631326754292, testhost.dll, TestExecutionRecorder.RecordStart: Starting test: Testovi_za_zadatak_1.UnitTestClan.TestNevalidnihPodataka.
TpTrace Verbose: 0 : 15008, 4, 2020/12/01, 16:30:38.059, 2631326870508, testhost.dll, TestExecutionRecorder.RecordEnd: test: Testovi_za_zadatak_1.UnitTestClan.TestNevalidnihPodataka execution completed.
TpTrace Verbose: 0 : 15008, 4, 2020/12/01, 16:30:38.062, 2631326900758, testhost.dll, TestExecutionRecorder.RecordResult: Received result for test: Testovi_za_zadatak_1.UnitTestClan.TestNevalidnihPodataka.
TpTrace Warning: 0 : 15008, 4, 2020/12/01, 16:30:38.063, 2631326906299, testhost.dll, InProgressTests is null
TpTrace Warning: 0 : 15008, 4, 2020/12/01, 16:30:38.063, 2631326909958, testhost.dll, TestRunCache: No test found corresponding to testResult 'TestNevalidnihPodataka  Passed' in inProgress list.
TpTrace Verbose: 0 : 15008, 4, 2020/12/01, 16:30:38.063, 2631326914542, testhost.dll, TestExecutionRecorder.RecordEnd: test: Testovi_za_zadatak_1.UnitTestClan.TestNevalidnihPodataka execution completed.
TpTrace Warning: 0 : 15008, 4, 2020/12/01, 16:30:38.064, 2631326917438, testhost.dll, InProgressTests is null
TpTrace Verbose: 0 : 15008, 4, 2020/12/01, 16:30:38.064, 2631326919755, testhost.dll, TestExecutionRecorder.RecordResult: Received result for test: Testovi_za_zadatak_1.UnitTestClan.TestNevalidnihPodataka.
TpTrace Warning: 0 : 15008, 4, 2020/12/01, 16:30:38.064, 2631326923227, testhost.dll, InProgressTests is null
TpTrace Warning: 0 : 15008, 4, 2020/12/01, 16:30:38.065, 2631326925754, testhost.dll, TestRunCache: No test found corresponding to testResult 'TestNevalidnihPodataka  Passed' in inProgress list.
TpTrace Verbose: 0 : 15008, 4, 2020/12/01, 16:30:38.065, 2631326928246, testhost.dll, TestExecutionRecorder.RecordEnd: test: Testovi_za_zadatak_1.UnitTestClan.TestNevalidnihPodataka execution completed.
TpTrace Warning: 0 : 15008, 4, 2020/12/01, 16:30:38.065, 2631326930732, testhost.dll, InProgressTests is null
TpTrace Verbose: 0 : 15008, 4, 2020/12/01, 16:30:38.065, 2631326933068, testhost.dll, TestExecutionRecorder.RecordResult: Received result for test: Testovi_za_zadatak_1.UnitTestClan.TestNevalidnihPodataka.
TpTrace Warning: 0 : 15008, 4, 2020/12/01, 16:30:38.066, 2631326935564, testhost.dll, InProgressTests is null
TpTrace Warning: 0 : 15008, 4, 2020/12/01, 16:30:38.066, 2631326937984, testhost.dll, TestRunCache: No test found corresponding to testResult 'TestNevalidnihPodataka  Passed' in inProgress list.
TpTrace Verbose: 0 : 15008, 4, 2020/12/01, 16:30:38.066, 2631326940484, testhost.dll, TestExecutionRecorder.RecordEnd: test: Testovi_za_zadatak_1.UnitTestClan.TestNevalidnihPodataka execution completed.
TpTrace Warning: 0 : 15008, 4, 2020/12/01, 16:30:38.066, 2631326942771, testhost.dll, InProgressTests is null
TpTrace Verbose: 0 : 15008, 4, 2020/12/01, 16:30:38.067, 2631326945049, testhost.dll, TestExecutionRecorder.RecordResult: Received result for test: Testovi_za_zadatak_1.UnitTestClan.TestNevalidnihPodataka.
TpTrace Warning: 0 : 15008, 4, 2020/12/01, 16:30:38.067, 2631326947479, testhost.dll, InProgressTests is null
TpTrace Warning: 0 : 15008, 4, 2020/12/01, 16:30:38.067, 2631326949919, testhost.dll, TestRunCache: No test found corresponding to testResult 'TestNevalidnihPodataka  Passed' in inProgress list.
TpTrace Information: 0 : 15008, 4, 2020/12/01, 16:30:38.071, 2631326990963, testhost.dll, Sending test run statistics
TpTrace Verbose: 0 : 15008, 4, 2020/12/01, 16:30:38.124, 2631327521297, testhost.dll, TestRequestHandler.SendData:  sending data from testhost: {"Version":2,"MessageType":"TestExecution.StatsChange","Payload":{"NewTestResults":[{"TestCase":{"Id":"1f7b6345-1a11-278d-35a8-a979b4ec047f","FullyQualifiedName":"Testovi_za_zadatak_1.UnitTestClan.TestValidnihPodataka","DisplayName":"TestValidnihPodataka","ExecutorUri":"executor://MSTestAdapter/v2","Source":"C:\\Users\\berin\\Source\\Repos\\VVSzadaca2\\eParking\\Testovi za zadatak 1\\bin\\Debug\\fine-code-coverage\\Testovi za zadatak 1.dll","CodeFilePath":null,"LineNumber":-1,"Properties":[{"Key":{"Id":"MSTestDiscoverer.TestClassName","Label":"ClassName","Category":"","Description":"","Attributes":1,"ValueType":"System.String"},"Value":"Testovi_za_zadatak_1.UnitTestClan"},{"Key":{"Id":"TestObject.Traits","Label":"Traits","Category":"","Description":"","Attributes":5,"ValueType":"System.Collections.Generic.KeyValuePair`2[[System.String],[System.String]][]"},"Value":[]}]},"Attachments":[],"Outcome":1,"ErrorMessage":null,"ErrorStackTrace":null,"DisplayName":null,"Messages":[],"ComputerName":null,"Duration":"00:00:00.0180564","StartTime":"2020-12-01T16:30:37.8954449+01:00","EndTime":"2020-12-01T16:30:37.9907312+01:00","Properties":[{"Key":{"Id":"ExecutionId","Label":"ExecutionId","Category":"","Description":"","Attributes":1,"ValueType":"System.Guid"},"Value":"92d41f93-5c06-49b6-8e96-cc1386413cfe"},{"Key":{"Id":"ParentExecId","Label":"ParentExecId","Category":"","Description":"","Attributes":1,"ValueType":"System.Guid"},"Value":"00000000-0000-0000-0000-000000000000"},{"Key":{"Id":"InnerResultsCount","Label":"InnerResultsCount","Category":"","Description":"","Attributes":1,"ValueType":"System.Int32"},"Value":5}]},{"TestCase":{"Id":"1f7b6345-1a11-278d-35a8-a979b4ec047f","FullyQualifiedName":"Testovi_za_zadatak_1.UnitTestClan.TestValidnihPodataka","DisplayName":"TestValidnihPodataka","ExecutorUri":"executor://MSTestAdapter/v2","Source":"C:\\Users\\berin\\Source\\Repos\\VVSzadaca2\\eParking\\Testovi za zadatak 1\\bin\\Debug\\fine-code-coverage\\Testovi za zadatak 1.dll","CodeFilePath":null,"LineNumber":-1,"Properties":[{"Key":{"Id":"MSTestDiscoverer.TestClassName","Label":"ClassName","Category":"","Description":"","Attributes":1,"ValueType":"System.String"},"Value":"Testovi_za_zadatak_1.UnitTestClan"},{"Key":{"Id":"TestObject.Traits","Label":"Traits","Category":"","Description":"","Attributes":5,"ValueType":"System.Collections.Generic.KeyValuePair`2[[System.String],[System.String]][]"},"Value":[]}]},"Attachments":[],"Outcome":1,"ErrorMessage":null,"ErrorStackTrace":null,"DisplayName":"TestValidnihPodataka (user1,password12,Adresa,Automobil,123-A-123,5,2022,5,1)","Messages":[],"ComputerName":null,"Duration":"00:00:00.0073961","StartTime":"2020-12-01T16:30:37.8954449+01:00","EndTime":"2020-12-01T16:30:37.9907312+01:00","Properties":[{"Key":{"Id":"ExecutionId","Label":"ExecutionId","Category":"","Description":"","Attributes":1,"ValueType":"System.Guid"},"Value":"88a51715-cdfe-47ff-badf-2c9335752769"},{"Key":{"Id":"ParentExecId","Label":"ParentExecId","Category":"","Description":"","Attributes":1,"ValueType":"System.Guid"},"Value":"92d41f93-5c06-49b6-8e96-cc1386413cfe"},{"Key":{"Id":"InnerResultsCount","Label":"InnerResultsCount","Category":"","Description":"","Attributes":1,"ValueType":"System.Int32"},"Value":0}]},{"TestCase":{"Id":"1f7b6345-1a11-278d-35a8-a979b4ec047f","FullyQualifiedName":"Testovi_za_zadatak_1.UnitTestClan.TestValidnihPodataka","DisplayName":"TestValidnihPodataka","ExecutorUri":"executor://MSTestAdapter/v2","Source":"C:\\Users\\berin\\Source\\Repos\\VVSzadaca2\\eParking\\Testovi za zadatak 1\\bin\\Debug\\fine-code-coverage\\Testovi za zadatak 1.dll","CodeFilePath":null,"LineNumber":-1,"Properties":[{"Key":{"Id":"MSTestDiscoverer.TestClassName","Label":"ClassName","Category":"","Description":"","Attributes":1,"ValueType":"System.String"},"Value":"Testovi_za_zadatak_1.UnitTestClan"},{"Key":{"Id":"TestObject.Traits","Label":"Traits","Category":"","Description":"","Attributes":5,"ValueType":"System.Collections.Generic.KeyValuePair`2[[System.String],[System.String]][]"},"Value":[]}]},"Attachments":[],"Outcome":1,"ErrorMessage":null,"ErrorStackTrace":null,"DisplayName":"TestValidnihPodataka (user1,12password,Adresa,Automobil,123-A-123,5,2022,5,1)","Messages":[],"ComputerName":null,"Duration":"00:00:00.0000459","StartTime":"2020-12-01T16:30:37.8954449+01:00","EndTime":"2020-12-01T16:30:37.9907312+01:00","Properties":[{"Key":{"Id":"ExecutionId","Label":"ExecutionId","Category":"","Description":"","Attributes":1,"ValueType":"System.Guid"},"Value":"ba5139e4-f51e-47b3-8a79-5a6871974bc8"},{"Key":{"Id":"ParentExecId","Label":"ParentExecId","Category":"","Description":"","Attributes":1,"ValueType":"System.Guid"},"Value":"92d41f93-5c06-49b6-8e96-cc1386413cfe"},{"Key":{"Id":"InnerResultsCount","Label":"InnerResultsCount","Category":"","Description":"","Attributes":1,"ValueType":"System.Int32"},"Value":0}]},{"TestCase":{"Id":"1f7b6345-1a11-278d-35a8-a979b4ec047f","FullyQualifiedName":"Testovi_za_zadatak_1.UnitTestClan.TestValidnihPodataka","DisplayName":"TestValidnihPodataka","ExecutorUri":"executor://MSTestAdapter/v2","Source":"C:\\Users\\berin\\Source\\Repos\\VVSzadaca2\\eParking\\Testovi za zadatak 1\\bin\\Debug\\fine-code-coverage\\Testovi za zadatak 1.dll","CodeFilePath":null,"LineNumber":-1,"Properties":[{"Key":{"Id":"MSTestDiscoverer.TestClassName","Label":"ClassName","Category":"","Description":"","Attributes":1,"ValueType":"System.String"},"Value":"Testovi_za_zadatak_1.UnitTestClan"},{"Key":{"Id":"TestObject.Traits","Label":"Traits","Category":"","Description":"","Attributes":5,"ValueType":"System.Collections.Generic.KeyValuePair`2[[System.String],[System.String]][]"},"Value":[]}]},"Attachments":[],"Outcome":1,"ErrorMessage":null,"ErrorStackTrace":null,"DisplayName":"TestValidnihPodataka (user1,passworddd,Adresa,Automobil,123-A-123,5,2022,5,1)","Messages":[],"ComputerName":null,"Duration":"00:00:00.0000125","StartTime":"2020-12-01T16:30:37.8954449+01:00","EndTime":"2020-12-01T16:30:37.9907312+01:00","Properties":[{"Key":{"Id":"ExecutionId","Label":"ExecutionId","Category":"","Description":"","Attributes":1,"ValueType":"System.Guid"},"Value":"39fb0116-2ca7-44ad-b8c8-66e93504c776"},{"Key":{"Id":"ParentExecId","Label":"ParentExecId","Category":"","Description":"","Attributes":1,"ValueType":"System.Guid"},"Value":"92d41f93-5c06-49b6-8e96-cc1386413cfe"},{"Key":{"Id":"InnerResultsCount","Label":"InnerResultsCount","Category":"","Description":"","Attributes":1,"ValueType":"System.Int32"},"Value":0}]},{"TestCase":{"Id":"1f7b6345-1a11-278d-35a8-a979b4ec047f","FullyQualifiedName":"Testovi_za_zadatak_1.UnitTestClan.TestValidnihPodataka","DisplayName":"TestValidnihPodataka","ExecutorUri":"executor://MSTestAdapter/v2","Source":"C:\\Users\\berin\\Source\\Repos\\VVSzadaca2\\eParking\\Testovi za zadatak 1\\bin\\Debug\\fine-code-coverage\\Testovi za zadatak 1.dll","CodeFilePath":null,"LineNumber":-1,"Properties":[{"Key":{"Id":"MSTestDiscoverer.TestClassName","Label":"ClassName","Category":"","Description":"","Attributes":1,"ValueType":"System.String"},"Value":"Testovi_za_zadatak_1.UnitTestClan"},{"Key":{"Id":"TestObject.Traits","Label":"Traits","Category":"","Description":"","Attributes":5,"ValueType":"System.Collections.Generic.KeyValuePair`2[[System.String],[System.String]][]"},"Value":[]}]},"Attachments":[],"Outcome":1,"ErrorMessage":null,"ErrorStackTrace":null,"DisplayName":"TestValidnihPodataka (user1,0123456789,Adresa,Automobil,123-A-123,5,2022,5,1)","Messages":[],"ComputerName":null,"Duration":"00:00:00.0000091","StartTime":"2020-12-01T16:30:37.8954449+01:00","EndTime":"2020-12-01T16:30:37.9907312+01:00","Properties":[{"Key":{"Id":"ExecutionId","Label":"ExecutionId","Category":"","Description":"","Attributes":1,"ValueType":"System.Guid"},"Value":"2abbc6f3-d5cb-4373-9ddc-0e8143f73f2c"},{"Key":{"Id":"ParentExecId","Label":"ParentExecId","Category":"","Description":"","Attributes":1,"ValueType":"System.Guid"},"Value":"92d41f93-5c06-49b6-8e96-cc1386413cfe"},{"Key":{"Id":"InnerResultsCount","Label":"InnerResultsCount","Category":"","Description":"","Attributes":1,"ValueType":"System.Int32"},"Value":0}]},{"TestCase":{"Id":"1f7b6345-1a11-278d-35a8-a979b4ec047f","FullyQualifiedName":"Testovi_za_zadatak_1.UnitTestClan.TestValidnihPodataka","DisplayName":"TestValidnihPodataka","ExecutorUri":"executor://MSTestAdapter/v2","Source":"C:\\Users\\berin\\Source\\Repos\\VVSzadaca2\\eParking\\Testovi za zadatak 1\\bin\\Debug\\fine-code-coverage\\Testovi za zadatak 1.dll","CodeFilePath":null,"LineNumber":-1,"Properties":[{"Key":{"Id":"MSTestDiscoverer.TestClassName","Label":"ClassName","Category":"","Description":"","Attributes":1,"ValueType":"System.String"},"Value":"Testovi_za_zadatak_1.UnitTestClan"},{"Key":{"Id":"TestObject.Traits","Label":"Traits","Category":"","Description":"","Attributes":5,"ValueType":"System.Collections.Generic.KeyValuePair`2[[System.String],[System.String]][]"},"Value":[]}]},"Attachments":[],"Outcome":1,"ErrorMessage":null,"ErrorStackTrace":null,"DisplayName":"TestValidnihPodataka (user1,pass123word,Adresa,Automobil,123-A-123,5,2022,5,1)","Messages":[],"ComputerName":null,"Duration":"00:00:00.0000084","StartTime":"2020-12-01T16:30:37.8954449+01:00","EndTime":"2020-12-01T16:30:37.9907312+01:00","Properties":[{"Key":{"Id":"ExecutionId","Label":"ExecutionId","Category":"","Description":"","Attributes":1,"ValueType":"System.Guid"},"Value":"2108272b-5378-443d-9e2d-1e6728bf8626"},{"Key":{"Id":"ParentExecId","Label":"ParentExecId","Category":"","Description":"","Attributes":1,"ValueType":"System.Guid"},"Value":"92d41f93-5c06-49b6-8e96-cc1386413cfe"},{"Key":{"Id":"InnerResultsCount","Label":"InnerResultsCount","Category":"","Description":"","Attributes":1,"ValueType":"System.Int32"},"Value":0}]},{"TestCase":{"Id":"5dd993f5-6b38-97aa-ac85-30535fb6265b","FullyQualifiedName":"Testovi_za_zadatak_1.UnitTestClan.TestNevalidnihPodataka","DisplayName":"TestNevalidnihPodataka","ExecutorUri":"executor://MSTestAdapter/v2","Source":"C:\\Users\\berin\\Source\\Repos\\VVSzadaca2\\eParking\\Testovi za zadatak 1\\bin\\Debug\\fine-code-coverage\\Testovi za zadatak 1.dll","CodeFilePath":null,"LineNumber":-1,"Properties":[{"Key":{"Id":"MSTestDiscoverer.TestClassName","Label":"ClassName","Category":"","Description":"","Attributes":1,"ValueType":"System.String"},"Value":"Testovi_za_zadatak_1.UnitTestClan"},{"Key":{"Id":"TestObject.Traits","Label":"Traits","Category":"","Description":"","Attributes":5,"ValueType":"System.Collections.Generic.KeyValuePair`2[[System.String],[System.String]][]"},"Value":[]}]},"Attachments":[],"Outcome":1,"ErrorMessage":null,"ErrorStackTrace":null,"DisplayName":null,"Messages":[],"ComputerName":null,"Duration":"00:00:00.0086130","StartTime":"2020-12-01T16:30:38.0504844+01:00","EndTime":"2020-12-01T16:30:38.0595608+01:00","Properties":[{"Key":{"Id":"ExecutionId","Label":"ExecutionId","Category":"","Description":"","Attributes":1,"ValueType":"System.Guid"},"Value":"231ecda7-a33f-4e67-8268-14b726138d7e"},{"Key":{"Id":"ParentExecId","Label":"ParentExecId","Category":"","Description":"","Attributes":1,"ValueType":"System.Guid"},"Value":"00000000-0000-0000-0000-000000000000"},{"Key":{"Id":"InnerResultsCount","Label":"InnerResultsCount","Category":"","Description":"","Attributes":1,"ValueType":"System.Int32"},"Value":5}]},{"TestCase":{"Id":"5dd993f5-6b38-97aa-ac85-30535fb6265b","FullyQualifiedName":"Testovi_za_zadatak_1.UnitTestClan.TestNevalidnihPodataka","DisplayName":"TestNevalidnihPodataka","ExecutorUri":"executor://MSTestAdapter/v2","Source":"C:\\Users\\berin\\Source\\Repos\\VVSzadaca2\\eParking\\Testovi za zadatak 1\\bin\\Debug\\fine-code-coverage\\Testovi za zadatak 1.dll","CodeFilePath":null,"LineNumber":-1,"Properties":[{"Key":{"Id":"MSTestDiscoverer.TestClassName","Label":"ClassName","Category":"","Description":"","Attributes":1,"ValueType":"System.String"},"Value":"Testovi_za_zadatak_1.UnitTestClan"},{"Key":{"Id":"TestObject.Traits","Label":"Traits","Category":"","Description":"","Attributes":5,"ValueType":"System.Collections.Generic.KeyValuePair`2[[System.String],[System.String]][]"},"Value":[]}]},"Attachments":[],"Outcome":1,"ErrorMessage":null,"ErrorStackTrace":null,"DisplayName":"TestNevalidnihPodataka (user1,,Adresa,Automobil,123-A-123,5,2022,5,1)","Messages":[],"ComputerName":null,"Duration":"00:00:00.0036258","StartTime":"2020-12-01T16:30:38.0504844+01:00","EndTime":"2020-12-01T16:30:38.0595608+01:00","Properties":[{"Key":{"Id":"ExecutionId","Label":"ExecutionId","Category":"","Description":"","Attributes":1,"ValueType":"System.Guid"},"Value":"04272357-9016-4532-ae4b-770d9cc65ede"},{"Key":{"Id":"ParentExecId","Label":"ParentExecId","Category":"","Description":"","Attributes":1,"ValueType":"System.Guid"},"Value":"231ecda7-a33f-4e67-8268-14b726138d7e"},{"Key":{"Id":"InnerResultsCount","Label":"InnerResultsCount","Category":"","Description":"","Attributes":1,"ValueType":"System.Int32"},"Value":0}]},{"TestCase":{"Id":"5dd993f5-6b38-97aa-ac85-30535fb6265b","FullyQualifiedName":"Testovi_za_zadatak_1.UnitTestClan.TestNevalidnihPodataka","DisplayName":"TestNevalidnihPodataka","ExecutorUri":"executor://MSTestAdapter/v2","Source":"C:\\Users\\berin\\Source\\Repos\\VVSzadaca2\\eParking\\Testovi za zadatak 1\\bin\\Debug\\fine-code-coverage\\Testovi za zadatak 1.dll","CodeFilePath":null,"LineNumber":-1,"Properties":[{"Key":{"Id":"MSTestDiscoverer.TestClassName","Label":"ClassName","Category":"","Description":"","Attributes":1,"ValueType":"System.String"},"Value":"Testovi_za_zadatak_1.UnitTestClan"},{"Key":{"Id":"TestObject.Traits","Label":"Traits","Category":"","Description":"","Attributes":5,"ValueType":"System.Collections.Generic.KeyValuePair`2[[System.String],[System.String]][]"},"Value":[]}]},"Attachments":[],"Outcome":1,"ErrorMessage":null,"ErrorStackTrace":null,"DisplayName":"TestNevalidnihPodataka (user1,pass,Adresa,Automobil,123-A-123,5,2022,5,1)","Messages":[],"ComputerName":null,"Duration":"00:00:00.0009916","StartTime":"2020-12-01T16:30:38.0504844+01:00","EndTime":"2020-12-01T16:30:38.0595608+01:00","Properties":[{"Key":{"Id":"ExecutionId","Label":"ExecutionId","Category":"","Description":"","Attributes":1,"ValueType":"System.Guid"},"Value":"67a7d7a7-5571-43f1-bd69-0874fec3e9c1"},{"Key":{"Id":"ParentExecId","Label":"ParentExecId","Category":"","Description":"","Attributes":1,"ValueType":"System.Guid"},"Value":"231ecda7-a33f-4e67-8268-14b726138d7e"},{"Key":{"Id":"InnerResultsCount","Label":"InnerResultsCount","Category":"","Description":"","Attributes":1,"ValueType":"System.Int32"},"Value":0}]},{"TestCase":{"Id":"5dd993f5-6b38-97aa-ac85-30535fb6265b","FullyQualifiedName":"Testovi_za_zadatak_1.UnitTestClan.TestNevalidnihPodataka","DisplayName":"TestNevalidnihPodataka","ExecutorUri":"executor://MSTestAdapter/v2","Source":"C:\\Users\\berin\\Source\\Repos\\VVSzadaca2\\eParking\\Testovi za zadatak 1\\bin\\Debug\\fine-code-coverage\\Testovi za zadatak 1.dll","CodeFilePath":null,"LineNumber":-1,"Properties":[{"Key":{"Id":"MSTestDiscoverer.TestClassName","Label":"ClassName","Category":"","Description":"","Attributes":1,"ValueType":"System.String"},"Value":"Testovi_za_zadatak_1.UnitTestClan"},{"Key":{"Id":"TestObject.Traits","Label":"Traits","Category":"","Description":"","Attributes":5,"ValueType":"System.Collections.Generic.KeyValuePair`2[[System.String],[System.String]][]"},"Value":[]}]},"Attachments":[],"Outcome":1,"ErrorMessage":null,"ErrorStackTrace":null,"DisplayName":"TestNevalidnihPodataka (user1,password12/,Adresa,Automobil,123-A-123,5,2022,5,1)","Messages":[],"ComputerName":null,"Duration":"00:00:00.0009638","StartTime":"2020-12-01T16:30:38.0504844+01:00","EndTime":"2020-12-01T16:30:38.0595608+01:00","Properties":[{"Key":{"Id":"ExecutionId","Label":"ExecutionId","Category":"","Description":"","Attributes":1,"ValueType":"System.Guid"},"Value":"8bd6a54e-086c-4c66-ab3b-bce13fcae7d6"},{"Key":{"Id":"ParentExecId","Label":"ParentExecId","Category":"","Description":"","Attributes":1,"ValueType":"System.Guid"},"Value":"231ecda7-a33f-4e67-8268-14b726138d7e"},{"Key":{"Id":"InnerResultsCount","Label":"InnerResultsCount","Category":"","Description":"","Attributes":1,"ValueType":"System.Int32"},"Value":0}]}],"TestRunStatistics":{"ExecutedTests":10,"Stats":{"Passed":10}},"ActiveTests":[]}}
TpTrace Verbose: 0 : 15008, 4, 2020/12/01, 16:30:38.125, 2631327532076, testhost.dll, TestRunCache: OnNewTestResult: Notified the onCacheHit callback.
TpTrace Verbose: 0 : 15008, 4, 2020/12/01, 16:30:38.125, 2631327534480, testhost.dll, TestExecutionRecorder.RecordEnd: test: Testovi_za_zadatak_1.UnitTestClan.TestNevalidnihPodataka execution completed.
TpTrace Warning: 0 : 15008, 4, 2020/12/01, 16:30:38.126, 2631327537069, testhost.dll, InProgressTests is null
TpTrace Verbose: 0 : 15008, 4, 2020/12/01, 16:30:38.126, 2631327539331, testhost.dll, TestExecutionRecorder.RecordResult: Received result for test: Testovi_za_zadatak_1.UnitTestClan.TestNevalidnihPodataka.
TpTrace Warning: 0 : 15008, 4, 2020/12/01, 16:30:38.126, 2631327543351, testhost.dll, InProgressTests is null
TpTrace Warning: 0 : 15008, 4, 2020/12/01, 16:30:38.127, 2631327547099, testhost.dll, TestRunCache: No test found corresponding to testResult 'TestNevalidnihPodataka  Passed' in inProgress list.
TpTrace Verbose: 0 : 15008, 4, 2020/12/01, 16:30:38.127, 2631327550089, testhost.dll, TestExecutionRecorder.RecordEnd: test: Testovi_za_zadatak_1.UnitTestClan.TestNevalidnihPodataka execution completed.
TpTrace Warning: 0 : 15008, 4, 2020/12/01, 16:30:38.127, 2631327552576, testhost.dll, InProgressTests is null
TpTrace Verbose: 0 : 15008, 4, 2020/12/01, 16:30:38.128, 2631327555088, testhost.dll, TestExecutionRecorder.RecordResult: Received result for test: Testovi_za_zadatak_1.UnitTestClan.TestNevalidnihPodataka.
TpTrace Warning: 0 : 15008, 4, 2020/12/01, 16:30:38.128, 2631327557820, testhost.dll, InProgressTests is null
TpTrace Warning: 0 : 15008, 4, 2020/12/01, 16:30:38.128, 2631327561954, testhost.dll, TestRunCache: No test found corresponding to testResult 'TestNevalidnihPodataka  Passed' in inProgress list.
TpTrace Verbose: 0 : 15008, 4, 2020/12/01, 16:30:38.129, 2631327567793, testhost.dll, TestExecutionRecorder.RecordStart: Starting test: Testovi_za_zadatak_1.UnitTestClan.TestGetMetodeClan.
TpTrace Verbose: 0 : 15008, 4, 2020/12/01, 16:30:38.136, 2631327638377, testhost.dll, TestExecutionRecorder.RecordEnd: test: Testovi_za_zadatak_1.UnitTestClan.TestGetMetodeClan execution completed.
TpTrace Verbose: 0 : 15008, 4, 2020/12/01, 16:30:38.138, 2631327663216, testhost.dll, TestExecutionRecorder.RecordResult: Received result for test: Testovi_za_zadatak_1.UnitTestClan.TestGetMetodeClan.
TpTrace Warning: 0 : 15008, 4, 2020/12/01, 16:30:38.139, 2631327667269, testhost.dll, InProgressTests is null
TpTrace Warning: 0 : 15008, 4, 2020/12/01, 16:30:38.139, 2631327670551, testhost.dll, TestRunCache: No test found corresponding to testResult 'TestGetMetodeClan  Passed' in inProgress list.
TpTrace Verbose: 0 : 15008, 4, 2020/12/01, 16:30:38.139, 2631327673850, testhost.dll, TestExecutionRecorder.RecordStart: Starting test: Testovi_za_zadatak_1.UnitTestClan.TestOtkazivanjeRezervacije.
TpTrace Verbose: 0 : 15008, 4, 2020/12/01, 16:30:38.146, 2631327737890, testhost.dll, TestExecutionRecorder.RecordEnd: test: Testovi_za_zadatak_1.UnitTestClan.TestOtkazivanjeRezervacije execution completed.
TpTrace Verbose: 0 : 15008, 4, 2020/12/01, 16:30:38.157, 2631327850778, testhost.dll, TestExecutionRecorder.RecordResult: Received result for test: Testovi_za_zadatak_1.UnitTestClan.TestOtkazivanjeRezervacije.
TpTrace Warning: 0 : 15008, 4, 2020/12/01, 16:30:38.158, 2631327855190, testhost.dll, InProgressTests is null
TpTrace Warning: 0 : 15008, 4, 2020/12/01, 16:30:38.158, 2631327858004, testhost.dll, TestRunCache: No test found corresponding to testResult 'TestOtkazivanjeRezervacije  Passed' in inProgress list.
TpTrace Verbose: 0 : 15008, 4, 2020/12/01, 16:30:38.158, 2631327860809, testhost.dll, TestExecutionRecorder.RecordStart: Starting test: Testovi_za_zadatak_1.UnitTestClanRezervacija.TestRezervacijeSaIsteklomClanarinom.
TpTrace Verbose: 0 : 15008, 4, 2020/12/01, 16:30:38.164, 2631327918555, testhost.dll, TestExecutionRecorder.RecordEnd: test: Testovi_za_zadatak_1.UnitTestClanRezervacija.TestRezervacijeSaIsteklomClanarinom execution completed.
TpTrace Verbose: 0 : 15008, 4, 2020/12/01, 16:30:38.167, 2631327944772, testhost.dll, TestExecutionRecorder.RecordResult: Received result for test: Testovi_za_zadatak_1.UnitTestClanRezervacija.TestRezervacijeSaIsteklomClanarinom.
TpTrace Warning: 0 : 15008, 4, 2020/12/01, 16:30:38.167, 2631327948603, testhost.dll, InProgressTests is null
TpTrace Warning: 0 : 15008, 4, 2020/12/01, 16:30:38.167, 2631327951255, testhost.dll, TestRunCache: No test found corresponding to testResult 'TestRezervacijeSaIsteklomClanarinom  Passed' in inProgress list.
TpTrace Verbose: 0 : 15008, 4, 2020/12/01, 16:30:38.167, 2631327953900, testhost.dll, TestExecutionRecorder.RecordStart: Starting test: Testovi_za_zadatak_1.UnitTestClanRezervacija.TestUspjesneRezervacije.
TpTrace Verbose: 0 : 15008, 4, 2020/12/01, 16:30:38.170, 2631327983788, testhost.dll, TestExecutionRecorder.RecordEnd: test: Testovi_za_zadatak_1.UnitTestClanRezervacija.TestUspjesneRezervacije execution completed.
TpTrace Verbose: 0 : 15008, 4, 2020/12/01, 16:30:38.173, 2631328008674, testhost.dll, TestExecutionRecorder.RecordResult: Received result for test: Testovi_za_zadatak_1.UnitTestClanRezervacija.TestUspjesneRezervacije.
TpTrace Warning: 0 : 15008, 4, 2020/12/01, 16:30:38.173, 2631328012191, testhost.dll, InProgressTests is null
TpTrace Warning: 0 : 15008, 4, 2020/12/01, 16:30:38.174, 2631328014958, testhost.dll, TestRunCache: No test found corresponding to testResult 'TestUspjesneRezervacije  Passed' in inProgress list.
TpTrace Verbose: 0 : 15008, 4, 2020/12/01, 16:30:38.174, 2631328017670, testhost.dll, TestExecutionRecorder.RecordStart: Starting test: Testovi_za_zadatak_1.UnitTestClanRezervacija.TestPonovneRezervacije.
TpTrace Verbose: 0 : 15008, 4, 2020/12/01, 16:30:38.177, 2631328053261, testhost.dll, TestExecutionRecorder.RecordEnd: test: Testovi_za_zadatak_1.UnitTestClanRezervacija.TestPonovneRezervacije execution completed.
TpTrace Verbose: 0 : 15008, 4, 2020/12/01, 16:30:38.181, 2631328087317, testhost.dll, TestExecutionRecorder.RecordResult: Received result for test: Testovi_za_zadatak_1.UnitTestClanRezervacija.TestPonovneRezervacije.
TpTrace Warning: 0 : 15008, 4, 2020/12/01, 16:30:38.181, 2631328092072, testhost.dll, InProgressTests is null
TpTrace Warning: 0 : 15008, 4, 2020/12/01, 16:30:38.182, 2631328095617, testhost.dll, TestRunCache: No test found corresponding to testResult 'TestPonovneRezervacije  Passed' in inProgress list.
TpTrace Verbose: 0 : 15008, 4, 2020/12/01, 16:30:38.182, 2631328100866, testhost.dll, TestExecutionRecorder.RecordStart: Starting test: Testovi_za_zadatak_1.UnitTestKorisnik.TestGetMetodeKorisnik.
TpTrace Verbose: 0 : 15008, 4, 2020/12/01, 16:30:38.188, 2631328156623, testhost.dll, TestExecutionRecorder.RecordEnd: test: Testovi_za_zadatak_1.UnitTestKorisnik.TestGetMetodeKorisnik execution completed.
TpTrace Verbose: 0 : 15008, 4, 2020/12/01, 16:30:38.190, 2631328183563, testhost.dll, TestExecutionRecorder.RecordResult: Received result for test: Testovi_za_zadatak_1.UnitTestKorisnik.TestGetMetodeKorisnik.
TpTrace Warning: 0 : 15008, 4, 2020/12/01, 16:30:38.191, 2631328188235, testhost.dll, InProgressTests is null
TpTrace Warning: 0 : 15008, 4, 2020/12/01, 16:30:38.191, 2631328191233, testhost.dll, TestRunCache: No test found corresponding to testResult 'TestGetMetodeKorisnik  Passed' in inProgress list.
TpTrace Verbose: 0 : 15008, 4, 2020/12/01, 16:30:38.191, 2631328194487, testhost.dll, TestExecutionRecorder.RecordStart: Starting test: Testovi_za_zadatak_1.UnitTestKorisnik.TestNeispravnoKorisnikoIme.
TpTrace Verbose: 0 : 15008, 4, 2020/12/01, 16:30:38.197, 2631328245875, testhost.dll, TestExecutionRecorder.RecordEnd: test: Testovi_za_zadatak_1.UnitTestKorisnik.TestNeispravnoKorisnikoIme execution completed.
TpTrace Verbose: 0 : 15008, 4, 2020/12/01, 16:30:38.200, 2631328275456, testhost.dll, TestExecutionRecorder.RecordResult: Received result for test: Testovi_za_zadatak_1.UnitTestKorisnik.TestNeispravnoKorisnikoIme.
TpTrace Warning: 0 : 15008, 4, 2020/12/01, 16:30:38.200, 2631328279905, testhost.dll, InProgressTests is null
TpTrace Warning: 0 : 15008, 4, 2020/12/01, 16:30:38.200, 2631328283029, testhost.dll, TestRunCache: No test found corresponding to testResult 'TestNeispravnoKorisnikoIme  Passed' in inProgress list.
TpTrace Verbose: 0 : 15008, 4, 2020/12/01, 16:30:38.201, 2631328286012, testhost.dll, TestExecutionRecorder.RecordStart: Starting test: Testovi_za_zadatak_1.UnitTestKorisnik.TestNeispravnaAdresa.
TpTrace Information: 0 : 15008, 4, 2020/12/01, 16:30:38.201, 2631328289562, testhost.dll, Sending test run statistics
TpTrace Verbose: 0 : 15008, 4, 2020/12/01, 16:30:38.204, 2631328316015, testhost.dll, TestRequestHandler.SendData:  sending data from testhost: {"Version":2,"MessageType":"TestExecution.StatsChange","Payload":{"NewTestResults":[{"TestCase":{"Id":"5dd993f5-6b38-97aa-ac85-30535fb6265b","FullyQualifiedName":"Testovi_za_zadatak_1.UnitTestClan.TestNevalidnihPodataka","DisplayName":"TestNevalidnihPodataka","ExecutorUri":"executor://MSTestAdapter/v2","Source":"C:\\Users\\berin\\Source\\Repos\\VVSzadaca2\\eParking\\Testovi za zadatak 1\\bin\\Debug\\fine-code-coverage\\Testovi za zadatak 1.dll","CodeFilePath":null,"LineNumber":-1,"Properties":[{"Key":{"Id":"MSTestDiscoverer.TestClassName","Label":"ClassName","Category":"","Description":"","Attributes":1,"ValueType":"System.String"},"Value":"Testovi_za_zadatak_1.UnitTestClan"},{"Key":{"Id":"TestObject.Traits","Label":"Traits","Category":"","Description":"","Attributes":5,"ValueType":"System.Collections.Generic.KeyValuePair`2[[System.String],[System.String]][]"},"Value":[]}]},"Attachments":[],"Outcome":1,"ErrorMessage":null,"ErrorStackTrace":null,"DisplayName":"TestNevalidnihPodataka (user1,123/abc/123,Adresa,Automobil,123-A-123,5,2022,5,1)","Messages":[],"ComputerName":null,"Duration":"00:00:00.0009542","StartTime":"2020-12-01T16:30:38.0504844+01:00","EndTime":"2020-12-01T16:30:38.0595608+01:00","Properties":[{"Key":{"Id":"ExecutionId","Label":"ExecutionId","Category":"","Description":"","Attributes":1,"ValueType":"System.Guid"},"Value":"2b8d81a5-0814-439a-90d1-722aaa1c72eb"},{"Key":{"Id":"ParentExecId","Label":"ParentExecId","Category":"","Description":"","Attributes":1,"ValueType":"System.Guid"},"Value":"231ecda7-a33f-4e67-8268-14b726138d7e"},{"Key":{"Id":"InnerResultsCount","Label":"InnerResultsCount","Category":"","Description":"","Attributes":1,"ValueType":"System.Int32"},"Value":0}]},{"TestCase":{"Id":"5dd993f5-6b38-97aa-ac85-30535fb6265b","FullyQualifiedName":"Testovi_za_zadatak_1.UnitTestClan.TestNevalidnihPodataka","DisplayName":"TestNevalidnihPodataka","ExecutorUri":"executor://MSTestAdapter/v2","Source":"C:\\Users\\berin\\Source\\Repos\\VVSzadaca2\\eParking\\Testovi za zadatak 1\\bin\\Debug\\fine-code-coverage\\Testovi za zadatak 1.dll","CodeFilePath":null,"LineNumber":-1,"Properties":[{"Key":{"Id":"MSTestDiscoverer.TestClassName","Label":"ClassName","Category":"","Description":"","Attributes":1,"ValueType":"System.String"},"Value":"Testovi_za_zadatak_1.UnitTestClan"},{"Key":{"Id":"TestObject.Traits","Label":"Traits","Category":"","Description":"","Attributes":5,"ValueType":"System.Collections.Generic.KeyValuePair`2[[System.String],[System.String]][]"},"Value":[]}]},"Attachments":[],"Outcome":1,"ErrorMessage":null,"ErrorStackTrace":null,"DisplayName":"TestNevalidnihPodataka (user1, 123 123 ,Adresa,Automobil,123-A-123,5,2022,5,1)","Messages":[],"ComputerName":null,"Duration":"00:00:00.0007399","StartTime":"2020-12-01T16:30:38.0504844+01:00","EndTime":"2020-12-01T16:30:38.0595608+01:00","Properties":[{"Key":{"Id":"ExecutionId","Label":"ExecutionId","Category":"","Description":"","Attributes":1,"ValueType":"System.Guid"},"Value":"d5e82ccf-1606-442d-a5a5-ae9d0d4cc1ca"},{"Key":{"Id":"ParentExecId","Label":"ParentExecId","Category":"","Description":"","Attributes":1,"ValueType":"System.Guid"},"Value":"231ecda7-a33f-4e67-8268-14b726138d7e"},{"Key":{"Id":"InnerResultsCount","Label":"InnerResultsCount","Category":"","Description":"","Attributes":1,"ValueType":"System.Int32"},"Value":0}]},{"TestCase":{"Id":"44eac80d-cdd7-fca5-6e80-d73b6917f669","FullyQualifiedName":"Testovi_za_zadatak_1.UnitTestClan.TestGetMetodeClan","DisplayName":"TestGetMetodeClan","ExecutorUri":"executor://MSTestAdapter/v2","Source":"C:\\Users\\berin\\Source\\Repos\\VVSzadaca2\\eParking\\Testovi za zadatak 1\\bin\\Debug\\fine-code-coverage\\Testovi za zadatak 1.dll","CodeFilePath":null,"LineNumber":-1,"Properties":[{"Key":{"Id":"MSTestDiscoverer.TestClassName","Label":"ClassName","Category":"","Description":"","Attributes":1,"ValueType":"System.String"},"Value":"Testovi_za_zadatak_1.UnitTestClan"},{"Key":{"Id":"TestObject.Traits","Label":"Traits","Category":"","Description":"","Attributes":5,"ValueType":"System.Collections.Generic.KeyValuePair`2[[System.String],[System.String]][]"},"Value":[]}]},"Attachments":[],"Outcome":1,"ErrorMessage":null,"ErrorStackTrace":null,"DisplayName":null,"Messages":[],"ComputerName":null,"Duration":"00:00:00.0017287","StartTime":"2020-12-01T16:30:38.1342031+01:00","EndTime":"2020-12-01T16:30:38.1363458+01:00","Properties":[{"Key":{"Id":"ExecutionId","Label":"ExecutionId","Category":"","Description":"","Attributes":1,"ValueType":"System.Guid"},"Value":"00000000-0000-0000-0000-000000000000"},{"Key":{"Id":"ParentExecId","Label":"ParentExecId","Category":"","Description":"","Attributes":1,"ValueType":"System.Guid"},"Value":"00000000-0000-0000-0000-000000000000"},{"Key":{"Id":"InnerResultsCount","Label":"InnerResultsCount","Category":"","Description":"","Attributes":1,"ValueType":"System.Int32"},"Value":0}]},{"TestCase":{"Id":"99dc0c66-cc30-f84d-e14f-fda8c3eefb71","FullyQualifiedName":"Testovi_za_zadatak_1.UnitTestClan.TestOtkazivanjeRezervacije","DisplayName":"TestOtkazivanjeRezervacije","ExecutorUri":"executor://MSTestAdapter/v2","Source":"C:\\Users\\berin\\Source\\Repos\\VVSzadaca2\\eParking\\Testovi za zadatak 1\\bin\\Debug\\fine-code-coverage\\Testovi za zadatak 1.dll","CodeFilePath":null,"LineNumber":-1,"Properties":[{"Key":{"Id":"MSTestDiscoverer.TestClassName","Label":"ClassName","Category":"","Description":"","Attributes":1,"ValueType":"System.String"},"Value":"Testovi_za_zadatak_1.UnitTestClan"},{"Key":{"Id":"TestObject.Traits","Label":"Traits","Category":"","Description":"","Attributes":5,"ValueType":"System.Collections.Generic.KeyValuePair`2[[System.String],[System.String]][]"},"Value":[]}]},"Attachments":[],"Outcome":1,"ErrorMessage":null,"ErrorStackTrace":null,"DisplayName":null,"Messages":[],"ComputerName":null,"Duration":"00:00:00.0025190","StartTime":"2020-12-01T16:30:38.1435358+01:00","EndTime":"2020-12-01T16:30:38.1462823+01:00","Properties":[{"Key":{"Id":"ExecutionId","Label":"ExecutionId","Category":"","Description":"","Attributes":1,"ValueType":"System.Guid"},"Value":"00000000-0000-0000-0000-000000000000"},{"Key":{"Id":"ParentExecId","Label":"ParentExecId","Category":"","Description":"","Attributes":1,"ValueType":"System.Guid"},"Value":"00000000-0000-0000-0000-000000000000"},{"Key":{"Id":"InnerResultsCount","Label":"InnerResultsCount","Category":"","Description":"","Attributes":1,"ValueType":"System.Int32"},"Value":0}]},{"TestCase":{"Id":"299011ac-7415-23d7-d6f1-d3bedc1edb3a","FullyQualifiedName":"Testovi_za_zadatak_1.UnitTestClanRezervacija.TestRezervacijeSaIsteklomClanarinom","DisplayName":"TestRezervacijeSaIsteklomClanarinom","ExecutorUri":"executor://MSTestAdapter/v2","Source":"C:\\Users\\berin\\Source\\Repos\\VVSzadaca2\\eParking\\Testovi za zadatak 1\\bin\\Debug\\fine-code-coverage\\Testovi za zadatak 1.dll","CodeFilePath":null,"LineNumber":-1,"Properties":[{"Key":{"Id":"MSTestDiscoverer.TestClassName","Label":"ClassName","Category":"","Description":"","Attributes":1,"ValueType":"System.String"},"Value":"Testovi_za_zadatak_1.UnitTestClanRezervacija"},{"Key":{"Id":"TestObject.Traits","Label":"Traits","Category":"","Description":"","Attributes":5,"ValueType":"System.Collections.Generic.KeyValuePair`2[[System.String],[System.String]][]"},"Value":[]}]},"Attachments":[],"Outcome":1,"ErrorMessage":null,"ErrorStackTrace":null,"DisplayName":null,"Messages":[],"ComputerName":null,"Duration":"00:00:00.0019606","StartTime":"2020-12-01T16:30:38.1609707+01:00","EndTime":"2020-12-01T16:30:38.1643374+01:00","Properties":[{"Key":{"Id":"ExecutionId","Label":"ExecutionId","Category":"","Description":"","Attributes":1,"ValueType":"System.Guid"},"Value":"00000000-0000-0000-0000-000000000000"},{"Key":{"Id":"ParentExecId","Label":"ParentExecId","Category":"","Description":"","Attributes":1,"ValueType":"System.Guid"},"Value":"00000000-0000-0000-0000-000000000000"},{"Key":{"Id":"InnerResultsCount","Label":"InnerResultsCount","Category":"","Description":"","Attributes":1,"ValueType":"System.Int32"},"Value":0}]},{"TestCase":{"Id":"26289676-f5f6-b165-cce6-7f277344567d","FullyQualifiedName":"Testovi_za_zadatak_1.UnitTestClanRezervacija.TestUspjesneRezervacije","DisplayName":"TestUspjesneRezervacije","ExecutorUri":"executor://MSTestAdapter/v2","Source":"C:\\Users\\berin\\Source\\Repos\\VVSzadaca2\\eParking\\Testovi za zadatak 1\\bin\\Debug\\fine-code-coverage\\Testovi za zadatak 1.dll","CodeFilePath":null,"LineNumber":-1,"Properties":[{"Key":{"Id":"MSTestDiscoverer.TestClassName","Label":"ClassName","Category":"","Description":"","Attributes":1,"ValueType":"System.String"},"Value":"Testovi_za_zadatak_1.UnitTestClanRezervacija"},{"Key":{"Id":"TestObject.Traits","Label":"Traits","Category":"","Description":"","Attributes":5,"ValueType":"System.Collections.Generic.KeyValuePair`2[[System.String],[System.String]][]"},"Value":[]}]},"Attachments":[],"Outcome":1,"ErrorMessage":null,"ErrorStackTrace":null,"DisplayName":null,"Messages":[],"ComputerName":null,"Duration":"00:00:00.0005200","StartTime":"2020-12-01T16:30:38.1701681+01:00","EndTime":"2020-12-01T16:30:38.1708921+01:00","Properties":[{"Key":{"Id":"ExecutionId","Label":"ExecutionId","Category":"","Description":"","Attributes":1,"ValueType":"System.Guid"},"Value":"00000000-0000-0000-0000-000000000000"},{"Key":{"Id":"ParentExecId","Label":"ParentExecId","Category":"","Description":"","Attributes":1,"ValueType":"System.Guid"},"Value":"00000000-0000-0000-0000-000000000000"},{"Key":{"Id":"InnerResultsCount","Label":"InnerResultsCount","Category":"","Description":"","Attributes":1,"ValueType":"System.Int32"},"Value":0}]},{"TestCase":{"Id":"2e9d8e30-3d90-c82b-c3b3-94c890e2c788","FullyQualifiedName":"Testovi_za_zadatak_1.UnitTestClanRezervacija.TestPonovneRezervacije","DisplayName":"TestPonovneRezervacije","ExecutorUri":"executor://MSTestAdapter/v2","Source":"C:\\Users\\berin\\Source\\Repos\\VVSzadaca2\\eParking\\Testovi za zadatak 1\\bin\\Debug\\fine-code-coverage\\Testovi za zadatak 1.dll","CodeFilePath":null,"LineNumber":-1,"Properties":[{"Key":{"Id":"MSTestDiscoverer.TestClassName","Label":"ClassName","Category":"","Description":"","Attributes":1,"ValueType":"System.String"},"Value":"Testovi_za_zadatak_1.UnitTestClanRezervacija"},{"Key":{"Id":"TestObject.Traits","Label":"Traits","Category":"","Description":"","Attributes":5,"ValueType":"System.Collections.Generic.KeyValuePair`2[[System.String],[System.String]][]"},"Value":[]}]},"Attachments":[],"Outcome":1,"ErrorMessage":null,"ErrorStackTrace":null,"DisplayName":null,"Messages":[],"ComputerName":null,"Duration":"00:00:00.0010371","StartTime":"2020-12-01T16:30:38.1765361+01:00","EndTime":"2020-12-01T16:30:38.177837+01:00","Properties":[{"Key":{"Id":"ExecutionId","Label":"ExecutionId","Category":"","Description":"","Attributes":1,"ValueType":"System.Guid"},"Value":"00000000-0000-0000-0000-000000000000"},{"Key":{"Id":"ParentExecId","Label":"ParentExecId","Category":"","Description":"","Attributes":1,"ValueType":"System.Guid"},"Value":"00000000-0000-0000-0000-000000000000"},{"Key":{"Id":"InnerResultsCount","Label":"InnerResultsCount","Category":"","Description":"","Attributes":1,"ValueType":"System.Int32"},"Value":0}]},{"TestCase":{"Id":"b3936bb5-bbdf-113f-48d5-a93c1a363c30","FullyQualifiedName":"Testovi_za_zadatak_1.UnitTestKorisnik.TestGetMetodeKorisnik","DisplayName":"TestGetMetodeKorisnik","ExecutorUri":"executor://MSTestAdapter/v2","Source":"C:\\Users\\berin\\Source\\Repos\\VVSzadaca2\\eParking\\Testovi za zadatak 1\\bin\\Debug\\fine-code-coverage\\Testovi za zadatak 1.dll","CodeFilePath":null,"LineNumber":-1,"Properties":[{"Key":{"Id":"MSTestDiscoverer.TestClassName","Label":"ClassName","Category":"","Description":"","Attributes":1,"ValueType":"System.String"},"Value":"Testovi_za_zadatak_1.UnitTestKorisnik"},{"Key":{"Id":"TestObject.Traits","Label":"Traits","Category":"","Description":"","Attributes":5,"ValueType":"System.Collections.Generic.KeyValuePair`2[[System.String],[System.String]][]"},"Value":[]}]},"Attachments":[],"Outcome":1,"ErrorMessage":null,"ErrorStackTrace":null,"DisplayName":null,"Messages":[],"ComputerName":null,"Duration":"00:00:00.0014206","StartTime":"2020-12-01T16:30:38.1856942+01:00","EndTime":"2020-12-01T16:30:38.1881627+01:00","Properties":[{"Key":{"Id":"ExecutionId","Label":"ExecutionId","Category":"","Description":"","Attributes":1,"ValueType":"System.Guid"},"Value":"00000000-0000-0000-0000-000000000000"},{"Key":{"Id":"ParentExecId","Label":"ParentExecId","Category":"","Description":"","Attributes":1,"ValueType":"System.Guid"},"Value":"00000000-0000-0000-0000-000000000000"},{"Key":{"Id":"InnerResultsCount","Label":"InnerResultsCount","Category":"","Description":"","Attributes":1,"ValueType":"System.Int32"},"Value":0}]},{"TestCase":{"Id":"e911a22d-653b-66d6-1ab2-f1ad4fd20515","FullyQualifiedName":"Testovi_za_zadatak_1.UnitTestKorisnik.TestNeispravnoKorisnikoIme","DisplayName":"TestNeispravnoKorisnikoIme","ExecutorUri":"executor://MSTestAdapter/v2","Source":"C:\\Users\\berin\\Source\\Repos\\VVSzadaca2\\eParking\\Testovi za zadatak 1\\bin\\Debug\\fine-code-coverage\\Testovi za zadatak 1.dll","CodeFilePath":null,"LineNumber":-1,"Properties":[{"Key":{"Id":"MSTestDiscoverer.TestClassName","Label":"ClassName","Category":"","Description":"","Attributes":1,"ValueType":"System.String"},"Value":"Testovi_za_zadatak_1.UnitTestKorisnik"},{"Key":{"Id":"TestObject.Traits","Label":"Traits","Category":"","Description":"","Attributes":5,"ValueType":"System.Collections.Generic.KeyValuePair`2[[System.String],[System.String]][]"},"Value":[]}]},"Attachments":[],"Outcome":1,"ErrorMessage":null,"ErrorStackTrace":null,"DisplayName":null,"Messages":[],"ComputerName":null,"Duration":"00:00:00.0010964","StartTime":"2020-12-01T16:30:38.1956838+01:00","EndTime":"2020-12-01T16:30:38.197092+01:00","Properties":[{"Key":{"Id":"ExecutionId","Label":"ExecutionId","Category":"","Description":"","Attributes":1,"ValueType":"System.Guid"},"Value":"00000000-0000-0000-0000-000000000000"},{"Key":{"Id":"ParentExecId","Label":"ParentExecId","Category":"","Description":"","Attributes":1,"ValueType":"System.Guid"},"Value":"00000000-0000-0000-0000-000000000000"},{"Key":{"Id":"InnerResultsCount","Label":"InnerResultsCount","Category":"","Description":"","Attributes":1,"ValueType":"System.Int32"},"Value":0}]}],"TestRunStatistics":{"ExecutedTests":19,"Stats":{"Passed":19}},"ActiveTests":[{"Id":"c705025b-f2a2-f75d-6173-2aa005ee1337","FullyQualifiedName":"Testovi_za_zadatak_1.UnitTestKorisnik.TestNeispravnaAdresa","DisplayName":"TestNeispravnaAdresa","ExecutorUri":"executor://MSTestAdapter/v2","Source":"C:\\Users\\berin\\Source\\Repos\\VVSzadaca2\\eParking\\Testovi za zadatak 1\\bin\\Debug\\fine-code-coverage\\Testovi za zadatak 1.dll","CodeFilePath":null,"LineNumber":-1,"Properties":[{"Key":{"Id":"MSTestDiscoverer.TestClassName","Label":"ClassName","Category":"","Description":"","Attributes":1,"ValueType":"System.String"},"Value":"Testovi_za_zadatak_1.UnitTestKorisnik"},{"Key":{"Id":"TestObject.Traits","Label":"Traits","Category":"","Description":"","Attributes":5,"ValueType":"System.Collections.Generic.KeyValuePair`2[[System.String],[System.String]][]"},"Value":[]}]}]}}
TpTrace Verbose: 0 : 15008, 4, 2020/12/01, 16:30:38.205, 2631328332219, testhost.dll, TestRunCache: OnNewTestResult: Notified the onCacheHit callback.
TpTrace Verbose: 0 : 15008, 4, 2020/12/01, 16:30:38.209, 2631328372932, testhost.dll, TestExecutionRecorder.RecordEnd: test: Testovi_za_zadatak_1.UnitTestKorisnik.TestNeispravnaAdresa execution completed.
TpTrace Warning: 0 : 15008, 4, 2020/12/01, 16:30:38.210, 2631328376651, testhost.dll, InProgressTests is null
TpTrace Verbose: 0 : 15008, 4, 2020/12/01, 16:30:38.212, 2631328404014, testhost.dll, TestExecutionRecorder.RecordResult: Received result for test: Testovi_za_zadatak_1.UnitTestKorisnik.TestNeispravnaAdresa.
TpTrace Warning: 0 : 15008, 4, 2020/12/01, 16:30:38.213, 2631328408417, testhost.dll, InProgressTests is null
TpTrace Warning: 0 : 15008, 4, 2020/12/01, 16:30:38.213, 2631328411398, testhost.dll, TestRunCache: No test found corresponding to testResult 'TestNeispravnaAdresa  Passed' in inProgress list.
TpTrace Verbose: 0 : 15008, 4, 2020/12/01, 16:30:38.213, 2631328414400, testhost.dll, TestExecutionRecorder.RecordStart: Starting test: Testovi_za_zadatak_1.UnitTestKorisnikLogovanje.TestUpjesnogLogovanjaPrviPut.
TpTrace Verbose: 0 : 15008, 4, 2020/12/01, 16:30:38.218, 2631328458390, testhost.dll, TestExecutionRecorder.RecordEnd: test: Testovi_za_zadatak_1.UnitTestKorisnikLogovanje.TestUpjesnogLogovanjaPrviPut execution completed.
TpTrace Verbose: 0 : 15008, 4, 2020/12/01, 16:30:38.221, 2631328486113, testhost.dll, TestExecutionRecorder.RecordResult: Received result for test: Testovi_za_zadatak_1.UnitTestKorisnikLogovanje.TestUpjesnogLogovanjaPrviPut.
TpTrace Warning: 0 : 15008, 4, 2020/12/01, 16:30:38.221, 2631328491216, testhost.dll, InProgressTests is null
TpTrace Warning: 0 : 15008, 4, 2020/12/01, 16:30:38.221, 2631328494367, testhost.dll, TestRunCache: No test found corresponding to testResult 'TestUpjesnogLogovanjaPrviPut  Passed' in inProgress list.
TpTrace Verbose: 0 : 15008, 4, 2020/12/01, 16:30:38.222, 2631328497482, testhost.dll, TestExecutionRecorder.RecordStart: Starting test: Testovi_za_zadatak_1.UnitTestKorisnikLogovanje.TestNeuspjesnogLogovanja.
TpTrace Verbose: 0 : 15008, 4, 2020/12/01, 16:30:38.225, 2631328529702, testhost.dll, TestExecutionRecorder.RecordEnd: test: Testovi_za_zadatak_1.UnitTestKorisnikLogovanje.TestNeuspjesnogLogovanja execution completed.
TpTrace Verbose: 0 : 15008, 4, 2020/12/01, 16:30:38.228, 2631328560164, testhost.dll, TestExecutionRecorder.RecordResult: Received result for test: Testovi_za_zadatak_1.UnitTestKorisnikLogovanje.TestNeuspjesnogLogovanja.
TpTrace Warning: 0 : 15008, 4, 2020/12/01, 16:30:38.229, 2631328564798, testhost.dll, InProgressTests is null
TpTrace Warning: 0 : 15008, 4, 2020/12/01, 16:30:38.229, 2631328573091, testhost.dll, TestRunCache: No test found corresponding to testResult 'TestNeuspjesnogLogovanja  Passed' in inProgress list.
TpTrace Verbose: 0 : 15008, 4, 2020/12/01, 16:30:38.230, 2631328576023, testhost.dll, TestExecutionRecorder.RecordStart: Starting test: Testovi_za_zadatak_1.UnitTestLokacija.TestUspjenaRezervacija.
TpTrace Verbose: 0 : 15008, 4, 2020/12/01, 16:30:38.234, 2631328623566, testhost.dll, TestExecutionRecorder.RecordEnd: test: Testovi_za_zadatak_1.UnitTestLokacija.TestUspjenaRezervacija execution completed.
TpTrace Verbose: 0 : 15008, 4, 2020/12/01, 16:30:38.238, 2631328658617, testhost.dll, TestExecutionRecorder.RecordResult: Received result for test: Testovi_za_zadatak_1.UnitTestLokacija.TestUspjenaRezervacija.
TpTrace Warning: 0 : 15008, 4, 2020/12/01, 16:30:38.239, 2631328664912, testhost.dll, InProgressTests is null
TpTrace Warning: 0 : 15008, 4, 2020/12/01, 16:30:38.239, 2631328672386, testhost.dll, TestRunCache: No test found corresponding to testResult 'TestUspjenaRezervacija  Passed' in inProgress list.
TpTrace Verbose: 0 : 15008, 4, 2020/12/01, 16:30:38.240, 2631328679851, testhost.dll, TestExecutionRecorder.RecordStart: Starting test: Testovi_za_zadatak_1.UnitTestLokacija.TestRezervacijaParkingaSaIsteklomlanarinom.
TpTrace Verbose: 0 : 15008, 4, 2020/12/01, 16:30:38.246, 2631328734770, testhost.dll, TestExecutionRecorder.RecordEnd: test: Testovi_za_zadatak_1.UnitTestLokacija.TestRezervacijaParkingaSaIsteklomlanarinom execution completed.
TpTrace Verbose: 0 : 15008, 4, 2020/12/01, 16:30:38.248, 2631328761042, testhost.dll, TestExecutionRecorder.RecordResult: Received result for test: Testovi_za_zadatak_1.UnitTestLokacija.TestRezervacijaParkingaSaIsteklomlanarinom.
TpTrace Warning: 0 : 15008, 4, 2020/12/01, 16:30:38.249, 2631328765465, testhost.dll, InProgressTests is null
TpTrace Warning: 0 : 15008, 4, 2020/12/01, 16:30:38.249, 2631328768415, testhost.dll, TestRunCache: No test found corresponding to testResult 'TestRezervacijaParkingaSaIsteklomlanarinom  Passed' in inProgress list.
TpTrace Verbose: 0 : 15008, 4, 2020/12/01, 16:30:38.249, 2631328771271, testhost.dll, TestExecutionRecorder.RecordStart: Starting test: Testovi_za_zadatak_1.UnitTestLokacija.TestRezervacijaParkingaSaZauzetimMjestima.
TpTrace Verbose: 0 : 15008, 4, 2020/12/01, 16:30:38.253, 2631328808364, testhost.dll, TestExecutionRecorder.RecordEnd: test: Testovi_za_zadatak_1.UnitTestLokacija.TestRezervacijaParkingaSaZauzetimMjestima execution completed.
TpTrace Verbose: 0 : 15008, 4, 2020/12/01, 16:30:38.256, 2631328839938, testhost.dll, TestExecutionRecorder.RecordResult: Received result for test: Testovi_za_zadatak_1.UnitTestLokacija.TestRezervacijaParkingaSaZauzetimMjestima.
TpTrace Warning: 0 : 15008, 4, 2020/12/01, 16:30:38.256, 2631328844047, testhost.dll, InProgressTests is null
TpTrace Warning: 0 : 15008, 4, 2020/12/01, 16:30:38.257, 2631328847023, testhost.dll, TestRunCache: No test found corresponding to testResult 'TestRezervacijaParkingaSaZauzetimMjestima  Passed' in inProgress list.
TpTrace Verbose: 0 : 15008, 4, 2020/12/01, 16:30:38.257, 2631328849916, testhost.dll, TestExecutionRecorder.RecordStart: Starting test: Testovi_za_zadatak_1.UnitTestLokacija3.TestIzuzetakPriSvimZauzetimMjestima.
TpTrace Verbose: 0 : 15008, 4, 2020/12/01, 16:30:38.262, 2631328894782, testhost.dll, TestExecutionRecorder.RecordEnd: test: Testovi_za_zadatak_1.UnitTestLokacija3.TestIzuzetakPriSvimZauzetimMjestima execution completed.
TpTrace Verbose: 0 : 15008, 4, 2020/12/01, 16:30:38.264, 2631328920247, testhost.dll, TestExecutionRecorder.RecordResult: Received result for test: Testovi_za_zadatak_1.UnitTestLokacija3.TestIzuzetakPriSvimZauzetimMjestima.
TpTrace Warning: 0 : 15008, 4, 2020/12/01, 16:30:38.264, 2631328923976, testhost.dll, InProgressTests is null
TpTrace Warning: 0 : 15008, 4, 2020/12/01, 16:30:38.265, 2631328927427, testhost.dll, TestRunCache: No test found corresponding to testResult 'TestIzuzetakPriSvimZauzetimMjestima  Passed' in inProgress list.
TpTrace Verbose: 0 : 15008, 4, 2020/12/01, 16:30:38.265, 2631328930690, testhost.dll, TestExecutionRecorder.RecordStart: Starting test: Testovi_za_zadatak_1.UnitTestLokacija3.TestOslobodiZauzetoMjesto.
TpTrace Verbose: 0 : 15008, 4, 2020/12/01, 16:30:38.268, 2631328964142, testhost.dll, TestExecutionRecorder.RecordEnd: test: Testovi_za_zadatak_1.UnitTestLokacija3.TestOslobodiZauzetoMjesto execution completed.
TpTrace Verbose: 0 : 15008, 4, 2020/12/01, 16:30:38.271, 2631328989300, testhost.dll, TestExecutionRecorder.RecordResult: Received result for test: Testovi_za_zadatak_1.UnitTestLokacija3.TestOslobodiZauzetoMjesto.
TpTrace Warning: 0 : 15008, 4, 2020/12/01, 16:30:38.271, 2631328993258, testhost.dll, InProgressTests is null
TpTrace Warning: 0 : 15008, 4, 2020/12/01, 16:30:38.272, 2631328996166, testhost.dll, TestRunCache: No test found corresponding to testResult 'TestOslobodiZauzetoMjesto  Passed' in inProgress list.
TpTrace Verbose: 0 : 15008, 4, 2020/12/01, 16:30:38.272, 2631328998977, testhost.dll, TestExecutionRecorder.RecordStart: Starting test: Testovi_za_zadatak_1.UnitTestLokacija3.TestGetMetodeLokacija.
TpTrace Verbose: 0 : 15008, 4, 2020/12/01, 16:30:38.276, 2631329041312, testhost.dll, TestExecutionRecorder.RecordEnd: test: Testovi_za_zadatak_1.UnitTestLokacija3.TestGetMetodeLokacija execution completed.
TpTrace Verbose: 0 : 15008, 4, 2020/12/01, 16:30:38.279, 2631329069421, testhost.dll, TestExecutionRecorder.RecordResult: Received result for test: Testovi_za_zadatak_1.UnitTestLokacija3.TestGetMetodeLokacija.
TpTrace Warning: 0 : 15008, 4, 2020/12/01, 16:30:38.279, 2631329073442, testhost.dll, InProgressTests is null
TpTrace Warning: 0 : 15008, 4, 2020/12/01, 16:30:38.280, 2631329076366, testhost.dll, TestRunCache: No test found corresponding to testResult 'TestGetMetodeLokacija  Passed' in inProgress list.
TpTrace Verbose: 0 : 15008, 4, 2020/12/01, 16:30:38.280, 2631329079256, testhost.dll, TestExecutionRecorder.RecordStart: Starting test: Testovi_za_zadatak_1.UnitTestLokacija3.TestNeispravanFormatNaziva.
TpTrace Information: 0 : 15008, 4, 2020/12/01, 16:30:38.280, 2631329081907, testhost.dll, Sending test run statistics
TpTrace Verbose: 0 : 15008, 4, 2020/12/01, 16:30:38.283, 2631329106779, testhost.dll, TestRequestHandler.SendData:  sending data from testhost: {"Version":2,"MessageType":"TestExecution.StatsChange","Payload":{"NewTestResults":[{"TestCase":{"Id":"c705025b-f2a2-f75d-6173-2aa005ee1337","FullyQualifiedName":"Testovi_za_zadatak_1.UnitTestKorisnik.TestNeispravnaAdresa","DisplayName":"TestNeispravnaAdresa","ExecutorUri":"executor://MSTestAdapter/v2","Source":"C:\\Users\\berin\\Source\\Repos\\VVSzadaca2\\eParking\\Testovi za zadatak 1\\bin\\Debug\\fine-code-coverage\\Testovi za zadatak 1.dll","CodeFilePath":null,"LineNumber":-1,"Properties":[{"Key":{"Id":"MSTestDiscoverer.TestClassName","Label":"ClassName","Category":"","Description":"","Attributes":1,"ValueType":"System.String"},"Value":"Testovi_za_zadatak_1.UnitTestKorisnik"},{"Key":{"Id":"TestObject.Traits","Label":"Traits","Category":"","Description":"","Attributes":5,"ValueType":"System.Collections.Generic.KeyValuePair`2[[System.String],[System.String]][]"},"Value":[]}]},"Attachments":[],"Outcome":1,"ErrorMessage":null,"ErrorStackTrace":null,"DisplayName":null,"Messages":[],"ComputerName":null,"Duration":"00:00:00.0011546","StartTime":"2020-12-01T16:30:38.2083381+01:00","EndTime":"2020-12-01T16:30:38.2097975+01:00","Properties":[{"Key":{"Id":"ExecutionId","Label":"ExecutionId","Category":"","Description":"","Attributes":1,"ValueType":"System.Guid"},"Value":"00000000-0000-0000-0000-000000000000"},{"Key":{"Id":"ParentExecId","Label":"ParentExecId","Category":"","Description":"","Attributes":1,"ValueType":"System.Guid"},"Value":"00000000-0000-0000-0000-000000000000"},{"Key":{"Id":"InnerResultsCount","Label":"InnerResultsCount","Category":"","Description":"","Attributes":1,"ValueType":"System.Int32"},"Value":0}]},{"TestCase":{"Id":"a3a68d94-364e-5f1a-ff39-0fea6c463b42","FullyQualifiedName":"Testovi_za_zadatak_1.UnitTestKorisnikLogovanje.TestUpjesnogLogovanjaPrviPut","DisplayName":"TestUpjesnogLogovanjaPrviPut","ExecutorUri":"executor://MSTestAdapter/v2","Source":"C:\\Users\\berin\\Source\\Repos\\VVSzadaca2\\eParking\\Testovi za zadatak 1\\bin\\Debug\\fine-code-coverage\\Testovi za zadatak 1.dll","CodeFilePath":null,"LineNumber":-1,"Properties":[{"Key":{"Id":"MSTestDiscoverer.TestClassName","Label":"ClassName","Category":"","Description":"","Attributes":1,"ValueType":"System.String"},"Value":"Testovi_za_zadatak_1.UnitTestKorisnikLogovanje"},{"Key":{"Id":"TestObject.Traits","Label":"Traits","Category":"","Description":"","Attributes":5,"ValueType":"System.Collections.Generic.KeyValuePair`2[[System.String],[System.String]][]"},"Value":[]}]},"Attachments":[],"Outcome":1,"ErrorMessage":null,"ErrorStackTrace":null,"DisplayName":null,"Messages":[],"ComputerName":null,"Duration":"00:00:00.0010974","StartTime":"2020-12-01T16:30:38.2165668+01:00","EndTime":"2020-12-01T16:30:38.2183473+01:00","Properties":[{"Key":{"Id":"ExecutionId","Label":"ExecutionId","Category":"","Description":"","Attributes":1,"ValueType":"System.Guid"},"Value":"00000000-0000-0000-0000-000000000000"},{"Key":{"Id":"ParentExecId","Label":"ParentExecId","Category":"","Description":"","Attributes":1,"ValueType":"System.Guid"},"Value":"00000000-0000-0000-0000-000000000000"},{"Key":{"Id":"InnerResultsCount","Label":"InnerResultsCount","Category":"","Description":"","Attributes":1,"ValueType":"System.Int32"},"Value":0}]},{"TestCase":{"Id":"c2037a1e-cc4d-0a95-b14e-1b799d125afa","FullyQualifiedName":"Testovi_za_zadatak_1.UnitTestKorisnikLogovanje.TestNeuspjesnogLogovanja","DisplayName":"TestNeuspjesnogLogovanja","ExecutorUri":"executor://MSTestAdapter/v2","Source":"C:\\Users\\berin\\Source\\Repos\\VVSzadaca2\\eParking\\Testovi za zadatak 1\\bin\\Debug\\fine-code-coverage\\Testovi za zadatak 1.dll","CodeFilePath":null,"LineNumber":-1,"Properties":[{"Key":{"Id":"MSTestDiscoverer.TestClassName","Label":"ClassName","Category":"","Description":"","Attributes":1,"ValueType":"System.String"},"Value":"Testovi_za_zadatak_1.UnitTestKorisnikLogovanje"},{"Key":{"Id":"TestObject.Traits","Label":"Traits","Category":"","Description":"","Attributes":5,"ValueType":"System.Collections.Generic.KeyValuePair`2[[System.String],[System.String]][]"},"Value":[]}]},"Attachments":[],"Outcome":1,"ErrorMessage":null,"ErrorStackTrace":null,"DisplayName":null,"Messages":[],"ComputerName":null,"Duration":"00:00:00.0004230","StartTime":"2020-12-01T16:30:38.2248026+01:00","EndTime":"2020-12-01T16:30:38.2254676+01:00","Properties":[{"Key":{"Id":"ExecutionId","Label":"ExecutionId","Category":"","Description":"","Attributes":1,"ValueType":"System.Guid"},"Value":"00000000-0000-0000-0000-000000000000"},{"Key":{"Id":"ParentExecId","Label":"ParentExecId","Category":"","Description":"","Attributes":1,"ValueType":"System.Guid"},"Value":"00000000-0000-0000-0000-000000000000"},{"Key":{"Id":"InnerResultsCount","Label":"InnerResultsCount","Category":"","Description":"","Attributes":1,"ValueType":"System.Int32"},"Value":0}]},{"TestCase":{"Id":"fb4821e6-24a4-0ae0-b05b-61a7e78ce992","FullyQualifiedName":"Testovi_za_zadatak_1.UnitTestLokacija.TestUspjenaRezervacija","DisplayName":"TestUspjenaRezervacija","ExecutorUri":"executor://MSTestAdapter/v2","Source":"C:\\Users\\berin\\Source\\Repos\\VVSzadaca2\\eParking\\Testovi za zadatak 1\\bin\\Debug\\fine-code-coverage\\Testovi za zadatak 1.dll","CodeFilePath":null,"LineNumber":-1,"Properties":[{"Key":{"Id":"MSTestDiscoverer.TestClassName","Label":"ClassName","Category":"","Description":"","Attributes":1,"ValueType":"System.String"},"Value":"Testovi_za_zadatak_1.UnitTestLokacija"},{"Key":{"Id":"TestObject.Traits","Label":"Traits","Category":"","Description":"","Attributes":5,"ValueType":"System.Collections.Generic.KeyValuePair`2[[System.String],[System.String]][]"},"Value":[]}]},"Attachments":[],"Outcome":1,"ErrorMessage":null,"ErrorStackTrace":null,"DisplayName":null,"Messages":[],"ComputerName":null,"Duration":"00:00:00.0004190","StartTime":"2020-12-01T16:30:38.2336667+01:00","EndTime":"2020-12-01T16:30:38.2348718+01:00","Properties":[{"Key":{"Id":"ExecutionId","Label":"ExecutionId","Category":"","Description":"","Attributes":1,"ValueType":"System.Guid"},"Value":"00000000-0000-0000-0000-000000000000"},{"Key":{"Id":"ParentExecId","Label":"ParentExecId","Category":"","Description":"","Attributes":1,"ValueType":"System.Guid"},"Value":"00000000-0000-0000-0000-000000000000"},{"Key":{"Id":"InnerResultsCount","Label":"InnerResultsCount","Category":"","Description":"","Attributes":1,"ValueType":"System.Int32"},"Value":0}]},{"TestCase":{"Id":"eb29726f-f8bf-521a-f673-84633ec4e8fa","FullyQualifiedName":"Testovi_za_zadatak_1.UnitTestLokacija.TestRezervacijaParkingaSaIsteklomlanarinom","DisplayName":"TestRezervacijaParkingaSaIsteklomlanarinom","ExecutorUri":"executor://MSTestAdapter/v2","Source":"C:\\Users\\berin\\Source\\Repos\\VVSzadaca2\\eParking\\Testovi za zadatak 1\\bin\\Debug\\fine-code-coverage\\Testovi za zadatak 1.dll","CodeFilePath":null,"LineNumber":-1,"Properties":[{"Key":{"Id":"MSTestDiscoverer.TestClassName","Label":"ClassName","Category":"","Description":"","Attributes":1,"ValueType":"System.String"},"Value":"Testovi_za_zadatak_1.UnitTestLokacija"},{"Key":{"Id":"TestObject.Traits","Label":"Traits","Category":"","Description":"","Attributes":5,"ValueType":"System.Collections.Generic.KeyValuePair`2[[System.String],[System.String]][]"},"Value":[]}]},"Attachments":[],"Outcome":1,"ErrorMessage":null,"ErrorStackTrace":null,"DisplayName":null,"Messages":[],"ComputerName":null,"Duration":"00:00:00.0011449","StartTime":"2020-12-01T16:30:38.244502+01:00","EndTime":"2020-12-01T16:30:38.245985+01:00","Properties":[{"Key":{"Id":"ExecutionId","Label":"ExecutionId","Category":"","Description":"","Attributes":1,"ValueType":"System.Guid"},"Value":"00000000-0000-0000-0000-000000000000"},{"Key":{"Id":"ParentExecId","Label":"ParentExecId","Category":"","Description":"","Attributes":1,"ValueType":"System.Guid"},"Value":"00000000-0000-0000-0000-000000000000"},{"Key":{"Id":"InnerResultsCount","Label":"InnerResultsCount","Category":"","Description":"","Attributes":1,"ValueType":"System.Int32"},"Value":0}]},{"TestCase":{"Id":"8f2373a6-042c-d23e-ab37-bbc863bb19b0","FullyQualifiedName":"Testovi_za_zadatak_1.UnitTestLokacija.TestRezervacijaParkingaSaZauzetimMjestima","DisplayName":"TestRezervacijaParkingaSaZauzetimMjestima","ExecutorUri":"executor://MSTestAdapter/v2","Source":"C:\\Users\\berin\\Source\\Repos\\VVSzadaca2\\eParking\\Testovi za zadatak 1\\bin\\Debug\\fine-code-coverage\\Testovi za zadatak 1.dll","CodeFilePath":null,"LineNumber":-1,"Properties":[{"Key":{"Id":"MSTestDiscoverer.TestClassName","Label":"ClassName","Category":"","Description":"","Attributes":1,"ValueType":"System.String"},"Value":"Testovi_za_zadatak_1.UnitTestLokacija"},{"Key":{"Id":"TestObject.Traits","Label":"Traits","Category":"","Description":"","Attributes":5,"ValueType":"System.Collections.Generic.KeyValuePair`2[[System.String],[System.String]][]"},"Value":[]}]},"Attachments":[],"Outcome":1,"ErrorMessage":null,"ErrorStackTrace":null,"DisplayName":null,"Messages":[],"ComputerName":null,"Duration":"00:00:00.0010062","StartTime":"2020-12-01T16:30:38.2520436+01:00","EndTime":"2020-12-01T16:30:38.2533468+01:00","Properties":[{"Key":{"Id":"ExecutionId","Label":"ExecutionId","Category":"","Description":"","Attributes":1,"ValueType":"System.Guid"},"Value":"00000000-0000-0000-0000-000000000000"},{"Key":{"Id":"ParentExecId","Label":"ParentExecId","Category":"","Description":"","Attributes":1,"ValueType":"System.Guid"},"Value":"00000000-0000-0000-0000-000000000000"},{"Key":{"Id":"InnerResultsCount","Label":"InnerResultsCount","Category":"","Description":"","Attributes":1,"ValueType":"System.Int32"},"Value":0}]},{"TestCase":{"Id":"829afae9-2cd0-1627-2ab6-65996b6dc80c","FullyQualifiedName":"Testovi_za_zadatak_1.UnitTestLokacija3.TestIzuzetakPriSvimZauzetimMjestima","DisplayName":"TestIzuzetakPriSvimZauzetimMjestima","ExecutorUri":"executor://MSTestAdapter/v2","Source":"C:\\Users\\berin\\Source\\Repos\\VVSzadaca2\\eParking\\Testovi za zadatak 1\\bin\\Debug\\fine-code-coverage\\Testovi za zadatak 1.dll","CodeFilePath":null,"LineNumber":-1,"Properties":[{"Key":{"Id":"MSTestDiscoverer.TestClassName","Label":"ClassName","Category":"","Description":"","Attributes":1,"ValueType":"System.String"},"Value":"Testovi_za_zadatak_1.UnitTestLokacija3"},{"Key":{"Id":"TestObject.Traits","Label":"Traits","Category":"","Description":"","Attributes":5,"ValueType":"System.Collections.Generic.KeyValuePair`2[[System.String],[System.String]][]"},"Value":[]}]},"Attachments":[],"Outcome":1,"ErrorMessage":null,"ErrorStackTrace":null,"DisplayName":null,"Messages":[],"ComputerName":null,"Duration":"00:00:00.0011188","StartTime":"2020-12-01T16:30:38.2599155+01:00","EndTime":"2020-12-01T16:30:38.2619759+01:00","Properties":[{"Key":{"Id":"ExecutionId","Label":"ExecutionId","Category":"","Description":"","Attributes":1,"ValueType":"System.Guid"},"Value":"00000000-0000-0000-0000-000000000000"},{"Key":{"Id":"ParentExecId","Label":"ParentExecId","Category":"","Description":"","Attributes":1,"ValueType":"System.Guid"},"Value":"00000000-0000-0000-0000-000000000000"},{"Key":{"Id":"InnerResultsCount","Label":"InnerResultsCount","Category":"","Description":"","Attributes":1,"ValueType":"System.Int32"},"Value":0}]},{"TestCase":{"Id":"6fe0f35f-1b6a-f8ef-aaf0-14fc928bcbbc","FullyQualifiedName":"Testovi_za_zadatak_1.UnitTestLokacija3.TestOslobodiZauzetoMjesto","DisplayName":"TestOslobodiZauzetoMjesto","ExecutorUri":"executor://MSTestAdapter/v2","Source":"C:\\Users\\berin\\Source\\Repos\\VVSzadaca2\\eParking\\Testovi za zadatak 1\\bin\\Debug\\fine-code-coverage\\Testovi za zadatak 1.dll","CodeFilePath":null,"LineNumber":-1,"Properties":[{"Key":{"Id":"MSTestDiscoverer.TestClassName","Label":"ClassName","Category":"","Description":"","Attributes":1,"ValueType":"System.String"},"Value":"Testovi_za_zadatak_1.UnitTestLokacija3"},{"Key":{"Id":"TestObject.Traits","Label":"Traits","Category":"","Description":"","Attributes":5,"ValueType":"System.Collections.Generic.KeyValuePair`2[[System.String],[System.String]][]"},"Value":[]}]},"Attachments":[],"Outcome":1,"ErrorMessage":null,"ErrorStackTrace":null,"DisplayName":null,"Messages":[],"ComputerName":null,"Duration":"00:00:00.0005924","StartTime":"2020-12-01T16:30:38.2681228+01:00","EndTime":"2020-12-01T16:30:38.2689193+01:00","Properties":[{"Key":{"Id":"ExecutionId","Label":"ExecutionId","Category":"","Description":"","Attributes":1,"ValueType":"System.Guid"},"Value":"00000000-0000-0000-0000-000000000000"},{"Key":{"Id":"ParentExecId","Label":"ParentExecId","Category":"","Description":"","Attributes":1,"ValueType":"System.Guid"},"Value":"00000000-0000-0000-0000-000000000000"},{"Key":{"Id":"InnerResultsCount","Label":"InnerResultsCount","Category":"","Description":"","Attributes":1,"ValueType":"System.Int32"},"Value":0}]},{"TestCase":{"Id":"b05f3e55-b4a3-9f33-70ae-081183b2919b","FullyQualifiedName":"Testovi_za_zadatak_1.UnitTestLokacija3.TestGetMetodeLokacija","DisplayName":"TestGetMetodeLokacija","ExecutorUri":"executor://MSTestAdapter/v2","Source":"C:\\Users\\berin\\Source\\Repos\\VVSzadaca2\\eParking\\Testovi za zadatak 1\\bin\\Debug\\fine-code-coverage\\Testovi za zadatak 1.dll","CodeFilePath":null,"LineNumber":-1,"Properties":[{"Key":{"Id":"MSTestDiscoverer.TestClassName","Label":"ClassName","Category":"","Description":"","Attributes":1,"ValueType":"System.String"},"Value":"Testovi_za_zadatak_1.UnitTestLokacija3"},{"Key":{"Id":"TestObject.Traits","Label":"Traits","Category":"","Description":"","Attributes":5,"ValueType":"System.Collections.Generic.KeyValuePair`2[[System.String],[System.String]][]"},"Value":[]}]},"Attachments":[],"Outcome":1,"ErrorMessage":null,"ErrorStackTrace":null,"DisplayName":null,"Messages":[],"ComputerName":null,"Duration":"00:00:00.0016547","StartTime":"2020-12-01T16:30:38.2747815+01:00","EndTime":"2020-12-01T16:30:38.2766416+01:00","Properties":[{"Key":{"Id":"ExecutionId","Label":"ExecutionId","Category":"","Description":"","Attributes":1,"ValueType":"System.Guid"},"Value":"00000000-0000-0000-0000-000000000000"},{"Key":{"Id":"ParentExecId","Label":"ParentExecId","Category":"","Description":"","Attributes":1,"ValueType":"System.Guid"},"Value":"00000000-0000-0000-0000-000000000000"},{"Key":{"Id":"InnerResultsCount","Label":"InnerResultsCount","Category":"","Description":"","Attributes":1,"ValueType":"System.Int32"},"Value":0}]}],"TestRunStatistics":{"ExecutedTests":28,"Stats":{"Passed":28}},"ActiveTests":[{"Id":"07845edc-5f68-46a2-4947-b8d120dd3cfe","FullyQualifiedName":"Testovi_za_zadatak_1.UnitTestLokacija3.TestNeispravanFormatNaziva","DisplayName":"TestNeispravanFormatNaziva","ExecutorUri":"executor://MSTestAdapter/v2","Source":"C:\\Users\\berin\\Source\\Repos\\VVSzadaca2\\eParking\\Testovi za zadatak 1\\bin\\Debug\\fine-code-coverage\\Testovi za zadatak 1.dll","CodeFilePath":null,"LineNumber":-1,"Properties":[{"Key":{"Id":"MSTestDiscoverer.TestClassName","Label":"ClassName","Category":"","Description":"","Attributes":1,"ValueType":"System.String"},"Value":"Testovi_za_zadatak_1.UnitTestLokacija3"},{"Key":{"Id":"TestObject.Traits","Label":"Traits","Category":"","Description":"","Attributes":5,"ValueType":"System.Collections.Generic.KeyValuePair`2[[System.String],[System.String]][]"},"Value":[]}]}]}}
TpTrace Verbose: 0 : 15008, 4, 2020/12/01, 16:30:38.289, 2631329167282, testhost.dll, TestRunCache: OnNewTestResult: Notified the onCacheHit callback.
TpTrace Verbose: 0 : 15008, 4, 2020/12/01, 16:30:38.293, 2631329208504, testhost.dll, TestExecutionRecorder.RecordEnd: test: Testovi_za_zadatak_1.UnitTestLokacija3.TestNeispravanFormatNaziva execution completed.
TpTrace Warning: 0 : 15008, 4, 2020/12/01, 16:30:38.293, 2631329211803, testhost.dll, InProgressTests is null
TpTrace Verbose: 0 : 15008, 4, 2020/12/01, 16:30:38.296, 2631329239368, testhost.dll, TestExecutionRecorder.RecordResult: Received result for test: Testovi_za_zadatak_1.UnitTestLokacija3.TestNeispravanFormatNaziva.
TpTrace Warning: 0 : 15008, 4, 2020/12/01, 16:30:38.297, 2631329244726, testhost.dll, InProgressTests is null
TpTrace Warning: 0 : 15008, 4, 2020/12/01, 16:30:38.297, 2631329247711, testhost.dll, TestRunCache: No test found corresponding to testResult 'TestNeispravanFormatNaziva  Passed' in inProgress list.
TpTrace Verbose: 0 : 15008, 4, 2020/12/01, 16:30:38.297, 2631329250620, testhost.dll, TestExecutionRecorder.RecordStart: Starting test: Testovi_za_zadatak_1.UnitTestLokacija3.TestNeispravanFormatCijene.
TpTrace Verbose: 0 : 15008, 4, 2020/12/01, 16:30:38.301, 2631329290265, testhost.dll, TestExecutionRecorder.RecordEnd: test: Testovi_za_zadatak_1.UnitTestLokacija3.TestNeispravanFormatCijene execution completed.
TpTrace Verbose: 0 : 15008, 4, 2020/12/01, 16:30:38.304, 2631329315832, testhost.dll, TestExecutionRecorder.RecordResult: Received result for test: Testovi_za_zadatak_1.UnitTestLokacija3.TestNeispravanFormatCijene.
TpTrace Warning: 0 : 15008, 4, 2020/12/01, 16:30:38.304, 2631329319853, testhost.dll, InProgressTests is null
TpTrace Warning: 0 : 15008, 4, 2020/12/01, 16:30:38.304, 2631329322693, testhost.dll, TestRunCache: No test found corresponding to testResult 'TestNeispravanFormatCijene  Passed' in inProgress list.
TpTrace Verbose: 0 : 15008, 4, 2020/12/01, 16:30:38.305, 2631329325495, testhost.dll, TestExecutionRecorder.RecordStart: Starting test: Testovi_za_zadatak_1.UnitTestLokacija3.TestNeispravanFormatKapaciteta.
TpTrace Verbose: 0 : 15008, 4, 2020/12/01, 16:30:38.308, 2631329364614, testhost.dll, TestExecutionRecorder.RecordEnd: test: Testovi_za_zadatak_1.UnitTestLokacija3.TestNeispravanFormatKapaciteta execution completed.
TpTrace Verbose: 0 : 15008, 4, 2020/12/01, 16:30:38.311, 2631329391687, testhost.dll, TestExecutionRecorder.RecordResult: Received result for test: Testovi_za_zadatak_1.UnitTestLokacija3.TestNeispravanFormatKapaciteta.
TpTrace Warning: 0 : 15008, 4, 2020/12/01, 16:30:38.312, 2631329396091, testhost.dll, InProgressTests is null
TpTrace Warning: 0 : 15008, 4, 2020/12/01, 16:30:38.312, 2631329399127, testhost.dll, TestRunCache: No test found corresponding to testResult 'TestNeispravanFormatKapaciteta  Passed' in inProgress list.
TpTrace Verbose: 0 : 15008, 4, 2020/12/01, 16:30:38.312, 2631329401990, testhost.dll, TestExecutionRecorder.RecordStart: Starting test: Testovi_za_zadatak_1.UnitTestLokacija3.TestKonstruktorSaIzuzetkom.
TpTrace Verbose: 0 : 15008, 4, 2020/12/01, 16:30:38.316, 2631329443806, testhost.dll, TestExecutionRecorder.RecordEnd: test: Testovi_za_zadatak_1.UnitTestLokacija3.TestKonstruktorSaIzuzetkom execution completed.
TpTrace Verbose: 0 : 15008, 4, 2020/12/01, 16:30:38.319, 2631329470558, testhost.dll, TestExecutionRecorder.RecordResult: Received result for test: Testovi_za_zadatak_1.UnitTestLokacija3.TestKonstruktorSaIzuzetkom.
TpTrace Warning: 0 : 15008, 4, 2020/12/01, 16:30:38.319, 2631329474626, testhost.dll, InProgressTests is null
TpTrace Warning: 0 : 15008, 4, 2020/12/01, 16:30:38.320, 2631329477592, testhost.dll, TestRunCache: No test found corresponding to testResult 'TestKonstruktorSaIzuzetkom  Passed' in inProgress list.
TpTrace Verbose: 0 : 15008, 4, 2020/12/01, 16:30:38.320, 2631329480434, testhost.dll, TestExecutionRecorder.RecordStart: Starting test: Testovi_za_zadatak_1.UnitTestParking.TestUspjesneRezervacije.
TpTrace Verbose: 0 : 15008, 4, 2020/12/01, 16:30:38.327, 2631329550533, testhost.dll, TestExecutionRecorder.RecordEnd: test: Testovi_za_zadatak_1.UnitTestParking.TestUspjesneRezervacije execution completed.
TpTrace Verbose: 0 : 15008, 4, 2020/12/01, 16:30:38.330, 2631329576554, testhost.dll, TestExecutionRecorder.RecordResult: Received result for test: Testovi_za_zadatak_1.UnitTestParking.TestUspjesneRezervacije.
TpTrace Warning: 0 : 15008, 4, 2020/12/01, 16:30:38.330, 2631329580529, testhost.dll, InProgressTests is null
TpTrace Warning: 0 : 15008, 4, 2020/12/01, 16:30:38.330, 2631329583367, testhost.dll, TestRunCache: No test found corresponding to testResult 'TestUspjesneRezervacije  Passed' in inProgress list.
TpTrace Verbose: 0 : 15008, 4, 2020/12/01, 16:30:38.331, 2631329586127, testhost.dll, TestExecutionRecorder.RecordStart: Starting test: Testovi_za_zadatak_1.UnitTestParking.TestRezervacijeKorisnikNijeClan.
TpTrace Verbose: 0 : 15008, 4, 2020/12/01, 16:30:38.335, 2631329625643, testhost.dll, TestExecutionRecorder.RecordEnd: test: Testovi_za_zadatak_1.UnitTestParking.TestRezervacijeKorisnikNijeClan execution completed.
TpTrace Verbose: 0 : 15008, 4, 2020/12/01, 16:30:38.338, 2631329656691, testhost.dll, TestExecutionRecorder.RecordResult: Received result for test: Testovi_za_zadatak_1.UnitTestParking.TestRezervacijeKorisnikNijeClan.
TpTrace Warning: 0 : 15008, 4, 2020/12/01, 16:30:38.338, 2631329662890, testhost.dll, InProgressTests is null
TpTrace Warning: 0 : 15008, 4, 2020/12/01, 16:30:38.339, 2631329667185, testhost.dll, TestRunCache: No test found corresponding to testResult 'TestRezervacijeKorisnikNijeClan  Passed' in inProgress list.
TpTrace Verbose: 0 : 15008, 4, 2020/12/01, 16:30:38.339, 2631329671182, testhost.dll, TestExecutionRecorder.RecordStart: Starting test: Testovi_za_zadatak_1.UnitTestParking.TestRezervacijeKorisnikVecRezervisao.
TpTrace Verbose: 0 : 15008, 4, 2020/12/01, 16:30:38.344, 2631329715005, testhost.dll, TestExecutionRecorder.RecordEnd: test: Testovi_za_zadatak_1.UnitTestParking.TestRezervacijeKorisnikVecRezervisao execution completed.
TpTrace Verbose: 0 : 15008, 4, 2020/12/01, 16:30:38.346, 2631329741839, testhost.dll, TestExecutionRecorder.RecordResult: Received result for test: Testovi_za_zadatak_1.UnitTestParking.TestRezervacijeKorisnikVecRezervisao.
TpTrace Warning: 0 : 15008, 4, 2020/12/01, 16:30:38.347, 2631329745594, testhost.dll, InProgressTests is null
TpTrace Warning: 0 : 15008, 4, 2020/12/01, 16:30:38.347, 2631329748584, testhost.dll, TestRunCache: No test found corresponding to testResult 'TestRezervacijeKorisnikVecRezervisao  Passed' in inProgress list.
TpTrace Verbose: 0 : 15008, 4, 2020/12/01, 16:30:38.347, 2631329751436, testhost.dll, TestExecutionRecorder.RecordStart: Starting test: Testovi_za_zadatak_1.UnitTestParking3.TestDodavanjeKorisnikaKojiNijelan.
TpTrace Verbose: 0 : 15008, 4, 2020/12/01, 16:30:38.353, 2631329812305, testhost.dll, TestExecutionRecorder.RecordEnd: test: Testovi_za_zadatak_1.UnitTestParking3.TestDodavanjeKorisnikaKojiNijelan execution completed.
TpTrace Verbose: 0 : 15008, 4, 2020/12/01, 16:30:38.356, 2631329842141, testhost.dll, TestExecutionRecorder.RecordResult: Received result for test: Testovi_za_zadatak_1.UnitTestParking3.TestDodavanjeKorisnikaKojiNijelan.
TpTrace Warning: 0 : 15008, 4, 2020/12/01, 16:30:38.357, 2631329846968, testhost.dll, InProgressTests is null
TpTrace Warning: 0 : 15008, 4, 2020/12/01, 16:30:38.357, 2631329849850, testhost.dll, TestRunCache: No test found corresponding to testResult 'TestDodavanjeKorisnikaKojiNijelan  Passed' in inProgress list.
TpTrace Verbose: 0 : 15008, 4, 2020/12/01, 16:30:38.357, 2631329852718, testhost.dll, TestExecutionRecorder.RecordStart: Starting test: Testovi_za_zadatak_1.UnitTestParking3.TestRadSaLokacijomOpcija0.
TpTrace Verbose: 0 : 15008, 4, 2020/12/01, 16:30:38.362, 2631329897375, testhost.dll, TestExecutionRecorder.RecordEnd: test: Testovi_za_zadatak_1.UnitTestParking3.TestRadSaLokacijomOpcija0 execution completed.
TpTrace Verbose: 0 : 15008, 4, 2020/12/01, 16:30:38.365, 2631329932113, testhost.dll, TestExecutionRecorder.RecordResult: Received result for test: Testovi_za_zadatak_1.UnitTestParking3.TestRadSaLokacijomOpcija0.
TpTrace Warning: 0 : 15008, 4, 2020/12/01, 16:30:38.366, 2631329937507, testhost.dll, InProgressTests is null
TpTrace Warning: 0 : 15008, 4, 2020/12/01, 16:30:38.366, 2631329941704, testhost.dll, TestRunCache: No test found corresponding to testResult 'TestRadSaLokacijomOpcija0  Passed' in inProgress list.
TpTrace Verbose: 0 : 15008, 4, 2020/12/01, 16:30:38.367, 2631329946043, testhost.dll, TestExecutionRecorder.RecordStart: Starting test: Testovi_za_zadatak_1.UnitTestParking3.TestRadSaLokacijomOpcija1.
TpTrace Information: 0 : 15008, 4, 2020/12/01, 16:30:38.367, 2631329949833, testhost.dll, Sending test run statistics
TpTrace Verbose: 0 : 15008, 4, 2020/12/01, 16:30:38.370, 2631329979869, testhost.dll, TestRequestHandler.SendData:  sending data from testhost: {"Version":2,"MessageType":"TestExecution.StatsChange","Payload":{"NewTestResults":[{"TestCase":{"Id":"07845edc-5f68-46a2-4947-b8d120dd3cfe","FullyQualifiedName":"Testovi_za_zadatak_1.UnitTestLokacija3.TestNeispravanFormatNaziva","DisplayName":"TestNeispravanFormatNaziva","ExecutorUri":"executor://MSTestAdapter/v2","Source":"C:\\Users\\berin\\Source\\Repos\\VVSzadaca2\\eParking\\Testovi za zadatak 1\\bin\\Debug\\fine-code-coverage\\Testovi za zadatak 1.dll","CodeFilePath":null,"LineNumber":-1,"Properties":[{"Key":{"Id":"MSTestDiscoverer.TestClassName","Label":"ClassName","Category":"","Description":"","Attributes":1,"ValueType":"System.String"},"Value":"Testovi_za_zadatak_1.UnitTestLokacija3"},{"Key":{"Id":"TestObject.Traits","Label":"Traits","Category":"","Description":"","Attributes":5,"ValueType":"System.Collections.Generic.KeyValuePair`2[[System.String],[System.String]][]"},"Value":[]}]},"Attachments":[],"Outcome":1,"ErrorMessage":null,"ErrorStackTrace":null,"DisplayName":null,"Messages":[],"ComputerName":null,"Duration":"00:00:00.0010381","StartTime":"2020-12-01T16:30:38.2920245+01:00","EndTime":"2020-12-01T16:30:38.2933599+01:00","Properties":[{"Key":{"Id":"ExecutionId","Label":"ExecutionId","Category":"","Description":"","Attributes":1,"ValueType":"System.Guid"},"Value":"00000000-0000-0000-0000-000000000000"},{"Key":{"Id":"ParentExecId","Label":"ParentExecId","Category":"","Description":"","Attributes":1,"ValueType":"System.Guid"},"Value":"00000000-0000-0000-0000-000000000000"},{"Key":{"Id":"InnerResultsCount","Label":"InnerResultsCount","Category":"","Description":"","Attributes":1,"ValueType":"System.Int32"},"Value":0}]},{"TestCase":{"Id":"3104dfa9-9cb5-27a8-d248-8602f259eef1","FullyQualifiedName":"Testovi_za_zadatak_1.UnitTestLokacija3.TestNeispravanFormatCijene","DisplayName":"TestNeispravanFormatCijene","ExecutorUri":"executor://MSTestAdapter/v2","Source":"C:\\Users\\berin\\Source\\Repos\\VVSzadaca2\\eParking\\Testovi za zadatak 1\\bin\\Debug\\fine-code-coverage\\Testovi za zadatak 1.dll","CodeFilePath":null,"LineNumber":-1,"Properties":[{"Key":{"Id":"MSTestDiscoverer.TestClassName","Label":"ClassName","Category":"","Description":"","Attributes":1,"ValueType":"System.String"},"Value":"Testovi_za_zadatak_1.UnitTestLokacija3"},{"Key":{"Id":"TestObject.Traits","Label":"Traits","Category":"","Description":"","Attributes":5,"ValueType":"System.Collections.Generic.KeyValuePair`2[[System.String],[System.String]][]"},"Value":[]}]},"Attachments":[],"Outcome":1,"ErrorMessage":null,"ErrorStackTrace":null,"DisplayName":null,"Messages":[],"ComputerName":null,"Duration":"00:00:00.0011119","StartTime":"2020-12-01T16:30:38.3001047+01:00","EndTime":"2020-12-01T16:30:38.3015336+01:00","Properties":[{"Key":{"Id":"ExecutionId","Label":"ExecutionId","Category":"","Description":"","Attributes":1,"ValueType":"System.Guid"},"Value":"00000000-0000-0000-0000-000000000000"},{"Key":{"Id":"ParentExecId","Label":"ParentExecId","Category":"","Description":"","Attributes":1,"ValueType":"System.Guid"},"Value":"00000000-0000-0000-0000-000000000000"},{"Key":{"Id":"InnerResultsCount","Label":"InnerResultsCount","Category":"","Description":"","Attributes":1,"ValueType":"System.Int32"},"Value":0}]},{"TestCase":{"Id":"492478c5-bf14-cb7c-5422-67c3a81ecd43","FullyQualifiedName":"Testovi_za_zadatak_1.UnitTestLokacija3.TestNeispravanFormatKapaciteta","DisplayName":"TestNeispravanFormatKapaciteta","ExecutorUri":"executor://MSTestAdapter/v2","Source":"C:\\Users\\berin\\Source\\Repos\\VVSzadaca2\\eParking\\Testovi za zadatak 1\\bin\\Debug\\fine-code-coverage\\Testovi za zadatak 1.dll","CodeFilePath":null,"LineNumber":-1,"Properties":[{"Key":{"Id":"MSTestDiscoverer.TestClassName","Label":"ClassName","Category":"","Description":"","Attributes":1,"ValueType":"System.String"},"Value":"Testovi_za_zadatak_1.UnitTestLokacija3"},{"Key":{"Id":"TestObject.Traits","Label":"Traits","Category":"","Description":"","Attributes":5,"ValueType":"System.Collections.Generic.KeyValuePair`2[[System.String],[System.String]][]"},"Value":[]}]},"Attachments":[],"Outcome":1,"ErrorMessage":null,"ErrorStackTrace":null,"DisplayName":null,"Messages":[],"ComputerName":null,"Duration":"00:00:00.0012358","StartTime":"2020-12-01T16:30:38.3074314+01:00","EndTime":"2020-12-01T16:30:38.3089677+01:00","Properties":[{"Key":{"Id":"ExecutionId","Label":"ExecutionId","Category":"","Description":"","Attributes":1,"ValueType":"System.Guid"},"Value":"00000000-0000-0000-0000-000000000000"},{"Key":{"Id":"ParentExecId","Label":"ParentExecId","Category":"","Description":"","Attributes":1,"ValueType":"System.Guid"},"Value":"00000000-0000-0000-0000-000000000000"},{"Key":{"Id":"InnerResultsCount","Label":"InnerResultsCount","Category":"","Description":"","Attributes":1,"ValueType":"System.Int32"},"Value":0}]},{"TestCase":{"Id":"725d5492-3992-ad8a-1aad-b8a51634a80b","FullyQualifiedName":"Testovi_za_zadatak_1.UnitTestLokacija3.TestKonstruktorSaIzuzetkom","DisplayName":"TestKonstruktorSaIzuzetkom","ExecutorUri":"executor://MSTestAdapter/v2","Source":"C:\\Users\\berin\\Source\\Repos\\VVSzadaca2\\eParking\\Testovi za zadatak 1\\bin\\Debug\\fine-code-coverage\\Testovi za zadatak 1.dll","CodeFilePath":null,"LineNumber":-1,"Properties":[{"Key":{"Id":"MSTestDiscoverer.TestClassName","Label":"ClassName","Category":"","Description":"","Attributes":1,"ValueType":"System.String"},"Value":"Testovi_za_zadatak_1.UnitTestLokacija3"},{"Key":{"Id":"TestObject.Traits","Label":"Traits","Category":"","Description":"","Attributes":5,"ValueType":"System.Collections.Generic.KeyValuePair`2[[System.String],[System.String]][]"},"Value":[]}]},"Attachments":[],"Outcome":1,"ErrorMessage":null,"ErrorStackTrace":null,"DisplayName":null,"Messages":[],"ComputerName":null,"Duration":"00:00:00.0013593","StartTime":"2020-12-01T16:30:38.3152005+01:00","EndTime":"2020-12-01T16:30:38.3168879+01:00","Properties":[{"Key":{"Id":"ExecutionId","Label":"ExecutionId","Category":"","Description":"","Attributes":1,"ValueType":"System.Guid"},"Value":"00000000-0000-0000-0000-000000000000"},{"Key":{"Id":"ParentExecId","Label":"ParentExecId","Category":"","Description":"","Attributes":1,"ValueType":"System.Guid"},"Value":"00000000-0000-0000-0000-000000000000"},{"Key":{"Id":"InnerResultsCount","Label":"InnerResultsCount","Category":"","Description":"","Attributes":1,"ValueType":"System.Int32"},"Value":0}]},{"TestCase":{"Id":"0bac892f-0a3f-6144-bcb8-ba2b3969567e","FullyQualifiedName":"Testovi_za_zadatak_1.UnitTestParking.TestUspjesneRezervacije","DisplayName":"TestUspjesneRezervacije","ExecutorUri":"executor://MSTestAdapter/v2","Source":"C:\\Users\\berin\\Source\\Repos\\VVSzadaca2\\eParking\\Testovi za zadatak 1\\bin\\Debug\\fine-code-coverage\\Testovi za zadatak 1.dll","CodeFilePath":null,"LineNumber":-1,"Properties":[{"Key":{"Id":"MSTestDiscoverer.TestClassName","Label":"ClassName","Category":"","Description":"","Attributes":1,"ValueType":"System.String"},"Value":"Testovi_za_zadatak_1.UnitTestParking"},{"Key":{"Id":"TestObject.Traits","Label":"Traits","Category":"","Description":"","Attributes":5,"ValueType":"System.Collections.Generic.KeyValuePair`2[[System.String],[System.String]][]"},"Value":[]}]},"Attachments":[],"Outcome":1,"ErrorMessage":null,"ErrorStackTrace":null,"DisplayName":null,"Messages":[],"ComputerName":null,"Duration":"00:00:00.0008057","StartTime":"2020-12-01T16:30:38.323303+01:00","EndTime":"2020-12-01T16:30:38.3275653+01:00","Properties":[{"Key":{"Id":"ExecutionId","Label":"ExecutionId","Category":"","Description":"","Attributes":1,"ValueType":"System.Guid"},"Value":"00000000-0000-0000-0000-000000000000"},{"Key":{"Id":"ParentExecId","Label":"ParentExecId","Category":"","Description":"","Attributes":1,"ValueType":"System.Guid"},"Value":"00000000-0000-0000-0000-000000000000"},{"Key":{"Id":"InnerResultsCount","Label":"InnerResultsCount","Category":"","Description":"","Attributes":1,"ValueType":"System.Int32"},"Value":0}]},{"TestCase":{"Id":"e937f6e7-1012-ddae-bbe5-8e9e3e17562b","FullyQualifiedName":"Testovi_za_zadatak_1.UnitTestParking.TestRezervacijeKorisnikNijeClan","DisplayName":"TestRezervacijeKorisnikNijeClan","ExecutorUri":"executor://MSTestAdapter/v2","Source":"C:\\Users\\berin\\Source\\Repos\\VVSzadaca2\\eParking\\Testovi za zadatak 1\\bin\\Debug\\fine-code-coverage\\Testovi za zadatak 1.dll","CodeFilePath":null,"LineNumber":-1,"Properties":[{"Key":{"Id":"MSTestDiscoverer.TestClassName","Label":"ClassName","Category":"","Description":"","Attributes":1,"ValueType":"System.String"},"Value":"Testovi_za_zadatak_1.UnitTestParking"},{"Key":{"Id":"TestObject.Traits","Label":"Traits","Category":"","Description":"","Attributes":5,"ValueType":"System.Collections.Generic.KeyValuePair`2[[System.String],[System.String]][]"},"Value":[]}]},"Attachments":[],"Outcome":1,"ErrorMessage":null,"ErrorStackTrace":null,"DisplayName":null,"Messages":[],"ComputerName":null,"Duration":"00:00:00.0010627","StartTime":"2020-12-01T16:30:38.3337102+01:00","EndTime":"2020-12-01T16:30:38.3350718+01:00","Properties":[{"Key":{"Id":"ExecutionId","Label":"ExecutionId","Category":"","Description":"","Attributes":1,"ValueType":"System.Guid"},"Value":"00000000-0000-0000-0000-000000000000"},{"Key":{"Id":"ParentExecId","Label":"ParentExecId","Category":"","Description":"","Attributes":1,"ValueType":"System.Guid"},"Value":"00000000-0000-0000-0000-000000000000"},{"Key":{"Id":"InnerResultsCount","Label":"InnerResultsCount","Category":"","Description":"","Attributes":1,"ValueType":"System.Int32"},"Value":0}]},{"TestCase":{"Id":"31a3e1a7-4a46-bcff-fffd-c17599d73a1d","FullyQualifiedName":"Testovi_za_zadatak_1.UnitTestParking.TestRezervacijeKorisnikVecRezervisao","DisplayName":"TestRezervacijeKorisnikVecRezervisao","ExecutorUri":"executor://MSTestAdapter/v2","Source":"C:\\Users\\berin\\Source\\Repos\\VVSzadaca2\\eParking\\Testovi za zadatak 1\\bin\\Debug\\fine-code-coverage\\Testovi za zadatak 1.dll","CodeFilePath":null,"LineNumber":-1,"Properties":[{"Key":{"Id":"MSTestDiscoverer.TestClassName","Label":"ClassName","Category":"","Description":"","Attributes":1,"ValueType":"System.String"},"Value":"Testovi_za_zadatak_1.UnitTestParking"},{"Key":{"Id":"TestObject.Traits","Label":"Traits","Category":"","Description":"","Attributes":5,"ValueType":"System.Collections.Generic.KeyValuePair`2[[System.String],[System.String]][]"},"Value":[]}]},"Attachments":[],"Outcome":1,"ErrorMessage":null,"ErrorStackTrace":null,"DisplayName":null,"Messages":[],"ComputerName":null,"Duration":"00:00:00.0012503","StartTime":"2020-12-01T16:30:38.3423832+01:00","EndTime":"2020-12-01T16:30:38.3440077+01:00","Properties":[{"Key":{"Id":"ExecutionId","Label":"ExecutionId","Category":"","Description":"","Attributes":1,"ValueType":"System.Guid"},"Value":"00000000-0000-0000-0000-000000000000"},{"Key":{"Id":"ParentExecId","Label":"ParentExecId","Category":"","Description":"","Attributes":1,"ValueType":"System.Guid"},"Value":"00000000-0000-0000-0000-000000000000"},{"Key":{"Id":"InnerResultsCount","Label":"InnerResultsCount","Category":"","Description":"","Attributes":1,"ValueType":"System.Int32"},"Value":0}]},{"TestCase":{"Id":"7d1d08c8-71fc-30e1-7540-7f86408a41a9","FullyQualifiedName":"Testovi_za_zadatak_1.UnitTestParking3.TestDodavanjeKorisnikaKojiNijelan","DisplayName":"TestDodavanjeKorisnikaKojiNijelan","ExecutorUri":"executor://MSTestAdapter/v2","Source":"C:\\Users\\berin\\Source\\Repos\\VVSzadaca2\\eParking\\Testovi za zadatak 1\\bin\\Debug\\fine-code-coverage\\Testovi za zadatak 1.dll","CodeFilePath":null,"LineNumber":-1,"Properties":[{"Key":{"Id":"MSTestDiscoverer.TestClassName","Label":"ClassName","Category":"","Description":"","Attributes":1,"ValueType":"System.String"},"Value":"Testovi_za_zadatak_1.UnitTestParking3"},{"Key":{"Id":"TestObject.Traits","Label":"Traits","Category":"","Description":"","Attributes":5,"ValueType":"System.Collections.Generic.KeyValuePair`2[[System.String],[System.String]][]"},"Value":[]}]},"Attachments":[],"Outcome":1,"ErrorMessage":null,"ErrorStackTrace":null,"DisplayName":null,"Messages":[],"ComputerName":null,"Duration":"00:00:00.0013760","StartTime":"2020-12-01T16:30:38.3512163+01:00","EndTime":"2020-12-01T16:30:38.3537353+01:00","Properties":[{"Key":{"Id":"ExecutionId","Label":"ExecutionId","Category":"","Description":"","Attributes":1,"ValueType":"System.Guid"},"Value":"00000000-0000-0000-0000-000000000000"},{"Key":{"Id":"ParentExecId","Label":"ParentExecId","Category":"","Description":"","Attributes":1,"ValueType":"System.Guid"},"Value":"00000000-0000-0000-0000-000000000000"},{"Key":{"Id":"InnerResultsCount","Label":"InnerResultsCount","Category":"","Description":"","Attributes":1,"ValueType":"System.Int32"},"Value":0}]},{"TestCase":{"Id":"c32bff40-7978-f13e-e25e-33e092843576","FullyQualifiedName":"Testovi_za_zadatak_1.UnitTestParking3.TestRadSaLokacijomOpcija0","DisplayName":"TestRadSaLokacijomOpcija0","ExecutorUri":"executor://MSTestAdapter/v2","Source":"C:\\Users\\berin\\Source\\Repos\\VVSzadaca2\\eParking\\Testovi za zadatak 1\\bin\\Debug\\fine-code-coverage\\Testovi za zadatak 1.dll","CodeFilePath":null,"LineNumber":-1,"Properties":[{"Key":{"Id":"MSTestDiscoverer.TestClassName","Label":"ClassName","Category":"","Description":"","Attributes":1,"ValueType":"System.String"},"Value":"Testovi_za_zadatak_1.UnitTestParking3"},{"Key":{"Id":"TestObject.Traits","Label":"Traits","Category":"","Description":"","Attributes":5,"ValueType":"System.Collections.Generic.KeyValuePair`2[[System.String],[System.String]][]"},"Value":[]}]},"Attachments":[],"Outcome":1,"ErrorMessage":null,"ErrorStackTrace":null,"DisplayName":null,"Messages":[],"ComputerName":null,"Duration":"00:00:00.0017115","StartTime":"2020-12-01T16:30:38.3602488+01:00","EndTime":"2020-12-01T16:30:38.3622434+01:00","Properties":[{"Key":{"Id":"ExecutionId","Label":"ExecutionId","Category":"","Description":"","Attributes":1,"ValueType":"System.Guid"},"Value":"00000000-0000-0000-0000-000000000000"},{"Key":{"Id":"ParentExecId","Label":"ParentExecId","Category":"","Description":"","Attributes":1,"ValueType":"System.Guid"},"Value":"00000000-0000-0000-0000-000000000000"},{"Key":{"Id":"InnerResultsCount","Label":"InnerResultsCount","Category":"","Description":"","Attributes":1,"ValueType":"System.Int32"},"Value":0}]}],"TestRunStatistics":{"ExecutedTests":37,"Stats":{"Passed":37}},"ActiveTests":[{"Id":"04e6aa8b-9455-d935-aa99-ae450c1dfae9","FullyQualifiedName":"Testovi_za_zadatak_1.UnitTestParking3.TestRadSaLokacijomOpcija1","DisplayName":"TestRadSaLokacijomOpcija1","ExecutorUri":"executor://MSTestAdapter/v2","Source":"C:\\Users\\berin\\Source\\Repos\\VVSzadaca2\\eParking\\Testovi za zadatak 1\\bin\\Debug\\fine-code-coverage\\Testovi za zadatak 1.dll","CodeFilePath":null,"LineNumber":-1,"Properties":[{"Key":{"Id":"MSTestDiscoverer.TestClassName","Label":"ClassName","Category":"","Description":"","Attributes":1,"ValueType":"System.String"},"Value":"Testovi_za_zadatak_1.UnitTestParking3"},{"Key":{"Id":"TestObject.Traits","Label":"Traits","Category":"","Description":"","Attributes":5,"ValueType":"System.Collections.Generic.KeyValuePair`2[[System.String],[System.String]][]"},"Value":[]}]}]}}
TpTrace Verbose: 0 : 15008, 4, 2020/12/01, 16:30:38.372, 2631330000047, testhost.dll, TestRunCache: OnNewTestResult: Notified the onCacheHit callback.
TpTrace Verbose: 0 : 15008, 4, 2020/12/01, 16:30:38.377, 2631330050227, testhost.dll, TestExecutionRecorder.RecordEnd: test: Testovi_za_zadatak_1.UnitTestParking3.TestRadSaLokacijomOpcija1 execution completed.
TpTrace Warning: 0 : 15008, 4, 2020/12/01, 16:30:38.377, 2631330053817, testhost.dll, InProgressTests is null
TpTrace Verbose: 0 : 15008, 4, 2020/12/01, 16:30:38.380, 2631330080176, testhost.dll, TestExecutionRecorder.RecordResult: Received result for test: Testovi_za_zadatak_1.UnitTestParking3.TestRadSaLokacijomOpcija1.
TpTrace Warning: 0 : 15008, 4, 2020/12/01, 16:30:38.381, 2631330084746, testhost.dll, InProgressTests is null
TpTrace Warning: 0 : 15008, 4, 2020/12/01, 16:30:38.381, 2631330087609, testhost.dll, TestRunCache: No test found corresponding to testResult 'TestRadSaLokacijomOpcija1  Passed' in inProgress list.
TpTrace Verbose: 0 : 15008, 4, 2020/12/01, 16:30:38.381, 2631330090460, testhost.dll, TestExecutionRecorder.RecordStart: Starting test: Testovi_za_zadatak_1.UnitTestParking3.TestRadSaLokacijomOpcija2.
TpTrace Verbose: 0 : 15008, 4, 2020/12/01, 16:30:38.388, 2631330162111, testhost.dll, TestExecutionRecorder.RecordEnd: test: Testovi_za_zadatak_1.UnitTestParking3.TestRadSaLokacijomOpcija2 execution completed.
TpTrace Verbose: 0 : 15008, 4, 2020/12/01, 16:30:38.392, 2631330201154, testhost.dll, TestExecutionRecorder.RecordResult: Received result for test: Testovi_za_zadatak_1.UnitTestParking3.TestRadSaLokacijomOpcija2.
TpTrace Warning: 0 : 15008, 4, 2020/12/01, 16:30:38.393, 2631330205320, testhost.dll, InProgressTests is null
TpTrace Warning: 0 : 15008, 4, 2020/12/01, 16:30:38.393, 2631330208370, testhost.dll, TestRunCache: No test found corresponding to testResult 'TestRadSaLokacijomOpcija2  Passed' in inProgress list.
TpTrace Verbose: 0 : 15008, 4, 2020/12/01, 16:30:38.393, 2631330211328, testhost.dll, TestExecutionRecorder.RecordStart: Starting test: Testovi_za_zadatak_1.UnitTestParking3.TestNeuspjesneRezervacije.
TpTrace Verbose: 0 : 15008, 4, 2020/12/01, 16:30:38.398, 2631330257735, testhost.dll, TestExecutionRecorder.RecordEnd: test: Testovi_za_zadatak_1.UnitTestParking3.TestNeuspjesneRezervacije execution completed.
TpTrace Verbose: 0 : 15008, 4, 2020/12/01, 16:30:38.401, 2631330294338, testhost.dll, TestExecutionRecorder.RecordResult: Received result for test: Testovi_za_zadatak_1.UnitTestParking3.TestNeuspjesneRezervacije.
TpTrace Warning: 0 : 15008, 4, 2020/12/01, 16:30:38.402, 2631330298657, testhost.dll, InProgressTests is null
TpTrace Warning: 0 : 15008, 4, 2020/12/01, 16:30:38.402, 2631330301571, testhost.dll, TestRunCache: No test found corresponding to testResult 'TestNeuspjesneRezervacije  Passed' in inProgress list.
TpTrace Verbose: 0 : 15008, 4, 2020/12/01, 16:30:38.402, 2631330304429, testhost.dll, TestExecutionRecorder.RecordStart: Starting test: Testovi_za_zadatak_1.UnitTestParking3.TestLokacijaBezUlice.
TpTrace Verbose: 0 : 15008, 4, 2020/12/01, 16:30:38.407, 2631330353192, testhost.dll, TestExecutionRecorder.RecordEnd: test: Testovi_za_zadatak_1.UnitTestParking3.TestLokacijaBezUlice execution completed.
TpTrace Verbose: 0 : 15008, 4, 2020/12/01, 16:30:38.410, 2631330379598, testhost.dll, TestExecutionRecorder.RecordResult: Received result for test: Testovi_za_zadatak_1.UnitTestParking3.TestLokacijaBezUlice.
TpTrace Warning: 0 : 15008, 4, 2020/12/01, 16:30:38.411, 2631330384866, testhost.dll, InProgressTests is null
TpTrace Warning: 0 : 15008, 4, 2020/12/01, 16:30:38.411, 2631330388924, testhost.dll, TestRunCache: No test found corresponding to testResult 'TestLokacijaBezUlice  Passed' in inProgress list.
TpTrace Verbose: 0 : 15008, 4, 2020/12/01, 16:30:38.411, 2631330393059, testhost.dll, TestExecutionRecorder.RecordStart: Starting test: Testovi_za_zadatak_1.UnitTestParking3.TestProracunTrenutneZarade.
TpTrace Information: 0 : 15008, 4, 2020/12/01, 16:30:38.420, 2631330478031, testhost.dll, AssemblyResolver.OnResolve: Microsoft.VisualStudio.TestPlatform.MSTest.TestAdapter.resources: Resolving assembly.
TpTrace Information: 0 : 15008, 4, 2020/12/01, 16:30:38.421, 2631330485338, testhost.dll, AssemblyResolver.OnResolve: Microsoft.VisualStudio.TestPlatform.MSTest.TestAdapter.resources: Failed to load assembly.
TpTrace Verbose: 0 : 15008, 4, 2020/12/01, 16:30:38.475, 2631331034246, testhost.dll, TestExecutionRecorder.RecordEnd: test: Testovi_za_zadatak_1.UnitTestParking3.TestProracunTrenutneZarade execution completed.
TpTrace Verbose: 0 : 15008, 4, 2020/12/01, 16:30:38.479, 2631331073462, testhost.dll, TestExecutionRecorder.RecordResult: Received result for test: Testovi_za_zadatak_1.UnitTestParking3.TestProracunTrenutneZarade.
TpTrace Warning: 0 : 15008, 4, 2020/12/01, 16:30:38.480, 2631331078762, testhost.dll, InProgressTests is null
TpTrace Warning: 0 : 15008, 4, 2020/12/01, 16:30:38.481, 2631331088866, testhost.dll, TestRunCache: No test found corresponding to testResult 'TestProracunTrenutneZarade  Failed
  Message: Test method Testovi_za_zadatak_1.UnitTestParking3.TestProracunTrenutneZarade threw exception: 
System.ArgumentNullException: Value cannot be null. (Parameter 'Svaka lokacija mora imati barem jednu ulicu!')
  StackTrace:
    at eParking.Parking.IzraunajTrenutnuZaradu() in C:\Users\berin\Source\Repos\VVSzadaca2\eParking\eParking\Parking.cs:line 121
   at Testovi_za_zadatak_1.UnitTestParking3.TestProracunTrenutneZarade() in C:\Users\berin\Source\Repos\VVSzadaca2\eParking\Testovi za zadatak 1\UnitTestParking3.cs:line 127
' in inProgress list.
TpTrace Verbose: 0 : 15008, 4, 2020/12/01, 16:30:38.481, 2631331092593, testhost.dll, TestExecutionRecorder.RecordStart: Starting test: Testovi_za_zadatak_1.UnitTestTransakcija.TestDajVrijemeDolaskaIzuzetak.
TpTrace Verbose: 0 : 15008, 4, 2020/12/01, 16:30:38.486, 2631331138658, testhost.dll, TestExecutionRecorder.RecordEnd: test: Testovi_za_zadatak_1.UnitTestTransakcija.TestDajVrijemeDolaskaIzuzetak execution completed.
TpTrace Verbose: 0 : 15008, 4, 2020/12/01, 16:30:38.488, 2631331164156, testhost.dll, TestExecutionRecorder.RecordResult: Received result for test: Testovi_za_zadatak_1.UnitTestTransakcija.TestDajVrijemeDolaskaIzuzetak.
TpTrace Warning: 0 : 15008, 4, 2020/12/01, 16:30:38.489, 2631331168041, testhost.dll, InProgressTests is null
TpTrace Warning: 0 : 15008, 4, 2020/12/01, 16:30:38.489, 2631331170160, testhost.dll, TestRunCache: No test found corresponding to testResult 'TestDajVrijemeDolaskaIzuzetak  Passed' in inProgress list.
TpTrace Verbose: 0 : 15008, 4, 2020/12/01, 16:30:38.489, 2631331172715, testhost.dll, TestExecutionRecorder.RecordStart: Starting test: Testovi_za_zadatak_1.UnitTestVozilo.TestNeispravanFormatTablica.
TpTrace Verbose: 0 : 15008, 4, 2020/12/01, 16:30:38.493, 2631331214535, testhost.dll, TestExecutionRecorder.RecordEnd: test: Testovi_za_zadatak_1.UnitTestVozilo.TestNeispravanFormatTablica execution completed.
TpTrace Verbose: 0 : 15008, 4, 2020/12/01, 16:30:38.496, 2631331237612, testhost.dll, TestExecutionRecorder.RecordResult: Received result for test: Testovi_za_zadatak_1.UnitTestVozilo.TestNeispravanFormatTablica.
TpTrace Warning: 0 : 15008, 4, 2020/12/01, 16:30:38.496, 2631331241623, testhost.dll, InProgressTests is null
TpTrace Warning: 0 : 15008, 4, 2020/12/01, 16:30:38.496, 2631331243808, testhost.dll, TestRunCache: No test found corresponding to testResult 'TestNeispravanFormatTablica  Passed' in inProgress list.
TpTrace Verbose: 0 : 15008, 4, 2020/12/01, 16:30:38.497, 2631331245946, testhost.dll, TestExecutionRecorder.RecordStart: Starting test: Testovi_za_zadatak_1.UnitTestVozilo.TestNepostojeaVrstaVozila.
TpTrace Verbose: 0 : 15008, 4, 2020/12/01, 16:30:38.500, 2631331282077, testhost.dll, TestExecutionRecorder.RecordEnd: test: Testovi_za_zadatak_1.UnitTestVozilo.TestNepostojeaVrstaVozila execution completed.
TpTrace Verbose: 0 : 15008, 4, 2020/12/01, 16:30:38.502, 2631331303977, testhost.dll, TestExecutionRecorder.RecordResult: Received result for test: Testovi_za_zadatak_1.UnitTestVozilo.TestNepostojeaVrstaVozila.
TpTrace Warning: 0 : 15008, 4, 2020/12/01, 16:30:38.503, 2631331307575, testhost.dll, InProgressTests is null
TpTrace Warning: 0 : 15008, 4, 2020/12/01, 16:30:38.503, 2631331309860, testhost.dll, TestRunCache: No test found corresponding to testResult 'TestNepostojeaVrstaVozila  Passed' in inProgress list.
TpTrace Verbose: 0 : 15008, 4, 2020/12/01, 16:30:38.503, 2631331313418, testhost.dll, TestExecutionRecorder.RecordStart: Starting test: Testovi_za_zadatak_1.UnitTestVozilo.TestNeispravanFormatSjedita.
TpTrace Verbose: 0 : 15008, 4, 2020/12/01, 16:30:38.508, 2631331356090, testhost.dll, TestExecutionRecorder.RecordEnd: test: Testovi_za_zadatak_1.UnitTestVozilo.TestNeispravanFormatSjedita execution completed.
TpTrace Verbose: 0 : 15008, 4, 2020/12/01, 16:30:38.510, 2631331378853, testhost.dll, TestExecutionRecorder.RecordResult: Received result for test: Testovi_za_zadatak_1.UnitTestVozilo.TestNeispravanFormatSjedita.
TpTrace Warning: 0 : 15008, 4, 2020/12/01, 16:30:38.510, 2631331383941, testhost.dll, InProgressTests is null
TpTrace Warning: 0 : 15008, 4, 2020/12/01, 16:30:38.511, 2631331386343, testhost.dll, TestRunCache: No test found corresponding to testResult 'TestNeispravanFormatSjedita  Passed' in inProgress list.
TpTrace Verbose: 0 : 15008, 4, 2020/12/01, 16:30:38.511, 2631331388755, testhost.dll, TestExecutionRecorder.RecordStart: Starting test: Testovi_za_zadatak_1.UnitTestVozilo.TestGetMetode.
TpTrace Information: 0 : 15008, 4, 2020/12/01, 16:30:38.511, 2631331391316, testhost.dll, Sending test run statistics
TpTrace Verbose: 0 : 15008, 4, 2020/12/01, 16:30:38.514, 2631331416170, testhost.dll, TestRequestHandler.SendData:  sending data from testhost: {"Version":2,"MessageType":"TestExecution.StatsChange","Payload":{"NewTestResults":[{"TestCase":{"Id":"04e6aa8b-9455-d935-aa99-ae450c1dfae9","FullyQualifiedName":"Testovi_za_zadatak_1.UnitTestParking3.TestRadSaLokacijomOpcija1","DisplayName":"TestRadSaLokacijomOpcija1","ExecutorUri":"executor://MSTestAdapter/v2","Source":"C:\\Users\\berin\\Source\\Repos\\VVSzadaca2\\eParking\\Testovi za zadatak 1\\bin\\Debug\\fine-code-coverage\\Testovi za zadatak 1.dll","CodeFilePath":null,"LineNumber":-1,"Properties":[{"Key":{"Id":"MSTestDiscoverer.TestClassName","Label":"ClassName","Category":"","Description":"","Attributes":1,"ValueType":"System.String"},"Value":"Testovi_za_zadatak_1.UnitTestParking3"},{"Key":{"Id":"TestObject.Traits","Label":"Traits","Category":"","Description":"","Attributes":5,"ValueType":"System.Collections.Generic.KeyValuePair`2[[System.String],[System.String]][]"},"Value":[]}]},"Attachments":[],"Outcome":1,"ErrorMessage":null,"ErrorStackTrace":null,"DisplayName":null,"Messages":[],"ComputerName":null,"Duration":"00:00:00.0020357","StartTime":"2020-12-01T16:30:38.3750769+01:00","EndTime":"2020-12-01T16:30:38.377522+01:00","Properties":[{"Key":{"Id":"ExecutionId","Label":"ExecutionId","Category":"","Description":"","Attributes":1,"ValueType":"System.Guid"},"Value":"00000000-0000-0000-0000-000000000000"},{"Key":{"Id":"ParentExecId","Label":"ParentExecId","Category":"","Description":"","Attributes":1,"ValueType":"System.Guid"},"Value":"00000000-0000-0000-0000-000000000000"},{"Key":{"Id":"InnerResultsCount","Label":"InnerResultsCount","Category":"","Description":"","Attributes":1,"ValueType":"System.Int32"},"Value":0}]},{"TestCase":{"Id":"4fd7d227-8ade-6881-5718-6eb5a97cc165","FullyQualifiedName":"Testovi_za_zadatak_1.UnitTestParking3.TestRadSaLokacijomOpcija2","DisplayName":"TestRadSaLokacijomOpcija2","ExecutorUri":"executor://MSTestAdapter/v2","Source":"C:\\Users\\berin\\Source\\Repos\\VVSzadaca2\\eParking\\Testovi za zadatak 1\\bin\\Debug\\fine-code-coverage\\Testovi za zadatak 1.dll","CodeFilePath":null,"LineNumber":-1,"Properties":[{"Key":{"Id":"MSTestDiscoverer.TestClassName","Label":"ClassName","Category":"","Description":"","Attributes":1,"ValueType":"System.String"},"Value":"Testovi_za_zadatak_1.UnitTestParking3"},{"Key":{"Id":"TestObject.Traits","Label":"Traits","Category":"","Description":"","Attributes":5,"ValueType":"System.Collections.Generic.KeyValuePair`2[[System.String],[System.String]][]"},"Value":[]}]},"Attachments":[],"Outcome":1,"ErrorMessage":null,"ErrorStackTrace":null,"DisplayName":null,"Messages":[],"ComputerName":null,"Duration":"00:00:00.0022250","StartTime":"2020-12-01T16:30:38.386057+01:00","EndTime":"2020-12-01T16:30:38.3887001+01:00","Properties":[{"Key":{"Id":"ExecutionId","Label":"ExecutionId","Category":"","Description":"","Attributes":1,"ValueType":"System.Guid"},"Value":"00000000-0000-0000-0000-000000000000"},{"Key":{"Id":"ParentExecId","Label":"ParentExecId","Category":"","Description":"","Attributes":1,"ValueType":"System.Guid"},"Value":"00000000-0000-0000-0000-000000000000"},{"Key":{"Id":"InnerResultsCount","Label":"InnerResultsCount","Category":"","Description":"","Attributes":1,"ValueType":"System.Int32"},"Value":0}]},{"TestCase":{"Id":"d4df1ed6-fcf8-74e9-5db4-567a5355f663","FullyQualifiedName":"Testovi_za_zadatak_1.UnitTestParking3.TestNeuspjesneRezervacije","DisplayName":"TestNeuspjesneRezervacije","ExecutorUri":"executor://MSTestAdapter/v2","Source":"C:\\Users\\berin\\Source\\Repos\\VVSzadaca2\\eParking\\Testovi za zadatak 1\\bin\\Debug\\fine-code-coverage\\Testovi za zadatak 1.dll","CodeFilePath":null,"LineNumber":-1,"Properties":[{"Key":{"Id":"MSTestDiscoverer.TestClassName","Label":"ClassName","Category":"","Description":"","Attributes":1,"ValueType":"System.String"},"Value":"Testovi_za_zadatak_1.UnitTestParking3"},{"Key":{"Id":"TestObject.Traits","Label":"Traits","Category":"","Description":"","Attributes":5,"ValueType":"System.Collections.Generic.KeyValuePair`2[[System.String],[System.String]][]"},"Value":[]}]},"Attachments":[],"Outcome":1,"ErrorMessage":null,"ErrorStackTrace":null,"DisplayName":null,"Messages":[],"ComputerName":null,"Duration":"00:00:00.0013486","StartTime":"2020-12-01T16:30:38.396418+01:00","EndTime":"2020-12-01T16:30:38.398262+01:00","Properties":[{"Key":{"Id":"ExecutionId","Label":"ExecutionId","Category":"","Description":"","Attributes":1,"ValueType":"System.Guid"},"Value":"00000000-0000-0000-0000-000000000000"},{"Key":{"Id":"ParentExecId","Label":"ParentExecId","Category":"","Description":"","Attributes":1,"ValueType":"System.Guid"},"Value":"00000000-0000-0000-0000-000000000000"},{"Key":{"Id":"InnerResultsCount","Label":"InnerResultsCount","Category":"","Description":"","Attributes":1,"ValueType":"System.Int32"},"Value":0}]},{"TestCase":{"Id":"d22a683f-0114-dfb2-3e02-371ed9b6854f","FullyQualifiedName":"Testovi_za_zadatak_1.UnitTestParking3.TestLokacijaBezUlice","DisplayName":"TestLokacijaBezUlice","ExecutorUri":"executor://MSTestAdapter/v2","Source":"C:\\Users\\berin\\Source\\Repos\\VVSzadaca2\\eParking\\Testovi za zadatak 1\\bin\\Debug\\fine-code-coverage\\Testovi za zadatak 1.dll","CodeFilePath":null,"LineNumber":-1,"Properties":[{"Key":{"Id":"MSTestDiscoverer.TestClassName","Label":"ClassName","Category":"","Description":"","Attributes":1,"ValueType":"System.String"},"Value":"Testovi_za_zadatak_1.UnitTestParking3"},{"Key":{"Id":"TestObject.Traits","Label":"Traits","Category":"","Description":"","Attributes":5,"ValueType":"System.Collections.Generic.KeyValuePair`2[[System.String],[System.String]][]"},"Value":[]}]},"Attachments":[],"Outcome":1,"ErrorMessage":null,"ErrorStackTrace":null,"DisplayName":null,"Messages":[],"ComputerName":null,"Duration":"00:00:00.0021336","StartTime":"2020-12-01T16:30:38.4053959+01:00","EndTime":"2020-12-01T16:30:38.4078246+01:00","Properties":[{"Key":{"Id":"ExecutionId","Label":"ExecutionId","Category":"","Description":"","Attributes":1,"ValueType":"System.Guid"},"Value":"00000000-0000-0000-0000-000000000000"},{"Key":{"Id":"ParentExecId","Label":"ParentExecId","Category":"","Description":"","Attributes":1,"ValueType":"System.Guid"},"Value":"00000000-0000-0000-0000-000000000000"},{"Key":{"Id":"InnerResultsCount","Label":"InnerResultsCount","Category":"","Description":"","Attributes":1,"ValueType":"System.Int32"},"Value":0}]},{"TestCase":{"Id":"874c3e1a-3a80-9e7a-77f2-a7bc3f5b8d1b","FullyQualifiedName":"Testovi_za_zadatak_1.UnitTestParking3.TestProracunTrenutneZarade","DisplayName":"TestProracunTrenutneZarade","ExecutorUri":"executor://MSTestAdapter/v2","Source":"C:\\Users\\berin\\Source\\Repos\\VVSzadaca2\\eParking\\Testovi za zadatak 1\\bin\\Debug\\fine-code-coverage\\Testovi za zadatak 1.dll","CodeFilePath":null,"LineNumber":-1,"Properties":[{"Key":{"Id":"MSTestDiscoverer.TestClassName","Label":"ClassName","Category":"","Description":"","Attributes":1,"ValueType":"System.String"},"Value":"Testovi_za_zadatak_1.UnitTestParking3"},{"Key":{"Id":"TestObject.Traits","Label":"Traits","Category":"","Description":"","Attributes":5,"ValueType":"System.Collections.Generic.KeyValuePair`2[[System.String],[System.String]][]"},"Value":[]}]},"Attachments":[],"Outcome":2,"ErrorMessage":"Test method Testovi_za_zadatak_1.UnitTestParking3.TestProracunTrenutneZarade threw exception: \r\nSystem.ArgumentNullException: Value cannot be null. (Parameter 'Svaka lokacija mora imati barem jednu ulicu!')","ErrorStackTrace":"    at eParking.Parking.IzraunajTrenutnuZaradu() in C:\\Users\\berin\\Source\\Repos\\VVSzadaca2\\eParking\\eParking\\Parking.cs:line 121\r\n   at Testovi_za_zadatak_1.UnitTestParking3.TestProracunTrenutneZarade() in C:\\Users\\berin\\Source\\Repos\\VVSzadaca2\\eParking\\Testovi za zadatak 1\\UnitTestParking3.cs:line 127\r\n","DisplayName":null,"Messages":[],"ComputerName":null,"Duration":"00:00:00.0589901","StartTime":"2020-12-01T16:30:38.4146341+01:00","EndTime":"2020-12-01T16:30:38.4759145+01:00","Properties":[{"Key":{"Id":"ExecutionId","Label":"ExecutionId","Category":"","Description":"","Attributes":1,"ValueType":"System.Guid"},"Value":"00000000-0000-0000-0000-000000000000"},{"Key":{"Id":"ParentExecId","Label":"ParentExecId","Category":"","Description":"","Attributes":1,"ValueType":"System.Guid"},"Value":"00000000-0000-0000-0000-000000000000"},{"Key":{"Id":"InnerResultsCount","Label":"InnerResultsCount","Category":"","Description":"","Attributes":1,"ValueType":"System.Int32"},"Value":0}]},{"TestCase":{"Id":"285c8229-8d8e-61ce-4e73-b2899615f3ef","FullyQualifiedName":"Testovi_za_zadatak_1.UnitTestTransakcija.TestDajVrijemeDolaskaIzuzetak","DisplayName":"TestDajVrijemeDolaskaIzuzetak","ExecutorUri":"executor://MSTestAdapter/v2","Source":"C:\\Users\\berin\\Source\\Repos\\VVSzadaca2\\eParking\\Testovi za zadatak 1\\bin\\Debug\\fine-code-coverage\\Testovi za zadatak 1.dll","CodeFilePath":null,"LineNumber":-1,"Properties":[{"Key":{"Id":"MSTestDiscoverer.TestClassName","Label":"ClassName","Category":"","Description":"","Attributes":1,"ValueType":"System.String"},"Value":"Testovi_za_zadatak_1.UnitTestTransakcija"},{"Key":{"Id":"TestObject.Traits","Label":"Traits","Category":"","Description":"","Attributes":5,"ValueType":"System.Collections.Generic.KeyValuePair`2[[System.String],[System.String]][]"},"Value":[]}]},"Attachments":[],"Outcome":1,"ErrorMessage":null,"ErrorStackTrace":null,"DisplayName":null,"Messages":[],"ComputerName":null,"Duration":"00:00:00.0014148","StartTime":"2020-12-01T16:30:38.4840983+01:00","EndTime":"2020-12-01T16:30:38.4863724+01:00","Properties":[{"Key":{"Id":"ExecutionId","Label":"ExecutionId","Category":"","Description":"","Attributes":1,"ValueType":"System.Guid"},"Value":"00000000-0000-0000-0000-000000000000"},{"Key":{"Id":"ParentExecId","Label":"ParentExecId","Category":"","Description":"","Attributes":1,"ValueType":"System.Guid"},"Value":"00000000-0000-0000-0000-000000000000"},{"Key":{"Id":"InnerResultsCount","Label":"InnerResultsCount","Category":"","Description":"","Attributes":1,"ValueType":"System.Int32"},"Value":0}]},{"TestCase":{"Id":"a2e7b4d6-bec0-f5bd-2c36-ec0658352fce","FullyQualifiedName":"Testovi_za_zadatak_1.UnitTestVozilo.TestNeispravanFormatTablica","DisplayName":"TestNeispravanFormatTablica","ExecutorUri":"executor://MSTestAdapter/v2","Source":"C:\\Users\\berin\\Source\\Repos\\VVSzadaca2\\eParking\\Testovi za zadatak 1\\bin\\Debug\\fine-code-coverage\\Testovi za zadatak 1.dll","CodeFilePath":null,"LineNumber":-1,"Properties":[{"Key":{"Id":"MSTestDiscoverer.TestClassName","Label":"ClassName","Category":"","Description":"","Attributes":1,"ValueType":"System.String"},"Value":"Testovi_za_zadatak_1.UnitTestVozilo"},{"Key":{"Id":"TestObject.Traits","Label":"Traits","Category":"","Description":"","Attributes":5,"ValueType":"System.Collections.Generic.KeyValuePair`2[[System.String],[System.String]][]"},"Value":[]}]},"Attachments":[],"Outcome":1,"ErrorMessage":null,"ErrorStackTrace":null,"DisplayName":null,"Messages":[],"ComputerName":null,"Duration":"00:00:00.0009491","StartTime":"2020-12-01T16:30:38.4922467+01:00","EndTime":"2020-12-01T16:30:38.4939527+01:00","Properties":[{"Key":{"Id":"ExecutionId","Label":"ExecutionId","Category":"","Description":"","Attributes":1,"ValueType":"System.Guid"},"Value":"00000000-0000-0000-0000-000000000000"},{"Key":{"Id":"ParentExecId","Label":"ParentExecId","Category":"","Description":"","Attributes":1,"ValueType":"System.Guid"},"Value":"00000000-0000-0000-0000-000000000000"},{"Key":{"Id":"InnerResultsCount","Label":"InnerResultsCount","Category":"","Description":"","Attributes":1,"ValueType":"System.Int32"},"Value":0}]},{"TestCase":{"Id":"0c8ffaef-801a-8a51-fb0a-e1fce1c92bb3","FullyQualifiedName":"Testovi_za_zadatak_1.UnitTestVozilo.TestNepostojeaVrstaVozila","DisplayName":"TestNepostojeaVrstaVozila","ExecutorUri":"executor://MSTestAdapter/v2","Source":"C:\\Users\\berin\\Source\\Repos\\VVSzadaca2\\eParking\\Testovi za zadatak 1\\bin\\Debug\\fine-code-coverage\\Testovi za zadatak 1.dll","CodeFilePath":null,"LineNumber":-1,"Properties":[{"Key":{"Id":"MSTestDiscoverer.TestClassName","Label":"ClassName","Category":"","Description":"","Attributes":1,"ValueType":"System.String"},"Value":"Testovi_za_zadatak_1.UnitTestVozilo"},{"Key":{"Id":"TestObject.Traits","Label":"Traits","Category":"","Description":"","Attributes":5,"ValueType":"System.Collections.Generic.KeyValuePair`2[[System.String],[System.String]][]"},"Value":[]}]},"Attachments":[],"Outcome":1,"ErrorMessage":null,"ErrorStackTrace":null,"DisplayName":null,"Messages":[],"ComputerName":null,"Duration":"00:00:00.0009461","StartTime":"2020-12-01T16:30:38.4994639+01:00","EndTime":"2020-12-01T16:30:38.500719+01:00","Properties":[{"Key":{"Id":"ExecutionId","Label":"ExecutionId","Category":"","Description":"","Attributes":1,"ValueType":"System.Guid"},"Value":"00000000-0000-0000-0000-000000000000"},{"Key":{"Id":"ParentExecId","Label":"ParentExecId","Category":"","Description":"","Attributes":1,"ValueType":"System.Guid"},"Value":"00000000-0000-0000-0000-000000000000"},{"Key":{"Id":"InnerResultsCount","Label":"InnerResultsCount","Category":"","Description":"","Attributes":1,"ValueType":"System.Int32"},"Value":0}]},{"TestCase":{"Id":"9c1e6d53-5c3f-643c-a37d-5da038903104","FullyQualifiedName":"Testovi_za_zadatak_1.UnitTestVozilo.TestNeispravanFormatSjedita","DisplayName":"TestNeispravanFormatSjedita","ExecutorUri":"executor://MSTestAdapter/v2","Source":"C:\\Users\\berin\\Source\\Repos\\VVSzadaca2\\eParking\\Testovi za zadatak 1\\bin\\Debug\\fine-code-coverage\\Testovi za zadatak 1.dll","CodeFilePath":null,"LineNumber":-1,"Properties":[{"Key":{"Id":"MSTestDiscoverer.TestClassName","Label":"ClassName","Category":"","Description":"","Attributes":1,"ValueType":"System.String"},"Value":"Testovi_za_zadatak_1.UnitTestVozilo"},{"Key":{"Id":"TestObject.Traits","Label":"Traits","Category":"","Description":"","Attributes":5,"ValueType":"System.Collections.Generic.KeyValuePair`2[[System.String],[System.String]][]"},"Value":[]}]},"Attachments":[],"Outcome":1,"ErrorMessage":null,"ErrorStackTrace":null,"DisplayName":null,"Messages":[],"ComputerName":null,"Duration":"00:00:00.0009152","StartTime":"2020-12-01T16:30:38.5067344+01:00","EndTime":"2020-12-01T16:30:38.5081159+01:00","Properties":[{"Key":{"Id":"ExecutionId","Label":"ExecutionId","Category":"","Description":"","Attributes":1,"ValueType":"System.Guid"},"Value":"00000000-0000-0000-0000-000000000000"},{"Key":{"Id":"ParentExecId","Label":"ParentExecId","Category":"","Description":"","Attributes":1,"ValueType":"System.Guid"},"Value":"00000000-0000-0000-0000-000000000000"},{"Key":{"Id":"InnerResultsCount","Label":"InnerResultsCount","Category":"","Description":"","Attributes":1,"ValueType":"System.Int32"},"Value":0}]}],"TestRunStatistics":{"ExecutedTests":46,"Stats":{"Passed":45,"Failed":1}},"ActiveTests":[{"Id":"811e073f-346d-d214-af53-9bc836c2cf80","FullyQualifiedName":"Testovi_za_zadatak_1.UnitTestVozilo.TestGetMetode","DisplayName":"TestGetMetode","ExecutorUri":"executor://MSTestAdapter/v2","Source":"C:\\Users\\berin\\Source\\Repos\\VVSzadaca2\\eParking\\Testovi za zadatak 1\\bin\\Debug\\fine-code-coverage\\Testovi za zadatak 1.dll","CodeFilePath":null,"LineNumber":-1,"Properties":[{"Key":{"Id":"MSTestDiscoverer.TestClassName","Label":"ClassName","Category":"","Description":"","Attributes":1,"ValueType":"System.String"},"Value":"Testovi_za_zadatak_1.UnitTestVozilo"},{"Key":{"Id":"TestObject.Traits","Label":"Traits","Category":"","Description":"","Attributes":5,"ValueType":"System.Collections.Generic.KeyValuePair`2[[System.String],[System.String]][]"},"Value":[]}]}]}}
TpTrace Verbose: 0 : 15008, 4, 2020/12/01, 16:30:38.515, 2631331426901, testhost.dll, TestRunCache: OnNewTestResult: Notified the onCacheHit callback.
TpTrace Verbose: 0 : 15008, 4, 2020/12/01, 16:30:38.519, 2631331471984, testhost.dll, TestExecutionRecorder.RecordEnd: test: Testovi_za_zadatak_1.UnitTestVozilo.TestGetMetode execution completed.
TpTrace Warning: 0 : 15008, 4, 2020/12/01, 16:30:38.520, 2631331476115, testhost.dll, InProgressTests is null
TpTrace Verbose: 0 : 15008, 9, 2020/12/01, 16:30:38.520, 2631331480616, testhost.dll, TcpClientExtensions.MessageLoopAsync: Polling on remoteEndPoint: [::ffff:127.0.0.1]:7236 localEndPoint: [::ffff:127.0.0.1]:7237
TpTrace Verbose: 0 : 15008, 4, 2020/12/01, 16:30:38.523, 2631331506588, testhost.dll, TestExecutionRecorder.RecordResult: Received result for test: Testovi_za_zadatak_1.UnitTestVozilo.TestGetMetode.
TpTrace Warning: 0 : 15008, 4, 2020/12/01, 16:30:38.523, 2631331511022, testhost.dll, InProgressTests is null
TpTrace Warning: 0 : 15008, 4, 2020/12/01, 16:30:38.523, 2631331514457, testhost.dll, TestRunCache: No test found corresponding to testResult 'TestGetMetode  Passed' in inProgress list.
TpTrace Verbose: 0 : 15008, 4, 2020/12/01, 16:30:38.528, 2631331561017, testhost.dll, BaseRunTests.RunTestInternalWithExecutors: Completed running tests for executor://MSTestAdapter/v2
TpTrace Information: 0 : 15008, 4, 2020/12/01, 16:30:38.533, 2631331611756, testhost.dll, Sending test run complete
TpTrace Verbose: 0 : 15008, 4, 2020/12/01, 16:30:38.550, 2631331779403, testhost.dll, TestRequestHandler.SendData:  sending data from testhost: {"Version":2,"MessageType":"TestExecution.Completed","Payload":{"TestRunCompleteArgs":{"TestRunStatistics":{"ExecutedTests":47,"Stats":{"Passed":46,"Failed":1}},"IsCanceled":false,"IsAborted":false,"Error":null,"AttachmentSets":[],"ElapsedTimeInRunningTests":"00:00:00.8589614","Metrics":{}},"LastRunTests":{"NewTestResults":[{"TestCase":{"Id":"811e073f-346d-d214-af53-9bc836c2cf80","FullyQualifiedName":"Testovi_za_zadatak_1.UnitTestVozilo.TestGetMetode","DisplayName":"TestGetMetode","ExecutorUri":"executor://MSTestAdapter/v2","Source":"C:\\Users\\berin\\Source\\Repos\\VVSzadaca2\\eParking\\Testovi za zadatak 1\\bin\\Debug\\fine-code-coverage\\Testovi za zadatak 1.dll","CodeFilePath":null,"LineNumber":-1,"Properties":[{"Key":{"Id":"MSTestDiscoverer.TestClassName","Label":"ClassName","Category":"","Description":"","Attributes":1,"ValueType":"System.String"},"Value":"Testovi_za_zadatak_1.UnitTestVozilo"},{"Key":{"Id":"TestObject.Traits","Label":"Traits","Category":"","Description":"","Attributes":5,"ValueType":"System.Collections.Generic.KeyValuePair`2[[System.String],[System.String]][]"},"Value":[]}]},"Attachments":[],"Outcome":1,"ErrorMessage":null,"ErrorStackTrace":null,"DisplayName":null,"Messages":[],"ComputerName":null,"Duration":"00:00:00.0010661","StartTime":"2020-12-01T16:30:38.518369+01:00","EndTime":"2020-12-01T16:30:38.5197026+01:00","Properties":[{"Key":{"Id":"ExecutionId","Label":"ExecutionId","Category":"","Description":"","Attributes":1,"ValueType":"System.Guid"},"Value":"00000000-0000-0000-0000-000000000000"},{"Key":{"Id":"ParentExecId","Label":"ParentExecId","Category":"","Description":"","Attributes":1,"ValueType":"System.Guid"},"Value":"00000000-0000-0000-0000-000000000000"},{"Key":{"Id":"InnerResultsCount","Label":"InnerResultsCount","Category":"","Description":"","Attributes":1,"ValueType":"System.Int32"},"Value":0}]}],"TestRunStatistics":{"ExecutedTests":47,"Stats":{"Passed":46,"Failed":1}},"ActiveTests":[]},"RunAttachments":[],"ExecutorUris":["executor://mstestadapter/v2"]}}
TpTrace Verbose: 0 : 15008, 4, 2020/12/01, 16:30:38.551, 2631331787838, testhost.dll, BaseRunTests.RunTests: Run is complete.
TpTrace Verbose: 0 : 15008, 9, 2020/12/01, 16:30:38.552, 2631331798701, testhost.dll, TcpClientExtensions.MessageLoopAsync: NotifyDataAvailable remoteEndPoint: [::ffff:127.0.0.1]:7236 localEndPoint: [::ffff:127.0.0.1]:7237
TpTrace Information: 0 : 15008, 9, 2020/12/01, 16:30:38.552, 2631331802621, testhost.dll, TestRequestHandler.ProcessRequests: received message: (TestSession.Terminate) -> null
TpTrace Information: 0 : 15008, 9, 2020/12/01, 16:30:38.553, 2631331805266, testhost.dll, Session End message received from server. Closing the connection.
TpTrace Information: 0 : 15008, 9, 2020/12/01, 16:30:38.553, 2631331813353, testhost.dll, SocketClient.Stop: Stop communication from server endpoint: 127.0.0.1:07236
TpTrace Information: 0 : 15008, 9, 2020/12/01, 16:30:38.554, 2631331816434, testhost.dll, SocketClient: Stop: Cancellation requested. Stopping message loop.
TpTrace Verbose: 0 : 15008, 9, 2020/12/01, 16:30:38.555, 2631331825433, testhost.dll, LengthPrefixCommunicationChannel.Dispose: Dispose reader and writer.
TpTrace Information: 0 : 15008, 9, 2020/12/01, 16:30:38.555, 2631331828563, testhost.dll, Closing the connection !
TpTrace Information: 0 : 15008, 1, 2020/12/01, 16:30:38.555, 2631331827090, testhost.dll, Closing the connection !
TpTrace Information: 0 : 15008, 9, 2020/12/01, 16:30:38.556, 2631331834746, testhost.dll, SocketClient.PrivateStop: Stop communication from server endpoint: 127.0.0.1:07236, error:
TpTrace Information: 0 : 15008, 1, 2020/12/01, 16:30:38.556, 2631331835027, testhost.dll, SocketClient.Stop: Stop communication from server endpoint: 127.0.0.1:07236
TpTrace Verbose: 0 : 15008, 9, 2020/12/01, 16:30:38.556, 2631331838951, testhost.dll, LengthPrefixCommunicationChannel.Dispose: Dispose reader and writer.
TpTrace Verbose: 0 : 15008, 1, 2020/12/01, 16:30:38.556, 2631331841374, testhost.dll, LengthPrefixCommunicationChannel.Dispose: Dispose reader and writer.
TpTrace Verbose: 0 : 15008, 9, 2020/12/01, 16:30:38.556, 2631331844501, testhost.dll, TcpClientExtensions.MessageLoopAsync: exiting MessageLoopAsync remoteEndPoint: [::ffff:127.0.0.1]:7236 localEndPoint: [::ffff:127.0.0.1]:7237
TpTrace Information: 0 : 15008, 1, 2020/12/01, 16:30:38.557, 2631331850439, testhost.dll, Testhost process exiting.
