TpTrace Information: 0 : 9344, 1, 2020/12/01, 14:00:17.254, 175111384359, testhost.dll, DefaultEngineInvoker.Invoke: Testhost process started with args :[--port, 51882],[--endpoint, 127.0.0.1:051882],[--role, client],[--parentprocessid, 12692],[--diag, C:\Users\Korisnik\Documents\VVSzadaca2\eParking\Testovi za zadatak 1\bin\Debug\fine-code-coverage\_outputfolder\diagnostics.host.20-12-01_14-00-16_60077_6.log],[--tracelevel, 4],[--datacollectionport, 51881],[--telemetryoptedin, false]
TpTrace Information: 0 : 9344, 1, 2020/12/01, 14:00:17.271, 175111460881, testhost.dll, DefaultEngineInvoker.SetParentProcessExitCallback: Monitoring parent process with id: '12692'
TpTrace Information: 0 : 9344, 1, 2020/12/01, 14:00:17.292, 175111670511, testhost.dll, DefaultEngineInvoker.GetConnectionInfo: Initialize communication on endpoint address: '127.0.0.1:051882'
TpTrace Information: 0 : 9344, 1, 2020/12/01, 14:00:17.328, 175112028385, testhost.dll, SocketClient.Start: connecting to server endpoint: 127.0.0.1:051882
TpTrace Information: 0 : 9344, 1, 2020/12/01, 14:00:17.342, 175112171412, testhost.dll, DefaultEngineInvoker.ConnectToDatacollector: Connecting to datacollector, port: 51881
TpTrace Information: 0 : 9344, 4, 2020/12/01, 14:00:17.348, 175112224943, testhost.dll, SocketClient.OnServerConnected: connected to server endpoint: 127.0.0.1:051882
TpTrace Information: 0 : 9344, 1, 2020/12/01, 14:00:17.350, 175112248485, testhost.dll, Trying to connect to server on socket : 127.0.0.1:51881 
TpTrace Verbose: 0 : 9344, 1, 2020/12/01, 14:00:17.351, 175112258395, testhost.dll, SocketCommunicationManager : SetupClientAsync : Attempting to connect to the server.
TpTrace Verbose: 0 : 9344, 4, 2020/12/01, 14:00:17.354, 175112290499, testhost.dll, Connected to server, and starting MessageLoopAsync
TpTrace Information: 0 : 9344, 9, 2020/12/01, 14:00:17.356, 175112308051, testhost.dll, Connected to the server successfully 
TpTrace Information: 0 : 9344, 9, 2020/12/01, 14:00:17.356, 175112310734, testhost.dll, Using the buffer size of 16384 bytes
TpTrace Information: 0 : 9344, 1, 2020/12/01, 14:00:17.358, 175112325087, testhost.dll, DefaultEngineInvoker.Invoke: Start Request Processing.
TpTrace Information: 0 : 9344, 12, 2020/12/01, 14:00:17.360, 175112349496, testhost.dll, DefaultEngineInvoker.StartProcessingAsync: Connected to vstest.console, Starting process requests.
TpTrace Verbose: 0 : 9344, 4, 2020/12/01, 14:00:17.361, 175112359858, testhost.dll, TcpClientExtensions.MessageLoopAsync: Polling on remoteEndPoint: [::ffff:127.0.0.1]:51882 localEndPoint: [::ffff:127.0.0.1]:51883
TpTrace Verbose: 0 : 9344, 4, 2020/12/01, 14:00:17.362, 175112369206, testhost.dll, TcpClientExtensions.MessageLoopAsync: NotifyDataAvailable remoteEndPoint: [::ffff:127.0.0.1]:51882 localEndPoint: [::ffff:127.0.0.1]:51883
TpTrace Information: 0 : 9344, 4, 2020/12/01, 14:00:17.674, 175115491691, testhost.dll, TestRequestHandler.ProcessRequests: received message: (ProtocolVersion) -> 3
TpTrace Verbose: 0 : 9344, 4, 2020/12/01, 14:00:17.768, 175116429327, testhost.dll, TestRequestHandler.SendData:  sending data from testhost: {"Version":2,"MessageType":"TestSession.Message","Payload":{"MessageLevel":0,"Message":"Logging TestHost Diagnostics in file: C:\\Users\\Korisnik\\Documents\\VVSzadaca2\\eParking\\Testovi za zadatak 1\\bin\\Debug\\fine-code-coverage\\_outputfolder\\diagnostics.host.20-12-01_14-00-16_60077_6.log"}}
TpTrace Verbose: 0 : 9344, 4, 2020/12/01, 14:00:17.769, 175116433561, testhost.dll, TcpClientExtensions.MessageLoopAsync: Polling on remoteEndPoint: [::ffff:127.0.0.1]:51882 localEndPoint: [::ffff:127.0.0.1]:51883
TpTrace Verbose: 0 : 9344, 4, 2020/12/01, 14:00:17.769, 175116435949, testhost.dll, TcpClientExtensions.MessageLoopAsync: NotifyDataAvailable remoteEndPoint: [::ffff:127.0.0.1]:51882 localEndPoint: [::ffff:127.0.0.1]:51883
TpTrace Information: 0 : 9344, 4, 2020/12/01, 14:00:17.782, 175116571101, testhost.dll, TestRequestHandler.ProcessRequests: received message: (TestExecution.Initialize) -> [
  "C:\\Users\\Korisnik\\Documents\\VVSzadaca2\\eParking\\Testovi za zadatak 1\\bin\\Debug\\fine-code-coverage\\Microsoft.VisualStudio.TestPlatform.MSTest.TestAdapter.dll"
]
TpTrace Information: 0 : 9344, 4, 2020/12/01, 14:00:17.783, 175116577072, testhost.dll, Execution Session Initialize.
TpTrace Verbose: 0 : 9344, 4, 2020/12/01, 14:00:17.813, 175116878315, testhost.dll, TcpClientExtensions.MessageLoopAsync: Polling on remoteEndPoint: [::ffff:127.0.0.1]:51882 localEndPoint: [::ffff:127.0.0.1]:51883
TpTrace Verbose: 0 : 9344, 4, 2020/12/01, 14:00:17.815, 175116892909, testhost.dll, TcpClientExtensions.MessageLoopAsync: NotifyDataAvailable remoteEndPoint: [::ffff:127.0.0.1]:51882 localEndPoint: [::ffff:127.0.0.1]:51883
TpTrace Verbose: 0 : 9344, 5, 2020/12/01, 14:00:17.819, 175116937109, testhost.dll, TestExecutorService: Loading the extensions
TpTrace Verbose: 0 : 9344, 5, 2020/12/01, 14:00:17.824, 175116987362, testhost.dll, TestPluginCache.DiscoverTestExtensions: finding test extensions in assemblies endswith: TestAdapter.dll TPluginInfo: Microsoft.VisualStudio.TestPlatform.Common.ExtensionFramework.Utilities.TestExecutorPluginInformation TExtension: Microsoft.VisualStudio.TestPlatform.ObjectModel.Adapter.ITestExecutor
TpTrace Information: 0 : 9344, 4, 2020/12/01, 14:00:17.825, 175116993924, testhost.dll, TestRequestHandler.ProcessRequests: received message: (TestExecution.StartWithSources) -> {
  "AdapterSourceMap": {
    "_none_": [
      "C:\\Users\\Korisnik\\Documents\\VVSzadaca2\\eParking\\Testovi za zadatak 1\\bin\\Debug\\fine-code-coverage\\Testovi za zadatak 1.dll"
    ]
  },
  "RunSettings": "<RunSettings>\r\n  <RunConfiguration>\r\n    <ResultsDirectory>C:\\Users\\Korisnik\\Documents\\VVSzadaca2\\eParking\\Testovi za zadatak 1\\bin\\Debug\\fine-code-coverage\\_outputfolder</ResultsDirectory>\r\n    <TargetPlatform>X64</TargetPlatform>\r\n    <TargetFrameworkVersion>.NETCoreApp,Version=v3.1</TargetFrameworkVersion>\r\n    <DesignMode>False</DesignMode>\r\n    <CollectSourceInformation>False</CollectSourceInformation>\r\n  </RunConfiguration>\r\n  <LoggerRunSettings>\r\n    <Loggers>\r\n      <Logger friendlyName=\"blame\" enabled=\"True\" />\r\n      <Logger friendlyName=\"Console\" uri=\"logger://microsoft/TestPlatform/ConsoleLogger/v1\" assemblyQualifiedName=\"Microsoft.VisualStudio.TestPlatform.CommandLine.Internal.ConsoleLogger, vstest.console, Version=15.0.0.0, Culture=neutral, PublicKeyToken=b03f5f7f11d50a3a\" codeBase=\"C:\\Program Files\\dotnet\\sdk\\5.0.100\\vstest.console.dll\" enabled=\"True\" />\r\n    </Loggers>\r\n  </LoggerRunSettings>\r\n  <DataCollectionRunSettings>\r\n    <DataCollectors>\r\n      <DataCollector friendlyName=\"blame\" enabled=\"True\">\r\n        <Configuration>\r\n          <ResultsDirectory>C:\\Users\\Korisnik\\Documents\\VVSzadaca2\\eParking\\Testovi za zadatak 1\\bin\\Debug\\fine-code-coverage\\_outputfolder</ResultsDirectory>\r\n        </Configuration>\r\n      </DataCollector>\r\n    </DataCollectors>\r\n  </DataCollectionRunSettings>\r\n</RunSettings>",
  "TestExecutionContext": {
    "FrequencyOfRunStatsChangeEvent": 10,
    "RunStatsChangeEventTimeout": "00:00:01.5000000",
    "InIsolation": false,
    "KeepAlive": false,
    "AreTestCaseLevelEventsRequired": false,
    "IsDebug": false,
    "TestCaseFilter": null,
    "FilterOptions": null
  },
  "Package": null
}
TpTrace Information: 0 : 9344, 4, 2020/12/01, 14:00:17.825, 175116998171, testhost.dll, Execution started.
TpTrace Verbose: 0 : 9344, 5, 2020/12/01, 14:00:17.827, 175117017672, testhost.dll, TestPluginCache.GetExtensionPaths: Filtered extension paths: 
TpTrace Verbose: 0 : 9344, 5, 2020/12/01, 14:00:17.828, 175117028520, testhost.dll, TestPluginCache.GetExtensionPaths: Added default extension paths: C:\Users\Korisnik\Documents\VVSzadaca2\eParking\Testovi za zadatak 1\bin\Debug\fine-code-coverage\Microsoft.VisualStudio.TestPlatform.MSTest.TestAdapter.dll
TpTrace Verbose: 0 : 9344, 5, 2020/12/01, 14:00:17.828, 175117031080, testhost.dll, TestPluginCache.GetExtensionPaths: Added unfilterableExtensionPaths: 
TpTrace Information: 0 : 9344, 5, 2020/12/01, 14:00:17.835, 175117095872, testhost.dll, AssemblyResolver.ctor: Creating AssemblyResolver with searchDirectories C:\Users\Korisnik\Documents\VVSzadaca2\eParking\Testovi za zadatak 1\bin\Debug\fine-code-coverage
TpTrace Verbose: 0 : 9344, 5, 2020/12/01, 14:00:17.840, 175117145880, testhost.dll, TestPluginCache.DiscoverTestExtensions: Discovering the extensions using extension path.
TpTrace Verbose: 0 : 9344, 5, 2020/12/01, 14:00:17.840, 175117149692, testhost.dll, TestPluginCache.GetExtensionPaths: Filtered extension paths: 
TpTrace Verbose: 0 : 9344, 5, 2020/12/01, 14:00:17.840, 175117151945, testhost.dll, TestPluginCache.GetExtensionPaths: Added default extension paths: C:\Users\Korisnik\Documents\VVSzadaca2\eParking\Testovi za zadatak 1\bin\Debug\fine-code-coverage\Microsoft.VisualStudio.TestPlatform.MSTest.TestAdapter.dll
TpTrace Verbose: 0 : 9344, 5, 2020/12/01, 14:00:17.841, 175117154259, testhost.dll, TestPluginCache.GetExtensionPaths: Added unfilterableExtensionPaths: 
TpTrace Verbose: 0 : 9344, 5, 2020/12/01, 14:00:17.841, 175117157208, testhost.dll, TestPluginCache.DiscoverTestExtensions: Discovering the extensions using allExtensionPaths: C:\Users\Korisnik\Documents\VVSzadaca2\eParking\Testovi za zadatak 1\bin\Debug\fine-code-coverage\Microsoft.VisualStudio.TestPlatform.MSTest.TestAdapter.dll
TpTrace Information: 0 : 9344, 5, 2020/12/01, 14:00:17.844, 175117185262, testhost.dll, AssemblyResolver.AddSearchDirectories: Adding more searchDirectories C:\Users\Korisnik\Documents\VVSzadaca2\eParking\Testovi za zadatak 1\bin\Debug\fine-code-coverage
TpTrace Information: 0 : 9344, 5, 2020/12/01, 14:00:17.855, 175117293947, testhost.dll, AssemblyResolver.OnResolve: Microsoft.VisualStudio.TestPlatform.MSTest.TestAdapter: Resolving assembly.
TpTrace Information: 0 : 9344, 5, 2020/12/01, 14:00:17.858, 175117325767, testhost.dll, AssemblyResolver.OnResolve: Resolved assembly: Microsoft.VisualStudio.TestPlatform.MSTest.TestAdapter, from path: C:\Users\Korisnik\Documents\VVSzadaca2\eParking\Testovi za zadatak 1\bin\Debug\fine-code-coverage\Microsoft.VisualStudio.TestPlatform.MSTest.TestAdapter.dll
TpTrace Information: 0 : 9344, 5, 2020/12/01, 14:00:17.862, 175117371610, testhost.dll, AssemblyResolver.OnResolve: Microsoft.VisualStudio.TestPlatform.MSTestAdapter.PlatformServices.Interface: Resolving assembly.
TpTrace Information: 0 : 9344, 5, 2020/12/01, 14:00:17.864, 175117387578, testhost.dll, AssemblyResolver.OnResolve: Resolved assembly: Microsoft.VisualStudio.TestPlatform.MSTestAdapter.PlatformServices.Interface, from path: C:\Users\Korisnik\Documents\VVSzadaca2\eParking\Testovi za zadatak 1\bin\Debug\fine-code-coverage\Microsoft.VisualStudio.TestPlatform.MSTestAdapter.PlatformServices.Interface.dll
TpTrace Information: 0 : 9344, 5, 2020/12/01, 14:00:17.865, 175117392554, testhost.dll, AssemblyResolver.OnResolve: Microsoft.VisualStudio.TestPlatform.MSTestAdapter.PlatformServices: Resolving assembly.
TpTrace Information: 0 : 9344, 5, 2020/12/01, 14:00:17.866, 175117408738, testhost.dll, AssemblyResolver.OnResolve: Resolved assembly: Microsoft.VisualStudio.TestPlatform.MSTestAdapter.PlatformServices, from path: C:\Users\Korisnik\Documents\VVSzadaca2\eParking\Testovi za zadatak 1\bin\Debug\fine-code-coverage\Microsoft.VisualStudio.TestPlatform.MSTestAdapter.PlatformServices.dll
TpTrace Verbose: 0 : 9344, 5, 2020/12/01, 14:00:17.880, 175117548596, testhost.dll, TestPluginCache: Discovered the extensions using extension path ''.
TpTrace Verbose: 0 : 9344, 5, 2020/12/01, 14:00:17.881, 175117560912, testhost.dll, TestPluginCache: Discoverers are ''.
TpTrace Verbose: 0 : 9344, 5, 2020/12/01, 14:00:17.882, 175117563839, testhost.dll, TestPluginCache: Executors are 'executor://MSTestAdapter/v2'.
TpTrace Verbose: 0 : 9344, 5, 2020/12/01, 14:00:17.882, 175117567266, testhost.dll, TestPluginCache: Setting providers are ''.
TpTrace Verbose: 0 : 9344, 5, 2020/12/01, 14:00:17.882, 175117570471, testhost.dll, TestPluginCache: Loggers are ''.
TpTrace Verbose: 0 : 9344, 4, 2020/12/01, 14:00:17.888, 175117625967, testhost.dll, TcpClientExtensions.MessageLoopAsync: Polling on remoteEndPoint: [::ffff:127.0.0.1]:51882 localEndPoint: [::ffff:127.0.0.1]:51883
TpTrace Information: 0 : 9344, 5, 2020/12/01, 14:00:17.895, 175117694270, testhost.dll, TestPluginManager.CreateTestExtension: Attempting to load test extension: Microsoft.VisualStudio.TestPlatform.MSTest.TestAdapter.MSTestExecutor
TpTrace Verbose: 0 : 9344, 5, 2020/12/01, 14:00:17.905, 175117793288, testhost.dll, TestExecutorExtensionManager: Loading executor Microsoft.VisualStudio.TestPlatform.MSTest.TestAdapter.MSTestExecutor
TpTrace Verbose: 0 : 9344, 5, 2020/12/01, 14:00:17.905, 175117795735, testhost.dll, TestExecutorService: Loaded the executors
TpTrace Verbose: 0 : 9344, 5, 2020/12/01, 14:00:17.907, 175117822034, testhost.dll, TestPluginCache.DiscoverTestExtensions: finding test extensions in assemblies endswith: TestAdapter.dll TPluginInfo: Microsoft.VisualStudio.TestPlatform.Common.ExtensionFramework.Utilities.TestSettingsProviderPluginInformation TExtension: Microsoft.VisualStudio.TestPlatform.ObjectModel.Adapter.ISettingsProvider
TpTrace Verbose: 0 : 9344, 5, 2020/12/01, 14:00:17.908, 175117831343, testhost.dll, TestPluginCache.GetExtensionPaths: Filtered extension paths: 
TpTrace Verbose: 0 : 9344, 5, 2020/12/01, 14:00:17.909, 175117833554, testhost.dll, TestPluginCache.GetExtensionPaths: Added default extension paths: C:\Users\Korisnik\Documents\VVSzadaca2\eParking\Testovi za zadatak 1\bin\Debug\fine-code-coverage\Microsoft.VisualStudio.TestPlatform.MSTest.TestAdapter.dll
TpTrace Verbose: 0 : 9344, 5, 2020/12/01, 14:00:17.909, 175117835519, testhost.dll, TestPluginCache.GetExtensionPaths: Added unfilterableExtensionPaths: 
TpTrace Information: 0 : 9344, 5, 2020/12/01, 14:00:17.909, 175117840323, testhost.dll, AssemblyResolver.AddSearchDirectories: Adding more searchDirectories C:\Users\Korisnik\Documents\VVSzadaca2\eParking\Testovi za zadatak 1\bin\Debug\fine-code-coverage
TpTrace Verbose: 0 : 9344, 5, 2020/12/01, 14:00:17.910, 175117842581, testhost.dll, TestPluginCache.DiscoverTestExtensions: Discovering the extensions using extension path.
TpTrace Verbose: 0 : 9344, 5, 2020/12/01, 14:00:17.910, 175117844549, testhost.dll, TestPluginCache.GetExtensionPaths: Filtered extension paths: 
TpTrace Verbose: 0 : 9344, 5, 2020/12/01, 14:00:17.910, 175117846393, testhost.dll, TestPluginCache.GetExtensionPaths: Added default extension paths: C:\Users\Korisnik\Documents\VVSzadaca2\eParking\Testovi za zadatak 1\bin\Debug\fine-code-coverage\Microsoft.VisualStudio.TestPlatform.MSTest.TestAdapter.dll
TpTrace Verbose: 0 : 9344, 5, 2020/12/01, 14:00:17.910, 175117848195, testhost.dll, TestPluginCache.GetExtensionPaths: Added unfilterableExtensionPaths: 
TpTrace Verbose: 0 : 9344, 5, 2020/12/01, 14:00:17.910, 175117850070, testhost.dll, TestPluginCache.DiscoverTestExtensions: Discovering the extensions using allExtensionPaths: C:\Users\Korisnik\Documents\VVSzadaca2\eParking\Testovi za zadatak 1\bin\Debug\fine-code-coverage\Microsoft.VisualStudio.TestPlatform.MSTest.TestAdapter.dll
TpTrace Information: 0 : 9344, 5, 2020/12/01, 14:00:17.910, 175117852205, testhost.dll, AssemblyResolver.AddSearchDirectories: Adding more searchDirectories C:\Users\Korisnik\Documents\VVSzadaca2\eParking\Testovi za zadatak 1\bin\Debug\fine-code-coverage
TpTrace Verbose: 0 : 9344, 5, 2020/12/01, 14:00:17.911, 175117858947, testhost.dll, TestPluginCache: Discovered the extensions using extension path ''.
TpTrace Verbose: 0 : 9344, 5, 2020/12/01, 14:00:17.911, 175117860664, testhost.dll, TestPluginCache: Discoverers are ''.
TpTrace Verbose: 0 : 9344, 5, 2020/12/01, 14:00:17.911, 175117862083, testhost.dll, TestPluginCache: Executors are 'executor://MSTestAdapter/v2'.
TpTrace Verbose: 0 : 9344, 5, 2020/12/01, 14:00:17.912, 175117863785, testhost.dll, TestPluginCache: Setting providers are ''.
TpTrace Verbose: 0 : 9344, 5, 2020/12/01, 14:00:17.912, 175117865012, testhost.dll, TestPluginCache: Loggers are ''.
TpTrace Verbose: 0 : 9344, 5, 2020/12/01, 14:00:17.914, 175117882311, testhost.dll, TestExecutorService: Loaded the settings providers
TpTrace Information: 0 : 9344, 5, 2020/12/01, 14:00:17.914, 175117884780, testhost.dll, TestExecutorService: Loaded the extensions
TpTrace Information: 0 : 9344, 5, 2020/12/01, 14:00:17.998, 175118726495, testhost.dll, TestDiscoveryManager: Discovering tests from sources C:\Users\Korisnik\Documents\VVSzadaca2\eParking\Testovi za zadatak 1\bin\Debug\fine-code-coverage\Testovi za zadatak 1.dll
TpTrace Verbose: 0 : 9344, 5, 2020/12/01, 14:00:18.004, 175118788466, testhost.dll, TestPluginCache.DiscoverTestExtensions: finding test extensions in assemblies endswith: TestAdapter.dll TPluginInfo: Microsoft.VisualStudio.TestPlatform.Common.ExtensionFramework.Utilities.TestDiscovererPluginInformation TExtension: Microsoft.VisualStudio.TestPlatform.ObjectModel.Adapter.ITestDiscoverer
TpTrace Verbose: 0 : 9344, 5, 2020/12/01, 14:00:18.005, 175118792891, testhost.dll, TestPluginCache.GetExtensionPaths: Filtered extension paths: 
TpTrace Verbose: 0 : 9344, 5, 2020/12/01, 14:00:18.005, 175118795285, testhost.dll, TestPluginCache.GetExtensionPaths: Added default extension paths: C:\Users\Korisnik\Documents\VVSzadaca2\eParking\Testovi za zadatak 1\bin\Debug\fine-code-coverage\Microsoft.VisualStudio.TestPlatform.MSTest.TestAdapter.dll
TpTrace Verbose: 0 : 9344, 5, 2020/12/01, 14:00:18.005, 175118797302, testhost.dll, TestPluginCache.GetExtensionPaths: Added unfilterableExtensionPaths: 
TpTrace Information: 0 : 9344, 5, 2020/12/01, 14:00:18.005, 175118801327, testhost.dll, AssemblyResolver.AddSearchDirectories: Adding more searchDirectories C:\Users\Korisnik\Documents\VVSzadaca2\eParking\Testovi za zadatak 1\bin\Debug\fine-code-coverage
TpTrace Verbose: 0 : 9344, 5, 2020/12/01, 14:00:18.006, 175118803487, testhost.dll, TestPluginCache.DiscoverTestExtensions: Discovering the extensions using extension path.
TpTrace Verbose: 0 : 9344, 5, 2020/12/01, 14:00:18.006, 175118806053, testhost.dll, TestPluginCache.GetExtensionPaths: Filtered extension paths: 
TpTrace Verbose: 0 : 9344, 5, 2020/12/01, 14:00:18.006, 175118807886, testhost.dll, TestPluginCache.GetExtensionPaths: Added default extension paths: C:\Users\Korisnik\Documents\VVSzadaca2\eParking\Testovi za zadatak 1\bin\Debug\fine-code-coverage\Microsoft.VisualStudio.TestPlatform.MSTest.TestAdapter.dll
TpTrace Verbose: 0 : 9344, 5, 2020/12/01, 14:00:18.006, 175118809613, testhost.dll, TestPluginCache.GetExtensionPaths: Added unfilterableExtensionPaths: 
TpTrace Verbose: 0 : 9344, 5, 2020/12/01, 14:00:18.006, 175118811483, testhost.dll, TestPluginCache.DiscoverTestExtensions: Discovering the extensions using allExtensionPaths: C:\Users\Korisnik\Documents\VVSzadaca2\eParking\Testovi za zadatak 1\bin\Debug\fine-code-coverage\Microsoft.VisualStudio.TestPlatform.MSTest.TestAdapter.dll
TpTrace Information: 0 : 9344, 5, 2020/12/01, 14:00:18.007, 175118813683, testhost.dll, AssemblyResolver.AddSearchDirectories: Adding more searchDirectories C:\Users\Korisnik\Documents\VVSzadaca2\eParking\Testovi za zadatak 1\bin\Debug\fine-code-coverage
TpTrace Verbose: 0 : 9344, 5, 2020/12/01, 14:00:18.014, 175118883574, testhost.dll, TestPluginCache: Discovered the extensions using extension path ''.
TpTrace Verbose: 0 : 9344, 5, 2020/12/01, 14:00:18.014, 175118886483, testhost.dll, TestPluginCache: Discoverers are 'Microsoft.VisualStudio.TestPlatform.MSTest.TestAdapter.MSTestDiscoverer, Microsoft.VisualStudio.TestPlatform.MSTest.TestAdapter, Version=14.0.0.0, Culture=neutral, PublicKeyToken=b03f5f7f11d50a3a'.
TpTrace Verbose: 0 : 9344, 5, 2020/12/01, 14:00:18.014, 175118888397, testhost.dll, TestPluginCache: Executors are 'executor://MSTestAdapter/v2'.
TpTrace Verbose: 0 : 9344, 5, 2020/12/01, 14:00:18.014, 175118890151, testhost.dll, TestPluginCache: Setting providers are ''.
TpTrace Verbose: 0 : 9344, 5, 2020/12/01, 14:00:18.014, 175118891870, testhost.dll, TestPluginCache: Loggers are ''.
TpTrace Verbose: 0 : 9344, 5, 2020/12/01, 14:00:18.030, 175119045646, testhost.dll, BaseRunTests.RunTestInternalWithExecutors: Running tests for executor://MSTestAdapter/v2
TpTrace Information: 0 : 9344, 5, 2020/12/01, 14:00:18.165, 175120400408, testhost.dll, AssemblyResolver.OnResolve: Microsoft.VisualStudio.TestPlatform.MSTestAdapter.PlatformServices.resources: Resolving assembly.
TpTrace Information: 0 : 9344, 5, 2020/12/01, 14:00:18.166, 175120406890, testhost.dll, AssemblyResolver.OnResolve: Microsoft.VisualStudio.TestPlatform.MSTestAdapter.PlatformServices.resources: Failed to load assembly.
TpTrace Information: 0 : 9344, 5, 2020/12/01, 14:00:18.167, 175120416402, testhost.dll, AssemblyResolver.OnResolve: Microsoft.VisualStudio.TestPlatform.MSTestAdapter.PlatformServices.resources: Resolving assembly.
TpTrace Information: 0 : 9344, 5, 2020/12/01, 14:00:18.167, 175120418753, testhost.dll, AssemblyResolver.OnResolve: Microsoft.VisualStudio.TestPlatform.MSTestAdapter.PlatformServices.resources: Resolved from cache.
TpTrace Verbose: 0 : 9344, 5, 2020/12/01, 14:00:18.209, 175120839518, testhost.dll, TestExecutionRecorder.RecordStart: Starting test: Testovi_za_zadatak_1.UnitTest1.TestUpjesnogLogovanjaPrviPut.
TpTrace Verbose: 0 : 9344, 5, 2020/12/01, 14:00:18.403, 175122774127, testhost.dll, TestExecutionRecorder.RecordEnd: test: Testovi_za_zadatak_1.UnitTest1.TestUpjesnogLogovanjaPrviPut execution completed.
TpTrace Verbose: 0 : 9344, 5, 2020/12/01, 14:00:18.436, 175123106075, testhost.dll, TestExecutionRecorder.RecordResult: Received result for test: Testovi_za_zadatak_1.UnitTest1.TestUpjesnogLogovanjaPrviPut.
TpTrace Warning: 0 : 9344, 5, 2020/12/01, 14:00:18.442, 175123166398, testhost.dll, InProgressTests is null
TpTrace Warning: 0 : 9344, 5, 2020/12/01, 14:00:18.445, 175123199569, testhost.dll, TestRunCache: No test found corresponding to testResult 'TestUpjesnogLogovanjaPrviPut  Passed' in inProgress list.
TpTrace Verbose: 0 : 9344, 5, 2020/12/01, 14:00:18.446, 175123202873, testhost.dll, TestExecutionRecorder.RecordStart: Starting test: Testovi_za_zadatak_1.UnitTest1.TestNeuspjesnogLogovanja.
TpTrace Verbose: 0 : 9344, 5, 2020/12/01, 14:00:18.449, 175123237636, testhost.dll, TestExecutionRecorder.RecordEnd: test: Testovi_za_zadatak_1.UnitTest1.TestNeuspjesnogLogovanja execution completed.
TpTrace Verbose: 0 : 9344, 5, 2020/12/01, 14:00:18.451, 175123260539, testhost.dll, TestExecutionRecorder.RecordResult: Received result for test: Testovi_za_zadatak_1.UnitTest1.TestNeuspjesnogLogovanja.
TpTrace Warning: 0 : 9344, 5, 2020/12/01, 14:00:18.452, 175123262931, testhost.dll, InProgressTests is null
TpTrace Warning: 0 : 9344, 5, 2020/12/01, 14:00:18.452, 175123264207, testhost.dll, TestRunCache: No test found corresponding to testResult 'TestNeuspjesnogLogovanja  Passed' in inProgress list.
TpTrace Verbose: 0 : 9344, 5, 2020/12/01, 14:00:18.452, 175123265462, testhost.dll, TestExecutionRecorder.RecordStart: Starting test: Testovi_za_zadatak_1.UnitTest2.TestRezervacijeSaIsteklomClanarinom.
TpTrace Verbose: 0 : 9344, 5, 2020/12/01, 14:00:18.462, 175123367072, testhost.dll, TestExecutionRecorder.RecordEnd: test: Testovi_za_zadatak_1.UnitTest2.TestRezervacijeSaIsteklomClanarinom execution completed.
TpTrace Verbose: 0 : 9344, 5, 2020/12/01, 14:00:18.465, 175123392379, testhost.dll, TestExecutionRecorder.RecordResult: Received result for test: Testovi_za_zadatak_1.UnitTest2.TestRezervacijeSaIsteklomClanarinom.
TpTrace Warning: 0 : 9344, 5, 2020/12/01, 14:00:18.465, 175123395370, testhost.dll, InProgressTests is null
TpTrace Warning: 0 : 9344, 5, 2020/12/01, 14:00:18.465, 175123397430, testhost.dll, TestRunCache: No test found corresponding to testResult 'TestRezervacijeSaIsteklomClanarinom  Passed' in inProgress list.
TpTrace Verbose: 0 : 9344, 5, 2020/12/01, 14:00:18.465, 175123399572, testhost.dll, TestExecutionRecorder.RecordStart: Starting test: Testovi_za_zadatak_1.UnitTest2.TestUspjesneRezervacije.
TpTrace Verbose: 0 : 9344, 5, 2020/12/01, 14:00:18.476, 175123509776, testhost.dll, TestExecutionRecorder.RecordEnd: test: Testovi_za_zadatak_1.UnitTest2.TestUspjesneRezervacije execution completed.
TpTrace Verbose: 0 : 9344, 5, 2020/12/01, 14:00:18.479, 175123533968, testhost.dll, TestExecutionRecorder.RecordResult: Received result for test: Testovi_za_zadatak_1.UnitTest2.TestUspjesneRezervacije.
TpTrace Warning: 0 : 9344, 5, 2020/12/01, 14:00:18.479, 175123535863, testhost.dll, InProgressTests is null
TpTrace Warning: 0 : 9344, 5, 2020/12/01, 14:00:18.479, 175123537115, testhost.dll, TestRunCache: No test found corresponding to testResult 'TestUspjesneRezervacije  Passed' in inProgress list.
TpTrace Verbose: 0 : 9344, 5, 2020/12/01, 14:00:18.479, 175123538383, testhost.dll, TestExecutionRecorder.RecordStart: Starting test: Testovi_za_zadatak_1.UnitTest2.TestPonovneRezervacije.
TpTrace Verbose: 0 : 9344, 5, 2020/12/01, 14:00:18.483, 175123577888, testhost.dll, TestExecutionRecorder.RecordEnd: test: Testovi_za_zadatak_1.UnitTest2.TestPonovneRezervacije execution completed.
TpTrace Verbose: 0 : 9344, 5, 2020/12/01, 14:00:18.485, 175123601960, testhost.dll, TestExecutionRecorder.RecordResult: Received result for test: Testovi_za_zadatak_1.UnitTest2.TestPonovneRezervacije.
TpTrace Warning: 0 : 9344, 5, 2020/12/01, 14:00:18.486, 175123604281, testhost.dll, InProgressTests is null
TpTrace Warning: 0 : 9344, 5, 2020/12/01, 14:00:18.486, 175123605542, testhost.dll, TestRunCache: No test found corresponding to testResult 'TestPonovneRezervacije  Passed' in inProgress list.
TpTrace Verbose: 0 : 9344, 5, 2020/12/01, 14:00:18.486, 175123606811, testhost.dll, TestExecutionRecorder.RecordStart: Starting test: Testovi_za_zadatak_1.UnitTestClan.TestValidnihPodataka.
TpTrace Information: 0 : 9344, 5, 2020/12/01, 14:00:18.499, 175123738470, testhost.dll, AssemblyResolver.OnResolve: Microsoft.VisualStudio.TestPlatform.TestFramework.resources: Resolving assembly.
TpTrace Information: 0 : 9344, 5, 2020/12/01, 14:00:18.500, 175123742924, testhost.dll, AssemblyResolver.OnResolve: Microsoft.VisualStudio.TestPlatform.TestFramework.resources: Failed to load assembly.
TpTrace Verbose: 0 : 9344, 5, 2020/12/01, 14:00:18.502, 175123767966, testhost.dll, TestExecutionRecorder.RecordEnd: test: Testovi_za_zadatak_1.UnitTestClan.TestValidnihPodataka execution completed.
TpTrace Verbose: 0 : 9344, 5, 2020/12/01, 14:00:18.504, 175123790149, testhost.dll, TestExecutionRecorder.RecordResult: Received result for test: Testovi_za_zadatak_1.UnitTestClan.TestValidnihPodataka.
TpTrace Warning: 0 : 9344, 5, 2020/12/01, 14:00:18.505, 175123792770, testhost.dll, InProgressTests is null
TpTrace Warning: 0 : 9344, 5, 2020/12/01, 14:00:18.505, 175123794095, testhost.dll, TestRunCache: No test found corresponding to testResult 'TestValidnihPodataka  Passed' in inProgress list.
TpTrace Verbose: 0 : 9344, 5, 2020/12/01, 14:00:18.505, 175123795350, testhost.dll, TestExecutionRecorder.RecordEnd: test: Testovi_za_zadatak_1.UnitTestClan.TestValidnihPodataka execution completed.
TpTrace Warning: 0 : 9344, 5, 2020/12/01, 14:00:18.505, 175123796424, testhost.dll, InProgressTests is null
TpTrace Verbose: 0 : 9344, 5, 2020/12/01, 14:00:18.505, 175123797556, testhost.dll, TestExecutionRecorder.RecordResult: Received result for test: Testovi_za_zadatak_1.UnitTestClan.TestValidnihPodataka.
TpTrace Warning: 0 : 9344, 5, 2020/12/01, 14:00:18.505, 175123798752, testhost.dll, InProgressTests is null
TpTrace Warning: 0 : 9344, 5, 2020/12/01, 14:00:18.505, 175123799864, testhost.dll, TestRunCache: No test found corresponding to testResult 'TestValidnihPodataka  Passed' in inProgress list.
TpTrace Verbose: 0 : 9344, 5, 2020/12/01, 14:00:18.505, 175123801032, testhost.dll, TestExecutionRecorder.RecordEnd: test: Testovi_za_zadatak_1.UnitTestClan.TestValidnihPodataka execution completed.
TpTrace Warning: 0 : 9344, 5, 2020/12/01, 14:00:18.505, 175123802100, testhost.dll, InProgressTests is null
TpTrace Verbose: 0 : 9344, 5, 2020/12/01, 14:00:18.506, 175123803139, testhost.dll, TestExecutionRecorder.RecordResult: Received result for test: Testovi_za_zadatak_1.UnitTestClan.TestValidnihPodataka.
TpTrace Warning: 0 : 9344, 5, 2020/12/01, 14:00:18.506, 175123804364, testhost.dll, InProgressTests is null
TpTrace Warning: 0 : 9344, 5, 2020/12/01, 14:00:18.506, 175123805505, testhost.dll, TestRunCache: No test found corresponding to testResult 'TestValidnihPodataka  Passed' in inProgress list.
TpTrace Verbose: 0 : 9344, 5, 2020/12/01, 14:00:18.506, 175123806658, testhost.dll, TestExecutionRecorder.RecordEnd: test: Testovi_za_zadatak_1.UnitTestClan.TestValidnihPodataka execution completed.
TpTrace Warning: 0 : 9344, 5, 2020/12/01, 14:00:18.506, 175123807714, testhost.dll, InProgressTests is null
TpTrace Verbose: 0 : 9344, 5, 2020/12/01, 14:00:18.506, 175123808752, testhost.dll, TestExecutionRecorder.RecordResult: Received result for test: Testovi_za_zadatak_1.UnitTestClan.TestValidnihPodataka.
TpTrace Warning: 0 : 9344, 5, 2020/12/01, 14:00:18.506, 175123809974, testhost.dll, InProgressTests is null
TpTrace Warning: 0 : 9344, 5, 2020/12/01, 14:00:18.506, 175123811370, testhost.dll, TestRunCache: No test found corresponding to testResult 'TestValidnihPodataka  Passed' in inProgress list.
TpTrace Verbose: 0 : 9344, 5, 2020/12/01, 14:00:18.507, 175123812988, testhost.dll, TestExecutionRecorder.RecordEnd: test: Testovi_za_zadatak_1.UnitTestClan.TestValidnihPodataka execution completed.
TpTrace Warning: 0 : 9344, 5, 2020/12/01, 14:00:18.507, 175123814091, testhost.dll, InProgressTests is null
TpTrace Verbose: 0 : 9344, 5, 2020/12/01, 14:00:18.507, 175123815138, testhost.dll, TestExecutionRecorder.RecordResult: Received result for test: Testovi_za_zadatak_1.UnitTestClan.TestValidnihPodataka.
TpTrace Warning: 0 : 9344, 5, 2020/12/01, 14:00:18.507, 175123816401, testhost.dll, InProgressTests is null
TpTrace Warning: 0 : 9344, 5, 2020/12/01, 14:00:18.507, 175123817520, testhost.dll, TestRunCache: No test found corresponding to testResult 'TestValidnihPodataka  Passed' in inProgress list.
TpTrace Information: 0 : 9344, 5, 2020/12/01, 14:00:18.510, 175123849007, testhost.dll, Sending test run statistics
TpTrace Verbose: 0 : 9344, 5, 2020/12/01, 14:00:18.579, 175124533936, testhost.dll, TestRequestHandler.SendData:  sending data from testhost: {"Version":2,"MessageType":"TestExecution.StatsChange","Payload":{"NewTestResults":[{"TestCase":{"Id":"781dc7d7-8fb4-525e-b582-cc4e3cbec6ff","FullyQualifiedName":"Testovi_za_zadatak_1.UnitTest1.TestUpjesnogLogovanjaPrviPut","DisplayName":"TestUpjesnogLogovanjaPrviPut","ExecutorUri":"executor://MSTestAdapter/v2","Source":"C:\\Users\\Korisnik\\Documents\\VVSzadaca2\\eParking\\Testovi za zadatak 1\\bin\\Debug\\fine-code-coverage\\Testovi za zadatak 1.dll","CodeFilePath":null,"LineNumber":-1,"Properties":[{"Key":{"Id":"MSTestDiscoverer.TestClassName","Label":"ClassName","Category":"","Description":"","Attributes":1,"ValueType":"System.String"},"Value":"Testovi_za_zadatak_1.UnitTest1"},{"Key":{"Id":"TestObject.Traits","Label":"Traits","Category":"","Description":"","Attributes":5,"ValueType":"System.Collections.Generic.KeyValuePair`2[[System.String],[System.String]][]"},"Value":[]}]},"Attachments":[],"Outcome":1,"ErrorMessage":null,"ErrorStackTrace":null,"DisplayName":null,"Messages":[],"ComputerName":null,"Duration":"00:00:00.0141216","StartTime":"2020-12-01T14:00:18.3271979+01:00","EndTime":"2020-12-01T14:00:18.392338+01:00","Properties":[{"Key":{"Id":"ExecutionId","Label":"ExecutionId","Category":"","Description":"","Attributes":1,"ValueType":"System.Guid"},"Value":"00000000-0000-0000-0000-000000000000"},{"Key":{"Id":"ParentExecId","Label":"ParentExecId","Category":"","Description":"","Attributes":1,"ValueType":"System.Guid"},"Value":"00000000-0000-0000-0000-000000000000"},{"Key":{"Id":"InnerResultsCount","Label":"InnerResultsCount","Category":"","Description":"","Attributes":1,"ValueType":"System.Int32"},"Value":0}]},{"TestCase":{"Id":"194a2042-c737-7d8d-0412-a82cbea53d52","FullyQualifiedName":"Testovi_za_zadatak_1.UnitTest1.TestNeuspjesnogLogovanja","DisplayName":"TestNeuspjesnogLogovanja","ExecutorUri":"executor://MSTestAdapter/v2","Source":"C:\\Users\\Korisnik\\Documents\\VVSzadaca2\\eParking\\Testovi za zadatak 1\\bin\\Debug\\fine-code-coverage\\Testovi za zadatak 1.dll","CodeFilePath":null,"LineNumber":-1,"Properties":[{"Key":{"Id":"MSTestDiscoverer.TestClassName","Label":"ClassName","Category":"","Description":"","Attributes":1,"ValueType":"System.String"},"Value":"Testovi_za_zadatak_1.UnitTest1"},{"Key":{"Id":"TestObject.Traits","Label":"Traits","Category":"","Description":"","Attributes":5,"ValueType":"System.Collections.Generic.KeyValuePair`2[[System.String],[System.String]][]"},"Value":[]}]},"Attachments":[],"Outcome":1,"ErrorMessage":null,"ErrorStackTrace":null,"DisplayName":null,"Messages":[],"ComputerName":null,"Duration":"00:00:00.0003854","StartTime":"2020-12-01T14:00:18.4486785+01:00","EndTime":"2020-12-01T14:00:18.4495004+01:00","Properties":[{"Key":{"Id":"ExecutionId","Label":"ExecutionId","Category":"","Description":"","Attributes":1,"ValueType":"System.Guid"},"Value":"00000000-0000-0000-0000-000000000000"},{"Key":{"Id":"ParentExecId","Label":"ParentExecId","Category":"","Description":"","Attributes":1,"ValueType":"System.Guid"},"Value":"00000000-0000-0000-0000-000000000000"},{"Key":{"Id":"InnerResultsCount","Label":"InnerResultsCount","Category":"","Description":"","Attributes":1,"ValueType":"System.Int32"},"Value":0}]},{"TestCase":{"Id":"ec6ccc20-1316-af6a-d68a-73e847cc9d5d","FullyQualifiedName":"Testovi_za_zadatak_1.UnitTest2.TestRezervacijeSaIsteklomClanarinom","DisplayName":"TestRezervacijeSaIsteklomClanarinom","ExecutorUri":"executor://MSTestAdapter/v2","Source":"C:\\Users\\Korisnik\\Documents\\VVSzadaca2\\eParking\\Testovi za zadatak 1\\bin\\Debug\\fine-code-coverage\\Testovi za zadatak 1.dll","CodeFilePath":null,"LineNumber":-1,"Properties":[{"Key":{"Id":"MSTestDiscoverer.TestClassName","Label":"ClassName","Category":"","Description":"","Attributes":1,"ValueType":"System.String"},"Value":"Testovi_za_zadatak_1.UnitTest2"},{"Key":{"Id":"TestObject.Traits","Label":"Traits","Category":"","Description":"","Attributes":5,"ValueType":"System.Collections.Generic.KeyValuePair`2[[System.String],[System.String]][]"},"Value":[]}]},"Attachments":[],"Outcome":1,"ErrorMessage":null,"ErrorStackTrace":null,"DisplayName":null,"Messages":[],"ComputerName":null,"Duration":"00:00:00.0046486","StartTime":"2020-12-01T14:00:18.4542752+01:00","EndTime":"2020-12-01T14:00:18.4624536+01:00","Properties":[{"Key":{"Id":"ExecutionId","Label":"ExecutionId","Category":"","Description":"","Attributes":1,"ValueType":"System.Guid"},"Value":"00000000-0000-0000-0000-000000000000"},{"Key":{"Id":"ParentExecId","Label":"ParentExecId","Category":"","Description":"","Attributes":1,"ValueType":"System.Guid"},"Value":"00000000-0000-0000-0000-000000000000"},{"Key":{"Id":"InnerResultsCount","Label":"InnerResultsCount","Category":"","Description":"","Attributes":1,"ValueType":"System.Int32"},"Value":0}]},{"TestCase":{"Id":"73c779c6-8673-de7a-082e-4cdd59256d16","FullyQualifiedName":"Testovi_za_zadatak_1.UnitTest2.TestUspjesneRezervacije","DisplayName":"TestUspjesneRezervacije","ExecutorUri":"executor://MSTestAdapter/v2","Source":"C:\\Users\\Korisnik\\Documents\\VVSzadaca2\\eParking\\Testovi za zadatak 1\\bin\\Debug\\fine-code-coverage\\Testovi za zadatak 1.dll","CodeFilePath":null,"LineNumber":-1,"Properties":[{"Key":{"Id":"MSTestDiscoverer.TestClassName","Label":"ClassName","Category":"","Description":"","Attributes":1,"ValueType":"System.String"},"Value":"Testovi_za_zadatak_1.UnitTest2"},{"Key":{"Id":"TestObject.Traits","Label":"Traits","Category":"","Description":"","Attributes":5,"ValueType":"System.Collections.Generic.KeyValuePair`2[[System.String],[System.String]][]"},"Value":[]}]},"Attachments":[],"Outcome":1,"ErrorMessage":null,"ErrorStackTrace":null,"DisplayName":null,"Messages":[],"ComputerName":null,"Duration":"00:00:00.0019149","StartTime":"2020-12-01T14:00:18.4745966+01:00","EndTime":"2020-12-01T14:00:18.4767302+01:00","Properties":[{"Key":{"Id":"ExecutionId","Label":"ExecutionId","Category":"","Description":"","Attributes":1,"ValueType":"System.Guid"},"Value":"00000000-0000-0000-0000-000000000000"},{"Key":{"Id":"ParentExecId","Label":"ParentExecId","Category":"","Description":"","Attributes":1,"ValueType":"System.Guid"},"Value":"00000000-0000-0000-0000-000000000000"},{"Key":{"Id":"InnerResultsCount","Label":"InnerResultsCount","Category":"","Description":"","Attributes":1,"ValueType":"System.Int32"},"Value":0}]},{"TestCase":{"Id":"2216986d-83f6-cc4d-23a0-b8a0fd6ee0ea","FullyQualifiedName":"Testovi_za_zadatak_1.UnitTest2.TestPonovneRezervacije","DisplayName":"TestPonovneRezervacije","ExecutorUri":"executor://MSTestAdapter/v2","Source":"C:\\Users\\Korisnik\\Documents\\VVSzadaca2\\eParking\\Testovi za zadatak 1\\bin\\Debug\\fine-code-coverage\\Testovi za zadatak 1.dll","CodeFilePath":null,"LineNumber":-1,"Properties":[{"Key":{"Id":"MSTestDiscoverer.TestClassName","Label":"ClassName","Category":"","Description":"","Attributes":1,"ValueType":"System.String"},"Value":"Testovi_za_zadatak_1.UnitTest2"},{"Key":{"Id":"TestObject.Traits","Label":"Traits","Category":"","Description":"","Attributes":5,"ValueType":"System.Collections.Generic.KeyValuePair`2[[System.String],[System.String]][]"},"Value":[]}]},"Attachments":[],"Outcome":1,"ErrorMessage":null,"ErrorStackTrace":null,"DisplayName":null,"Messages":[],"ComputerName":null,"Duration":"00:00:00.0013145","StartTime":"2020-12-01T14:00:18.4819489+01:00","EndTime":"2020-12-01T14:00:18.4835438+01:00","Properties":[{"Key":{"Id":"ExecutionId","Label":"ExecutionId","Category":"","Description":"","Attributes":1,"ValueType":"System.Guid"},"Value":"00000000-0000-0000-0000-000000000000"},{"Key":{"Id":"ParentExecId","Label":"ParentExecId","Category":"","Description":"","Attributes":1,"ValueType":"System.Guid"},"Value":"00000000-0000-0000-0000-000000000000"},{"Key":{"Id":"InnerResultsCount","Label":"InnerResultsCount","Category":"","Description":"","Attributes":1,"ValueType":"System.Int32"},"Value":0}]},{"TestCase":{"Id":"1f7b6345-1a11-278d-35a8-a979b4ec047f","FullyQualifiedName":"Testovi_za_zadatak_1.UnitTestClan.TestValidnihPodataka","DisplayName":"TestValidnihPodataka","ExecutorUri":"executor://MSTestAdapter/v2","Source":"C:\\Users\\Korisnik\\Documents\\VVSzadaca2\\eParking\\Testovi za zadatak 1\\bin\\Debug\\fine-code-coverage\\Testovi za zadatak 1.dll","CodeFilePath":null,"LineNumber":-1,"Properties":[{"Key":{"Id":"MSTestDiscoverer.TestClassName","Label":"ClassName","Category":"","Description":"","Attributes":1,"ValueType":"System.String"},"Value":"Testovi_za_zadatak_1.UnitTestClan"},{"Key":{"Id":"TestObject.Traits","Label":"Traits","Category":"","Description":"","Attributes":5,"ValueType":"System.Collections.Generic.KeyValuePair`2[[System.String],[System.String]][]"},"Value":[]}]},"Attachments":[],"Outcome":1,"ErrorMessage":null,"ErrorStackTrace":null,"DisplayName":null,"Messages":[],"ComputerName":null,"Duration":"00:00:00.0081874","StartTime":"2020-12-01T14:00:18.4886677+01:00","EndTime":"2020-12-01T14:00:18.5025336+01:00","Properties":[{"Key":{"Id":"ExecutionId","Label":"ExecutionId","Category":"","Description":"","Attributes":1,"ValueType":"System.Guid"},"Value":"dc87b7de-5809-4ea2-96aa-18a1854ca3a6"},{"Key":{"Id":"ParentExecId","Label":"ParentExecId","Category":"","Description":"","Attributes":1,"ValueType":"System.Guid"},"Value":"00000000-0000-0000-0000-000000000000"},{"Key":{"Id":"InnerResultsCount","Label":"InnerResultsCount","Category":"","Description":"","Attributes":1,"ValueType":"System.Int32"},"Value":5}]},{"TestCase":{"Id":"1f7b6345-1a11-278d-35a8-a979b4ec047f","FullyQualifiedName":"Testovi_za_zadatak_1.UnitTestClan.TestValidnihPodataka","DisplayName":"TestValidnihPodataka","ExecutorUri":"executor://MSTestAdapter/v2","Source":"C:\\Users\\Korisnik\\Documents\\VVSzadaca2\\eParking\\Testovi za zadatak 1\\bin\\Debug\\fine-code-coverage\\Testovi za zadatak 1.dll","CodeFilePath":null,"LineNumber":-1,"Properties":[{"Key":{"Id":"MSTestDiscoverer.TestClassName","Label":"ClassName","Category":"","Description":"","Attributes":1,"ValueType":"System.String"},"Value":"Testovi_za_zadatak_1.UnitTestClan"},{"Key":{"Id":"TestObject.Traits","Label":"Traits","Category":"","Description":"","Attributes":5,"ValueType":"System.Collections.Generic.KeyValuePair`2[[System.String],[System.String]][]"},"Value":[]}]},"Attachments":[],"Outcome":1,"ErrorMessage":null,"ErrorStackTrace":null,"DisplayName":"TestValidnihPodataka (user1,password12,Adresa,Automobil,123-A-123,5,2022,5,1)","Messages":[],"ComputerName":null,"Duration":"00:00:00.0011352","StartTime":"2020-12-01T14:00:18.4886677+01:00","EndTime":"2020-12-01T14:00:18.5025336+01:00","Properties":[{"Key":{"Id":"ExecutionId","Label":"ExecutionId","Category":"","Description":"","Attributes":1,"ValueType":"System.Guid"},"Value":"440041a8-072e-4be7-b9f4-ba7d92808dfd"},{"Key":{"Id":"ParentExecId","Label":"ParentExecId","Category":"","Description":"","Attributes":1,"ValueType":"System.Guid"},"Value":"dc87b7de-5809-4ea2-96aa-18a1854ca3a6"},{"Key":{"Id":"InnerResultsCount","Label":"InnerResultsCount","Category":"","Description":"","Attributes":1,"ValueType":"System.Int32"},"Value":0}]},{"TestCase":{"Id":"1f7b6345-1a11-278d-35a8-a979b4ec047f","FullyQualifiedName":"Testovi_za_zadatak_1.UnitTestClan.TestValidnihPodataka","DisplayName":"TestValidnihPodataka","ExecutorUri":"executor://MSTestAdapter/v2","Source":"C:\\Users\\Korisnik\\Documents\\VVSzadaca2\\eParking\\Testovi za zadatak 1\\bin\\Debug\\fine-code-coverage\\Testovi za zadatak 1.dll","CodeFilePath":null,"LineNumber":-1,"Properties":[{"Key":{"Id":"MSTestDiscoverer.TestClassName","Label":"ClassName","Category":"","Description":"","Attributes":1,"ValueType":"System.String"},"Value":"Testovi_za_zadatak_1.UnitTestClan"},{"Key":{"Id":"TestObject.Traits","Label":"Traits","Category":"","Description":"","Attributes":5,"ValueType":"System.Collections.Generic.KeyValuePair`2[[System.String],[System.String]][]"},"Value":[]}]},"Attachments":[],"Outcome":1,"ErrorMessage":null,"ErrorStackTrace":null,"DisplayName":"TestValidnihPodataka (user1,12password,Adresa,Automobil,123-A-123,5,2022,5,1)","Messages":[],"ComputerName":null,"Duration":"00:00:00.0000400","StartTime":"2020-12-01T14:00:18.4886677+01:00","EndTime":"2020-12-01T14:00:18.5025336+01:00","Properties":[{"Key":{"Id":"ExecutionId","Label":"ExecutionId","Category":"","Description":"","Attributes":1,"ValueType":"System.Guid"},"Value":"24f454aa-5d54-4a84-a4be-06e9000276fb"},{"Key":{"Id":"ParentExecId","Label":"ParentExecId","Category":"","Description":"","Attributes":1,"ValueType":"System.Guid"},"Value":"dc87b7de-5809-4ea2-96aa-18a1854ca3a6"},{"Key":{"Id":"InnerResultsCount","Label":"InnerResultsCount","Category":"","Description":"","Attributes":1,"ValueType":"System.Int32"},"Value":0}]},{"TestCase":{"Id":"1f7b6345-1a11-278d-35a8-a979b4ec047f","FullyQualifiedName":"Testovi_za_zadatak_1.UnitTestClan.TestValidnihPodataka","DisplayName":"TestValidnihPodataka","ExecutorUri":"executor://MSTestAdapter/v2","Source":"C:\\Users\\Korisnik\\Documents\\VVSzadaca2\\eParking\\Testovi za zadatak 1\\bin\\Debug\\fine-code-coverage\\Testovi za zadatak 1.dll","CodeFilePath":null,"LineNumber":-1,"Properties":[{"Key":{"Id":"MSTestDiscoverer.TestClassName","Label":"ClassName","Category":"","Description":"","Attributes":1,"ValueType":"System.String"},"Value":"Testovi_za_zadatak_1.UnitTestClan"},{"Key":{"Id":"TestObject.Traits","Label":"Traits","Category":"","Description":"","Attributes":5,"ValueType":"System.Collections.Generic.KeyValuePair`2[[System.String],[System.String]][]"},"Value":[]}]},"Attachments":[],"Outcome":1,"ErrorMessage":null,"ErrorStackTrace":null,"DisplayName":"TestValidnihPodataka (user1,passworddd,Adresa,Automobil,123-A-123,5,2022,5,1)","Messages":[],"ComputerName":null,"Duration":"00:00:00.0000213","StartTime":"2020-12-01T14:00:18.4886677+01:00","EndTime":"2020-12-01T14:00:18.5025336+01:00","Properties":[{"Key":{"Id":"ExecutionId","Label":"ExecutionId","Category":"","Description":"","Attributes":1,"ValueType":"System.Guid"},"Value":"961dccd5-ca50-4549-a149-76734ff58b51"},{"Key":{"Id":"ParentExecId","Label":"ParentExecId","Category":"","Description":"","Attributes":1,"ValueType":"System.Guid"},"Value":"dc87b7de-5809-4ea2-96aa-18a1854ca3a6"},{"Key":{"Id":"InnerResultsCount","Label":"InnerResultsCount","Category":"","Description":"","Attributes":1,"ValueType":"System.Int32"},"Value":0}]},{"TestCase":{"Id":"1f7b6345-1a11-278d-35a8-a979b4ec047f","FullyQualifiedName":"Testovi_za_zadatak_1.UnitTestClan.TestValidnihPodataka","DisplayName":"TestValidnihPodataka","ExecutorUri":"executor://MSTestAdapter/v2","Source":"C:\\Users\\Korisnik\\Documents\\VVSzadaca2\\eParking\\Testovi za zadatak 1\\bin\\Debug\\fine-code-coverage\\Testovi za zadatak 1.dll","CodeFilePath":null,"LineNumber":-1,"Properties":[{"Key":{"Id":"MSTestDiscoverer.TestClassName","Label":"ClassName","Category":"","Description":"","Attributes":1,"ValueType":"System.String"},"Value":"Testovi_za_zadatak_1.UnitTestClan"},{"Key":{"Id":"TestObject.Traits","Label":"Traits","Category":"","Description":"","Attributes":5,"ValueType":"System.Collections.Generic.KeyValuePair`2[[System.String],[System.String]][]"},"Value":[]}]},"Attachments":[],"Outcome":1,"ErrorMessage":null,"ErrorStackTrace":null,"DisplayName":"TestValidnihPodataka (user1,0123456789,Adresa,Automobil,123-A-123,5,2022,5,1)","Messages":[],"ComputerName":null,"Duration":"00:00:00.0000148","StartTime":"2020-12-01T14:00:18.4886677+01:00","EndTime":"2020-12-01T14:00:18.5025336+01:00","Properties":[{"Key":{"Id":"ExecutionId","Label":"ExecutionId","Category":"","Description":"","Attributes":1,"ValueType":"System.Guid"},"Value":"d774ee63-e058-465a-89bc-2d79279c9cdd"},{"Key":{"Id":"ParentExecId","Label":"ParentExecId","Category":"","Description":"","Attributes":1,"ValueType":"System.Guid"},"Value":"dc87b7de-5809-4ea2-96aa-18a1854ca3a6"},{"Key":{"Id":"InnerResultsCount","Label":"InnerResultsCount","Category":"","Description":"","Attributes":1,"ValueType":"System.Int32"},"Value":0}]}],"TestRunStatistics":{"ExecutedTests":10,"Stats":{"Passed":10}},"ActiveTests":[]}}
TpTrace Verbose: 0 : 9344, 5, 2020/12/01, 14:00:18.580, 175124542734, testhost.dll, TestRunCache: OnNewTestResult: Notified the onCacheHit callback.
TpTrace Verbose: 0 : 9344, 5, 2020/12/01, 14:00:18.580, 175124545295, testhost.dll, TestExecutionRecorder.RecordEnd: test: Testovi_za_zadatak_1.UnitTestClan.TestValidnihPodataka execution completed.
TpTrace Warning: 0 : 9344, 5, 2020/12/01, 14:00:18.580, 175124547299, testhost.dll, InProgressTests is null
TpTrace Verbose: 0 : 9344, 5, 2020/12/01, 14:00:18.580, 175124549041, testhost.dll, TestExecutionRecorder.RecordResult: Received result for test: Testovi_za_zadatak_1.UnitTestClan.TestValidnihPodataka.
TpTrace Warning: 0 : 9344, 5, 2020/12/01, 14:00:18.580, 175124551830, testhost.dll, InProgressTests is null
TpTrace Warning: 0 : 9344, 5, 2020/12/01, 14:00:18.581, 175124553697, testhost.dll, TestRunCache: No test found corresponding to testResult 'TestValidnihPodataka  Passed' in inProgress list.
TpTrace Verbose: 0 : 9344, 5, 2020/12/01, 14:00:18.581, 175124555731, testhost.dll, TestExecutionRecorder.RecordStart: Starting test: Testovi_za_zadatak_1.UnitTestClan.TestNevalidnihPodataka.
TpTrace Verbose: 0 : 9344, 5, 2020/12/01, 14:00:18.593, 175124677210, testhost.dll, TestExecutionRecorder.RecordEnd: test: Testovi_za_zadatak_1.UnitTestClan.TestNevalidnihPodataka execution completed.
TpTrace Verbose: 0 : 9344, 5, 2020/12/01, 14:00:18.596, 175124709181, testhost.dll, TestExecutionRecorder.RecordResult: Received result for test: Testovi_za_zadatak_1.UnitTestClan.TestNevalidnihPodataka.
TpTrace Warning: 0 : 9344, 5, 2020/12/01, 14:00:18.596, 175124711818, testhost.dll, InProgressTests is null
TpTrace Warning: 0 : 9344, 5, 2020/12/01, 14:00:18.597, 175124713741, testhost.dll, TestRunCache: No test found corresponding to testResult 'TestNevalidnihPodataka  Passed' in inProgress list.
TpTrace Verbose: 0 : 9344, 5, 2020/12/01, 14:00:18.597, 175124715703, testhost.dll, TestExecutionRecorder.RecordEnd: test: Testovi_za_zadatak_1.UnitTestClan.TestNevalidnihPodataka execution completed.
TpTrace Warning: 0 : 9344, 5, 2020/12/01, 14:00:18.597, 175124717591, testhost.dll, InProgressTests is null
TpTrace Verbose: 0 : 9344, 5, 2020/12/01, 14:00:18.597, 175124719377, testhost.dll, TestExecutionRecorder.RecordResult: Received result for test: Testovi_za_zadatak_1.UnitTestClan.TestNevalidnihPodataka.
TpTrace Warning: 0 : 9344, 5, 2020/12/01, 14:00:18.597, 175124721481, testhost.dll, InProgressTests is null
TpTrace Warning: 0 : 9344, 5, 2020/12/01, 14:00:18.598, 175124723405, testhost.dll, TestRunCache: No test found corresponding to testResult 'TestNevalidnihPodataka  Passed' in inProgress list.
TpTrace Verbose: 0 : 9344, 5, 2020/12/01, 14:00:18.598, 175124725354, testhost.dll, TestExecutionRecorder.RecordEnd: test: Testovi_za_zadatak_1.UnitTestClan.TestNevalidnihPodataka execution completed.
TpTrace Warning: 0 : 9344, 5, 2020/12/01, 14:00:18.598, 175124727313, testhost.dll, InProgressTests is null
TpTrace Verbose: 0 : 9344, 5, 2020/12/01, 14:00:18.598, 175124729090, testhost.dll, TestExecutionRecorder.RecordResult: Received result for test: Testovi_za_zadatak_1.UnitTestClan.TestNevalidnihPodataka.
TpTrace Warning: 0 : 9344, 5, 2020/12/01, 14:00:18.598, 175124731169, testhost.dll, InProgressTests is null
TpTrace Warning: 0 : 9344, 5, 2020/12/01, 14:00:18.599, 175124733071, testhost.dll, TestRunCache: No test found corresponding to testResult 'TestNevalidnihPodataka  Passed' in inProgress list.
TpTrace Verbose: 0 : 9344, 5, 2020/12/01, 14:00:18.599, 175124735015, testhost.dll, TestExecutionRecorder.RecordEnd: test: Testovi_za_zadatak_1.UnitTestClan.TestNevalidnihPodataka execution completed.
TpTrace Warning: 0 : 9344, 5, 2020/12/01, 14:00:18.599, 175124736985, testhost.dll, InProgressTests is null
TpTrace Verbose: 0 : 9344, 5, 2020/12/01, 14:00:18.599, 175124738742, testhost.dll, TestExecutionRecorder.RecordResult: Received result for test: Testovi_za_zadatak_1.UnitTestClan.TestNevalidnihPodataka.
TpTrace Warning: 0 : 9344, 5, 2020/12/01, 14:00:18.599, 175124740865, testhost.dll, InProgressTests is null
TpTrace Warning: 0 : 9344, 5, 2020/12/01, 14:00:18.600, 175124742750, testhost.dll, TestRunCache: No test found corresponding to testResult 'TestNevalidnihPodataka  Passed' in inProgress list.
TpTrace Verbose: 0 : 9344, 5, 2020/12/01, 14:00:18.600, 175124744710, testhost.dll, TestExecutionRecorder.RecordEnd: test: Testovi_za_zadatak_1.UnitTestClan.TestNevalidnihPodataka execution completed.
TpTrace Warning: 0 : 9344, 5, 2020/12/01, 14:00:18.600, 175124746468, testhost.dll, InProgressTests is null
TpTrace Verbose: 0 : 9344, 5, 2020/12/01, 14:00:18.600, 175124748326, testhost.dll, TestExecutionRecorder.RecordResult: Received result for test: Testovi_za_zadatak_1.UnitTestClan.TestNevalidnihPodataka.
TpTrace Warning: 0 : 9344, 5, 2020/12/01, 14:00:18.600, 175124750323, testhost.dll, InProgressTests is null
TpTrace Warning: 0 : 9344, 5, 2020/12/01, 14:00:18.601, 175124752549, testhost.dll, TestRunCache: No test found corresponding to testResult 'TestNevalidnihPodataka  Passed' in inProgress list.
TpTrace Verbose: 0 : 9344, 5, 2020/12/01, 14:00:18.601, 175124754469, testhost.dll, TestExecutionRecorder.RecordEnd: test: Testovi_za_zadatak_1.UnitTestClan.TestNevalidnihPodataka execution completed.
TpTrace Warning: 0 : 9344, 5, 2020/12/01, 14:00:18.601, 175124756223, testhost.dll, InProgressTests is null
TpTrace Verbose: 0 : 9344, 5, 2020/12/01, 14:00:18.601, 175124758100, testhost.dll, TestExecutionRecorder.RecordResult: Received result for test: Testovi_za_zadatak_1.UnitTestClan.TestNevalidnihPodataka.
TpTrace Warning: 0 : 9344, 5, 2020/12/01, 14:00:18.601, 175124760065, testhost.dll, InProgressTests is null
TpTrace Warning: 0 : 9344, 5, 2020/12/01, 14:00:18.601, 175124761877, testhost.dll, TestRunCache: No test found corresponding to testResult 'TestNevalidnihPodataka  Passed' in inProgress list.
TpTrace Verbose: 0 : 9344, 5, 2020/12/01, 14:00:18.602, 175124763754, testhost.dll, TestExecutionRecorder.RecordStart: Starting test: Testovi_za_zadatak_1.UnitTestClan.TestGetMetodeClan.
TpTrace Verbose: 0 : 9344, 5, 2020/12/01, 14:00:18.607, 175124816591, testhost.dll, TestExecutionRecorder.RecordEnd: test: Testovi_za_zadatak_1.UnitTestClan.TestGetMetodeClan execution completed.
TpTrace Verbose: 0 : 9344, 5, 2020/12/01, 14:00:18.610, 175124847088, testhost.dll, TestExecutionRecorder.RecordResult: Received result for test: Testovi_za_zadatak_1.UnitTestClan.TestGetMetodeClan.
TpTrace Warning: 0 : 9344, 5, 2020/12/01, 14:00:18.610, 175124849841, testhost.dll, InProgressTests is null
TpTrace Warning: 0 : 9344, 5, 2020/12/01, 14:00:18.610, 175124851827, testhost.dll, TestRunCache: No test found corresponding to testResult 'TestGetMetodeClan  Passed' in inProgress list.
TpTrace Verbose: 0 : 9344, 5, 2020/12/01, 14:00:18.611, 175124854063, testhost.dll, TestExecutionRecorder.RecordStart: Starting test: Testovi_za_zadatak_1.UnitTestClan.TestOtkazivanjeRezervacije.
TpTrace Verbose: 0 : 9344, 5, 2020/12/01, 14:00:18.616, 175124902644, testhost.dll, TestExecutionRecorder.RecordEnd: test: Testovi_za_zadatak_1.UnitTestClan.TestOtkazivanjeRezervacije execution completed.
TpTrace Verbose: 0 : 9344, 5, 2020/12/01, 14:00:18.619, 175124934182, testhost.dll, TestExecutionRecorder.RecordResult: Received result for test: Testovi_za_zadatak_1.UnitTestClan.TestOtkazivanjeRezervacije.
TpTrace Warning: 0 : 9344, 5, 2020/12/01, 14:00:18.619, 175124936886, testhost.dll, InProgressTests is null
TpTrace Warning: 0 : 9344, 5, 2020/12/01, 14:00:18.619, 175124938817, testhost.dll, TestRunCache: No test found corresponding to testResult 'TestOtkazivanjeRezervacije  Passed' in inProgress list.
TpTrace Verbose: 0 : 9344, 5, 2020/12/01, 14:00:18.619, 175124940855, testhost.dll, TestExecutionRecorder.RecordStart: Starting test: Testovi_za_zadatak_1.UnitTestKorisnik.TestGetMetodeKorisnik.
TpTrace Information: 0 : 9344, 5, 2020/12/01, 14:00:18.620, 175124943756, testhost.dll, Sending test run statistics
TpTrace Verbose: 0 : 9344, 5, 2020/12/01, 14:00:18.631, 175125060757, testhost.dll, TestRequestHandler.SendData:  sending data from testhost: {"Version":2,"MessageType":"TestExecution.StatsChange","Payload":{"NewTestResults":[{"TestCase":{"Id":"1f7b6345-1a11-278d-35a8-a979b4ec047f","FullyQualifiedName":"Testovi_za_zadatak_1.UnitTestClan.TestValidnihPodataka","DisplayName":"TestValidnihPodataka","ExecutorUri":"executor://MSTestAdapter/v2","Source":"C:\\Users\\Korisnik\\Documents\\VVSzadaca2\\eParking\\Testovi za zadatak 1\\bin\\Debug\\fine-code-coverage\\Testovi za zadatak 1.dll","CodeFilePath":null,"LineNumber":-1,"Properties":[{"Key":{"Id":"MSTestDiscoverer.TestClassName","Label":"ClassName","Category":"","Description":"","Attributes":1,"ValueType":"System.String"},"Value":"Testovi_za_zadatak_1.UnitTestClan"},{"Key":{"Id":"TestObject.Traits","Label":"Traits","Category":"","Description":"","Attributes":5,"ValueType":"System.Collections.Generic.KeyValuePair`2[[System.String],[System.String]][]"},"Value":[]}]},"Attachments":[],"Outcome":1,"ErrorMessage":null,"ErrorStackTrace":null,"DisplayName":"TestValidnihPodataka (user1,pass123word,Adresa,Automobil,123-A-123,5,2022,5,1)","Messages":[],"ComputerName":null,"Duration":"00:00:00.0000153","StartTime":"2020-12-01T14:00:18.4886677+01:00","EndTime":"2020-12-01T14:00:18.5025336+01:00","Properties":[{"Key":{"Id":"ExecutionId","Label":"ExecutionId","Category":"","Description":"","Attributes":1,"ValueType":"System.Guid"},"Value":"1bef3f05-fb9e-48e5-9698-03849ecf045a"},{"Key":{"Id":"ParentExecId","Label":"ParentExecId","Category":"","Description":"","Attributes":1,"ValueType":"System.Guid"},"Value":"dc87b7de-5809-4ea2-96aa-18a1854ca3a6"},{"Key":{"Id":"InnerResultsCount","Label":"InnerResultsCount","Category":"","Description":"","Attributes":1,"ValueType":"System.Int32"},"Value":0}]},{"TestCase":{"Id":"5dd993f5-6b38-97aa-ac85-30535fb6265b","FullyQualifiedName":"Testovi_za_zadatak_1.UnitTestClan.TestNevalidnihPodataka","DisplayName":"TestNevalidnihPodataka","ExecutorUri":"executor://MSTestAdapter/v2","Source":"C:\\Users\\Korisnik\\Documents\\VVSzadaca2\\eParking\\Testovi za zadatak 1\\bin\\Debug\\fine-code-coverage\\Testovi za zadatak 1.dll","CodeFilePath":null,"LineNumber":-1,"Properties":[{"Key":{"Id":"MSTestDiscoverer.TestClassName","Label":"ClassName","Category":"","Description":"","Attributes":1,"ValueType":"System.String"},"Value":"Testovi_za_zadatak_1.UnitTestClan"},{"Key":{"Id":"TestObject.Traits","Label":"Traits","Category":"","Description":"","Attributes":5,"ValueType":"System.Collections.Generic.KeyValuePair`2[[System.String],[System.String]][]"},"Value":[]}]},"Attachments":[],"Outcome":1,"ErrorMessage":null,"ErrorStackTrace":null,"DisplayName":null,"Messages":[],"ComputerName":null,"Duration":"00:00:00.0087873","StartTime":"2020-12-01T14:00:18.5842809+01:00","EndTime":"2020-12-01T14:00:18.5934521+01:00","Properties":[{"Key":{"Id":"ExecutionId","Label":"ExecutionId","Category":"","Description":"","Attributes":1,"ValueType":"System.Guid"},"Value":"40d0af9f-3977-4a60-aff1-0a78c1c2ebad"},{"Key":{"Id":"ParentExecId","Label":"ParentExecId","Category":"","Description":"","Attributes":1,"ValueType":"System.Guid"},"Value":"00000000-0000-0000-0000-000000000000"},{"Key":{"Id":"InnerResultsCount","Label":"InnerResultsCount","Category":"","Description":"","Attributes":1,"ValueType":"System.Int32"},"Value":5}]},{"TestCase":{"Id":"5dd993f5-6b38-97aa-ac85-30535fb6265b","FullyQualifiedName":"Testovi_za_zadatak_1.UnitTestClan.TestNevalidnihPodataka","DisplayName":"TestNevalidnihPodataka","ExecutorUri":"executor://MSTestAdapter/v2","Source":"C:\\Users\\Korisnik\\Documents\\VVSzadaca2\\eParking\\Testovi za zadatak 1\\bin\\Debug\\fine-code-coverage\\Testovi za zadatak 1.dll","CodeFilePath":null,"LineNumber":-1,"Properties":[{"Key":{"Id":"MSTestDiscoverer.TestClassName","Label":"ClassName","Category":"","Description":"","Attributes":1,"ValueType":"System.String"},"Value":"Testovi_za_zadatak_1.UnitTestClan"},{"Key":{"Id":"TestObject.Traits","Label":"Traits","Category":"","Description":"","Attributes":5,"ValueType":"System.Collections.Generic.KeyValuePair`2[[System.String],[System.String]][]"},"Value":[]}]},"Attachments":[],"Outcome":1,"ErrorMessage":null,"ErrorStackTrace":null,"DisplayName":"TestNevalidnihPodataka (user1,,Adresa,Automobil,123-A-123,5,2022,5,1)","Messages":[],"ComputerName":null,"Duration":"00:00:00.0018673","StartTime":"2020-12-01T14:00:18.5842809+01:00","EndTime":"2020-12-01T14:00:18.5934521+01:00","Properties":[{"Key":{"Id":"ExecutionId","Label":"ExecutionId","Category":"","Description":"","Attributes":1,"ValueType":"System.Guid"},"Value":"3be79f61-7cc8-4e79-bde9-ce2f7dd5d024"},{"Key":{"Id":"ParentExecId","Label":"ParentExecId","Category":"","Description":"","Attributes":1,"ValueType":"System.Guid"},"Value":"40d0af9f-3977-4a60-aff1-0a78c1c2ebad"},{"Key":{"Id":"InnerResultsCount","Label":"InnerResultsCount","Category":"","Description":"","Attributes":1,"ValueType":"System.Int32"},"Value":0}]},{"TestCase":{"Id":"5dd993f5-6b38-97aa-ac85-30535fb6265b","FullyQualifiedName":"Testovi_za_zadatak_1.UnitTestClan.TestNevalidnihPodataka","DisplayName":"TestNevalidnihPodataka","ExecutorUri":"executor://MSTestAdapter/v2","Source":"C:\\Users\\Korisnik\\Documents\\VVSzadaca2\\eParking\\Testovi za zadatak 1\\bin\\Debug\\fine-code-coverage\\Testovi za zadatak 1.dll","CodeFilePath":null,"LineNumber":-1,"Properties":[{"Key":{"Id":"MSTestDiscoverer.TestClassName","Label":"ClassName","Category":"","Description":"","Attributes":1,"ValueType":"System.String"},"Value":"Testovi_za_zadatak_1.UnitTestClan"},{"Key":{"Id":"TestObject.Traits","Label":"Traits","Category":"","Description":"","Attributes":5,"ValueType":"System.Collections.Generic.KeyValuePair`2[[System.String],[System.String]][]"},"Value":[]}]},"Attachments":[],"Outcome":1,"ErrorMessage":null,"ErrorStackTrace":null,"DisplayName":"TestNevalidnihPodataka (user1,pass,Adresa,Automobil,123-A-123,5,2022,5,1)","Messages":[],"ComputerName":null,"Duration":"00:00:00.0012610","StartTime":"2020-12-01T14:00:18.5842809+01:00","EndTime":"2020-12-01T14:00:18.5934521+01:00","Properties":[{"Key":{"Id":"ExecutionId","Label":"ExecutionId","Category":"","Description":"","Attributes":1,"ValueType":"System.Guid"},"Value":"de9907e6-1807-478d-8bb1-f2a6cb87ff8e"},{"Key":{"Id":"ParentExecId","Label":"ParentExecId","Category":"","Description":"","Attributes":1,"ValueType":"System.Guid"},"Value":"40d0af9f-3977-4a60-aff1-0a78c1c2ebad"},{"Key":{"Id":"InnerResultsCount","Label":"InnerResultsCount","Category":"","Description":"","Attributes":1,"ValueType":"System.Int32"},"Value":0}]},{"TestCase":{"Id":"5dd993f5-6b38-97aa-ac85-30535fb6265b","FullyQualifiedName":"Testovi_za_zadatak_1.UnitTestClan.TestNevalidnihPodataka","DisplayName":"TestNevalidnihPodataka","ExecutorUri":"executor://MSTestAdapter/v2","Source":"C:\\Users\\Korisnik\\Documents\\VVSzadaca2\\eParking\\Testovi za zadatak 1\\bin\\Debug\\fine-code-coverage\\Testovi za zadatak 1.dll","CodeFilePath":null,"LineNumber":-1,"Properties":[{"Key":{"Id":"MSTestDiscoverer.TestClassName","Label":"ClassName","Category":"","Description":"","Attributes":1,"ValueType":"System.String"},"Value":"Testovi_za_zadatak_1.UnitTestClan"},{"Key":{"Id":"TestObject.Traits","Label":"Traits","Category":"","Description":"","Attributes":5,"ValueType":"System.Collections.Generic.KeyValuePair`2[[System.String],[System.String]][]"},"Value":[]}]},"Attachments":[],"Outcome":1,"ErrorMessage":null,"ErrorStackTrace":null,"DisplayName":"TestNevalidnihPodataka (user1,password12/,Adresa,Automobil,123-A-123,5,2022,5,1)","Messages":[],"ComputerName":null,"Duration":"00:00:00.0012937","StartTime":"2020-12-01T14:00:18.5842809+01:00","EndTime":"2020-12-01T14:00:18.5934521+01:00","Properties":[{"Key":{"Id":"ExecutionId","Label":"ExecutionId","Category":"","Description":"","Attributes":1,"ValueType":"System.Guid"},"Value":"98b7e984-4679-4ec4-a38c-19b9b856d719"},{"Key":{"Id":"ParentExecId","Label":"ParentExecId","Category":"","Description":"","Attributes":1,"ValueType":"System.Guid"},"Value":"40d0af9f-3977-4a60-aff1-0a78c1c2ebad"},{"Key":{"Id":"InnerResultsCount","Label":"InnerResultsCount","Category":"","Description":"","Attributes":1,"ValueType":"System.Int32"},"Value":0}]},{"TestCase":{"Id":"5dd993f5-6b38-97aa-ac85-30535fb6265b","FullyQualifiedName":"Testovi_za_zadatak_1.UnitTestClan.TestNevalidnihPodataka","DisplayName":"TestNevalidnihPodataka","ExecutorUri":"executor://MSTestAdapter/v2","Source":"C:\\Users\\Korisnik\\Documents\\VVSzadaca2\\eParking\\Testovi za zadatak 1\\bin\\Debug\\fine-code-coverage\\Testovi za zadatak 1.dll","CodeFilePath":null,"LineNumber":-1,"Properties":[{"Key":{"Id":"MSTestDiscoverer.TestClassName","Label":"ClassName","Category":"","Description":"","Attributes":1,"ValueType":"System.String"},"Value":"Testovi_za_zadatak_1.UnitTestClan"},{"Key":{"Id":"TestObject.Traits","Label":"Traits","Category":"","Description":"","Attributes":5,"ValueType":"System.Collections.Generic.KeyValuePair`2[[System.String],[System.String]][]"},"Value":[]}]},"Attachments":[],"Outcome":1,"ErrorMessage":null,"ErrorStackTrace":null,"DisplayName":"TestNevalidnihPodataka (user1,123/abc/123,Adresa,Automobil,123-A-123,5,2022,5,1)","Messages":[],"ComputerName":null,"Duration":"00:00:00.0012524","StartTime":"2020-12-01T14:00:18.5842809+01:00","EndTime":"2020-12-01T14:00:18.5934521+01:00","Properties":[{"Key":{"Id":"ExecutionId","Label":"ExecutionId","Category":"","Description":"","Attributes":1,"ValueType":"System.Guid"},"Value":"442a317b-3eba-4b29-ac0d-81afeae61a9f"},{"Key":{"Id":"ParentExecId","Label":"ParentExecId","Category":"","Description":"","Attributes":1,"ValueType":"System.Guid"},"Value":"40d0af9f-3977-4a60-aff1-0a78c1c2ebad"},{"Key":{"Id":"InnerResultsCount","Label":"InnerResultsCount","Category":"","Description":"","Attributes":1,"ValueType":"System.Int32"},"Value":0}]},{"TestCase":{"Id":"5dd993f5-6b38-97aa-ac85-30535fb6265b","FullyQualifiedName":"Testovi_za_zadatak_1.UnitTestClan.TestNevalidnihPodataka","DisplayName":"TestNevalidnihPodataka","ExecutorUri":"executor://MSTestAdapter/v2","Source":"C:\\Users\\Korisnik\\Documents\\VVSzadaca2\\eParking\\Testovi za zadatak 1\\bin\\Debug\\fine-code-coverage\\Testovi za zadatak 1.dll","CodeFilePath":null,"LineNumber":-1,"Properties":[{"Key":{"Id":"MSTestDiscoverer.TestClassName","Label":"ClassName","Category":"","Description":"","Attributes":1,"ValueType":"System.String"},"Value":"Testovi_za_zadatak_1.UnitTestClan"},{"Key":{"Id":"TestObject.Traits","Label":"Traits","Category":"","Description":"","Attributes":5,"ValueType":"System.Collections.Generic.KeyValuePair`2[[System.String],[System.String]][]"},"Value":[]}]},"Attachments":[],"Outcome":1,"ErrorMessage":null,"ErrorStackTrace":null,"DisplayName":"TestNevalidnihPodataka (user1, 123 123 ,Adresa,Automobil,123-A-123,5,2022,5,1)","Messages":[],"ComputerName":null,"Duration":"00:00:00.0012641","StartTime":"2020-12-01T14:00:18.5842809+01:00","EndTime":"2020-12-01T14:00:18.5934521+01:00","Properties":[{"Key":{"Id":"ExecutionId","Label":"ExecutionId","Category":"","Description":"","Attributes":1,"ValueType":"System.Guid"},"Value":"3fe6bc17-006b-45e7-b897-f1952e0fc4b4"},{"Key":{"Id":"ParentExecId","Label":"ParentExecId","Category":"","Description":"","Attributes":1,"ValueType":"System.Guid"},"Value":"40d0af9f-3977-4a60-aff1-0a78c1c2ebad"},{"Key":{"Id":"InnerResultsCount","Label":"InnerResultsCount","Category":"","Description":"","Attributes":1,"ValueType":"System.Int32"},"Value":0}]},{"TestCase":{"Id":"44eac80d-cdd7-fca5-6e80-d73b6917f669","FullyQualifiedName":"Testovi_za_zadatak_1.UnitTestClan.TestGetMetodeClan","DisplayName":"TestGetMetodeClan","ExecutorUri":"executor://MSTestAdapter/v2","Source":"C:\\Users\\Korisnik\\Documents\\VVSzadaca2\\eParking\\Testovi za zadatak 1\\bin\\Debug\\fine-code-coverage\\Testovi za zadatak 1.dll","CodeFilePath":null,"LineNumber":-1,"Properties":[{"Key":{"Id":"MSTestDiscoverer.TestClassName","Label":"ClassName","Category":"","Description":"","Attributes":1,"ValueType":"System.String"},"Value":"Testovi_za_zadatak_1.UnitTestClan"},{"Key":{"Id":"TestObject.Traits","Label":"Traits","Category":"","Description":"","Attributes":5,"ValueType":"System.Collections.Generic.KeyValuePair`2[[System.String],[System.String]][]"},"Value":[]}]},"Attachments":[],"Outcome":1,"ErrorMessage":null,"ErrorStackTrace":null,"DisplayName":null,"Messages":[],"ComputerName":null,"Duration":"00:00:00.0020355","StartTime":"2020-12-01T14:00:18.6050616+01:00","EndTime":"2020-12-01T14:00:18.6073968+01:00","Properties":[{"Key":{"Id":"ExecutionId","Label":"ExecutionId","Category":"","Description":"","Attributes":1,"ValueType":"System.Guid"},"Value":"00000000-0000-0000-0000-000000000000"},{"Key":{"Id":"ParentExecId","Label":"ParentExecId","Category":"","Description":"","Attributes":1,"ValueType":"System.Guid"},"Value":"00000000-0000-0000-0000-000000000000"},{"Key":{"Id":"InnerResultsCount","Label":"InnerResultsCount","Category":"","Description":"","Attributes":1,"ValueType":"System.Int32"},"Value":0}]},{"TestCase":{"Id":"99dc0c66-cc30-f84d-e14f-fda8c3eefb71","FullyQualifiedName":"Testovi_za_zadatak_1.UnitTestClan.TestOtkazivanjeRezervacije","DisplayName":"TestOtkazivanjeRezervacije","ExecutorUri":"executor://MSTestAdapter/v2","Source":"C:\\Users\\Korisnik\\Documents\\VVSzadaca2\\eParking\\Testovi za zadatak 1\\bin\\Debug\\fine-code-coverage\\Testovi za zadatak 1.dll","CodeFilePath":null,"LineNumber":-1,"Properties":[{"Key":{"Id":"MSTestDiscoverer.TestClassName","Label":"ClassName","Category":"","Description":"","Attributes":1,"ValueType":"System.String"},"Value":"Testovi_za_zadatak_1.UnitTestClan"},{"Key":{"Id":"TestObject.Traits","Label":"Traits","Category":"","Description":"","Attributes":5,"ValueType":"System.Collections.Generic.KeyValuePair`2[[System.String],[System.String]][]"},"Value":[]}]},"Attachments":[],"Outcome":1,"ErrorMessage":null,"ErrorStackTrace":null,"DisplayName":null,"Messages":[],"ComputerName":null,"Duration":"00:00:00.0012841","StartTime":"2020-12-01T14:00:18.6143906+01:00","EndTime":"2020-12-01T14:00:18.6160028+01:00","Properties":[{"Key":{"Id":"ExecutionId","Label":"ExecutionId","Category":"","Description":"","Attributes":1,"ValueType":"System.Guid"},"Value":"00000000-0000-0000-0000-000000000000"},{"Key":{"Id":"ParentExecId","Label":"ParentExecId","Category":"","Description":"","Attributes":1,"ValueType":"System.Guid"},"Value":"00000000-0000-0000-0000-000000000000"},{"Key":{"Id":"InnerResultsCount","Label":"InnerResultsCount","Category":"","Description":"","Attributes":1,"ValueType":"System.Int32"},"Value":0}]}],"TestRunStatistics":{"ExecutedTests":19,"Stats":{"Passed":19}},"ActiveTests":[{"Id":"b3936bb5-bbdf-113f-48d5-a93c1a363c30","FullyQualifiedName":"Testovi_za_zadatak_1.UnitTestKorisnik.TestGetMetodeKorisnik","DisplayName":"TestGetMetodeKorisnik","ExecutorUri":"executor://MSTestAdapter/v2","Source":"C:\\Users\\Korisnik\\Documents\\VVSzadaca2\\eParking\\Testovi za zadatak 1\\bin\\Debug\\fine-code-coverage\\Testovi za zadatak 1.dll","CodeFilePath":null,"LineNumber":-1,"Properties":[{"Key":{"Id":"MSTestDiscoverer.TestClassName","Label":"ClassName","Category":"","Description":"","Attributes":1,"ValueType":"System.String"},"Value":"Testovi_za_zadatak_1.UnitTestKorisnik"},{"Key":{"Id":"TestObject.Traits","Label":"Traits","Category":"","Description":"","Attributes":5,"ValueType":"System.Collections.Generic.KeyValuePair`2[[System.String],[System.String]][]"},"Value":[]}]}]}}
TpTrace Verbose: 0 : 9344, 5, 2020/12/01, 14:00:18.633, 175125074043, testhost.dll, TestRunCache: OnNewTestResult: Notified the onCacheHit callback.
TpTrace Verbose: 0 : 9344, 5, 2020/12/01, 14:00:18.639, 175125140575, testhost.dll, TestExecutionRecorder.RecordEnd: test: Testovi_za_zadatak_1.UnitTestKorisnik.TestGetMetodeKorisnik execution completed.
TpTrace Warning: 0 : 9344, 5, 2020/12/01, 14:00:18.640, 175125142909, testhost.dll, InProgressTests is null
TpTrace Verbose: 0 : 9344, 5, 2020/12/01, 14:00:18.643, 175125173620, testhost.dll, TestExecutionRecorder.RecordResult: Received result for test: Testovi_za_zadatak_1.UnitTestKorisnik.TestGetMetodeKorisnik.
TpTrace Warning: 0 : 9344, 5, 2020/12/01, 14:00:18.643, 175125176451, testhost.dll, InProgressTests is null
TpTrace Warning: 0 : 9344, 5, 2020/12/01, 14:00:18.643, 175125178429, testhost.dll, TestRunCache: No test found corresponding to testResult 'TestGetMetodeKorisnik  Passed' in inProgress list.
TpTrace Verbose: 0 : 9344, 5, 2020/12/01, 14:00:18.643, 175125180555, testhost.dll, TestExecutionRecorder.RecordStart: Starting test: Testovi_za_zadatak_1.UnitTestKorisnik.TestNeispravnoKorisnikoIme.
TpTrace Verbose: 0 : 9344, 5, 2020/12/01, 14:00:18.649, 175125240073, testhost.dll, TestExecutionRecorder.RecordEnd: test: Testovi_za_zadatak_1.UnitTestKorisnik.TestNeispravnoKorisnikoIme execution completed.
TpTrace Verbose: 0 : 9344, 5, 2020/12/01, 14:00:18.652, 175125268923, testhost.dll, TestExecutionRecorder.RecordResult: Received result for test: Testovi_za_zadatak_1.UnitTestKorisnik.TestNeispravnoKorisnikoIme.
TpTrace Warning: 0 : 9344, 5, 2020/12/01, 14:00:18.652, 175125271929, testhost.dll, InProgressTests is null
TpTrace Warning: 0 : 9344, 5, 2020/12/01, 14:00:18.653, 175125273883, testhost.dll, TestRunCache: No test found corresponding to testResult 'TestNeispravnoKorisnikoIme  Passed' in inProgress list.
TpTrace Verbose: 0 : 9344, 5, 2020/12/01, 14:00:18.653, 175125275826, testhost.dll, TestExecutionRecorder.RecordStart: Starting test: Testovi_za_zadatak_1.UnitTestKorisnik.TestNeispravnaAdresa.
TpTrace Verbose: 0 : 9344, 5, 2020/12/01, 14:00:18.658, 175125327211, testhost.dll, TestExecutionRecorder.RecordEnd: test: Testovi_za_zadatak_1.UnitTestKorisnik.TestNeispravnaAdresa execution completed.
TpTrace Verbose: 0 : 9344, 5, 2020/12/01, 14:00:18.661, 175125358428, testhost.dll, TestExecutionRecorder.RecordResult: Received result for test: Testovi_za_zadatak_1.UnitTestKorisnik.TestNeispravnaAdresa.
TpTrace Warning: 0 : 9344, 5, 2020/12/01, 14:00:18.661, 175125361274, testhost.dll, InProgressTests is null
TpTrace Warning: 0 : 9344, 5, 2020/12/01, 14:00:18.662, 175125363108, testhost.dll, TestRunCache: No test found corresponding to testResult 'TestNeispravnaAdresa  Passed' in inProgress list.
TpTrace Verbose: 0 : 9344, 5, 2020/12/01, 14:00:18.662, 175125365099, testhost.dll, TestExecutionRecorder.RecordStart: Starting test: Testovi_za_zadatak_1.UnitTestLokacija.TestUspjenaRezervacija.
TpTrace Verbose: 0 : 9344, 5, 2020/12/01, 14:00:18.666, 175125411284, testhost.dll, TestExecutionRecorder.RecordEnd: test: Testovi_za_zadatak_1.UnitTestLokacija.TestUspjenaRezervacija execution completed.
TpTrace Verbose: 0 : 9344, 5, 2020/12/01, 14:00:18.670, 175125442512, testhost.dll, TestExecutionRecorder.RecordResult: Received result for test: Testovi_za_zadatak_1.UnitTestLokacija.TestUspjenaRezervacija.
TpTrace Warning: 0 : 9344, 5, 2020/12/01, 14:00:18.670, 175125445289, testhost.dll, InProgressTests is null
TpTrace Warning: 0 : 9344, 5, 2020/12/01, 14:00:18.670, 175125447274, testhost.dll, TestRunCache: No test found corresponding to testResult 'TestUspjenaRezervacija  Passed' in inProgress list.
TpTrace Verbose: 0 : 9344, 5, 2020/12/01, 14:00:18.670, 175125449326, testhost.dll, TestExecutionRecorder.RecordStart: Starting test: Testovi_za_zadatak_1.UnitTestLokacija.TestRezervacijaParkingaSaIsteklomlanarinom.
TpTrace Verbose: 0 : 9344, 5, 2020/12/01, 14:00:18.676, 175125507165, testhost.dll, TestExecutionRecorder.RecordEnd: test: Testovi_za_zadatak_1.UnitTestLokacija.TestRezervacijaParkingaSaIsteklomlanarinom execution completed.
TpTrace Verbose: 0 : 9344, 5, 2020/12/01, 14:00:18.681, 175125561166, testhost.dll, TestExecutionRecorder.RecordResult: Received result for test: Testovi_za_zadatak_1.UnitTestLokacija.TestRezervacijaParkingaSaIsteklomlanarinom.
TpTrace Warning: 0 : 9344, 5, 2020/12/01, 14:00:18.682, 175125564302, testhost.dll, InProgressTests is null
TpTrace Warning: 0 : 9344, 5, 2020/12/01, 14:00:18.682, 175125566408, testhost.dll, TestRunCache: No test found corresponding to testResult 'TestRezervacijaParkingaSaIsteklomlanarinom  Passed' in inProgress list.
TpTrace Verbose: 0 : 9344, 5, 2020/12/01, 14:00:18.682, 175125568554, testhost.dll, TestExecutionRecorder.RecordStart: Starting test: Testovi_za_zadatak_1.UnitTestLokacija.TestRezervacijaParkingaSaZauzetimMjestima.
TpTrace Verbose: 0 : 9344, 5, 2020/12/01, 14:00:18.688, 175125625510, testhost.dll, TestExecutionRecorder.RecordEnd: test: Testovi_za_zadatak_1.UnitTestLokacija.TestRezervacijaParkingaSaZauzetimMjestima execution completed.
TpTrace Verbose: 0 : 9344, 5, 2020/12/01, 14:00:18.691, 175125656666, testhost.dll, TestExecutionRecorder.RecordResult: Received result for test: Testovi_za_zadatak_1.UnitTestLokacija.TestRezervacijaParkingaSaZauzetimMjestima.
TpTrace Warning: 0 : 9344, 5, 2020/12/01, 14:00:18.691, 175125659367, testhost.dll, InProgressTests is null
TpTrace Warning: 0 : 9344, 5, 2020/12/01, 14:00:18.691, 175125661428, testhost.dll, TestRunCache: No test found corresponding to testResult 'TestRezervacijaParkingaSaZauzetimMjestima  Passed' in inProgress list.
TpTrace Verbose: 0 : 9344, 5, 2020/12/01, 14:00:18.692, 175125663427, testhost.dll, TestExecutionRecorder.RecordStart: Starting test: Testovi_za_zadatak_1.UnitTestLokacija3.TestIzuzetakPriSvimZauzetimMjestima.
TpTrace Verbose: 0 : 9344, 5, 2020/12/01, 14:00:18.697, 175125721886, testhost.dll, TestExecutionRecorder.RecordEnd: test: Testovi_za_zadatak_1.UnitTestLokacija3.TestIzuzetakPriSvimZauzetimMjestima execution completed.
TpTrace Verbose: 0 : 9344, 5, 2020/12/01, 14:00:18.701, 175125753137, testhost.dll, TestExecutionRecorder.RecordResult: Received result for test: Testovi_za_zadatak_1.UnitTestLokacija3.TestIzuzetakPriSvimZauzetimMjestima.
TpTrace Warning: 0 : 9344, 5, 2020/12/01, 14:00:18.701, 175125756042, testhost.dll, InProgressTests is null
TpTrace Warning: 0 : 9344, 5, 2020/12/01, 14:00:18.701, 175125758240, testhost.dll, TestRunCache: No test found corresponding to testResult 'TestIzuzetakPriSvimZauzetimMjestima  Passed' in inProgress list.
TpTrace Verbose: 0 : 9344, 5, 2020/12/01, 14:00:18.701, 175125760574, testhost.dll, TestExecutionRecorder.RecordStart: Starting test: Testovi_za_zadatak_1.UnitTestLokacija3.TestOslobodiZauzetoMjesto.
TpTrace Verbose: 0 : 9344, 5, 2020/12/01, 14:00:18.708, 175125826650, testhost.dll, TestExecutionRecorder.RecordEnd: test: Testovi_za_zadatak_1.UnitTestLokacija3.TestOslobodiZauzetoMjesto execution completed.
TpTrace Verbose: 0 : 9344, 5, 2020/12/01, 14:00:18.712, 175125865589, testhost.dll, TestExecutionRecorder.RecordResult: Received result for test: Testovi_za_zadatak_1.UnitTestLokacija3.TestOslobodiZauzetoMjesto.
TpTrace Warning: 0 : 9344, 5, 2020/12/01, 14:00:18.712, 175125868476, testhost.dll, InProgressTests is null
TpTrace Warning: 0 : 9344, 5, 2020/12/01, 14:00:18.712, 175125870855, testhost.dll, TestRunCache: No test found corresponding to testResult 'TestOslobodiZauzetoMjesto  Passed' in inProgress list.
TpTrace Verbose: 0 : 9344, 5, 2020/12/01, 14:00:18.713, 175125873058, testhost.dll, TestExecutionRecorder.RecordStart: Starting test: Testovi_za_zadatak_1.UnitTestLokacija3.TestGetMetodeLokacija.
TpTrace Verbose: 0 : 9344, 5, 2020/12/01, 14:00:18.719, 175125934571, testhost.dll, TestExecutionRecorder.RecordEnd: test: Testovi_za_zadatak_1.UnitTestLokacija3.TestGetMetodeLokacija execution completed.
TpTrace Verbose: 0 : 9344, 5, 2020/12/01, 14:00:18.722, 175125964761, testhost.dll, TestExecutionRecorder.RecordResult: Received result for test: Testovi_za_zadatak_1.UnitTestLokacija3.TestGetMetodeLokacija.
TpTrace Warning: 0 : 9344, 5, 2020/12/01, 14:00:18.722, 175125967607, testhost.dll, InProgressTests is null
TpTrace Warning: 0 : 9344, 5, 2020/12/01, 14:00:18.722, 175125969669, testhost.dll, TestRunCache: No test found corresponding to testResult 'TestGetMetodeLokacija  Passed' in inProgress list.
TpTrace Verbose: 0 : 9344, 5, 2020/12/01, 14:00:18.722, 175125971783, testhost.dll, TestExecutionRecorder.RecordStart: Starting test: Testovi_za_zadatak_1.UnitTestLokacija3.TestNeispravanFormatNaziva.
TpTrace Information: 0 : 9344, 5, 2020/12/01, 14:00:18.723, 175125973751, testhost.dll, Sending test run statistics
TpTrace Verbose: 0 : 9344, 5, 2020/12/01, 14:00:18.726, 175126007671, testhost.dll, TestRequestHandler.SendData:  sending data from testhost: {"Version":2,"MessageType":"TestExecution.StatsChange","Payload":{"NewTestResults":[{"TestCase":{"Id":"b3936bb5-bbdf-113f-48d5-a93c1a363c30","FullyQualifiedName":"Testovi_za_zadatak_1.UnitTestKorisnik.TestGetMetodeKorisnik","DisplayName":"TestGetMetodeKorisnik","ExecutorUri":"executor://MSTestAdapter/v2","Source":"C:\\Users\\Korisnik\\Documents\\VVSzadaca2\\eParking\\Testovi za zadatak 1\\bin\\Debug\\fine-code-coverage\\Testovi za zadatak 1.dll","CodeFilePath":null,"LineNumber":-1,"Properties":[{"Key":{"Id":"MSTestDiscoverer.TestClassName","Label":"ClassName","Category":"","Description":"","Attributes":1,"ValueType":"System.String"},"Value":"Testovi_za_zadatak_1.UnitTestKorisnik"},{"Key":{"Id":"TestObject.Traits","Label":"Traits","Category":"","Description":"","Attributes":5,"ValueType":"System.Collections.Generic.KeyValuePair`2[[System.String],[System.String]][]"},"Value":[]}]},"Attachments":[],"Outcome":1,"ErrorMessage":null,"ErrorStackTrace":null,"DisplayName":null,"Messages":[],"ComputerName":null,"Duration":"00:00:00.0020487","StartTime":"2020-12-01T14:00:18.6364523+01:00","EndTime":"2020-12-01T14:00:18.6397973+01:00","Properties":[{"Key":{"Id":"ExecutionId","Label":"ExecutionId","Category":"","Description":"","Attributes":1,"ValueType":"System.Guid"},"Value":"00000000-0000-0000-0000-000000000000"},{"Key":{"Id":"ParentExecId","Label":"ParentExecId","Category":"","Description":"","Attributes":1,"ValueType":"System.Guid"},"Value":"00000000-0000-0000-0000-000000000000"},{"Key":{"Id":"InnerResultsCount","Label":"InnerResultsCount","Category":"","Description":"","Attributes":1,"ValueType":"System.Int32"},"Value":0}]},{"TestCase":{"Id":"e911a22d-653b-66d6-1ab2-f1ad4fd20515","FullyQualifiedName":"Testovi_za_zadatak_1.UnitTestKorisnik.TestNeispravnoKorisnikoIme","DisplayName":"TestNeispravnoKorisnikoIme","ExecutorUri":"executor://MSTestAdapter/v2","Source":"C:\\Users\\Korisnik\\Documents\\VVSzadaca2\\eParking\\Testovi za zadatak 1\\bin\\Debug\\fine-code-coverage\\Testovi za zadatak 1.dll","CodeFilePath":null,"LineNumber":-1,"Properties":[{"Key":{"Id":"MSTestDiscoverer.TestClassName","Label":"ClassName","Category":"","Description":"","Attributes":1,"ValueType":"System.String"},"Value":"Testovi_za_zadatak_1.UnitTestKorisnik"},{"Key":{"Id":"TestObject.Traits","Label":"Traits","Category":"","Description":"","Attributes":5,"ValueType":"System.Collections.Generic.KeyValuePair`2[[System.String],[System.String]][]"},"Value":[]}]},"Attachments":[],"Outcome":1,"ErrorMessage":null,"ErrorStackTrace":null,"DisplayName":null,"Messages":[],"ComputerName":null,"Duration":"00:00:00.0016870","StartTime":"2020-12-01T14:00:18.6476636+01:00","EndTime":"2020-12-01T14:00:18.6497447+01:00","Properties":[{"Key":{"Id":"ExecutionId","Label":"ExecutionId","Category":"","Description":"","Attributes":1,"ValueType":"System.Guid"},"Value":"00000000-0000-0000-0000-000000000000"},{"Key":{"Id":"ParentExecId","Label":"ParentExecId","Category":"","Description":"","Attributes":1,"ValueType":"System.Guid"},"Value":"00000000-0000-0000-0000-000000000000"},{"Key":{"Id":"InnerResultsCount","Label":"InnerResultsCount","Category":"","Description":"","Attributes":1,"ValueType":"System.Int32"},"Value":0}]},{"TestCase":{"Id":"c705025b-f2a2-f75d-6173-2aa005ee1337","FullyQualifiedName":"Testovi_za_zadatak_1.UnitTestKorisnik.TestNeispravnaAdresa","DisplayName":"TestNeispravnaAdresa","ExecutorUri":"executor://MSTestAdapter/v2","Source":"C:\\Users\\Korisnik\\Documents\\VVSzadaca2\\eParking\\Testovi za zadatak 1\\bin\\Debug\\fine-code-coverage\\Testovi za zadatak 1.dll","CodeFilePath":null,"LineNumber":-1,"Properties":[{"Key":{"Id":"MSTestDiscoverer.TestClassName","Label":"ClassName","Category":"","Description":"","Attributes":1,"ValueType":"System.String"},"Value":"Testovi_za_zadatak_1.UnitTestKorisnik"},{"Key":{"Id":"TestObject.Traits","Label":"Traits","Category":"","Description":"","Attributes":5,"ValueType":"System.Collections.Generic.KeyValuePair`2[[System.String],[System.String]][]"},"Value":[]}]},"Attachments":[],"Outcome":1,"ErrorMessage":null,"ErrorStackTrace":null,"DisplayName":null,"Messages":[],"ComputerName":null,"Duration":"00:00:00.0019564","StartTime":"2020-12-01T14:00:18.6561039+01:00","EndTime":"2020-12-01T14:00:18.6584564+01:00","Properties":[{"Key":{"Id":"ExecutionId","Label":"ExecutionId","Category":"","Description":"","Attributes":1,"ValueType":"System.Guid"},"Value":"00000000-0000-0000-0000-000000000000"},{"Key":{"Id":"ParentExecId","Label":"ParentExecId","Category":"","Description":"","Attributes":1,"ValueType":"System.Guid"},"Value":"00000000-0000-0000-0000-000000000000"},{"Key":{"Id":"InnerResultsCount","Label":"InnerResultsCount","Category":"","Description":"","Attributes":1,"ValueType":"System.Int32"},"Value":0}]},{"TestCase":{"Id":"fb4821e6-24a4-0ae0-b05b-61a7e78ce992","FullyQualifiedName":"Testovi_za_zadatak_1.UnitTestLokacija.TestUspjenaRezervacija","DisplayName":"TestUspjenaRezervacija","ExecutorUri":"executor://MSTestAdapter/v2","Source":"C:\\Users\\Korisnik\\Documents\\VVSzadaca2\\eParking\\Testovi za zadatak 1\\bin\\Debug\\fine-code-coverage\\Testovi za zadatak 1.dll","CodeFilePath":null,"LineNumber":-1,"Properties":[{"Key":{"Id":"MSTestDiscoverer.TestClassName","Label":"ClassName","Category":"","Description":"","Attributes":1,"ValueType":"System.String"},"Value":"Testovi_za_zadatak_1.UnitTestLokacija"},{"Key":{"Id":"TestObject.Traits","Label":"Traits","Category":"","Description":"","Attributes":5,"ValueType":"System.Collections.Generic.KeyValuePair`2[[System.String],[System.String]][]"},"Value":[]}]},"Attachments":[],"Outcome":1,"ErrorMessage":null,"ErrorStackTrace":null,"DisplayName":null,"Messages":[],"ComputerName":null,"Duration":"00:00:00.0006184","StartTime":"2020-12-01T14:00:18.6650786+01:00","EndTime":"2020-12-01T14:00:18.6668758+01:00","Properties":[{"Key":{"Id":"ExecutionId","Label":"ExecutionId","Category":"","Description":"","Attributes":1,"ValueType":"System.Guid"},"Value":"00000000-0000-0000-0000-000000000000"},{"Key":{"Id":"ParentExecId","Label":"ParentExecId","Category":"","Description":"","Attributes":1,"ValueType":"System.Guid"},"Value":"00000000-0000-0000-0000-000000000000"},{"Key":{"Id":"InnerResultsCount","Label":"InnerResultsCount","Category":"","Description":"","Attributes":1,"ValueType":"System.Int32"},"Value":0}]},{"TestCase":{"Id":"eb29726f-f8bf-521a-f673-84633ec4e8fa","FullyQualifiedName":"Testovi_za_zadatak_1.UnitTestLokacija.TestRezervacijaParkingaSaIsteklomlanarinom","DisplayName":"TestRezervacijaParkingaSaIsteklomlanarinom","ExecutorUri":"executor://MSTestAdapter/v2","Source":"C:\\Users\\Korisnik\\Documents\\VVSzadaca2\\eParking\\Testovi za zadatak 1\\bin\\Debug\\fine-code-coverage\\Testovi za zadatak 1.dll","CodeFilePath":null,"LineNumber":-1,"Properties":[{"Key":{"Id":"MSTestDiscoverer.TestClassName","Label":"ClassName","Category":"","Description":"","Attributes":1,"ValueType":"System.String"},"Value":"Testovi_za_zadatak_1.UnitTestLokacija"},{"Key":{"Id":"TestObject.Traits","Label":"Traits","Category":"","Description":"","Attributes":5,"ValueType":"System.Collections.Generic.KeyValuePair`2[[System.String],[System.String]][]"},"Value":[]}]},"Attachments":[],"Outcome":1,"ErrorMessage":null,"ErrorStackTrace":null,"DisplayName":null,"Messages":[],"ComputerName":null,"Duration":"00:00:00.0019779","StartTime":"2020-12-01T14:00:18.6738462+01:00","EndTime":"2020-12-01T14:00:18.6764273+01:00","Properties":[{"Key":{"Id":"ExecutionId","Label":"ExecutionId","Category":"","Description":"","Attributes":1,"ValueType":"System.Guid"},"Value":"00000000-0000-0000-0000-000000000000"},{"Key":{"Id":"ParentExecId","Label":"ParentExecId","Category":"","Description":"","Attributes":1,"ValueType":"System.Guid"},"Value":"00000000-0000-0000-0000-000000000000"},{"Key":{"Id":"InnerResultsCount","Label":"InnerResultsCount","Category":"","Description":"","Attributes":1,"ValueType":"System.Int32"},"Value":0}]},{"TestCase":{"Id":"8f2373a6-042c-d23e-ab37-bbc863bb19b0","FullyQualifiedName":"Testovi_za_zadatak_1.UnitTestLokacija.TestRezervacijaParkingaSaZauzetimMjestima","DisplayName":"TestRezervacijaParkingaSaZauzetimMjestima","ExecutorUri":"executor://MSTestAdapter/v2","Source":"C:\\Users\\Korisnik\\Documents\\VVSzadaca2\\eParking\\Testovi za zadatak 1\\bin\\Debug\\fine-code-coverage\\Testovi za zadatak 1.dll","CodeFilePath":null,"LineNumber":-1,"Properties":[{"Key":{"Id":"MSTestDiscoverer.TestClassName","Label":"ClassName","Category":"","Description":"","Attributes":1,"ValueType":"System.String"},"Value":"Testovi_za_zadatak_1.UnitTestLokacija"},{"Key":{"Id":"TestObject.Traits","Label":"Traits","Category":"","Description":"","Attributes":5,"ValueType":"System.Collections.Generic.KeyValuePair`2[[System.String],[System.String]][]"},"Value":[]}]},"Attachments":[],"Outcome":1,"ErrorMessage":null,"ErrorStackTrace":null,"DisplayName":null,"Messages":[],"ComputerName":null,"Duration":"00:00:00.0016063","StartTime":"2020-12-01T14:00:18.6862468+01:00","EndTime":"2020-12-01T14:00:18.6882949+01:00","Properties":[{"Key":{"Id":"ExecutionId","Label":"ExecutionId","Category":"","Description":"","Attributes":1,"ValueType":"System.Guid"},"Value":"00000000-0000-0000-0000-000000000000"},{"Key":{"Id":"ParentExecId","Label":"ParentExecId","Category":"","Description":"","Attributes":1,"ValueType":"System.Guid"},"Value":"00000000-0000-0000-0000-000000000000"},{"Key":{"Id":"InnerResultsCount","Label":"InnerResultsCount","Category":"","Description":"","Attributes":1,"ValueType":"System.Int32"},"Value":0}]},{"TestCase":{"Id":"829afae9-2cd0-1627-2ab6-65996b6dc80c","FullyQualifiedName":"Testovi_za_zadatak_1.UnitTestLokacija3.TestIzuzetakPriSvimZauzetimMjestima","DisplayName":"TestIzuzetakPriSvimZauzetimMjestima","ExecutorUri":"executor://MSTestAdapter/v2","Source":"C:\\Users\\Korisnik\\Documents\\VVSzadaca2\\eParking\\Testovi za zadatak 1\\bin\\Debug\\fine-code-coverage\\Testovi za zadatak 1.dll","CodeFilePath":null,"LineNumber":-1,"Properties":[{"Key":{"Id":"MSTestDiscoverer.TestClassName","Label":"ClassName","Category":"","Description":"","Attributes":1,"ValueType":"System.String"},"Value":"Testovi_za_zadatak_1.UnitTestLokacija3"},{"Key":{"Id":"TestObject.Traits","Label":"Traits","Category":"","Description":"","Attributes":5,"ValueType":"System.Collections.Generic.KeyValuePair`2[[System.String],[System.String]][]"},"Value":[]}]},"Attachments":[],"Outcome":1,"ErrorMessage":null,"ErrorStackTrace":null,"DisplayName":null,"Messages":[],"ComputerName":null,"Duration":"00:00:00.0016789","StartTime":"2020-12-01T14:00:18.6950342+01:00","EndTime":"2020-12-01T14:00:18.6979295+01:00","Properties":[{"Key":{"Id":"ExecutionId","Label":"ExecutionId","Category":"","Description":"","Attributes":1,"ValueType":"System.Guid"},"Value":"00000000-0000-0000-0000-000000000000"},{"Key":{"Id":"ParentExecId","Label":"ParentExecId","Category":"","Description":"","Attributes":1,"ValueType":"System.Guid"},"Value":"00000000-0000-0000-0000-000000000000"},{"Key":{"Id":"InnerResultsCount","Label":"InnerResultsCount","Category":"","Description":"","Attributes":1,"ValueType":"System.Int32"},"Value":0}]},{"TestCase":{"Id":"6fe0f35f-1b6a-f8ef-aaf0-14fc928bcbbc","FullyQualifiedName":"Testovi_za_zadatak_1.UnitTestLokacija3.TestOslobodiZauzetoMjesto","DisplayName":"TestOslobodiZauzetoMjesto","ExecutorUri":"executor://MSTestAdapter/v2","Source":"C:\\Users\\Korisnik\\Documents\\VVSzadaca2\\eParking\\Testovi za zadatak 1\\bin\\Debug\\fine-code-coverage\\Testovi za zadatak 1.dll","CodeFilePath":null,"LineNumber":-1,"Properties":[{"Key":{"Id":"MSTestDiscoverer.TestClassName","Label":"ClassName","Category":"","Description":"","Attributes":1,"ValueType":"System.String"},"Value":"Testovi_za_zadatak_1.UnitTestLokacija3"},{"Key":{"Id":"TestObject.Traits","Label":"Traits","Category":"","Description":"","Attributes":5,"ValueType":"System.Collections.Generic.KeyValuePair`2[[System.String],[System.String]][]"},"Value":[]}]},"Attachments":[],"Outcome":1,"ErrorMessage":null,"ErrorStackTrace":null,"DisplayName":null,"Messages":[],"ComputerName":null,"Duration":"00:00:00.0018161","StartTime":"2020-12-01T14:00:18.7058328+01:00","EndTime":"2020-12-01T14:00:18.7083392+01:00","Properties":[{"Key":{"Id":"ExecutionId","Label":"ExecutionId","Category":"","Description":"","Attributes":1,"ValueType":"System.Guid"},"Value":"00000000-0000-0000-0000-000000000000"},{"Key":{"Id":"ParentExecId","Label":"ParentExecId","Category":"","Description":"","Attributes":1,"ValueType":"System.Guid"},"Value":"00000000-0000-0000-0000-000000000000"},{"Key":{"Id":"InnerResultsCount","Label":"InnerResultsCount","Category":"","Description":"","Attributes":1,"ValueType":"System.Int32"},"Value":0}]},{"TestCase":{"Id":"b05f3e55-b4a3-9f33-70ae-081183b2919b","FullyQualifiedName":"Testovi_za_zadatak_1.UnitTestLokacija3.TestGetMetodeLokacija","DisplayName":"TestGetMetodeLokacija","ExecutorUri":"executor://MSTestAdapter/v2","Source":"C:\\Users\\Korisnik\\Documents\\VVSzadaca2\\eParking\\Testovi za zadatak 1\\bin\\Debug\\fine-code-coverage\\Testovi za zadatak 1.dll","CodeFilePath":null,"LineNumber":-1,"Properties":[{"Key":{"Id":"MSTestDiscoverer.TestClassName","Label":"ClassName","Category":"","Description":"","Attributes":1,"ValueType":"System.String"},"Value":"Testovi_za_zadatak_1.UnitTestLokacija3"},{"Key":{"Id":"TestObject.Traits","Label":"Traits","Category":"","Description":"","Attributes":5,"ValueType":"System.Collections.Generic.KeyValuePair`2[[System.String],[System.String]][]"},"Value":[]}]},"Attachments":[],"Outcome":1,"ErrorMessage":null,"ErrorStackTrace":null,"DisplayName":null,"Messages":[],"ComputerName":null,"Duration":"00:00:00.0028191","StartTime":"2020-12-01T14:00:18.7160172+01:00","EndTime":"2020-12-01T14:00:18.719174+01:00","Properties":[{"Key":{"Id":"ExecutionId","Label":"ExecutionId","Category":"","Description":"","Attributes":1,"ValueType":"System.Guid"},"Value":"00000000-0000-0000-0000-000000000000"},{"Key":{"Id":"ParentExecId","Label":"ParentExecId","Category":"","Description":"","Attributes":1,"ValueType":"System.Guid"},"Value":"00000000-0000-0000-0000-000000000000"},{"Key":{"Id":"InnerResultsCount","Label":"InnerResultsCount","Category":"","Description":"","Attributes":1,"ValueType":"System.Int32"},"Value":0}]}],"TestRunStatistics":{"ExecutedTests":28,"Stats":{"Passed":28}},"ActiveTests":[{"Id":"07845edc-5f68-46a2-4947-b8d120dd3cfe","FullyQualifiedName":"Testovi_za_zadatak_1.UnitTestLokacija3.TestNeispravanFormatNaziva","DisplayName":"TestNeispravanFormatNaziva","ExecutorUri":"executor://MSTestAdapter/v2","Source":"C:\\Users\\Korisnik\\Documents\\VVSzadaca2\\eParking\\Testovi za zadatak 1\\bin\\Debug\\fine-code-coverage\\Testovi za zadatak 1.dll","CodeFilePath":null,"LineNumber":-1,"Properties":[{"Key":{"Id":"MSTestDiscoverer.TestClassName","Label":"ClassName","Category":"","Description":"","Attributes":1,"ValueType":"System.String"},"Value":"Testovi_za_zadatak_1.UnitTestLokacija3"},{"Key":{"Id":"TestObject.Traits","Label":"Traits","Category":"","Description":"","Attributes":5,"ValueType":"System.Collections.Generic.KeyValuePair`2[[System.String],[System.String]][]"},"Value":[]}]}]}}
TpTrace Verbose: 0 : 9344, 5, 2020/12/01, 14:00:18.729, 175126032555, testhost.dll, TestRunCache: OnNewTestResult: Notified the onCacheHit callback.
TpTrace Verbose: 0 : 9344, 5, 2020/12/01, 14:00:18.734, 175126083850, testhost.dll, TestExecutionRecorder.RecordEnd: test: Testovi_za_zadatak_1.UnitTestLokacija3.TestNeispravanFormatNaziva execution completed.
TpTrace Warning: 0 : 9344, 5, 2020/12/01, 14:00:18.734, 175126086264, testhost.dll, InProgressTests is null
TpTrace Verbose: 0 : 9344, 5, 2020/12/01, 14:00:18.737, 175126115116, testhost.dll, TestExecutionRecorder.RecordResult: Received result for test: Testovi_za_zadatak_1.UnitTestLokacija3.TestNeispravanFormatNaziva.
TpTrace Warning: 0 : 9344, 5, 2020/12/01, 14:00:18.737, 175126118132, testhost.dll, InProgressTests is null
TpTrace Warning: 0 : 9344, 5, 2020/12/01, 14:00:18.737, 175126120399, testhost.dll, TestRunCache: No test found corresponding to testResult 'TestNeispravanFormatNaziva  Passed' in inProgress list.
TpTrace Verbose: 0 : 9344, 5, 2020/12/01, 14:00:18.738, 175126122642, testhost.dll, TestExecutionRecorder.RecordStart: Starting test: Testovi_za_zadatak_1.UnitTestLokacija3.TestNeispravanFormatCijene.
TpTrace Verbose: 0 : 9344, 5, 2020/12/01, 14:00:18.743, 175126175289, testhost.dll, TestExecutionRecorder.RecordEnd: test: Testovi_za_zadatak_1.UnitTestLokacija3.TestNeispravanFormatCijene execution completed.
TpTrace Verbose: 0 : 9344, 5, 2020/12/01, 14:00:18.746, 175126205584, testhost.dll, TestExecutionRecorder.RecordResult: Received result for test: Testovi_za_zadatak_1.UnitTestLokacija3.TestNeispravanFormatCijene.
TpTrace Warning: 0 : 9344, 5, 2020/12/01, 14:00:18.746, 175126208535, testhost.dll, InProgressTests is null
TpTrace Warning: 0 : 9344, 5, 2020/12/01, 14:00:18.746, 175126210680, testhost.dll, TestRunCache: No test found corresponding to testResult 'TestNeispravanFormatCijene  Passed' in inProgress list.
TpTrace Verbose: 0 : 9344, 5, 2020/12/01, 14:00:18.747, 175126212958, testhost.dll, TestExecutionRecorder.RecordStart: Starting test: Testovi_za_zadatak_1.UnitTestLokacija3.TestNeispravanFormatKapaciteta.
TpTrace Verbose: 0 : 9344, 5, 2020/12/01, 14:00:18.752, 175126264609, testhost.dll, TestExecutionRecorder.RecordEnd: test: Testovi_za_zadatak_1.UnitTestLokacija3.TestNeispravanFormatKapaciteta execution completed.
TpTrace Verbose: 0 : 9344, 5, 2020/12/01, 14:00:18.755, 175126294531, testhost.dll, TestExecutionRecorder.RecordResult: Received result for test: Testovi_za_zadatak_1.UnitTestLokacija3.TestNeispravanFormatKapaciteta.
TpTrace Warning: 0 : 9344, 5, 2020/12/01, 14:00:18.755, 175126297286, testhost.dll, InProgressTests is null
TpTrace Warning: 0 : 9344, 5, 2020/12/01, 14:00:18.755, 175126299248, testhost.dll, TestRunCache: No test found corresponding to testResult 'TestNeispravanFormatKapaciteta  Passed' in inProgress list.
TpTrace Verbose: 0 : 9344, 5, 2020/12/01, 14:00:18.755, 175126301296, testhost.dll, TestExecutionRecorder.RecordStart: Starting test: Testovi_za_zadatak_1.UnitTestLokacija3.TestKonstruktorSaIzuzetkom.
TpTrace Verbose: 0 : 9344, 5, 2020/12/01, 14:00:18.760, 175126349794, testhost.dll, TestExecutionRecorder.RecordEnd: test: Testovi_za_zadatak_1.UnitTestLokacija3.TestKonstruktorSaIzuzetkom execution completed.
TpTrace Verbose: 0 : 9344, 5, 2020/12/01, 14:00:18.763, 175126378841, testhost.dll, TestExecutionRecorder.RecordResult: Received result for test: Testovi_za_zadatak_1.UnitTestLokacija3.TestKonstruktorSaIzuzetkom.
TpTrace Warning: 0 : 9344, 5, 2020/12/01, 14:00:18.763, 175126381726, testhost.dll, InProgressTests is null
TpTrace Warning: 0 : 9344, 5, 2020/12/01, 14:00:18.764, 175126383699, testhost.dll, TestRunCache: No test found corresponding to testResult 'TestKonstruktorSaIzuzetkom  Passed' in inProgress list.
TpTrace Verbose: 0 : 9344, 5, 2020/12/01, 14:00:18.764, 175126385765, testhost.dll, TestExecutionRecorder.RecordStart: Starting test: Testovi_za_zadatak_1.UnitTestParking.TestUspjesneRezervacije.
TpTrace Verbose: 0 : 9344, 5, 2020/12/01, 14:00:18.773, 175126479266, testhost.dll, TestExecutionRecorder.RecordEnd: test: Testovi_za_zadatak_1.UnitTestParking.TestUspjesneRezervacije execution completed.
TpTrace Verbose: 0 : 9344, 5, 2020/12/01, 14:00:18.776, 175126508833, testhost.dll, TestExecutionRecorder.RecordResult: Received result for test: Testovi_za_zadatak_1.UnitTestParking.TestUspjesneRezervacije.
TpTrace Warning: 0 : 9344, 5, 2020/12/01, 14:00:18.776, 175126511655, testhost.dll, InProgressTests is null
TpTrace Warning: 0 : 9344, 5, 2020/12/01, 14:00:18.777, 175126513635, testhost.dll, TestRunCache: No test found corresponding to testResult 'TestUspjesneRezervacije  Passed' in inProgress list.
TpTrace Verbose: 0 : 9344, 5, 2020/12/01, 14:00:18.777, 175126515694, testhost.dll, TestExecutionRecorder.RecordStart: Starting test: Testovi_za_zadatak_1.UnitTestParking.TestRezervacijeKorisnikNijeClan.
TpTrace Verbose: 0 : 9344, 5, 2020/12/01, 14:00:18.782, 175126568680, testhost.dll, TestExecutionRecorder.RecordEnd: test: Testovi_za_zadatak_1.UnitTestParking.TestRezervacijeKorisnikNijeClan execution completed.
TpTrace Verbose: 0 : 9344, 5, 2020/12/01, 14:00:18.785, 175126599278, testhost.dll, TestExecutionRecorder.RecordResult: Received result for test: Testovi_za_zadatak_1.UnitTestParking.TestRezervacijeKorisnikNijeClan.
TpTrace Warning: 0 : 9344, 5, 2020/12/01, 14:00:18.785, 175126601991, testhost.dll, InProgressTests is null
TpTrace Warning: 0 : 9344, 5, 2020/12/01, 14:00:18.786, 175126604195, testhost.dll, TestRunCache: No test found corresponding to testResult 'TestRezervacijeKorisnikNijeClan  Passed' in inProgress list.
TpTrace Verbose: 0 : 9344, 5, 2020/12/01, 14:00:18.786, 175126606275, testhost.dll, TestExecutionRecorder.RecordStart: Starting test: Testovi_za_zadatak_1.UnitTestParking.TestRezervacijeKorisnikVecRezervisao.
TpTrace Verbose: 0 : 9344, 5, 2020/12/01, 14:00:18.791, 175126656939, testhost.dll, TestExecutionRecorder.RecordEnd: test: Testovi_za_zadatak_1.UnitTestParking.TestRezervacijeKorisnikVecRezervisao execution completed.
TpTrace Verbose: 0 : 9344, 5, 2020/12/01, 14:00:18.794, 175126685869, testhost.dll, TestExecutionRecorder.RecordResult: Received result for test: Testovi_za_zadatak_1.UnitTestParking.TestRezervacijeKorisnikVecRezervisao.
TpTrace Warning: 0 : 9344, 5, 2020/12/01, 14:00:18.794, 175126688462, testhost.dll, InProgressTests is null
TpTrace Warning: 0 : 9344, 5, 2020/12/01, 14:00:18.794, 175126690440, testhost.dll, TestRunCache: No test found corresponding to testResult 'TestRezervacijeKorisnikVecRezervisao  Passed' in inProgress list.
TpTrace Verbose: 0 : 9344, 5, 2020/12/01, 14:00:18.795, 175126692472, testhost.dll, TestExecutionRecorder.RecordStart: Starting test: Testovi_za_zadatak_1.UnitTestParking3.TestDodavanjeKorisnikaKojiNijelan.
TpTrace Verbose: 0 : 9344, 5, 2020/12/01, 14:00:18.800, 175126751873, testhost.dll, TestExecutionRecorder.RecordEnd: test: Testovi_za_zadatak_1.UnitTestParking3.TestDodavanjeKorisnikaKojiNijelan execution completed.
TpTrace Verbose: 0 : 9344, 5, 2020/12/01, 14:00:18.804, 175126786583, testhost.dll, TestExecutionRecorder.RecordResult: Received result for test: Testovi_za_zadatak_1.UnitTestParking3.TestDodavanjeKorisnikaKojiNijelan.
TpTrace Warning: 0 : 9344, 5, 2020/12/01, 14:00:18.804, 175126789280, testhost.dll, InProgressTests is null
TpTrace Warning: 0 : 9344, 5, 2020/12/01, 14:00:18.804, 175126791226, testhost.dll, TestRunCache: No test found corresponding to testResult 'TestDodavanjeKorisnikaKojiNijelan  Passed' in inProgress list.
TpTrace Verbose: 0 : 9344, 5, 2020/12/01, 14:00:18.805, 175126793323, testhost.dll, TestExecutionRecorder.RecordStart: Starting test: Testovi_za_zadatak_1.UnitTestParking3.TestRadSaLokacijomOpcija0.
TpTrace Verbose: 0 : 9344, 5, 2020/12/01, 14:00:18.811, 175126855229, testhost.dll, TestExecutionRecorder.RecordEnd: test: Testovi_za_zadatak_1.UnitTestParking3.TestRadSaLokacijomOpcija0 execution completed.
TpTrace Verbose: 0 : 9344, 5, 2020/12/01, 14:00:18.814, 175126884273, testhost.dll, TestExecutionRecorder.RecordResult: Received result for test: Testovi_za_zadatak_1.UnitTestParking3.TestRadSaLokacijomOpcija0.
TpTrace Warning: 0 : 9344, 5, 2020/12/01, 14:00:18.814, 175126886910, testhost.dll, InProgressTests is null
TpTrace Warning: 0 : 9344, 5, 2020/12/01, 14:00:18.814, 175126888864, testhost.dll, TestRunCache: No test found corresponding to testResult 'TestRadSaLokacijomOpcija0  Passed' in inProgress list.
TpTrace Verbose: 0 : 9344, 5, 2020/12/01, 14:00:18.814, 175126890922, testhost.dll, TestExecutionRecorder.RecordStart: Starting test: Testovi_za_zadatak_1.UnitTestParking3.TestRadSaLokacijomOpcija1.
TpTrace Information: 0 : 9344, 5, 2020/12/01, 14:00:18.815, 175126892770, testhost.dll, Sending test run statistics
TpTrace Verbose: 0 : 9344, 5, 2020/12/01, 14:00:18.818, 175126926266, testhost.dll, TestRequestHandler.SendData:  sending data from testhost: {"Version":2,"MessageType":"TestExecution.StatsChange","Payload":{"NewTestResults":[{"TestCase":{"Id":"07845edc-5f68-46a2-4947-b8d120dd3cfe","FullyQualifiedName":"Testovi_za_zadatak_1.UnitTestLokacija3.TestNeispravanFormatNaziva","DisplayName":"TestNeispravanFormatNaziva","ExecutorUri":"executor://MSTestAdapter/v2","Source":"C:\\Users\\Korisnik\\Documents\\VVSzadaca2\\eParking\\Testovi za zadatak 1\\bin\\Debug\\fine-code-coverage\\Testovi za zadatak 1.dll","CodeFilePath":null,"LineNumber":-1,"Properties":[{"Key":{"Id":"MSTestDiscoverer.TestClassName","Label":"ClassName","Category":"","Description":"","Attributes":1,"ValueType":"System.String"},"Value":"Testovi_za_zadatak_1.UnitTestLokacija3"},{"Key":{"Id":"TestObject.Traits","Label":"Traits","Category":"","Description":"","Attributes":5,"ValueType":"System.Collections.Generic.KeyValuePair`2[[System.String],[System.String]][]"},"Value":[]}]},"Attachments":[],"Outcome":1,"ErrorMessage":null,"ErrorStackTrace":null,"DisplayName":null,"Messages":[],"ComputerName":null,"Duration":"00:00:00.0017992","StartTime":"2020-12-01T14:00:18.7319061+01:00","EndTime":"2020-12-01T14:00:18.7341239+01:00","Properties":[{"Key":{"Id":"ExecutionId","Label":"ExecutionId","Category":"","Description":"","Attributes":1,"ValueType":"System.Guid"},"Value":"00000000-0000-0000-0000-000000000000"},{"Key":{"Id":"ParentExecId","Label":"ParentExecId","Category":"","Description":"","Attributes":1,"ValueType":"System.Guid"},"Value":"00000000-0000-0000-0000-000000000000"},{"Key":{"Id":"InnerResultsCount","Label":"InnerResultsCount","Category":"","Description":"","Attributes":1,"ValueType":"System.Int32"},"Value":0}]},{"TestCase":{"Id":"3104dfa9-9cb5-27a8-d248-8602f259eef1","FullyQualifiedName":"Testovi_za_zadatak_1.UnitTestLokacija3.TestNeispravanFormatCijene","DisplayName":"TestNeispravanFormatCijene","ExecutorUri":"executor://MSTestAdapter/v2","Source":"C:\\Users\\Korisnik\\Documents\\VVSzadaca2\\eParking\\Testovi za zadatak 1\\bin\\Debug\\fine-code-coverage\\Testovi za zadatak 1.dll","CodeFilePath":null,"LineNumber":-1,"Properties":[{"Key":{"Id":"MSTestDiscoverer.TestClassName","Label":"ClassName","Category":"","Description":"","Attributes":1,"ValueType":"System.String"},"Value":"Testovi_za_zadatak_1.UnitTestLokacija3"},{"Key":{"Id":"TestObject.Traits","Label":"Traits","Category":"","Description":"","Attributes":5,"ValueType":"System.Collections.Generic.KeyValuePair`2[[System.String],[System.String]][]"},"Value":[]}]},"Attachments":[],"Outcome":1,"ErrorMessage":null,"ErrorStackTrace":null,"DisplayName":null,"Messages":[],"ComputerName":null,"Duration":"00:00:00.0019329","StartTime":"2020-12-01T14:00:18.7408556+01:00","EndTime":"2020-12-01T14:00:18.7432629+01:00","Properties":[{"Key":{"Id":"ExecutionId","Label":"ExecutionId","Category":"","Description":"","Attributes":1,"ValueType":"System.Guid"},"Value":"00000000-0000-0000-0000-000000000000"},{"Key":{"Id":"ParentExecId","Label":"ParentExecId","Category":"","Description":"","Attributes":1,"ValueType":"System.Guid"},"Value":"00000000-0000-0000-0000-000000000000"},{"Key":{"Id":"InnerResultsCount","Label":"InnerResultsCount","Category":"","Description":"","Attributes":1,"ValueType":"System.Int32"},"Value":0}]},{"TestCase":{"Id":"492478c5-bf14-cb7c-5422-67c3a81ecd43","FullyQualifiedName":"Testovi_za_zadatak_1.UnitTestLokacija3.TestNeispravanFormatKapaciteta","DisplayName":"TestNeispravanFormatKapaciteta","ExecutorUri":"executor://MSTestAdapter/v2","Source":"C:\\Users\\Korisnik\\Documents\\VVSzadaca2\\eParking\\Testovi za zadatak 1\\bin\\Debug\\fine-code-coverage\\Testovi za zadatak 1.dll","CodeFilePath":null,"LineNumber":-1,"Properties":[{"Key":{"Id":"MSTestDiscoverer.TestClassName","Label":"ClassName","Category":"","Description":"","Attributes":1,"ValueType":"System.String"},"Value":"Testovi_za_zadatak_1.UnitTestLokacija3"},{"Key":{"Id":"TestObject.Traits","Label":"Traits","Category":"","Description":"","Attributes":5,"ValueType":"System.Collections.Generic.KeyValuePair`2[[System.String],[System.String]][]"},"Value":[]}]},"Attachments":[],"Outcome":1,"ErrorMessage":null,"ErrorStackTrace":null,"DisplayName":null,"Messages":[],"ComputerName":null,"Duration":"00:00:00.0018552","StartTime":"2020-12-01T14:00:18.7499205+01:00","EndTime":"2020-12-01T14:00:18.7521986+01:00","Properties":[{"Key":{"Id":"ExecutionId","Label":"ExecutionId","Category":"","Description":"","Attributes":1,"ValueType":"System.Guid"},"Value":"00000000-0000-0000-0000-000000000000"},{"Key":{"Id":"ParentExecId","Label":"ParentExecId","Category":"","Description":"","Attributes":1,"ValueType":"System.Guid"},"Value":"00000000-0000-0000-0000-000000000000"},{"Key":{"Id":"InnerResultsCount","Label":"InnerResultsCount","Category":"","Description":"","Attributes":1,"ValueType":"System.Int32"},"Value":0}]},{"TestCase":{"Id":"725d5492-3992-ad8a-1aad-b8a51634a80b","FullyQualifiedName":"Testovi_za_zadatak_1.UnitTestLokacija3.TestKonstruktorSaIzuzetkom","DisplayName":"TestKonstruktorSaIzuzetkom","ExecutorUri":"executor://MSTestAdapter/v2","Source":"C:\\Users\\Korisnik\\Documents\\VVSzadaca2\\eParking\\Testovi za zadatak 1\\bin\\Debug\\fine-code-coverage\\Testovi za zadatak 1.dll","CodeFilePath":null,"LineNumber":-1,"Properties":[{"Key":{"Id":"MSTestDiscoverer.TestClassName","Label":"ClassName","Category":"","Description":"","Attributes":1,"ValueType":"System.String"},"Value":"Testovi_za_zadatak_1.UnitTestLokacija3"},{"Key":{"Id":"TestObject.Traits","Label":"Traits","Category":"","Description":"","Attributes":5,"ValueType":"System.Collections.Generic.KeyValuePair`2[[System.String],[System.String]][]"},"Value":[]}]},"Attachments":[],"Outcome":1,"ErrorMessage":null,"ErrorStackTrace":null,"DisplayName":null,"Messages":[],"ComputerName":null,"Duration":"00:00:00.0016647","StartTime":"2020-12-01T14:00:18.7586561+01:00","EndTime":"2020-12-01T14:00:18.7607171+01:00","Properties":[{"Key":{"Id":"ExecutionId","Label":"ExecutionId","Category":"","Description":"","Attributes":1,"ValueType":"System.Guid"},"Value":"00000000-0000-0000-0000-000000000000"},{"Key":{"Id":"ParentExecId","Label":"ParentExecId","Category":"","Description":"","Attributes":1,"ValueType":"System.Guid"},"Value":"00000000-0000-0000-0000-000000000000"},{"Key":{"Id":"InnerResultsCount","Label":"InnerResultsCount","Category":"","Description":"","Attributes":1,"ValueType":"System.Int32"},"Value":0}]},{"TestCase":{"Id":"0bac892f-0a3f-6144-bcb8-ba2b3969567e","FullyQualifiedName":"Testovi_za_zadatak_1.UnitTestParking.TestUspjesneRezervacije","DisplayName":"TestUspjesneRezervacije","ExecutorUri":"executor://MSTestAdapter/v2","Source":"C:\\Users\\Korisnik\\Documents\\VVSzadaca2\\eParking\\Testovi za zadatak 1\\bin\\Debug\\fine-code-coverage\\Testovi za zadatak 1.dll","CodeFilePath":null,"LineNumber":-1,"Properties":[{"Key":{"Id":"MSTestDiscoverer.TestClassName","Label":"ClassName","Category":"","Description":"","Attributes":1,"ValueType":"System.String"},"Value":"Testovi_za_zadatak_1.UnitTestParking"},{"Key":{"Id":"TestObject.Traits","Label":"Traits","Category":"","Description":"","Attributes":5,"ValueType":"System.Collections.Generic.KeyValuePair`2[[System.String],[System.String]][]"},"Value":[]}]},"Attachments":[],"Outcome":1,"ErrorMessage":null,"ErrorStackTrace":null,"DisplayName":null,"Messages":[],"ComputerName":null,"Duration":"00:00:00.0012217","StartTime":"2020-12-01T14:00:18.7672275+01:00","EndTime":"2020-12-01T14:00:18.7736702+01:00","Properties":[{"Key":{"Id":"ExecutionId","Label":"ExecutionId","Category":"","Description":"","Attributes":1,"ValueType":"System.Guid"},"Value":"00000000-0000-0000-0000-000000000000"},{"Key":{"Id":"ParentExecId","Label":"ParentExecId","Category":"","Description":"","Attributes":1,"ValueType":"System.Guid"},"Value":"00000000-0000-0000-0000-000000000000"},{"Key":{"Id":"InnerResultsCount","Label":"InnerResultsCount","Category":"","Description":"","Attributes":1,"ValueType":"System.Int32"},"Value":0}]},{"TestCase":{"Id":"e937f6e7-1012-ddae-bbe5-8e9e3e17562b","FullyQualifiedName":"Testovi_za_zadatak_1.UnitTestParking.TestRezervacijeKorisnikNijeClan","DisplayName":"TestRezervacijeKorisnikNijeClan","ExecutorUri":"executor://MSTestAdapter/v2","Source":"C:\\Users\\Korisnik\\Documents\\VVSzadaca2\\eParking\\Testovi za zadatak 1\\bin\\Debug\\fine-code-coverage\\Testovi za zadatak 1.dll","CodeFilePath":null,"LineNumber":-1,"Properties":[{"Key":{"Id":"MSTestDiscoverer.TestClassName","Label":"ClassName","Category":"","Description":"","Attributes":1,"ValueType":"System.String"},"Value":"Testovi_za_zadatak_1.UnitTestParking"},{"Key":{"Id":"TestObject.Traits","Label":"Traits","Category":"","Description":"","Attributes":5,"ValueType":"System.Collections.Generic.KeyValuePair`2[[System.String],[System.String]][]"},"Value":[]}]},"Attachments":[],"Outcome":1,"ErrorMessage":null,"ErrorStackTrace":null,"DisplayName":null,"Messages":[],"ComputerName":null,"Duration":"00:00:00.0017161","StartTime":"2020-12-01T14:00:18.7804988+01:00","EndTime":"2020-12-01T14:00:18.7826094+01:00","Properties":[{"Key":{"Id":"ExecutionId","Label":"ExecutionId","Category":"","Description":"","Attributes":1,"ValueType":"System.Guid"},"Value":"00000000-0000-0000-0000-000000000000"},{"Key":{"Id":"ParentExecId","Label":"ParentExecId","Category":"","Description":"","Attributes":1,"ValueType":"System.Guid"},"Value":"00000000-0000-0000-0000-000000000000"},{"Key":{"Id":"InnerResultsCount","Label":"InnerResultsCount","Category":"","Description":"","Attributes":1,"ValueType":"System.Int32"},"Value":0}]},{"TestCase":{"Id":"31a3e1a7-4a46-bcff-fffd-c17599d73a1d","FullyQualifiedName":"Testovi_za_zadatak_1.UnitTestParking.TestRezervacijeKorisnikVecRezervisao","DisplayName":"TestRezervacijeKorisnikVecRezervisao","ExecutorUri":"executor://MSTestAdapter/v2","Source":"C:\\Users\\Korisnik\\Documents\\VVSzadaca2\\eParking\\Testovi za zadatak 1\\bin\\Debug\\fine-code-coverage\\Testovi za zadatak 1.dll","CodeFilePath":null,"LineNumber":-1,"Properties":[{"Key":{"Id":"MSTestDiscoverer.TestClassName","Label":"ClassName","Category":"","Description":"","Attributes":1,"ValueType":"System.String"},"Value":"Testovi_za_zadatak_1.UnitTestParking"},{"Key":{"Id":"TestObject.Traits","Label":"Traits","Category":"","Description":"","Attributes":5,"ValueType":"System.Collections.Generic.KeyValuePair`2[[System.String],[System.String]][]"},"Value":[]}]},"Attachments":[],"Outcome":1,"ErrorMessage":null,"ErrorStackTrace":null,"DisplayName":null,"Messages":[],"ComputerName":null,"Duration":"00:00:00.0018580","StartTime":"2020-12-01T14:00:18.7891867+01:00","EndTime":"2020-12-01T14:00:18.7914381+01:00","Properties":[{"Key":{"Id":"ExecutionId","Label":"ExecutionId","Category":"","Description":"","Attributes":1,"ValueType":"System.Guid"},"Value":"00000000-0000-0000-0000-000000000000"},{"Key":{"Id":"ParentExecId","Label":"ParentExecId","Category":"","Description":"","Attributes":1,"ValueType":"System.Guid"},"Value":"00000000-0000-0000-0000-000000000000"},{"Key":{"Id":"InnerResultsCount","Label":"InnerResultsCount","Category":"","Description":"","Attributes":1,"ValueType":"System.Int32"},"Value":0}]},{"TestCase":{"Id":"7d1d08c8-71fc-30e1-7540-7f86408a41a9","FullyQualifiedName":"Testovi_za_zadatak_1.UnitTestParking3.TestDodavanjeKorisnikaKojiNijelan","DisplayName":"TestDodavanjeKorisnikaKojiNijelan","ExecutorUri":"executor://MSTestAdapter/v2","Source":"C:\\Users\\Korisnik\\Documents\\VVSzadaca2\\eParking\\Testovi za zadatak 1\\bin\\Debug\\fine-code-coverage\\Testovi za zadatak 1.dll","CodeFilePath":null,"LineNumber":-1,"Properties":[{"Key":{"Id":"MSTestDiscoverer.TestClassName","Label":"ClassName","Category":"","Description":"","Attributes":1,"ValueType":"System.String"},"Value":"Testovi_za_zadatak_1.UnitTestParking3"},{"Key":{"Id":"TestObject.Traits","Label":"Traits","Category":"","Description":"","Attributes":5,"ValueType":"System.Collections.Generic.KeyValuePair`2[[System.String],[System.String]][]"},"Value":[]}]},"Attachments":[],"Outcome":1,"ErrorMessage":null,"ErrorStackTrace":null,"DisplayName":null,"Messages":[],"ComputerName":null,"Duration":"00:00:00.0018170","StartTime":"2020-12-01T14:00:18.7977679+01:00","EndTime":"2020-12-01T14:00:18.8009258+01:00","Properties":[{"Key":{"Id":"ExecutionId","Label":"ExecutionId","Category":"","Description":"","Attributes":1,"ValueType":"System.Guid"},"Value":"00000000-0000-0000-0000-000000000000"},{"Key":{"Id":"ParentExecId","Label":"ParentExecId","Category":"","Description":"","Attributes":1,"ValueType":"System.Guid"},"Value":"00000000-0000-0000-0000-000000000000"},{"Key":{"Id":"InnerResultsCount","Label":"InnerResultsCount","Category":"","Description":"","Attributes":1,"ValueType":"System.Int32"},"Value":0}]},{"TestCase":{"Id":"c32bff40-7978-f13e-e25e-33e092843576","FullyQualifiedName":"Testovi_za_zadatak_1.UnitTestParking3.TestRadSaLokacijomOpcija0","DisplayName":"TestRadSaLokacijomOpcija0","ExecutorUri":"executor://MSTestAdapter/v2","Source":"C:\\Users\\Korisnik\\Documents\\VVSzadaca2\\eParking\\Testovi za zadatak 1\\bin\\Debug\\fine-code-coverage\\Testovi za zadatak 1.dll","CodeFilePath":null,"LineNumber":-1,"Properties":[{"Key":{"Id":"MSTestDiscoverer.TestClassName","Label":"ClassName","Category":"","Description":"","Attributes":1,"ValueType":"System.String"},"Value":"Testovi_za_zadatak_1.UnitTestParking3"},{"Key":{"Id":"TestObject.Traits","Label":"Traits","Category":"","Description":"","Attributes":5,"ValueType":"System.Collections.Generic.KeyValuePair`2[[System.String],[System.String]][]"},"Value":[]}]},"Attachments":[],"Outcome":1,"ErrorMessage":null,"ErrorStackTrace":null,"DisplayName":null,"Messages":[],"ComputerName":null,"Duration":"00:00:00.0024879","StartTime":"2020-12-01T14:00:18.8083619+01:00","EndTime":"2020-12-01T14:00:18.8112612+01:00","Properties":[{"Key":{"Id":"ExecutionId","Label":"ExecutionId","Category":"","Description":"","Attributes":1,"ValueType":"System.Guid"},"Value":"00000000-0000-0000-0000-000000000000"},{"Key":{"Id":"ParentExecId","Label":"ParentExecId","Category":"","Description":"","Attributes":1,"ValueType":"System.Guid"},"Value":"00000000-0000-0000-0000-000000000000"},{"Key":{"Id":"InnerResultsCount","Label":"InnerResultsCount","Category":"","Description":"","Attributes":1,"ValueType":"System.Int32"},"Value":0}]}],"TestRunStatistics":{"ExecutedTests":37,"Stats":{"Passed":37}},"ActiveTests":[{"Id":"04e6aa8b-9455-d935-aa99-ae450c1dfae9","FullyQualifiedName":"Testovi_za_zadatak_1.UnitTestParking3.TestRadSaLokacijomOpcija1","DisplayName":"TestRadSaLokacijomOpcija1","ExecutorUri":"executor://MSTestAdapter/v2","Source":"C:\\Users\\Korisnik\\Documents\\VVSzadaca2\\eParking\\Testovi za zadatak 1\\bin\\Debug\\fine-code-coverage\\Testovi za zadatak 1.dll","CodeFilePath":null,"LineNumber":-1,"Properties":[{"Key":{"Id":"MSTestDiscoverer.TestClassName","Label":"ClassName","Category":"","Description":"","Attributes":1,"ValueType":"System.String"},"Value":"Testovi_za_zadatak_1.UnitTestParking3"},{"Key":{"Id":"TestObject.Traits","Label":"Traits","Category":"","Description":"","Attributes":5,"ValueType":"System.Collections.Generic.KeyValuePair`2[[System.String],[System.String]][]"},"Value":[]}]}]}}
TpTrace Verbose: 0 : 9344, 5, 2020/12/01, 14:00:18.819, 175126936011, testhost.dll, TestRunCache: OnNewTestResult: Notified the onCacheHit callback.
TpTrace Verbose: 0 : 9344, 5, 2020/12/01, 14:00:18.824, 175126992188, testhost.dll, TestExecutionRecorder.RecordEnd: test: Testovi_za_zadatak_1.UnitTestParking3.TestRadSaLokacijomOpcija1 execution completed.
TpTrace Warning: 0 : 9344, 5, 2020/12/01, 14:00:18.825, 175126994544, testhost.dll, InProgressTests is null
TpTrace Verbose: 0 : 9344, 5, 2020/12/01, 14:00:18.827, 175127022297, testhost.dll, TestExecutionRecorder.RecordResult: Received result for test: Testovi_za_zadatak_1.UnitTestParking3.TestRadSaLokacijomOpcija1.
TpTrace Warning: 0 : 9344, 5, 2020/12/01, 14:00:18.828, 175127025005, testhost.dll, InProgressTests is null
TpTrace Warning: 0 : 9344, 5, 2020/12/01, 14:00:18.828, 175127027121, testhost.dll, TestRunCache: No test found corresponding to testResult 'TestRadSaLokacijomOpcija1  Passed' in inProgress list.
TpTrace Verbose: 0 : 9344, 5, 2020/12/01, 14:00:18.828, 175127029385, testhost.dll, TestExecutionRecorder.RecordStart: Starting test: Testovi_za_zadatak_1.UnitTestParking3.TestRadSaLokacijomOpcija2.
TpTrace Verbose: 0 : 9344, 5, 2020/12/01, 14:00:18.834, 175127088892, testhost.dll, TestExecutionRecorder.RecordEnd: test: Testovi_za_zadatak_1.UnitTestParking3.TestRadSaLokacijomOpcija2 execution completed.
TpTrace Verbose: 0 : 9344, 5, 2020/12/01, 14:00:18.837, 175127119881, testhost.dll, TestExecutionRecorder.RecordResult: Received result for test: Testovi_za_zadatak_1.UnitTestParking3.TestRadSaLokacijomOpcija2.
TpTrace Warning: 0 : 9344, 5, 2020/12/01, 14:00:18.838, 175127122624, testhost.dll, InProgressTests is null
TpTrace Warning: 0 : 9344, 5, 2020/12/01, 14:00:18.838, 175127124913, testhost.dll, TestRunCache: No test found corresponding to testResult 'TestRadSaLokacijomOpcija2  Passed' in inProgress list.
TpTrace Verbose: 0 : 9344, 5, 2020/12/01, 14:00:18.838, 175127127082, testhost.dll, TestExecutionRecorder.RecordStart: Starting test: Testovi_za_zadatak_1.UnitTestParking3.TestNeuspjesneRezervacije.
TpTrace Verbose: 0 : 9344, 5, 2020/12/01, 14:00:18.843, 175127181022, testhost.dll, TestExecutionRecorder.RecordEnd: test: Testovi_za_zadatak_1.UnitTestParking3.TestNeuspjesneRezervacije execution completed.
TpTrace Verbose: 0 : 9344, 5, 2020/12/01, 14:00:18.846, 175127210319, testhost.dll, TestExecutionRecorder.RecordResult: Received result for test: Testovi_za_zadatak_1.UnitTestParking3.TestNeuspjesneRezervacije.
TpTrace Warning: 0 : 9344, 5, 2020/12/01, 14:00:18.847, 175127213024, testhost.dll, InProgressTests is null
TpTrace Warning: 0 : 9344, 5, 2020/12/01, 14:00:18.847, 175127215096, testhost.dll, TestRunCache: No test found corresponding to testResult 'TestNeuspjesneRezervacije  Passed' in inProgress list.
TpTrace Verbose: 0 : 9344, 5, 2020/12/01, 14:00:18.847, 175127216992, testhost.dll, TestExecutionRecorder.RecordStart: Starting test: Testovi_za_zadatak_1.UnitTestParking3.TestLokacijaBezUlice.
TpTrace Verbose: 0 : 9344, 5, 2020/12/01, 14:00:18.853, 175127280700, testhost.dll, TestExecutionRecorder.RecordEnd: test: Testovi_za_zadatak_1.UnitTestParking3.TestLokacijaBezUlice execution completed.
TpTrace Verbose: 0 : 9344, 5, 2020/12/01, 14:00:18.856, 175127309264, testhost.dll, TestExecutionRecorder.RecordResult: Received result for test: Testovi_za_zadatak_1.UnitTestParking3.TestLokacijaBezUlice.
TpTrace Warning: 0 : 9344, 5, 2020/12/01, 14:00:18.856, 175127311846, testhost.dll, InProgressTests is null
TpTrace Warning: 0 : 9344, 5, 2020/12/01, 14:00:18.857, 175127313620, testhost.dll, TestRunCache: No test found corresponding to testResult 'TestLokacijaBezUlice  Passed' in inProgress list.
TpTrace Verbose: 0 : 9344, 5, 2020/12/01, 14:00:18.857, 175127315457, testhost.dll, TestExecutionRecorder.RecordStart: Starting test: Testovi_za_zadatak_1.UnitTestParking3.TestProracunTrenutneZarade.
TpTrace Information: 0 : 9344, 5, 2020/12/01, 14:00:18.865, 175127396944, testhost.dll, AssemblyResolver.OnResolve: Microsoft.VisualStudio.TestPlatform.MSTest.TestAdapter.resources: Resolving assembly.
TpTrace Information: 0 : 9344, 5, 2020/12/01, 14:00:18.866, 175127403063, testhost.dll, AssemblyResolver.OnResolve: Microsoft.VisualStudio.TestPlatform.MSTest.TestAdapter.resources: Failed to load assembly.
TpTrace Verbose: 0 : 9344, 4, 2020/12/01, 14:00:18.888, 175127629146, testhost.dll, TcpClientExtensions.MessageLoopAsync: Polling on remoteEndPoint: [::ffff:127.0.0.1]:51882 localEndPoint: [::ffff:127.0.0.1]:51883
TpTrace Verbose: 0 : 9344, 5, 2020/12/01, 14:00:18.927, 175128012573, testhost.dll, TestExecutionRecorder.RecordEnd: test: Testovi_za_zadatak_1.UnitTestParking3.TestProracunTrenutneZarade execution completed.
TpTrace Verbose: 0 : 9344, 5, 2020/12/01, 14:00:18.930, 175128044969, testhost.dll, TestExecutionRecorder.RecordResult: Received result for test: Testovi_za_zadatak_1.UnitTestParking3.TestProracunTrenutneZarade.
TpTrace Warning: 0 : 9344, 5, 2020/12/01, 14:00:18.930, 175128048329, testhost.dll, InProgressTests is null
TpTrace Warning: 0 : 9344, 5, 2020/12/01, 14:00:18.931, 175128058080, testhost.dll, TestRunCache: No test found corresponding to testResult 'TestProracunTrenutneZarade  Failed
  Message: Test method Testovi_za_zadatak_1.UnitTestParking3.TestProracunTrenutneZarade threw exception: 
System.ArgumentNullException: Value cannot be null. (Parameter 'Svaka lokacija mora imati barem jednu ulicu!')
  StackTrace:
    at eParking.Parking.IzraunajTrenutnuZaradu() in C:\Users\Korisnik\Documents\VVSzadaca2\eParking\eParking\Parking.cs:line 121
   at Testovi_za_zadatak_1.UnitTestParking3.TestProracunTrenutneZarade() in C:\Users\Korisnik\Documents\VVSzadaca2\eParking\Testovi za zadatak 1\UnitTestParking3.cs:line 127
' in inProgress list.
TpTrace Verbose: 0 : 9344, 5, 2020/12/01, 14:00:18.931, 175128061003, testhost.dll, TestExecutionRecorder.RecordStart: Starting test: Testovi_za_zadatak_1.UnitTestTransakcija.TestDajVrijemeDolaskaIzuzetak.
TpTrace Verbose: 0 : 9344, 5, 2020/12/01, 14:00:18.937, 175128121503, testhost.dll, TestExecutionRecorder.RecordEnd: test: Testovi_za_zadatak_1.UnitTestTransakcija.TestDajVrijemeDolaskaIzuzetak execution completed.
TpTrace Verbose: 0 : 9344, 5, 2020/12/01, 14:00:18.940, 175128150840, testhost.dll, TestExecutionRecorder.RecordResult: Received result for test: Testovi_za_zadatak_1.UnitTestTransakcija.TestDajVrijemeDolaskaIzuzetak.
TpTrace Warning: 0 : 9344, 5, 2020/12/01, 14:00:18.941, 175128153432, testhost.dll, InProgressTests is null
TpTrace Warning: 0 : 9344, 5, 2020/12/01, 14:00:18.941, 175128155284, testhost.dll, TestRunCache: No test found corresponding to testResult 'TestDajVrijemeDolaskaIzuzetak  Passed' in inProgress list.
TpTrace Verbose: 0 : 9344, 5, 2020/12/01, 14:00:18.941, 175128157268, testhost.dll, TestExecutionRecorder.RecordStart: Starting test: Testovi_za_zadatak_1.UnitTestVozilo.TestNeispravanFormatTablica.
TpTrace Verbose: 0 : 9344, 5, 2020/12/01, 14:00:18.947, 175128217856, testhost.dll, TestExecutionRecorder.RecordEnd: test: Testovi_za_zadatak_1.UnitTestVozilo.TestNeispravanFormatTablica execution completed.
TpTrace Verbose: 0 : 9344, 5, 2020/12/01, 14:00:18.950, 175128247329, testhost.dll, TestExecutionRecorder.RecordResult: Received result for test: Testovi_za_zadatak_1.UnitTestVozilo.TestNeispravanFormatTablica.
TpTrace Warning: 0 : 9344, 5, 2020/12/01, 14:00:18.950, 175128249970, testhost.dll, InProgressTests is null
TpTrace Warning: 0 : 9344, 5, 2020/12/01, 14:00:18.950, 175128251857, testhost.dll, TestRunCache: No test found corresponding to testResult 'TestNeispravanFormatTablica  Passed' in inProgress list.
TpTrace Verbose: 0 : 9344, 5, 2020/12/01, 14:00:18.951, 175128253790, testhost.dll, TestExecutionRecorder.RecordStart: Starting test: Testovi_za_zadatak_1.UnitTestVozilo.TestNepostojeaVrstaVozila.
TpTrace Verbose: 0 : 9344, 5, 2020/12/01, 14:00:18.955, 175128299617, testhost.dll, TestExecutionRecorder.RecordEnd: test: Testovi_za_zadatak_1.UnitTestVozilo.TestNepostojeaVrstaVozila execution completed.
TpTrace Verbose: 0 : 9344, 5, 2020/12/01, 14:00:18.958, 175128328711, testhost.dll, TestExecutionRecorder.RecordResult: Received result for test: Testovi_za_zadatak_1.UnitTestVozilo.TestNepostojeaVrstaVozila.
TpTrace Warning: 0 : 9344, 5, 2020/12/01, 14:00:18.958, 175128331913, testhost.dll, InProgressTests is null
TpTrace Warning: 0 : 9344, 5, 2020/12/01, 14:00:18.959, 175128334524, testhost.dll, TestRunCache: No test found corresponding to testResult 'TestNepostojeaVrstaVozila  Passed' in inProgress list.
TpTrace Verbose: 0 : 9344, 5, 2020/12/01, 14:00:18.959, 175128337196, testhost.dll, TestExecutionRecorder.RecordStart: Starting test: Testovi_za_zadatak_1.UnitTestVozilo.TestNeispravanFormatSjedita.
TpTrace Verbose: 0 : 9344, 5, 2020/12/01, 14:00:18.964, 175128385083, testhost.dll, TestExecutionRecorder.RecordEnd: test: Testovi_za_zadatak_1.UnitTestVozilo.TestNeispravanFormatSjedita execution completed.
TpTrace Verbose: 0 : 9344, 5, 2020/12/01, 14:00:18.967, 175128413992, testhost.dll, TestExecutionRecorder.RecordResult: Received result for test: Testovi_za_zadatak_1.UnitTestVozilo.TestNeispravanFormatSjedita.
TpTrace Warning: 0 : 9344, 5, 2020/12/01, 14:00:18.967, 175128416699, testhost.dll, InProgressTests is null
TpTrace Warning: 0 : 9344, 5, 2020/12/01, 14:00:18.967, 175128418671, testhost.dll, TestRunCache: No test found corresponding to testResult 'TestNeispravanFormatSjedita  Passed' in inProgress list.
TpTrace Verbose: 0 : 9344, 5, 2020/12/01, 14:00:18.967, 175128420718, testhost.dll, TestExecutionRecorder.RecordStart: Starting test: Testovi_za_zadatak_1.UnitTestVozilo.TestGetMetode.
TpTrace Information: 0 : 9344, 5, 2020/12/01, 14:00:18.968, 175128422569, testhost.dll, Sending test run statistics
TpTrace Verbose: 0 : 9344, 5, 2020/12/01, 14:00:18.971, 175128457480, testhost.dll, TestRequestHandler.SendData:  sending data from testhost: {"Version":2,"MessageType":"TestExecution.StatsChange","Payload":{"NewTestResults":[{"TestCase":{"Id":"04e6aa8b-9455-d935-aa99-ae450c1dfae9","FullyQualifiedName":"Testovi_za_zadatak_1.UnitTestParking3.TestRadSaLokacijomOpcija1","DisplayName":"TestRadSaLokacijomOpcija1","ExecutorUri":"executor://MSTestAdapter/v2","Source":"C:\\Users\\Korisnik\\Documents\\VVSzadaca2\\eParking\\Testovi za zadatak 1\\bin\\Debug\\fine-code-coverage\\Testovi za zadatak 1.dll","CodeFilePath":null,"LineNumber":-1,"Properties":[{"Key":{"Id":"MSTestDiscoverer.TestClassName","Label":"ClassName","Category":"","Description":"","Attributes":1,"ValueType":"System.String"},"Value":"Testovi_za_zadatak_1.UnitTestParking3"},{"Key":{"Id":"TestObject.Traits","Label":"Traits","Category":"","Description":"","Attributes":5,"ValueType":"System.Collections.Generic.KeyValuePair`2[[System.String],[System.String]][]"},"Value":[]}]},"Attachments":[],"Outcome":1,"ErrorMessage":null,"ErrorStackTrace":null,"DisplayName":null,"Messages":[],"ComputerName":null,"Duration":"00:00:00.0023251","StartTime":"2020-12-01T14:00:18.8222376+01:00","EndTime":"2020-12-01T14:00:18.8249597+01:00","Properties":[{"Key":{"Id":"ExecutionId","Label":"ExecutionId","Category":"","Description":"","Attributes":1,"ValueType":"System.Guid"},"Value":"00000000-0000-0000-0000-000000000000"},{"Key":{"Id":"ParentExecId","Label":"ParentExecId","Category":"","Description":"","Attributes":1,"ValueType":"System.Guid"},"Value":"00000000-0000-0000-0000-000000000000"},{"Key":{"Id":"InnerResultsCount","Label":"InnerResultsCount","Category":"","Description":"","Attributes":1,"ValueType":"System.Int32"},"Value":0}]},{"TestCase":{"Id":"4fd7d227-8ade-6881-5718-6eb5a97cc165","FullyQualifiedName":"Testovi_za_zadatak_1.UnitTestParking3.TestRadSaLokacijomOpcija2","DisplayName":"TestRadSaLokacijomOpcija2","ExecutorUri":"executor://MSTestAdapter/v2","Source":"C:\\Users\\Korisnik\\Documents\\VVSzadaca2\\eParking\\Testovi za zadatak 1\\bin\\Debug\\fine-code-coverage\\Testovi za zadatak 1.dll","CodeFilePath":null,"LineNumber":-1,"Properties":[{"Key":{"Id":"MSTestDiscoverer.TestClassName","Label":"ClassName","Category":"","Description":"","Attributes":1,"ValueType":"System.String"},"Value":"Testovi_za_zadatak_1.UnitTestParking3"},{"Key":{"Id":"TestObject.Traits","Label":"Traits","Category":"","Description":"","Attributes":5,"ValueType":"System.Collections.Generic.KeyValuePair`2[[System.String],[System.String]][]"},"Value":[]}]},"Attachments":[],"Outcome":1,"ErrorMessage":null,"ErrorStackTrace":null,"DisplayName":null,"Messages":[],"ComputerName":null,"Duration":"00:00:00.0024919","StartTime":"2020-12-01T14:00:18.8316547+01:00","EndTime":"2020-12-01T14:00:18.8346252+01:00","Properties":[{"Key":{"Id":"ExecutionId","Label":"ExecutionId","Category":"","Description":"","Attributes":1,"ValueType":"System.Guid"},"Value":"00000000-0000-0000-0000-000000000000"},{"Key":{"Id":"ParentExecId","Label":"ParentExecId","Category":"","Description":"","Attributes":1,"ValueType":"System.Guid"},"Value":"00000000-0000-0000-0000-000000000000"},{"Key":{"Id":"InnerResultsCount","Label":"InnerResultsCount","Category":"","Description":"","Attributes":1,"ValueType":"System.Int32"},"Value":0}]},{"TestCase":{"Id":"d4df1ed6-fcf8-74e9-5db4-567a5355f663","FullyQualifiedName":"Testovi_za_zadatak_1.UnitTestParking3.TestNeuspjesneRezervacije","DisplayName":"TestNeuspjesneRezervacije","ExecutorUri":"executor://MSTestAdapter/v2","Source":"C:\\Users\\Korisnik\\Documents\\VVSzadaca2\\eParking\\Testovi za zadatak 1\\bin\\Debug\\fine-code-coverage\\Testovi za zadatak 1.dll","CodeFilePath":null,"LineNumber":-1,"Properties":[{"Key":{"Id":"MSTestDiscoverer.TestClassName","Label":"ClassName","Category":"","Description":"","Attributes":1,"ValueType":"System.String"},"Value":"Testovi_za_zadatak_1.UnitTestParking3"},{"Key":{"Id":"TestObject.Traits","Label":"Traits","Category":"","Description":"","Attributes":5,"ValueType":"System.Collections.Generic.KeyValuePair`2[[System.String],[System.String]][]"},"Value":[]}]},"Attachments":[],"Outcome":1,"ErrorMessage":null,"ErrorStackTrace":null,"DisplayName":null,"Messages":[],"ComputerName":null,"Duration":"00:00:00.0020366","StartTime":"2020-12-01T14:00:18.8413592+01:00","EndTime":"2020-12-01T14:00:18.8438422+01:00","Properties":[{"Key":{"Id":"ExecutionId","Label":"ExecutionId","Category":"","Description":"","Attributes":1,"ValueType":"System.Guid"},"Value":"00000000-0000-0000-0000-000000000000"},{"Key":{"Id":"ParentExecId","Label":"ParentExecId","Category":"","Description":"","Attributes":1,"ValueType":"System.Guid"},"Value":"00000000-0000-0000-0000-000000000000"},{"Key":{"Id":"InnerResultsCount","Label":"InnerResultsCount","Category":"","Description":"","Attributes":1,"ValueType":"System.Int32"},"Value":0}]},{"TestCase":{"Id":"d22a683f-0114-dfb2-3e02-371ed9b6854f","FullyQualifiedName":"Testovi_za_zadatak_1.UnitTestParking3.TestLokacijaBezUlice","DisplayName":"TestLokacijaBezUlice","ExecutorUri":"executor://MSTestAdapter/v2","Source":"C:\\Users\\Korisnik\\Documents\\VVSzadaca2\\eParking\\Testovi za zadatak 1\\bin\\Debug\\fine-code-coverage\\Testovi za zadatak 1.dll","CodeFilePath":null,"LineNumber":-1,"Properties":[{"Key":{"Id":"MSTestDiscoverer.TestClassName","Label":"ClassName","Category":"","Description":"","Attributes":1,"ValueType":"System.String"},"Value":"Testovi_za_zadatak_1.UnitTestParking3"},{"Key":{"Id":"TestObject.Traits","Label":"Traits","Category":"","Description":"","Attributes":5,"ValueType":"System.Collections.Generic.KeyValuePair`2[[System.String],[System.String]][]"},"Value":[]}]},"Attachments":[],"Outcome":1,"ErrorMessage":null,"ErrorStackTrace":null,"DisplayName":null,"Messages":[],"ComputerName":null,"Duration":"00:00:00.0031829","StartTime":"2020-12-01T14:00:18.8502285+01:00","EndTime":"2020-12-01T14:00:18.8538073+01:00","Properties":[{"Key":{"Id":"ExecutionId","Label":"ExecutionId","Category":"","Description":"","Attributes":1,"ValueType":"System.Guid"},"Value":"00000000-0000-0000-0000-000000000000"},{"Key":{"Id":"ParentExecId","Label":"ParentExecId","Category":"","Description":"","Attributes":1,"ValueType":"System.Guid"},"Value":"00000000-0000-0000-0000-000000000000"},{"Key":{"Id":"InnerResultsCount","Label":"InnerResultsCount","Category":"","Description":"","Attributes":1,"ValueType":"System.Int32"},"Value":0}]},{"TestCase":{"Id":"874c3e1a-3a80-9e7a-77f2-a7bc3f5b8d1b","FullyQualifiedName":"Testovi_za_zadatak_1.UnitTestParking3.TestProracunTrenutneZarade","DisplayName":"TestProracunTrenutneZarade","ExecutorUri":"executor://MSTestAdapter/v2","Source":"C:\\Users\\Korisnik\\Documents\\VVSzadaca2\\eParking\\Testovi za zadatak 1\\bin\\Debug\\fine-code-coverage\\Testovi za zadatak 1.dll","CodeFilePath":null,"LineNumber":-1,"Properties":[{"Key":{"Id":"MSTestDiscoverer.TestClassName","Label":"ClassName","Category":"","Description":"","Attributes":1,"ValueType":"System.String"},"Value":"Testovi_za_zadatak_1.UnitTestParking3"},{"Key":{"Id":"TestObject.Traits","Label":"Traits","Category":"","Description":"","Attributes":5,"ValueType":"System.Collections.Generic.KeyValuePair`2[[System.String],[System.String]][]"},"Value":[]}]},"Attachments":[],"Outcome":2,"ErrorMessage":"Test method Testovi_za_zadatak_1.UnitTestParking3.TestProracunTrenutneZarade threw exception: \r\nSystem.ArgumentNullException: Value cannot be null. (Parameter 'Svaka lokacija mora imati barem jednu ulicu!')","ErrorStackTrace":"    at eParking.Parking.IzraunajTrenutnuZaradu() in C:\\Users\\Korisnik\\Documents\\VVSzadaca2\\eParking\\eParking\\Parking.cs:line 121\r\n   at Testovi_za_zadatak_1.UnitTestParking3.TestProracunTrenutneZarade() in C:\\Users\\Korisnik\\Documents\\VVSzadaca2\\eParking\\Testovi za zadatak 1\\UnitTestParking3.cs:line 127\r\n","DisplayName":null,"Messages":[],"ComputerName":null,"Duration":"00:00:00.0644160","StartTime":"2020-12-01T14:00:18.8599294+01:00","EndTime":"2020-12-01T14:00:18.92698+01:00","Properties":[{"Key":{"Id":"ExecutionId","Label":"ExecutionId","Category":"","Description":"","Attributes":1,"ValueType":"System.Guid"},"Value":"00000000-0000-0000-0000-000000000000"},{"Key":{"Id":"ParentExecId","Label":"ParentExecId","Category":"","Description":"","Attributes":1,"ValueType":"System.Guid"},"Value":"00000000-0000-0000-0000-000000000000"},{"Key":{"Id":"InnerResultsCount","Label":"InnerResultsCount","Category":"","Description":"","Attributes":1,"ValueType":"System.Int32"},"Value":0}]},{"TestCase":{"Id":"285c8229-8d8e-61ce-4e73-b2899615f3ef","FullyQualifiedName":"Testovi_za_zadatak_1.UnitTestTransakcija.TestDajVrijemeDolaskaIzuzetak","DisplayName":"TestDajVrijemeDolaskaIzuzetak","ExecutorUri":"executor://MSTestAdapter/v2","Source":"C:\\Users\\Korisnik\\Documents\\VVSzadaca2\\eParking\\Testovi za zadatak 1\\bin\\Debug\\fine-code-coverage\\Testovi za zadatak 1.dll","CodeFilePath":null,"LineNumber":-1,"Properties":[{"Key":{"Id":"MSTestDiscoverer.TestClassName","Label":"ClassName","Category":"","Description":"","Attributes":1,"ValueType":"System.String"},"Value":"Testovi_za_zadatak_1.UnitTestTransakcija"},{"Key":{"Id":"TestObject.Traits","Label":"Traits","Category":"","Description":"","Attributes":5,"ValueType":"System.Collections.Generic.KeyValuePair`2[[System.String],[System.String]][]"},"Value":[]}]},"Attachments":[],"Outcome":1,"ErrorMessage":null,"ErrorStackTrace":null,"DisplayName":null,"Messages":[],"ComputerName":null,"Duration":"00:00:00.0024612","StartTime":"2020-12-01T14:00:18.9343799+01:00","EndTime":"2020-12-01T14:00:18.9378775+01:00","Properties":[{"Key":{"Id":"ExecutionId","Label":"ExecutionId","Category":"","Description":"","Attributes":1,"ValueType":"System.Guid"},"Value":"00000000-0000-0000-0000-000000000000"},{"Key":{"Id":"ParentExecId","Label":"ParentExecId","Category":"","Description":"","Attributes":1,"ValueType":"System.Guid"},"Value":"00000000-0000-0000-0000-000000000000"},{"Key":{"Id":"InnerResultsCount","Label":"InnerResultsCount","Category":"","Description":"","Attributes":1,"ValueType":"System.Int32"},"Value":0}]},{"TestCase":{"Id":"a2e7b4d6-bec0-f5bd-2c36-ec0658352fce","FullyQualifiedName":"Testovi_za_zadatak_1.UnitTestVozilo.TestNeispravanFormatTablica","DisplayName":"TestNeispravanFormatTablica","ExecutorUri":"executor://MSTestAdapter/v2","Source":"C:\\Users\\Korisnik\\Documents\\VVSzadaca2\\eParking\\Testovi za zadatak 1\\bin\\Debug\\fine-code-coverage\\Testovi za zadatak 1.dll","CodeFilePath":null,"LineNumber":-1,"Properties":[{"Key":{"Id":"MSTestDiscoverer.TestClassName","Label":"ClassName","Category":"","Description":"","Attributes":1,"ValueType":"System.String"},"Value":"Testovi_za_zadatak_1.UnitTestVozilo"},{"Key":{"Id":"TestObject.Traits","Label":"Traits","Category":"","Description":"","Attributes":5,"ValueType":"System.Collections.Generic.KeyValuePair`2[[System.String],[System.String]][]"},"Value":[]}]},"Attachments":[],"Outcome":1,"ErrorMessage":null,"ErrorStackTrace":null,"DisplayName":null,"Messages":[],"ComputerName":null,"Duration":"00:00:00.0018048","StartTime":"2020-12-01T14:00:18.9446936+01:00","EndTime":"2020-12-01T14:00:18.9475272+01:00","Properties":[{"Key":{"Id":"ExecutionId","Label":"ExecutionId","Category":"","Description":"","Attributes":1,"ValueType":"System.Guid"},"Value":"00000000-0000-0000-0000-000000000000"},{"Key":{"Id":"ParentExecId","Label":"ParentExecId","Category":"","Description":"","Attributes":1,"ValueType":"System.Guid"},"Value":"00000000-0000-0000-0000-000000000000"},{"Key":{"Id":"InnerResultsCount","Label":"InnerResultsCount","Category":"","Description":"","Attributes":1,"ValueType":"System.Int32"},"Value":0}]},{"TestCase":{"Id":"0c8ffaef-801a-8a51-fb0a-e1fce1c92bb3","FullyQualifiedName":"Testovi_za_zadatak_1.UnitTestVozilo.TestNepostojeaVrstaVozila","DisplayName":"TestNepostojeaVrstaVozila","ExecutorUri":"executor://MSTestAdapter/v2","Source":"C:\\Users\\Korisnik\\Documents\\VVSzadaca2\\eParking\\Testovi za zadatak 1\\bin\\Debug\\fine-code-coverage\\Testovi za zadatak 1.dll","CodeFilePath":null,"LineNumber":-1,"Properties":[{"Key":{"Id":"MSTestDiscoverer.TestClassName","Label":"ClassName","Category":"","Description":"","Attributes":1,"ValueType":"System.String"},"Value":"Testovi_za_zadatak_1.UnitTestVozilo"},{"Key":{"Id":"TestObject.Traits","Label":"Traits","Category":"","Description":"","Attributes":5,"ValueType":"System.Collections.Generic.KeyValuePair`2[[System.String],[System.String]][]"},"Value":[]}]},"Attachments":[],"Outcome":1,"ErrorMessage":null,"ErrorStackTrace":null,"DisplayName":null,"Messages":[],"ComputerName":null,"Duration":"00:00:00.0017816","StartTime":"2020-12-01T14:00:18.9534818+01:00","EndTime":"2020-12-01T14:00:18.9556935+01:00","Properties":[{"Key":{"Id":"ExecutionId","Label":"ExecutionId","Category":"","Description":"","Attributes":1,"ValueType":"System.Guid"},"Value":"00000000-0000-0000-0000-000000000000"},{"Key":{"Id":"ParentExecId","Label":"ParentExecId","Category":"","Description":"","Attributes":1,"ValueType":"System.Guid"},"Value":"00000000-0000-0000-0000-000000000000"},{"Key":{"Id":"InnerResultsCount","Label":"InnerResultsCount","Category":"","Description":"","Attributes":1,"ValueType":"System.Int32"},"Value":0}]},{"TestCase":{"Id":"9c1e6d53-5c3f-643c-a37d-5da038903104","FullyQualifiedName":"Testovi_za_zadatak_1.UnitTestVozilo.TestNeispravanFormatSjedita","DisplayName":"TestNeispravanFormatSjedita","ExecutorUri":"executor://MSTestAdapter/v2","Source":"C:\\Users\\Korisnik\\Documents\\VVSzadaca2\\eParking\\Testovi za zadatak 1\\bin\\Debug\\fine-code-coverage\\Testovi za zadatak 1.dll","CodeFilePath":null,"LineNumber":-1,"Properties":[{"Key":{"Id":"MSTestDiscoverer.TestClassName","Label":"ClassName","Category":"","Description":"","Attributes":1,"ValueType":"System.String"},"Value":"Testovi_za_zadatak_1.UnitTestVozilo"},{"Key":{"Id":"TestObject.Traits","Label":"Traits","Category":"","Description":"","Attributes":5,"ValueType":"System.Collections.Generic.KeyValuePair`2[[System.String],[System.String]][]"},"Value":[]}]},"Attachments":[],"Outcome":1,"ErrorMessage":null,"ErrorStackTrace":null,"DisplayName":null,"Messages":[],"ComputerName":null,"Duration":"00:00:00.0015975","StartTime":"2020-12-01T14:00:18.9621696+01:00","EndTime":"2020-12-01T14:00:18.9642451+01:00","Properties":[{"Key":{"Id":"ExecutionId","Label":"ExecutionId","Category":"","Description":"","Attributes":1,"ValueType":"System.Guid"},"Value":"00000000-0000-0000-0000-000000000000"},{"Key":{"Id":"ParentExecId","Label":"ParentExecId","Category":"","Description":"","Attributes":1,"ValueType":"System.Guid"},"Value":"00000000-0000-0000-0000-000000000000"},{"Key":{"Id":"InnerResultsCount","Label":"InnerResultsCount","Category":"","Description":"","Attributes":1,"ValueType":"System.Int32"},"Value":0}]}],"TestRunStatistics":{"ExecutedTests":46,"Stats":{"Passed":45,"Failed":1}},"ActiveTests":[{"Id":"811e073f-346d-d214-af53-9bc836c2cf80","FullyQualifiedName":"Testovi_za_zadatak_1.UnitTestVozilo.TestGetMetode","DisplayName":"TestGetMetode","ExecutorUri":"executor://MSTestAdapter/v2","Source":"C:\\Users\\Korisnik\\Documents\\VVSzadaca2\\eParking\\Testovi za zadatak 1\\bin\\Debug\\fine-code-coverage\\Testovi za zadatak 1.dll","CodeFilePath":null,"LineNumber":-1,"Properties":[{"Key":{"Id":"MSTestDiscoverer.TestClassName","Label":"ClassName","Category":"","Description":"","Attributes":1,"ValueType":"System.String"},"Value":"Testovi_za_zadatak_1.UnitTestVozilo"},{"Key":{"Id":"TestObject.Traits","Label":"Traits","Category":"","Description":"","Attributes":5,"ValueType":"System.Collections.Generic.KeyValuePair`2[[System.String],[System.String]][]"},"Value":[]}]}]}}
TpTrace Verbose: 0 : 9344, 5, 2020/12/01, 14:00:18.972, 175128472157, testhost.dll, TestRunCache: OnNewTestResult: Notified the onCacheHit callback.
TpTrace Verbose: 0 : 9344, 5, 2020/12/01, 14:00:18.976, 175128510258, testhost.dll, TestExecutionRecorder.RecordEnd: test: Testovi_za_zadatak_1.UnitTestVozilo.TestGetMetode execution completed.
TpTrace Warning: 0 : 9344, 5, 2020/12/01, 14:00:18.977, 175128512622, testhost.dll, InProgressTests is null
TpTrace Verbose: 0 : 9344, 5, 2020/12/01, 14:00:18.980, 175128544141, testhost.dll, TestExecutionRecorder.RecordResult: Received result for test: Testovi_za_zadatak_1.UnitTestVozilo.TestGetMetode.
TpTrace Warning: 0 : 9344, 5, 2020/12/01, 14:00:18.980, 175128547103, testhost.dll, InProgressTests is null
TpTrace Warning: 0 : 9344, 5, 2020/12/01, 14:00:18.980, 175128549748, testhost.dll, TestRunCache: No test found corresponding to testResult 'TestGetMetode  Passed' in inProgress list.
TpTrace Verbose: 0 : 9344, 5, 2020/12/01, 14:00:18.987, 175128622290, testhost.dll, BaseRunTests.RunTestInternalWithExecutors: Completed running tests for executor://MSTestAdapter/v2
TpTrace Information: 0 : 9344, 5, 2020/12/01, 14:00:18.996, 175128703862, testhost.dll, Sending test run complete
TpTrace Verbose: 0 : 9344, 5, 2020/12/01, 14:00:19.024, 175128988700, testhost.dll, TestRequestHandler.SendData:  sending data from testhost: {"Version":2,"MessageType":"TestExecution.Completed","Payload":{"TestRunCompleteArgs":{"TestRunStatistics":{"ExecutedTests":47,"Stats":{"Passed":46,"Failed":1}},"IsCanceled":false,"IsAborted":false,"Error":null,"AttachmentSets":[],"ElapsedTimeInRunningTests":"00:00:00.9688142","Metrics":{}},"LastRunTests":{"NewTestResults":[{"TestCase":{"Id":"811e073f-346d-d214-af53-9bc836c2cf80","FullyQualifiedName":"Testovi_za_zadatak_1.UnitTestVozilo.TestGetMetode","DisplayName":"TestGetMetode","ExecutorUri":"executor://MSTestAdapter/v2","Source":"C:\\Users\\Korisnik\\Documents\\VVSzadaca2\\eParking\\Testovi za zadatak 1\\bin\\Debug\\fine-code-coverage\\Testovi za zadatak 1.dll","CodeFilePath":null,"LineNumber":-1,"Properties":[{"Key":{"Id":"MSTestDiscoverer.TestClassName","Label":"ClassName","Category":"","Description":"","Attributes":1,"ValueType":"System.String"},"Value":"Testovi_za_zadatak_1.UnitTestVozilo"},{"Key":{"Id":"TestObject.Traits","Label":"Traits","Category":"","Description":"","Attributes":5,"ValueType":"System.Collections.Generic.KeyValuePair`2[[System.String],[System.String]][]"},"Value":[]}]},"Attachments":[],"Outcome":1,"ErrorMessage":null,"ErrorStackTrace":null,"DisplayName":null,"Messages":[],"ComputerName":null,"Duration":"00:00:00.0011223","StartTime":"2020-12-01T14:00:18.9753629+01:00","EndTime":"2020-12-01T14:00:18.9767677+01:00","Properties":[{"Key":{"Id":"ExecutionId","Label":"ExecutionId","Category":"","Description":"","Attributes":1,"ValueType":"System.Guid"},"Value":"00000000-0000-0000-0000-000000000000"},{"Key":{"Id":"ParentExecId","Label":"ParentExecId","Category":"","Description":"","Attributes":1,"ValueType":"System.Guid"},"Value":"00000000-0000-0000-0000-000000000000"},{"Key":{"Id":"InnerResultsCount","Label":"InnerResultsCount","Category":"","Description":"","Attributes":1,"ValueType":"System.Int32"},"Value":0}]}],"TestRunStatistics":{"ExecutedTests":47,"Stats":{"Passed":46,"Failed":1}},"ActiveTests":[]},"RunAttachments":[],"ExecutorUris":["executor://mstestadapter/v2"]}}
TpTrace Verbose: 0 : 9344, 5, 2020/12/01, 14:00:19.025, 175128997543, testhost.dll, BaseRunTests.RunTests: Run is complete.
TpTrace Verbose: 0 : 9344, 4, 2020/12/01, 14:00:19.026, 175129007982, testhost.dll, TcpClientExtensions.MessageLoopAsync: NotifyDataAvailable remoteEndPoint: [::ffff:127.0.0.1]:51882 localEndPoint: [::ffff:127.0.0.1]:51883
TpTrace Information: 0 : 9344, 4, 2020/12/01, 14:00:19.026, 175129011809, testhost.dll, TestRequestHandler.ProcessRequests: received message: (TestSession.Terminate) -> null
TpTrace Information: 0 : 9344, 4, 2020/12/01, 14:00:19.027, 175129014693, testhost.dll, Session End message received from server. Closing the connection.
TpTrace Information: 0 : 9344, 4, 2020/12/01, 14:00:19.028, 175129025578, testhost.dll, SocketClient.Stop: Stop communication from server endpoint: 127.0.0.1:051882
TpTrace Information: 0 : 9344, 4, 2020/12/01, 14:00:19.028, 175129028810, testhost.dll, SocketClient: Stop: Cancellation requested. Stopping message loop.
TpTrace Verbose: 0 : 9344, 4, 2020/12/01, 14:00:19.029, 175129041171, testhost.dll, LengthPrefixCommunicationChannel.Dispose: Dispose reader and writer.
TpTrace Information: 0 : 9344, 4, 2020/12/01, 14:00:19.030, 175129043732, testhost.dll, Closing the connection !
TpTrace Information: 0 : 9344, 1, 2020/12/01, 14:00:19.030, 175129046825, testhost.dll, Closing the connection !
TpTrace Information: 0 : 9344, 4, 2020/12/01, 14:00:19.030, 175129051001, testhost.dll, SocketClient.PrivateStop: Stop communication from server endpoint: 127.0.0.1:051882, error:
TpTrace Verbose: 0 : 9344, 4, 2020/12/01, 14:00:19.032, 175129064775, testhost.dll, LengthPrefixCommunicationChannel.Dispose: Dispose reader and writer.
TpTrace Verbose: 0 : 9344, 4, 2020/12/01, 14:00:19.032, 175129067176, testhost.dll, TcpClientExtensions.MessageLoopAsync: exiting MessageLoopAsync remoteEndPoint: [::ffff:127.0.0.1]:51882 localEndPoint: [::ffff:127.0.0.1]:51883
TpTrace Information: 0 : 9344, 1, 2020/12/01, 14:00:19.032, 175129067478, testhost.dll, SocketClient.Stop: Stop communication from server endpoint: 127.0.0.1:051882
TpTrace Verbose: 0 : 9344, 1, 2020/12/01, 14:00:19.032, 175129071196, testhost.dll, LengthPrefixCommunicationChannel.Dispose: Dispose reader and writer.
TpTrace Information: 0 : 9344, 1, 2020/12/01, 14:00:19.033, 175129075242, testhost.dll, Testhost process exiting.
