TpTrace Information: 0 : 8420, 1, 2020/12/01, 12:40:34.701, 127285843289, testhost.dll, DefaultEngineInvoker.Invoke: Testhost process started with args :[--port, 51332],[--endpoint, 127.0.0.1:051332],[--role, client],[--parentprocessid, 12844],[--diag, C:\Users\Korisnik\Documents\VVSzadaca2\eParking\Testovi za zadatak 1\bin\Debug\fine-code-coverage\_outputfolder\diagnostics.host.20-12-01_12-40-34_30532_4.log],[--tracelevel, 4],[--datacollectionport, 51331],[--telemetryoptedin, false]
TpTrace Information: 0 : 8420, 1, 2020/12/01, 12:40:34.715, 127285894467, testhost.dll, DefaultEngineInvoker.SetParentProcessExitCallback: Monitoring parent process with id: '12844'
TpTrace Information: 0 : 8420, 1, 2020/12/01, 12:40:34.732, 127286065043, testhost.dll, DefaultEngineInvoker.GetConnectionInfo: Initialize communication on endpoint address: '127.0.0.1:051332'
TpTrace Information: 0 : 8420, 1, 2020/12/01, 12:40:34.761, 127286360480, testhost.dll, SocketClient.Start: connecting to server endpoint: 127.0.0.1:051332
TpTrace Information: 0 : 8420, 1, 2020/12/01, 12:40:34.773, 127286476267, testhost.dll, DefaultEngineInvoker.ConnectToDatacollector: Connecting to datacollector, port: 51331
TpTrace Information: 0 : 8420, 4, 2020/12/01, 12:40:34.778, 127286525511, testhost.dll, SocketClient.OnServerConnected: connected to server endpoint: 127.0.0.1:051332
TpTrace Information: 0 : 8420, 1, 2020/12/01, 12:40:34.780, 127286547875, testhost.dll, Trying to connect to server on socket : 127.0.0.1:51331 
TpTrace Verbose: 0 : 8420, 1, 2020/12/01, 12:40:34.781, 127286557465, testhost.dll, SocketCommunicationManager : SetupClientAsync : Attempting to connect to the server.
TpTrace Verbose: 0 : 8420, 4, 2020/12/01, 12:40:34.783, 127286574711, testhost.dll, Connected to server, and starting MessageLoopAsync
TpTrace Information: 0 : 8420, 4, 2020/12/01, 12:40:34.785, 127286595787, testhost.dll, Connected to the server successfully 
TpTrace Information: 0 : 8420, 4, 2020/12/01, 12:40:34.785, 127286598591, testhost.dll, Using the buffer size of 16384 bytes
TpTrace Information: 0 : 8420, 1, 2020/12/01, 12:40:34.787, 127286612628, testhost.dll, DefaultEngineInvoker.Invoke: Start Request Processing.
TpTrace Information: 0 : 8420, 12, 2020/12/01, 12:40:34.788, 127286628879, testhost.dll, DefaultEngineInvoker.StartProcessingAsync: Connected to vstest.console, Starting process requests.
TpTrace Verbose: 0 : 8420, 9, 2020/12/01, 12:40:34.789, 127286636617, testhost.dll, TcpClientExtensions.MessageLoopAsync: Polling on remoteEndPoint: [::ffff:127.0.0.1]:51332 localEndPoint: [::ffff:127.0.0.1]:51333
TpTrace Verbose: 0 : 8420, 9, 2020/12/01, 12:40:34.790, 127286642772, testhost.dll, TcpClientExtensions.MessageLoopAsync: NotifyDataAvailable remoteEndPoint: [::ffff:127.0.0.1]:51332 localEndPoint: [::ffff:127.0.0.1]:51333
TpTrace Information: 0 : 8420, 9, 2020/12/01, 12:40:35.037, 127289116623, testhost.dll, TestRequestHandler.ProcessRequests: received message: (ProtocolVersion) -> 3
TpTrace Verbose: 0 : 8420, 9, 2020/12/01, 12:40:35.102, 127289764915, testhost.dll, TestRequestHandler.SendData:  sending data from testhost: {"Version":2,"MessageType":"TestSession.Message","Payload":{"MessageLevel":0,"Message":"Logging TestHost Diagnostics in file: C:\\Users\\Korisnik\\Documents\\VVSzadaca2\\eParking\\Testovi za zadatak 1\\bin\\Debug\\fine-code-coverage\\_outputfolder\\diagnostics.host.20-12-01_12-40-34_30532_4.log"}}
TpTrace Verbose: 0 : 8420, 9, 2020/12/01, 12:40:35.102, 127289769046, testhost.dll, TcpClientExtensions.MessageLoopAsync: Polling on remoteEndPoint: [::ffff:127.0.0.1]:51332 localEndPoint: [::ffff:127.0.0.1]:51333
TpTrace Verbose: 0 : 8420, 9, 2020/12/01, 12:40:35.102, 127289770727, testhost.dll, TcpClientExtensions.MessageLoopAsync: NotifyDataAvailable remoteEndPoint: [::ffff:127.0.0.1]:51332 localEndPoint: [::ffff:127.0.0.1]:51333
TpTrace Information: 0 : 8420, 9, 2020/12/01, 12:40:35.109, 127289836066, testhost.dll, TestRequestHandler.ProcessRequests: received message: (TestExecution.Initialize) -> [
  "C:\\Users\\Korisnik\\Documents\\VVSzadaca2\\eParking\\Testovi za zadatak 1\\bin\\Debug\\fine-code-coverage\\Microsoft.VisualStudio.TestPlatform.MSTest.TestAdapter.dll"
]
TpTrace Information: 0 : 8420, 9, 2020/12/01, 12:40:35.109, 127289840019, testhost.dll, Execution Session Initialize.
TpTrace Verbose: 0 : 8420, 9, 2020/12/01, 12:40:35.122, 127289967446, testhost.dll, TcpClientExtensions.MessageLoopAsync: Polling on remoteEndPoint: [::ffff:127.0.0.1]:51332 localEndPoint: [::ffff:127.0.0.1]:51333
TpTrace Verbose: 0 : 8420, 9, 2020/12/01, 12:40:35.122, 127289969657, testhost.dll, TcpClientExtensions.MessageLoopAsync: NotifyDataAvailable remoteEndPoint: [::ffff:127.0.0.1]:51332 localEndPoint: [::ffff:127.0.0.1]:51333
TpTrace Verbose: 0 : 8420, 5, 2020/12/01, 12:40:35.125, 127289999880, testhost.dll, TestExecutorService: Loading the extensions
TpTrace Information: 0 : 8420, 9, 2020/12/01, 12:40:35.129, 127290033387, testhost.dll, TestRequestHandler.ProcessRequests: received message: (TestExecution.StartWithSources) -> {
  "AdapterSourceMap": {
    "_none_": [
      "C:\\Users\\Korisnik\\Documents\\VVSzadaca2\\eParking\\Testovi za zadatak 1\\bin\\Debug\\fine-code-coverage\\Testovi za zadatak 1.dll"
    ]
  },
  "RunSettings": "<RunSettings>\r\n  <RunConfiguration>\r\n    <ResultsDirectory>C:\\Users\\Korisnik\\Documents\\VVSzadaca2\\eParking\\Testovi za zadatak 1\\bin\\Debug\\fine-code-coverage\\_outputfolder</ResultsDirectory>\r\n    <TargetPlatform>X64</TargetPlatform>\r\n    <TargetFrameworkVersion>.NETCoreApp,Version=v3.1</TargetFrameworkVersion>\r\n    <DesignMode>False</DesignMode>\r\n    <CollectSourceInformation>False</CollectSourceInformation>\r\n  </RunConfiguration>\r\n  <LoggerRunSettings>\r\n    <Loggers>\r\n      <Logger friendlyName=\"blame\" enabled=\"True\" />\r\n      <Logger friendlyName=\"Console\" uri=\"logger://microsoft/TestPlatform/ConsoleLogger/v1\" assemblyQualifiedName=\"Microsoft.VisualStudio.TestPlatform.CommandLine.Internal.ConsoleLogger, vstest.console, Version=15.0.0.0, Culture=neutral, PublicKeyToken=b03f5f7f11d50a3a\" codeBase=\"C:\\Program Files\\dotnet\\sdk\\5.0.100\\vstest.console.dll\" enabled=\"True\" />\r\n    </Loggers>\r\n  </LoggerRunSettings>\r\n  <DataCollectionRunSettings>\r\n    <DataCollectors>\r\n      <DataCollector friendlyName=\"blame\" enabled=\"True\">\r\n        <Configuration>\r\n          <ResultsDirectory>C:\\Users\\Korisnik\\Documents\\VVSzadaca2\\eParking\\Testovi za zadatak 1\\bin\\Debug\\fine-code-coverage\\_outputfolder</ResultsDirectory>\r\n        </Configuration>\r\n      </DataCollector>\r\n    </DataCollectors>\r\n  </DataCollectionRunSettings>\r\n</RunSettings>",
  "TestExecutionContext": {
    "FrequencyOfRunStatsChangeEvent": 10,
    "RunStatsChangeEventTimeout": "00:00:01.5000000",
    "InIsolation": false,
    "KeepAlive": false,
    "AreTestCaseLevelEventsRequired": false,
    "IsDebug": false,
    "TestCaseFilter": null,
    "FilterOptions": null
  },
  "Package": null
}
TpTrace Information: 0 : 8420, 9, 2020/12/01, 12:40:35.129, 127290038048, testhost.dll, Execution started.
TpTrace Verbose: 0 : 8420, 5, 2020/12/01, 12:40:35.130, 127290048915, testhost.dll, TestPluginCache.DiscoverTestExtensions: finding test extensions in assemblies endswith: TestAdapter.dll TPluginInfo: Microsoft.VisualStudio.TestPlatform.Common.ExtensionFramework.Utilities.TestExecutorPluginInformation TExtension: Microsoft.VisualStudio.TestPlatform.ObjectModel.Adapter.ITestExecutor
TpTrace Verbose: 0 : 8420, 5, 2020/12/01, 12:40:35.133, 127290080699, testhost.dll, TestPluginCache.GetExtensionPaths: Filtered extension paths: 
TpTrace Verbose: 0 : 8420, 5, 2020/12/01, 12:40:35.135, 127290094339, testhost.dll, TestPluginCache.GetExtensionPaths: Added default extension paths: C:\Users\Korisnik\Documents\VVSzadaca2\eParking\Testovi za zadatak 1\bin\Debug\fine-code-coverage\Microsoft.VisualStudio.TestPlatform.MSTest.TestAdapter.dll
TpTrace Verbose: 0 : 8420, 5, 2020/12/01, 12:40:35.135, 127290096718, testhost.dll, TestPluginCache.GetExtensionPaths: Added unfilterableExtensionPaths: 
TpTrace Information: 0 : 8420, 5, 2020/12/01, 12:40:35.142, 127290166369, testhost.dll, AssemblyResolver.ctor: Creating AssemblyResolver with searchDirectories C:\Users\Korisnik\Documents\VVSzadaca2\eParking\Testovi za zadatak 1\bin\Debug\fine-code-coverage
TpTrace Verbose: 0 : 8420, 5, 2020/12/01, 12:40:35.147, 127290217314, testhost.dll, TestPluginCache.DiscoverTestExtensions: Discovering the extensions using extension path.
TpTrace Verbose: 0 : 8420, 5, 2020/12/01, 12:40:35.147, 127290221080, testhost.dll, TestPluginCache.GetExtensionPaths: Filtered extension paths: 
TpTrace Verbose: 0 : 8420, 5, 2020/12/01, 12:40:35.148, 127290223330, testhost.dll, TestPluginCache.GetExtensionPaths: Added default extension paths: C:\Users\Korisnik\Documents\VVSzadaca2\eParking\Testovi za zadatak 1\bin\Debug\fine-code-coverage\Microsoft.VisualStudio.TestPlatform.MSTest.TestAdapter.dll
TpTrace Verbose: 0 : 8420, 5, 2020/12/01, 12:40:35.148, 127290225500, testhost.dll, TestPluginCache.GetExtensionPaths: Added unfilterableExtensionPaths: 
TpTrace Verbose: 0 : 8420, 5, 2020/12/01, 12:40:35.148, 127290228242, testhost.dll, TestPluginCache.DiscoverTestExtensions: Discovering the extensions using allExtensionPaths: C:\Users\Korisnik\Documents\VVSzadaca2\eParking\Testovi za zadatak 1\bin\Debug\fine-code-coverage\Microsoft.VisualStudio.TestPlatform.MSTest.TestAdapter.dll
TpTrace Information: 0 : 8420, 5, 2020/12/01, 12:40:35.151, 127290253365, testhost.dll, AssemblyResolver.AddSearchDirectories: Adding more searchDirectories C:\Users\Korisnik\Documents\VVSzadaca2\eParking\Testovi za zadatak 1\bin\Debug\fine-code-coverage
TpTrace Information: 0 : 8420, 5, 2020/12/01, 12:40:35.160, 127290342796, testhost.dll, AssemblyResolver.OnResolve: Microsoft.VisualStudio.TestPlatform.MSTest.TestAdapter: Resolving assembly.
TpTrace Information: 0 : 8420, 5, 2020/12/01, 12:40:35.163, 127290380665, testhost.dll, AssemblyResolver.OnResolve: Resolved assembly: Microsoft.VisualStudio.TestPlatform.MSTest.TestAdapter, from path: C:\Users\Korisnik\Documents\VVSzadaca2\eParking\Testovi za zadatak 1\bin\Debug\fine-code-coverage\Microsoft.VisualStudio.TestPlatform.MSTest.TestAdapter.dll
TpTrace Information: 0 : 8420, 5, 2020/12/01, 12:40:35.168, 127290428420, testhost.dll, AssemblyResolver.OnResolve: Microsoft.VisualStudio.TestPlatform.MSTestAdapter.PlatformServices.Interface: Resolving assembly.
TpTrace Information: 0 : 8420, 5, 2020/12/01, 12:40:35.170, 127290445166, testhost.dll, AssemblyResolver.OnResolve: Resolved assembly: Microsoft.VisualStudio.TestPlatform.MSTestAdapter.PlatformServices.Interface, from path: C:\Users\Korisnik\Documents\VVSzadaca2\eParking\Testovi za zadatak 1\bin\Debug\fine-code-coverage\Microsoft.VisualStudio.TestPlatform.MSTestAdapter.PlatformServices.Interface.dll
TpTrace Information: 0 : 8420, 5, 2020/12/01, 12:40:35.170, 127290450244, testhost.dll, AssemblyResolver.OnResolve: Microsoft.VisualStudio.TestPlatform.MSTestAdapter.PlatformServices: Resolving assembly.
TpTrace Information: 0 : 8420, 5, 2020/12/01, 12:40:35.172, 127290466507, testhost.dll, AssemblyResolver.OnResolve: Resolved assembly: Microsoft.VisualStudio.TestPlatform.MSTestAdapter.PlatformServices, from path: C:\Users\Korisnik\Documents\VVSzadaca2\eParking\Testovi za zadatak 1\bin\Debug\fine-code-coverage\Microsoft.VisualStudio.TestPlatform.MSTestAdapter.PlatformServices.dll
TpTrace Verbose: 0 : 8420, 5, 2020/12/01, 12:40:35.184, 127290591672, testhost.dll, TestPluginCache: Discovered the extensions using extension path ''.
TpTrace Verbose: 0 : 8420, 5, 2020/12/01, 12:40:35.186, 127290604208, testhost.dll, TestPluginCache: Discoverers are ''.
TpTrace Verbose: 0 : 8420, 5, 2020/12/01, 12:40:35.186, 127290607677, testhost.dll, TestPluginCache: Executors are 'executor://MSTestAdapter/v2'.
TpTrace Verbose: 0 : 8420, 5, 2020/12/01, 12:40:35.186, 127290611153, testhost.dll, TestPluginCache: Setting providers are ''.
TpTrace Verbose: 0 : 8420, 5, 2020/12/01, 12:40:35.187, 127290613829, testhost.dll, TestPluginCache: Loggers are ''.
TpTrace Verbose: 0 : 8420, 9, 2020/12/01, 12:40:35.190, 127290650780, testhost.dll, TcpClientExtensions.MessageLoopAsync: Polling on remoteEndPoint: [::ffff:127.0.0.1]:51332 localEndPoint: [::ffff:127.0.0.1]:51333
TpTrace Information: 0 : 8420, 5, 2020/12/01, 12:40:35.198, 127290722561, testhost.dll, TestPluginManager.CreateTestExtension: Attempting to load test extension: Microsoft.VisualStudio.TestPlatform.MSTest.TestAdapter.MSTestExecutor
TpTrace Verbose: 0 : 8420, 5, 2020/12/01, 12:40:35.204, 127290787053, testhost.dll, TestExecutorExtensionManager: Loading executor Microsoft.VisualStudio.TestPlatform.MSTest.TestAdapter.MSTestExecutor
TpTrace Verbose: 0 : 8420, 5, 2020/12/01, 12:40:35.204, 127290788857, testhost.dll, TestExecutorService: Loaded the executors
TpTrace Verbose: 0 : 8420, 5, 2020/12/01, 12:40:35.206, 127290804422, testhost.dll, TestPluginCache.DiscoverTestExtensions: finding test extensions in assemblies endswith: TestAdapter.dll TPluginInfo: Microsoft.VisualStudio.TestPlatform.Common.ExtensionFramework.Utilities.TestSettingsProviderPluginInformation TExtension: Microsoft.VisualStudio.TestPlatform.ObjectModel.Adapter.ISettingsProvider
TpTrace Verbose: 0 : 8420, 5, 2020/12/01, 12:40:35.206, 127290809560, testhost.dll, TestPluginCache.GetExtensionPaths: Filtered extension paths: 
TpTrace Verbose: 0 : 8420, 5, 2020/12/01, 12:40:35.206, 127290810917, testhost.dll, TestPluginCache.GetExtensionPaths: Added default extension paths: C:\Users\Korisnik\Documents\VVSzadaca2\eParking\Testovi za zadatak 1\bin\Debug\fine-code-coverage\Microsoft.VisualStudio.TestPlatform.MSTest.TestAdapter.dll
TpTrace Verbose: 0 : 8420, 5, 2020/12/01, 12:40:35.206, 127290812035, testhost.dll, TestPluginCache.GetExtensionPaths: Added unfilterableExtensionPaths: 
TpTrace Information: 0 : 8420, 5, 2020/12/01, 12:40:35.207, 127290815567, testhost.dll, AssemblyResolver.AddSearchDirectories: Adding more searchDirectories C:\Users\Korisnik\Documents\VVSzadaca2\eParking\Testovi za zadatak 1\bin\Debug\fine-code-coverage
TpTrace Verbose: 0 : 8420, 5, 2020/12/01, 12:40:35.207, 127290817118, testhost.dll, TestPluginCache.DiscoverTestExtensions: Discovering the extensions using extension path.
TpTrace Verbose: 0 : 8420, 5, 2020/12/01, 12:40:35.207, 127290818278, testhost.dll, TestPluginCache.GetExtensionPaths: Filtered extension paths: 
TpTrace Verbose: 0 : 8420, 5, 2020/12/01, 12:40:35.207, 127290819356, testhost.dll, TestPluginCache.GetExtensionPaths: Added default extension paths: C:\Users\Korisnik\Documents\VVSzadaca2\eParking\Testovi za zadatak 1\bin\Debug\fine-code-coverage\Microsoft.VisualStudio.TestPlatform.MSTest.TestAdapter.dll
TpTrace Verbose: 0 : 8420, 5, 2020/12/01, 12:40:35.207, 127290820409, testhost.dll, TestPluginCache.GetExtensionPaths: Added unfilterableExtensionPaths: 
TpTrace Verbose: 0 : 8420, 5, 2020/12/01, 12:40:35.207, 127290821507, testhost.dll, TestPluginCache.DiscoverTestExtensions: Discovering the extensions using allExtensionPaths: C:\Users\Korisnik\Documents\VVSzadaca2\eParking\Testovi za zadatak 1\bin\Debug\fine-code-coverage\Microsoft.VisualStudio.TestPlatform.MSTest.TestAdapter.dll
TpTrace Information: 0 : 8420, 5, 2020/12/01, 12:40:35.208, 127290822825, testhost.dll, AssemblyResolver.AddSearchDirectories: Adding more searchDirectories C:\Users\Korisnik\Documents\VVSzadaca2\eParking\Testovi za zadatak 1\bin\Debug\fine-code-coverage
TpTrace Verbose: 0 : 8420, 5, 2020/12/01, 12:40:35.208, 127290827007, testhost.dll, TestPluginCache: Discovered the extensions using extension path ''.
TpTrace Verbose: 0 : 8420, 5, 2020/12/01, 12:40:35.208, 127290828253, testhost.dll, TestPluginCache: Discoverers are ''.
TpTrace Verbose: 0 : 8420, 5, 2020/12/01, 12:40:35.208, 127290829537, testhost.dll, TestPluginCache: Executors are 'executor://MSTestAdapter/v2'.
TpTrace Verbose: 0 : 8420, 5, 2020/12/01, 12:40:35.208, 127290831120, testhost.dll, TestPluginCache: Setting providers are ''.
TpTrace Verbose: 0 : 8420, 5, 2020/12/01, 12:40:35.209, 127290832252, testhost.dll, TestPluginCache: Loggers are ''.
TpTrace Verbose: 0 : 8420, 5, 2020/12/01, 12:40:35.210, 127290848367, testhost.dll, TestExecutorService: Loaded the settings providers
TpTrace Information: 0 : 8420, 5, 2020/12/01, 12:40:35.210, 127290850547, testhost.dll, TestExecutorService: Loaded the extensions
TpTrace Information: 0 : 8420, 5, 2020/12/01, 12:40:35.275, 127291492590, testhost.dll, TestDiscoveryManager: Discovering tests from sources C:\Users\Korisnik\Documents\VVSzadaca2\eParking\Testovi za zadatak 1\bin\Debug\fine-code-coverage\Testovi za zadatak 1.dll
TpTrace Verbose: 0 : 8420, 5, 2020/12/01, 12:40:35.278, 127291531151, testhost.dll, TestPluginCache.DiscoverTestExtensions: finding test extensions in assemblies endswith: TestAdapter.dll TPluginInfo: Microsoft.VisualStudio.TestPlatform.Common.ExtensionFramework.Utilities.TestDiscovererPluginInformation TExtension: Microsoft.VisualStudio.TestPlatform.ObjectModel.Adapter.ITestDiscoverer
TpTrace Verbose: 0 : 8420, 5, 2020/12/01, 12:40:35.279, 127291534119, testhost.dll, TestPluginCache.GetExtensionPaths: Filtered extension paths: 
TpTrace Verbose: 0 : 8420, 5, 2020/12/01, 12:40:35.279, 127291535481, testhost.dll, TestPluginCache.GetExtensionPaths: Added default extension paths: C:\Users\Korisnik\Documents\VVSzadaca2\eParking\Testovi za zadatak 1\bin\Debug\fine-code-coverage\Microsoft.VisualStudio.TestPlatform.MSTest.TestAdapter.dll
TpTrace Verbose: 0 : 8420, 5, 2020/12/01, 12:40:35.279, 127291536638, testhost.dll, TestPluginCache.GetExtensionPaths: Added unfilterableExtensionPaths: 
TpTrace Information: 0 : 8420, 5, 2020/12/01, 12:40:35.279, 127291539594, testhost.dll, AssemblyResolver.AddSearchDirectories: Adding more searchDirectories C:\Users\Korisnik\Documents\VVSzadaca2\eParking\Testovi za zadatak 1\bin\Debug\fine-code-coverage
TpTrace Verbose: 0 : 8420, 5, 2020/12/01, 12:40:35.279, 127291540918, testhost.dll, TestPluginCache.DiscoverTestExtensions: Discovering the extensions using extension path.
TpTrace Verbose: 0 : 8420, 5, 2020/12/01, 12:40:35.279, 127291542038, testhost.dll, TestPluginCache.GetExtensionPaths: Filtered extension paths: 
TpTrace Verbose: 0 : 8420, 5, 2020/12/01, 12:40:35.280, 127291543125, testhost.dll, TestPluginCache.GetExtensionPaths: Added default extension paths: C:\Users\Korisnik\Documents\VVSzadaca2\eParking\Testovi za zadatak 1\bin\Debug\fine-code-coverage\Microsoft.VisualStudio.TestPlatform.MSTest.TestAdapter.dll
TpTrace Verbose: 0 : 8420, 5, 2020/12/01, 12:40:35.280, 127291544176, testhost.dll, TestPluginCache.GetExtensionPaths: Added unfilterableExtensionPaths: 
TpTrace Verbose: 0 : 8420, 5, 2020/12/01, 12:40:35.280, 127291545307, testhost.dll, TestPluginCache.DiscoverTestExtensions: Discovering the extensions using allExtensionPaths: C:\Users\Korisnik\Documents\VVSzadaca2\eParking\Testovi za zadatak 1\bin\Debug\fine-code-coverage\Microsoft.VisualStudio.TestPlatform.MSTest.TestAdapter.dll
TpTrace Information: 0 : 8420, 5, 2020/12/01, 12:40:35.280, 127291546572, testhost.dll, AssemblyResolver.AddSearchDirectories: Adding more searchDirectories C:\Users\Korisnik\Documents\VVSzadaca2\eParking\Testovi za zadatak 1\bin\Debug\fine-code-coverage
TpTrace Verbose: 0 : 8420, 5, 2020/12/01, 12:40:35.284, 127291587299, testhost.dll, TestPluginCache: Discovered the extensions using extension path ''.
TpTrace Verbose: 0 : 8420, 5, 2020/12/01, 12:40:35.284, 127291589172, testhost.dll, TestPluginCache: Discoverers are 'Microsoft.VisualStudio.TestPlatform.MSTest.TestAdapter.MSTestDiscoverer, Microsoft.VisualStudio.TestPlatform.MSTest.TestAdapter, Version=14.0.0.0, Culture=neutral, PublicKeyToken=b03f5f7f11d50a3a'.
TpTrace Verbose: 0 : 8420, 5, 2020/12/01, 12:40:35.284, 127291590403, testhost.dll, TestPluginCache: Executors are 'executor://MSTestAdapter/v2'.
TpTrace Verbose: 0 : 8420, 5, 2020/12/01, 12:40:35.284, 127291591501, testhost.dll, TestPluginCache: Setting providers are ''.
TpTrace Verbose: 0 : 8420, 5, 2020/12/01, 12:40:35.285, 127291592568, testhost.dll, TestPluginCache: Loggers are ''.
TpTrace Verbose: 0 : 8420, 5, 2020/12/01, 12:40:35.293, 127291674475, testhost.dll, BaseRunTests.RunTestInternalWithExecutors: Running tests for executor://MSTestAdapter/v2
TpTrace Information: 0 : 8420, 5, 2020/12/01, 12:40:35.409, 127292838589, testhost.dll, AssemblyResolver.OnResolve: Microsoft.VisualStudio.TestPlatform.MSTestAdapter.PlatformServices.resources: Resolving assembly.
TpTrace Information: 0 : 8420, 5, 2020/12/01, 12:40:35.410, 127292845250, testhost.dll, AssemblyResolver.OnResolve: Microsoft.VisualStudio.TestPlatform.MSTestAdapter.PlatformServices.resources: Failed to load assembly.
TpTrace Information: 0 : 8420, 5, 2020/12/01, 12:40:35.411, 127292854982, testhost.dll, AssemblyResolver.OnResolve: Microsoft.VisualStudio.TestPlatform.MSTestAdapter.PlatformServices.resources: Resolving assembly.
TpTrace Information: 0 : 8420, 5, 2020/12/01, 12:40:35.411, 127292857263, testhost.dll, AssemblyResolver.OnResolve: Microsoft.VisualStudio.TestPlatform.MSTestAdapter.PlatformServices.resources: Resolved from cache.
TpTrace Verbose: 0 : 8420, 5, 2020/12/01, 12:40:35.455, 127293298601, testhost.dll, TestExecutionRecorder.RecordStart: Starting test: Testovi_za_zadatak_1.UnitTest1.TestUpjesnogLogovanjaPrviPut.
TpTrace Verbose: 0 : 8420, 5, 2020/12/01, 12:40:35.704, 127295784740, testhost.dll, TestExecutionRecorder.RecordEnd: test: Testovi_za_zadatak_1.UnitTest1.TestUpjesnogLogovanjaPrviPut execution completed.
TpTrace Verbose: 0 : 8420, 5, 2020/12/01, 12:40:35.735, 127296099332, testhost.dll, TestExecutionRecorder.RecordResult: Received result for test: Testovi_za_zadatak_1.UnitTest1.TestUpjesnogLogovanjaPrviPut.
TpTrace Warning: 0 : 8420, 5, 2020/12/01, 12:40:35.741, 127296158010, testhost.dll, InProgressTests is null
TpTrace Warning: 0 : 8420, 5, 2020/12/01, 12:40:35.744, 127296188779, testhost.dll, TestRunCache: No test found corresponding to testResult 'TestUpjesnogLogovanjaPrviPut  Passed' in inProgress list.
TpTrace Verbose: 0 : 8420, 5, 2020/12/01, 12:40:35.744, 127296191788, testhost.dll, TestExecutionRecorder.RecordStart: Starting test: Testovi_za_zadatak_1.UnitTest1.TestNeuspjesnogLogovanja.
TpTrace Verbose: 0 : 8420, 5, 2020/12/01, 12:40:35.747, 127296219729, testhost.dll, TestExecutionRecorder.RecordEnd: test: Testovi_za_zadatak_1.UnitTest1.TestNeuspjesnogLogovanja execution completed.
TpTrace Verbose: 0 : 8420, 5, 2020/12/01, 12:40:35.749, 127296239779, testhost.dll, TestExecutionRecorder.RecordResult: Received result for test: Testovi_za_zadatak_1.UnitTest1.TestNeuspjesnogLogovanja.
TpTrace Warning: 0 : 8420, 5, 2020/12/01, 12:40:35.749, 127296241680, testhost.dll, InProgressTests is null
TpTrace Warning: 0 : 8420, 5, 2020/12/01, 12:40:35.750, 127296242910, testhost.dll, TestRunCache: No test found corresponding to testResult 'TestNeuspjesnogLogovanja  Passed' in inProgress list.
TpTrace Verbose: 0 : 8420, 5, 2020/12/01, 12:40:35.750, 127296244139, testhost.dll, TestExecutionRecorder.RecordStart: Starting test: Testovi_za_zadatak_1.UnitTest2.TestRezervacijeSaIsteklomClanarinom.
TpTrace Verbose: 0 : 8420, 5, 2020/12/01, 12:40:35.759, 127296339792, testhost.dll, TestExecutionRecorder.RecordEnd: test: Testovi_za_zadatak_1.UnitTest2.TestRezervacijeSaIsteklomClanarinom execution completed.
TpTrace Verbose: 0 : 8420, 5, 2020/12/01, 12:40:35.761, 127296359360, testhost.dll, TestExecutionRecorder.RecordResult: Received result for test: Testovi_za_zadatak_1.UnitTest2.TestRezervacijeSaIsteklomClanarinom.
TpTrace Warning: 0 : 8420, 5, 2020/12/01, 12:40:35.761, 127296361076, testhost.dll, InProgressTests is null
TpTrace Warning: 0 : 8420, 5, 2020/12/01, 12:40:35.762, 127296362278, testhost.dll, TestRunCache: No test found corresponding to testResult 'TestRezervacijeSaIsteklomClanarinom  Passed' in inProgress list.
TpTrace Verbose: 0 : 8420, 5, 2020/12/01, 12:40:35.762, 127296363506, testhost.dll, TestExecutionRecorder.RecordStart: Starting test: Testovi_za_zadatak_1.UnitTest2.TestUspjesneRezervacije.
TpTrace Verbose: 0 : 8420, 5, 2020/12/01, 12:40:35.769, 127296440616, testhost.dll, TestExecutionRecorder.RecordEnd: test: Testovi_za_zadatak_1.UnitTest2.TestUspjesneRezervacije execution completed.
TpTrace Verbose: 0 : 8420, 5, 2020/12/01, 12:40:35.771, 127296457800, testhost.dll, TestExecutionRecorder.RecordResult: Received result for test: Testovi_za_zadatak_1.UnitTest2.TestUspjesneRezervacije.
TpTrace Warning: 0 : 8420, 5, 2020/12/01, 12:40:35.771, 127296459576, testhost.dll, InProgressTests is null
TpTrace Warning: 0 : 8420, 5, 2020/12/01, 12:40:35.771, 127296460904, testhost.dll, TestRunCache: No test found corresponding to testResult 'TestUspjesneRezervacije  Passed' in inProgress list.
TpTrace Verbose: 0 : 8420, 5, 2020/12/01, 12:40:35.771, 127296462154, testhost.dll, TestExecutionRecorder.RecordStart: Starting test: Testovi_za_zadatak_1.UnitTest2.TestPonovneRezervacije.
TpTrace Verbose: 0 : 8420, 5, 2020/12/01, 12:40:35.775, 127296492747, testhost.dll, TestExecutionRecorder.RecordEnd: test: Testovi_za_zadatak_1.UnitTest2.TestPonovneRezervacije execution completed.
TpTrace Verbose: 0 : 8420, 5, 2020/12/01, 12:40:35.776, 127296509855, testhost.dll, TestExecutionRecorder.RecordResult: Received result for test: Testovi_za_zadatak_1.UnitTest2.TestPonovneRezervacije.
TpTrace Warning: 0 : 8420, 5, 2020/12/01, 12:40:35.776, 127296511648, testhost.dll, InProgressTests is null
TpTrace Warning: 0 : 8420, 5, 2020/12/01, 12:40:35.777, 127296512851, testhost.dll, TestRunCache: No test found corresponding to testResult 'TestPonovneRezervacije  Passed' in inProgress list.
TpTrace Verbose: 0 : 8420, 5, 2020/12/01, 12:40:35.777, 127296514074, testhost.dll, TestExecutionRecorder.RecordStart: Starting test: Testovi_za_zadatak_1.UnitTestClan.TestValidnihPodataka.
TpTrace Information: 0 : 8420, 5, 2020/12/01, 12:40:35.789, 127296633120, testhost.dll, AssemblyResolver.OnResolve: Microsoft.VisualStudio.TestPlatform.TestFramework.resources: Resolving assembly.
TpTrace Information: 0 : 8420, 5, 2020/12/01, 12:40:35.789, 127296637742, testhost.dll, AssemblyResolver.OnResolve: Microsoft.VisualStudio.TestPlatform.TestFramework.resources: Failed to load assembly.
TpTrace Verbose: 0 : 8420, 5, 2020/12/01, 12:40:35.791, 127296655535, testhost.dll, TestExecutionRecorder.RecordEnd: test: Testovi_za_zadatak_1.UnitTestClan.TestValidnihPodataka execution completed.
TpTrace Verbose: 0 : 8420, 5, 2020/12/01, 12:40:35.793, 127296675095, testhost.dll, TestExecutionRecorder.RecordResult: Received result for test: Testovi_za_zadatak_1.UnitTestClan.TestValidnihPodataka.
TpTrace Warning: 0 : 8420, 5, 2020/12/01, 12:40:35.793, 127296676794, testhost.dll, InProgressTests is null
TpTrace Warning: 0 : 8420, 5, 2020/12/01, 12:40:35.793, 127296677996, testhost.dll, TestRunCache: No test found corresponding to testResult 'TestValidnihPodataka  Passed' in inProgress list.
TpTrace Verbose: 0 : 8420, 5, 2020/12/01, 12:40:35.793, 127296679211, testhost.dll, TestExecutionRecorder.RecordEnd: test: Testovi_za_zadatak_1.UnitTestClan.TestValidnihPodataka execution completed.
TpTrace Warning: 0 : 8420, 5, 2020/12/01, 12:40:35.793, 127296680297, testhost.dll, InProgressTests is null
TpTrace Verbose: 0 : 8420, 5, 2020/12/01, 12:40:35.793, 127296681328, testhost.dll, TestExecutionRecorder.RecordResult: Received result for test: Testovi_za_zadatak_1.UnitTestClan.TestValidnihPodataka.
TpTrace Warning: 0 : 8420, 5, 2020/12/01, 12:40:35.794, 127296682523, testhost.dll, InProgressTests is null
TpTrace Warning: 0 : 8420, 5, 2020/12/01, 12:40:35.794, 127296683618, testhost.dll, TestRunCache: No test found corresponding to testResult 'TestValidnihPodataka  Passed' in inProgress list.
TpTrace Verbose: 0 : 8420, 5, 2020/12/01, 12:40:35.794, 127296684716, testhost.dll, TestExecutionRecorder.RecordEnd: test: Testovi_za_zadatak_1.UnitTestClan.TestValidnihPodataka execution completed.
TpTrace Warning: 0 : 8420, 5, 2020/12/01, 12:40:35.794, 127296685746, testhost.dll, InProgressTests is null
TpTrace Verbose: 0 : 8420, 5, 2020/12/01, 12:40:35.794, 127296686761, testhost.dll, TestExecutionRecorder.RecordResult: Received result for test: Testovi_za_zadatak_1.UnitTestClan.TestValidnihPodataka.
TpTrace Warning: 0 : 8420, 5, 2020/12/01, 12:40:35.794, 127296687951, testhost.dll, InProgressTests is null
TpTrace Warning: 0 : 8420, 5, 2020/12/01, 12:40:35.794, 127296689073, testhost.dll, TestRunCache: No test found corresponding to testResult 'TestValidnihPodataka  Passed' in inProgress list.
TpTrace Verbose: 0 : 8420, 5, 2020/12/01, 12:40:35.794, 127296690234, testhost.dll, TestExecutionRecorder.RecordEnd: test: Testovi_za_zadatak_1.UnitTestClan.TestValidnihPodataka execution completed.
TpTrace Warning: 0 : 8420, 5, 2020/12/01, 12:40:35.794, 127296691267, testhost.dll, InProgressTests is null
TpTrace Verbose: 0 : 8420, 5, 2020/12/01, 12:40:35.795, 127296692280, testhost.dll, TestExecutionRecorder.RecordResult: Received result for test: Testovi_za_zadatak_1.UnitTestClan.TestValidnihPodataka.
TpTrace Warning: 0 : 8420, 5, 2020/12/01, 12:40:35.795, 127296693470, testhost.dll, InProgressTests is null
TpTrace Warning: 0 : 8420, 5, 2020/12/01, 12:40:35.795, 127296694552, testhost.dll, TestRunCache: No test found corresponding to testResult 'TestValidnihPodataka  Passed' in inProgress list.
TpTrace Verbose: 0 : 8420, 5, 2020/12/01, 12:40:35.795, 127296695641, testhost.dll, TestExecutionRecorder.RecordEnd: test: Testovi_za_zadatak_1.UnitTestClan.TestValidnihPodataka execution completed.
TpTrace Warning: 0 : 8420, 5, 2020/12/01, 12:40:35.795, 127296696661, testhost.dll, InProgressTests is null
TpTrace Verbose: 0 : 8420, 5, 2020/12/01, 12:40:35.795, 127296697677, testhost.dll, TestExecutionRecorder.RecordResult: Received result for test: Testovi_za_zadatak_1.UnitTestClan.TestValidnihPodataka.
TpTrace Warning: 0 : 8420, 5, 2020/12/01, 12:40:35.795, 127296698914, testhost.dll, InProgressTests is null
TpTrace Warning: 0 : 8420, 5, 2020/12/01, 12:40:35.795, 127296700479, testhost.dll, TestRunCache: No test found corresponding to testResult 'TestValidnihPodataka  Passed' in inProgress list.
TpTrace Information: 0 : 8420, 5, 2020/12/01, 12:40:35.799, 127296733315, testhost.dll, Sending test run statistics
TpTrace Verbose: 0 : 8420, 5, 2020/12/01, 12:40:35.857, 127297321791, testhost.dll, TestRequestHandler.SendData:  sending data from testhost: {"Version":2,"MessageType":"TestExecution.StatsChange","Payload":{"NewTestResults":[{"TestCase":{"Id":"781dc7d7-8fb4-525e-b582-cc4e3cbec6ff","FullyQualifiedName":"Testovi_za_zadatak_1.UnitTest1.TestUpjesnogLogovanjaPrviPut","DisplayName":"TestUpjesnogLogovanjaPrviPut","ExecutorUri":"executor://MSTestAdapter/v2","Source":"C:\\Users\\Korisnik\\Documents\\VVSzadaca2\\eParking\\Testovi za zadatak 1\\bin\\Debug\\fine-code-coverage\\Testovi za zadatak 1.dll","CodeFilePath":null,"LineNumber":-1,"Properties":[{"Key":{"Id":"MSTestDiscoverer.TestClassName","Label":"ClassName","Category":"","Description":"","Attributes":1,"ValueType":"System.String"},"Value":"Testovi_za_zadatak_1.UnitTest1"},{"Key":{"Id":"TestObject.Traits","Label":"Traits","Category":"","Description":"","Attributes":5,"ValueType":"System.Collections.Generic.KeyValuePair`2[[System.String],[System.String]][]"},"Value":[]}]},"Attachments":[],"Outcome":1,"ErrorMessage":null,"ErrorStackTrace":null,"DisplayName":null,"Messages":[],"ComputerName":null,"Duration":"00:00:00.0129166","StartTime":"2020-12-01T12:40:35.6267968+01:00","EndTime":"2020-12-01T12:40:35.6964719+01:00","Properties":[{"Key":{"Id":"ExecutionId","Label":"ExecutionId","Category":"","Description":"","Attributes":1,"ValueType":"System.Guid"},"Value":"00000000-0000-0000-0000-000000000000"},{"Key":{"Id":"ParentExecId","Label":"ParentExecId","Category":"","Description":"","Attributes":1,"ValueType":"System.Guid"},"Value":"00000000-0000-0000-0000-000000000000"},{"Key":{"Id":"InnerResultsCount","Label":"InnerResultsCount","Category":"","Description":"","Attributes":1,"ValueType":"System.Int32"},"Value":0}]},{"TestCase":{"Id":"194a2042-c737-7d8d-0412-a82cbea53d52","FullyQualifiedName":"Testovi_za_zadatak_1.UnitTest1.TestNeuspjesnogLogovanja","DisplayName":"TestNeuspjesnogLogovanja","ExecutorUri":"executor://MSTestAdapter/v2","Source":"C:\\Users\\Korisnik\\Documents\\VVSzadaca2\\eParking\\Testovi za zadatak 1\\bin\\Debug\\fine-code-coverage\\Testovi za zadatak 1.dll","CodeFilePath":null,"LineNumber":-1,"Properties":[{"Key":{"Id":"MSTestDiscoverer.TestClassName","Label":"ClassName","Category":"","Description":"","Attributes":1,"ValueType":"System.String"},"Value":"Testovi_za_zadatak_1.UnitTest1"},{"Key":{"Id":"TestObject.Traits","Label":"Traits","Category":"","Description":"","Attributes":5,"ValueType":"System.Collections.Generic.KeyValuePair`2[[System.String],[System.String]][]"},"Value":[]}]},"Attachments":[],"Outcome":1,"ErrorMessage":null,"ErrorStackTrace":null,"DisplayName":null,"Messages":[],"ComputerName":null,"Duration":"00:00:00.0003257","StartTime":"2020-12-01T12:40:35.7470978+01:00","EndTime":"2020-12-01T12:40:35.7477197+01:00","Properties":[{"Key":{"Id":"ExecutionId","Label":"ExecutionId","Category":"","Description":"","Attributes":1,"ValueType":"System.Guid"},"Value":"00000000-0000-0000-0000-000000000000"},{"Key":{"Id":"ParentExecId","Label":"ParentExecId","Category":"","Description":"","Attributes":1,"ValueType":"System.Guid"},"Value":"00000000-0000-0000-0000-000000000000"},{"Key":{"Id":"InnerResultsCount","Label":"InnerResultsCount","Category":"","Description":"","Attributes":1,"ValueType":"System.Int32"},"Value":0}]},{"TestCase":{"Id":"ec6ccc20-1316-af6a-d68a-73e847cc9d5d","FullyQualifiedName":"Testovi_za_zadatak_1.UnitTest2.TestRezervacijeSaIsteklomClanarinom","DisplayName":"TestRezervacijeSaIsteklomClanarinom","ExecutorUri":"executor://MSTestAdapter/v2","Source":"C:\\Users\\Korisnik\\Documents\\VVSzadaca2\\eParking\\Testovi za zadatak 1\\bin\\Debug\\fine-code-coverage\\Testovi za zadatak 1.dll","CodeFilePath":null,"LineNumber":-1,"Properties":[{"Key":{"Id":"MSTestDiscoverer.TestClassName","Label":"ClassName","Category":"","Description":"","Attributes":1,"ValueType":"System.String"},"Value":"Testovi_za_zadatak_1.UnitTest2"},{"Key":{"Id":"TestObject.Traits","Label":"Traits","Category":"","Description":"","Attributes":5,"ValueType":"System.Collections.Generic.KeyValuePair`2[[System.String],[System.String]][]"},"Value":[]}]},"Attachments":[],"Outcome":1,"ErrorMessage":null,"ErrorStackTrace":null,"DisplayName":null,"Messages":[],"ComputerName":null,"Duration":"00:00:00.0044366","StartTime":"2020-12-01T12:40:35.7518832+01:00","EndTime":"2020-12-01T12:40:35.759717+01:00","Properties":[{"Key":{"Id":"ExecutionId","Label":"ExecutionId","Category":"","Description":"","Attributes":1,"ValueType":"System.Guid"},"Value":"00000000-0000-0000-0000-000000000000"},{"Key":{"Id":"ParentExecId","Label":"ParentExecId","Category":"","Description":"","Attributes":1,"ValueType":"System.Guid"},"Value":"00000000-0000-0000-0000-000000000000"},{"Key":{"Id":"InnerResultsCount","Label":"InnerResultsCount","Category":"","Description":"","Attributes":1,"ValueType":"System.Int32"},"Value":0}]},{"TestCase":{"Id":"73c779c6-8673-de7a-082e-4cdd59256d16","FullyQualifiedName":"Testovi_za_zadatak_1.UnitTest2.TestUspjesneRezervacije","DisplayName":"TestUspjesneRezervacije","ExecutorUri":"executor://MSTestAdapter/v2","Source":"C:\\Users\\Korisnik\\Documents\\VVSzadaca2\\eParking\\Testovi za zadatak 1\\bin\\Debug\\fine-code-coverage\\Testovi za zadatak 1.dll","CodeFilePath":null,"LineNumber":-1,"Properties":[{"Key":{"Id":"MSTestDiscoverer.TestClassName","Label":"ClassName","Category":"","Description":"","Attributes":1,"ValueType":"System.String"},"Value":"Testovi_za_zadatak_1.UnitTest2"},{"Key":{"Id":"TestObject.Traits","Label":"Traits","Category":"","Description":"","Attributes":5,"ValueType":"System.Collections.Generic.KeyValuePair`2[[System.String],[System.String]][]"},"Value":[]}]},"Attachments":[],"Outcome":1,"ErrorMessage":null,"ErrorStackTrace":null,"DisplayName":null,"Messages":[],"ComputerName":null,"Duration":"00:00:00.0017172","StartTime":"2020-12-01T12:40:35.7678826+01:00","EndTime":"2020-12-01T12:40:35.7698187+01:00","Properties":[{"Key":{"Id":"ExecutionId","Label":"ExecutionId","Category":"","Description":"","Attributes":1,"ValueType":"System.Guid"},"Value":"00000000-0000-0000-0000-000000000000"},{"Key":{"Id":"ParentExecId","Label":"ParentExecId","Category":"","Description":"","Attributes":1,"ValueType":"System.Guid"},"Value":"00000000-0000-0000-0000-000000000000"},{"Key":{"Id":"InnerResultsCount","Label":"InnerResultsCount","Category":"","Description":"","Attributes":1,"ValueType":"System.Int32"},"Value":0}]},{"TestCase":{"Id":"2216986d-83f6-cc4d-23a0-b8a0fd6ee0ea","FullyQualifiedName":"Testovi_za_zadatak_1.UnitTest2.TestPonovneRezervacije","DisplayName":"TestPonovneRezervacije","ExecutorUri":"executor://MSTestAdapter/v2","Source":"C:\\Users\\Korisnik\\Documents\\VVSzadaca2\\eParking\\Testovi za zadatak 1\\bin\\Debug\\fine-code-coverage\\Testovi za zadatak 1.dll","CodeFilePath":null,"LineNumber":-1,"Properties":[{"Key":{"Id":"MSTestDiscoverer.TestClassName","Label":"ClassName","Category":"","Description":"","Attributes":1,"ValueType":"System.String"},"Value":"Testovi_za_zadatak_1.UnitTest2"},{"Key":{"Id":"TestObject.Traits","Label":"Traits","Category":"","Description":"","Attributes":5,"ValueType":"System.Collections.Generic.KeyValuePair`2[[System.String],[System.String]][]"},"Value":[]}]},"Attachments":[],"Outcome":1,"ErrorMessage":null,"ErrorStackTrace":null,"DisplayName":null,"Messages":[],"ComputerName":null,"Duration":"00:00:00.0013297","StartTime":"2020-12-01T12:40:35.7734318+01:00","EndTime":"2020-12-01T12:40:35.7750329+01:00","Properties":[{"Key":{"Id":"ExecutionId","Label":"ExecutionId","Category":"","Description":"","Attributes":1,"ValueType":"System.Guid"},"Value":"00000000-0000-0000-0000-000000000000"},{"Key":{"Id":"ParentExecId","Label":"ParentExecId","Category":"","Description":"","Attributes":1,"ValueType":"System.Guid"},"Value":"00000000-0000-0000-0000-000000000000"},{"Key":{"Id":"InnerResultsCount","Label":"InnerResultsCount","Category":"","Description":"","Attributes":1,"ValueType":"System.Int32"},"Value":0}]},{"TestCase":{"Id":"1f7b6345-1a11-278d-35a8-a979b4ec047f","FullyQualifiedName":"Testovi_za_zadatak_1.UnitTestClan.TestValidnihPodataka","DisplayName":"TestValidnihPodataka","ExecutorUri":"executor://MSTestAdapter/v2","Source":"C:\\Users\\Korisnik\\Documents\\VVSzadaca2\\eParking\\Testovi za zadatak 1\\bin\\Debug\\fine-code-coverage\\Testovi za zadatak 1.dll","CodeFilePath":null,"LineNumber":-1,"Properties":[{"Key":{"Id":"MSTestDiscoverer.TestClassName","Label":"ClassName","Category":"","Description":"","Attributes":1,"ValueType":"System.String"},"Value":"Testovi_za_zadatak_1.UnitTestClan"},{"Key":{"Id":"TestObject.Traits","Label":"Traits","Category":"","Description":"","Attributes":5,"ValueType":"System.Collections.Generic.KeyValuePair`2[[System.String],[System.String]][]"},"Value":[]}]},"Attachments":[],"Outcome":1,"ErrorMessage":null,"ErrorStackTrace":null,"DisplayName":null,"Messages":[],"ComputerName":null,"Duration":"00:00:00.0083738","StartTime":"2020-12-01T12:40:35.7786276+01:00","EndTime":"2020-12-01T12:40:35.791306+01:00","Properties":[{"Key":{"Id":"ExecutionId","Label":"ExecutionId","Category":"","Description":"","Attributes":1,"ValueType":"System.Guid"},"Value":"45d1f948-ca46-4979-956b-5bffc41c8288"},{"Key":{"Id":"ParentExecId","Label":"ParentExecId","Category":"","Description":"","Attributes":1,"ValueType":"System.Guid"},"Value":"00000000-0000-0000-0000-000000000000"},{"Key":{"Id":"InnerResultsCount","Label":"InnerResultsCount","Category":"","Description":"","Attributes":1,"ValueType":"System.Int32"},"Value":5}]},{"TestCase":{"Id":"1f7b6345-1a11-278d-35a8-a979b4ec047f","FullyQualifiedName":"Testovi_za_zadatak_1.UnitTestClan.TestValidnihPodataka","DisplayName":"TestValidnihPodataka","ExecutorUri":"executor://MSTestAdapter/v2","Source":"C:\\Users\\Korisnik\\Documents\\VVSzadaca2\\eParking\\Testovi za zadatak 1\\bin\\Debug\\fine-code-coverage\\Testovi za zadatak 1.dll","CodeFilePath":null,"LineNumber":-1,"Properties":[{"Key":{"Id":"MSTestDiscoverer.TestClassName","Label":"ClassName","Category":"","Description":"","Attributes":1,"ValueType":"System.String"},"Value":"Testovi_za_zadatak_1.UnitTestClan"},{"Key":{"Id":"TestObject.Traits","Label":"Traits","Category":"","Description":"","Attributes":5,"ValueType":"System.Collections.Generic.KeyValuePair`2[[System.String],[System.String]][]"},"Value":[]}]},"Attachments":[],"Outcome":1,"ErrorMessage":null,"ErrorStackTrace":null,"DisplayName":"TestValidnihPodataka (user1,password12,Adresa,Automobil,123-A-123,5,2022,5,1)","Messages":[],"ComputerName":null,"Duration":"00:00:00.0017562","StartTime":"2020-12-01T12:40:35.7786276+01:00","EndTime":"2020-12-01T12:40:35.791306+01:00","Properties":[{"Key":{"Id":"ExecutionId","Label":"ExecutionId","Category":"","Description":"","Attributes":1,"ValueType":"System.Guid"},"Value":"e9d2c621-e935-4877-a63b-b97c4be9446e"},{"Key":{"Id":"ParentExecId","Label":"ParentExecId","Category":"","Description":"","Attributes":1,"ValueType":"System.Guid"},"Value":"45d1f948-ca46-4979-956b-5bffc41c8288"},{"Key":{"Id":"InnerResultsCount","Label":"InnerResultsCount","Category":"","Description":"","Attributes":1,"ValueType":"System.Int32"},"Value":0}]},{"TestCase":{"Id":"1f7b6345-1a11-278d-35a8-a979b4ec047f","FullyQualifiedName":"Testovi_za_zadatak_1.UnitTestClan.TestValidnihPodataka","DisplayName":"TestValidnihPodataka","ExecutorUri":"executor://MSTestAdapter/v2","Source":"C:\\Users\\Korisnik\\Documents\\VVSzadaca2\\eParking\\Testovi za zadatak 1\\bin\\Debug\\fine-code-coverage\\Testovi za zadatak 1.dll","CodeFilePath":null,"LineNumber":-1,"Properties":[{"Key":{"Id":"MSTestDiscoverer.TestClassName","Label":"ClassName","Category":"","Description":"","Attributes":1,"ValueType":"System.String"},"Value":"Testovi_za_zadatak_1.UnitTestClan"},{"Key":{"Id":"TestObject.Traits","Label":"Traits","Category":"","Description":"","Attributes":5,"ValueType":"System.Collections.Generic.KeyValuePair`2[[System.String],[System.String]][]"},"Value":[]}]},"Attachments":[],"Outcome":1,"ErrorMessage":null,"ErrorStackTrace":null,"DisplayName":"TestValidnihPodataka (user1,12password,Adresa,Automobil,123-A-123,5,2022,5,1)","Messages":[],"ComputerName":null,"Duration":"00:00:00.0000315","StartTime":"2020-12-01T12:40:35.7786276+01:00","EndTime":"2020-12-01T12:40:35.791306+01:00","Properties":[{"Key":{"Id":"ExecutionId","Label":"ExecutionId","Category":"","Description":"","Attributes":1,"ValueType":"System.Guid"},"Value":"a0122ce6-a277-4dce-a622-1e810dbdc7d5"},{"Key":{"Id":"ParentExecId","Label":"ParentExecId","Category":"","Description":"","Attributes":1,"ValueType":"System.Guid"},"Value":"45d1f948-ca46-4979-956b-5bffc41c8288"},{"Key":{"Id":"InnerResultsCount","Label":"InnerResultsCount","Category":"","Description":"","Attributes":1,"ValueType":"System.Int32"},"Value":0}]},{"TestCase":{"Id":"1f7b6345-1a11-278d-35a8-a979b4ec047f","FullyQualifiedName":"Testovi_za_zadatak_1.UnitTestClan.TestValidnihPodataka","DisplayName":"TestValidnihPodataka","ExecutorUri":"executor://MSTestAdapter/v2","Source":"C:\\Users\\Korisnik\\Documents\\VVSzadaca2\\eParking\\Testovi za zadatak 1\\bin\\Debug\\fine-code-coverage\\Testovi za zadatak 1.dll","CodeFilePath":null,"LineNumber":-1,"Properties":[{"Key":{"Id":"MSTestDiscoverer.TestClassName","Label":"ClassName","Category":"","Description":"","Attributes":1,"ValueType":"System.String"},"Value":"Testovi_za_zadatak_1.UnitTestClan"},{"Key":{"Id":"TestObject.Traits","Label":"Traits","Category":"","Description":"","Attributes":5,"ValueType":"System.Collections.Generic.KeyValuePair`2[[System.String],[System.String]][]"},"Value":[]}]},"Attachments":[],"Outcome":1,"ErrorMessage":null,"ErrorStackTrace":null,"DisplayName":"TestValidnihPodataka (user1,passworddd,Adresa,Automobil,123-A-123,5,2022,5,1)","Messages":[],"ComputerName":null,"Duration":"00:00:00.0000131","StartTime":"2020-12-01T12:40:35.7786276+01:00","EndTime":"2020-12-01T12:40:35.791306+01:00","Properties":[{"Key":{"Id":"ExecutionId","Label":"ExecutionId","Category":"","Description":"","Attributes":1,"ValueType":"System.Guid"},"Value":"914410d2-6553-474c-86c3-43b9e388dce3"},{"Key":{"Id":"ParentExecId","Label":"ParentExecId","Category":"","Description":"","Attributes":1,"ValueType":"System.Guid"},"Value":"45d1f948-ca46-4979-956b-5bffc41c8288"},{"Key":{"Id":"InnerResultsCount","Label":"InnerResultsCount","Category":"","Description":"","Attributes":1,"ValueType":"System.Int32"},"Value":0}]},{"TestCase":{"Id":"1f7b6345-1a11-278d-35a8-a979b4ec047f","FullyQualifiedName":"Testovi_za_zadatak_1.UnitTestClan.TestValidnihPodataka","DisplayName":"TestValidnihPodataka","ExecutorUri":"executor://MSTestAdapter/v2","Source":"C:\\Users\\Korisnik\\Documents\\VVSzadaca2\\eParking\\Testovi za zadatak 1\\bin\\Debug\\fine-code-coverage\\Testovi za zadatak 1.dll","CodeFilePath":null,"LineNumber":-1,"Properties":[{"Key":{"Id":"MSTestDiscoverer.TestClassName","Label":"ClassName","Category":"","Description":"","Attributes":1,"ValueType":"System.String"},"Value":"Testovi_za_zadatak_1.UnitTestClan"},{"Key":{"Id":"TestObject.Traits","Label":"Traits","Category":"","Description":"","Attributes":5,"ValueType":"System.Collections.Generic.KeyValuePair`2[[System.String],[System.String]][]"},"Value":[]}]},"Attachments":[],"Outcome":1,"ErrorMessage":null,"ErrorStackTrace":null,"DisplayName":"TestValidnihPodataka (user1,0123456789,Adresa,Automobil,123-A-123,5,2022,5,1)","Messages":[],"ComputerName":null,"Duration":"00:00:00.0000097","StartTime":"2020-12-01T12:40:35.7786276+01:00","EndTime":"2020-12-01T12:40:35.791306+01:00","Properties":[{"Key":{"Id":"ExecutionId","Label":"ExecutionId","Category":"","Description":"","Attributes":1,"ValueType":"System.Guid"},"Value":"ebd6973e-b297-4ee6-a390-edeaf911e340"},{"Key":{"Id":"ParentExecId","Label":"ParentExecId","Category":"","Description":"","Attributes":1,"ValueType":"System.Guid"},"Value":"45d1f948-ca46-4979-956b-5bffc41c8288"},{"Key":{"Id":"InnerResultsCount","Label":"InnerResultsCount","Category":"","Description":"","Attributes":1,"ValueType":"System.Int32"},"Value":0}]}],"TestRunStatistics":{"ExecutedTests":10,"Stats":{"Passed":10}},"ActiveTests":[]}}
TpTrace Verbose: 0 : 8420, 5, 2020/12/01, 12:40:35.858, 127297330217, testhost.dll, TestRunCache: OnNewTestResult: Notified the onCacheHit callback.
TpTrace Verbose: 0 : 8420, 5, 2020/12/01, 12:40:35.858, 127297331698, testhost.dll, TestExecutionRecorder.RecordEnd: test: Testovi_za_zadatak_1.UnitTestClan.TestValidnihPodataka execution completed.
TpTrace Warning: 0 : 8420, 5, 2020/12/01, 12:40:35.859, 127297332887, testhost.dll, InProgressTests is null
TpTrace Verbose: 0 : 8420, 5, 2020/12/01, 12:40:35.859, 127297333967, testhost.dll, TestExecutionRecorder.RecordResult: Received result for test: Testovi_za_zadatak_1.UnitTestClan.TestValidnihPodataka.
TpTrace Warning: 0 : 8420, 5, 2020/12/01, 12:40:35.859, 127297335426, testhost.dll, InProgressTests is null
TpTrace Warning: 0 : 8420, 5, 2020/12/01, 12:40:35.859, 127297336610, testhost.dll, TestRunCache: No test found corresponding to testResult 'TestValidnihPodataka  Passed' in inProgress list.
TpTrace Verbose: 0 : 8420, 5, 2020/12/01, 12:40:35.859, 127297338027, testhost.dll, TestExecutionRecorder.RecordStart: Starting test: Testovi_za_zadatak_1.UnitTestClan.TestNevalidnihPodataka.
TpTrace Verbose: 0 : 8420, 5, 2020/12/01, 12:40:35.871, 127297454273, testhost.dll, TestExecutionRecorder.RecordEnd: test: Testovi_za_zadatak_1.UnitTestClan.TestNevalidnihPodataka execution completed.
TpTrace Verbose: 0 : 8420, 5, 2020/12/01, 12:40:35.873, 127297473793, testhost.dll, TestExecutionRecorder.RecordResult: Received result for test: Testovi_za_zadatak_1.UnitTestClan.TestNevalidnihPodataka.
TpTrace Warning: 0 : 8420, 5, 2020/12/01, 12:40:35.873, 127297476091, testhost.dll, InProgressTests is null
TpTrace Warning: 0 : 8420, 5, 2020/12/01, 12:40:35.873, 127297477363, testhost.dll, TestRunCache: No test found corresponding to testResult 'TestNevalidnihPodataka  Passed' in inProgress list.
TpTrace Verbose: 0 : 8420, 5, 2020/12/01, 12:40:35.873, 127297478762, testhost.dll, TestExecutionRecorder.RecordEnd: test: Testovi_za_zadatak_1.UnitTestClan.TestNevalidnihPodataka execution completed.
TpTrace Warning: 0 : 8420, 5, 2020/12/01, 12:40:35.873, 127297480530, testhost.dll, InProgressTests is null
TpTrace Verbose: 0 : 8420, 5, 2020/12/01, 12:40:35.874, 127297482341, testhost.dll, TestExecutionRecorder.RecordResult: Received result for test: Testovi_za_zadatak_1.UnitTestClan.TestNevalidnihPodataka.
TpTrace Warning: 0 : 8420, 5, 2020/12/01, 12:40:35.874, 127297484261, testhost.dll, InProgressTests is null
TpTrace Warning: 0 : 8420, 5, 2020/12/01, 12:40:35.874, 127297486003, testhost.dll, TestRunCache: No test found corresponding to testResult 'TestNevalidnihPodataka  Passed' in inProgress list.
TpTrace Verbose: 0 : 8420, 5, 2020/12/01, 12:40:35.874, 127297487782, testhost.dll, TestExecutionRecorder.RecordEnd: test: Testovi_za_zadatak_1.UnitTestClan.TestNevalidnihPodataka execution completed.
TpTrace Warning: 0 : 8420, 5, 2020/12/01, 12:40:35.874, 127297489573, testhost.dll, InProgressTests is null
TpTrace Verbose: 0 : 8420, 5, 2020/12/01, 12:40:35.874, 127297491172, testhost.dll, TestExecutionRecorder.RecordResult: Received result for test: Testovi_za_zadatak_1.UnitTestClan.TestNevalidnihPodataka.
TpTrace Warning: 0 : 8420, 5, 2020/12/01, 12:40:35.875, 127297493097, testhost.dll, InProgressTests is null
TpTrace Warning: 0 : 8420, 5, 2020/12/01, 12:40:35.875, 127297494803, testhost.dll, TestRunCache: No test found corresponding to testResult 'TestNevalidnihPodataka  Passed' in inProgress list.
TpTrace Verbose: 0 : 8420, 5, 2020/12/01, 12:40:35.875, 127297496543, testhost.dll, TestExecutionRecorder.RecordEnd: test: Testovi_za_zadatak_1.UnitTestClan.TestNevalidnihPodataka execution completed.
TpTrace Warning: 0 : 8420, 5, 2020/12/01, 12:40:35.875, 127297498118, testhost.dll, InProgressTests is null
TpTrace Verbose: 0 : 8420, 5, 2020/12/01, 12:40:35.875, 127297499821, testhost.dll, TestExecutionRecorder.RecordResult: Received result for test: Testovi_za_zadatak_1.UnitTestClan.TestNevalidnihPodataka.
TpTrace Warning: 0 : 8420, 5, 2020/12/01, 12:40:35.875, 127297501773, testhost.dll, InProgressTests is null
TpTrace Warning: 0 : 8420, 5, 2020/12/01, 12:40:35.876, 127297503503, testhost.dll, TestRunCache: No test found corresponding to testResult 'TestNevalidnihPodataka  Passed' in inProgress list.
TpTrace Verbose: 0 : 8420, 5, 2020/12/01, 12:40:35.876, 127297506215, testhost.dll, TestExecutionRecorder.RecordEnd: test: Testovi_za_zadatak_1.UnitTestClan.TestNevalidnihPodataka execution completed.
TpTrace Warning: 0 : 8420, 5, 2020/12/01, 12:40:35.876, 127297507838, testhost.dll, InProgressTests is null
TpTrace Verbose: 0 : 8420, 5, 2020/12/01, 12:40:35.876, 127297509633, testhost.dll, TestExecutionRecorder.RecordResult: Received result for test: Testovi_za_zadatak_1.UnitTestClan.TestNevalidnihPodataka.
TpTrace Warning: 0 : 8420, 5, 2020/12/01, 12:40:35.876, 127297511921, testhost.dll, InProgressTests is null
TpTrace Warning: 0 : 8420, 5, 2020/12/01, 12:40:35.877, 127297513789, testhost.dll, TestRunCache: No test found corresponding to testResult 'TestNevalidnihPodataka  Passed' in inProgress list.
TpTrace Verbose: 0 : 8420, 5, 2020/12/01, 12:40:35.877, 127297515735, testhost.dll, TestExecutionRecorder.RecordEnd: test: Testovi_za_zadatak_1.UnitTestClan.TestNevalidnihPodataka execution completed.
TpTrace Warning: 0 : 8420, 5, 2020/12/01, 12:40:35.877, 127297517488, testhost.dll, InProgressTests is null
TpTrace Verbose: 0 : 8420, 5, 2020/12/01, 12:40:35.877, 127297519448, testhost.dll, TestExecutionRecorder.RecordResult: Received result for test: Testovi_za_zadatak_1.UnitTestClan.TestNevalidnihPodataka.
TpTrace Warning: 0 : 8420, 5, 2020/12/01, 12:40:35.877, 127297521535, testhost.dll, InProgressTests is null
TpTrace Warning: 0 : 8420, 5, 2020/12/01, 12:40:35.878, 127297523395, testhost.dll, TestRunCache: No test found corresponding to testResult 'TestNevalidnihPodataka  Passed' in inProgress list.
TpTrace Verbose: 0 : 8420, 5, 2020/12/01, 12:40:35.878, 127297525418, testhost.dll, TestExecutionRecorder.RecordStart: Starting test: Testovi_za_zadatak_1.UnitTestClan.TestGetMetodeClan.
TpTrace Verbose: 0 : 8420, 5, 2020/12/01, 12:40:35.884, 127297591356, testhost.dll, TestExecutionRecorder.RecordEnd: test: Testovi_za_zadatak_1.UnitTestClan.TestGetMetodeClan execution completed.
TpTrace Verbose: 0 : 8420, 5, 2020/12/01, 12:40:35.887, 127297618849, testhost.dll, TestExecutionRecorder.RecordResult: Received result for test: Testovi_za_zadatak_1.UnitTestClan.TestGetMetodeClan.
TpTrace Warning: 0 : 8420, 5, 2020/12/01, 12:40:35.887, 127297621770, testhost.dll, InProgressTests is null
TpTrace Warning: 0 : 8420, 5, 2020/12/01, 12:40:35.888, 127297623864, testhost.dll, TestRunCache: No test found corresponding to testResult 'TestGetMetodeClan  Passed' in inProgress list.
TpTrace Verbose: 0 : 8420, 5, 2020/12/01, 12:40:35.888, 127297625911, testhost.dll, TestExecutionRecorder.RecordStart: Starting test: Testovi_za_zadatak_1.UnitTestClan.TestNeispravanFormat.
TpTrace Verbose: 0 : 8420, 5, 2020/12/01, 12:40:35.893, 127297675593, testhost.dll, TestExecutionRecorder.RecordEnd: test: Testovi_za_zadatak_1.UnitTestClan.TestNeispravanFormat execution completed.
TpTrace Verbose: 0 : 8420, 5, 2020/12/01, 12:40:35.896, 127297704066, testhost.dll, TestExecutionRecorder.RecordResult: Received result for test: Testovi_za_zadatak_1.UnitTestClan.TestNeispravanFormat.
TpTrace Warning: 0 : 8420, 5, 2020/12/01, 12:40:35.896, 127297707278, testhost.dll, InProgressTests is null
TpTrace Warning: 0 : 8420, 5, 2020/12/01, 12:40:35.896, 127297710890, testhost.dll, TestRunCache: No test found corresponding to testResult 'TestNeispravanFormat  Passed' in inProgress list.
TpTrace Verbose: 0 : 8420, 5, 2020/12/01, 12:40:35.897, 127297714331, testhost.dll, TestExecutionRecorder.RecordStart: Starting test: Testovi_za_zadatak_1.UnitTestClan.TestOtkazivanjeRezervacije.
TpTrace Information: 0 : 8420, 5, 2020/12/01, 12:40:35.897, 127297718275, testhost.dll, Sending test run statistics
TpTrace Verbose: 0 : 8420, 5, 2020/12/01, 12:40:35.909, 127297840092, testhost.dll, TestRequestHandler.SendData:  sending data from testhost: {"Version":2,"MessageType":"TestExecution.StatsChange","Payload":{"NewTestResults":[{"TestCase":{"Id":"1f7b6345-1a11-278d-35a8-a979b4ec047f","FullyQualifiedName":"Testovi_za_zadatak_1.UnitTestClan.TestValidnihPodataka","DisplayName":"TestValidnihPodataka","ExecutorUri":"executor://MSTestAdapter/v2","Source":"C:\\Users\\Korisnik\\Documents\\VVSzadaca2\\eParking\\Testovi za zadatak 1\\bin\\Debug\\fine-code-coverage\\Testovi za zadatak 1.dll","CodeFilePath":null,"LineNumber":-1,"Properties":[{"Key":{"Id":"MSTestDiscoverer.TestClassName","Label":"ClassName","Category":"","Description":"","Attributes":1,"ValueType":"System.String"},"Value":"Testovi_za_zadatak_1.UnitTestClan"},{"Key":{"Id":"TestObject.Traits","Label":"Traits","Category":"","Description":"","Attributes":5,"ValueType":"System.Collections.Generic.KeyValuePair`2[[System.String],[System.String]][]"},"Value":[]}]},"Attachments":[],"Outcome":1,"ErrorMessage":null,"ErrorStackTrace":null,"DisplayName":"TestValidnihPodataka (user1,pass123word,Adresa,Automobil,123-A-123,5,2022,5,1)","Messages":[],"ComputerName":null,"Duration":"00:00:00.0000094","StartTime":"2020-12-01T12:40:35.7786276+01:00","EndTime":"2020-12-01T12:40:35.791306+01:00","Properties":[{"Key":{"Id":"ExecutionId","Label":"ExecutionId","Category":"","Description":"","Attributes":1,"ValueType":"System.Guid"},"Value":"9be829b4-7b82-432f-a422-a2bfa3e91cbd"},{"Key":{"Id":"ParentExecId","Label":"ParentExecId","Category":"","Description":"","Attributes":1,"ValueType":"System.Guid"},"Value":"45d1f948-ca46-4979-956b-5bffc41c8288"},{"Key":{"Id":"InnerResultsCount","Label":"InnerResultsCount","Category":"","Description":"","Attributes":1,"ValueType":"System.Int32"},"Value":0}]},{"TestCase":{"Id":"5dd993f5-6b38-97aa-ac85-30535fb6265b","FullyQualifiedName":"Testovi_za_zadatak_1.UnitTestClan.TestNevalidnihPodataka","DisplayName":"TestNevalidnihPodataka","ExecutorUri":"executor://MSTestAdapter/v2","Source":"C:\\Users\\Korisnik\\Documents\\VVSzadaca2\\eParking\\Testovi za zadatak 1\\bin\\Debug\\fine-code-coverage\\Testovi za zadatak 1.dll","CodeFilePath":null,"LineNumber":-1,"Properties":[{"Key":{"Id":"MSTestDiscoverer.TestClassName","Label":"ClassName","Category":"","Description":"","Attributes":1,"ValueType":"System.String"},"Value":"Testovi_za_zadatak_1.UnitTestClan"},{"Key":{"Id":"TestObject.Traits","Label":"Traits","Category":"","Description":"","Attributes":5,"ValueType":"System.Collections.Generic.KeyValuePair`2[[System.String],[System.String]][]"},"Value":[]}]},"Attachments":[],"Outcome":1,"ErrorMessage":null,"ErrorStackTrace":null,"DisplayName":null,"Messages":[],"ComputerName":null,"Duration":"00:00:00.0086330","StartTime":"2020-12-01T12:40:35.8622066+01:00","EndTime":"2020-12-01T12:40:35.8711799+01:00","Properties":[{"Key":{"Id":"ExecutionId","Label":"ExecutionId","Category":"","Description":"","Attributes":1,"ValueType":"System.Guid"},"Value":"c89c0e07-1c0d-424c-9c2c-7e6fb2582595"},{"Key":{"Id":"ParentExecId","Label":"ParentExecId","Category":"","Description":"","Attributes":1,"ValueType":"System.Guid"},"Value":"00000000-0000-0000-0000-000000000000"},{"Key":{"Id":"InnerResultsCount","Label":"InnerResultsCount","Category":"","Description":"","Attributes":1,"ValueType":"System.Int32"},"Value":5}]},{"TestCase":{"Id":"5dd993f5-6b38-97aa-ac85-30535fb6265b","FullyQualifiedName":"Testovi_za_zadatak_1.UnitTestClan.TestNevalidnihPodataka","DisplayName":"TestNevalidnihPodataka","ExecutorUri":"executor://MSTestAdapter/v2","Source":"C:\\Users\\Korisnik\\Documents\\VVSzadaca2\\eParking\\Testovi za zadatak 1\\bin\\Debug\\fine-code-coverage\\Testovi za zadatak 1.dll","CodeFilePath":null,"LineNumber":-1,"Properties":[{"Key":{"Id":"MSTestDiscoverer.TestClassName","Label":"ClassName","Category":"","Description":"","Attributes":1,"ValueType":"System.String"},"Value":"Testovi_za_zadatak_1.UnitTestClan"},{"Key":{"Id":"TestObject.Traits","Label":"Traits","Category":"","Description":"","Attributes":5,"ValueType":"System.Collections.Generic.KeyValuePair`2[[System.String],[System.String]][]"},"Value":[]}]},"Attachments":[],"Outcome":1,"ErrorMessage":null,"ErrorStackTrace":null,"DisplayName":"TestNevalidnihPodataka (user1,,Adresa,Automobil,123-A-123,5,2022,5,1)","Messages":[],"ComputerName":null,"Duration":"00:00:00.0021433","StartTime":"2020-12-01T12:40:35.8622066+01:00","EndTime":"2020-12-01T12:40:35.8711799+01:00","Properties":[{"Key":{"Id":"ExecutionId","Label":"ExecutionId","Category":"","Description":"","Attributes":1,"ValueType":"System.Guid"},"Value":"91597e25-19bb-45d1-a890-a021ceaed83c"},{"Key":{"Id":"ParentExecId","Label":"ParentExecId","Category":"","Description":"","Attributes":1,"ValueType":"System.Guid"},"Value":"c89c0e07-1c0d-424c-9c2c-7e6fb2582595"},{"Key":{"Id":"InnerResultsCount","Label":"InnerResultsCount","Category":"","Description":"","Attributes":1,"ValueType":"System.Int32"},"Value":0}]},{"TestCase":{"Id":"5dd993f5-6b38-97aa-ac85-30535fb6265b","FullyQualifiedName":"Testovi_za_zadatak_1.UnitTestClan.TestNevalidnihPodataka","DisplayName":"TestNevalidnihPodataka","ExecutorUri":"executor://MSTestAdapter/v2","Source":"C:\\Users\\Korisnik\\Documents\\VVSzadaca2\\eParking\\Testovi za zadatak 1\\bin\\Debug\\fine-code-coverage\\Testovi za zadatak 1.dll","CodeFilePath":null,"LineNumber":-1,"Properties":[{"Key":{"Id":"MSTestDiscoverer.TestClassName","Label":"ClassName","Category":"","Description":"","Attributes":1,"ValueType":"System.String"},"Value":"Testovi_za_zadatak_1.UnitTestClan"},{"Key":{"Id":"TestObject.Traits","Label":"Traits","Category":"","Description":"","Attributes":5,"ValueType":"System.Collections.Generic.KeyValuePair`2[[System.String],[System.String]][]"},"Value":[]}]},"Attachments":[],"Outcome":1,"ErrorMessage":null,"ErrorStackTrace":null,"DisplayName":"TestNevalidnihPodataka (user1,pass,Adresa,Automobil,123-A-123,5,2022,5,1)","Messages":[],"ComputerName":null,"Duration":"00:00:00.0010996","StartTime":"2020-12-01T12:40:35.8622066+01:00","EndTime":"2020-12-01T12:40:35.8711799+01:00","Properties":[{"Key":{"Id":"ExecutionId","Label":"ExecutionId","Category":"","Description":"","Attributes":1,"ValueType":"System.Guid"},"Value":"ffd0742f-0da5-44af-94d4-415b17465d20"},{"Key":{"Id":"ParentExecId","Label":"ParentExecId","Category":"","Description":"","Attributes":1,"ValueType":"System.Guid"},"Value":"c89c0e07-1c0d-424c-9c2c-7e6fb2582595"},{"Key":{"Id":"InnerResultsCount","Label":"InnerResultsCount","Category":"","Description":"","Attributes":1,"ValueType":"System.Int32"},"Value":0}]},{"TestCase":{"Id":"5dd993f5-6b38-97aa-ac85-30535fb6265b","FullyQualifiedName":"Testovi_za_zadatak_1.UnitTestClan.TestNevalidnihPodataka","DisplayName":"TestNevalidnihPodataka","ExecutorUri":"executor://MSTestAdapter/v2","Source":"C:\\Users\\Korisnik\\Documents\\VVSzadaca2\\eParking\\Testovi za zadatak 1\\bin\\Debug\\fine-code-coverage\\Testovi za zadatak 1.dll","CodeFilePath":null,"LineNumber":-1,"Properties":[{"Key":{"Id":"MSTestDiscoverer.TestClassName","Label":"ClassName","Category":"","Description":"","Attributes":1,"ValueType":"System.String"},"Value":"Testovi_za_zadatak_1.UnitTestClan"},{"Key":{"Id":"TestObject.Traits","Label":"Traits","Category":"","Description":"","Attributes":5,"ValueType":"System.Collections.Generic.KeyValuePair`2[[System.String],[System.String]][]"},"Value":[]}]},"Attachments":[],"Outcome":1,"ErrorMessage":null,"ErrorStackTrace":null,"DisplayName":"TestNevalidnihPodataka (user1,password12/,Adresa,Automobil,123-A-123,5,2022,5,1)","Messages":[],"ComputerName":null,"Duration":"00:00:00.0014347","StartTime":"2020-12-01T12:40:35.8622066+01:00","EndTime":"2020-12-01T12:40:35.8711799+01:00","Properties":[{"Key":{"Id":"ExecutionId","Label":"ExecutionId","Category":"","Description":"","Attributes":1,"ValueType":"System.Guid"},"Value":"d242d123-6667-4e3d-a456-1a60db6c58e9"},{"Key":{"Id":"ParentExecId","Label":"ParentExecId","Category":"","Description":"","Attributes":1,"ValueType":"System.Guid"},"Value":"c89c0e07-1c0d-424c-9c2c-7e6fb2582595"},{"Key":{"Id":"InnerResultsCount","Label":"InnerResultsCount","Category":"","Description":"","Attributes":1,"ValueType":"System.Int32"},"Value":0}]},{"TestCase":{"Id":"5dd993f5-6b38-97aa-ac85-30535fb6265b","FullyQualifiedName":"Testovi_za_zadatak_1.UnitTestClan.TestNevalidnihPodataka","DisplayName":"TestNevalidnihPodataka","ExecutorUri":"executor://MSTestAdapter/v2","Source":"C:\\Users\\Korisnik\\Documents\\VVSzadaca2\\eParking\\Testovi za zadatak 1\\bin\\Debug\\fine-code-coverage\\Testovi za zadatak 1.dll","CodeFilePath":null,"LineNumber":-1,"Properties":[{"Key":{"Id":"MSTestDiscoverer.TestClassName","Label":"ClassName","Category":"","Description":"","Attributes":1,"ValueType":"System.String"},"Value":"Testovi_za_zadatak_1.UnitTestClan"},{"Key":{"Id":"TestObject.Traits","Label":"Traits","Category":"","Description":"","Attributes":5,"ValueType":"System.Collections.Generic.KeyValuePair`2[[System.String],[System.String]][]"},"Value":[]}]},"Attachments":[],"Outcome":1,"ErrorMessage":null,"ErrorStackTrace":null,"DisplayName":"TestNevalidnihPodataka (user1,123/abc/123,Adresa,Automobil,123-A-123,5,2022,5,1)","Messages":[],"ComputerName":null,"Duration":"00:00:00.0010330","StartTime":"2020-12-01T12:40:35.8622066+01:00","EndTime":"2020-12-01T12:40:35.8711799+01:00","Properties":[{"Key":{"Id":"ExecutionId","Label":"ExecutionId","Category":"","Description":"","Attributes":1,"ValueType":"System.Guid"},"Value":"5a50bf88-15c6-441d-afe3-3f6a73848f78"},{"Key":{"Id":"ParentExecId","Label":"ParentExecId","Category":"","Description":"","Attributes":1,"ValueType":"System.Guid"},"Value":"c89c0e07-1c0d-424c-9c2c-7e6fb2582595"},{"Key":{"Id":"InnerResultsCount","Label":"InnerResultsCount","Category":"","Description":"","Attributes":1,"ValueType":"System.Int32"},"Value":0}]},{"TestCase":{"Id":"5dd993f5-6b38-97aa-ac85-30535fb6265b","FullyQualifiedName":"Testovi_za_zadatak_1.UnitTestClan.TestNevalidnihPodataka","DisplayName":"TestNevalidnihPodataka","ExecutorUri":"executor://MSTestAdapter/v2","Source":"C:\\Users\\Korisnik\\Documents\\VVSzadaca2\\eParking\\Testovi za zadatak 1\\bin\\Debug\\fine-code-coverage\\Testovi za zadatak 1.dll","CodeFilePath":null,"LineNumber":-1,"Properties":[{"Key":{"Id":"MSTestDiscoverer.TestClassName","Label":"ClassName","Category":"","Description":"","Attributes":1,"ValueType":"System.String"},"Value":"Testovi_za_zadatak_1.UnitTestClan"},{"Key":{"Id":"TestObject.Traits","Label":"Traits","Category":"","Description":"","Attributes":5,"ValueType":"System.Collections.Generic.KeyValuePair`2[[System.String],[System.String]][]"},"Value":[]}]},"Attachments":[],"Outcome":1,"ErrorMessage":null,"ErrorStackTrace":null,"DisplayName":"TestNevalidnihPodataka (user1, 123 123 ,Adresa,Automobil,123-A-123,5,2022,5,1)","Messages":[],"ComputerName":null,"Duration":"00:00:00.0009631","StartTime":"2020-12-01T12:40:35.8622066+01:00","EndTime":"2020-12-01T12:40:35.8711799+01:00","Properties":[{"Key":{"Id":"ExecutionId","Label":"ExecutionId","Category":"","Description":"","Attributes":1,"ValueType":"System.Guid"},"Value":"3b14c1bd-a048-4f31-933e-d95f83862d79"},{"Key":{"Id":"ParentExecId","Label":"ParentExecId","Category":"","Description":"","Attributes":1,"ValueType":"System.Guid"},"Value":"c89c0e07-1c0d-424c-9c2c-7e6fb2582595"},{"Key":{"Id":"InnerResultsCount","Label":"InnerResultsCount","Category":"","Description":"","Attributes":1,"ValueType":"System.Int32"},"Value":0}]},{"TestCase":{"Id":"44eac80d-cdd7-fca5-6e80-d73b6917f669","FullyQualifiedName":"Testovi_za_zadatak_1.UnitTestClan.TestGetMetodeClan","DisplayName":"TestGetMetodeClan","ExecutorUri":"executor://MSTestAdapter/v2","Source":"C:\\Users\\Korisnik\\Documents\\VVSzadaca2\\eParking\\Testovi za zadatak 1\\bin\\Debug\\fine-code-coverage\\Testovi za zadatak 1.dll","CodeFilePath":null,"LineNumber":-1,"Properties":[{"Key":{"Id":"MSTestDiscoverer.TestClassName","Label":"ClassName","Category":"","Description":"","Attributes":1,"ValueType":"System.String"},"Value":"Testovi_za_zadatak_1.UnitTestClan"},{"Key":{"Id":"TestObject.Traits","Label":"Traits","Category":"","Description":"","Attributes":5,"ValueType":"System.Collections.Generic.KeyValuePair`2[[System.String],[System.String]][]"},"Value":[]}]},"Attachments":[],"Outcome":1,"ErrorMessage":null,"ErrorStackTrace":null,"DisplayName":null,"Messages":[],"ComputerName":null,"Duration":"00:00:00.0020031","StartTime":"2020-12-01T12:40:35.8824236+01:00","EndTime":"2020-12-01T12:40:35.8848708+01:00","Properties":[{"Key":{"Id":"ExecutionId","Label":"ExecutionId","Category":"","Description":"","Attributes":1,"ValueType":"System.Guid"},"Value":"00000000-0000-0000-0000-000000000000"},{"Key":{"Id":"ParentExecId","Label":"ParentExecId","Category":"","Description":"","Attributes":1,"ValueType":"System.Guid"},"Value":"00000000-0000-0000-0000-000000000000"},{"Key":{"Id":"InnerResultsCount","Label":"InnerResultsCount","Category":"","Description":"","Attributes":1,"ValueType":"System.Int32"},"Value":0}]},{"TestCase":{"Id":"d3d62b12-b68d-dd08-e204-c9d376d321d3","FullyQualifiedName":"Testovi_za_zadatak_1.UnitTestClan.TestNeispravanFormat","DisplayName":"TestNeispravanFormat","ExecutorUri":"executor://MSTestAdapter/v2","Source":"C:\\Users\\Korisnik\\Documents\\VVSzadaca2\\eParking\\Testovi za zadatak 1\\bin\\Debug\\fine-code-coverage\\Testovi za zadatak 1.dll","CodeFilePath":null,"LineNumber":-1,"Properties":[{"Key":{"Id":"MSTestDiscoverer.TestClassName","Label":"ClassName","Category":"","Description":"","Attributes":1,"ValueType":"System.String"},"Value":"Testovi_za_zadatak_1.UnitTestClan"},{"Key":{"Id":"TestObject.Traits","Label":"Traits","Category":"","Description":"","Attributes":5,"ValueType":"System.Collections.Generic.KeyValuePair`2[[System.String],[System.String]][]"},"Value":[]}]},"Attachments":[],"Outcome":1,"ErrorMessage":null,"ErrorStackTrace":null,"DisplayName":null,"Messages":[],"ComputerName":null,"Duration":"00:00:00.0019453","StartTime":"2020-12-01T12:40:35.8909603+01:00","EndTime":"2020-12-01T12:40:35.8932998+01:00","Properties":[{"Key":{"Id":"ExecutionId","Label":"ExecutionId","Category":"","Description":"","Attributes":1,"ValueType":"System.Guid"},"Value":"00000000-0000-0000-0000-000000000000"},{"Key":{"Id":"ParentExecId","Label":"ParentExecId","Category":"","Description":"","Attributes":1,"ValueType":"System.Guid"},"Value":"00000000-0000-0000-0000-000000000000"},{"Key":{"Id":"InnerResultsCount","Label":"InnerResultsCount","Category":"","Description":"","Attributes":1,"ValueType":"System.Int32"},"Value":0}]}],"TestRunStatistics":{"ExecutedTests":19,"Stats":{"Passed":19}},"ActiveTests":[{"Id":"99dc0c66-cc30-f84d-e14f-fda8c3eefb71","FullyQualifiedName":"Testovi_za_zadatak_1.UnitTestClan.TestOtkazivanjeRezervacije","DisplayName":"TestOtkazivanjeRezervacije","ExecutorUri":"executor://MSTestAdapter/v2","Source":"C:\\Users\\Korisnik\\Documents\\VVSzadaca2\\eParking\\Testovi za zadatak 1\\bin\\Debug\\fine-code-coverage\\Testovi za zadatak 1.dll","CodeFilePath":null,"LineNumber":-1,"Properties":[{"Key":{"Id":"MSTestDiscoverer.TestClassName","Label":"ClassName","Category":"","Description":"","Attributes":1,"ValueType":"System.String"},"Value":"Testovi_za_zadatak_1.UnitTestClan"},{"Key":{"Id":"TestObject.Traits","Label":"Traits","Category":"","Description":"","Attributes":5,"ValueType":"System.Collections.Generic.KeyValuePair`2[[System.String],[System.String]][]"},"Value":[]}]}]}}
TpTrace Verbose: 0 : 8420, 5, 2020/12/01, 12:40:35.910, 127297851495, testhost.dll, TestRunCache: OnNewTestResult: Notified the onCacheHit callback.
TpTrace Verbose: 0 : 8420, 5, 2020/12/01, 12:40:35.915, 127297894616, testhost.dll, TestExecutionRecorder.RecordEnd: test: Testovi_za_zadatak_1.UnitTestClan.TestOtkazivanjeRezervacije execution completed.
TpTrace Warning: 0 : 8420, 5, 2020/12/01, 12:40:35.915, 127297897936, testhost.dll, InProgressTests is null
TpTrace Verbose: 0 : 8420, 5, 2020/12/01, 12:40:35.918, 127297926540, testhost.dll, TestExecutionRecorder.RecordResult: Received result for test: Testovi_za_zadatak_1.UnitTestClan.TestOtkazivanjeRezervacije.
TpTrace Warning: 0 : 8420, 5, 2020/12/01, 12:40:35.918, 127297929388, testhost.dll, InProgressTests is null
TpTrace Warning: 0 : 8420, 5, 2020/12/01, 12:40:35.918, 127297931258, testhost.dll, TestRunCache: No test found corresponding to testResult 'TestOtkazivanjeRezervacije  Passed' in inProgress list.
TpTrace Verbose: 0 : 8420, 5, 2020/12/01, 12:40:35.919, 127297933225, testhost.dll, TestExecutionRecorder.RecordStart: Starting test: Testovi_za_zadatak_1.UnitTestKorisnik.TestGetMetodeKorisnik.
TpTrace Verbose: 0 : 8420, 5, 2020/12/01, 12:40:35.924, 127297989690, testhost.dll, TestExecutionRecorder.RecordEnd: test: Testovi_za_zadatak_1.UnitTestKorisnik.TestGetMetodeKorisnik execution completed.
TpTrace Verbose: 0 : 8420, 5, 2020/12/01, 12:40:35.927, 127298018692, testhost.dll, TestExecutionRecorder.RecordResult: Received result for test: Testovi_za_zadatak_1.UnitTestKorisnik.TestGetMetodeKorisnik.
TpTrace Warning: 0 : 8420, 5, 2020/12/01, 12:40:35.927, 127298021329, testhost.dll, InProgressTests is null
TpTrace Warning: 0 : 8420, 5, 2020/12/01, 12:40:35.928, 127298023200, testhost.dll, TestRunCache: No test found corresponding to testResult 'TestGetMetodeKorisnik  Passed' in inProgress list.
TpTrace Verbose: 0 : 8420, 5, 2020/12/01, 12:40:35.928, 127298025083, testhost.dll, TestExecutionRecorder.RecordStart: Starting test: Testovi_za_zadatak_1.UnitTestKorisnik.TestNeispravnoKorisnikoIme.
TpTrace Verbose: 0 : 8420, 5, 2020/12/01, 12:40:35.933, 127298079200, testhost.dll, TestExecutionRecorder.RecordEnd: test: Testovi_za_zadatak_1.UnitTestKorisnik.TestNeispravnoKorisnikoIme execution completed.
TpTrace Verbose: 0 : 8420, 5, 2020/12/01, 12:40:35.936, 127298102718, testhost.dll, TestExecutionRecorder.RecordResult: Received result for test: Testovi_za_zadatak_1.UnitTestKorisnik.TestNeispravnoKorisnikoIme.
TpTrace Warning: 0 : 8420, 5, 2020/12/01, 12:40:35.936, 127298105696, testhost.dll, InProgressTests is null
TpTrace Warning: 0 : 8420, 5, 2020/12/01, 12:40:35.936, 127298107817, testhost.dll, TestRunCache: No test found corresponding to testResult 'TestNeispravnoKorisnikoIme  Passed' in inProgress list.
TpTrace Verbose: 0 : 8420, 5, 2020/12/01, 12:40:35.936, 127298109967, testhost.dll, TestExecutionRecorder.RecordStart: Starting test: Testovi_za_zadatak_1.UnitTestKorisnik.TestNeispravnaAdresa.
TpTrace Verbose: 0 : 8420, 5, 2020/12/01, 12:40:35.941, 127298153254, testhost.dll, TestExecutionRecorder.RecordEnd: test: Testovi_za_zadatak_1.UnitTestKorisnik.TestNeispravnaAdresa execution completed.
TpTrace Verbose: 0 : 8420, 5, 2020/12/01, 12:40:35.943, 127298172922, testhost.dll, TestExecutionRecorder.RecordResult: Received result for test: Testovi_za_zadatak_1.UnitTestKorisnik.TestNeispravnaAdresa.
TpTrace Warning: 0 : 8420, 5, 2020/12/01, 12:40:35.943, 127298175335, testhost.dll, InProgressTests is null
TpTrace Warning: 0 : 8420, 5, 2020/12/01, 12:40:35.943, 127298176618, testhost.dll, TestRunCache: No test found corresponding to testResult 'TestNeispravnaAdresa  Passed' in inProgress list.
TpTrace Verbose: 0 : 8420, 5, 2020/12/01, 12:40:35.943, 127298177892, testhost.dll, TestExecutionRecorder.RecordStart: Starting test: Testovi_za_zadatak_1.UnitTestLokacija.TestUspjenaRezervacija.
TpTrace Verbose: 0 : 8420, 5, 2020/12/01, 12:40:35.947, 127298212451, testhost.dll, TestExecutionRecorder.RecordEnd: test: Testovi_za_zadatak_1.UnitTestLokacija.TestUspjenaRezervacija execution completed.
TpTrace Verbose: 0 : 8420, 5, 2020/12/01, 12:40:35.948, 127298230960, testhost.dll, TestExecutionRecorder.RecordResult: Received result for test: Testovi_za_zadatak_1.UnitTestLokacija.TestUspjenaRezervacija.
TpTrace Warning: 0 : 8420, 5, 2020/12/01, 12:40:35.949, 127298233347, testhost.dll, InProgressTests is null
TpTrace Warning: 0 : 8420, 5, 2020/12/01, 12:40:35.949, 127298234615, testhost.dll, TestRunCache: No test found corresponding to testResult 'TestUspjenaRezervacija  Passed' in inProgress list.
TpTrace Verbose: 0 : 8420, 5, 2020/12/01, 12:40:35.949, 127298235866, testhost.dll, TestExecutionRecorder.RecordStart: Starting test: Testovi_za_zadatak_1.UnitTestLokacija.TestRezervacijaParkingaSaIsteklomlanarinom.
TpTrace Verbose: 0 : 8420, 5, 2020/12/01, 12:40:35.952, 127298269277, testhost.dll, TestExecutionRecorder.RecordEnd: test: Testovi_za_zadatak_1.UnitTestLokacija.TestRezervacijaParkingaSaIsteklomlanarinom execution completed.
TpTrace Verbose: 0 : 8420, 5, 2020/12/01, 12:40:35.954, 127298287957, testhost.dll, TestExecutionRecorder.RecordResult: Received result for test: Testovi_za_zadatak_1.UnitTestLokacija.TestRezervacijaParkingaSaIsteklomlanarinom.
TpTrace Warning: 0 : 8420, 5, 2020/12/01, 12:40:35.954, 127298290352, testhost.dll, InProgressTests is null
TpTrace Warning: 0 : 8420, 5, 2020/12/01, 12:40:35.954, 127298291592, testhost.dll, TestRunCache: No test found corresponding to testResult 'TestRezervacijaParkingaSaIsteklomlanarinom  Passed' in inProgress list.
TpTrace Verbose: 0 : 8420, 5, 2020/12/01, 12:40:35.955, 127298292844, testhost.dll, TestExecutionRecorder.RecordStart: Starting test: Testovi_za_zadatak_1.UnitTestLokacija.TestRezervacijaParkingaSaZauzetimMjestima.
TpTrace Verbose: 0 : 8420, 5, 2020/12/01, 12:40:35.958, 127298328176, testhost.dll, TestExecutionRecorder.RecordEnd: test: Testovi_za_zadatak_1.UnitTestLokacija.TestRezervacijaParkingaSaZauzetimMjestima execution completed.
TpTrace Verbose: 0 : 8420, 5, 2020/12/01, 12:40:35.960, 127298347246, testhost.dll, TestExecutionRecorder.RecordResult: Received result for test: Testovi_za_zadatak_1.UnitTestLokacija.TestRezervacijaParkingaSaZauzetimMjestima.
TpTrace Warning: 0 : 8420, 5, 2020/12/01, 12:40:35.960, 127298349686, testhost.dll, InProgressTests is null
TpTrace Warning: 0 : 8420, 5, 2020/12/01, 12:40:35.960, 127298350938, testhost.dll, TestRunCache: No test found corresponding to testResult 'TestRezervacijaParkingaSaZauzetimMjestima  Passed' in inProgress list.
TpTrace Verbose: 0 : 8420, 5, 2020/12/01, 12:40:35.961, 127298352320, testhost.dll, TestExecutionRecorder.RecordStart: Starting test: Testovi_za_zadatak_1.UnitTestLokacija3.TestIzuzetakPriSvimZauzetimMjestima.
TpTrace Verbose: 0 : 8420, 5, 2020/12/01, 12:40:35.965, 127298392510, testhost.dll, TestExecutionRecorder.RecordEnd: test: Testovi_za_zadatak_1.UnitTestLokacija3.TestIzuzetakPriSvimZauzetimMjestima execution completed.
TpTrace Verbose: 0 : 8420, 5, 2020/12/01, 12:40:35.966, 127298411786, testhost.dll, TestExecutionRecorder.RecordResult: Received result for test: Testovi_za_zadatak_1.UnitTestLokacija3.TestIzuzetakPriSvimZauzetimMjestima.
TpTrace Warning: 0 : 8420, 5, 2020/12/01, 12:40:35.967, 127298414606, testhost.dll, InProgressTests is null
TpTrace Warning: 0 : 8420, 5, 2020/12/01, 12:40:35.967, 127298416667, testhost.dll, TestRunCache: No test found corresponding to testResult 'TestIzuzetakPriSvimZauzetimMjestima  Passed' in inProgress list.
TpTrace Verbose: 0 : 8420, 5, 2020/12/01, 12:40:35.967, 127298418956, testhost.dll, TestExecutionRecorder.RecordStart: Starting test: Testovi_za_zadatak_1.UnitTestLokacija3.TestOslobodiZauzetoMjesto.
TpTrace Verbose: 0 : 8420, 5, 2020/12/01, 12:40:35.970, 127298451683, testhost.dll, TestExecutionRecorder.RecordEnd: test: Testovi_za_zadatak_1.UnitTestLokacija3.TestOslobodiZauzetoMjesto execution completed.
TpTrace Verbose: 0 : 8420, 5, 2020/12/01, 12:40:35.973, 127298473743, testhost.dll, TestExecutionRecorder.RecordResult: Received result for test: Testovi_za_zadatak_1.UnitTestLokacija3.TestOslobodiZauzetoMjesto.
TpTrace Warning: 0 : 8420, 5, 2020/12/01, 12:40:35.973, 127298475624, testhost.dll, InProgressTests is null
TpTrace Warning: 0 : 8420, 5, 2020/12/01, 12:40:35.973, 127298476838, testhost.dll, TestRunCache: No test found corresponding to testResult 'TestOslobodiZauzetoMjesto  Passed' in inProgress list.
TpTrace Verbose: 0 : 8420, 5, 2020/12/01, 12:40:35.973, 127298478165, testhost.dll, TestExecutionRecorder.RecordStart: Starting test: Testovi_za_zadatak_1.UnitTestLokacija3.TestGetMetodeLokacija.
TpTrace Information: 0 : 8420, 5, 2020/12/01, 12:40:35.973, 127298479579, testhost.dll, Sending test run statistics
TpTrace Verbose: 0 : 8420, 5, 2020/12/01, 12:40:35.975, 127298497773, testhost.dll, TestRequestHandler.SendData:  sending data from testhost: {"Version":2,"MessageType":"TestExecution.StatsChange","Payload":{"NewTestResults":[{"TestCase":{"Id":"99dc0c66-cc30-f84d-e14f-fda8c3eefb71","FullyQualifiedName":"Testovi_za_zadatak_1.UnitTestClan.TestOtkazivanjeRezervacije","DisplayName":"TestOtkazivanjeRezervacije","ExecutorUri":"executor://MSTestAdapter/v2","Source":"C:\\Users\\Korisnik\\Documents\\VVSzadaca2\\eParking\\Testovi za zadatak 1\\bin\\Debug\\fine-code-coverage\\Testovi za zadatak 1.dll","CodeFilePath":null,"LineNumber":-1,"Properties":[{"Key":{"Id":"MSTestDiscoverer.TestClassName","Label":"ClassName","Category":"","Description":"","Attributes":1,"ValueType":"System.String"},"Value":"Testovi_za_zadatak_1.UnitTestClan"},{"Key":{"Id":"TestObject.Traits","Label":"Traits","Category":"","Description":"","Attributes":5,"ValueType":"System.Collections.Generic.KeyValuePair`2[[System.String],[System.String]][]"},"Value":[]}]},"Attachments":[],"Outcome":1,"ErrorMessage":null,"ErrorStackTrace":null,"DisplayName":null,"Messages":[],"ComputerName":null,"Duration":"00:00:00.0013452","StartTime":"2020-12-01T12:40:35.9134229+01:00","EndTime":"2020-12-01T12:40:35.9151901+01:00","Properties":[{"Key":{"Id":"ExecutionId","Label":"ExecutionId","Category":"","Description":"","Attributes":1,"ValueType":"System.Guid"},"Value":"00000000-0000-0000-0000-000000000000"},{"Key":{"Id":"ParentExecId","Label":"ParentExecId","Category":"","Description":"","Attributes":1,"ValueType":"System.Guid"},"Value":"00000000-0000-0000-0000-000000000000"},{"Key":{"Id":"InnerResultsCount","Label":"InnerResultsCount","Category":"","Description":"","Attributes":1,"ValueType":"System.Int32"},"Value":0}]},{"TestCase":{"Id":"b3936bb5-bbdf-113f-48d5-a93c1a363c30","FullyQualifiedName":"Testovi_za_zadatak_1.UnitTestKorisnik.TestGetMetodeKorisnik","DisplayName":"TestGetMetodeKorisnik","ExecutorUri":"executor://MSTestAdapter/v2","Source":"C:\\Users\\Korisnik\\Documents\\VVSzadaca2\\eParking\\Testovi za zadatak 1\\bin\\Debug\\fine-code-coverage\\Testovi za zadatak 1.dll","CodeFilePath":null,"LineNumber":-1,"Properties":[{"Key":{"Id":"MSTestDiscoverer.TestClassName","Label":"ClassName","Category":"","Description":"","Attributes":1,"ValueType":"System.String"},"Value":"Testovi_za_zadatak_1.UnitTestKorisnik"},{"Key":{"Id":"TestObject.Traits","Label":"Traits","Category":"","Description":"","Attributes":5,"ValueType":"System.Collections.Generic.KeyValuePair`2[[System.String],[System.String]][]"},"Value":[]}]},"Attachments":[],"Outcome":1,"ErrorMessage":null,"ErrorStackTrace":null,"DisplayName":null,"Messages":[],"ComputerName":null,"Duration":"00:00:00.0019108","StartTime":"2020-12-01T12:40:35.9217848+01:00","EndTime":"2020-12-01T12:40:35.9247059+01:00","Properties":[{"Key":{"Id":"ExecutionId","Label":"ExecutionId","Category":"","Description":"","Attributes":1,"ValueType":"System.Guid"},"Value":"00000000-0000-0000-0000-000000000000"},{"Key":{"Id":"ParentExecId","Label":"ParentExecId","Category":"","Description":"","Attributes":1,"ValueType":"System.Guid"},"Value":"00000000-0000-0000-0000-000000000000"},{"Key":{"Id":"InnerResultsCount","Label":"InnerResultsCount","Category":"","Description":"","Attributes":1,"ValueType":"System.Int32"},"Value":0}]},{"TestCase":{"Id":"e911a22d-653b-66d6-1ab2-f1ad4fd20515","FullyQualifiedName":"Testovi_za_zadatak_1.UnitTestKorisnik.TestNeispravnoKorisnikoIme","DisplayName":"TestNeispravnoKorisnikoIme","ExecutorUri":"executor://MSTestAdapter/v2","Source":"C:\\Users\\Korisnik\\Documents\\VVSzadaca2\\eParking\\Testovi za zadatak 1\\bin\\Debug\\fine-code-coverage\\Testovi za zadatak 1.dll","CodeFilePath":null,"LineNumber":-1,"Properties":[{"Key":{"Id":"MSTestDiscoverer.TestClassName","Label":"ClassName","Category":"","Description":"","Attributes":1,"ValueType":"System.String"},"Value":"Testovi_za_zadatak_1.UnitTestKorisnik"},{"Key":{"Id":"TestObject.Traits","Label":"Traits","Category":"","Description":"","Attributes":5,"ValueType":"System.Collections.Generic.KeyValuePair`2[[System.String],[System.String]][]"},"Value":[]}]},"Attachments":[],"Outcome":1,"ErrorMessage":null,"ErrorStackTrace":null,"DisplayName":null,"Messages":[],"ComputerName":null,"Duration":"00:00:00.0014468","StartTime":"2020-12-01T12:40:35.9317642+01:00","EndTime":"2020-12-01T12:40:35.9336675+01:00","Properties":[{"Key":{"Id":"ExecutionId","Label":"ExecutionId","Category":"","Description":"","Attributes":1,"ValueType":"System.Guid"},"Value":"00000000-0000-0000-0000-000000000000"},{"Key":{"Id":"ParentExecId","Label":"ParentExecId","Category":"","Description":"","Attributes":1,"ValueType":"System.Guid"},"Value":"00000000-0000-0000-0000-000000000000"},{"Key":{"Id":"InnerResultsCount","Label":"InnerResultsCount","Category":"","Description":"","Attributes":1,"ValueType":"System.Int32"},"Value":0}]},{"TestCase":{"Id":"c705025b-f2a2-f75d-6173-2aa005ee1337","FullyQualifiedName":"Testovi_za_zadatak_1.UnitTestKorisnik.TestNeispravnaAdresa","DisplayName":"TestNeispravnaAdresa","ExecutorUri":"executor://MSTestAdapter/v2","Source":"C:\\Users\\Korisnik\\Documents\\VVSzadaca2\\eParking\\Testovi za zadatak 1\\bin\\Debug\\fine-code-coverage\\Testovi za zadatak 1.dll","CodeFilePath":null,"LineNumber":-1,"Properties":[{"Key":{"Id":"MSTestDiscoverer.TestClassName","Label":"ClassName","Category":"","Description":"","Attributes":1,"ValueType":"System.String"},"Value":"Testovi_za_zadatak_1.UnitTestKorisnik"},{"Key":{"Id":"TestObject.Traits","Label":"Traits","Category":"","Description":"","Attributes":5,"ValueType":"System.Collections.Generic.KeyValuePair`2[[System.String],[System.String]][]"},"Value":[]}]},"Attachments":[],"Outcome":1,"ErrorMessage":null,"ErrorStackTrace":null,"DisplayName":null,"Messages":[],"ComputerName":null,"Duration":"00:00:00.0013156","StartTime":"2020-12-01T12:40:35.939401+01:00","EndTime":"2020-12-01T12:40:35.9410754+01:00","Properties":[{"Key":{"Id":"ExecutionId","Label":"ExecutionId","Category":"","Description":"","Attributes":1,"ValueType":"System.Guid"},"Value":"00000000-0000-0000-0000-000000000000"},{"Key":{"Id":"ParentExecId","Label":"ParentExecId","Category":"","Description":"","Attributes":1,"ValueType":"System.Guid"},"Value":"00000000-0000-0000-0000-000000000000"},{"Key":{"Id":"InnerResultsCount","Label":"InnerResultsCount","Category":"","Description":"","Attributes":1,"ValueType":"System.Int32"},"Value":0}]},{"TestCase":{"Id":"fb4821e6-24a4-0ae0-b05b-61a7e78ce992","FullyQualifiedName":"Testovi_za_zadatak_1.UnitTestLokacija.TestUspjenaRezervacija","DisplayName":"TestUspjenaRezervacija","ExecutorUri":"executor://MSTestAdapter/v2","Source":"C:\\Users\\Korisnik\\Documents\\VVSzadaca2\\eParking\\Testovi za zadatak 1\\bin\\Debug\\fine-code-coverage\\Testovi za zadatak 1.dll","CodeFilePath":null,"LineNumber":-1,"Properties":[{"Key":{"Id":"MSTestDiscoverer.TestClassName","Label":"ClassName","Category":"","Description":"","Attributes":1,"ValueType":"System.String"},"Value":"Testovi_za_zadatak_1.UnitTestLokacija"},{"Key":{"Id":"TestObject.Traits","Label":"Traits","Category":"","Description":"","Attributes":5,"ValueType":"System.Collections.Generic.KeyValuePair`2[[System.String],[System.String]][]"},"Value":[]}]},"Attachments":[],"Outcome":1,"ErrorMessage":null,"ErrorStackTrace":null,"DisplayName":null,"Messages":[],"ComputerName":null,"Duration":"00:00:00.0003997","StartTime":"2020-12-01T12:40:35.9458489+01:00","EndTime":"2020-12-01T12:40:35.9470032+01:00","Properties":[{"Key":{"Id":"ExecutionId","Label":"ExecutionId","Category":"","Description":"","Attributes":1,"ValueType":"System.Guid"},"Value":"00000000-0000-0000-0000-000000000000"},{"Key":{"Id":"ParentExecId","Label":"ParentExecId","Category":"","Description":"","Attributes":1,"ValueType":"System.Guid"},"Value":"00000000-0000-0000-0000-000000000000"},{"Key":{"Id":"InnerResultsCount","Label":"InnerResultsCount","Category":"","Description":"","Attributes":1,"ValueType":"System.Int32"},"Value":0}]},{"TestCase":{"Id":"eb29726f-f8bf-521a-f673-84633ec4e8fa","FullyQualifiedName":"Testovi_za_zadatak_1.UnitTestLokacija.TestRezervacijaParkingaSaIsteklomlanarinom","DisplayName":"TestRezervacijaParkingaSaIsteklomlanarinom","ExecutorUri":"executor://MSTestAdapter/v2","Source":"C:\\Users\\Korisnik\\Documents\\VVSzadaca2\\eParking\\Testovi za zadatak 1\\bin\\Debug\\fine-code-coverage\\Testovi za zadatak 1.dll","CodeFilePath":null,"LineNumber":-1,"Properties":[{"Key":{"Id":"MSTestDiscoverer.TestClassName","Label":"ClassName","Category":"","Description":"","Attributes":1,"ValueType":"System.String"},"Value":"Testovi_za_zadatak_1.UnitTestLokacija"},{"Key":{"Id":"TestObject.Traits","Label":"Traits","Category":"","Description":"","Attributes":5,"ValueType":"System.Collections.Generic.KeyValuePair`2[[System.String],[System.String]][]"},"Value":[]}]},"Attachments":[],"Outcome":1,"ErrorMessage":null,"ErrorStackTrace":null,"DisplayName":null,"Messages":[],"ComputerName":null,"Duration":"00:00:00.0013403","StartTime":"2020-12-01T12:40:35.9510117+01:00","EndTime":"2020-12-01T12:40:35.9526822+01:00","Properties":[{"Key":{"Id":"ExecutionId","Label":"ExecutionId","Category":"","Description":"","Attributes":1,"ValueType":"System.Guid"},"Value":"00000000-0000-0000-0000-000000000000"},{"Key":{"Id":"ParentExecId","Label":"ParentExecId","Category":"","Description":"","Attributes":1,"ValueType":"System.Guid"},"Value":"00000000-0000-0000-0000-000000000000"},{"Key":{"Id":"InnerResultsCount","Label":"InnerResultsCount","Category":"","Description":"","Attributes":1,"ValueType":"System.Int32"},"Value":0}]},{"TestCase":{"Id":"8f2373a6-042c-d23e-ab37-bbc863bb19b0","FullyQualifiedName":"Testovi_za_zadatak_1.UnitTestLokacija.TestRezervacijaParkingaSaZauzetimMjestima","DisplayName":"TestRezervacijaParkingaSaZauzetimMjestima","ExecutorUri":"executor://MSTestAdapter/v2","Source":"C:\\Users\\Korisnik\\Documents\\VVSzadaca2\\eParking\\Testovi za zadatak 1\\bin\\Debug\\fine-code-coverage\\Testovi za zadatak 1.dll","CodeFilePath":null,"LineNumber":-1,"Properties":[{"Key":{"Id":"MSTestDiscoverer.TestClassName","Label":"ClassName","Category":"","Description":"","Attributes":1,"ValueType":"System.String"},"Value":"Testovi_za_zadatak_1.UnitTestLokacija"},{"Key":{"Id":"TestObject.Traits","Label":"Traits","Category":"","Description":"","Attributes":5,"ValueType":"System.Collections.Generic.KeyValuePair`2[[System.String],[System.String]][]"},"Value":[]}]},"Attachments":[],"Outcome":1,"ErrorMessage":null,"ErrorStackTrace":null,"DisplayName":null,"Messages":[],"ComputerName":null,"Duration":"00:00:00.0014950","StartTime":"2020-12-01T12:40:35.9566713+01:00","EndTime":"2020-12-01T12:40:35.9585593+01:00","Properties":[{"Key":{"Id":"ExecutionId","Label":"ExecutionId","Category":"","Description":"","Attributes":1,"ValueType":"System.Guid"},"Value":"00000000-0000-0000-0000-000000000000"},{"Key":{"Id":"ParentExecId","Label":"ParentExecId","Category":"","Description":"","Attributes":1,"ValueType":"System.Guid"},"Value":"00000000-0000-0000-0000-000000000000"},{"Key":{"Id":"InnerResultsCount","Label":"InnerResultsCount","Category":"","Description":"","Attributes":1,"ValueType":"System.Int32"},"Value":0}]},{"TestCase":{"Id":"829afae9-2cd0-1627-2ab6-65996b6dc80c","FullyQualifiedName":"Testovi_za_zadatak_1.UnitTestLokacija3.TestIzuzetakPriSvimZauzetimMjestima","DisplayName":"TestIzuzetakPriSvimZauzetimMjestima","ExecutorUri":"executor://MSTestAdapter/v2","Source":"C:\\Users\\Korisnik\\Documents\\VVSzadaca2\\eParking\\Testovi za zadatak 1\\bin\\Debug\\fine-code-coverage\\Testovi za zadatak 1.dll","CodeFilePath":null,"LineNumber":-1,"Properties":[{"Key":{"Id":"MSTestDiscoverer.TestClassName","Label":"ClassName","Category":"","Description":"","Attributes":1,"ValueType":"System.String"},"Value":"Testovi_za_zadatak_1.UnitTestLokacija3"},{"Key":{"Id":"TestObject.Traits","Label":"Traits","Category":"","Description":"","Attributes":5,"ValueType":"System.Collections.Generic.KeyValuePair`2[[System.String],[System.String]][]"},"Value":[]}]},"Attachments":[],"Outcome":1,"ErrorMessage":null,"ErrorStackTrace":null,"DisplayName":null,"Messages":[],"ComputerName":null,"Duration":"00:00:00.0013888","StartTime":"2020-12-01T12:40:35.9627154+01:00","EndTime":"2020-12-01T12:40:35.9650026+01:00","Properties":[{"Key":{"Id":"ExecutionId","Label":"ExecutionId","Category":"","Description":"","Attributes":1,"ValueType":"System.Guid"},"Value":"00000000-0000-0000-0000-000000000000"},{"Key":{"Id":"ParentExecId","Label":"ParentExecId","Category":"","Description":"","Attributes":1,"ValueType":"System.Guid"},"Value":"00000000-0000-0000-0000-000000000000"},{"Key":{"Id":"InnerResultsCount","Label":"InnerResultsCount","Category":"","Description":"","Attributes":1,"ValueType":"System.Int32"},"Value":0}]},{"TestCase":{"Id":"6fe0f35f-1b6a-f8ef-aaf0-14fc928bcbbc","FullyQualifiedName":"Testovi_za_zadatak_1.UnitTestLokacija3.TestOslobodiZauzetoMjesto","DisplayName":"TestOslobodiZauzetoMjesto","ExecutorUri":"executor://MSTestAdapter/v2","Source":"C:\\Users\\Korisnik\\Documents\\VVSzadaca2\\eParking\\Testovi za zadatak 1\\bin\\Debug\\fine-code-coverage\\Testovi za zadatak 1.dll","CodeFilePath":null,"LineNumber":-1,"Properties":[{"Key":{"Id":"MSTestDiscoverer.TestClassName","Label":"ClassName","Category":"","Description":"","Attributes":1,"ValueType":"System.String"},"Value":"Testovi_za_zadatak_1.UnitTestLokacija3"},{"Key":{"Id":"TestObject.Traits","Label":"Traits","Category":"","Description":"","Attributes":5,"ValueType":"System.Collections.Generic.KeyValuePair`2[[System.String],[System.String]][]"},"Value":[]}]},"Attachments":[],"Outcome":1,"ErrorMessage":null,"ErrorStackTrace":null,"DisplayName":null,"Messages":[],"ComputerName":null,"Duration":"00:00:00.0005609","StartTime":"2020-12-01T12:40:35.9701693+01:00","EndTime":"2020-12-01T12:40:35.9709252+01:00","Properties":[{"Key":{"Id":"ExecutionId","Label":"ExecutionId","Category":"","Description":"","Attributes":1,"ValueType":"System.Guid"},"Value":"00000000-0000-0000-0000-000000000000"},{"Key":{"Id":"ParentExecId","Label":"ParentExecId","Category":"","Description":"","Attributes":1,"ValueType":"System.Guid"},"Value":"00000000-0000-0000-0000-000000000000"},{"Key":{"Id":"InnerResultsCount","Label":"InnerResultsCount","Category":"","Description":"","Attributes":1,"ValueType":"System.Int32"},"Value":0}]}],"TestRunStatistics":{"ExecutedTests":28,"Stats":{"Passed":28}},"ActiveTests":[{"Id":"b05f3e55-b4a3-9f33-70ae-081183b2919b","FullyQualifiedName":"Testovi_za_zadatak_1.UnitTestLokacija3.TestGetMetodeLokacija","DisplayName":"TestGetMetodeLokacija","ExecutorUri":"executor://MSTestAdapter/v2","Source":"C:\\Users\\Korisnik\\Documents\\VVSzadaca2\\eParking\\Testovi za zadatak 1\\bin\\Debug\\fine-code-coverage\\Testovi za zadatak 1.dll","CodeFilePath":null,"LineNumber":-1,"Properties":[{"Key":{"Id":"MSTestDiscoverer.TestClassName","Label":"ClassName","Category":"","Description":"","Attributes":1,"ValueType":"System.String"},"Value":"Testovi_za_zadatak_1.UnitTestLokacija3"},{"Key":{"Id":"TestObject.Traits","Label":"Traits","Category":"","Description":"","Attributes":5,"ValueType":"System.Collections.Generic.KeyValuePair`2[[System.String],[System.String]][]"},"Value":[]}]}]}}
TpTrace Verbose: 0 : 8420, 5, 2020/12/01, 12:40:35.977, 127298513961, testhost.dll, TestRunCache: OnNewTestResult: Notified the onCacheHit callback.
TpTrace Verbose: 0 : 8420, 5, 2020/12/01, 12:40:35.980, 127298551200, testhost.dll, TestExecutionRecorder.RecordEnd: test: Testovi_za_zadatak_1.UnitTestLokacija3.TestGetMetodeLokacija execution completed.
TpTrace Warning: 0 : 8420, 5, 2020/12/01, 12:40:35.981, 127298552955, testhost.dll, InProgressTests is null
TpTrace Verbose: 0 : 8420, 5, 2020/12/01, 12:40:35.983, 127298574195, testhost.dll, TestExecutionRecorder.RecordResult: Received result for test: Testovi_za_zadatak_1.UnitTestLokacija3.TestGetMetodeLokacija.
TpTrace Warning: 0 : 8420, 5, 2020/12/01, 12:40:35.983, 127298575976, testhost.dll, InProgressTests is null
TpTrace Warning: 0 : 8420, 5, 2020/12/01, 12:40:35.983, 127298577189, testhost.dll, TestRunCache: No test found corresponding to testResult 'TestGetMetodeLokacija  Passed' in inProgress list.
TpTrace Verbose: 0 : 8420, 5, 2020/12/01, 12:40:35.983, 127298578453, testhost.dll, TestExecutionRecorder.RecordStart: Starting test: Testovi_za_zadatak_1.UnitTestLokacija3.TestNeispravanFormatNaziva.
TpTrace Verbose: 0 : 8420, 5, 2020/12/01, 12:40:35.987, 127298619739, testhost.dll, TestExecutionRecorder.RecordEnd: test: Testovi_za_zadatak_1.UnitTestLokacija3.TestNeispravanFormatNaziva execution completed.
TpTrace Verbose: 0 : 8420, 5, 2020/12/01, 12:40:35.990, 127298646719, testhost.dll, TestExecutionRecorder.RecordResult: Received result for test: Testovi_za_zadatak_1.UnitTestLokacija3.TestNeispravanFormatNaziva.
TpTrace Warning: 0 : 8420, 5, 2020/12/01, 12:40:35.990, 127298649573, testhost.dll, InProgressTests is null
TpTrace Warning: 0 : 8420, 5, 2020/12/01, 12:40:35.990, 127298651540, testhost.dll, TestRunCache: No test found corresponding to testResult 'TestNeispravanFormatNaziva  Passed' in inProgress list.
TpTrace Verbose: 0 : 8420, 5, 2020/12/01, 12:40:35.991, 127298653602, testhost.dll, TestExecutionRecorder.RecordStart: Starting test: Testovi_za_zadatak_1.UnitTestLokacija3.TestNeispravanFormatCijene.
TpTrace Verbose: 0 : 8420, 5, 2020/12/01, 12:40:35.996, 127298702427, testhost.dll, TestExecutionRecorder.RecordEnd: test: Testovi_za_zadatak_1.UnitTestLokacija3.TestNeispravanFormatCijene execution completed.
TpTrace Verbose: 0 : 8420, 5, 2020/12/01, 12:40:35.997, 127298720299, testhost.dll, TestExecutionRecorder.RecordResult: Received result for test: Testovi_za_zadatak_1.UnitTestLokacija3.TestNeispravanFormatCijene.
TpTrace Warning: 0 : 8420, 5, 2020/12/01, 12:40:35.998, 127298723006, testhost.dll, InProgressTests is null
TpTrace Warning: 0 : 8420, 5, 2020/12/01, 12:40:35.998, 127298724998, testhost.dll, TestRunCache: No test found corresponding to testResult 'TestNeispravanFormatCijene  Passed' in inProgress list.
TpTrace Verbose: 0 : 8420, 5, 2020/12/01, 12:40:35.998, 127298727018, testhost.dll, TestExecutionRecorder.RecordStart: Starting test: Testovi_za_zadatak_1.UnitTestLokacija3.TestNeispravanFormatKapaciteta.
TpTrace Verbose: 0 : 8420, 5, 2020/12/01, 12:40:36.003, 127298780566, testhost.dll, TestExecutionRecorder.RecordEnd: test: Testovi_za_zadatak_1.UnitTestLokacija3.TestNeispravanFormatKapaciteta execution completed.
TpTrace Verbose: 0 : 8420, 5, 2020/12/01, 12:40:36.005, 127298800869, testhost.dll, TestExecutionRecorder.RecordResult: Received result for test: Testovi_za_zadatak_1.UnitTestLokacija3.TestNeispravanFormatKapaciteta.
TpTrace Warning: 0 : 8420, 5, 2020/12/01, 12:40:36.006, 127298803484, testhost.dll, InProgressTests is null
TpTrace Warning: 0 : 8420, 5, 2020/12/01, 12:40:36.006, 127298805394, testhost.dll, TestRunCache: No test found corresponding to testResult 'TestNeispravanFormatKapaciteta  Passed' in inProgress list.
TpTrace Verbose: 0 : 8420, 5, 2020/12/01, 12:40:36.006, 127298807494, testhost.dll, TestExecutionRecorder.RecordStart: Starting test: Testovi_za_zadatak_1.UnitTestLokacija3.TestKonstruktorSaIzuzetkom.
TpTrace Verbose: 0 : 8420, 5, 2020/12/01, 12:40:36.010, 127298846866, testhost.dll, TestExecutionRecorder.RecordEnd: test: Testovi_za_zadatak_1.UnitTestLokacija3.TestKonstruktorSaIzuzetkom execution completed.
TpTrace Verbose: 0 : 8420, 5, 2020/12/01, 12:40:36.012, 127298865539, testhost.dll, TestExecutionRecorder.RecordResult: Received result for test: Testovi_za_zadatak_1.UnitTestLokacija3.TestKonstruktorSaIzuzetkom.
TpTrace Warning: 0 : 8420, 5, 2020/12/01, 12:40:36.012, 127298868098, testhost.dll, InProgressTests is null
TpTrace Warning: 0 : 8420, 5, 2020/12/01, 12:40:36.012, 127298870097, testhost.dll, TestRunCache: No test found corresponding to testResult 'TestKonstruktorSaIzuzetkom  Passed' in inProgress list.
TpTrace Verbose: 0 : 8420, 5, 2020/12/01, 12:40:36.012, 127298872178, testhost.dll, TestExecutionRecorder.RecordStart: Starting test: Testovi_za_zadatak_1.UnitTestParking.TestUspjesneRezervacije.
TpTrace Verbose: 0 : 8420, 5, 2020/12/01, 12:40:36.018, 127298930131, testhost.dll, TestExecutionRecorder.RecordEnd: test: Testovi_za_zadatak_1.UnitTestParking.TestUspjesneRezervacije execution completed.
TpTrace Verbose: 0 : 8420, 5, 2020/12/01, 12:40:36.020, 127298946810, testhost.dll, TestExecutionRecorder.RecordResult: Received result for test: Testovi_za_zadatak_1.UnitTestParking.TestUspjesneRezervacije.
TpTrace Warning: 0 : 8420, 5, 2020/12/01, 12:40:36.020, 127298948521, testhost.dll, InProgressTests is null
TpTrace Warning: 0 : 8420, 5, 2020/12/01, 12:40:36.020, 127298949718, testhost.dll, TestRunCache: No test found corresponding to testResult 'TestUspjesneRezervacije  Passed' in inProgress list.
TpTrace Verbose: 0 : 8420, 5, 2020/12/01, 12:40:36.020, 127298950960, testhost.dll, TestExecutionRecorder.RecordStart: Starting test: Testovi_za_zadatak_1.UnitTestParking.TestRezervacijeKorisnikNijeClan.
TpTrace Verbose: 0 : 8420, 5, 2020/12/01, 12:40:36.023, 127298980311, testhost.dll, TestExecutionRecorder.RecordEnd: test: Testovi_za_zadatak_1.UnitTestParking.TestRezervacijeKorisnikNijeClan execution completed.
TpTrace Verbose: 0 : 8420, 5, 2020/12/01, 12:40:36.025, 127298996061, testhost.dll, TestExecutionRecorder.RecordResult: Received result for test: Testovi_za_zadatak_1.UnitTestParking.TestRezervacijeKorisnikNijeClan.
TpTrace Warning: 0 : 8420, 5, 2020/12/01, 12:40:36.025, 127298997732, testhost.dll, InProgressTests is null
TpTrace Warning: 0 : 8420, 5, 2020/12/01, 12:40:36.025, 127298998941, testhost.dll, TestRunCache: No test found corresponding to testResult 'TestRezervacijeKorisnikNijeClan  Passed' in inProgress list.
TpTrace Verbose: 0 : 8420, 5, 2020/12/01, 12:40:36.025, 127299000167, testhost.dll, TestExecutionRecorder.RecordStart: Starting test: Testovi_za_zadatak_1.UnitTestParking.TestRezervacijeKorisnikVecRezervisao.
TpTrace Verbose: 0 : 8420, 5, 2020/12/01, 12:40:36.029, 127299038076, testhost.dll, TestExecutionRecorder.RecordEnd: test: Testovi_za_zadatak_1.UnitTestParking.TestRezervacijeKorisnikVecRezervisao execution completed.
TpTrace Verbose: 0 : 8420, 5, 2020/12/01, 12:40:36.031, 127299054999, testhost.dll, TestExecutionRecorder.RecordResult: Received result for test: Testovi_za_zadatak_1.UnitTestParking.TestRezervacijeKorisnikVecRezervisao.
TpTrace Warning: 0 : 8420, 5, 2020/12/01, 12:40:36.031, 127299056713, testhost.dll, InProgressTests is null
TpTrace Warning: 0 : 8420, 5, 2020/12/01, 12:40:36.031, 127299057927, testhost.dll, TestRunCache: No test found corresponding to testResult 'TestRezervacijeKorisnikVecRezervisao  Passed' in inProgress list.
TpTrace Verbose: 0 : 8420, 5, 2020/12/01, 12:40:36.031, 127299059151, testhost.dll, TestExecutionRecorder.RecordStart: Starting test: Testovi_za_zadatak_1.UnitTestParking3.TestDodavanjeKorisnikaKojiNijelan.
TpTrace Verbose: 0 : 8420, 5, 2020/12/01, 12:40:36.035, 127299094544, testhost.dll, TestExecutionRecorder.RecordEnd: test: Testovi_za_zadatak_1.UnitTestParking3.TestDodavanjeKorisnikaKojiNijelan execution completed.
TpTrace Verbose: 0 : 8420, 5, 2020/12/01, 12:40:36.036, 127299111243, testhost.dll, TestExecutionRecorder.RecordResult: Received result for test: Testovi_za_zadatak_1.UnitTestParking3.TestDodavanjeKorisnikaKojiNijelan.
TpTrace Warning: 0 : 8420, 5, 2020/12/01, 12:40:36.037, 127299112977, testhost.dll, InProgressTests is null
TpTrace Warning: 0 : 8420, 5, 2020/12/01, 12:40:36.037, 127299114180, testhost.dll, TestRunCache: No test found corresponding to testResult 'TestDodavanjeKorisnikaKojiNijelan  Passed' in inProgress list.
TpTrace Verbose: 0 : 8420, 5, 2020/12/01, 12:40:36.037, 127299115412, testhost.dll, TestExecutionRecorder.RecordStart: Starting test: Testovi_za_zadatak_1.UnitTestParking3.TestRadSaLokacijomOpcija0.
TpTrace Information: 0 : 8420, 5, 2020/12/01, 12:40:36.037, 127299116527, testhost.dll, Sending test run statistics
TpTrace Verbose: 0 : 8420, 5, 2020/12/01, 12:40:36.039, 127299134435, testhost.dll, TestRequestHandler.SendData:  sending data from testhost: {"Version":2,"MessageType":"TestExecution.StatsChange","Payload":{"NewTestResults":[{"TestCase":{"Id":"b05f3e55-b4a3-9f33-70ae-081183b2919b","FullyQualifiedName":"Testovi_za_zadatak_1.UnitTestLokacija3.TestGetMetodeLokacija","DisplayName":"TestGetMetodeLokacija","ExecutorUri":"executor://MSTestAdapter/v2","Source":"C:\\Users\\Korisnik\\Documents\\VVSzadaca2\\eParking\\Testovi za zadatak 1\\bin\\Debug\\fine-code-coverage\\Testovi za zadatak 1.dll","CodeFilePath":null,"LineNumber":-1,"Properties":[{"Key":{"Id":"MSTestDiscoverer.TestClassName","Label":"ClassName","Category":"","Description":"","Attributes":1,"ValueType":"System.String"},"Value":"Testovi_za_zadatak_1.UnitTestLokacija3"},{"Key":{"Id":"TestObject.Traits","Label":"Traits","Category":"","Description":"","Attributes":5,"ValueType":"System.Collections.Generic.KeyValuePair`2[[System.String],[System.String]][]"},"Value":[]}]},"Attachments":[],"Outcome":1,"ErrorMessage":null,"ErrorStackTrace":null,"DisplayName":null,"Messages":[],"ComputerName":null,"Duration":"00:00:00.0014669","StartTime":"2020-12-01T12:40:35.9791353+01:00","EndTime":"2020-12-01T12:40:35.9808691+01:00","Properties":[{"Key":{"Id":"ExecutionId","Label":"ExecutionId","Category":"","Description":"","Attributes":1,"ValueType":"System.Guid"},"Value":"00000000-0000-0000-0000-000000000000"},{"Key":{"Id":"ParentExecId","Label":"ParentExecId","Category":"","Description":"","Attributes":1,"ValueType":"System.Guid"},"Value":"00000000-0000-0000-0000-000000000000"},{"Key":{"Id":"InnerResultsCount","Label":"InnerResultsCount","Category":"","Description":"","Attributes":1,"ValueType":"System.Int32"},"Value":0}]},{"TestCase":{"Id":"07845edc-5f68-46a2-4947-b8d120dd3cfe","FullyQualifiedName":"Testovi_za_zadatak_1.UnitTestLokacija3.TestNeispravanFormatNaziva","DisplayName":"TestNeispravanFormatNaziva","ExecutorUri":"executor://MSTestAdapter/v2","Source":"C:\\Users\\Korisnik\\Documents\\VVSzadaca2\\eParking\\Testovi za zadatak 1\\bin\\Debug\\fine-code-coverage\\Testovi za zadatak 1.dll","CodeFilePath":null,"LineNumber":-1,"Properties":[{"Key":{"Id":"MSTestDiscoverer.TestClassName","Label":"ClassName","Category":"","Description":"","Attributes":1,"ValueType":"System.String"},"Value":"Testovi_za_zadatak_1.UnitTestLokacija3"},{"Key":{"Id":"TestObject.Traits","Label":"Traits","Category":"","Description":"","Attributes":5,"ValueType":"System.Collections.Generic.KeyValuePair`2[[System.String],[System.String]][]"},"Value":[]}]},"Attachments":[],"Outcome":1,"ErrorMessage":null,"ErrorStackTrace":null,"DisplayName":null,"Messages":[],"ComputerName":null,"Duration":"00:00:00.0017507","StartTime":"2020-12-01T12:40:35.9855935+01:00","EndTime":"2020-12-01T12:40:35.9877136+01:00","Properties":[{"Key":{"Id":"ExecutionId","Label":"ExecutionId","Category":"","Description":"","Attributes":1,"ValueType":"System.Guid"},"Value":"00000000-0000-0000-0000-000000000000"},{"Key":{"Id":"ParentExecId","Label":"ParentExecId","Category":"","Description":"","Attributes":1,"ValueType":"System.Guid"},"Value":"00000000-0000-0000-0000-000000000000"},{"Key":{"Id":"InnerResultsCount","Label":"InnerResultsCount","Category":"","Description":"","Attributes":1,"ValueType":"System.Int32"},"Value":0}]},{"TestCase":{"Id":"3104dfa9-9cb5-27a8-d248-8602f259eef1","FullyQualifiedName":"Testovi_za_zadatak_1.UnitTestLokacija3.TestNeispravanFormatCijene","DisplayName":"TestNeispravanFormatCijene","ExecutorUri":"executor://MSTestAdapter/v2","Source":"C:\\Users\\Korisnik\\Documents\\VVSzadaca2\\eParking\\Testovi za zadatak 1\\bin\\Debug\\fine-code-coverage\\Testovi za zadatak 1.dll","CodeFilePath":null,"LineNumber":-1,"Properties":[{"Key":{"Id":"MSTestDiscoverer.TestClassName","Label":"ClassName","Category":"","Description":"","Attributes":1,"ValueType":"System.String"},"Value":"Testovi_za_zadatak_1.UnitTestLokacija3"},{"Key":{"Id":"TestObject.Traits","Label":"Traits","Category":"","Description":"","Attributes":5,"ValueType":"System.Collections.Generic.KeyValuePair`2[[System.String],[System.String]][]"},"Value":[]}]},"Attachments":[],"Outcome":1,"ErrorMessage":null,"ErrorStackTrace":null,"DisplayName":null,"Messages":[],"ComputerName":null,"Duration":"00:00:00.0019954","StartTime":"2020-12-01T12:40:35.993574+01:00","EndTime":"2020-12-01T12:40:35.9959905+01:00","Properties":[{"Key":{"Id":"ExecutionId","Label":"ExecutionId","Category":"","Description":"","Attributes":1,"ValueType":"System.Guid"},"Value":"00000000-0000-0000-0000-000000000000"},{"Key":{"Id":"ParentExecId","Label":"ParentExecId","Category":"","Description":"","Attributes":1,"ValueType":"System.Guid"},"Value":"00000000-0000-0000-0000-000000000000"},{"Key":{"Id":"InnerResultsCount","Label":"InnerResultsCount","Category":"","Description":"","Attributes":1,"ValueType":"System.Int32"},"Value":0}]},{"TestCase":{"Id":"492478c5-bf14-cb7c-5422-67c3a81ecd43","FullyQualifiedName":"Testovi_za_zadatak_1.UnitTestLokacija3.TestNeispravanFormatKapaciteta","DisplayName":"TestNeispravanFormatKapaciteta","ExecutorUri":"executor://MSTestAdapter/v2","Source":"C:\\Users\\Korisnik\\Documents\\VVSzadaca2\\eParking\\Testovi za zadatak 1\\bin\\Debug\\fine-code-coverage\\Testovi za zadatak 1.dll","CodeFilePath":null,"LineNumber":-1,"Properties":[{"Key":{"Id":"MSTestDiscoverer.TestClassName","Label":"ClassName","Category":"","Description":"","Attributes":1,"ValueType":"System.String"},"Value":"Testovi_za_zadatak_1.UnitTestLokacija3"},{"Key":{"Id":"TestObject.Traits","Label":"Traits","Category":"","Description":"","Attributes":5,"ValueType":"System.Collections.Generic.KeyValuePair`2[[System.String],[System.String]][]"},"Value":[]}]},"Attachments":[],"Outcome":1,"ErrorMessage":null,"ErrorStackTrace":null,"DisplayName":null,"Messages":[],"ComputerName":null,"Duration":"00:00:00.0017121","StartTime":"2020-12-01T12:40:36.000171+01:00","EndTime":"2020-12-01T12:40:36.0038005+01:00","Properties":[{"Key":{"Id":"ExecutionId","Label":"ExecutionId","Category":"","Description":"","Attributes":1,"ValueType":"System.Guid"},"Value":"00000000-0000-0000-0000-000000000000"},{"Key":{"Id":"ParentExecId","Label":"ParentExecId","Category":"","Description":"","Attributes":1,"ValueType":"System.Guid"},"Value":"00000000-0000-0000-0000-000000000000"},{"Key":{"Id":"InnerResultsCount","Label":"InnerResultsCount","Category":"","Description":"","Attributes":1,"ValueType":"System.Int32"},"Value":0}]},{"TestCase":{"Id":"725d5492-3992-ad8a-1aad-b8a51634a80b","FullyQualifiedName":"Testovi_za_zadatak_1.UnitTestLokacija3.TestKonstruktorSaIzuzetkom","DisplayName":"TestKonstruktorSaIzuzetkom","ExecutorUri":"executor://MSTestAdapter/v2","Source":"C:\\Users\\Korisnik\\Documents\\VVSzadaca2\\eParking\\Testovi za zadatak 1\\bin\\Debug\\fine-code-coverage\\Testovi za zadatak 1.dll","CodeFilePath":null,"LineNumber":-1,"Properties":[{"Key":{"Id":"MSTestDiscoverer.TestClassName","Label":"ClassName","Category":"","Description":"","Attributes":1,"ValueType":"System.String"},"Value":"Testovi_za_zadatak_1.UnitTestLokacija3"},{"Key":{"Id":"TestObject.Traits","Label":"Traits","Category":"","Description":"","Attributes":5,"ValueType":"System.Collections.Generic.KeyValuePair`2[[System.String],[System.String]][]"},"Value":[]}]},"Attachments":[],"Outcome":1,"ErrorMessage":null,"ErrorStackTrace":null,"DisplayName":null,"Messages":[],"ComputerName":null,"Duration":"00:00:00.0017230","StartTime":"2020-12-01T12:40:36.0083392+01:00","EndTime":"2020-12-01T12:40:36.0104344+01:00","Properties":[{"Key":{"Id":"ExecutionId","Label":"ExecutionId","Category":"","Description":"","Attributes":1,"ValueType":"System.Guid"},"Value":"00000000-0000-0000-0000-000000000000"},{"Key":{"Id":"ParentExecId","Label":"ParentExecId","Category":"","Description":"","Attributes":1,"ValueType":"System.Guid"},"Value":"00000000-0000-0000-0000-000000000000"},{"Key":{"Id":"InnerResultsCount","Label":"InnerResultsCount","Category":"","Description":"","Attributes":1,"ValueType":"System.Int32"},"Value":0}]},{"TestCase":{"Id":"0bac892f-0a3f-6144-bcb8-ba2b3969567e","FullyQualifiedName":"Testovi_za_zadatak_1.UnitTestParking.TestUspjesneRezervacije","DisplayName":"TestUspjesneRezervacije","ExecutorUri":"executor://MSTestAdapter/v2","Source":"C:\\Users\\Korisnik\\Documents\\VVSzadaca2\\eParking\\Testovi za zadatak 1\\bin\\Debug\\fine-code-coverage\\Testovi za zadatak 1.dll","CodeFilePath":null,"LineNumber":-1,"Properties":[{"Key":{"Id":"MSTestDiscoverer.TestClassName","Label":"ClassName","Category":"","Description":"","Attributes":1,"ValueType":"System.String"},"Value":"Testovi_za_zadatak_1.UnitTestParking"},{"Key":{"Id":"TestObject.Traits","Label":"Traits","Category":"","Description":"","Attributes":5,"ValueType":"System.Collections.Generic.KeyValuePair`2[[System.String],[System.String]][]"},"Value":[]}]},"Attachments":[],"Outcome":1,"ErrorMessage":null,"ErrorStackTrace":null,"DisplayName":null,"Messages":[],"ComputerName":null,"Duration":"00:00:00.0006659","StartTime":"2020-12-01T12:40:36.0147039+01:00","EndTime":"2020-12-01T12:40:36.018771+01:00","Properties":[{"Key":{"Id":"ExecutionId","Label":"ExecutionId","Category":"","Description":"","Attributes":1,"ValueType":"System.Guid"},"Value":"00000000-0000-0000-0000-000000000000"},{"Key":{"Id":"ParentExecId","Label":"ParentExecId","Category":"","Description":"","Attributes":1,"ValueType":"System.Guid"},"Value":"00000000-0000-0000-0000-000000000000"},{"Key":{"Id":"InnerResultsCount","Label":"InnerResultsCount","Category":"","Description":"","Attributes":1,"ValueType":"System.Int32"},"Value":0}]},{"TestCase":{"Id":"e937f6e7-1012-ddae-bbe5-8e9e3e17562b","FullyQualifiedName":"Testovi_za_zadatak_1.UnitTestParking.TestRezervacijeKorisnikNijeClan","DisplayName":"TestRezervacijeKorisnikNijeClan","ExecutorUri":"executor://MSTestAdapter/v2","Source":"C:\\Users\\Korisnik\\Documents\\VVSzadaca2\\eParking\\Testovi za zadatak 1\\bin\\Debug\\fine-code-coverage\\Testovi za zadatak 1.dll","CodeFilePath":null,"LineNumber":-1,"Properties":[{"Key":{"Id":"MSTestDiscoverer.TestClassName","Label":"ClassName","Category":"","Description":"","Attributes":1,"ValueType":"System.String"},"Value":"Testovi_za_zadatak_1.UnitTestParking"},{"Key":{"Id":"TestObject.Traits","Label":"Traits","Category":"","Description":"","Attributes":5,"ValueType":"System.Collections.Generic.KeyValuePair`2[[System.String],[System.String]][]"},"Value":[]}]},"Attachments":[],"Outcome":1,"ErrorMessage":null,"ErrorStackTrace":null,"DisplayName":null,"Messages":[],"ComputerName":null,"Duration":"00:00:00.0013039","StartTime":"2020-12-01T12:40:36.0222406+01:00","EndTime":"2020-12-01T12:40:36.023787+01:00","Properties":[{"Key":{"Id":"ExecutionId","Label":"ExecutionId","Category":"","Description":"","Attributes":1,"ValueType":"System.Guid"},"Value":"00000000-0000-0000-0000-000000000000"},{"Key":{"Id":"ParentExecId","Label":"ParentExecId","Category":"","Description":"","Attributes":1,"ValueType":"System.Guid"},"Value":"00000000-0000-0000-0000-000000000000"},{"Key":{"Id":"InnerResultsCount","Label":"InnerResultsCount","Category":"","Description":"","Attributes":1,"ValueType":"System.Int32"},"Value":0}]},{"TestCase":{"Id":"31a3e1a7-4a46-bcff-fffd-c17599d73a1d","FullyQualifiedName":"Testovi_za_zadatak_1.UnitTestParking.TestRezervacijeKorisnikVecRezervisao","DisplayName":"TestRezervacijeKorisnikVecRezervisao","ExecutorUri":"executor://MSTestAdapter/v2","Source":"C:\\Users\\Korisnik\\Documents\\VVSzadaca2\\eParking\\Testovi za zadatak 1\\bin\\Debug\\fine-code-coverage\\Testovi za zadatak 1.dll","CodeFilePath":null,"LineNumber":-1,"Properties":[{"Key":{"Id":"MSTestDiscoverer.TestClassName","Label":"ClassName","Category":"","Description":"","Attributes":1,"ValueType":"System.String"},"Value":"Testovi_za_zadatak_1.UnitTestParking"},{"Key":{"Id":"TestObject.Traits","Label":"Traits","Category":"","Description":"","Attributes":5,"ValueType":"System.Collections.Generic.KeyValuePair`2[[System.String],[System.String]][]"},"Value":[]}]},"Attachments":[],"Outcome":1,"ErrorMessage":null,"ErrorStackTrace":null,"DisplayName":null,"Messages":[],"ComputerName":null,"Duration":"00:00:00.0015003","StartTime":"2020-12-01T12:40:36.0277017+01:00","EndTime":"2020-12-01T12:40:36.0295622+01:00","Properties":[{"Key":{"Id":"ExecutionId","Label":"ExecutionId","Category":"","Description":"","Attributes":1,"ValueType":"System.Guid"},"Value":"00000000-0000-0000-0000-000000000000"},{"Key":{"Id":"ParentExecId","Label":"ParentExecId","Category":"","Description":"","Attributes":1,"ValueType":"System.Guid"},"Value":"00000000-0000-0000-0000-000000000000"},{"Key":{"Id":"InnerResultsCount","Label":"InnerResultsCount","Category":"","Description":"","Attributes":1,"ValueType":"System.Int32"},"Value":0}]},{"TestCase":{"Id":"7d1d08c8-71fc-30e1-7540-7f86408a41a9","FullyQualifiedName":"Testovi_za_zadatak_1.UnitTestParking3.TestDodavanjeKorisnikaKojiNijelan","DisplayName":"TestDodavanjeKorisnikaKojiNijelan","ExecutorUri":"executor://MSTestAdapter/v2","Source":"C:\\Users\\Korisnik\\Documents\\VVSzadaca2\\eParking\\Testovi za zadatak 1\\bin\\Debug\\fine-code-coverage\\Testovi za zadatak 1.dll","CodeFilePath":null,"LineNumber":-1,"Properties":[{"Key":{"Id":"MSTestDiscoverer.TestClassName","Label":"ClassName","Category":"","Description":"","Attributes":1,"ValueType":"System.String"},"Value":"Testovi_za_zadatak_1.UnitTestParking3"},{"Key":{"Id":"TestObject.Traits","Label":"Traits","Category":"","Description":"","Attributes":5,"ValueType":"System.Collections.Generic.KeyValuePair`2[[System.String],[System.String]][]"},"Value":[]}]},"Attachments":[],"Outcome":1,"ErrorMessage":null,"ErrorStackTrace":null,"DisplayName":null,"Messages":[],"ComputerName":null,"Duration":"00:00:00.0012706","StartTime":"2020-12-01T12:40:36.033061+01:00","EndTime":"2020-12-01T12:40:36.03521+01:00","Properties":[{"Key":{"Id":"ExecutionId","Label":"ExecutionId","Category":"","Description":"","Attributes":1,"ValueType":"System.Guid"},"Value":"00000000-0000-0000-0000-000000000000"},{"Key":{"Id":"ParentExecId","Label":"ParentExecId","Category":"","Description":"","Attributes":1,"ValueType":"System.Guid"},"Value":"00000000-0000-0000-0000-000000000000"},{"Key":{"Id":"InnerResultsCount","Label":"InnerResultsCount","Category":"","Description":"","Attributes":1,"ValueType":"System.Int32"},"Value":0}]}],"TestRunStatistics":{"ExecutedTests":37,"Stats":{"Passed":37}},"ActiveTests":[{"Id":"c32bff40-7978-f13e-e25e-33e092843576","FullyQualifiedName":"Testovi_za_zadatak_1.UnitTestParking3.TestRadSaLokacijomOpcija0","DisplayName":"TestRadSaLokacijomOpcija0","ExecutorUri":"executor://MSTestAdapter/v2","Source":"C:\\Users\\Korisnik\\Documents\\VVSzadaca2\\eParking\\Testovi za zadatak 1\\bin\\Debug\\fine-code-coverage\\Testovi za zadatak 1.dll","CodeFilePath":null,"LineNumber":-1,"Properties":[{"Key":{"Id":"MSTestDiscoverer.TestClassName","Label":"ClassName","Category":"","Description":"","Attributes":1,"ValueType":"System.String"},"Value":"Testovi_za_zadatak_1.UnitTestParking3"},{"Key":{"Id":"TestObject.Traits","Label":"Traits","Category":"","Description":"","Attributes":5,"ValueType":"System.Collections.Generic.KeyValuePair`2[[System.String],[System.String]][]"},"Value":[]}]}]}}
TpTrace Verbose: 0 : 8420, 5, 2020/12/01, 12:40:36.039, 127299140333, testhost.dll, TestRunCache: OnNewTestResult: Notified the onCacheHit callback.
TpTrace Verbose: 0 : 8420, 5, 2020/12/01, 12:40:36.043, 127299177983, testhost.dll, TestExecutionRecorder.RecordEnd: test: Testovi_za_zadatak_1.UnitTestParking3.TestRadSaLokacijomOpcija0 execution completed.
TpTrace Warning: 0 : 8420, 5, 2020/12/01, 12:40:36.043, 127299179591, testhost.dll, InProgressTests is null
TpTrace Verbose: 0 : 8420, 5, 2020/12/01, 12:40:36.045, 127299197527, testhost.dll, TestExecutionRecorder.RecordResult: Received result for test: Testovi_za_zadatak_1.UnitTestParking3.TestRadSaLokacijomOpcija0.
TpTrace Warning: 0 : 8420, 5, 2020/12/01, 12:40:36.045, 127299199796, testhost.dll, InProgressTests is null
TpTrace Warning: 0 : 8420, 5, 2020/12/01, 12:40:36.045, 127299201023, testhost.dll, TestRunCache: No test found corresponding to testResult 'TestRadSaLokacijomOpcija0  Passed' in inProgress list.
TpTrace Verbose: 0 : 8420, 5, 2020/12/01, 12:40:36.046, 127299202256, testhost.dll, TestExecutionRecorder.RecordStart: Starting test: Testovi_za_zadatak_1.UnitTestParking3.TestRadSaLokacijomOpcija1.
TpTrace Verbose: 0 : 8420, 5, 2020/12/01, 12:40:36.050, 127299243680, testhost.dll, TestExecutionRecorder.RecordEnd: test: Testovi_za_zadatak_1.UnitTestParking3.TestRadSaLokacijomOpcija1 execution completed.
TpTrace Verbose: 0 : 8420, 5, 2020/12/01, 12:40:36.051, 127299261585, testhost.dll, TestExecutionRecorder.RecordResult: Received result for test: Testovi_za_zadatak_1.UnitTestParking3.TestRadSaLokacijomOpcija1.
TpTrace Warning: 0 : 8420, 5, 2020/12/01, 12:40:36.052, 127299263945, testhost.dll, InProgressTests is null
TpTrace Warning: 0 : 8420, 5, 2020/12/01, 12:40:36.052, 127299265171, testhost.dll, TestRunCache: No test found corresponding to testResult 'TestRadSaLokacijomOpcija1  Passed' in inProgress list.
TpTrace Verbose: 0 : 8420, 5, 2020/12/01, 12:40:36.052, 127299266435, testhost.dll, TestExecutionRecorder.RecordStart: Starting test: Testovi_za_zadatak_1.UnitTestParking3.TestRadSaLokacijomOpcija2.
TpTrace Verbose: 0 : 8420, 5, 2020/12/01, 12:40:36.056, 127299303082, testhost.dll, TestExecutionRecorder.RecordEnd: test: Testovi_za_zadatak_1.UnitTestParking3.TestRadSaLokacijomOpcija2 execution completed.
TpTrace Verbose: 0 : 8420, 5, 2020/12/01, 12:40:36.058, 127299325195, testhost.dll, TestExecutionRecorder.RecordResult: Received result for test: Testovi_za_zadatak_1.UnitTestParking3.TestRadSaLokacijomOpcija2.
TpTrace Warning: 0 : 8420, 5, 2020/12/01, 12:40:36.058, 127299327120, testhost.dll, InProgressTests is null
TpTrace Warning: 0 : 8420, 5, 2020/12/01, 12:40:36.058, 127299328377, testhost.dll, TestRunCache: No test found corresponding to testResult 'TestRadSaLokacijomOpcija2  Passed' in inProgress list.
TpTrace Verbose: 0 : 8420, 5, 2020/12/01, 12:40:36.058, 127299329616, testhost.dll, TestExecutionRecorder.RecordStart: Starting test: Testovi_za_zadatak_1.UnitTestParking3.TestNeuspjesneRezervacije.
TpTrace Verbose: 0 : 8420, 5, 2020/12/01, 12:40:36.061, 127299361754, testhost.dll, TestExecutionRecorder.RecordEnd: test: Testovi_za_zadatak_1.UnitTestParking3.TestNeuspjesneRezervacije execution completed.
TpTrace Verbose: 0 : 8420, 5, 2020/12/01, 12:40:36.067, 127299415700, testhost.dll, TestExecutionRecorder.RecordResult: Received result for test: Testovi_za_zadatak_1.UnitTestParking3.TestNeuspjesneRezervacije.
TpTrace Warning: 0 : 8420, 5, 2020/12/01, 12:40:36.067, 127299418089, testhost.dll, InProgressTests is null
TpTrace Warning: 0 : 8420, 5, 2020/12/01, 12:40:36.067, 127299419419, testhost.dll, TestRunCache: No test found corresponding to testResult 'TestNeuspjesneRezervacije  Passed' in inProgress list.
TpTrace Verbose: 0 : 8420, 5, 2020/12/01, 12:40:36.067, 127299420712, testhost.dll, TestExecutionRecorder.RecordStart: Starting test: Testovi_za_zadatak_1.UnitTestParking3.TestLokacijaBezUlice.
TpTrace Verbose: 0 : 8420, 5, 2020/12/01, 12:40:36.071, 127299458760, testhost.dll, TestExecutionRecorder.RecordEnd: test: Testovi_za_zadatak_1.UnitTestParking3.TestLokacijaBezUlice execution completed.
TpTrace Verbose: 0 : 8420, 5, 2020/12/01, 12:40:36.073, 127299474506, testhost.dll, TestExecutionRecorder.RecordResult: Received result for test: Testovi_za_zadatak_1.UnitTestParking3.TestLokacijaBezUlice.
TpTrace Warning: 0 : 8420, 5, 2020/12/01, 12:40:36.073, 127299476190, testhost.dll, InProgressTests is null
TpTrace Warning: 0 : 8420, 5, 2020/12/01, 12:40:36.073, 127299477452, testhost.dll, TestRunCache: No test found corresponding to testResult 'TestLokacijaBezUlice  Passed' in inProgress list.
TpTrace Verbose: 0 : 8420, 5, 2020/12/01, 12:40:36.073, 127299478694, testhost.dll, TestExecutionRecorder.RecordStart: Starting test: Testovi_za_zadatak_1.UnitTestParking3.TestProracunTrenutneZarade.
TpTrace Information: 0 : 8420, 5, 2020/12/01, 12:40:36.078, 127299529672, testhost.dll, AssemblyResolver.OnResolve: Microsoft.VisualStudio.TestPlatform.MSTest.TestAdapter.resources: Resolving assembly.
TpTrace Information: 0 : 8420, 5, 2020/12/01, 12:40:36.079, 127299535732, testhost.dll, AssemblyResolver.OnResolve: Microsoft.VisualStudio.TestPlatform.MSTest.TestAdapter.resources: Failed to load assembly.
TpTrace Verbose: 0 : 8420, 5, 2020/12/01, 12:40:36.116, 127299910337, testhost.dll, TestExecutionRecorder.RecordEnd: test: Testovi_za_zadatak_1.UnitTestParking3.TestProracunTrenutneZarade execution completed.
TpTrace Verbose: 0 : 8420, 5, 2020/12/01, 12:40:36.118, 127299928684, testhost.dll, TestExecutionRecorder.RecordResult: Received result for test: Testovi_za_zadatak_1.UnitTestParking3.TestProracunTrenutneZarade.
TpTrace Warning: 0 : 8420, 5, 2020/12/01, 12:40:36.118, 127299930444, testhost.dll, InProgressTests is null
TpTrace Warning: 0 : 8420, 5, 2020/12/01, 12:40:36.119, 127299935633, testhost.dll, TestRunCache: No test found corresponding to testResult 'TestProracunTrenutneZarade  Failed
  Message: Test method Testovi_za_zadatak_1.UnitTestParking3.TestProracunTrenutneZarade threw exception: 
System.ArgumentNullException: Value cannot be null. (Parameter 'Svaka lokacija mora imati barem jednu ulicu!')
  StackTrace:
    at eParking.Parking.IzraunajTrenutnuZaradu() in C:\Users\User\source\repos\VVSzadaca2\eParking\eParking\Parking.cs:line 122
   at Testovi_za_zadatak_1.UnitTestParking3.TestProracunTrenutneZarade() in C:\Users\Korisnik\Documents\VVSzadaca2\eParking\Testovi za zadatak 1\UnitTestParking3.cs:line 127
' in inProgress list.
TpTrace Verbose: 0 : 8420, 5, 2020/12/01, 12:40:36.119, 127299937324, testhost.dll, TestExecutionRecorder.RecordStart: Starting test: Testovi_za_zadatak_1.UnitTestTransakcija.TestDajVrijemeDolaskaIzuzetak.
TpTrace Verbose: 0 : 8420, 5, 2020/12/01, 12:40:36.123, 127299977969, testhost.dll, TestExecutionRecorder.RecordEnd: test: Testovi_za_zadatak_1.UnitTestTransakcija.TestDajVrijemeDolaskaIzuzetak execution completed.
TpTrace Verbose: 0 : 8420, 5, 2020/12/01, 12:40:36.125, 127299994646, testhost.dll, TestExecutionRecorder.RecordResult: Received result for test: Testovi_za_zadatak_1.UnitTestTransakcija.TestDajVrijemeDolaskaIzuzetak.
TpTrace Warning: 0 : 8420, 5, 2020/12/01, 12:40:36.125, 127299996322, testhost.dll, InProgressTests is null
TpTrace Warning: 0 : 8420, 5, 2020/12/01, 12:40:36.125, 127299998175, testhost.dll, TestRunCache: No test found corresponding to testResult 'TestDajVrijemeDolaskaIzuzetak  Passed' in inProgress list.
TpTrace Verbose: 0 : 8420, 5, 2020/12/01, 12:40:36.125, 127299999727, testhost.dll, TestExecutionRecorder.RecordStart: Starting test: Testovi_za_zadatak_1.UnitTestVozilo.TestNeispravanFormatTablica.
TpTrace Verbose: 0 : 8420, 5, 2020/12/01, 12:40:36.130, 127300050854, testhost.dll, TestExecutionRecorder.RecordEnd: test: Testovi_za_zadatak_1.UnitTestVozilo.TestNeispravanFormatTablica execution completed.
TpTrace Verbose: 0 : 8420, 5, 2020/12/01, 12:40:36.134, 127300086191, testhost.dll, TestExecutionRecorder.RecordResult: Received result for test: Testovi_za_zadatak_1.UnitTestVozilo.TestNeispravanFormatTablica.
TpTrace Warning: 0 : 8420, 5, 2020/12/01, 12:40:36.134, 127300089144, testhost.dll, InProgressTests is null
TpTrace Warning: 0 : 8420, 5, 2020/12/01, 12:40:36.134, 127300091193, testhost.dll, TestRunCache: No test found corresponding to testResult 'TestNeispravanFormatTablica  Passed' in inProgress list.
TpTrace Verbose: 0 : 8420, 5, 2020/12/01, 12:40:36.135, 127300093378, testhost.dll, TestExecutionRecorder.RecordStart: Starting test: Testovi_za_zadatak_1.UnitTestVozilo.TestNepostojeaVrstaVozila.
TpTrace Verbose: 0 : 8420, 5, 2020/12/01, 12:40:36.140, 127300149447, testhost.dll, TestExecutionRecorder.RecordEnd: test: Testovi_za_zadatak_1.UnitTestVozilo.TestNepostojeaVrstaVozila execution completed.
TpTrace Verbose: 0 : 8420, 5, 2020/12/01, 12:40:36.142, 127300168205, testhost.dll, TestExecutionRecorder.RecordResult: Received result for test: Testovi_za_zadatak_1.UnitTestVozilo.TestNepostojeaVrstaVozila.
TpTrace Warning: 0 : 8420, 5, 2020/12/01, 12:40:36.142, 127300170254, testhost.dll, InProgressTests is null
TpTrace Warning: 0 : 8420, 5, 2020/12/01, 12:40:36.142, 127300171528, testhost.dll, TestRunCache: No test found corresponding to testResult 'TestNepostojeaVrstaVozila  Passed' in inProgress list.
TpTrace Verbose: 0 : 8420, 5, 2020/12/01, 12:40:36.143, 127300172801, testhost.dll, TestExecutionRecorder.RecordStart: Starting test: Testovi_za_zadatak_1.UnitTestVozilo.TestNeispravanFormatSjedita.
TpTrace Information: 0 : 8420, 5, 2020/12/01, 12:40:36.143, 127300173946, testhost.dll, Sending test run statistics
TpTrace Verbose: 0 : 8420, 5, 2020/12/01, 12:40:36.145, 127300192849, testhost.dll, TestRequestHandler.SendData:  sending data from testhost: {"Version":2,"MessageType":"TestExecution.StatsChange","Payload":{"NewTestResults":[{"TestCase":{"Id":"c32bff40-7978-f13e-e25e-33e092843576","FullyQualifiedName":"Testovi_za_zadatak_1.UnitTestParking3.TestRadSaLokacijomOpcija0","DisplayName":"TestRadSaLokacijomOpcija0","ExecutorUri":"executor://MSTestAdapter/v2","Source":"C:\\Users\\Korisnik\\Documents\\VVSzadaca2\\eParking\\Testovi za zadatak 1\\bin\\Debug\\fine-code-coverage\\Testovi za zadatak 1.dll","CodeFilePath":null,"LineNumber":-1,"Properties":[{"Key":{"Id":"MSTestDiscoverer.TestClassName","Label":"ClassName","Category":"","Description":"","Attributes":1,"ValueType":"System.String"},"Value":"Testovi_za_zadatak_1.UnitTestParking3"},{"Key":{"Id":"TestObject.Traits","Label":"Traits","Category":"","Description":"","Attributes":5,"ValueType":"System.Collections.Generic.KeyValuePair`2[[System.String],[System.String]][]"},"Value":[]}]},"Attachments":[],"Outcome":1,"ErrorMessage":null,"ErrorStackTrace":null,"DisplayName":null,"Messages":[],"ComputerName":null,"Duration":"00:00:00.0017798","StartTime":"2020-12-01T12:40:36.0414375+01:00","EndTime":"2020-12-01T12:40:36.0435493+01:00","Properties":[{"Key":{"Id":"ExecutionId","Label":"ExecutionId","Category":"","Description":"","Attributes":1,"ValueType":"System.Guid"},"Value":"00000000-0000-0000-0000-000000000000"},{"Key":{"Id":"ParentExecId","Label":"ParentExecId","Category":"","Description":"","Attributes":1,"ValueType":"System.Guid"},"Value":"00000000-0000-0000-0000-000000000000"},{"Key":{"Id":"InnerResultsCount","Label":"InnerResultsCount","Category":"","Description":"","Attributes":1,"ValueType":"System.Int32"},"Value":0}]},{"TestCase":{"Id":"04e6aa8b-9455-d935-aa99-ae450c1dfae9","FullyQualifiedName":"Testovi_za_zadatak_1.UnitTestParking3.TestRadSaLokacijomOpcija1","DisplayName":"TestRadSaLokacijomOpcija1","ExecutorUri":"executor://MSTestAdapter/v2","Source":"C:\\Users\\Korisnik\\Documents\\VVSzadaca2\\eParking\\Testovi za zadatak 1\\bin\\Debug\\fine-code-coverage\\Testovi za zadatak 1.dll","CodeFilePath":null,"LineNumber":-1,"Properties":[{"Key":{"Id":"MSTestDiscoverer.TestClassName","Label":"ClassName","Category":"","Description":"","Attributes":1,"ValueType":"System.String"},"Value":"Testovi_za_zadatak_1.UnitTestParking3"},{"Key":{"Id":"TestObject.Traits","Label":"Traits","Category":"","Description":"","Attributes":5,"ValueType":"System.Collections.Generic.KeyValuePair`2[[System.String],[System.String]][]"},"Value":[]}]},"Attachments":[],"Outcome":1,"ErrorMessage":null,"ErrorStackTrace":null,"DisplayName":null,"Messages":[],"ComputerName":null,"Duration":"00:00:00.0018991","StartTime":"2020-12-01T12:40:36.0479588+01:00","EndTime":"2020-12-01T12:40:36.0501183+01:00","Properties":[{"Key":{"Id":"ExecutionId","Label":"ExecutionId","Category":"","Description":"","Attributes":1,"ValueType":"System.Guid"},"Value":"00000000-0000-0000-0000-000000000000"},{"Key":{"Id":"ParentExecId","Label":"ParentExecId","Category":"","Description":"","Attributes":1,"ValueType":"System.Guid"},"Value":"00000000-0000-0000-0000-000000000000"},{"Key":{"Id":"InnerResultsCount","Label":"InnerResultsCount","Category":"","Description":"","Attributes":1,"ValueType":"System.Int32"},"Value":0}]},{"TestCase":{"Id":"4fd7d227-8ade-6881-5718-6eb5a97cc165","FullyQualifiedName":"Testovi_za_zadatak_1.UnitTestParking3.TestRadSaLokacijomOpcija2","DisplayName":"TestRadSaLokacijomOpcija2","ExecutorUri":"executor://MSTestAdapter/v2","Source":"C:\\Users\\Korisnik\\Documents\\VVSzadaca2\\eParking\\Testovi za zadatak 1\\bin\\Debug\\fine-code-coverage\\Testovi za zadatak 1.dll","CodeFilePath":null,"LineNumber":-1,"Properties":[{"Key":{"Id":"MSTestDiscoverer.TestClassName","Label":"ClassName","Category":"","Description":"","Attributes":1,"ValueType":"System.String"},"Value":"Testovi_za_zadatak_1.UnitTestParking3"},{"Key":{"Id":"TestObject.Traits","Label":"Traits","Category":"","Description":"","Attributes":5,"ValueType":"System.Collections.Generic.KeyValuePair`2[[System.String],[System.String]][]"},"Value":[]}]},"Attachments":[],"Outcome":1,"ErrorMessage":null,"ErrorStackTrace":null,"DisplayName":null,"Messages":[],"ComputerName":null,"Duration":"00:00:00.0017514","StartTime":"2020-12-01T12:40:36.0539816+01:00","EndTime":"2020-12-01T12:40:36.0560579+01:00","Properties":[{"Key":{"Id":"ExecutionId","Label":"ExecutionId","Category":"","Description":"","Attributes":1,"ValueType":"System.Guid"},"Value":"00000000-0000-0000-0000-000000000000"},{"Key":{"Id":"ParentExecId","Label":"ParentExecId","Category":"","Description":"","Attributes":1,"ValueType":"System.Guid"},"Value":"00000000-0000-0000-0000-000000000000"},{"Key":{"Id":"InnerResultsCount","Label":"InnerResultsCount","Category":"","Description":"","Attributes":1,"ValueType":"System.Int32"},"Value":0}]},{"TestCase":{"Id":"d4df1ed6-fcf8-74e9-5db4-567a5355f663","FullyQualifiedName":"Testovi_za_zadatak_1.UnitTestParking3.TestNeuspjesneRezervacije","DisplayName":"TestNeuspjesneRezervacije","ExecutorUri":"executor://MSTestAdapter/v2","Source":"C:\\Users\\Korisnik\\Documents\\VVSzadaca2\\eParking\\Testovi za zadatak 1\\bin\\Debug\\fine-code-coverage\\Testovi za zadatak 1.dll","CodeFilePath":null,"LineNumber":-1,"Properties":[{"Key":{"Id":"MSTestDiscoverer.TestClassName","Label":"ClassName","Category":"","Description":"","Attributes":1,"ValueType":"System.String"},"Value":"Testovi_za_zadatak_1.UnitTestParking3"},{"Key":{"Id":"TestObject.Traits","Label":"Traits","Category":"","Description":"","Attributes":5,"ValueType":"System.Collections.Generic.KeyValuePair`2[[System.String],[System.String]][]"},"Value":[]}]},"Attachments":[],"Outcome":1,"ErrorMessage":null,"ErrorStackTrace":null,"DisplayName":null,"Messages":[],"ComputerName":null,"Duration":"00:00:00.0014969","StartTime":"2020-12-01T12:40:36.0601856+01:00","EndTime":"2020-12-01T12:40:36.0619312+01:00","Properties":[{"Key":{"Id":"ExecutionId","Label":"ExecutionId","Category":"","Description":"","Attributes":1,"ValueType":"System.Guid"},"Value":"00000000-0000-0000-0000-000000000000"},{"Key":{"Id":"ParentExecId","Label":"ParentExecId","Category":"","Description":"","Attributes":1,"ValueType":"System.Guid"},"Value":"00000000-0000-0000-0000-000000000000"},{"Key":{"Id":"InnerResultsCount","Label":"InnerResultsCount","Category":"","Description":"","Attributes":1,"ValueType":"System.Int32"},"Value":0}]},{"TestCase":{"Id":"d22a683f-0114-dfb2-3e02-371ed9b6854f","FullyQualifiedName":"Testovi_za_zadatak_1.UnitTestParking3.TestLokacijaBezUlice","DisplayName":"TestLokacijaBezUlice","ExecutorUri":"executor://MSTestAdapter/v2","Source":"C:\\Users\\Korisnik\\Documents\\VVSzadaca2\\eParking\\Testovi za zadatak 1\\bin\\Debug\\fine-code-coverage\\Testovi za zadatak 1.dll","CodeFilePath":null,"LineNumber":-1,"Properties":[{"Key":{"Id":"MSTestDiscoverer.TestClassName","Label":"ClassName","Category":"","Description":"","Attributes":1,"ValueType":"System.String"},"Value":"Testovi_za_zadatak_1.UnitTestParking3"},{"Key":{"Id":"TestObject.Traits","Label":"Traits","Category":"","Description":"","Attributes":5,"ValueType":"System.Collections.Generic.KeyValuePair`2[[System.String],[System.String]][]"},"Value":[]}]},"Attachments":[],"Outcome":1,"ErrorMessage":null,"ErrorStackTrace":null,"DisplayName":null,"Messages":[],"ComputerName":null,"Duration":"00:00:00.0021391","StartTime":"2020-12-01T12:40:36.0692263+01:00","EndTime":"2020-12-01T12:40:36.0716317+01:00","Properties":[{"Key":{"Id":"ExecutionId","Label":"ExecutionId","Category":"","Description":"","Attributes":1,"ValueType":"System.Guid"},"Value":"00000000-0000-0000-0000-000000000000"},{"Key":{"Id":"ParentExecId","Label":"ParentExecId","Category":"","Description":"","Attributes":1,"ValueType":"System.Guid"},"Value":"00000000-0000-0000-0000-000000000000"},{"Key":{"Id":"InnerResultsCount","Label":"InnerResultsCount","Category":"","Description":"","Attributes":1,"ValueType":"System.Int32"},"Value":0}]},{"TestCase":{"Id":"874c3e1a-3a80-9e7a-77f2-a7bc3f5b8d1b","FullyQualifiedName":"Testovi_za_zadatak_1.UnitTestParking3.TestProracunTrenutneZarade","DisplayName":"TestProracunTrenutneZarade","ExecutorUri":"executor://MSTestAdapter/v2","Source":"C:\\Users\\Korisnik\\Documents\\VVSzadaca2\\eParking\\Testovi za zadatak 1\\bin\\Debug\\fine-code-coverage\\Testovi za zadatak 1.dll","CodeFilePath":null,"LineNumber":-1,"Properties":[{"Key":{"Id":"MSTestDiscoverer.TestClassName","Label":"ClassName","Category":"","Description":"","Attributes":1,"ValueType":"System.String"},"Value":"Testovi_za_zadatak_1.UnitTestParking3"},{"Key":{"Id":"TestObject.Traits","Label":"Traits","Category":"","Description":"","Attributes":5,"ValueType":"System.Collections.Generic.KeyValuePair`2[[System.String],[System.String]][]"},"Value":[]}]},"Attachments":[],"Outcome":2,"ErrorMessage":"Test method Testovi_za_zadatak_1.UnitTestParking3.TestProracunTrenutneZarade threw exception: \r\nSystem.ArgumentNullException: Value cannot be null. (Parameter 'Svaka lokacija mora imati barem jednu ulicu!')","ErrorStackTrace":"    at eParking.Parking.IzraunajTrenutnuZaradu() in C:\\Users\\User\\source\\repos\\VVSzadaca2\\eParking\\eParking\\Parking.cs:line 122\r\n   at Testovi_za_zadatak_1.UnitTestParking3.TestProracunTrenutneZarade() in C:\\Users\\Korisnik\\Documents\\VVSzadaca2\\eParking\\Testovi za zadatak 1\\UnitTestParking3.cs:line 127\r\n","DisplayName":null,"Messages":[],"ComputerName":null,"Duration":"00:00:00.0404864","StartTime":"2020-12-01T12:40:36.0750258+01:00","EndTime":"2020-12-01T12:40:36.1167808+01:00","Properties":[{"Key":{"Id":"ExecutionId","Label":"ExecutionId","Category":"","Description":"","Attributes":1,"ValueType":"System.Guid"},"Value":"00000000-0000-0000-0000-000000000000"},{"Key":{"Id":"ParentExecId","Label":"ParentExecId","Category":"","Description":"","Attributes":1,"ValueType":"System.Guid"},"Value":"00000000-0000-0000-0000-000000000000"},{"Key":{"Id":"InnerResultsCount","Label":"InnerResultsCount","Category":"","Description":"","Attributes":1,"ValueType":"System.Int32"},"Value":0}]},{"TestCase":{"Id":"285c8229-8d8e-61ce-4e73-b2899615f3ef","FullyQualifiedName":"Testovi_za_zadatak_1.UnitTestTransakcija.TestDajVrijemeDolaskaIzuzetak","DisplayName":"TestDajVrijemeDolaskaIzuzetak","ExecutorUri":"executor://MSTestAdapter/v2","Source":"C:\\Users\\Korisnik\\Documents\\VVSzadaca2\\eParking\\Testovi za zadatak 1\\bin\\Debug\\fine-code-coverage\\Testovi za zadatak 1.dll","CodeFilePath":null,"LineNumber":-1,"Properties":[{"Key":{"Id":"MSTestDiscoverer.TestClassName","Label":"ClassName","Category":"","Description":"","Attributes":1,"ValueType":"System.String"},"Value":"Testovi_za_zadatak_1.UnitTestTransakcija"},{"Key":{"Id":"TestObject.Traits","Label":"Traits","Category":"","Description":"","Attributes":5,"ValueType":"System.Collections.Generic.KeyValuePair`2[[System.String],[System.String]][]"},"Value":[]}]},"Attachments":[],"Outcome":1,"ErrorMessage":null,"ErrorStackTrace":null,"DisplayName":null,"Messages":[],"ComputerName":null,"Duration":"00:00:00.0018287","StartTime":"2020-12-01T12:40:36.1210337+01:00","EndTime":"2020-12-01T12:40:36.1235511+01:00","Properties":[{"Key":{"Id":"ExecutionId","Label":"ExecutionId","Category":"","Description":"","Attributes":1,"ValueType":"System.Guid"},"Value":"00000000-0000-0000-0000-000000000000"},{"Key":{"Id":"ParentExecId","Label":"ParentExecId","Category":"","Description":"","Attributes":1,"ValueType":"System.Guid"},"Value":"00000000-0000-0000-0000-000000000000"},{"Key":{"Id":"InnerResultsCount","Label":"InnerResultsCount","Category":"","Description":"","Attributes":1,"ValueType":"System.Int32"},"Value":0}]},{"TestCase":{"Id":"a2e7b4d6-bec0-f5bd-2c36-ec0658352fce","FullyQualifiedName":"Testovi_za_zadatak_1.UnitTestVozilo.TestNeispravanFormatTablica","DisplayName":"TestNeispravanFormatTablica","ExecutorUri":"executor://MSTestAdapter/v2","Source":"C:\\Users\\Korisnik\\Documents\\VVSzadaca2\\eParking\\Testovi za zadatak 1\\bin\\Debug\\fine-code-coverage\\Testovi za zadatak 1.dll","CodeFilePath":null,"LineNumber":-1,"Properties":[{"Key":{"Id":"MSTestDiscoverer.TestClassName","Label":"ClassName","Category":"","Description":"","Attributes":1,"ValueType":"System.String"},"Value":"Testovi_za_zadatak_1.UnitTestVozilo"},{"Key":{"Id":"TestObject.Traits","Label":"Traits","Category":"","Description":"","Attributes":5,"ValueType":"System.Collections.Generic.KeyValuePair`2[[System.String],[System.String]][]"},"Value":[]}]},"Attachments":[],"Outcome":1,"ErrorMessage":null,"ErrorStackTrace":null,"DisplayName":null,"Messages":[],"ComputerName":null,"Duration":"00:00:00.0018200","StartTime":"2020-12-01T12:40:36.1278925+01:00","EndTime":"2020-12-01T12:40:36.1308176+01:00","Properties":[{"Key":{"Id":"ExecutionId","Label":"ExecutionId","Category":"","Description":"","Attributes":1,"ValueType":"System.Guid"},"Value":"00000000-0000-0000-0000-000000000000"},{"Key":{"Id":"ParentExecId","Label":"ParentExecId","Category":"","Description":"","Attributes":1,"ValueType":"System.Guid"},"Value":"00000000-0000-0000-0000-000000000000"},{"Key":{"Id":"InnerResultsCount","Label":"InnerResultsCount","Category":"","Description":"","Attributes":1,"ValueType":"System.Int32"},"Value":0}]},{"TestCase":{"Id":"0c8ffaef-801a-8a51-fb0a-e1fce1c92bb3","FullyQualifiedName":"Testovi_za_zadatak_1.UnitTestVozilo.TestNepostojeaVrstaVozila","DisplayName":"TestNepostojeaVrstaVozila","ExecutorUri":"executor://MSTestAdapter/v2","Source":"C:\\Users\\Korisnik\\Documents\\VVSzadaca2\\eParking\\Testovi za zadatak 1\\bin\\Debug\\fine-code-coverage\\Testovi za zadatak 1.dll","CodeFilePath":null,"LineNumber":-1,"Properties":[{"Key":{"Id":"MSTestDiscoverer.TestClassName","Label":"ClassName","Category":"","Description":"","Attributes":1,"ValueType":"System.String"},"Value":"Testovi_za_zadatak_1.UnitTestVozilo"},{"Key":{"Id":"TestObject.Traits","Label":"Traits","Category":"","Description":"","Attributes":5,"ValueType":"System.Collections.Generic.KeyValuePair`2[[System.String],[System.String]][]"},"Value":[]}]},"Attachments":[],"Outcome":1,"ErrorMessage":null,"ErrorStackTrace":null,"DisplayName":null,"Messages":[],"ComputerName":null,"Duration":"00:00:00.0021623","StartTime":"2020-12-01T12:40:36.1380743+01:00","EndTime":"2020-12-01T12:40:36.1406878+01:00","Properties":[{"Key":{"Id":"ExecutionId","Label":"ExecutionId","Category":"","Description":"","Attributes":1,"ValueType":"System.Guid"},"Value":"00000000-0000-0000-0000-000000000000"},{"Key":{"Id":"ParentExecId","Label":"ParentExecId","Category":"","Description":"","Attributes":1,"ValueType":"System.Guid"},"Value":"00000000-0000-0000-0000-000000000000"},{"Key":{"Id":"InnerResultsCount","Label":"InnerResultsCount","Category":"","Description":"","Attributes":1,"ValueType":"System.Int32"},"Value":0}]}],"TestRunStatistics":{"ExecutedTests":46,"Stats":{"Passed":45,"Failed":1}},"ActiveTests":[{"Id":"9c1e6d53-5c3f-643c-a37d-5da038903104","FullyQualifiedName":"Testovi_za_zadatak_1.UnitTestVozilo.TestNeispravanFormatSjedita","DisplayName":"TestNeispravanFormatSjedita","ExecutorUri":"executor://MSTestAdapter/v2","Source":"C:\\Users\\Korisnik\\Documents\\VVSzadaca2\\eParking\\Testovi za zadatak 1\\bin\\Debug\\fine-code-coverage\\Testovi za zadatak 1.dll","CodeFilePath":null,"LineNumber":-1,"Properties":[{"Key":{"Id":"MSTestDiscoverer.TestClassName","Label":"ClassName","Category":"","Description":"","Attributes":1,"ValueType":"System.String"},"Value":"Testovi_za_zadatak_1.UnitTestVozilo"},{"Key":{"Id":"TestObject.Traits","Label":"Traits","Category":"","Description":"","Attributes":5,"ValueType":"System.Collections.Generic.KeyValuePair`2[[System.String],[System.String]][]"},"Value":[]}]}]}}
TpTrace Verbose: 0 : 8420, 5, 2020/12/01, 12:40:36.145, 127300199865, testhost.dll, TestRunCache: OnNewTestResult: Notified the onCacheHit callback.
TpTrace Verbose: 0 : 8420, 5, 2020/12/01, 12:40:36.149, 127300236542, testhost.dll, TestExecutionRecorder.RecordEnd: test: Testovi_za_zadatak_1.UnitTestVozilo.TestNeispravanFormatSjedita execution completed.
TpTrace Warning: 0 : 8420, 5, 2020/12/01, 12:40:36.149, 127300238875, testhost.dll, InProgressTests is null
TpTrace Verbose: 0 : 8420, 5, 2020/12/01, 12:40:36.151, 127300257543, testhost.dll, TestExecutionRecorder.RecordResult: Received result for test: Testovi_za_zadatak_1.UnitTestVozilo.TestNeispravanFormatSjedita.
TpTrace Warning: 0 : 8420, 5, 2020/12/01, 12:40:36.151, 127300260032, testhost.dll, InProgressTests is null
TpTrace Warning: 0 : 8420, 5, 2020/12/01, 12:40:36.151, 127300261937, testhost.dll, TestRunCache: No test found corresponding to testResult 'TestNeispravanFormatSjedita  Passed' in inProgress list.
TpTrace Verbose: 0 : 8420, 5, 2020/12/01, 12:40:36.152, 127300263923, testhost.dll, TestExecutionRecorder.RecordStart: Starting test: Testovi_za_zadatak_1.UnitTestVozilo.TestGetMetode.
TpTrace Verbose: 0 : 8420, 5, 2020/12/01, 12:40:36.155, 127300294381, testhost.dll, TestExecutionRecorder.RecordEnd: test: Testovi_za_zadatak_1.UnitTestVozilo.TestGetMetode execution completed.
TpTrace Verbose: 0 : 8420, 5, 2020/12/01, 12:40:36.159, 127300332415, testhost.dll, TestExecutionRecorder.RecordResult: Received result for test: Testovi_za_zadatak_1.UnitTestVozilo.TestGetMetode.
TpTrace Warning: 0 : 8420, 5, 2020/12/01, 12:40:36.159, 127300335181, testhost.dll, InProgressTests is null
TpTrace Warning: 0 : 8420, 5, 2020/12/01, 12:40:36.159, 127300336951, testhost.dll, TestRunCache: No test found corresponding to testResult 'TestGetMetode  Passed' in inProgress list.
TpTrace Verbose: 0 : 8420, 5, 2020/12/01, 12:40:36.162, 127300370871, testhost.dll, BaseRunTests.RunTestInternalWithExecutors: Completed running tests for executor://MSTestAdapter/v2
TpTrace Information: 0 : 8420, 5, 2020/12/01, 12:40:36.167, 127300421086, testhost.dll, Sending test run complete
TpTrace Verbose: 0 : 8420, 5, 2020/12/01, 12:40:36.184, 127300587580, testhost.dll, TestRequestHandler.SendData:  sending data from testhost: {"Version":2,"MessageType":"TestExecution.Completed","Payload":{"TestRunCompleteArgs":{"TestRunStatistics":{"ExecutedTests":48,"Stats":{"Passed":47,"Failed":1}},"IsCanceled":false,"IsAborted":false,"Error":null,"AttachmentSets":[],"ElapsedTimeInRunningTests":"00:00:00.8753446","Metrics":{}},"LastRunTests":{"NewTestResults":[{"TestCase":{"Id":"9c1e6d53-5c3f-643c-a37d-5da038903104","FullyQualifiedName":"Testovi_za_zadatak_1.UnitTestVozilo.TestNeispravanFormatSjedita","DisplayName":"TestNeispravanFormatSjedita","ExecutorUri":"executor://MSTestAdapter/v2","Source":"C:\\Users\\Korisnik\\Documents\\VVSzadaca2\\eParking\\Testovi za zadatak 1\\bin\\Debug\\fine-code-coverage\\Testovi za zadatak 1.dll","CodeFilePath":null,"LineNumber":-1,"Properties":[{"Key":{"Id":"MSTestDiscoverer.TestClassName","Label":"ClassName","Category":"","Description":"","Attributes":1,"ValueType":"System.String"},"Value":"Testovi_za_zadatak_1.UnitTestVozilo"},{"Key":{"Id":"TestObject.Traits","Label":"Traits","Category":"","Description":"","Attributes":5,"ValueType":"System.Collections.Generic.KeyValuePair`2[[System.String],[System.String]][]"},"Value":[]}]},"Attachments":[],"Outcome":1,"ErrorMessage":null,"ErrorStackTrace":null,"DisplayName":null,"Messages":[],"ComputerName":null,"Duration":"00:00:00.0016740","StartTime":"2020-12-01T12:40:36.1473413+01:00","EndTime":"2020-12-01T12:40:36.1494005+01:00","Properties":[{"Key":{"Id":"ExecutionId","Label":"ExecutionId","Category":"","Description":"","Attributes":1,"ValueType":"System.Guid"},"Value":"00000000-0000-0000-0000-000000000000"},{"Key":{"Id":"ParentExecId","Label":"ParentExecId","Category":"","Description":"","Attributes":1,"ValueType":"System.Guid"},"Value":"00000000-0000-0000-0000-000000000000"},{"Key":{"Id":"InnerResultsCount","Label":"InnerResultsCount","Category":"","Description":"","Attributes":1,"ValueType":"System.Int32"},"Value":0}]},{"TestCase":{"Id":"811e073f-346d-d214-af53-9bc836c2cf80","FullyQualifiedName":"Testovi_za_zadatak_1.UnitTestVozilo.TestGetMetode","DisplayName":"TestGetMetode","ExecutorUri":"executor://MSTestAdapter/v2","Source":"C:\\Users\\Korisnik\\Documents\\VVSzadaca2\\eParking\\Testovi za zadatak 1\\bin\\Debug\\fine-code-coverage\\Testovi za zadatak 1.dll","CodeFilePath":null,"LineNumber":-1,"Properties":[{"Key":{"Id":"MSTestDiscoverer.TestClassName","Label":"ClassName","Category":"","Description":"","Attributes":1,"ValueType":"System.String"},"Value":"Testovi_za_zadatak_1.UnitTestVozilo"},{"Key":{"Id":"TestObject.Traits","Label":"Traits","Category":"","Description":"","Attributes":5,"ValueType":"System.Collections.Generic.KeyValuePair`2[[System.String],[System.String]][]"},"Value":[]}]},"Attachments":[],"Outcome":1,"ErrorMessage":null,"ErrorStackTrace":null,"DisplayName":null,"Messages":[],"ComputerName":null,"Duration":"00:00:00.0010184","StartTime":"2020-12-01T12:40:36.1538849+01:00","EndTime":"2020-12-01T12:40:36.1551804+01:00","Properties":[{"Key":{"Id":"ExecutionId","Label":"ExecutionId","Category":"","Description":"","Attributes":1,"ValueType":"System.Guid"},"Value":"00000000-0000-0000-0000-000000000000"},{"Key":{"Id":"ParentExecId","Label":"ParentExecId","Category":"","Description":"","Attributes":1,"ValueType":"System.Guid"},"Value":"00000000-0000-0000-0000-000000000000"},{"Key":{"Id":"InnerResultsCount","Label":"InnerResultsCount","Category":"","Description":"","Attributes":1,"ValueType":"System.Int32"},"Value":0}]}],"TestRunStatistics":{"ExecutedTests":48,"Stats":{"Passed":47,"Failed":1}},"ActiveTests":[]},"RunAttachments":[],"ExecutorUris":["executor://mstestadapter/v2"]}}
TpTrace Verbose: 0 : 8420, 5, 2020/12/01, 12:40:36.185, 127300594350, testhost.dll, BaseRunTests.RunTests: Run is complete.
TpTrace Verbose: 0 : 8420, 9, 2020/12/01, 12:40:36.186, 127300603578, testhost.dll, TcpClientExtensions.MessageLoopAsync: NotifyDataAvailable remoteEndPoint: [::ffff:127.0.0.1]:51332 localEndPoint: [::ffff:127.0.0.1]:51333
TpTrace Information: 0 : 8420, 9, 2020/12/01, 12:40:36.186, 127300605901, testhost.dll, TestRequestHandler.ProcessRequests: received message: (TestSession.Terminate) -> null
TpTrace Information: 0 : 8420, 9, 2020/12/01, 12:40:36.186, 127300607140, testhost.dll, Session End message received from server. Closing the connection.
TpTrace Information: 0 : 8420, 9, 2020/12/01, 12:40:36.187, 127300614247, testhost.dll, SocketClient.Stop: Stop communication from server endpoint: 127.0.0.1:051332
TpTrace Information: 0 : 8420, 9, 2020/12/01, 12:40:36.187, 127300615758, testhost.dll, SocketClient: Stop: Cancellation requested. Stopping message loop.
TpTrace Verbose: 0 : 8420, 9, 2020/12/01, 12:40:36.188, 127300623604, testhost.dll, LengthPrefixCommunicationChannel.Dispose: Dispose reader and writer.
TpTrace Information: 0 : 8420, 9, 2020/12/01, 12:40:36.188, 127300625347, testhost.dll, Closing the connection !
TpTrace Information: 0 : 8420, 1, 2020/12/01, 12:40:36.188, 127300625933, testhost.dll, Closing the connection !
TpTrace Information: 0 : 8420, 1, 2020/12/01, 12:40:36.188, 127300628483, testhost.dll, SocketClient.Stop: Stop communication from server endpoint: 127.0.0.1:051332
TpTrace Information: 0 : 8420, 1, 2020/12/01, 12:40:36.188, 127300629819, testhost.dll, SocketClient: Stop: Cancellation requested. Stopping message loop.
TpTrace Information: 0 : 8420, 9, 2020/12/01, 12:40:36.188, 127300630606, testhost.dll, SocketClient.PrivateStop: Stop communication from server endpoint: 127.0.0.1:051332, error:
TpTrace Verbose: 0 : 8420, 1, 2020/12/01, 12:40:36.188, 127300631571, testhost.dll, LengthPrefixCommunicationChannel.Dispose: Dispose reader and writer.
TpTrace Verbose: 0 : 8420, 9, 2020/12/01, 12:40:36.189, 127300634051, testhost.dll, LengthPrefixCommunicationChannel.Dispose: Dispose reader and writer.
TpTrace Information: 0 : 8420, 1, 2020/12/01, 12:40:36.189, 127300635600, testhost.dll, Testhost process exiting.
TpTrace Verbose: 0 : 8420, 9, 2020/12/01, 12:40:36.189, 127300635647, testhost.dll, TcpClientExtensions.MessageLoopAsync: exiting MessageLoopAsync remoteEndPoint: [::ffff:127.0.0.1]:51332 localEndPoint: [::ffff:127.0.0.1]:51333
