TpTrace Verbose: 0 : 4744, 1, 2020/11/30, 21:27:16.883, 1945224671940, vstest.console.dll, Version: 16.8.0-release-20201022-02
TpTrace Information: 0 : 4744, 1, 2020/11/30, 21:27:16.907, 1945224837291, vstest.console.dll, FilePatternParser: The given file C:\Users\berin\source\repos\VVSzadaca2\eParking\Testovi za zadatak 1\bin\Debug\fine-code-coverage\Testovi za zadatak 1.dll is a full path.
TpTrace Verbose: 0 : 4744, 1, 2020/11/30, 21:27:16.921, 1945224982386, vstest.console.dll, TestPluginCache.DiscoverTestExtensions: finding test extensions in assemblies ends with: RuntimeProvider.dll TPluginInfo: Microsoft.VisualStudio.TestPlatform.Common.ExtensionFramework.Utilities.TestRuntimePluginInformation TExtension: Microsoft.VisualStudio.TestPlatform.ObjectModel.Host.ITestRuntimeProvider
TpTrace Verbose: 0 : 4744, 1, 2020/11/30, 21:27:16.926, 1945225035571, vstest.console.dll, TestPluginCache.GetExtensionPaths: Filtered extension paths: 
TpTrace Verbose: 0 : 4744, 1, 2020/11/30, 21:27:16.927, 1945225041586, vstest.console.dll, TestPluginCache.GetExtensionPaths: Added default extension paths: C:\Program Files\dotnet\sdk\5.0.100\Extensions\Microsoft.Diagnostics.NETCore.Client.dll
C:\Program Files\dotnet\sdk\5.0.100\Extensions\Microsoft.TestPlatform.Extensions.BlameDataCollector.dll
C:\Program Files\dotnet\sdk\5.0.100\Extensions\Microsoft.TestPlatform.Extensions.EventLogCollector.dll
C:\Program Files\dotnet\sdk\5.0.100\Extensions\Microsoft.TestPlatform.TestHostRuntimeProvider.dll
C:\Program Files\dotnet\sdk\5.0.100\Extensions\Microsoft.VisualStudio.TestPlatform.Extensions.Html.TestLogger.dll
C:\Program Files\dotnet\sdk\5.0.100\Extensions\Microsoft.VisualStudio.TestPlatform.Extensions.Trx.TestLogger.dll
TpTrace Verbose: 0 : 4744, 1, 2020/11/30, 21:27:16.927, 1945225045209, vstest.console.dll, TestPluginCache.GetExtensionPaths: Added unfilterableExtensionPaths: 
TpTrace Information: 0 : 4744, 1, 2020/11/30, 21:27:16.929, 1945225065136, vstest.console.dll, AssemblyResolver.ctor: Creating AssemblyResolver with searchDirectories C:\Program Files\dotnet\sdk\5.0.100\Extensions,C:\Program Files\dotnet\sdk\5.0.100
TpTrace Verbose: 0 : 4744, 1, 2020/11/30, 21:27:16.932, 1945225091828, vstest.console.dll, TestPluginCache.DiscoverTestExtensions: Discovering the extensions using extension path.
TpTrace Verbose: 0 : 4744, 1, 2020/11/30, 21:27:16.933, 1945225097104, vstest.console.dll, TestPluginCache.GetExtensionPaths: Filtered extension paths: 
TpTrace Verbose: 0 : 4744, 1, 2020/11/30, 21:27:16.933, 1945225100761, vstest.console.dll, TestPluginCache.GetExtensionPaths: Added default extension paths: C:\Program Files\dotnet\sdk\5.0.100\Extensions\Microsoft.Diagnostics.NETCore.Client.dll
C:\Program Files\dotnet\sdk\5.0.100\Extensions\Microsoft.TestPlatform.Extensions.BlameDataCollector.dll
C:\Program Files\dotnet\sdk\5.0.100\Extensions\Microsoft.TestPlatform.Extensions.EventLogCollector.dll
C:\Program Files\dotnet\sdk\5.0.100\Extensions\Microsoft.TestPlatform.TestHostRuntimeProvider.dll
C:\Program Files\dotnet\sdk\5.0.100\Extensions\Microsoft.VisualStudio.TestPlatform.Extensions.Html.TestLogger.dll
C:\Program Files\dotnet\sdk\5.0.100\Extensions\Microsoft.VisualStudio.TestPlatform.Extensions.Trx.TestLogger.dll
TpTrace Verbose: 0 : 4744, 1, 2020/11/30, 21:27:16.933, 1945225104328, vstest.console.dll, TestPluginCache.GetExtensionPaths: Added unfilterableExtensionPaths: 
TpTrace Verbose: 0 : 4744, 1, 2020/11/30, 21:27:16.934, 1945225108498, vstest.console.dll, TestPluginCache.DiscoverTestExtensions: Discovering the extensions using allExtensionPaths: C:\Program Files\dotnet\sdk\5.0.100\Extensions\Microsoft.Diagnostics.NETCore.Client.dll
C:\Program Files\dotnet\sdk\5.0.100\Extensions\Microsoft.TestPlatform.Extensions.BlameDataCollector.dll
C:\Program Files\dotnet\sdk\5.0.100\Extensions\Microsoft.TestPlatform.Extensions.EventLogCollector.dll
C:\Program Files\dotnet\sdk\5.0.100\Extensions\Microsoft.TestPlatform.TestHostRuntimeProvider.dll
C:\Program Files\dotnet\sdk\5.0.100\Extensions\Microsoft.VisualStudio.TestPlatform.Extensions.Html.TestLogger.dll
C:\Program Files\dotnet\sdk\5.0.100\Extensions\Microsoft.VisualStudio.TestPlatform.Extensions.Trx.TestLogger.dll
TpTrace Information: 0 : 4744, 1, 2020/11/30, 21:27:16.934, 1945225114550, vstest.console.dll, AssemblyResolver.AddSearchDirectories: Adding more searchDirectories C:\Program Files\dotnet\sdk\5.0.100\Extensions,C:\Program Files\dotnet\sdk\5.0.100
TpTrace Information: 0 : 4744, 1, 2020/11/30, 21:27:16.935, 1945225119026, vstest.console.dll, AssemblyResolver.AddSearchDirectories: Adding more searchDirectories C:\Program Files\dotnet\sdk\5.0.100\Extensions,C:\Program Files\dotnet\sdk\5.0.100
TpTrace Information: 0 : 4744, 1, 2020/11/30, 21:27:16.935, 1945225122617, vstest.console.dll, AssemblyResolver.AddSearchDirectories: Adding more searchDirectories C:\Program Files\dotnet\sdk\5.0.100\Extensions,C:\Program Files\dotnet\sdk\5.0.100
TpTrace Information: 0 : 4744, 1, 2020/11/30, 21:27:16.936, 1945225126109, vstest.console.dll, AssemblyResolver.AddSearchDirectories: Adding more searchDirectories C:\Program Files\dotnet\sdk\5.0.100\Extensions,C:\Program Files\dotnet\sdk\5.0.100
TpTrace Information: 0 : 4744, 1, 2020/11/30, 21:27:16.936, 1945225129532, vstest.console.dll, AssemblyResolver.AddSearchDirectories: Adding more searchDirectories C:\Program Files\dotnet\sdk\5.0.100\Extensions,C:\Program Files\dotnet\sdk\5.0.100
TpTrace Information: 0 : 4744, 1, 2020/11/30, 21:27:16.936, 1945225132896, vstest.console.dll, AssemblyResolver.AddSearchDirectories: Adding more searchDirectories C:\Program Files\dotnet\sdk\5.0.100\Extensions,C:\Program Files\dotnet\sdk\5.0.100
TpTrace Information: 0 : 4744, 1, 2020/11/30, 21:27:16.937, 1945225142662, vstest.console.dll, AssemblyResolver.OnResolve: Microsoft.Diagnostics.NETCore.Client: Resolving assembly.
TpTrace Information: 0 : 4744, 1, 2020/11/30, 21:27:16.940, 1945225167980, vstest.console.dll, AssemblyResolver.OnResolve: Resolved assembly: Microsoft.Diagnostics.NETCore.Client, from path: C:\Program Files\dotnet\sdk\5.0.100\Extensions\Microsoft.Diagnostics.NETCore.Client.dll
TpTrace Information: 0 : 4744, 1, 2020/11/30, 21:27:16.945, 1945225220873, vstest.console.dll, AssemblyResolver.OnResolve: Microsoft.Bcl.AsyncInterfaces: Resolving assembly.
TpTrace Information: 0 : 4744, 1, 2020/11/30, 21:27:16.946, 1945225228625, vstest.console.dll, AssemblyResolver.OnResolve: Microsoft.Bcl.AsyncInterfaces: Failed to load assembly.
TpTrace Verbose: 0 : 4744, 1, 2020/11/30, 21:27:16.946, 1945225232486, vstest.console.dll, CurrentDomain_AssemblyResolve: Resolving assembly 'Microsoft.Bcl.AsyncInterfaces'.
TpTrace Information: 0 : 4744, 1, 2020/11/30, 21:27:16.947, 1945225236604, vstest.console.dll, AssemblyResolver.OnResolve: Microsoft.Bcl.AsyncInterfaces: Resolving assembly.
TpTrace Information: 0 : 4744, 1, 2020/11/30, 21:27:16.947, 1945225240175, vstest.console.dll, AssemblyResolver.OnResolve: Microsoft.Bcl.AsyncInterfaces: Resolved from cache.
TpTrace Verbose: 0 : 4744, 1, 2020/11/30, 21:27:16.947, 1945225243887, vstest.console.dll, CurrentDomain_AssemblyResolve: Resolving assembly 'Microsoft.Bcl.AsyncInterfaces'.
TpTrace Verbose: 0 : 4744, 1, 2020/11/30, 21:27:16.948, 1945225247509, vstest.console.dll, CurrentDomainAssemblyResolve: Failed to resolve assembly 'Microsoft.Bcl.AsyncInterfaces'.
TpTrace Verbose: 0 : 4744, 1, 2020/11/30, 21:27:16.950, 1945225270861, vstest.console.dll, CurrentDomainAssemblyResolve: Failed to resolve assembly 'Microsoft.Bcl.AsyncInterfaces'.
TpTrace Warning: 0 : 4744, 1, 2020/11/30, 21:27:16.980, 1945225570382, vstest.console.dll, TestPluginDiscoverer: Failed to get types from assembly 'Microsoft.Diagnostics.NETCore.Client, Version=0.2.2.41902, Culture=neutral, PublicKeyToken=31bf3856ad364e35'.  Skipping test extension scan for this assembly.  Error: System.Reflection.ReflectionTypeLoadException: Unable to load one or more of the requested types.
Could not load file or assembly 'Microsoft.Bcl.AsyncInterfaces, Version=1.0.0.0, Culture=neutral, PublicKeyToken=cc7b13ffcd2ddd51'. The system cannot find the file specified.
   at System.Reflection.RuntimeModule.GetTypes(RuntimeModule module)
   at System.Reflection.RuntimeModule.GetTypes()
   at System.Reflection.Assembly.GetTypes()
   at Microsoft.VisualStudio.TestPlatform.Common.ExtensionFramework.TestPluginDiscoverer.GetTestExtensionsFromAssembly[TPluginInfo,TExtension](Assembly assembly, Dictionary`2 pluginInfos)
System.IO.FileNotFoundException: Could not load file or assembly 'Microsoft.Bcl.AsyncInterfaces, Version=1.0.0.0, Culture=neutral, PublicKeyToken=cc7b13ffcd2ddd51'. The system cannot find the file specified.
File name: 'Microsoft.Bcl.AsyncInterfaces, Version=1.0.0.0, Culture=neutral, PublicKeyToken=cc7b13ffcd2ddd51'
TpTrace Warning: 0 : 4744, 1, 2020/11/30, 21:27:16.980, 1945225575200, vstest.console.dll, LoaderExceptions: System.IO.FileNotFoundException: Could not load file or assembly 'Microsoft.Bcl.AsyncInterfaces, Version=1.0.0.0, Culture=neutral, PublicKeyToken=cc7b13ffcd2ddd51'. The system cannot find the file specified.
File name: 'Microsoft.Bcl.AsyncInterfaces, Version=1.0.0.0, Culture=neutral, PublicKeyToken=cc7b13ffcd2ddd51'
TpTrace Information: 0 : 4744, 1, 2020/11/30, 21:27:16.981, 1945225579094, vstest.console.dll, AssemblyResolver.OnResolve: Microsoft.TestPlatform.Extensions.BlameDataCollector: Resolving assembly.
TpTrace Information: 0 : 4744, 1, 2020/11/30, 21:27:16.982, 1945225594985, vstest.console.dll, AssemblyResolver.OnResolve: Resolved assembly: Microsoft.TestPlatform.Extensions.BlameDataCollector, from path: C:\Program Files\dotnet\sdk\5.0.100\Extensions\Microsoft.TestPlatform.Extensions.BlameDataCollector.dll
TpTrace Information: 0 : 4744, 1, 2020/11/30, 21:27:16.983, 1945225605191, vstest.console.dll, AssemblyResolver.OnResolve: Microsoft.TestPlatform.Extensions.EventLogCollector: Resolving assembly.
TpTrace Information: 0 : 4744, 1, 2020/11/30, 21:27:16.985, 1945225616475, vstest.console.dll, AssemblyResolver.OnResolve: Resolved assembly: Microsoft.TestPlatform.Extensions.EventLogCollector, from path: C:\Program Files\dotnet\sdk\5.0.100\Extensions\Microsoft.TestPlatform.Extensions.EventLogCollector.dll
TpTrace Information: 0 : 4744, 1, 2020/11/30, 21:27:16.987, 1945225640132, vstest.console.dll, AssemblyResolver.OnResolve: Microsoft.TestPlatform.TestHostRuntimeProvider: Resolving assembly.
TpTrace Information: 0 : 4744, 1, 2020/11/30, 21:27:16.988, 1945225652145, vstest.console.dll, AssemblyResolver.OnResolve: Resolved assembly: Microsoft.TestPlatform.TestHostRuntimeProvider, from path: C:\Program Files\dotnet\sdk\5.0.100\Extensions\Microsoft.TestPlatform.TestHostRuntimeProvider.dll
TpTrace Information: 0 : 4744, 1, 2020/11/30, 21:27:16.991, 1945225676769, vstest.console.dll, AssemblyResolver.OnResolve: Microsoft.VisualStudio.TestPlatform.Extensions.Html.TestLogger: Resolving assembly.
TpTrace Information: 0 : 4744, 1, 2020/11/30, 21:27:16.992, 1945225691760, vstest.console.dll, AssemblyResolver.OnResolve: Resolved assembly: Microsoft.VisualStudio.TestPlatform.Extensions.Html.TestLogger, from path: C:\Program Files\dotnet\sdk\5.0.100\Extensions\Microsoft.VisualStudio.TestPlatform.Extensions.Html.TestLogger.dll
TpTrace Information: 0 : 4744, 1, 2020/11/30, 21:27:16.993, 1945225698659, vstest.console.dll, AssemblyResolver.OnResolve: Microsoft.VisualStudio.TestPlatform.Extensions.Trx.TestLogger: Resolving assembly.
TpTrace Information: 0 : 4744, 1, 2020/11/30, 21:27:16.994, 1945225713687, vstest.console.dll, AssemblyResolver.OnResolve: Resolved assembly: Microsoft.VisualStudio.TestPlatform.Extensions.Trx.TestLogger, from path: C:\Program Files\dotnet\sdk\5.0.100\Extensions\Microsoft.VisualStudio.TestPlatform.Extensions.Trx.TestLogger.dll
TpTrace Verbose: 0 : 4744, 1, 2020/11/30, 21:27:16.996, 1945225731357, vstest.console.dll, TestPluginCache: Discovered the extensions using extension path ''.
TpTrace Verbose: 0 : 4744, 1, 2020/11/30, 21:27:16.996, 1945225734787, vstest.console.dll, TestPluginCache: Discoverers are ''.
TpTrace Verbose: 0 : 4744, 1, 2020/11/30, 21:27:16.997, 1945225737742, vstest.console.dll, TestPluginCache: Executors are ''.
TpTrace Verbose: 0 : 4744, 1, 2020/11/30, 21:27:16.997, 1945225739706, vstest.console.dll, TestPluginCache: Executors2 are ''.
TpTrace Verbose: 0 : 4744, 1, 2020/11/30, 21:27:16.997, 1945225741607, vstest.console.dll, TestPluginCache: Setting providers are ''.
TpTrace Verbose: 0 : 4744, 1, 2020/11/30, 21:27:16.997, 1945225743852, vstest.console.dll, TestPluginCache: Loggers are ''.
TpTrace Information: 0 : 4744, 1, 2020/11/30, 21:27:17.004, 1945225813467, vstest.console.dll, RunTestsArgumentProcessor:Execute: Test run is starting.
TpTrace Verbose: 0 : 4744, 1, 2020/11/30, 21:27:17.005, 1945225817159, vstest.console.dll, RunTestsArgumentProcessor:Execute: Queuing Test run.
TpTrace Information: 0 : 4744, 1, 2020/11/30, 21:27:17.005, 1945225822599, vstest.console.dll, TestRequestManager.RunTests: run tests started.
TpTrace Information: 0 : 4744, 1, 2020/11/30, 21:27:17.025, 1945226019773, vstest.console.dll, AssemblyMetadataProvider.GetFrameWork: Determined framework:'.NETCoreApp,Version=v3.1' for source: 'C:\Users\berin\source\repos\VVSzadaca2\eParking\Testovi za zadatak 1\bin\Debug\fine-code-coverage\Testovi za zadatak 1.dll'
TpTrace Information: 0 : 4744, 1, 2020/11/30, 21:27:17.025, 1945226024657, vstest.console.dll, Determined framework for all sources: .NETCoreApp,Version=v3.1
TpTrace Information: 0 : 4744, 1, 2020/11/30, 21:27:17.026, 1945226033616, vstest.console.dll, AssemblyMetadataProvider.GetArchitecture: Determined architecture:AnyCPU info for assembly: C:\Users\berin\source\repos\VVSzadaca2\eParking\Testovi za zadatak 1\bin\Debug\fine-code-coverage\Testovi za zadatak 1.dll
TpTrace Information: 0 : 4744, 1, 2020/11/30, 21:27:17.029, 1945226063779, vstest.console.dll, Determined platform for all sources: X64
TpTrace Information: 0 : 4744, 1, 2020/11/30, 21:27:17.034, 1945226109962, vstest.console.dll, Compatible sources list : 
TpTrace Information: 0 : 4744, 1, 2020/11/30, 21:27:17.034, 1945226113039, vstest.console.dll, C:\Users\berin\source\repos\VVSzadaca2\eParking\Testovi za zadatak 1\bin\Debug\fine-code-coverage\Testovi za zadatak 1.dll
TpTrace Information: 0 : 4744, 1, 2020/11/30, 21:27:17.037, 1945226142221, vstest.console.dll, InferRunSettingsHelper.IsTestSettingsEnabled: Unable to navigate to RunSettings/MSTest. Current node: RunSettings
TpTrace Information: 0 : 4744, 1, 2020/11/30, 21:27:17.039, 1945226159060, vstest.console.dll, AssemblyResolver.OnResolve: Microsoft.VisualStudio.TestPlatform.Fakes: Resolving assembly.
TpTrace Information: 0 : 4744, 1, 2020/11/30, 21:27:17.039, 1945226164766, vstest.console.dll, AssemblyResolver.OnResolve: Microsoft.VisualStudio.TestPlatform.Fakes: Failed to load assembly.
TpTrace Information: 0 : 4744, 1, 2020/11/30, 21:27:17.041, 1945226176008, vstest.console.dll, Failed to create newly implemented Fakes Configurator. Reason:System.IO.FileNotFoundException: Could not load file or assembly 'Microsoft.VisualStudio.TestPlatform.Fakes, Version=16.0.0.0, Culture=neutral, PublicKeyToken=null'. The system cannot find the file specified.
File name: 'Microsoft.VisualStudio.TestPlatform.Fakes, Version=16.0.0.0, Culture=neutral, PublicKeyToken=null'
   at System.Reflection.RuntimeAssembly.InternalLoad(ObjectHandleOnStack assemblyName, ObjectHandleOnStack requestingAssembly, StackCrawlMarkHandle stackMark, Boolean throwOnFileNotFound, ObjectHandleOnStack assemblyLoadContext, ObjectHandleOnStack retAssembly)
   at System.Reflection.RuntimeAssembly.InternalLoad(AssemblyName assemblyName, RuntimeAssembly requestingAssembly, StackCrawlMark& stackMark, Boolean throwOnFileNotFound, AssemblyLoadContext assemblyLoadContext)
   at System.Reflection.Assembly.Load(String assemblyString)
   at Microsoft.VisualStudio.TestPlatform.Common.Utilities.FakesUtilities.TryGetFakesCrossPlatformDataCollectorConfigurator() 
TpTrace Verbose: 0 : 4744, 1, 2020/11/30, 21:27:17.047, 1945226244155, vstest.console.dll, TestPluginCache.DiscoverTestExtensions: finding test extensions in assemblies ends with: TestLogger.dll TPluginInfo: Microsoft.VisualStudio.TestPlatform.Common.ExtensionFramework.Utilities.TestLoggerPluginInformation TExtension: Microsoft.VisualStudio.TestPlatform.ObjectModel.Client.ITestLogger
TpTrace Verbose: 0 : 4744, 1, 2020/11/30, 21:27:17.048, 1945226248154, vstest.console.dll, TestPluginCache.GetExtensionPaths: Filtered extension paths: 
TpTrace Verbose: 0 : 4744, 1, 2020/11/30, 21:27:17.048, 1945226250282, vstest.console.dll, TestPluginCache.GetExtensionPaths: Added default extension paths: C:\Program Files\dotnet\sdk\5.0.100\Extensions\Microsoft.Diagnostics.NETCore.Client.dll
C:\Program Files\dotnet\sdk\5.0.100\Extensions\Microsoft.TestPlatform.Extensions.BlameDataCollector.dll
C:\Program Files\dotnet\sdk\5.0.100\Extensions\Microsoft.TestPlatform.Extensions.EventLogCollector.dll
C:\Program Files\dotnet\sdk\5.0.100\Extensions\Microsoft.TestPlatform.TestHostRuntimeProvider.dll
C:\Program Files\dotnet\sdk\5.0.100\Extensions\Microsoft.VisualStudio.TestPlatform.Extensions.Html.TestLogger.dll
C:\Program Files\dotnet\sdk\5.0.100\Extensions\Microsoft.VisualStudio.TestPlatform.Extensions.Trx.TestLogger.dll
TpTrace Verbose: 0 : 4744, 1, 2020/11/30, 21:27:17.048, 1945226252406, vstest.console.dll, TestPluginCache.GetExtensionPaths: Added unfilterableExtensionPaths: 
TpTrace Information: 0 : 4744, 1, 2020/11/30, 21:27:17.049, 1945226255851, vstest.console.dll, AssemblyResolver.AddSearchDirectories: Adding more searchDirectories C:\Program Files\dotnet\sdk\5.0.100\Extensions,C:\Program Files\dotnet\sdk\5.0.100
TpTrace Verbose: 0 : 4744, 1, 2020/11/30, 21:27:17.049, 1945226259037, vstest.console.dll, TestPluginCache.DiscoverTestExtensions: Discovering the extensions using extension path.
TpTrace Verbose: 0 : 4744, 1, 2020/11/30, 21:27:17.049, 1945226262262, vstest.console.dll, TestPluginCache.GetExtensionPaths: Filtered extension paths: 
TpTrace Verbose: 0 : 4744, 1, 2020/11/30, 21:27:17.050, 1945226265815, vstest.console.dll, TestPluginCache.GetExtensionPaths: Added default extension paths: C:\Program Files\dotnet\sdk\5.0.100\Extensions\Microsoft.Diagnostics.NETCore.Client.dll
C:\Program Files\dotnet\sdk\5.0.100\Extensions\Microsoft.TestPlatform.Extensions.BlameDataCollector.dll
C:\Program Files\dotnet\sdk\5.0.100\Extensions\Microsoft.TestPlatform.Extensions.EventLogCollector.dll
C:\Program Files\dotnet\sdk\5.0.100\Extensions\Microsoft.TestPlatform.TestHostRuntimeProvider.dll
C:\Program Files\dotnet\sdk\5.0.100\Extensions\Microsoft.VisualStudio.TestPlatform.Extensions.Html.TestLogger.dll
C:\Program Files\dotnet\sdk\5.0.100\Extensions\Microsoft.VisualStudio.TestPlatform.Extensions.Trx.TestLogger.dll
TpTrace Verbose: 0 : 4744, 1, 2020/11/30, 21:27:17.050, 1945226270135, vstest.console.dll, TestPluginCache.GetExtensionPaths: Added unfilterableExtensionPaths: 
TpTrace Verbose: 0 : 4744, 1, 2020/11/30, 21:27:17.050, 1945226273080, vstest.console.dll, TestPluginCache.DiscoverTestExtensions: Discovering the extensions using allExtensionPaths: C:\Program Files\dotnet\sdk\5.0.100\Extensions\Microsoft.Diagnostics.NETCore.Client.dll
C:\Program Files\dotnet\sdk\5.0.100\Extensions\Microsoft.TestPlatform.Extensions.BlameDataCollector.dll
C:\Program Files\dotnet\sdk\5.0.100\Extensions\Microsoft.TestPlatform.Extensions.EventLogCollector.dll
C:\Program Files\dotnet\sdk\5.0.100\Extensions\Microsoft.TestPlatform.TestHostRuntimeProvider.dll
C:\Program Files\dotnet\sdk\5.0.100\Extensions\Microsoft.VisualStudio.TestPlatform.Extensions.Html.TestLogger.dll
C:\Program Files\dotnet\sdk\5.0.100\Extensions\Microsoft.VisualStudio.TestPlatform.Extensions.Trx.TestLogger.dll
TpTrace Information: 0 : 4744, 1, 2020/11/30, 21:27:17.051, 1945226275648, vstest.console.dll, AssemblyResolver.AddSearchDirectories: Adding more searchDirectories C:\Program Files\dotnet\sdk\5.0.100\Extensions,C:\Program Files\dotnet\sdk\5.0.100
TpTrace Information: 0 : 4744, 1, 2020/11/30, 21:27:17.051, 1945226279537, vstest.console.dll, AssemblyResolver.AddSearchDirectories: Adding more searchDirectories C:\Program Files\dotnet\sdk\5.0.100\Extensions,C:\Program Files\dotnet\sdk\5.0.100
TpTrace Information: 0 : 4744, 1, 2020/11/30, 21:27:17.051, 1945226283802, vstest.console.dll, AssemblyResolver.AddSearchDirectories: Adding more searchDirectories C:\Program Files\dotnet\sdk\5.0.100\Extensions,C:\Program Files\dotnet\sdk\5.0.100
TpTrace Information: 0 : 4744, 1, 2020/11/30, 21:27:17.052, 1945226288654, vstest.console.dll, AssemblyResolver.AddSearchDirectories: Adding more searchDirectories C:\Program Files\dotnet\sdk\5.0.100\Extensions,C:\Program Files\dotnet\sdk\5.0.100
TpTrace Information: 0 : 4744, 1, 2020/11/30, 21:27:17.052, 1945226291447, vstest.console.dll, AssemblyResolver.AddSearchDirectories: Adding more searchDirectories C:\Program Files\dotnet\sdk\5.0.100\Extensions,C:\Program Files\dotnet\sdk\5.0.100
TpTrace Information: 0 : 4744, 1, 2020/11/30, 21:27:17.052, 1945226293481, vstest.console.dll, AssemblyResolver.AddSearchDirectories: Adding more searchDirectories C:\Program Files\dotnet\sdk\5.0.100\Extensions,C:\Program Files\dotnet\sdk\5.0.100
TpTrace Information: 0 : 4744, 1, 2020/11/30, 21:27:17.053, 1945226298718, vstest.console.dll, AssemblyResolver.OnResolve: Microsoft.Bcl.AsyncInterfaces: Resolving assembly.
TpTrace Information: 0 : 4744, 1, 2020/11/30, 21:27:17.053, 1945226301415, vstest.console.dll, AssemblyResolver.OnResolve: Microsoft.Bcl.AsyncInterfaces: Resolved from cache.
TpTrace Verbose: 0 : 4744, 1, 2020/11/30, 21:27:17.053, 1945226303401, vstest.console.dll, CurrentDomain_AssemblyResolve: Resolving assembly 'Microsoft.Bcl.AsyncInterfaces'.
TpTrace Information: 0 : 4744, 1, 2020/11/30, 21:27:17.054, 1945226305672, vstest.console.dll, AssemblyResolver.OnResolve: Microsoft.Bcl.AsyncInterfaces: Resolving assembly.
TpTrace Information: 0 : 4744, 1, 2020/11/30, 21:27:17.054, 1945226308018, vstest.console.dll, AssemblyResolver.OnResolve: Microsoft.Bcl.AsyncInterfaces: Resolved from cache.
TpTrace Verbose: 0 : 4744, 1, 2020/11/30, 21:27:17.054, 1945226310011, vstest.console.dll, CurrentDomain_AssemblyResolve: Resolving assembly 'Microsoft.Bcl.AsyncInterfaces'.
TpTrace Verbose: 0 : 4744, 1, 2020/11/30, 21:27:17.054, 1945226311983, vstest.console.dll, CurrentDomainAssemblyResolve: Failed to resolve assembly 'Microsoft.Bcl.AsyncInterfaces'.
TpTrace Verbose: 0 : 4744, 1, 2020/11/30, 21:27:17.055, 1945226318366, vstest.console.dll, CurrentDomainAssemblyResolve: Failed to resolve assembly 'Microsoft.Bcl.AsyncInterfaces'.
TpTrace Warning: 0 : 4744, 1, 2020/11/30, 21:27:17.056, 1945226329792, vstest.console.dll, TestPluginDiscoverer: Failed to get types from assembly 'Microsoft.Diagnostics.NETCore.Client, Version=0.2.2.41902, Culture=neutral, PublicKeyToken=31bf3856ad364e35'.  Skipping test extension scan for this assembly.  Error: System.Reflection.ReflectionTypeLoadException: Unable to load one or more of the requested types.
Could not load file or assembly 'Microsoft.Bcl.AsyncInterfaces, Version=1.0.0.0, Culture=neutral, PublicKeyToken=cc7b13ffcd2ddd51'. The system cannot find the file specified.
   at System.Reflection.RuntimeModule.GetTypes(RuntimeModule module)
   at System.Reflection.RuntimeModule.GetTypes()
   at System.Reflection.Assembly.GetTypes()
   at Microsoft.VisualStudio.TestPlatform.Common.ExtensionFramework.TestPluginDiscoverer.GetTestExtensionsFromAssembly[TPluginInfo,TExtension](Assembly assembly, Dictionary`2 pluginInfos)
System.IO.FileNotFoundException: Could not load file or assembly 'Microsoft.Bcl.AsyncInterfaces, Version=1.0.0.0, Culture=neutral, PublicKeyToken=cc7b13ffcd2ddd51'. The system cannot find the file specified.
File name: 'Microsoft.Bcl.AsyncInterfaces, Version=1.0.0.0, Culture=neutral, PublicKeyToken=cc7b13ffcd2ddd51'
TpTrace Warning: 0 : 4744, 1, 2020/11/30, 21:27:17.056, 1945226332225, vstest.console.dll, LoaderExceptions: System.IO.FileNotFoundException: Could not load file or assembly 'Microsoft.Bcl.AsyncInterfaces, Version=1.0.0.0, Culture=neutral, PublicKeyToken=cc7b13ffcd2ddd51'. The system cannot find the file specified.
File name: 'Microsoft.Bcl.AsyncInterfaces, Version=1.0.0.0, Culture=neutral, PublicKeyToken=cc7b13ffcd2ddd51'
TpTrace Verbose: 0 : 4744, 1, 2020/11/30, 21:27:17.057, 1945226338819, vstest.console.dll, TestPluginCache: Discovered the extensions using extension path ''.
TpTrace Verbose: 0 : 4744, 1, 2020/11/30, 21:27:17.057, 1945226342198, vstest.console.dll, TestPluginCache: Discoverers are ''.
TpTrace Verbose: 0 : 4744, 1, 2020/11/30, 21:27:17.057, 1945226344557, vstest.console.dll, TestPluginCache: Executors are ''.
TpTrace Verbose: 0 : 4744, 1, 2020/11/30, 21:27:17.058, 1945226346940, vstest.console.dll, TestPluginCache: Executors2 are ''.
TpTrace Verbose: 0 : 4744, 1, 2020/11/30, 21:27:17.058, 1945226351061, vstest.console.dll, TestPluginCache: Setting providers are ''.
TpTrace Verbose: 0 : 4744, 1, 2020/11/30, 21:27:17.059, 1945226356580, vstest.console.dll, TestPluginCache: Loggers are 'logger://Microsoft/TestPlatform/Extensions/Blame/v1,logger://Microsoft/TestPlatform/HtmlLogger/v1,logger://Microsoft/TestPlatform/TrxLogger/v1'.
TpTrace Information: 0 : 4744, 1, 2020/11/30, 21:27:17.060, 1945226370446, vstest.console.dll, TestPluginManager.CreateTestExtension: Attempting to load test extension: Microsoft.TestPlatform.Extensions.BlameDataCollector.BlameLogger
TpTrace Information: 0 : 4744, 1, 2020/11/30, 21:27:17.074, 1945226513953, vstest.console.dll, TestPluginManager.CreateTestExtension: Attempting to load test extension: Microsoft.VisualStudio.TestPlatform.CrossPlatEngine.Hosting.DefaultTestHostManager
TpTrace Information: 0 : 4744, 1, 2020/11/30, 21:27:17.075, 1945226519279, vstest.console.dll, TestPluginManager.CreateTestExtension: Attempting to load test extension: Microsoft.VisualStudio.TestPlatform.CrossPlatEngine.Hosting.DotnetTestHostManager
TpTrace Verbose: 0 : 4744, 1, 2020/11/30, 21:27:17.076, 1945226527712, vstest.console.dll, TestEngine: Initializing Parallel Execution as MaxCpuCount is set to: 1
TpTrace Information: 0 : 4744, 1, 2020/11/30, 21:27:17.077, 1945226537562, vstest.console.dll, InferRunSettingsHelper.IsTestSettingsEnabled: Unable to navigate to RunSettings/MSTest. Current node: RunSettings
TpTrace Verbose: 0 : 4744, 1, 2020/11/30, 21:27:17.096, 1945226732367, vstest.console.dll, TestRequestSender is acting as server
TpTrace Verbose: 0 : 4744, 4, 2020/11/30, 21:27:17.101, 1945226782362, vstest.console.dll, DataCollectionRequestSender.InitializeCommunication : Initialize communication. 
TpTrace Information: 0 : 4744, 4, 2020/11/30, 21:27:17.125, 1945227016382, vstest.console.dll, Listening on Endpoint : 127.0.0.1:2701
TpTrace Verbose: 0 : 4744, 4, 2020/11/30, 21:27:17.147, 1945227237695, vstest.console.dll, DotnetDataCollectionLauncher: Full path of dotnet.exe is C:\Program Files\dotnet\dotnet.exe
TpTrace Verbose: 0 : 4744, 4, 2020/11/30, 21:27:17.147, 1945227244908, vstest.console.dll, DotnetDataCollectionLauncher: Adding  --runtimeconfig "C:\Program Files\dotnet\sdk\5.0.100\datacollector.runtimeconfig.json" in args
TpTrace Verbose: 0 : 4744, 4, 2020/11/30, 21:27:17.148, 1945227250346, vstest.console.dll, DotnetDataCollectionLauncher: Adding  --depsfile "C:\Program Files\dotnet\sdk\5.0.100\datacollector.deps.json" in args
TpTrace Information: 0 : 4744, 4, 2020/11/30, 21:27:17.169, 1945227464604, vstest.console.dll, ProxyDataCollectionManager.Initialize: Launched datacollector processId: 12368 port: 2701
TpTrace Information: 0 : 4744, 4, 2020/11/30, 21:27:17.170, 1945227470364, vstest.console.dll, ProxyDataCollectionManager.Initialize: waiting for connection with timeout: 90 seconds
TpTrace Verbose: 0 : 4744, 4, 2020/11/30, 21:27:17.170, 1945227474572, vstest.console.dll, DataCollectionRequestSender.WaitForRequestHandlerConnection : Waiting for connection with timeout: 90000
TpTrace Information: 0 : 4744, 7, 2020/11/30, 21:27:17.483, 1945230599616, vstest.console.dll, Using the buffer size of 16384 bytes
TpTrace Verbose: 0 : 4744, 4, 2020/11/30, 21:27:17.483, 1945230601014, vstest.console.dll, ProxyDataCollectionManager.InvokeDataCollectionServiceAction: Starting.
TpTrace Information: 0 : 4744, 7, 2020/11/30, 21:27:17.483, 1945230605087, vstest.console.dll, Accepted Client request and set the flag
TpTrace Information: 0 : 4744, 4, 2020/11/30, 21:27:17.484, 1945230609928, vstest.console.dll, ProxyDataCollectionManager.BeforeTestRunStart: Get environment variable and port for datacollector processId: 12368 port: 2701
TpTrace Verbose: 0 : 4744, 4, 2020/11/30, 21:27:17.485, 1945230618612, vstest.console.dll, DataCollectionRequestSender.SendBeforeTestRunStartAndGetResult : Send BeforeTestRunStart message with settingsXml <RunSettings><RunConfiguration><ResultsDirectory>C:\Users\berin\source\repos\VVSzadaca2\eParking\Testovi za zadatak 1\bin\Debug\fine-code-coverage\_outputfolder</ResultsDirectory><TargetPlatform>X64</TargetPlatform><TargetFrameworkVersion>.NETCoreApp,Version=v3.1</TargetFrameworkVersion><DesignMode>False</DesignMode><CollectSourceInformation>False</CollectSourceInformation><TestAdaptersPaths>C:\Program Files\dotnet\sdk\5.0.100\Extensions</TestAdaptersPaths></RunConfiguration><LoggerRunSettings><Loggers><Logger friendlyName="blame" enabled="True" /><Logger friendlyName="Console" uri="logger://microsoft/TestPlatform/ConsoleLogger/v1" assemblyQualifiedName="Microsoft.VisualStudio.TestPlatform.CommandLine.Internal.ConsoleLogger, vstest.console, Version=15.0.0.0, Culture=neutral, PublicKeyToken=b03f5f7f11d50a3a" codeBase="C:\Program Files\dotnet\sdk\5.0.100\vstest.console.dll" enabled="True" /></Loggers></LoggerRunSettings><DataCollectionRunSettings><DataCollectors><DataCollector friendlyName="blame" enabled="True"><Configuration><ResultsDirectory>C:\Users\berin\source\repos\VVSzadaca2\eParking\Testovi za zadatak 1\bin\Debug\fine-code-coverage\_outputfolder</ResultsDirectory></Configuration></DataCollector></DataCollectors></DataCollectionRunSettings></RunSettings> and sources System.Linq.Enumerable+Concat2Iterator`1[System.String]: 
TpTrace Verbose: 0 : 4744, 4, 2020/11/30, 21:27:17.675, 1945232519444, vstest.console.dll, DataCollectionRequestSender.SendBeforeTestRunStartAndGetResult : Received message: (DataCollection.SendMessage) -> {
  "FriendlyName": null,
  "Uri": null,
  "TestCaseId": "00000000-0000-0000-0000-000000000000",
  "Message": "Logging DataCollector Diagnostics in file: C:\\Users\\berin\\source\\repos\\VVSzadaca2\\eParking\\Testovi za zadatak 1\\bin\\Debug\\fine-code-coverage\\_outputfolder\\diagnostics.datacollector.20-11-30_21-27-17_13879_4.log",
  "Level": 0
}
TpTrace Verbose: 0 : 4744, 4, 2020/11/30, 21:27:17.796, 1945233727685, vstest.console.dll, DataCollectionRequestSender.SendBeforeTestRunStartAndGetResult : Received message: (DataCollection.BeforeTestRunStartResult) -> {
  "EnvironmentVariables": {},
  "DataCollectionEventsPort": 2703
}
TpTrace Information: 0 : 4744, 4, 2020/11/30, 21:27:17.801, 1945233780132, vstest.console.dll, ProxyDataCollectionManager.BeforeTestRunStart: SendBeforeTestRunStartAndGetResult successful, env variable from datacollector:   and testhost port: 2703
TpTrace Information: 0 : 4744, 4, 2020/11/30, 21:27:17.801, 1945233783553, vstest.console.dll, ProxyDataCollectionManager.InvokeDataCollectionServiceAction: Completed.
TpTrace Verbose: 0 : 4744, 1, 2020/11/30, 21:27:17.802, 1945233787036, vstest.console.dll, TestRunRequest.ExecuteAsync: Creating test run request.
TpTrace Verbose: 0 : 4744, 1, 2020/11/30, 21:27:17.802, 1945233792406, vstest.console.dll, TestRunRequest.ExecuteAsync: Starting.
TpTrace Information: 0 : 4744, 1, 2020/11/30, 21:27:17.803, 1945233797693, vstest.console.dll, TestRunRequest.ExecuteAsync: Starting run with settings:TestRunCriteria:
   KeepAlive=False,FrequencyOfRunStatsChangeEvent=10,RunStatsChangeEventTimeout=00:00:01.5000000,TestCaseFilter=,TestExecutorLauncher=
   Settingsxml=<RunSettings>
  <RunConfiguration>
    <ResultsDirectory>C:\Users\berin\source\repos\VVSzadaca2\eParking\Testovi za zadatak 1\bin\Debug\fine-code-coverage\_outputfolder</ResultsDirectory>
    <TargetPlatform>X64</TargetPlatform>
    <TargetFrameworkVersion>.NETCoreApp,Version=v3.1</TargetFrameworkVersion>
    <DesignMode>False</DesignMode>
    <CollectSourceInformation>False</CollectSourceInformation>
  </RunConfiguration>
  <LoggerRunSettings>
    <Loggers>
      <Logger friendlyName="blame" enabled="True" />
      <Logger friendlyName="Console" uri="logger://microsoft/TestPlatform/ConsoleLogger/v1" assemblyQualifiedName="Microsoft.VisualStudio.TestPlatform.CommandLine.Internal.ConsoleLogger, vstest.console, Version=15.0.0.0, Culture=neutral, PublicKeyToken=b03f5f7f11d50a3a" codeBase="C:\Program Files\dotnet\sdk\5.0.100\vstest.console.dll" enabled="True" />
    </Loggers>
  </LoggerRunSettings>
  <DataCollectionRunSettings>
    <DataCollectors>
      <DataCollector friendlyName="blame" enabled="True">
        <Configuration>
          <ResultsDirectory>C:\Users\berin\source\repos\VVSzadaca2\eParking\Testovi za zadatak 1\bin\Debug\fine-code-coverage\_outputfolder</ResultsDirectory>
        </Configuration>
      </DataCollector>
    </DataCollectors>
  </DataCollectionRunSettings>
</RunSettings>

TpTrace Verbose: 0 : 4744, 1, 2020/11/30, 21:27:17.803, 1945233800309, vstest.console.dll, TestRunRequest.ExecuteAsync: Wait for the first run request is over.
TpTrace Verbose: 0 : 4744, 1, 2020/11/30, 21:27:17.804, 1945233808428, vstest.console.dll, ParallelProxyExecutionManager: Start execution. Total sources: 1
TpTrace Information: 0 : 4744, 1, 2020/11/30, 21:27:17.805, 1945233818525, vstest.console.dll, ProxyParallelExecutionManager: Triggering test run for next source: C:\Users\berin\source\repos\VVSzadaca2\eParking\Testovi za zadatak 1\bin\Debug\fine-code-coverage\Testovi za zadatak 1.dll
TpTrace Verbose: 0 : 4744, 4, 2020/11/30, 21:27:17.805, 1945233823609, vstest.console.dll, ParallelProxyExecutionManager: Execution started. Started clients: 1
TpTrace Verbose: 0 : 4744, 1, 2020/11/30, 21:27:17.805, 1945233823763, vstest.console.dll, ProxyParallelExecutionManager: No sources available for execution.
TpTrace Information: 0 : 4744, 1, 2020/11/30, 21:27:17.806, 1945233829663, vstest.console.dll, TestRunRequest.ExecuteAsync: Started.
TpTrace Verbose: 0 : 4744, 4, 2020/11/30, 21:27:17.806, 1945233830826, vstest.console.dll, TestRunRequest:SendTestRunMessage: Starting.
TpTrace Verbose: 0 : 4744, 1, 2020/11/30, 21:27:17.806, 1945233833612, vstest.console.dll, TestRunRequest.WaitForCompletion: Waiting with timeout -1.
TpTrace Information: 0 : 4744, 4, 2020/11/30, 21:27:17.807, 1945233837016, vstest.console.dll, TestRunRequest:SendTestRunMessage: Completed.
TpTrace Verbose: 0 : 4744, 4, 2020/11/30, 21:27:17.807, 1945233843343, vstest.console.dll, ProxyExecutionManager: Test host is always Lazy initialize.
TpTrace Verbose: 0 : 4744, 4, 2020/11/30, 21:27:17.808, 1945233848503, vstest.console.dll, TestRequestSender.InitializeCommunication: initialize communication. 
TpTrace Information: 0 : 4744, 4, 2020/11/30, 21:27:17.809, 1945233858537, vstest.console.dll, SocketServer.Start: Listening on endpoint : 127.0.0.1:2704
TpTrace Verbose: 0 : 4744, 4, 2020/11/30, 21:27:17.810, 1945233870226, vstest.console.dll, DotnetTestHostmanager: Adding  --runtimeconfig "C:\Users\berin\source\repos\VVSzadaca2\eParking\Testovi za zadatak 1\bin\Debug\fine-code-coverage\Testovi za zadatak 1.runtimeconfig.json" in args
TpTrace Verbose: 0 : 4744, 4, 2020/11/30, 21:27:17.810, 1945233873860, vstest.console.dll, DotnetTestHostmanager: Adding  --depsfile "C:\Users\berin\source\repos\VVSzadaca2\eParking\Testovi za zadatak 1\bin\Debug\fine-code-coverage\Testovi za zadatak 1.deps.json" in args
TpTrace Information: 0 : 4744, 4, 2020/11/30, 21:27:17.811, 1945233879423, vstest.console.dll, AssemblyResolver.OnResolve: Microsoft.Extensions.DependencyModel: Resolving assembly.
TpTrace Information: 0 : 4744, 4, 2020/11/30, 21:27:17.812, 1945233894299, vstest.console.dll, AssemblyResolver.OnResolve: Resolved assembly: Microsoft.Extensions.DependencyModel, from path: C:\Program Files\dotnet\sdk\5.0.100\Microsoft.Extensions.DependencyModel.dll
TpTrace Verbose: 0 : 4744, 4, 2020/11/30, 21:27:17.813, 1945233900676, vstest.console.dll, DotnetTestHostmanager: Reading file C:\Users\berin\source\repos\VVSzadaca2\eParking\Testovi za zadatak 1\bin\Debug\fine-code-coverage\Testovi za zadatak 1.deps.json to get path of testhost.dll
TpTrace Verbose: 0 : 4744, 4, 2020/11/30, 21:27:17.841, 1945234184721, vstest.console.dll, DotnetTestHostmanager: Relative path of testhost.dll with respect to package folder is microsoft.testplatform.testhost/16.2.0\lib/netstandard1.5/testhost.dll
TpTrace Verbose: 0 : 4744, 4, 2020/11/30, 21:27:17.843, 1945234197133, vstest.console.dll, DotnetTestHostmanager: Looking for path microsoft.testplatform.testhost/16.2.0\lib/netstandard1.5/testhost.dll in folder C:\Users\berin\.dotnet\store\|arch|\|tfm|
TpTrace Verbose: 0 : 4744, 4, 2020/11/30, 21:27:17.843, 1945234200743, vstest.console.dll, DotnetTestHostmanager: Looking for path microsoft.testplatform.testhost/16.2.0\lib/netstandard1.5/testhost.dll in folder C:\Users\berin\.nuget\packages
TpTrace Verbose: 0 : 4744, 4, 2020/11/30, 21:27:17.844, 1945234209809, vstest.console.dll, DotnetTestHostmanager: Full path of testhost.dll is C:\Users\berin\.nuget\packages\microsoft.testplatform.testhost/16.2.0\lib/netstandard1.5/testhost.dll
TpTrace Verbose: 0 : 4744, 4, 2020/11/30, 21:27:17.844, 1945234212442, vstest.console.dll, DotnetTestHostmanager: Full path of host exe is C:\Program Files\dotnet\dotnet.exe
TpTrace Verbose: 0 : 4744, 6, 2020/11/30, 21:27:17.846, 1945234225786, vstest.console.dll, DotnetTestHostManager: Starting process 'C:\Program Files\dotnet\dotnet.exe' with command line 'exec --runtimeconfig "C:\Users\berin\source\repos\VVSzadaca2\eParking\Testovi za zadatak 1\bin\Debug\fine-code-coverage\Testovi za zadatak 1.runtimeconfig.json" --depsfile "C:\Users\berin\source\repos\VVSzadaca2\eParking\Testovi za zadatak 1\bin\Debug\fine-code-coverage\Testovi za zadatak 1.deps.json" "C:\Users\berin\.nuget\packages\microsoft.testplatform.testhost/16.2.0\lib/netstandard1.5/testhost.dll" --port 2704 --endpoint 127.0.0.1:02704 --role client --parentprocessid 4744 --diag "C:\Users\berin\source\repos\VVSzadaca2\eParking\Testovi za zadatak 1\bin\Debug\fine-code-coverage\_outputfolder\diagnostics.host.20-11-30_21-27-17_80991_4.log" --tracelevel 4 --datacollectionport 2703 --telemetryoptedin false'
TpTrace Verbose: 0 : 4744, 6, 2020/11/30, 21:27:17.859, 1945234357714, vstest.console.dll, Test Runtime launched
TpTrace Verbose: 0 : 4744, 4, 2020/11/30, 21:27:17.860, 1945234372072, vstest.console.dll, TestRequestSender.WaitForRequestHandlerConnection: waiting for connection with timeout: 90000
TpTrace Verbose: 0 : 4744, 13, 2020/11/30, 21:27:18.194, 1945237708699, vstest.console.dll, SocketServer.OnClientConnected: Client connected for endPoint: 127.0.0.1:2704, starting MessageLoopAsync:
TpTrace Verbose: 0 : 4744, 13, 2020/11/30, 21:27:18.195, 1945237717110, vstest.console.dll, TcpClientExtensions.MessageLoopAsync: Polling on remoteEndPoint: 127.0.0.1:2705 localEndPoint: 127.0.0.1:2704
TpTrace Verbose: 0 : 4744, 13, 2020/11/30, 21:27:18.506, 1945240827849, vstest.console.dll, TcpClientExtensions.MessageLoopAsync: NotifyDataAvailable remoteEndPoint: 127.0.0.1:2705 localEndPoint: 127.0.0.1:2704
TpTrace Verbose: 0 : 4744, 13, 2020/11/30, 21:27:18.506, 1945240834585, vstest.console.dll, TestRequestSender.CheckVersionWithTestHost: onMessageReceived received message: (ProtocolVersion) -> 2
TpTrace Verbose: 0 : 4744, 13, 2020/11/30, 21:27:18.508, 1945240846574, vstest.console.dll, TcpClientExtensions.MessageLoopAsync: Polling on remoteEndPoint: 127.0.0.1:2705 localEndPoint: 127.0.0.1:2704
TpTrace Verbose: 0 : 4744, 4, 2020/11/30, 21:27:18.508, 1945240849040, vstest.console.dll, TestPluginCache.GetExtensionPaths: Filtered extension paths: 
TpTrace Verbose: 0 : 4744, 4, 2020/11/30, 21:27:18.508, 1945240854365, vstest.console.dll, TestPluginCache.GetExtensionPaths: Added default extension paths: C:\Program Files\dotnet\sdk\5.0.100\Extensions\Microsoft.Diagnostics.NETCore.Client.dll
C:\Program Files\dotnet\sdk\5.0.100\Extensions\Microsoft.TestPlatform.Extensions.BlameDataCollector.dll
C:\Program Files\dotnet\sdk\5.0.100\Extensions\Microsoft.TestPlatform.Extensions.EventLogCollector.dll
C:\Program Files\dotnet\sdk\5.0.100\Extensions\Microsoft.TestPlatform.TestHostRuntimeProvider.dll
C:\Program Files\dotnet\sdk\5.0.100\Extensions\Microsoft.VisualStudio.TestPlatform.Extensions.Html.TestLogger.dll
C:\Program Files\dotnet\sdk\5.0.100\Extensions\Microsoft.VisualStudio.TestPlatform.Extensions.Trx.TestLogger.dll
TpTrace Verbose: 0 : 4744, 4, 2020/11/30, 21:27:18.509, 1945240857746, vstest.console.dll, TestPluginCache.GetExtensionPaths: Added unfilterableExtensionPaths: 
TpTrace Verbose: 0 : 4744, 4, 2020/11/30, 21:27:18.514, 1945240907277, vstest.console.dll, TestRequestSender.InitializeExecution: Sending initializing execution with message: {"Version":2,"MessageType":"TestExecution.Initialize","Payload":["C:\\Users\\berin\\source\\repos\\VVSzadaca2\\eParking\\Testovi za zadatak 1\\bin\\Debug\\fine-code-coverage\\Microsoft.VisualStudio.TestPlatform.MSTest.TestAdapter.dll"]}
TpTrace Verbose: 0 : 4744, 4, 2020/11/30, 21:27:18.525, 1945241017109, vstest.console.dll, TestRequestSender.StartTestRun: Sending test run with message: {"Version":2,"MessageType":"TestExecution.StartWithSources","Payload":{"AdapterSourceMap":{"_none_":["C:\\Users\\berin\\source\\repos\\VVSzadaca2\\eParking\\Testovi za zadatak 1\\bin\\Debug\\fine-code-coverage\\Testovi za zadatak 1.dll"]},"RunSettings":"<RunSettings>\r\n  <RunConfiguration>\r\n    <ResultsDirectory>C:\\Users\\berin\\source\\repos\\VVSzadaca2\\eParking\\Testovi za zadatak 1\\bin\\Debug\\fine-code-coverage\\_outputfolder</ResultsDirectory>\r\n    <TargetPlatform>X64</TargetPlatform>\r\n    <TargetFrameworkVersion>.NETCoreApp,Version=v3.1</TargetFrameworkVersion>\r\n    <DesignMode>False</DesignMode>\r\n    <CollectSourceInformation>False</CollectSourceInformation>\r\n  </RunConfiguration>\r\n  <LoggerRunSettings>\r\n    <Loggers>\r\n      <Logger friendlyName=\"blame\" enabled=\"True\" />\r\n      <Logger friendlyName=\"Console\" uri=\"logger://microsoft/TestPlatform/ConsoleLogger/v1\" assemblyQualifiedName=\"Microsoft.VisualStudio.TestPlatform.CommandLine.Internal.ConsoleLogger, vstest.console, Version=15.0.0.0, Culture=neutral, PublicKeyToken=b03f5f7f11d50a3a\" codeBase=\"C:\\Program Files\\dotnet\\sdk\\5.0.100\\vstest.console.dll\" enabled=\"True\" />\r\n    </Loggers>\r\n  </LoggerRunSettings>\r\n  <DataCollectionRunSettings>\r\n    <DataCollectors>\r\n      <DataCollector friendlyName=\"blame\" enabled=\"True\">\r\n        <Configuration>\r\n          <ResultsDirectory>C:\\Users\\berin\\source\\repos\\VVSzadaca2\\eParking\\Testovi za zadatak 1\\bin\\Debug\\fine-code-coverage\\_outputfolder</ResultsDirectory>\r\n        </Configuration>\r\n      </DataCollector>\r\n    </DataCollectors>\r\n  </DataCollectionRunSettings>\r\n</RunSettings>","TestExecutionContext":{"FrequencyOfRunStatsChangeEvent":10,"RunStatsChangeEventTimeout":"00:00:01.5000000","InIsolation":false,"KeepAlive":false,"AreTestCaseLevelEventsRequired":false,"IsDebug":false,"TestCaseFilter":null,"FilterOptions":null},"Package":null}}
TpTrace Verbose: 0 : 4744, 13, 2020/11/30, 21:27:18.528, 1945241052696, vstest.console.dll, TcpClientExtensions.MessageLoopAsync: NotifyDataAvailable remoteEndPoint: 127.0.0.1:2705 localEndPoint: 127.0.0.1:2704
TpTrace Verbose: 0 : 4744, 13, 2020/11/30, 21:27:18.529, 1945241056468, vstest.console.dll, TestRequestSender.OnExecutionMessageReceived: Received message: {"Version":2,"MessageType":"TestSession.Message","Payload":{"MessageLevel":0,"Message":"Logging TestHost Diagnostics in file: C:\\Users\\berin\\source\\repos\\VVSzadaca2\\eParking\\Testovi za zadatak 1\\bin\\Debug\\fine-code-coverage\\_outputfolder\\diagnostics.host.20-11-30_21-27-17_80991_4.log"}}
TpTrace Verbose: 0 : 4744, 13, 2020/11/30, 21:27:18.531, 1945241083912, vstest.console.dll, TestRunRequest:SendTestRunMessage: Starting.
TpTrace Information: 0 : 4744, 13, 2020/11/30, 21:27:18.532, 1945241087096, vstest.console.dll, TestRunRequest:SendTestRunMessage: Completed.
TpTrace Verbose: 0 : 4744, 13, 2020/11/30, 21:27:18.532, 1945241090054, vstest.console.dll, TcpClientExtensions.MessageLoopAsync: Polling on remoteEndPoint: 127.0.0.1:2705 localEndPoint: 127.0.0.1:2704
TpTrace Verbose: 0 : 4744, 13, 2020/11/30, 21:27:19.243, 1945248200023, vstest.console.dll, TcpClientExtensions.MessageLoopAsync: NotifyDataAvailable remoteEndPoint: 127.0.0.1:2705 localEndPoint: 127.0.0.1:2704
TpTrace Verbose: 0 : 4744, 13, 2020/11/30, 21:27:19.244, 1945248207538, vstest.console.dll, TestRequestSender.OnExecutionMessageReceived: Received message: {"Version":2,"MessageType":"TestExecution.Completed","Payload":{"TestRunCompleteArgs":{"TestRunStatistics":{"ExecutedTests":9,"Stats":{"Passed":5,"Failed":4}},"IsCanceled":false,"IsAborted":false,"Error":null,"AttachmentSets":[],"ElapsedTimeInRunningTests":"00:00:00.4720803","Metrics":{}},"LastRunTests":{"NewTestResults":[{"TestCase":{"Id":"781dc7d7-8fb4-525e-b582-cc4e3cbec6ff","FullyQualifiedName":"Testovi_za_zadatak_1.UnitTest1.TestUpjesnogLogovanjaPrviPut","DisplayName":"TestUpjesnogLogovanjaPrviPut","ExecutorUri":"executor://MSTestAdapter/v2","Source":"C:\\Users\\berin\\source\\repos\\VVSzadaca2\\eParking\\Testovi za zadatak 1\\bin\\Debug\\fine-code-coverage\\Testovi za zadatak 1.dll","CodeFilePath":null,"LineNumber":-1,"Properties":[{"Key":{"Id":"MSTestDiscoverer.TestClassName","Label":"ClassName","Category":"","Description":"","Attributes":1,"ValueType":"System.String"},"Value":"Testovi_za_zadatak_1.UnitTest1"},{"Key":{"Id":"TestObject.Traits","Label":"Traits","Category":"","Description":"","Attributes":5,"ValueType":"System.Collections.Generic.KeyValuePair`2[[System.String],[System.String]][]"},"Value":[]}]},"Attachments":[],"Outcome":1,"ErrorMessage":null,"ErrorStackTrace":null,"DisplayName":null,"Messages":[],"ComputerName":null,"Duration":"00:00:00.0331623","StartTime":"2020-11-30T21:27:18.9418343+01:00","EndTime":"2020-11-30T21:27:19.0190398+01:00","Properties":[{"Key":{"Id":"ExecutionId","Label":"ExecutionId","Category":"","Description":"","Attributes":1,"ValueType":"System.Guid"},"Value":"00000000-0000-0000-0000-000000000000"},{"Key":{"Id":"ParentExecId","Label":"ParentExecId","Category":"","Description":"","Attributes":1,"ValueType":"System.Guid"},"Value":"00000000-0000-0000-0000-000000000000"},{"Key":{"Id":"InnerResultsCount","Label":"InnerResultsCount","Category":"","Description":"","Attributes":1,"ValueType":"System.Int32"},"Value":0}]},{"TestCase":{"Id":"194a2042-c737-7d8d-0412-a82cbea53d52","FullyQualifiedName":"Testovi_za_zadatak_1.UnitTest1.TestNeuspjesnogLogovanja","DisplayName":"TestNeuspjesnogLogovanja","ExecutorUri":"executor://MSTestAdapter/v2","Source":"C:\\Users\\berin\\source\\repos\\VVSzadaca2\\eParking\\Testovi za zadatak 1\\bin\\Debug\\fine-code-coverage\\Testovi za zadatak 1.dll","CodeFilePath":null,"LineNumber":-1,"Properties":[{"Key":{"Id":"MSTestDiscoverer.TestClassName","Label":"ClassName","Category":"","Description":"","Attributes":1,"ValueType":"System.String"},"Value":"Testovi_za_zadatak_1.UnitTest1"},{"Key":{"Id":"TestObject.Traits","Label":"Traits","Category":"","Description":"","Attributes":5,"ValueType":"System.Collections.Generic.KeyValuePair`2[[System.String],[System.String]][]"},"Value":[]}]},"Attachments":[],"Outcome":1,"ErrorMessage":null,"ErrorStackTrace":null,"DisplayName":null,"Messages":[],"ComputerName":null,"Duration":"00:00:00.0003194","StartTime":"2020-11-30T21:27:19.0583424+01:00","EndTime":"2020-11-30T21:27:19.0590347+01:00","Properties":[{"Key":{"Id":"ExecutionId","Label":"ExecutionId","Category":"","Description":"","Attributes":1,"ValueType":"System.Guid"},"Value":"00000000-0000-0000-0000-000000000000"},{"Key":{"Id":"ParentExecId","Label":"ParentExecId","Category":"","Description":"","Attributes":1,"ValueType":"System.Guid"},"Value":"00000000-0000-0000-0000-000000000000"},{"Key":{"Id":"InnerResultsCount","Label":"InnerResultsCount","Category":"","Description":"","Attributes":1,"ValueType":"System.Int32"},"Value":0}]},{"TestCase":{"Id":"ec6ccc20-1316-af6a-d68a-73e847cc9d5d","FullyQualifiedName":"Testovi_za_zadatak_1.UnitTest2.TestRezervacijeSaIsteklomClanarinom","DisplayName":"TestRezervacijeSaIsteklomClanarinom","ExecutorUri":"executor://MSTestAdapter/v2","Source":"C:\\Users\\berin\\source\\repos\\VVSzadaca2\\eParking\\Testovi za zadatak 1\\bin\\Debug\\fine-code-coverage\\Testovi za zadatak 1.dll","CodeFilePath":null,"LineNumber":-1,"Properties":[{"Key":{"Id":"MSTestDiscoverer.TestClassName","Label":"ClassName","Category":"","Description":"","Attributes":1,"ValueType":"System.String"},"Value":"Testovi_za_zadatak_1.UnitTest2"},{"Key":{"Id":"TestObject.Traits","Label":"Traits","Category":"","Description":"","Attributes":5,"ValueType":"System.Collections.Generic.KeyValuePair`2[[System.String],[System.String]][]"},"Value":[]}]},"Attachments":[],"Outcome":1,"ErrorMessage":null,"ErrorStackTrace":null,"DisplayName":null,"Messages":[],"ComputerName":null,"Duration":"00:00:00.0048079","StartTime":"2020-11-30T21:27:19.0641662+01:00","EndTime":"2020-11-30T21:27:19.0719067+01:00","Properties":[{"Key":{"Id":"ExecutionId","Label":"ExecutionId","Category":"","Description":"","Attributes":1,"ValueType":"System.Guid"},"Value":"00000000-0000-0000-0000-000000000000"},{"Key":{"Id":"ParentExecId","Label":"ParentExecId","Category":"","Description":"","Attributes":1,"ValueType":"System.Guid"},"Value":"00000000-0000-0000-0000-000000000000"},{"Key":{"Id":"InnerResultsCount","Label":"InnerResultsCount","Category":"","Description":"","Attributes":1,"ValueType":"System.Int32"},"Value":0}]},{"TestCase":{"Id":"73c779c6-8673-de7a-082e-4cdd59256d16","FullyQualifiedName":"Testovi_za_zadatak_1.UnitTest2.TestUspjesneRezervacije","DisplayName":"TestUspjesneRezervacije","ExecutorUri":"executor://MSTestAdapter/v2","Source":"C:\\Users\\berin\\source\\repos\\VVSzadaca2\\eParking\\Testovi za zadatak 1\\bin\\Debug\\fine-code-coverage\\Testovi za zadatak 1.dll","CodeFilePath":null,"LineNumber":-1,"Properties":[{"Key":{"Id":"MSTestDiscoverer.TestClassName","Label":"ClassName","Category":"","Description":"","Attributes":1,"ValueType":"System.String"},"Value":"Testovi_za_zadatak_1.UnitTest2"},{"Key":{"Id":"TestObject.Traits","Label":"Traits","Category":"","Description":"","Attributes":5,"ValueType":"System.Collections.Generic.KeyValuePair`2[[System.String],[System.String]][]"},"Value":[]}]},"Attachments":[],"Outcome":1,"ErrorMessage":null,"ErrorStackTrace":null,"DisplayName":null,"Messages":[],"ComputerName":null,"Duration":"00:00:00.0022742","StartTime":"2020-11-30T21:27:19.0783549+01:00","EndTime":"2020-11-30T21:27:19.0808915+01:00","Properties":[{"Key":{"Id":"ExecutionId","Label":"ExecutionId","Category":"","Description":"","Attributes":1,"ValueType":"System.Guid"},"Value":"00000000-0000-0000-0000-000000000000"},{"Key":{"Id":"ParentExecId","Label":"ParentExecId","Category":"","Description":"","Attributes":1,"ValueType":"System.Guid"},"Value":"00000000-0000-0000-0000-000000000000"},{"Key":{"Id":"InnerResultsCount","Label":"InnerResultsCount","Category":"","Description":"","Attributes":1,"ValueType":"System.Int32"},"Value":0}]},{"TestCase":{"Id":"2216986d-83f6-cc4d-23a0-b8a0fd6ee0ea","FullyQualifiedName":"Testovi_za_zadatak_1.UnitTest2.TestPonovneRezervacije","DisplayName":"TestPonovneRezervacije","ExecutorUri":"executor://MSTestAdapter/v2","Source":"C:\\Users\\berin\\source\\repos\\VVSzadaca2\\eParking\\Testovi za zadatak 1\\bin\\Debug\\fine-code-coverage\\Testovi za zadatak 1.dll","CodeFilePath":null,"LineNumber":-1,"Properties":[{"Key":{"Id":"MSTestDiscoverer.TestClassName","Label":"ClassName","Category":"","Description":"","Attributes":1,"ValueType":"System.String"},"Value":"Testovi_za_zadatak_1.UnitTest2"},{"Key":{"Id":"TestObject.Traits","Label":"Traits","Category":"","Description":"","Attributes":5,"ValueType":"System.Collections.Generic.KeyValuePair`2[[System.String],[System.String]][]"},"Value":[]}]},"Attachments":[],"Outcome":1,"ErrorMessage":null,"ErrorStackTrace":null,"DisplayName":null,"Messages":[],"ComputerName":null,"Duration":"00:00:00.0010711","StartTime":"2020-11-30T21:27:19.0901217+01:00","EndTime":"2020-11-30T21:27:19.0914564+01:00","Properties":[{"Key":{"Id":"ExecutionId","Label":"ExecutionId","Category":"","Description":"","Attributes":1,"ValueType":"System.Guid"},"Value":"00000000-0000-0000-0000-000000000000"},{"Key":{"Id":"ParentExecId","Label":"ParentExecId","Category":"","Description":"","Attributes":1,"ValueType":"System.Guid"},"Value":"00000000-0000-0000-0000-000000000000"},{"Key":{"Id":"InnerResultsCount","Label":"InnerResultsCount","Category":"","Description":"","Attributes":1,"ValueType":"System.Int32"},"Value":0}]},{"TestCase":{"Id":"0bac892f-0a3f-6144-bcb8-ba2b3969567e","FullyQualifiedName":"Testovi_za_zadatak_1.UnitTestParking.TestUspjesneRezervacije","DisplayName":"TestUspjesneRezervacije","ExecutorUri":"executor://MSTestAdapter/v2","Source":"C:\\Users\\berin\\source\\repos\\VVSzadaca2\\eParking\\Testovi za zadatak 1\\bin\\Debug\\fine-code-coverage\\Testovi za zadatak 1.dll","CodeFilePath":null,"LineNumber":-1,"Properties":[{"Key":{"Id":"MSTestDiscoverer.TestClassName","Label":"ClassName","Category":"","Description":"","Attributes":1,"ValueType":"System.String"},"Value":"Testovi_za_zadatak_1.UnitTestParking"},{"Key":{"Id":"TestObject.Traits","Label":"Traits","Category":"","Description":"","Attributes":5,"ValueType":"System.Collections.Generic.KeyValuePair`2[[System.String],[System.String]][]"},"Value":[]}]},"Attachments":[],"Outcome":2,"ErrorMessage":"Test method Testovi_za_zadatak_1.UnitTestParking.TestUspjesneRezervacije threw exception: \r\nSystem.InvalidCastException: Unable to cast object of type 'eParking.Korisnik' to type 'eParking.Clan'.","ErrorStackTrace":"    at Testovi_za_zadatak_1.UnitTestParking.TestUspjesneRezervacije() in C:\\Users\\berin\\source\\repos\\VVSzadaca2\\eParking\\Testovi za zadatak 1\\UnitTestParking.cs:line 31\r\n","DisplayName":null,"Messages":[],"ComputerName":null,"Duration":"00:00:00.0345080","StartTime":"2020-11-30T21:27:19.0970228+01:00","EndTime":"2020-11-30T21:27:19.133683+01:00","Properties":[{"Key":{"Id":"ExecutionId","Label":"ExecutionId","Category":"","Description":"","Attributes":1,"ValueType":"System.Guid"},"Value":"00000000-0000-0000-0000-000000000000"},{"Key":{"Id":"ParentExecId","Label":"ParentExecId","Category":"","Description":"","Attributes":1,"ValueType":"System.Guid"},"Value":"00000000-0000-0000-0000-000000000000"},{"Key":{"Id":"InnerResultsCount","Label":"InnerResultsCount","Category":"","Description":"","Attributes":1,"ValueType":"System.Int32"},"Value":0}]},{"TestCase":{"Id":"e937f6e7-1012-ddae-bbe5-8e9e3e17562b","FullyQualifiedName":"Testovi_za_zadatak_1.UnitTestParking.TestRezervacijeKorisnikNijeClan","DisplayName":"TestRezervacijeKorisnikNijeClan","ExecutorUri":"executor://MSTestAdapter/v2","Source":"C:\\Users\\berin\\source\\repos\\VVSzadaca2\\eParking\\Testovi za zadatak 1\\bin\\Debug\\fine-code-coverage\\Testovi za zadatak 1.dll","CodeFilePath":null,"LineNumber":-1,"Properties":[{"Key":{"Id":"MSTestDiscoverer.TestClassName","Label":"ClassName","Category":"","Description":"","Attributes":1,"ValueType":"System.String"},"Value":"Testovi_za_zadatak_1.UnitTestParking"},{"Key":{"Id":"TestObject.Traits","Label":"Traits","Category":"","Description":"","Attributes":5,"ValueType":"System.Collections.Generic.KeyValuePair`2[[System.String],[System.String]][]"},"Value":[]}]},"Attachments":[],"Outcome":2,"ErrorMessage":"Test method threw exception System.InvalidOperationException, but exception System.Exception was expected. Exception message: System.InvalidOperationException: Lokacija ve postoji!","ErrorStackTrace":"   at eParking.Parking.RadSaLokacijom(Lokacija l, Int32 opcija, List`1 podaci) in C:\\Users\\berin\\source\\repos\\VVSzadaca2\\eParking\\eParking\\Parking.cs:line 47\r\n   at Testovi_za_zadatak_1.UnitTestParking.TestRezervacijeKorisnikNijeClan() in C:\\Users\\berin\\source\\repos\\VVSzadaca2\\eParking\\Testovi za zadatak 1\\UnitTestParking.cs:line 45\r\n","DisplayName":null,"Messages":[],"ComputerName":null,"Duration":"00:00:00.0066398","StartTime":"2020-11-30T21:27:19.1398798+01:00","EndTime":"2020-11-30T21:27:19.1467777+01:00","Properties":[{"Key":{"Id":"ExecutionId","Label":"ExecutionId","Category":"","Description":"","Attributes":1,"ValueType":"System.Guid"},"Value":"00000000-0000-0000-0000-000000000000"},{"Key":{"Id":"ParentExecId","Label":"ParentExecId","Category":"","Description":"","Attributes":1,"ValueType":"System.Guid"},"Value":"00000000-0000-0000-0000-000000000000"},{"Key":{"Id":"InnerResultsCount","Label":"InnerResultsCount","Category":"","Description":"","Attributes":1,"ValueType":"System.Int32"},"Value":0}]},{"TestCase":{"Id":"31a3e1a7-4a46-bcff-fffd-c17599d73a1d","FullyQualifiedName":"Testovi_za_zadatak_1.UnitTestParking.TestRezervacijeKorisnikVecRezervisao","DisplayName":"TestRezervacijeKorisnikVecRezervisao","ExecutorUri":"executor://MSTestAdapter/v2","Source":"C:\\Users\\berin\\source\\repos\\VVSzadaca2\\eParking\\Testovi za zadatak 1\\bin\\Debug\\fine-code-coverage\\Testovi za zadatak 1.dll","CodeFilePath":null,"LineNumber":-1,"Properties":[{"Key":{"Id":"MSTestDiscoverer.TestClassName","Label":"ClassName","Category":"","Description":"","Attributes":1,"ValueType":"System.String"},"Value":"Testovi_za_zadatak_1.UnitTestParking"},{"Key":{"Id":"TestObject.Traits","Label":"Traits","Category":"","Description":"","Attributes":5,"ValueType":"System.Collections.Generic.KeyValuePair`2[[System.String],[System.String]][]"},"Value":[]}]},"Attachments":[],"Outcome":2,"ErrorMessage":"Test method threw exception System.InvalidOperationException, but exception System.Exception was expected. Exception message: System.InvalidOperationException: Lokacija ve postoji!","ErrorStackTrace":"   at eParking.Parking.RadSaLokacijom(Lokacija l, Int32 opcija, List`1 podaci) in C:\\Users\\berin\\source\\repos\\VVSzadaca2\\eParking\\eParking\\Parking.cs:line 47\r\n   at Testovi_za_zadatak_1.UnitTestParking.TestRezervacijeKorisnikVecRezervisao() in C:\\Users\\berin\\source\\repos\\VVSzadaca2\\eParking\\Testovi za zadatak 1\\UnitTestParking.cs:line 59\r\n","DisplayName":null,"Messages":[],"ComputerName":null,"Duration":"00:00:00.0014068","StartTime":"2020-11-30T21:27:19.1526336+01:00","EndTime":"2020-11-30T21:27:19.1542995+01:00","Properties":[{"Key":{"Id":"ExecutionId","Label":"ExecutionId","Category":"","Description":"","Attributes":1,"ValueType":"System.Guid"},"Value":"00000000-0000-0000-0000-000000000000"},{"Key":{"Id":"ParentExecId","Label":"ParentExecId","Category":"","Description":"","Attributes":1,"ValueType":"System.Guid"},"Value":"00000000-0000-0000-0000-000000000000"},{"Key":{"Id":"InnerResultsCount","Label":"InnerResultsCount","Category":"","Description":"","Attributes":1,"ValueType":"System.Int32"},"Value":0}]},{"TestCase":{"Id":"d7bbe323-4074-ce7b-6b48-8631025af3e1","FullyQualifiedName":"Testovi_za_zadatak_1.UnitTestParking.TestRezervacijeLokacijaZauzeta","DisplayName":"TestRezervacijeLokacijaZauzeta","ExecutorUri":"executor://MSTestAdapter/v2","Source":"C:\\Users\\berin\\source\\repos\\VVSzadaca2\\eParking\\Testovi za zadatak 1\\bin\\Debug\\fine-code-coverage\\Testovi za zadatak 1.dll","CodeFilePath":null,"LineNumber":-1,"Properties":[{"Key":{"Id":"MSTestDiscoverer.TestClassName","Label":"ClassName","Category":"","Description":"","Attributes":1,"ValueType":"System.String"},"Value":"Testovi_za_zadatak_1.UnitTestParking"},{"Key":{"Id":"TestObject.Traits","Label":"Traits","Category":"","Description":"","Attributes":5,"ValueType":"System.Collections.Generic.KeyValuePair`2[[System.String],[System.String]][]"},"Value":[]}]},"Attachments":[],"Outcome":2,"ErrorMessage":"Test method threw exception System.InvalidOperationException, but exception System.Exception was expected. Exception message: System.InvalidOperationException: Lokacija ve postoji!","ErrorStackTrace":"   at eParking.Parking.RadSaLokacijom(Lokacija l, Int32 opcija, List`1 podaci) in C:\\Users\\berin\\source\\repos\\VVSzadaca2\\eParking\\eParking\\Parking.cs:line 47\r\n   at Testovi_za_zadatak_1.UnitTestParking.TestRezervacijeLokacijaZauzeta() in C:\\Users\\berin\\source\\repos\\VVSzadaca2\\eParking\\Testovi za zadatak 1\\UnitTestParking.cs:line 71\r\n","DisplayName":null,"Messages":[],"ComputerName":null,"Duration":"00:00:00.0017466","StartTime":"2020-11-30T21:27:19.1603569+01:00","EndTime":"2020-11-30T21:27:19.1624512+01:00","Properties":[{"Key":{"Id":"ExecutionId","Label":"ExecutionId","Category":"","Description":"","Attributes":1,"ValueType":"System.Guid"},"Value":"00000000-0000-0000-0000-000000000000"},{"Key":{"Id":"ParentExecId","Label":"ParentExecId","Category":"","Description":"","Attributes":1,"ValueType":"System.Guid"},"Value":"00000000-0000-0000-0000-000000000000"},{"Key":{"Id":"InnerResultsCount","Label":"InnerResultsCount","Category":"","Description":"","Attributes":1,"ValueType":"System.Int32"},"Value":0}]}],"TestRunStatistics":{"ExecutedTests":9,"Stats":{"Passed":5,"Failed":4}},"ActiveTests":[]},"RunAttachments":[],"ExecutorUris":["executor://mstestadapter/v2"]}}
TpTrace Verbose: 0 : 4744, 13, 2020/11/30, 21:27:19.246, 1945248227962, vstest.console.dll, TestRequestSender.EndSession: Sending end session.
TpTrace Verbose: 0 : 4744, 13, 2020/11/30, 21:27:19.246, 1945248231477, vstest.console.dll, ProxyOperationManager.Close: waiting for test host to exit for 100 ms
TpTrace Warning: 0 : 4744, 12, 2020/11/30, 21:27:19.285, 1945248622755, vstest.console.dll, TestHostManagerCallbacks.ErrorReceivedCallback Test host standard error line: 
TpTrace Verbose: 0 : 4744, 7, 2020/11/30, 21:27:19.295, 1945248718003, vstest.console.dll, TestHostProvider.ExitCallBack: Host exited starting callback.
TpTrace Information: 0 : 4744, 7, 2020/11/30, 21:27:19.296, 1945248726100, vstest.console.dll, TestHostManagerCallbacks.ExitCallBack: Testhost processId: 9000 exited with exitcode: 0 error: ''
TpTrace Verbose: 0 : 4744, 7, 2020/11/30, 21:27:19.296, 1945248728435, vstest.console.dll, DotnetTestHostManager.OnHostExited: invoking OnHostExited callback
TpTrace Verbose: 0 : 4744, 7, 2020/11/30, 21:27:19.296, 1945248730635, vstest.console.dll, CrossPlatEngine.TestHostManagerHostExited: calling on client process exit callback.
TpTrace Information: 0 : 4744, 7, 2020/11/30, 21:27:19.296, 1945248732940, vstest.console.dll, TestRequestSender.OnClientProcessExit: Test host process exited. Standard error: 
TpTrace Information: 0 : 4744, 7, 2020/11/30, 21:27:19.296, 1945248735192, vstest.console.dll, SocketServer.Stop: Stop server endPoint: 127.0.0.1:2704
TpTrace Information: 0 : 4744, 7, 2020/11/30, 21:27:19.297, 1945248737247, vstest.console.dll, SocketServer.Stop: Cancellation requested. Stopping message loop.
TpTrace Warning: 0 : 4744, 13, 2020/11/30, 21:27:19.296, 1945248733369, vstest.console.dll, ProxyOperationManager: Timed out waiting for test host to exit. Will terminate process.
TpTrace Verbose: 0 : 4744, 13, 2020/11/30, 21:27:19.299, 1945248758047, vstest.console.dll, ProxyDataCollectionManager.InvokeDataCollectionServiceAction: Starting.
TpTrace Information: 0 : 4744, 13, 2020/11/30, 21:27:19.299, 1945248761142, vstest.console.dll, ProxyDataCollectionManager.AfterTestRunEnd: Get attachment set for datacollector processId: 12368 port: 2701
TpTrace Verbose: 0 : 4744, 13, 2020/11/30, 21:27:19.299, 1945248764124, vstest.console.dll, DataCollectionRequestSender.SendAfterTestRunStartAndGetResult : Send AfterTestRunEnd message with isCancelled: False
TpTrace Verbose: 0 : 4744, 13, 2020/11/30, 21:27:19.304, 1945248814634, vstest.console.dll, DataCollectionRequestSender.SendAfterTestRunStartAndGetResult : Received message: (DataCollection.SendMessage) -> {
  "FriendlyName": "Blame",
  "Uri": "datacollector://Microsoft/TestPlatform/Extensions/Blame/v1",
  "TestCaseId": "00000000-0000-0000-0000-000000000000",
  "Message": "All tests finished running, Sequence file will not be generated",
  "Level": 1
}
TpTrace Verbose: 0 : 4744, 13, 2020/11/30, 21:27:19.305, 1945248818777, vstest.console.dll, TestRunRequest:SendTestRunMessage: Starting.
TpTrace Information: 0 : 4744, 13, 2020/11/30, 21:27:19.305, 1945248821647, vstest.console.dll, TestRunRequest:SendTestRunMessage: Completed.
TpTrace Verbose: 0 : 4744, 13, 2020/11/30, 21:27:19.306, 1945248831822, vstest.console.dll, DataCollectionRequestSender.SendAfterTestRunStartAndGetResult : Received message: (DataCollection.AfterTestRunEndResult) -> []
TpTrace Information: 0 : 4744, 13, 2020/11/30, 21:27:19.309, 1945248859323, vstest.console.dll, ProxyDataCollectionManager.InvokeDataCollectionServiceAction: Completed.
TpTrace Warning: 0 : 4744, 9, 2020/11/30, 21:27:19.317, 1945248941507, vstest.console.dll, DataCollectionLauncher.ErrorReceivedCallback datacollector standard error line: 
TpTrace Information: 0 : 4744, 7, 2020/11/30, 21:27:19.325, 1945249020994, vstest.console.dll, DataCollectionLauncher.ExitCallBack: Data collector exited with exitcode: 0 error: ''
TpTrace Verbose: 0 : 4744, 13, 2020/11/30, 21:27:19.416, 1945249925773, vstest.console.dll, TestRunRequest:SendTestRunStatsChange: Starting.
TpTrace Information: 0 : 4744, 13, 2020/11/30, 21:27:19.416, 1945249930547, vstest.console.dll, TestRunRequest:SendTestRunStatsChange: Completed.
TpTrace Verbose: 0 : 4744, 13, 2020/11/30, 21:27:19.416, 1945249934376, vstest.console.dll, ParallelProxyExecutionManager: HandlePartialRunComplete: Total completed clients = 1, Run complete = True, Run canceled: False.
TpTrace Verbose: 0 : 4744, 13, 2020/11/30, 21:27:19.450, 1945250272457, vstest.console.dll, TestRunRequest:TestRunComplete: Starting. IsAborted:False IsCanceled:False.
TpTrace Verbose: 0 : 4744, 13, 2020/11/30, 21:27:19.451, 1945250278637, vstest.console.dll, TestLoggerManager.HandleTestRunComplete: Ignoring as the object is disposed.
TpTrace Information: 0 : 4744, 13, 2020/11/30, 21:27:19.452, 1945250286489, vstest.console.dll, TestRunRequest:TestRunComplete: Completed.
TpTrace Verbose: 0 : 4744, 13, 2020/11/30, 21:27:19.452, 1945250290592, vstest.console.dll, TestRequestSender.SetOperationComplete: Setting operation complete.
TpTrace Information: 0 : 4744, 13, 2020/11/30, 21:27:19.452, 1945250294310, vstest.console.dll, SocketServer.Stop: Stop server endPoint: 127.0.0.1:2704
TpTrace Information: 0 : 4744, 13, 2020/11/30, 21:27:19.453, 1945250297756, vstest.console.dll, SocketServer.Stop: Cancellation requested. Stopping message loop.
TpTrace Verbose: 0 : 4744, 1, 2020/11/30, 21:27:19.452, 1945250288085, vstest.console.dll, TestRunRequest.Dispose: Starting.
TpTrace Information: 0 : 4744, 13, 2020/11/30, 21:27:19.453, 1945250301472, vstest.console.dll, SocketServer.PrivateStop: Stop server endPoint: 127.0.0.1:2704 error: 
TpTrace Information: 0 : 4744, 1, 2020/11/30, 21:27:19.454, 1945250305935, vstest.console.dll, TestRunRequest.Dispose: Completed.
TpTrace Information: 0 : 4744, 1, 2020/11/30, 21:27:19.454, 1945250314851, vstest.console.dll, TestRequestManager.RunTests: run tests completed.
TpTrace Information: 0 : 4744, 1, 2020/11/30, 21:27:19.455, 1945250319637, vstest.console.dll, RunTestsArgumentProcessor:Execute: Test run is completed.
TpTrace Verbose: 0 : 4744, 1, 2020/11/30, 21:27:19.455, 1945250323780, vstest.console.dll, Executor.Execute: Exiting with exit code of 1
TpTrace Verbose: 0 : 4744, 13, 2020/11/30, 21:27:19.455, 1945250319606, vstest.console.dll, LengthPrefixCommunicationChannel.Dispose: Dispose reader and writer.
TpTrace Information: 0 : 4744, 13, 2020/11/30, 21:27:19.474, 1945250510275, vstest.console.dll, SocketServer.Stop: Raise disconnected event endPoint: 127.0.0.1:2704 error: 
TpTrace Verbose: 0 : 4744, 13, 2020/11/30, 21:27:19.475, 1945250517521, vstest.console.dll, TestRequestSender: OnTestRunAbort: Operation is already complete. Skip error message.
TpTrace Verbose: 0 : 4744, 13, 2020/11/30, 21:27:19.475, 1945250522666, vstest.console.dll, TcpClientExtensions.MessageLoopAsync: exiting MessageLoopAsync remoteEndPoint: 127.0.0.1:2705 localEndPoint: 127.0.0.1:2704
