<?xml version="1.0" encoding="utf-8"?>
<!DOCTYPE coverage SYSTEM "http://cobertura.sourceforge.net/xml/coverage-04.dtd">
<coverage line-rate="0.4982698961937716" branch-rate="0.3333333333333333" lines-covered="144" lines-valid="289" branches-covered="32" branches-valid="96" complexity="135" version="0" timestamp="1606840761">
  <sources>
    <source>C:\Users\berin\</source>
  </sources>
  <packages>
    <package name="Data driven testovi za zadatak 3" line-rate="0.625" branch-rate="1" complexity="12">
      <classes>
        <class name="AutoGeneratedProgram" filename="C:\Users\berin\.nuget\packages\microsoft.net.test.sdk\16.7.1\build\netcoreapp2.1\Microsoft.NET.Test.Sdk.Program.cs" line-rate="0" branch-rate="1" complexity="1">
          <methods>
            <method name="Main" signature="(...)" line-rate="0" branch-rate="1" complexity="1">
              <lines>
                <line number="4" hits="0" branch="false" />
              </lines>
            </method>
          </methods>
          <lines>
            <line number="4" hits="0" branch="false" />
          </lines>
        </class>
        <class name="Data_driven_testovi_za_zadatak_3.DataDrivenTestLokacija" filename="C:\Users\berin\source\repos\VVSzadaca2\eParking\Data driven testovi za zadatak 3\DataDrivenTestLokacija.cs" line-rate="0" branch-rate="1" complexity="4">
          <methods>
            <method name="get_ValidData" signature="()" line-rate="0" branch-rate="1" complexity="1">
              <lines>
                <line number="14" hits="0" branch="false" />
                <line number="15" hits="0" branch="false" />
                <line number="16" hits="0" branch="false" />
                <line number="17" hits="0" branch="false" />
                <line number="18" hits="0" branch="false" />
                <line number="19" hits="0" branch="false" />
                <line number="20" hits="0" branch="false" />
                <line number="21" hits="0" branch="false" />
                <line number="22" hits="0" branch="false" />
              </lines>
            </method>
            <method name="get_InvalidData" signature="()" line-rate="0" branch-rate="1" complexity="1">
              <lines>
                <line number="27" hits="0" branch="false" />
                <line number="28" hits="0" branch="false" />
                <line number="29" hits="0" branch="false" />
                <line number="30" hits="0" branch="false" />
                <line number="31" hits="0" branch="false" />
                <line number="32" hits="0" branch="false" />
                <line number="33" hits="0" branch="false" />
                <line number="34" hits="0" branch="false" />
                <line number="35" hits="0" branch="false" />
              </lines>
            </method>
            <method name="TestValidnihPodataka" signature="(...)" line-rate="0" branch-rate="1" complexity="1">
              <lines>
                <line number="46" hits="0" branch="false" />
                <line number="47" hits="0" branch="false" />
                <line number="48" hits="0" branch="false" />
                <line number="49" hits="0" branch="false" />
              </lines>
            </method>
            <method name="TestNevalidnihPodataka" signature="(...)" line-rate="0" branch-rate="1" complexity="1">
              <lines>
                <line number="57" hits="0" branch="false" />
                <line number="58" hits="0" branch="false" />
                <line number="59" hits="0" branch="false" />
              </lines>
            </method>
          </methods>
          <lines>
            <line number="14" hits="0" branch="false" />
            <line number="15" hits="0" branch="false" />
            <line number="16" hits="0" branch="false" />
            <line number="17" hits="0" branch="false" />
            <line number="18" hits="0" branch="false" />
            <line number="19" hits="0" branch="false" />
            <line number="20" hits="0" branch="false" />
            <line number="21" hits="0" branch="false" />
            <line number="22" hits="0" branch="false" />
            <line number="27" hits="0" branch="false" />
            <line number="28" hits="0" branch="false" />
            <line number="29" hits="0" branch="false" />
            <line number="30" hits="0" branch="false" />
            <line number="31" hits="0" branch="false" />
            <line number="32" hits="0" branch="false" />
            <line number="33" hits="0" branch="false" />
            <line number="34" hits="0" branch="false" />
            <line number="35" hits="0" branch="false" />
            <line number="46" hits="0" branch="false" />
            <line number="47" hits="0" branch="false" />
            <line number="48" hits="0" branch="false" />
            <line number="49" hits="0" branch="false" />
            <line number="57" hits="0" branch="false" />
            <line number="58" hits="0" branch="false" />
            <line number="59" hits="0" branch="false" />
          </lines>
        </class>
        <class name="Data_driven_testovi_za_zadatak_3.UnitTestClan" filename="C:\Users\berin\source\repos\VVSzadaca2\eParking\Data driven testovi za zadatak 3\UnitTestClan.cs" line-rate="0.9782608695652174" branch-rate="1" complexity="7">
          <methods>
            <method name="get_ValidData" signature="()" line-rate="1" branch-rate="1" complexity="1">
              <lines>
                <line number="16" hits="1" branch="false" />
                <line number="17" hits="1" branch="false" />
                <line number="18" hits="1" branch="false" />
                <line number="19" hits="1" branch="false" />
                <line number="20" hits="1" branch="false" />
                <line number="21" hits="1" branch="false" />
                <line number="22" hits="1" branch="false" />
                <line number="23" hits="1" branch="false" />
                <line number="24" hits="1" branch="false" />
                <line number="25" hits="1" branch="false" />
              </lines>
            </method>
            <method name="get_InvalidData" signature="()" line-rate="1" branch-rate="1" complexity="1">
              <lines>
                <line number="30" hits="1" branch="false" />
                <line number="31" hits="1" branch="false" />
                <line number="32" hits="1" branch="false" />
                <line number="33" hits="1" branch="false" />
                <line number="34" hits="1" branch="false" />
                <line number="35" hits="1" branch="false" />
                <line number="36" hits="1" branch="false" />
                <line number="37" hits="1" branch="false" />
                <line number="38" hits="1" branch="false" />
                <line number="39" hits="1" branch="false" />
              </lines>
            </method>
            <method name="Inicijalizacija" signature="(...)" line-rate="1" branch-rate="1" complexity="1">
              <lines>
                <line number="44" hits="1" branch="false" />
                <line number="45" hits="1" branch="false" />
                <line number="46" hits="1" branch="false" />
                <line number="47" hits="1" branch="false" />
                <line number="48" hits="1" branch="false" />
              </lines>
            </method>
            <method name="TestValidnihPodataka" signature="(...)" line-rate="1" branch-rate="1" complexity="1">
              <lines>
                <line number="57" hits="5" branch="false" />
                <line number="58" hits="5" branch="false" />
                <line number="59" hits="5" branch="false" />
                <line number="60" hits="5" branch="false" />
              </lines>
            </method>
            <method name="TestNevalidnihPodataka" signature="(...)" line-rate="0.6666666666666666" branch-rate="1" complexity="1">
              <lines>
                <line number="68" hits="5" branch="false" />
                <line number="69" hits="5" branch="false" />
                <line number="70" hits="0" branch="false" />
              </lines>
            </method>
            <method name="TestGetMetodeClan" signature="()" line-rate="1" branch-rate="1" complexity="1">
              <lines>
                <line number="76" hits="1" branch="false" />
                <line number="77" hits="1" branch="false" />
                <line number="78" hits="1" branch="false" />
                <line number="79" hits="1" branch="false" />
                <line number="80" hits="1" branch="false" />
                <line number="81" hits="1" branch="false" />
                <line number="82" hits="1" branch="false" />
                <line number="83" hits="1" branch="false" />
              </lines>
            </method>
            <method name="TestOtkazivanjeRezervacije" signature="()" line-rate="1" branch-rate="1" complexity="1">
              <lines>
                <line number="89" hits="1" branch="false" />
                <line number="90" hits="1" branch="false" />
                <line number="91" hits="1" branch="false" />
                <line number="92" hits="1" branch="false" />
                <line number="93" hits="1" branch="false" />
                <line number="94" hits="1" branch="false" />
              </lines>
            </method>
          </methods>
          <lines>
            <line number="16" hits="1" branch="false" />
            <line number="17" hits="1" branch="false" />
            <line number="18" hits="1" branch="false" />
            <line number="19" hits="1" branch="false" />
            <line number="20" hits="1" branch="false" />
            <line number="21" hits="1" branch="false" />
            <line number="22" hits="1" branch="false" />
            <line number="23" hits="1" branch="false" />
            <line number="24" hits="1" branch="false" />
            <line number="25" hits="1" branch="false" />
            <line number="30" hits="1" branch="false" />
            <line number="31" hits="1" branch="false" />
            <line number="32" hits="1" branch="false" />
            <line number="33" hits="1" branch="false" />
            <line number="34" hits="1" branch="false" />
            <line number="35" hits="1" branch="false" />
            <line number="36" hits="1" branch="false" />
            <line number="37" hits="1" branch="false" />
            <line number="38" hits="1" branch="false" />
            <line number="39" hits="1" branch="false" />
            <line number="44" hits="1" branch="false" />
            <line number="45" hits="1" branch="false" />
            <line number="46" hits="1" branch="false" />
            <line number="47" hits="1" branch="false" />
            <line number="48" hits="1" branch="false" />
            <line number="57" hits="5" branch="false" />
            <line number="58" hits="5" branch="false" />
            <line number="59" hits="5" branch="false" />
            <line number="60" hits="5" branch="false" />
            <line number="68" hits="5" branch="false" />
            <line number="69" hits="5" branch="false" />
            <line number="70" hits="0" branch="false" />
            <line number="76" hits="1" branch="false" />
            <line number="77" hits="1" branch="false" />
            <line number="78" hits="1" branch="false" />
            <line number="79" hits="1" branch="false" />
            <line number="80" hits="1" branch="false" />
            <line number="81" hits="1" branch="false" />
            <line number="82" hits="1" branch="false" />
            <line number="83" hits="1" branch="false" />
            <line number="89" hits="1" branch="false" />
            <line number="90" hits="1" branch="false" />
            <line number="91" hits="1" branch="false" />
            <line number="92" hits="1" branch="false" />
            <line number="93" hits="1" branch="false" />
            <line number="94" hits="1" branch="false" />
          </lines>
        </class>
      </classes>
    </package>
    <package name="eParking" line-rate="0.45622119815668205" branch-rate="0.3333333333333333" complexity="123">
      <classes>
        <class name="eParking.Clan" filename="C:\Users\berin\Source\Repos\VVSzadaca2\eParking\eParking\Clan.cs" line-rate="0.7714285714285715" branch-rate="0.75" complexity="19">
          <methods>
            <method name="get_Password" signature="()" line-rate="1" branch-rate="1" complexity="1">
              <lines>
                <line number="27" hits="1" branch="false" />
              </lines>
            </method>
            <method name="set_Password" signature="(...)" line-rate="1" branch-rate="1" complexity="6">
              <lines>
                <line number="29" hits="11" branch="false" />
                <line number="30" hits="11" branch="true" condition-coverage="100% (6/6)" />
                <line number="31" hits="11" branch="false" />
                <line number="32" hits="5" branch="false" />
                <line number="34" hits="6" branch="false" />
                <line number="35" hits="6" branch="false" />
              </lines>
            </method>
            <method name="get_Status" signature="()" line-rate="1" branch-rate="1" complexity="1">
              <lines>
                <line number="40" hits="6" branch="false" />
              </lines>
            </method>
            <method name="get_AktivnaDo" signature="()" line-rate="1" branch-rate="1" complexity="1">
              <lines>
                <line number="45" hits="1" branch="false" />
              </lines>
            </method>
            <method name="get_RezervisanoParkingMjesto" signature="()" line-rate="1" branch-rate="1" complexity="1">
              <lines>
                <line number="50" hits="2" branch="false" />
              </lines>
            </method>
            <method name="RezervišiMjesto" signature="(...)" line-rate="0.7142857142857143" branch-rate="0.5" complexity="4">
              <lines>
                <line number="82" hits="1" branch="false" />
                <line number="83" hits="1" branch="false" />
                <line number="84" hits="0" branch="true" condition-coverage="50% (1/2)" />
                <line number="85" hits="0" branch="true" condition-coverage="50% (1/2)" />
                <line number="86" hits="1" branch="false" />
                <line number="87" hits="1" branch="false" />
                <line number="88" hits="1" branch="false" />
              </lines>
            </method>
            <method name="ProvjeriJeLiČlanarinaIstekla" signature="()" line-rate="0.75" branch-rate="0.5" complexity="2">
              <lines>
                <line number="91" hits="2" branch="false" />
                <line number="92" hits="2" branch="true" condition-coverage="50% (1/2)" />
                <line number="93" hits="0" branch="false" />
                <line number="94" hits="2" branch="false" />
              </lines>
            </method>
            <method name="OtkažiRezervaciju" signature="()" line-rate="1" branch-rate="1" complexity="1">
              <lines>
                <line number="97" hits="1" branch="false" />
                <line number="98" hits="1" branch="false" />
                <line number="99" hits="1" branch="false" />
              </lines>
            </method>
            <method name=".ctor" signature="(...)" line-rate="1" branch-rate="1" complexity="1">
              <lines>
                <line number="58" hits="11" branch="false" />
                <line number="59" hits="11" branch="false" />
                <line number="60" hits="11" branch="false" />
                <line number="61" hits="6" branch="false" />
                <line number="62" hits="6" branch="false" />
                <line number="63" hits="6" branch="false" />
              </lines>
            </method>
            <method name=".ctor" signature="(...)" line-rate="0" branch-rate="1" complexity="1">
              <lines>
                <line number="65" hits="0" branch="false" />
                <line number="66" hits="0" branch="false" />
                <line number="67" hits="0" branch="false" />
                <line number="68" hits="0" branch="false" />
                <line number="69" hits="0" branch="false" />
              </lines>
            </method>
          </methods>
          <lines>
            <line number="27" hits="1" branch="false" />
            <line number="29" hits="11" branch="false" />
            <line number="30" hits="11" branch="true" condition-coverage="100% (6/6)" />
            <line number="31" hits="11" branch="false" />
            <line number="32" hits="5" branch="false" />
            <line number="34" hits="6" branch="false" />
            <line number="35" hits="6" branch="false" />
            <line number="40" hits="6" branch="false" />
            <line number="45" hits="1" branch="false" />
            <line number="50" hits="2" branch="false" />
            <line number="58" hits="11" branch="false" />
            <line number="59" hits="11" branch="false" />
            <line number="60" hits="11" branch="false" />
            <line number="61" hits="6" branch="false" />
            <line number="62" hits="6" branch="false" />
            <line number="63" hits="6" branch="false" />
            <line number="65" hits="0" branch="false" />
            <line number="66" hits="0" branch="false" />
            <line number="67" hits="0" branch="false" />
            <line number="68" hits="0" branch="false" />
            <line number="69" hits="0" branch="false" />
            <line number="82" hits="1" branch="false" />
            <line number="83" hits="1" branch="false" />
            <line number="84" hits="0" branch="true" condition-coverage="50% (1/2)" />
            <line number="85" hits="0" branch="true" condition-coverage="50% (1/2)" />
            <line number="86" hits="1" branch="false" />
            <line number="87" hits="1" branch="false" />
            <line number="88" hits="1" branch="false" />
            <line number="91" hits="2" branch="false" />
            <line number="92" hits="2" branch="true" condition-coverage="50% (1/2)" />
            <line number="93" hits="0" branch="false" />
            <line number="94" hits="2" branch="false" />
            <line number="97" hits="1" branch="false" />
            <line number="98" hits="1" branch="false" />
            <line number="99" hits="1" branch="false" />
          </lines>
        </class>
        <class name="eParking.Korisnik" filename="C:\Users\berin\Source\Repos\VVSzadaca2\eParking\eParking\Korisnik.cs" line-rate="0.5625" branch-rate="0.4166666666666667" complexity="19">
          <methods>
            <method name="get_BrojLogovanja" signature="()" line-rate="0" branch-rate="1" complexity="1">
              <lines>
                <line number="22" hits="0" branch="false" />
              </lines>
            </method>
            <method name="get_Username" signature="()" line-rate="1" branch-rate="1" complexity="1">
              <lines>
                <line number="27" hits="1" branch="false" />
              </lines>
            </method>
            <method name="set_Username" signature="(...)" line-rate="0.8571428571428571" branch-rate="0.5" complexity="8">
              <lines>
                <line number="29" hits="11" branch="false" />
                <line number="30" hits="11" branch="true" condition-coverage="50% (4/8)" />
                <line number="31" hits="11" branch="false" />
                <line number="32" hits="11" branch="false" />
                <line number="33" hits="0" branch="false" />
                <line number="35" hits="11" branch="false" />
                <line number="36" hits="11" branch="false" />
              </lines>
            </method>
            <method name="get_Adresa" signature="()" line-rate="0" branch-rate="1" complexity="1">
              <lines>
                <line number="41" hits="0" branch="false" />
              </lines>
            </method>
            <method name="set_Adresa" signature="(...)" line-rate="0.8" branch-rate="0.5" complexity="2">
              <lines>
                <line number="43" hits="11" branch="false" />
                <line number="44" hits="11" branch="true" condition-coverage="50% (1/2)" />
                <line number="45" hits="0" branch="false" />
                <line number="47" hits="11" branch="false" />
                <line number="48" hits="11" branch="false" />
              </lines>
            </method>
            <method name="get_Vozilo" signature="()" line-rate="0" branch-rate="1" complexity="1">
              <lines>
                <line number="53" hits="0" branch="false" />
              </lines>
            </method>
            <method name="set_Vozilo" signature="(...)" line-rate="1" branch-rate="1" complexity="1">
              <lines>
                <line number="54" hits="11" branch="false" />
              </lines>
            </method>
            <method name="UlogujSe" signature="()" line-rate="0" branch-rate="0" complexity="2">
              <lines>
                <line number="85" hits="0" branch="false" />
                <line number="86" hits="0" branch="true" condition-coverage="0% (0/2)" />
                <line number="87" hits="0" branch="false" />
                <line number="88" hits="0" branch="false" />
                <line number="89" hits="0" branch="false" />
              </lines>
            </method>
            <method name=".ctor" signature="(...)" line-rate="0.75" branch-rate="0.5" complexity="1">
              <lines>
                <line number="12" hits="0" branch="false" />
                <line number="22" hits="0" branch="false" />
                <line number="27" hits="1" branch="false" />
                <line number="29" hits="11" branch="false" />
                <line number="30" hits="11" branch="true" condition-coverage="50% (4/8)" />
                <line number="31" hits="11" branch="false" />
                <line number="32" hits="11" branch="false" />
                <line number="33" hits="0" branch="false" />
                <line number="35" hits="11" branch="false" />
                <line number="36" hits="11" branch="false" />
                <line number="41" hits="0" branch="false" />
                <line number="43" hits="11" branch="false" />
                <line number="44" hits="11" branch="true" condition-coverage="50% (1/2)" />
                <line number="45" hits="0" branch="false" />
                <line number="47" hits="11" branch="false" />
                <line number="48" hits="11" branch="false" />
                <line number="53" hits="0" branch="false" />
                <line number="54" hits="11" branch="false" />
                <line number="61" hits="11" branch="false" />
                <line number="62" hits="11" branch="false" />
                <line number="63" hits="11" branch="false" />
                <line number="64" hits="11" branch="false" />
                <line number="65" hits="11" branch="false" />
                <line number="66" hits="11" branch="false" />
              </lines>
            </method>
            <method name=".ctor" signature="()" line-rate="0" branch-rate="1" complexity="1">
              <lines>
                <line number="68" hits="0" branch="false" />
                <line number="69" hits="0" branch="false" />
                <line number="71" hits="0" branch="false" />
              </lines>
            </method>
          </methods>
          <lines>
            <line number="12" hits="0" branch="false" />
            <line number="22" hits="0" branch="false" />
            <line number="27" hits="1" branch="false" />
            <line number="29" hits="11" branch="false" />
            <line number="30" hits="11" branch="true" condition-coverage="50% (4/8)" />
            <line number="31" hits="11" branch="false" />
            <line number="32" hits="11" branch="false" />
            <line number="33" hits="0" branch="false" />
            <line number="35" hits="11" branch="false" />
            <line number="36" hits="11" branch="false" />
            <line number="41" hits="0" branch="false" />
            <line number="43" hits="11" branch="false" />
            <line number="44" hits="11" branch="true" condition-coverage="50% (1/2)" />
            <line number="45" hits="0" branch="false" />
            <line number="47" hits="11" branch="false" />
            <line number="48" hits="11" branch="false" />
            <line number="53" hits="0" branch="false" />
            <line number="54" hits="11" branch="false" />
            <line number="61" hits="11" branch="false" />
            <line number="62" hits="11" branch="false" />
            <line number="63" hits="11" branch="false" />
            <line number="64" hits="11" branch="false" />
            <line number="65" hits="11" branch="false" />
            <line number="66" hits="11" branch="false" />
            <line number="68" hits="0" branch="false" />
            <line number="69" hits="0" branch="false" />
            <line number="71" hits="0" branch="false" />
            <line number="85" hits="0" branch="false" />
            <line number="86" hits="0" branch="true" condition-coverage="0% (0/2)" />
            <line number="87" hits="0" branch="false" />
            <line number="88" hits="0" branch="false" />
            <line number="89" hits="0" branch="false" />
          </lines>
        </class>
        <class name="eParking.Lokacija" filename="C:\Users\berin\Source\Repos\VVSzadaca2\eParking\eParking\Lokacija.cs" line-rate="0.6818181818181818" branch-rate="0.5" complexity="23">
          <methods>
            <method name="get_Naziv" signature="()" line-rate="0" branch-rate="1" complexity="1">
              <lines>
                <line number="23" hits="0" branch="false" />
              </lines>
            </method>
            <method name="set_Naziv" signature="(...)" line-rate="0.8" branch-rate="0.5" complexity="4">
              <lines>
                <line number="25" hits="1" branch="false" />
                <line number="26" hits="1" branch="true" condition-coverage="50% (2/4)" />
                <line number="27" hits="0" branch="false" />
                <line number="29" hits="1" branch="false" />
                <line number="30" hits="1" branch="false" />
              </lines>
            </method>
            <method name="get_Ulice" signature="()" line-rate="0" branch-rate="1" complexity="1">
              <lines>
                <line number="35" hits="0" branch="false" />
              </lines>
            </method>
            <method name="get_Cijena" signature="()" line-rate="0" branch-rate="1" complexity="1">
              <lines>
                <line number="40" hits="0" branch="false" />
              </lines>
            </method>
            <method name="set_Cijena" signature="(...)" line-rate="0.8" branch-rate="0.5" complexity="4">
              <lines>
                <line number="42" hits="1" branch="false" />
                <line number="43" hits="1" branch="true" condition-coverage="50% (2/4)" />
                <line number="44" hits="0" branch="false" />
                <line number="46" hits="1" branch="false" />
                <line number="47" hits="1" branch="false" />
              </lines>
            </method>
            <method name="get_Kapacitet" signature="()" line-rate="0" branch-rate="1" complexity="1">
              <lines>
                <line number="52" hits="0" branch="false" />
              </lines>
            </method>
            <method name="set_Kapacitet" signature="(...)" line-rate="0.8" branch-rate="0.5" complexity="2">
              <lines>
                <line number="54" hits="1" branch="false" />
                <line number="55" hits="1" branch="true" condition-coverage="50% (1/2)" />
                <line number="56" hits="0" branch="false" />
                <line number="58" hits="1" branch="false" />
                <line number="59" hits="1" branch="false" />
              </lines>
            </method>
            <method name="DajTrenutniBrojSlobodnogMjesta" signature="()" line-rate="0.8333333333333334" branch-rate="0.5" complexity="2">
              <lines>
                <line number="83" hits="1" branch="false" />
                <line number="84" hits="1" branch="false" />
                <line number="85" hits="1" branch="true" condition-coverage="50% (1/2)" />
                <line number="86" hits="0" branch="false" />
                <line number="87" hits="1" branch="false" />
                <line number="88" hits="1" branch="false" />
              </lines>
            </method>
            <method name="ZauzmiMjesto" signature="(...)" line-rate="0.6666666666666666" branch-rate="0.5" complexity="4">
              <lines>
                <line number="98" hits="1" branch="false" />
                <line number="99" hits="1" branch="false" />
                <line number="100" hits="0" branch="true" condition-coverage="50% (1/2)" />
                <line number="101" hits="2" branch="true" condition-coverage="50% (1/2)" />
                <line number="102" hits="0" branch="false" />
                <line number="103" hits="1" branch="false" />
              </lines>
            </method>
            <method name="OslobodiMjesto" signature="()" line-rate="0" branch-rate="1" complexity="1">
              <lines>
                <line number="106" hits="0" branch="false" />
                <line number="107" hits="0" branch="false" />
                <line number="108" hits="0" branch="false" />
              </lines>
            </method>
            <method name=".ctor" signature="(...)" line-rate="0.9" branch-rate="0.5" complexity="2">
              <lines>
                <line number="66" hits="1" branch="false" />
                <line number="67" hits="1" branch="false" />
                <line number="68" hits="1" branch="false" />
                <line number="69" hits="1" branch="true" condition-coverage="50% (1/2)" />
                <line number="70" hits="0" branch="false" />
                <line number="71" hits="1" branch="false" />
                <line number="72" hits="1" branch="false" />
                <line number="73" hits="1" branch="false" />
                <line number="74" hits="1" branch="false" />
                <line number="76" hits="1" branch="false" />
              </lines>
            </method>
          </methods>
          <lines>
            <line number="23" hits="0" branch="false" />
            <line number="25" hits="1" branch="false" />
            <line number="26" hits="1" branch="true" condition-coverage="50% (2/4)" />
            <line number="27" hits="0" branch="false" />
            <line number="29" hits="1" branch="false" />
            <line number="30" hits="1" branch="false" />
            <line number="35" hits="0" branch="false" />
            <line number="40" hits="0" branch="false" />
            <line number="42" hits="1" branch="false" />
            <line number="43" hits="1" branch="true" condition-coverage="50% (2/4)" />
            <line number="44" hits="0" branch="false" />
            <line number="46" hits="1" branch="false" />
            <line number="47" hits="1" branch="false" />
            <line number="52" hits="0" branch="false" />
            <line number="54" hits="1" branch="false" />
            <line number="55" hits="1" branch="true" condition-coverage="50% (1/2)" />
            <line number="56" hits="0" branch="false" />
            <line number="58" hits="1" branch="false" />
            <line number="59" hits="1" branch="false" />
            <line number="66" hits="1" branch="false" />
            <line number="67" hits="1" branch="false" />
            <line number="68" hits="1" branch="false" />
            <line number="69" hits="1" branch="true" condition-coverage="50% (1/2)" />
            <line number="70" hits="0" branch="false" />
            <line number="71" hits="1" branch="false" />
            <line number="72" hits="1" branch="false" />
            <line number="73" hits="1" branch="false" />
            <line number="74" hits="1" branch="false" />
            <line number="76" hits="1" branch="false" />
            <line number="83" hits="1" branch="false" />
            <line number="84" hits="1" branch="false" />
            <line number="85" hits="1" branch="true" condition-coverage="50% (1/2)" />
            <line number="86" hits="0" branch="false" />
            <line number="87" hits="1" branch="false" />
            <line number="88" hits="1" branch="false" />
            <line number="98" hits="1" branch="false" />
            <line number="99" hits="1" branch="false" />
            <line number="100" hits="0" branch="true" condition-coverage="50% (1/2)" />
            <line number="101" hits="2" branch="true" condition-coverage="50% (1/2)" />
            <line number="102" hits="0" branch="false" />
            <line number="103" hits="1" branch="false" />
            <line number="106" hits="0" branch="false" />
            <line number="107" hits="0" branch="false" />
            <line number="108" hits="0" branch="false" />
          </lines>
        </class>
        <class name="eParking.Parking" filename="C:\Users\berin\Source\Repos\VVSzadaca2\eParking\eParking\Parking.cs" line-rate="0" branch-rate="0" complexity="39">
          <methods>
            <method name="get_Korisnici" signature="()" line-rate="0" branch-rate="1" complexity="1">
              <lines>
                <line number="20" hits="0" branch="false" />
              </lines>
            </method>
            <method name="get_Lokacije" signature="()" line-rate="0" branch-rate="1" complexity="1">
              <lines>
                <line number="25" hits="0" branch="false" />
              </lines>
            </method>
            <method name="RadSaLokacijom" signature="(...)" line-rate="0" branch-rate="0" complexity="16">
              <lines>
                <line number="43" hits="0" branch="false" />
                <line number="44" hits="0" branch="true" condition-coverage="0% (0/2)" />
                <line number="45" hits="0" branch="false" />
                <line number="46" hits="0" branch="true" condition-coverage="0% (0/2)" />
                <line number="47" hits="0" branch="false" />
                <line number="49" hits="0" branch="false" />
                <line number="50" hits="0" branch="false" />
                <line number="51" hits="0" branch="true" condition-coverage="0% (0/2)" />
                <line number="52" hits="0" branch="false" />
                <line number="53" hits="0" branch="false" />
                <line number="54" hits="0" branch="true" condition-coverage="0% (0/2)" />
                <line number="55" hits="0" branch="false" />
                <line number="57" hits="0" branch="false" />
                <line number="58" hits="0" branch="false" />
                <line number="59" hits="0" branch="true" condition-coverage="0% (0/2)" />
                <line number="60" hits="0" branch="false" />
                <line number="61" hits="0" branch="false" />
                <line number="62" hits="0" branch="true" condition-coverage="0% (0/2)" />
                <line number="63" hits="0" branch="false" />
                <line number="65" hits="0" branch="true" condition-coverage="0% (0/2)" />
                <line number="66" hits="0" branch="true" condition-coverage="0% (0/2)" />
                <line number="67" hits="0" branch="false" />
                <line number="68" hits="0" branch="false" />
                <line number="69" hits="0" branch="false" />
              </lines>
            </method>
            <method name="DodajKorisnika" signature="(...)" line-rate="0" branch-rate="0" complexity="6">
              <lines>
                <line number="72" hits="0" branch="false" />
                <line number="73" hits="0" branch="false" />
                <line number="74" hits="0" branch="true" condition-coverage="0% (0/4)" />
                <line number="75" hits="0" branch="false" />
                <line number="76" hits="0" branch="true" condition-coverage="0% (0/2)" />
                <line number="77" hits="0" branch="false" />
                <line number="78" hits="0" branch="false" />
                <line number="79" hits="0" branch="false" />
                <line number="80" hits="0" branch="false" />
                <line number="82" hits="0" branch="false" />
                <line number="83" hits="0" branch="false" />
              </lines>
            </method>
            <method name="RezervišiParking" signature="(...)" line-rate="0" branch-rate="0" complexity="4">
              <lines>
                <line number="96" hits="0" branch="false" />
                <line number="97" hits="0" branch="true" condition-coverage="0% (0/2)" />
                <line number="98" hits="0" branch="false" />
                <line number="99" hits="0" branch="false" />
                <line number="101" hits="0" branch="true" condition-coverage="0% (0/2)" />
                <line number="102" hits="0" branch="false" />
                <line number="103" hits="0" branch="false" />
                <line number="106" hits="0" branch="false" />
                <line number="108" hits="0" branch="false" />
                <line number="109" hits="0" branch="false" />
                <line number="110" hits="0" branch="false" />
                <line number="112" hits="0" branch="false" />
              </lines>
            </method>
            <method name="IzračunajTrenutnuZaradu" signature="()" line-rate="0" branch-rate="0" complexity="8">
              <lines>
                <line number="115" hits="0" branch="false" />
                <line number="116" hits="0" branch="false" />
                <line number="117" hits="0" branch="true" condition-coverage="0% (0/2)" />
                <line number="118" hits="0" branch="false" />
                <line number="119" hits="0" branch="true" condition-coverage="0% (0/2)" />
                <line number="120" hits="0" branch="false" />
                <line number="121" hits="0" branch="true" condition-coverage="0% (0/2)" />
                <line number="122" hits="0" branch="true" condition-coverage="0% (0/2)" />
                <line number="123" hits="0" branch="false" />
                <line number="124" hits="0" branch="false" />
                <line number="125" hits="0" branch="false" />
                <line number="126" hits="0" branch="false" />
              </lines>
            </method>
            <method name="OslobodiParkingMjesto" signature="(...)" line-rate="0" branch-rate="0" complexity="2">
              <lines>
                <line number="129" hits="0" branch="false" />
                <line number="130" hits="0" branch="true" condition-coverage="0% (0/2)" />
                <line number="131" hits="0" branch="false" />
                <line number="132" hits="0" branch="false" />
                <line number="133" hits="0" branch="false" />
                <line number="134" hits="0" branch="false" />
                <line number="136" hits="0" branch="false" />
                <line number="137" hits="0" branch="false" />
              </lines>
            </method>
            <method name=".ctor" signature="()" line-rate="0" branch-rate="1" complexity="1">
              <lines>
                <line number="32" hits="0" branch="false" />
                <line number="33" hits="0" branch="false" />
                <line number="34" hits="0" branch="false" />
                <line number="35" hits="0" branch="false" />
                <line number="36" hits="0" branch="false" />
              </lines>
            </method>
          </methods>
          <lines>
            <line number="20" hits="0" branch="false" />
            <line number="25" hits="0" branch="false" />
            <line number="32" hits="0" branch="false" />
            <line number="33" hits="0" branch="false" />
            <line number="34" hits="0" branch="false" />
            <line number="35" hits="0" branch="false" />
            <line number="36" hits="0" branch="false" />
            <line number="43" hits="0" branch="false" />
            <line number="44" hits="0" branch="true" condition-coverage="0% (0/2)" />
            <line number="45" hits="0" branch="false" />
            <line number="46" hits="0" branch="true" condition-coverage="0% (0/2)" />
            <line number="47" hits="0" branch="false" />
            <line number="49" hits="0" branch="false" />
            <line number="50" hits="0" branch="false" />
            <line number="51" hits="0" branch="true" condition-coverage="0% (0/2)" />
            <line number="52" hits="0" branch="false" />
            <line number="53" hits="0" branch="false" />
            <line number="54" hits="0" branch="true" condition-coverage="0% (0/2)" />
            <line number="55" hits="0" branch="false" />
            <line number="57" hits="0" branch="false" />
            <line number="58" hits="0" branch="false" />
            <line number="59" hits="0" branch="true" condition-coverage="0% (0/2)" />
            <line number="60" hits="0" branch="false" />
            <line number="61" hits="0" branch="false" />
            <line number="62" hits="0" branch="true" condition-coverage="0% (0/2)" />
            <line number="63" hits="0" branch="false" />
            <line number="65" hits="0" branch="true" condition-coverage="0% (0/2)" />
            <line number="66" hits="0" branch="true" condition-coverage="0% (0/2)" />
            <line number="67" hits="0" branch="false" />
            <line number="68" hits="0" branch="false" />
            <line number="69" hits="0" branch="false" />
            <line number="72" hits="0" branch="false" />
            <line number="73" hits="0" branch="false" />
            <line number="74" hits="0" branch="true" condition-coverage="0% (0/4)" />
            <line number="75" hits="0" branch="false" />
            <line number="76" hits="0" branch="true" condition-coverage="0% (0/2)" />
            <line number="77" hits="0" branch="false" />
            <line number="78" hits="0" branch="false" />
            <line number="79" hits="0" branch="false" />
            <line number="80" hits="0" branch="false" />
            <line number="82" hits="0" branch="false" />
            <line number="83" hits="0" branch="false" />
            <line number="96" hits="0" branch="false" />
            <line number="97" hits="0" branch="true" condition-coverage="0% (0/2)" />
            <line number="98" hits="0" branch="false" />
            <line number="99" hits="0" branch="false" />
            <line number="101" hits="0" branch="true" condition-coverage="0% (0/2)" />
            <line number="102" hits="0" branch="false" />
            <line number="103" hits="0" branch="false" />
            <line number="106" hits="0" branch="false" />
            <line number="108" hits="0" branch="false" />
            <line number="109" hits="0" branch="false" />
            <line number="110" hits="0" branch="false" />
            <line number="112" hits="0" branch="false" />
            <line number="115" hits="0" branch="false" />
            <line number="116" hits="0" branch="false" />
            <line number="117" hits="0" branch="true" condition-coverage="0% (0/2)" />
            <line number="118" hits="0" branch="false" />
            <line number="119" hits="0" branch="true" condition-coverage="0% (0/2)" />
            <line number="120" hits="0" branch="false" />
            <line number="121" hits="0" branch="true" condition-coverage="0% (0/2)" />
            <line number="122" hits="0" branch="true" condition-coverage="0% (0/2)" />
            <line number="123" hits="0" branch="false" />
            <line number="124" hits="0" branch="false" />
            <line number="125" hits="0" branch="false" />
            <line number="126" hits="0" branch="false" />
            <line number="129" hits="0" branch="false" />
            <line number="130" hits="0" branch="true" condition-coverage="0% (0/2)" />
            <line number="131" hits="0" branch="false" />
            <line number="132" hits="0" branch="false" />
            <line number="133" hits="0" branch="false" />
            <line number="134" hits="0" branch="false" />
            <line number="136" hits="0" branch="false" />
            <line number="137" hits="0" branch="false" />
          </lines>
        </class>
        <class name="eParking.Transakcija" filename="C:\Users\berin\Source\Repos\VVSzadaca2\eParking\eParking\Transakcija.cs" line-rate="0" branch-rate="1" complexity="1">
          <methods>
            <method name="DajVrijemeDolaska" signature="(...)" line-rate="0" branch-rate="1" complexity="1">
              <lines>
                <line number="15" hits="0" branch="false" />
                <line number="16" hits="0" branch="false" />
              </lines>
            </method>
          </methods>
          <lines>
            <line number="15" hits="0" branch="false" />
            <line number="16" hits="0" branch="false" />
          </lines>
        </class>
        <class name="eParking.Vozilo" filename="C:\Users\berin\Source\Repos\VVSzadaca2\eParking\eParking\Vozilo.cs" line-rate="0.8" branch-rate="0.5" complexity="22">
          <methods>
            <method name="get_Vrsta" signature="()" line-rate="0" branch-rate="1" complexity="1">
              <lines>
                <line number="22" hits="0" branch="false" />
              </lines>
            </method>
            <method name="set_Vrsta" signature="(...)" line-rate="0.8333333333333334" branch-rate="0.5" complexity="2">
              <lines>
                <line number="24" hits="11" branch="false" />
                <line number="25" hits="11" branch="false" />
                <line number="26" hits="23" branch="true" condition-coverage="50% (1/2)" />
                <line number="27" hits="0" branch="false" />
                <line number="29" hits="11" branch="false" />
                <line number="30" hits="11" branch="false" />
              </lines>
            </method>
            <method name="get_Tablice" signature="()" line-rate="0" branch-rate="1" complexity="1">
              <lines>
                <line number="35" hits="0" branch="false" />
              </lines>
            </method>
            <method name="set_Tablice" signature="(...)" line-rate="0.9" branch-rate="0.5" complexity="14">
              <lines>
                <line number="37" hits="11" branch="false" />
                <line number="38" hits="11" branch="true" condition-coverage="50% (7/14)" />
                <line number="39" hits="11" branch="false" />
                <line number="40" hits="11" branch="false" />
                <line number="41" hits="11" branch="false" />
                <line number="42" hits="11" branch="false" />
                <line number="43" hits="11" branch="false" />
                <line number="44" hits="0" branch="false" />
                <line number="46" hits="11" branch="false" />
                <line number="47" hits="11" branch="false" />
              </lines>
            </method>
            <method name="get_BrojSjedišta" signature="()" line-rate="0" branch-rate="1" complexity="1">
              <lines>
                <line number="52" hits="0" branch="false" />
              </lines>
            </method>
            <method name="set_BrojSjedišta" signature="(...)" line-rate="0.8" branch-rate="0.5" complexity="2">
              <lines>
                <line number="54" hits="11" branch="false" />
                <line number="55" hits="11" branch="true" condition-coverage="50% (1/2)" />
                <line number="56" hits="0" branch="false" />
                <line number="58" hits="11" branch="false" />
                <line number="59" hits="11" branch="false" />
              </lines>
            </method>
            <method name=".ctor" signature="(...)" line-rate="1" branch-rate="1" complexity="1">
              <lines>
                <line number="66" hits="11" branch="false" />
                <line number="67" hits="11" branch="false" />
                <line number="68" hits="11" branch="false" />
                <line number="69" hits="11" branch="false" />
                <line number="70" hits="11" branch="false" />
                <line number="71" hits="11" branch="false" />
              </lines>
            </method>
          </methods>
          <lines>
            <line number="22" hits="0" branch="false" />
            <line number="24" hits="11" branch="false" />
            <line number="25" hits="11" branch="false" />
            <line number="26" hits="23" branch="true" condition-coverage="50% (1/2)" />
            <line number="27" hits="0" branch="false" />
            <line number="29" hits="11" branch="false" />
            <line number="30" hits="11" branch="false" />
            <line number="35" hits="0" branch="false" />
            <line number="37" hits="11" branch="false" />
            <line number="38" hits="11" branch="true" condition-coverage="50% (7/14)" />
            <line number="39" hits="11" branch="false" />
            <line number="40" hits="11" branch="false" />
            <line number="41" hits="11" branch="false" />
            <line number="42" hits="11" branch="false" />
            <line number="43" hits="11" branch="false" />
            <line number="44" hits="0" branch="false" />
            <line number="46" hits="11" branch="false" />
            <line number="47" hits="11" branch="false" />
            <line number="52" hits="0" branch="false" />
            <line number="54" hits="11" branch="false" />
            <line number="55" hits="11" branch="true" condition-coverage="50% (1/2)" />
            <line number="56" hits="0" branch="false" />
            <line number="58" hits="11" branch="false" />
            <line number="59" hits="11" branch="false" />
            <line number="66" hits="11" branch="false" />
            <line number="67" hits="11" branch="false" />
            <line number="68" hits="11" branch="false" />
            <line number="69" hits="11" branch="false" />
            <line number="70" hits="11" branch="false" />
            <line number="71" hits="11" branch="false" />
          </lines>
        </class>
      </classes>
    </package>
  </packages>
</coverage>