<?xml version="1.0" encoding="utf-8"?>
<!DOCTYPE coverage SYSTEM "http://cobertura.sourceforge.net/xml/coverage-04.dtd">
<coverage line-rate="0.9022727272727272" branch-rate="0.8645833333333334" lines-covered="397" lines-valid="440" branches-covered="83" branches-valid="96" complexity="163" version="0" timestamp="1606842523">
  <sources>
    <source>C:\Users\berin\</source>
  </sources>
  <packages>
    <package name="eParking" line-rate="0.8986175115207373" branch-rate="0.8645833333333334" complexity="123">
      <classes>
        <class name="eParking.Clan" filename="C:\Users\berin\Source\Repos\VVSzadaca2\eParking\eParking\Clan.cs" line-rate="0.9142857142857143" branch-rate="0.75" complexity="19">
          <methods>
            <method name="get_Password" signature="()" line-rate="1" branch-rate="1" complexity="1">
              <lines>
                <line number="27" hits="1" branch="false" />
              </lines>
            </method>
            <method name="set_Password" signature="(...)" line-rate="1" branch-rate="1" complexity="6">
              <lines>
                <line number="29" hits="11" branch="false" />
                <line number="30" hits="11" branch="true" condition-coverage="100% (6/6)" />
                <line number="31" hits="11" branch="false" />
                <line number="32" hits="5" branch="false" />
                <line number="34" hits="6" branch="false" />
                <line number="35" hits="6" branch="false" />
              </lines>
            </method>
            <method name="get_Status" signature="()" line-rate="1" branch-rate="1" complexity="1">
              <lines>
                <line number="40" hits="12" branch="false" />
              </lines>
            </method>
            <method name="get_AktivnaDo" signature="()" line-rate="1" branch-rate="1" complexity="1">
              <lines>
                <line number="45" hits="1" branch="false" />
              </lines>
            </method>
            <method name="get_RezervisanoParkingMjesto" signature="()" line-rate="1" branch-rate="1" complexity="1">
              <lines>
                <line number="50" hits="13" branch="false" />
              </lines>
            </method>
            <method name="RezervišiMjesto" signature="(...)" line-rate="0.7142857142857143" branch-rate="0.5" complexity="4">
              <lines>
                <line number="82" hits="6" branch="false" />
                <line number="83" hits="6" branch="false" />
                <line number="84" hits="0" branch="true" condition-coverage="50% (1/2)" />
                <line number="85" hits="0" branch="true" condition-coverage="50% (1/2)" />
                <line number="86" hits="6" branch="false" />
                <line number="87" hits="6" branch="false" />
                <line number="88" hits="5" branch="false" />
              </lines>
            </method>
            <method name="ProvjeriJeLiČlanarinaIstekla" signature="()" line-rate="0.75" branch-rate="0.5" complexity="2">
              <lines>
                <line number="91" hits="13" branch="false" />
                <line number="92" hits="13" branch="true" condition-coverage="50% (1/2)" />
                <line number="93" hits="0" branch="false" />
                <line number="94" hits="13" branch="false" />
              </lines>
            </method>
            <method name="OtkažiRezervaciju" signature="()" line-rate="1" branch-rate="1" complexity="1">
              <lines>
                <line number="97" hits="1" branch="false" />
                <line number="98" hits="1" branch="false" />
                <line number="99" hits="1" branch="false" />
              </lines>
            </method>
            <method name=".ctor" signature="(...)" line-rate="1" branch-rate="1" complexity="1">
              <lines>
                <line number="58" hits="11" branch="false" />
                <line number="59" hits="11" branch="false" />
                <line number="60" hits="11" branch="false" />
                <line number="61" hits="6" branch="false" />
                <line number="62" hits="6" branch="false" />
                <line number="63" hits="6" branch="false" />
              </lines>
            </method>
            <method name=".ctor" signature="(...)" line-rate="1" branch-rate="1" complexity="1">
              <lines>
                <line number="65" hits="7" branch="false" />
                <line number="66" hits="7" branch="false" />
                <line number="67" hits="7" branch="false" />
                <line number="68" hits="7" branch="false" />
                <line number="69" hits="7" branch="false" />
              </lines>
            </method>
          </methods>
          <lines>
            <line number="27" hits="1" branch="false" />
            <line number="29" hits="11" branch="false" />
            <line number="30" hits="11" branch="true" condition-coverage="100% (6/6)" />
            <line number="31" hits="11" branch="false" />
            <line number="32" hits="5" branch="false" />
            <line number="34" hits="6" branch="false" />
            <line number="35" hits="6" branch="false" />
            <line number="40" hits="12" branch="false" />
            <line number="45" hits="1" branch="false" />
            <line number="50" hits="13" branch="false" />
            <line number="58" hits="11" branch="false" />
            <line number="59" hits="11" branch="false" />
            <line number="60" hits="11" branch="false" />
            <line number="61" hits="6" branch="false" />
            <line number="62" hits="6" branch="false" />
            <line number="63" hits="6" branch="false" />
            <line number="65" hits="7" branch="false" />
            <line number="66" hits="7" branch="false" />
            <line number="67" hits="7" branch="false" />
            <line number="68" hits="7" branch="false" />
            <line number="69" hits="7" branch="false" />
            <line number="82" hits="6" branch="false" />
            <line number="83" hits="6" branch="false" />
            <line number="84" hits="0" branch="true" condition-coverage="50% (1/2)" />
            <line number="85" hits="0" branch="true" condition-coverage="50% (1/2)" />
            <line number="86" hits="6" branch="false" />
            <line number="87" hits="6" branch="false" />
            <line number="88" hits="5" branch="false" />
            <line number="91" hits="13" branch="false" />
            <line number="92" hits="13" branch="true" condition-coverage="50% (1/2)" />
            <line number="93" hits="0" branch="false" />
            <line number="94" hits="13" branch="false" />
            <line number="97" hits="1" branch="false" />
            <line number="98" hits="1" branch="false" />
            <line number="99" hits="1" branch="false" />
          </lines>
        </class>
        <class name="eParking.Korisnik" filename="C:\Users\berin\Source\Repos\VVSzadaca2\eParking\eParking\Korisnik.cs" line-rate="0.96875" branch-rate="0.9166666666666666" complexity="19">
          <methods>
            <method name="get_BrojLogovanja" signature="()" line-rate="1" branch-rate="1" complexity="1">
              <lines>
                <line number="22" hits="1" branch="false" />
              </lines>
            </method>
            <method name="get_Username" signature="()" line-rate="1" branch-rate="1" complexity="1">
              <lines>
                <line number="27" hits="11" branch="false" />
              </lines>
            </method>
            <method name="set_Username" signature="(...)" line-rate="1" branch-rate="1" complexity="8">
              <lines>
                <line number="29" hits="13" branch="false" />
                <line number="30" hits="13" branch="true" condition-coverage="100% (8/8)" />
                <line number="31" hits="13" branch="false" />
                <line number="32" hits="13" branch="false" />
                <line number="33" hits="1" branch="false" />
                <line number="35" hits="12" branch="false" />
                <line number="36" hits="12" branch="false" />
              </lines>
            </method>
            <method name="get_Adresa" signature="()" line-rate="1" branch-rate="1" complexity="1">
              <lines>
                <line number="41" hits="1" branch="false" />
              </lines>
            </method>
            <method name="set_Adresa" signature="(...)" line-rate="1" branch-rate="1" complexity="2">
              <lines>
                <line number="43" hits="13" branch="false" />
                <line number="44" hits="13" branch="true" condition-coverage="100% (2/2)" />
                <line number="45" hits="1" branch="false" />
                <line number="47" hits="12" branch="false" />
                <line number="48" hits="12" branch="false" />
              </lines>
            </method>
            <method name="get_Vozilo" signature="()" line-rate="1" branch-rate="1" complexity="1">
              <lines>
                <line number="53" hits="1" branch="false" />
              </lines>
            </method>
            <method name="set_Vozilo" signature="(...)" line-rate="1" branch-rate="1" complexity="1">
              <lines>
                <line number="54" hits="12" branch="false" />
              </lines>
            </method>
            <method name="UlogujSe" signature="()" line-rate="0.8" branch-rate="0.5" complexity="2">
              <lines>
                <line number="85" hits="1" branch="false" />
                <line number="86" hits="0" branch="true" condition-coverage="50% (1/2)" />
                <line number="87" hits="1" branch="false" />
                <line number="88" hits="1" branch="false" />
                <line number="89" hits="1" branch="false" />
              </lines>
            </method>
            <method name=".ctor" signature="(...)" line-rate="1" branch-rate="1" complexity="1">
              <lines>
                <line number="12" hits="19" branch="false" />
                <line number="22" hits="1" branch="false" />
                <line number="27" hits="11" branch="false" />
                <line number="29" hits="13" branch="false" />
                <line number="30" hits="13" branch="true" condition-coverage="100% (8/8)" />
                <line number="31" hits="13" branch="false" />
                <line number="32" hits="13" branch="false" />
                <line number="33" hits="1" branch="false" />
                <line number="35" hits="12" branch="false" />
                <line number="36" hits="12" branch="false" />
                <line number="41" hits="1" branch="false" />
                <line number="43" hits="13" branch="false" />
                <line number="44" hits="13" branch="true" condition-coverage="100% (2/2)" />
                <line number="45" hits="1" branch="false" />
                <line number="47" hits="12" branch="false" />
                <line number="48" hits="12" branch="false" />
                <line number="53" hits="1" branch="false" />
                <line number="54" hits="12" branch="false" />
                <line number="61" hits="12" branch="false" />
                <line number="62" hits="12" branch="false" />
                <line number="63" hits="12" branch="false" />
                <line number="64" hits="12" branch="false" />
                <line number="65" hits="12" branch="false" />
                <line number="66" hits="12" branch="false" />
              </lines>
            </method>
            <method name=".ctor" signature="()" line-rate="1" branch-rate="1" complexity="1">
              <lines>
                <line number="68" hits="7" branch="false" />
                <line number="69" hits="7" branch="false" />
                <line number="71" hits="7" branch="false" />
              </lines>
            </method>
          </methods>
          <lines>
            <line number="12" hits="19" branch="false" />
            <line number="22" hits="1" branch="false" />
            <line number="27" hits="11" branch="false" />
            <line number="29" hits="13" branch="false" />
            <line number="30" hits="13" branch="true" condition-coverage="100% (8/8)" />
            <line number="31" hits="13" branch="false" />
            <line number="32" hits="13" branch="false" />
            <line number="33" hits="1" branch="false" />
            <line number="35" hits="12" branch="false" />
            <line number="36" hits="12" branch="false" />
            <line number="41" hits="1" branch="false" />
            <line number="43" hits="13" branch="false" />
            <line number="44" hits="13" branch="true" condition-coverage="100% (2/2)" />
            <line number="45" hits="1" branch="false" />
            <line number="47" hits="12" branch="false" />
            <line number="48" hits="12" branch="false" />
            <line number="53" hits="1" branch="false" />
            <line number="54" hits="12" branch="false" />
            <line number="61" hits="12" branch="false" />
            <line number="62" hits="12" branch="false" />
            <line number="63" hits="12" branch="false" />
            <line number="64" hits="12" branch="false" />
            <line number="65" hits="12" branch="false" />
            <line number="66" hits="12" branch="false" />
            <line number="68" hits="7" branch="false" />
            <line number="69" hits="7" branch="false" />
            <line number="71" hits="7" branch="false" />
            <line number="85" hits="1" branch="false" />
            <line number="86" hits="0" branch="true" condition-coverage="50% (1/2)" />
            <line number="87" hits="1" branch="false" />
            <line number="88" hits="1" branch="false" />
            <line number="89" hits="1" branch="false" />
          </lines>
        </class>
        <class name="eParking.Lokacija" filename="C:\Users\berin\Source\Repos\VVSzadaca2\eParking\eParking\Lokacija.cs" line-rate="0.9545454545454546" branch-rate="0.8888888888888888" complexity="23">
          <methods>
            <method name="get_Naziv" signature="()" line-rate="1" branch-rate="1" complexity="1">
              <lines>
                <line number="23" hits="27" branch="false" />
              </lines>
            </method>
            <method name="set_Naziv" signature="(...)" line-rate="1" branch-rate="1" complexity="4">
              <lines>
                <line number="25" hits="26" branch="false" />
                <line number="26" hits="26" branch="true" condition-coverage="100% (4/4)" />
                <line number="27" hits="1" branch="false" />
                <line number="29" hits="25" branch="false" />
                <line number="30" hits="25" branch="false" />
              </lines>
            </method>
            <method name="get_Ulice" signature="()" line-rate="1" branch-rate="1" complexity="1">
              <lines>
                <line number="35" hits="14" branch="false" />
              </lines>
            </method>
            <method name="get_Cijena" signature="()" line-rate="1" branch-rate="1" complexity="1">
              <lines>
                <line number="40" hits="2" branch="false" />
              </lines>
            </method>
            <method name="set_Cijena" signature="(...)" line-rate="1" branch-rate="1" complexity="4">
              <lines>
                <line number="42" hits="22" branch="false" />
                <line number="43" hits="22" branch="true" condition-coverage="100% (4/4)" />
                <line number="44" hits="1" branch="false" />
                <line number="46" hits="21" branch="false" />
                <line number="47" hits="21" branch="false" />
              </lines>
            </method>
            <method name="get_Kapacitet" signature="()" line-rate="1" branch-rate="1" complexity="1">
              <lines>
                <line number="52" hits="6" branch="false" />
              </lines>
            </method>
            <method name="set_Kapacitet" signature="(...)" line-rate="1" branch-rate="1" complexity="2">
              <lines>
                <line number="54" hits="23" branch="false" />
                <line number="55" hits="23" branch="true" condition-coverage="100% (2/2)" />
                <line number="56" hits="1" branch="false" />
                <line number="58" hits="22" branch="false" />
                <line number="59" hits="22" branch="false" />
              </lines>
            </method>
            <method name="DajTrenutniBrojSlobodnogMjesta" signature="()" line-rate="1" branch-rate="1" complexity="2">
              <lines>
                <line number="83" hits="10" branch="false" />
                <line number="84" hits="10" branch="false" />
                <line number="85" hits="10" branch="true" condition-coverage="100% (2/2)" />
                <line number="86" hits="2" branch="false" />
                <line number="87" hits="8" branch="false" />
                <line number="88" hits="8" branch="false" />
              </lines>
            </method>
            <method name="ZauzmiMjesto" signature="(...)" line-rate="0.6666666666666666" branch-rate="0.5" complexity="4">
              <lines>
                <line number="98" hits="7" branch="false" />
                <line number="99" hits="7" branch="false" />
                <line number="100" hits="0" branch="true" condition-coverage="50% (1/2)" />
                <line number="101" hits="14" branch="true" condition-coverage="50% (1/2)" />
                <line number="102" hits="0" branch="false" />
                <line number="103" hits="6" branch="false" />
              </lines>
            </method>
            <method name="OslobodiMjesto" signature="()" line-rate="1" branch-rate="1" complexity="1">
              <lines>
                <line number="106" hits="1" branch="false" />
                <line number="107" hits="1" branch="false" />
                <line number="108" hits="1" branch="false" />
              </lines>
            </method>
            <method name=".ctor" signature="(...)" line-rate="1" branch-rate="1" complexity="2">
              <lines>
                <line number="66" hits="24" branch="false" />
                <line number="67" hits="24" branch="false" />
                <line number="68" hits="24" branch="false" />
                <line number="69" hits="24" branch="true" condition-coverage="100% (2/2)" />
                <line number="70" hits="5" branch="false" />
                <line number="71" hits="19" branch="false" />
                <line number="72" hits="19" branch="false" />
                <line number="73" hits="19" branch="false" />
                <line number="74" hits="19" branch="false" />
                <line number="76" hits="19" branch="false" />
              </lines>
            </method>
          </methods>
          <lines>
            <line number="23" hits="27" branch="false" />
            <line number="25" hits="26" branch="false" />
            <line number="26" hits="26" branch="true" condition-coverage="100% (4/4)" />
            <line number="27" hits="1" branch="false" />
            <line number="29" hits="25" branch="false" />
            <line number="30" hits="25" branch="false" />
            <line number="35" hits="14" branch="false" />
            <line number="40" hits="2" branch="false" />
            <line number="42" hits="22" branch="false" />
            <line number="43" hits="22" branch="true" condition-coverage="100% (4/4)" />
            <line number="44" hits="1" branch="false" />
            <line number="46" hits="21" branch="false" />
            <line number="47" hits="21" branch="false" />
            <line number="52" hits="6" branch="false" />
            <line number="54" hits="23" branch="false" />
            <line number="55" hits="23" branch="true" condition-coverage="100% (2/2)" />
            <line number="56" hits="1" branch="false" />
            <line number="58" hits="22" branch="false" />
            <line number="59" hits="22" branch="false" />
            <line number="66" hits="24" branch="false" />
            <line number="67" hits="24" branch="false" />
            <line number="68" hits="24" branch="false" />
            <line number="69" hits="24" branch="true" condition-coverage="100% (2/2)" />
            <line number="70" hits="5" branch="false" />
            <line number="71" hits="19" branch="false" />
            <line number="72" hits="19" branch="false" />
            <line number="73" hits="19" branch="false" />
            <line number="74" hits="19" branch="false" />
            <line number="76" hits="19" branch="false" />
            <line number="83" hits="10" branch="false" />
            <line number="84" hits="10" branch="false" />
            <line number="85" hits="10" branch="true" condition-coverage="100% (2/2)" />
            <line number="86" hits="2" branch="false" />
            <line number="87" hits="8" branch="false" />
            <line number="88" hits="8" branch="false" />
            <line number="98" hits="7" branch="false" />
            <line number="99" hits="7" branch="false" />
            <line number="100" hits="0" branch="true" condition-coverage="50% (1/2)" />
            <line number="101" hits="14" branch="true" condition-coverage="50% (1/2)" />
            <line number="102" hits="0" branch="false" />
            <line number="103" hits="6" branch="false" />
            <line number="106" hits="1" branch="false" />
            <line number="107" hits="1" branch="false" />
            <line number="108" hits="1" branch="false" />
          </lines>
        </class>
        <class name="eParking.Parking" filename="C:\Users\berin\Source\Repos\VVSzadaca2\eParking\eParking\Parking.cs" line-rate="0.7837837837837838" branch-rate="0.8055555555555556" complexity="39">
          <methods>
            <method name="get_Korisnici" signature="()" line-rate="1" branch-rate="1" complexity="1">
              <lines>
                <line number="20" hits="15" branch="false" />
              </lines>
            </method>
            <method name="get_Lokacije" signature="()" line-rate="1" branch-rate="1" complexity="1">
              <lines>
                <line number="25" hits="18" branch="false" />
              </lines>
            </method>
            <method name="RadSaLokacijom" signature="(...)" line-rate="1" branch-rate="1" complexity="16">
              <lines>
                <line number="43" hits="7" branch="false" />
                <line number="44" hits="7" branch="true" condition-coverage="100% (2/2)" />
                <line number="45" hits="3" branch="false" />
                <line number="46" hits="7" branch="true" condition-coverage="100% (2/2)" />
                <line number="47" hits="1" branch="false" />
                <line number="49" hits="2" branch="false" />
                <line number="50" hits="2" branch="false" />
                <line number="51" hits="4" branch="true" condition-coverage="100% (2/2)" />
                <line number="52" hits="2" branch="false" />
                <line number="53" hits="5" branch="false" />
                <line number="54" hits="2" branch="true" condition-coverage="100% (2/2)" />
                <line number="55" hits="1" branch="false" />
                <line number="57" hits="1" branch="false" />
                <line number="58" hits="1" branch="false" />
                <line number="59" hits="2" branch="true" condition-coverage="100% (2/2)" />
                <line number="60" hits="2" branch="false" />
                <line number="61" hits="8" branch="false" />
                <line number="62" hits="2" branch="true" condition-coverage="100% (2/2)" />
                <line number="63" hits="1" branch="false" />
                <line number="65" hits="7" branch="true" condition-coverage="100% (2/2)" />
                <line number="66" hits="2" branch="true" condition-coverage="100% (2/2)" />
                <line number="67" hits="2" branch="false" />
                <line number="68" hits="1" branch="false" />
                <line number="69" hits="4" branch="false" />
              </lines>
            </method>
            <method name="DodajKorisnika" signature="(...)" line-rate="1" branch-rate="1" complexity="6">
              <lines>
                <line number="72" hits="6" branch="false" />
                <line number="73" hits="11" branch="false" />
                <line number="74" hits="6" branch="true" condition-coverage="100% (4/4)" />
                <line number="75" hits="1" branch="false" />
                <line number="76" hits="5" branch="true" condition-coverage="100% (2/2)" />
                <line number="77" hits="4" branch="false" />
                <line number="78" hits="4" branch="false" />
                <line number="79" hits="4" branch="false" />
                <line number="80" hits="4" branch="false" />
                <line number="82" hits="1" branch="false" />
                <line number="83" hits="5" branch="false" />
              </lines>
            </method>
            <method name="RezervišiParking" signature="(...)" line-rate="0.6666666666666666" branch-rate="0.5" complexity="4">
              <lines>
                <line number="96" hits="5" branch="false" />
                <line number="97" hits="5" branch="true" condition-coverage="50% (1/2)" />
                <line number="98" hits="0" branch="false" />
                <line number="99" hits="0" branch="false" />
                <line number="101" hits="5" branch="true" condition-coverage="50% (1/2)" />
                <line number="102" hits="0" branch="false" />
                <line number="103" hits="0" branch="false" />
                <line number="106" hits="5" branch="false" />
                <line number="108" hits="5" branch="false" />
                <line number="109" hits="6" branch="false" />
                <line number="110" hits="1" branch="false" />
                <line number="112" hits="4" branch="false" />
              </lines>
            </method>
            <method name="IzračunajTrenutnuZaradu" signature="()" line-rate="0.6666666666666666" branch-rate="0.625" complexity="8">
              <lines>
                <line number="115" hits="2" branch="false" />
                <line number="116" hits="2" branch="false" />
                <line number="117" hits="8" branch="true" condition-coverage="50% (1/2)" />
                <line number="118" hits="2" branch="false" />
                <line number="119" hits="20" branch="true" condition-coverage="50% (1/2)" />
                <line number="120" hits="8" branch="false" />
                <line number="121" hits="10" branch="true" condition-coverage="100% (2/2)" />
                <line number="122" hits="0" branch="true" condition-coverage="50% (1/2)" />
                <line number="123" hits="6" branch="false" />
                <line number="124" hits="0" branch="false" />
                <line number="125" hits="0" branch="false" />
                <line number="126" hits="0" branch="false" />
              </lines>
            </method>
            <method name="OslobodiParkingMjesto" signature="(...)" line-rate="0" branch-rate="0" complexity="2">
              <lines>
                <line number="129" hits="0" branch="false" />
                <line number="130" hits="0" branch="true" condition-coverage="0% (0/2)" />
                <line number="131" hits="0" branch="false" />
                <line number="132" hits="0" branch="false" />
                <line number="133" hits="0" branch="false" />
                <line number="134" hits="0" branch="false" />
                <line number="136" hits="0" branch="false" />
                <line number="137" hits="0" branch="false" />
              </lines>
            </method>
            <method name=".ctor" signature="()" line-rate="1" branch-rate="1" complexity="1">
              <lines>
                <line number="32" hits="1" branch="false" />
                <line number="33" hits="1" branch="false" />
                <line number="34" hits="1" branch="false" />
                <line number="35" hits="1" branch="false" />
                <line number="36" hits="1" branch="false" />
              </lines>
            </method>
          </methods>
          <lines>
            <line number="20" hits="15" branch="false" />
            <line number="25" hits="18" branch="false" />
            <line number="32" hits="1" branch="false" />
            <line number="33" hits="1" branch="false" />
            <line number="34" hits="1" branch="false" />
            <line number="35" hits="1" branch="false" />
            <line number="36" hits="1" branch="false" />
            <line number="43" hits="7" branch="false" />
            <line number="44" hits="7" branch="true" condition-coverage="100% (2/2)" />
            <line number="45" hits="3" branch="false" />
            <line number="46" hits="7" branch="true" condition-coverage="100% (2/2)" />
            <line number="47" hits="1" branch="false" />
            <line number="49" hits="2" branch="false" />
            <line number="50" hits="2" branch="false" />
            <line number="51" hits="4" branch="true" condition-coverage="100% (2/2)" />
            <line number="52" hits="2" branch="false" />
            <line number="53" hits="5" branch="false" />
            <line number="54" hits="2" branch="true" condition-coverage="100% (2/2)" />
            <line number="55" hits="1" branch="false" />
            <line number="57" hits="1" branch="false" />
            <line number="58" hits="1" branch="false" />
            <line number="59" hits="2" branch="true" condition-coverage="100% (2/2)" />
            <line number="60" hits="2" branch="false" />
            <line number="61" hits="8" branch="false" />
            <line number="62" hits="2" branch="true" condition-coverage="100% (2/2)" />
            <line number="63" hits="1" branch="false" />
            <line number="65" hits="7" branch="true" condition-coverage="100% (2/2)" />
            <line number="66" hits="2" branch="true" condition-coverage="100% (2/2)" />
            <line number="67" hits="2" branch="false" />
            <line number="68" hits="1" branch="false" />
            <line number="69" hits="4" branch="false" />
            <line number="72" hits="6" branch="false" />
            <line number="73" hits="11" branch="false" />
            <line number="74" hits="6" branch="true" condition-coverage="100% (4/4)" />
            <line number="75" hits="1" branch="false" />
            <line number="76" hits="5" branch="true" condition-coverage="100% (2/2)" />
            <line number="77" hits="4" branch="false" />
            <line number="78" hits="4" branch="false" />
            <line number="79" hits="4" branch="false" />
            <line number="80" hits="4" branch="false" />
            <line number="82" hits="1" branch="false" />
            <line number="83" hits="5" branch="false" />
            <line number="96" hits="5" branch="false" />
            <line number="97" hits="5" branch="true" condition-coverage="50% (1/2)" />
            <line number="98" hits="0" branch="false" />
            <line number="99" hits="0" branch="false" />
            <line number="101" hits="5" branch="true" condition-coverage="50% (1/2)" />
            <line number="102" hits="0" branch="false" />
            <line number="103" hits="0" branch="false" />
            <line number="106" hits="5" branch="false" />
            <line number="108" hits="5" branch="false" />
            <line number="109" hits="6" branch="false" />
            <line number="110" hits="1" branch="false" />
            <line number="112" hits="4" branch="false" />
            <line number="115" hits="2" branch="false" />
            <line number="116" hits="2" branch="false" />
            <line number="117" hits="8" branch="true" condition-coverage="50% (1/2)" />
            <line number="118" hits="2" branch="false" />
            <line number="119" hits="20" branch="true" condition-coverage="50% (1/2)" />
            <line number="120" hits="8" branch="false" />
            <line number="121" hits="10" branch="true" condition-coverage="100% (2/2)" />
            <line number="122" hits="0" branch="true" condition-coverage="50% (1/2)" />
            <line number="123" hits="6" branch="false" />
            <line number="124" hits="0" branch="false" />
            <line number="125" hits="0" branch="false" />
            <line number="126" hits="0" branch="false" />
            <line number="129" hits="0" branch="false" />
            <line number="130" hits="0" branch="true" condition-coverage="0% (0/2)" />
            <line number="131" hits="0" branch="false" />
            <line number="132" hits="0" branch="false" />
            <line number="133" hits="0" branch="false" />
            <line number="134" hits="0" branch="false" />
            <line number="136" hits="0" branch="false" />
            <line number="137" hits="0" branch="false" />
          </lines>
        </class>
        <class name="eParking.Transakcija" filename="C:\Users\berin\Source\Repos\VVSzadaca2\eParking\eParking\Transakcija.cs" line-rate="1" branch-rate="1" complexity="1">
          <methods>
            <method name="DajVrijemeDolaska" signature="(...)" line-rate="1" branch-rate="1" complexity="1">
              <lines>
                <line number="15" hits="1" branch="false" />
                <line number="16" hits="1" branch="false" />
              </lines>
            </method>
          </methods>
          <lines>
            <line number="15" hits="1" branch="false" />
            <line number="16" hits="1" branch="false" />
          </lines>
        </class>
        <class name="eParking.Vozilo" filename="C:\Users\berin\Source\Repos\VVSzadaca2\eParking\eParking\Vozilo.cs" line-rate="1" branch-rate="1" complexity="22">
          <methods>
            <method name="get_Vrsta" signature="()" line-rate="1" branch-rate="1" complexity="1">
              <lines>
                <line number="22" hits="2" branch="false" />
              </lines>
            </method>
            <method name="set_Vrsta" signature="(...)" line-rate="1" branch-rate="1" complexity="2">
              <lines>
                <line number="24" hits="16" branch="false" />
                <line number="25" hits="16" branch="false" />
                <line number="26" hits="38" branch="true" condition-coverage="100% (2/2)" />
                <line number="27" hits="1" branch="false" />
                <line number="29" hits="15" branch="false" />
                <line number="30" hits="15" branch="false" />
              </lines>
            </method>
            <method name="get_Tablice" signature="()" line-rate="1" branch-rate="1" complexity="1">
              <lines>
                <line number="35" hits="2" branch="false" />
              </lines>
            </method>
            <method name="set_Tablice" signature="(...)" line-rate="1" branch-rate="1" complexity="14">
              <lines>
                <line number="37" hits="16" branch="false" />
                <line number="38" hits="16" branch="true" condition-coverage="100% (14/14)" />
                <line number="39" hits="16" branch="false" />
                <line number="40" hits="16" branch="false" />
                <line number="41" hits="16" branch="false" />
                <line number="42" hits="16" branch="false" />
                <line number="43" hits="16" branch="false" />
                <line number="44" hits="1" branch="false" />
                <line number="46" hits="15" branch="false" />
                <line number="47" hits="15" branch="false" />
              </lines>
            </method>
            <method name="get_BrojSjedišta" signature="()" line-rate="1" branch-rate="1" complexity="1">
              <lines>
                <line number="52" hits="2" branch="false" />
              </lines>
            </method>
            <method name="set_BrojSjedišta" signature="(...)" line-rate="1" branch-rate="1" complexity="2">
              <lines>
                <line number="54" hits="16" branch="false" />
                <line number="55" hits="16" branch="true" condition-coverage="100% (2/2)" />
                <line number="56" hits="1" branch="false" />
                <line number="58" hits="15" branch="false" />
                <line number="59" hits="15" branch="false" />
              </lines>
            </method>
            <method name=".ctor" signature="(...)" line-rate="1" branch-rate="1" complexity="1">
              <lines>
                <line number="66" hits="15" branch="false" />
                <line number="67" hits="15" branch="false" />
                <line number="68" hits="15" branch="false" />
                <line number="69" hits="15" branch="false" />
                <line number="70" hits="15" branch="false" />
                <line number="71" hits="15" branch="false" />
              </lines>
            </method>
          </methods>
          <lines>
            <line number="22" hits="2" branch="false" />
            <line number="24" hits="16" branch="false" />
            <line number="25" hits="16" branch="false" />
            <line number="26" hits="38" branch="true" condition-coverage="100% (2/2)" />
            <line number="27" hits="1" branch="false" />
            <line number="29" hits="15" branch="false" />
            <line number="30" hits="15" branch="false" />
            <line number="35" hits="2" branch="false" />
            <line number="37" hits="16" branch="false" />
            <line number="38" hits="16" branch="true" condition-coverage="100% (14/14)" />
            <line number="39" hits="16" branch="false" />
            <line number="40" hits="16" branch="false" />
            <line number="41" hits="16" branch="false" />
            <line number="42" hits="16" branch="false" />
            <line number="43" hits="16" branch="false" />
            <line number="44" hits="1" branch="false" />
            <line number="46" hits="15" branch="false" />
            <line number="47" hits="15" branch="false" />
            <line number="52" hits="2" branch="false" />
            <line number="54" hits="16" branch="false" />
            <line number="55" hits="16" branch="true" condition-coverage="100% (2/2)" />
            <line number="56" hits="1" branch="false" />
            <line number="58" hits="15" branch="false" />
            <line number="59" hits="15" branch="false" />
            <line number="66" hits="15" branch="false" />
            <line number="67" hits="15" branch="false" />
            <line number="68" hits="15" branch="false" />
            <line number="69" hits="15" branch="false" />
            <line number="70" hits="15" branch="false" />
            <line number="71" hits="15" branch="false" />
          </lines>
        </class>
      </classes>
    </package>
    <package name="Unit testovi za zadatak 3" line-rate="0.905829596412556" branch-rate="1" complexity="40">
      <classes>
        <class name="AutoGeneratedProgram" filename="C:\Users\berin\.nuget\packages\microsoft.net.test.sdk\16.7.1\build\netcoreapp2.1\Microsoft.NET.Test.Sdk.Program.cs" line-rate="0" branch-rate="1" complexity="1">
          <methods>
            <method name="Main" signature="(...)" line-rate="0" branch-rate="1" complexity="1">
              <lines>
                <line number="4" hits="0" branch="false" />
              </lines>
            </method>
          </methods>
          <lines>
            <line number="4" hits="0" branch="false" />
          </lines>
        </class>
        <class name="Unit_testovi_za_zadatak_3.DataDrivenTestClan" filename="C:\Users\berin\source\repos\VVSzadaca2\eParking\Unit testovi za zadatak 3\DataDrivenTestClan.cs" line-rate="0.9782608695652174" branch-rate="1" complexity="7">
          <methods>
            <method name="get_ValidData" signature="()" line-rate="1" branch-rate="1" complexity="1">
              <lines>
                <line number="16" hits="1" branch="false" />
                <line number="17" hits="1" branch="false" />
                <line number="18" hits="1" branch="false" />
                <line number="19" hits="1" branch="false" />
                <line number="20" hits="1" branch="false" />
                <line number="21" hits="1" branch="false" />
                <line number="22" hits="1" branch="false" />
                <line number="23" hits="1" branch="false" />
                <line number="24" hits="1" branch="false" />
                <line number="25" hits="1" branch="false" />
              </lines>
            </method>
            <method name="get_InvalidData" signature="()" line-rate="1" branch-rate="1" complexity="1">
              <lines>
                <line number="30" hits="1" branch="false" />
                <line number="31" hits="1" branch="false" />
                <line number="32" hits="1" branch="false" />
                <line number="33" hits="1" branch="false" />
                <line number="34" hits="1" branch="false" />
                <line number="35" hits="1" branch="false" />
                <line number="36" hits="1" branch="false" />
                <line number="37" hits="1" branch="false" />
                <line number="38" hits="1" branch="false" />
                <line number="39" hits="1" branch="false" />
              </lines>
            </method>
            <method name="Inicijalizacija" signature="(...)" line-rate="1" branch-rate="1" complexity="1">
              <lines>
                <line number="44" hits="1" branch="false" />
                <line number="45" hits="1" branch="false" />
                <line number="46" hits="1" branch="false" />
                <line number="47" hits="1" branch="false" />
                <line number="48" hits="1" branch="false" />
              </lines>
            </method>
            <method name="TestValidnihPodataka" signature="(...)" line-rate="1" branch-rate="1" complexity="1">
              <lines>
                <line number="57" hits="5" branch="false" />
                <line number="58" hits="5" branch="false" />
                <line number="59" hits="5" branch="false" />
                <line number="60" hits="5" branch="false" />
              </lines>
            </method>
            <method name="TestNevalidnihPodataka" signature="(...)" line-rate="0.6666666666666666" branch-rate="1" complexity="1">
              <lines>
                <line number="68" hits="5" branch="false" />
                <line number="69" hits="5" branch="false" />
                <line number="70" hits="0" branch="false" />
              </lines>
            </method>
            <method name="TestGetMetodeClan" signature="()" line-rate="1" branch-rate="1" complexity="1">
              <lines>
                <line number="76" hits="1" branch="false" />
                <line number="77" hits="1" branch="false" />
                <line number="78" hits="1" branch="false" />
                <line number="79" hits="1" branch="false" />
                <line number="80" hits="1" branch="false" />
                <line number="81" hits="1" branch="false" />
                <line number="82" hits="1" branch="false" />
                <line number="83" hits="1" branch="false" />
              </lines>
            </method>
            <method name="TestOtkazivanjeRezervacije" signature="()" line-rate="1" branch-rate="1" complexity="1">
              <lines>
                <line number="89" hits="1" branch="false" />
                <line number="90" hits="1" branch="false" />
                <line number="91" hits="1" branch="false" />
                <line number="92" hits="1" branch="false" />
                <line number="93" hits="1" branch="false" />
                <line number="94" hits="1" branch="false" />
              </lines>
            </method>
          </methods>
          <lines>
            <line number="16" hits="1" branch="false" />
            <line number="17" hits="1" branch="false" />
            <line number="18" hits="1" branch="false" />
            <line number="19" hits="1" branch="false" />
            <line number="20" hits="1" branch="false" />
            <line number="21" hits="1" branch="false" />
            <line number="22" hits="1" branch="false" />
            <line number="23" hits="1" branch="false" />
            <line number="24" hits="1" branch="false" />
            <line number="25" hits="1" branch="false" />
            <line number="30" hits="1" branch="false" />
            <line number="31" hits="1" branch="false" />
            <line number="32" hits="1" branch="false" />
            <line number="33" hits="1" branch="false" />
            <line number="34" hits="1" branch="false" />
            <line number="35" hits="1" branch="false" />
            <line number="36" hits="1" branch="false" />
            <line number="37" hits="1" branch="false" />
            <line number="38" hits="1" branch="false" />
            <line number="39" hits="1" branch="false" />
            <line number="44" hits="1" branch="false" />
            <line number="45" hits="1" branch="false" />
            <line number="46" hits="1" branch="false" />
            <line number="47" hits="1" branch="false" />
            <line number="48" hits="1" branch="false" />
            <line number="57" hits="5" branch="false" />
            <line number="58" hits="5" branch="false" />
            <line number="59" hits="5" branch="false" />
            <line number="60" hits="5" branch="false" />
            <line number="68" hits="5" branch="false" />
            <line number="69" hits="5" branch="false" />
            <line number="70" hits="0" branch="false" />
            <line number="76" hits="1" branch="false" />
            <line number="77" hits="1" branch="false" />
            <line number="78" hits="1" branch="false" />
            <line number="79" hits="1" branch="false" />
            <line number="80" hits="1" branch="false" />
            <line number="81" hits="1" branch="false" />
            <line number="82" hits="1" branch="false" />
            <line number="83" hits="1" branch="false" />
            <line number="89" hits="1" branch="false" />
            <line number="90" hits="1" branch="false" />
            <line number="91" hits="1" branch="false" />
            <line number="92" hits="1" branch="false" />
            <line number="93" hits="1" branch="false" />
            <line number="94" hits="1" branch="false" />
          </lines>
        </class>
        <class name="Unit_testovi_za_zadatak_3.UnitTestKorisnik" filename="C:\Users\berin\source\repos\VVSzadaca2\eParking\Unit testovi za zadatak 3\UnitTestKorisnik.cs" line-rate="0.8888888888888888" branch-rate="1" complexity="4">
          <methods>
            <method name="Inicijalizacija" signature="(...)" line-rate="1" branch-rate="1" complexity="1">
              <lines>
                <line number="13" hits="1" branch="false" />
                <line number="14" hits="1" branch="false" />
                <line number="15" hits="1" branch="false" />
                <line number="17" hits="1" branch="false" />
              </lines>
            </method>
            <method name="TestGetMetodeKorisnik" signature="()" line-rate="1" branch-rate="1" complexity="1">
              <lines>
                <line number="23" hits="1" branch="false" />
                <line number="25" hits="1" branch="false" />
                <line number="26" hits="1" branch="false" />
                <line number="27" hits="1" branch="false" />
                <line number="28" hits="1" branch="false" />
                <line number="29" hits="1" branch="false" />
                <line number="30" hits="1" branch="false" />
                <line number="31" hits="1" branch="false" />
              </lines>
            </method>
            <method name="TestNeispravnoKorisničkoIme" signature="()" line-rate="0.6666666666666666" branch-rate="1" complexity="1">
              <lines>
                <line number="38" hits="1" branch="false" />
                <line number="39" hits="1" branch="false" />
                <line number="40" hits="0" branch="false" />
              </lines>
            </method>
            <method name="TestNeispravnaAdresa" signature="()" line-rate="0.6666666666666666" branch-rate="1" complexity="1">
              <lines>
                <line number="48" hits="1" branch="false" />
                <line number="49" hits="1" branch="false" />
                <line number="50" hits="0" branch="false" />
              </lines>
            </method>
          </methods>
          <lines>
            <line number="13" hits="1" branch="false" />
            <line number="14" hits="1" branch="false" />
            <line number="15" hits="1" branch="false" />
            <line number="17" hits="1" branch="false" />
            <line number="23" hits="1" branch="false" />
            <line number="25" hits="1" branch="false" />
            <line number="26" hits="1" branch="false" />
            <line number="27" hits="1" branch="false" />
            <line number="28" hits="1" branch="false" />
            <line number="29" hits="1" branch="false" />
            <line number="30" hits="1" branch="false" />
            <line number="31" hits="1" branch="false" />
            <line number="38" hits="1" branch="false" />
            <line number="39" hits="1" branch="false" />
            <line number="40" hits="0" branch="false" />
            <line number="48" hits="1" branch="false" />
            <line number="49" hits="1" branch="false" />
            <line number="50" hits="0" branch="false" />
          </lines>
        </class>
        <class name="Unit_testovi_za_zadatak_3.UnitTestLokacija3" filename="C:\Users\berin\source\repos\VVSzadaca2\eParking\Unit testovi za zadatak 3\UnitTestLokacija3.cs" line-rate="0.9090909090909091" branch-rate="1" complexity="12">
          <methods>
            <method name="get_ValidData" signature="()" line-rate="1" branch-rate="1" complexity="1">
              <lines>
                <line number="17" hits="1" branch="false" />
                <line number="18" hits="1" branch="false" />
                <line number="19" hits="1" branch="false" />
                <line number="20" hits="1" branch="false" />
                <line number="21" hits="1" branch="false" />
                <line number="22" hits="1" branch="false" />
                <line number="23" hits="1" branch="false" />
                <line number="24" hits="1" branch="false" />
                <line number="25" hits="1" branch="false" />
              </lines>
            </method>
            <method name="get_InvalidData" signature="()" line-rate="1" branch-rate="1" complexity="1">
              <lines>
                <line number="30" hits="1" branch="false" />
                <line number="31" hits="1" branch="false" />
                <line number="32" hits="1" branch="false" />
                <line number="33" hits="1" branch="false" />
                <line number="34" hits="1" branch="false" />
                <line number="35" hits="1" branch="false" />
                <line number="36" hits="1" branch="false" />
                <line number="37" hits="1" branch="false" />
                <line number="38" hits="1" branch="false" />
              </lines>
            </method>
            <method name="Inicijalizacija" signature="(...)" line-rate="1" branch-rate="1" complexity="1">
              <lines>
                <line number="43" hits="1" branch="false" />
                <line number="44" hits="1" branch="false" />
                <line number="45" hits="1" branch="false" />
                <line number="47" hits="1" branch="false" />
              </lines>
            </method>
            <method name="TestValidnihPodatakaLokacija" signature="(...)" line-rate="1" branch-rate="1" complexity="1">
              <lines>
                <line number="56" hits="4" branch="false" />
                <line number="57" hits="4" branch="false" />
                <line number="58" hits="4" branch="false" />
                <line number="59" hits="4" branch="false" />
              </lines>
            </method>
            <method name="TestNevalidnihPodatakaLokacija" signature="(...)" line-rate="0.6666666666666666" branch-rate="1" complexity="1">
              <lines>
                <line number="67" hits="4" branch="false" />
                <line number="68" hits="4" branch="false" />
                <line number="69" hits="0" branch="false" />
              </lines>
            </method>
            <method name="TestIzuzetakPriSvimZauzetimMjestima" signature="()" line-rate="0.6666666666666666" branch-rate="1" complexity="1">
              <lines>
                <line number="83" hits="1" branch="false" />
                <line number="84" hits="1" branch="false" />
                <line number="85" hits="0" branch="false" />
              </lines>
            </method>
            <method name="TestOslobodiZauzetoMjesto" signature="()" line-rate="1" branch-rate="1" complexity="1">
              <lines>
                <line number="92" hits="1" branch="false" />
                <line number="93" hits="1" branch="false" />
                <line number="94" hits="1" branch="false" />
                <line number="96" hits="1" branch="false" />
                <line number="97" hits="1" branch="false" />
                <line number="99" hits="1" branch="false" />
                <line number="100" hits="1" branch="false" />
              </lines>
            </method>
            <method name="TestGetMetodeLokacija" signature="()" line-rate="1" branch-rate="1" complexity="1">
              <lines>
                <line number="107" hits="1" branch="false" />
                <line number="108" hits="1" branch="false" />
                <line number="109" hits="1" branch="false" />
                <line number="110" hits="1" branch="false" />
                <line number="111" hits="1" branch="false" />
                <line number="112" hits="1" branch="false" />
                <line number="113" hits="1" branch="false" />
                <line number="114" hits="1" branch="false" />
                <line number="115" hits="1" branch="false" />
                <line number="116" hits="1" branch="false" />
                <line number="117" hits="1" branch="false" />
                <line number="118" hits="1" branch="false" />
                <line number="120" hits="1" branch="false" />
              </lines>
            </method>
            <method name="TestNeispravanFormatNaziva" signature="()" line-rate="0.5" branch-rate="1" complexity="1">
              <lines>
                <line number="127" hits="1" branch="false" />
                <line number="128" hits="0" branch="false" />
              </lines>
            </method>
            <method name="TestNeispravanFormatCijene" signature="()" line-rate="0.75" branch-rate="1" complexity="1">
              <lines>
                <line number="135" hits="1" branch="false" />
                <line number="136" hits="1" branch="false" />
                <line number="137" hits="1" branch="false" />
                <line number="138" hits="0" branch="false" />
              </lines>
            </method>
            <method name="TestNeispravanFormatKapaciteta" signature="()" line-rate="0.8" branch-rate="1" complexity="1">
              <lines>
                <line number="145" hits="1" branch="false" />
                <line number="146" hits="1" branch="false" />
                <line number="147" hits="1" branch="false" />
                <line number="148" hits="1" branch="false" />
                <line number="149" hits="0" branch="false" />
              </lines>
            </method>
            <method name="TestKonstruktorSaIzuzetkom" signature="()" line-rate="0.6666666666666666" branch-rate="1" complexity="1">
              <lines>
                <line number="156" hits="1" branch="false" />
                <line number="157" hits="1" branch="false" />
                <line number="158" hits="0" branch="false" />
              </lines>
            </method>
          </methods>
          <lines>
            <line number="17" hits="1" branch="false" />
            <line number="18" hits="1" branch="false" />
            <line number="19" hits="1" branch="false" />
            <line number="20" hits="1" branch="false" />
            <line number="21" hits="1" branch="false" />
            <line number="22" hits="1" branch="false" />
            <line number="23" hits="1" branch="false" />
            <line number="24" hits="1" branch="false" />
            <line number="25" hits="1" branch="false" />
            <line number="30" hits="1" branch="false" />
            <line number="31" hits="1" branch="false" />
            <line number="32" hits="1" branch="false" />
            <line number="33" hits="1" branch="false" />
            <line number="34" hits="1" branch="false" />
            <line number="35" hits="1" branch="false" />
            <line number="36" hits="1" branch="false" />
            <line number="37" hits="1" branch="false" />
            <line number="38" hits="1" branch="false" />
            <line number="43" hits="1" branch="false" />
            <line number="44" hits="1" branch="false" />
            <line number="45" hits="1" branch="false" />
            <line number="47" hits="1" branch="false" />
            <line number="56" hits="4" branch="false" />
            <line number="57" hits="4" branch="false" />
            <line number="58" hits="4" branch="false" />
            <line number="59" hits="4" branch="false" />
            <line number="67" hits="4" branch="false" />
            <line number="68" hits="4" branch="false" />
            <line number="69" hits="0" branch="false" />
            <line number="83" hits="1" branch="false" />
            <line number="84" hits="1" branch="false" />
            <line number="85" hits="0" branch="false" />
            <line number="92" hits="1" branch="false" />
            <line number="93" hits="1" branch="false" />
            <line number="94" hits="1" branch="false" />
            <line number="96" hits="1" branch="false" />
            <line number="97" hits="1" branch="false" />
            <line number="99" hits="1" branch="false" />
            <line number="100" hits="1" branch="false" />
            <line number="107" hits="1" branch="false" />
            <line number="108" hits="1" branch="false" />
            <line number="109" hits="1" branch="false" />
            <line number="110" hits="1" branch="false" />
            <line number="111" hits="1" branch="false" />
            <line number="112" hits="1" branch="false" />
            <line number="113" hits="1" branch="false" />
            <line number="114" hits="1" branch="false" />
            <line number="115" hits="1" branch="false" />
            <line number="116" hits="1" branch="false" />
            <line number="117" hits="1" branch="false" />
            <line number="118" hits="1" branch="false" />
            <line number="120" hits="1" branch="false" />
            <line number="127" hits="1" branch="false" />
            <line number="128" hits="0" branch="false" />
            <line number="135" hits="1" branch="false" />
            <line number="136" hits="1" branch="false" />
            <line number="137" hits="1" branch="false" />
            <line number="138" hits="0" branch="false" />
            <line number="145" hits="1" branch="false" />
            <line number="146" hits="1" branch="false" />
            <line number="147" hits="1" branch="false" />
            <line number="148" hits="1" branch="false" />
            <line number="149" hits="0" branch="false" />
            <line number="156" hits="1" branch="false" />
            <line number="157" hits="1" branch="false" />
            <line number="158" hits="0" branch="false" />
          </lines>
        </class>
        <class name="Unit_testovi_za_zadatak_3.UnitTestParking3" filename="C:\Users\berin\source\repos\VVSzadaca2\eParking\Unit testovi za zadatak 3\UnitTestParking3.cs" line-rate="0.890625" branch-rate="1" complexity="8">
          <methods>
            <method name="Inicijalizacija" signature="(...)" line-rate="1" branch-rate="1" complexity="1">
              <lines>
                <line number="19" hits="1" branch="false" />
                <line number="20" hits="1" branch="false" />
                <line number="21" hits="1" branch="false" />
                <line number="22" hits="1" branch="false" />
                <line number="23" hits="1" branch="false" />
                <line number="24" hits="1" branch="false" />
                <line number="26" hits="1" branch="false" />
              </lines>
            </method>
            <method name="TestDodavanjeKorisnikaKojiNijeČlan" signature="()" line-rate="0.6666666666666666" branch-rate="1" complexity="1">
              <lines>
                <line number="34" hits="1" branch="false" />
                <line number="35" hits="1" branch="false" />
                <line number="36" hits="0" branch="false" />
              </lines>
            </method>
            <method name="TestRadSaLokacijomOpcija0" signature="()" line-rate="0.8888888888888888" branch-rate="1" complexity="1">
              <lines>
                <line number="43" hits="1" branch="false" />
                <line number="44" hits="1" branch="false" />
                <line number="45" hits="1" branch="false" />
                <line number="46" hits="1" branch="false" />
                <line number="47" hits="1" branch="false" />
                <line number="48" hits="1" branch="false" />
                <line number="49" hits="1" branch="false" />
                <line number="50" hits="1" branch="false" />
                <line number="52" hits="0" branch="false" />
              </lines>
            </method>
            <method name="TestRadSaLokacijomOpcija1" signature="()" line-rate="0.8333333333333334" branch-rate="1" complexity="1">
              <lines>
                <line number="59" hits="1" branch="false" />
                <line number="60" hits="1" branch="false" />
                <line number="61" hits="1" branch="false" />
                <line number="62" hits="1" branch="false" />
                <line number="63" hits="1" branch="false" />
                <line number="64" hits="0" branch="false" />
              </lines>
            </method>
            <method name="TestRadSaLokacijomOpcija2" signature="()" line-rate="0.8571428571428571" branch-rate="1" complexity="1">
              <lines>
                <line number="71" hits="1" branch="false" />
                <line number="72" hits="1" branch="false" />
                <line number="73" hits="1" branch="false" />
                <line number="74" hits="1" branch="false" />
                <line number="75" hits="1" branch="false" />
                <line number="76" hits="1" branch="false" />
                <line number="77" hits="0" branch="false" />
              </lines>
            </method>
            <method name="TestNeuspjesneRezervacije" signature="()" line-rate="0.8" branch-rate="1" complexity="1">
              <lines>
                <line number="84" hits="1" branch="false" />
                <line number="85" hits="1" branch="false" />
                <line number="86" hits="1" branch="false" />
                <line number="87" hits="1" branch="false" />
                <line number="88" hits="0" branch="false" />
              </lines>
            </method>
            <method name="TestLokacijaBezUlice" signature="()" line-rate="0.8888888888888888" branch-rate="1" complexity="1">
              <lines>
                <line number="95" hits="1" branch="false" />
                <line number="96" hits="1" branch="false" />
                <line number="97" hits="1" branch="false" />
                <line number="98" hits="1" branch="false" />
                <line number="99" hits="1" branch="false" />
                <line number="100" hits="1" branch="false" />
                <line number="101" hits="1" branch="false" />
                <line number="102" hits="1" branch="false" />
                <line number="104" hits="0" branch="false" />
              </lines>
            </method>
            <method name="TestProracunTrenutneZarade" signature="()" line-rate="0.9444444444444444" branch-rate="1" complexity="1">
              <lines>
                <line number="110" hits="1" branch="false" />
                <line number="111" hits="1" branch="false" />
                <line number="112" hits="1" branch="false" />
                <line number="113" hits="1" branch="false" />
                <line number="115" hits="1" branch="false" />
                <line number="116" hits="1" branch="false" />
                <line number="117" hits="1" branch="false" />
                <line number="118" hits="1" branch="false" />
                <line number="119" hits="1" branch="false" />
                <line number="120" hits="1" branch="false" />
                <line number="121" hits="1" branch="false" />
                <line number="122" hits="1" branch="false" />
                <line number="123" hits="1" branch="false" />
                <line number="124" hits="1" branch="false" />
                <line number="125" hits="1" branch="false" />
                <line number="126" hits="1" branch="false" />
                <line number="127" hits="1" branch="false" />
                <line number="128" hits="0" branch="false" />
              </lines>
            </method>
          </methods>
          <lines>
            <line number="19" hits="1" branch="false" />
            <line number="20" hits="1" branch="false" />
            <line number="21" hits="1" branch="false" />
            <line number="22" hits="1" branch="false" />
            <line number="23" hits="1" branch="false" />
            <line number="24" hits="1" branch="false" />
            <line number="26" hits="1" branch="false" />
            <line number="34" hits="1" branch="false" />
            <line number="35" hits="1" branch="false" />
            <line number="36" hits="0" branch="false" />
            <line number="43" hits="1" branch="false" />
            <line number="44" hits="1" branch="false" />
            <line number="45" hits="1" branch="false" />
            <line number="46" hits="1" branch="false" />
            <line number="47" hits="1" branch="false" />
            <line number="48" hits="1" branch="false" />
            <line number="49" hits="1" branch="false" />
            <line number="50" hits="1" branch="false" />
            <line number="52" hits="0" branch="false" />
            <line number="59" hits="1" branch="false" />
            <line number="60" hits="1" branch="false" />
            <line number="61" hits="1" branch="false" />
            <line number="62" hits="1" branch="false" />
            <line number="63" hits="1" branch="false" />
            <line number="64" hits="0" branch="false" />
            <line number="71" hits="1" branch="false" />
            <line number="72" hits="1" branch="false" />
            <line number="73" hits="1" branch="false" />
            <line number="74" hits="1" branch="false" />
            <line number="75" hits="1" branch="false" />
            <line number="76" hits="1" branch="false" />
            <line number="77" hits="0" branch="false" />
            <line number="84" hits="1" branch="false" />
            <line number="85" hits="1" branch="false" />
            <line number="86" hits="1" branch="false" />
            <line number="87" hits="1" branch="false" />
            <line number="88" hits="0" branch="false" />
            <line number="95" hits="1" branch="false" />
            <line number="96" hits="1" branch="false" />
            <line number="97" hits="1" branch="false" />
            <line number="98" hits="1" branch="false" />
            <line number="99" hits="1" branch="false" />
            <line number="100" hits="1" branch="false" />
            <line number="101" hits="1" branch="false" />
            <line number="102" hits="1" branch="false" />
            <line number="104" hits="0" branch="false" />
            <line number="110" hits="1" branch="false" />
            <line number="111" hits="1" branch="false" />
            <line number="112" hits="1" branch="false" />
            <line number="113" hits="1" branch="false" />
            <line number="115" hits="1" branch="false" />
            <line number="116" hits="1" branch="false" />
            <line number="117" hits="1" branch="false" />
            <line number="118" hits="1" branch="false" />
            <line number="119" hits="1" branch="false" />
            <line number="120" hits="1" branch="false" />
            <line number="121" hits="1" branch="false" />
            <line number="122" hits="1" branch="false" />
            <line number="123" hits="1" branch="false" />
            <line number="124" hits="1" branch="false" />
            <line number="125" hits="1" branch="false" />
            <line number="126" hits="1" branch="false" />
            <line number="127" hits="1" branch="false" />
            <line number="128" hits="0" branch="false" />
          </lines>
        </class>
        <class name="Unit_testovi_za_zadatak_3.UnitTestTransakcija" filename="C:\Users\berin\source\repos\VVSzadaca2\eParking\Unit testovi za zadatak 3\UnitTestTransakcija.cs" line-rate="0.8571428571428571" branch-rate="1" complexity="3">
          <methods>
            <method name="Inicijalizacija" signature="(...)" line-rate="1" branch-rate="1" complexity="1">
              <lines>
                <line number="14" hits="1" branch="false" />
                <line number="15" hits="1" branch="false" />
                <line number="18" hits="1" branch="false" />
              </lines>
            </method>
            <method name="TestDajVrijemeDolaskaIzuzetak" signature="()" line-rate="0.6666666666666666" branch-rate="1" complexity="1">
              <lines>
                <line number="25" hits="1" branch="false" />
                <line number="26" hits="1" branch="false" />
                <line number="27" hits="0" branch="false" />
              </lines>
            </method>
            <method name=".ctor" signature="()" line-rate="1" branch-rate="1" complexity="1">
              <lines>
                <line number="11" hits="1" branch="false" />
              </lines>
            </method>
          </methods>
          <lines>
            <line number="11" hits="1" branch="false" />
            <line number="14" hits="1" branch="false" />
            <line number="15" hits="1" branch="false" />
            <line number="18" hits="1" branch="false" />
            <line number="25" hits="1" branch="false" />
            <line number="26" hits="1" branch="false" />
            <line number="27" hits="0" branch="false" />
          </lines>
        </class>
        <class name="Unit_testovi_za_zadatak_3.UnitTestVozilo" filename="C:\Users\berin\source\repos\VVSzadaca2\eParking\Unit testovi za zadatak 3\UnitTestVozilo.cs" line-rate="0.8571428571428571" branch-rate="1" complexity="5">
          <methods>
            <method name="Inicijalizacija" signature="(...)" line-rate="1" branch-rate="1" complexity="1">
              <lines>
                <line number="14" hits="1" branch="false" />
                <line number="15" hits="1" branch="false" />
                <line number="16" hits="1" branch="false" />
              </lines>
            </method>
            <method name="TestNeispravanFormatTablica" signature="()" line-rate="0.6666666666666666" branch-rate="1" complexity="1">
              <lines>
                <line number="23" hits="1" branch="false" />
                <line number="24" hits="1" branch="false" />
                <line number="25" hits="0" branch="false" />
              </lines>
            </method>
            <method name="TestNepostojećaVrstaVozila" signature="()" line-rate="0.6666666666666666" branch-rate="1" complexity="1">
              <lines>
                <line number="32" hits="1" branch="false" />
                <line number="33" hits="1" branch="false" />
                <line number="34" hits="0" branch="false" />
              </lines>
            </method>
            <method name="TestNeispravanFormatSjedišta" signature="()" line-rate="0.6666666666666666" branch-rate="1" complexity="1">
              <lines>
                <line number="41" hits="1" branch="false" />
                <line number="42" hits="1" branch="false" />
                <line number="43" hits="0" branch="false" />
              </lines>
            </method>
            <method name="TestGetMetode" signature="()" line-rate="1" branch-rate="1" complexity="1">
              <lines>
                <line number="49" hits="1" branch="false" />
                <line number="50" hits="1" branch="false" />
                <line number="51" hits="1" branch="false" />
                <line number="52" hits="1" branch="false" />
                <line number="53" hits="1" branch="false" />
                <line number="54" hits="1" branch="false" />
                <line number="55" hits="1" branch="false" />
                <line number="56" hits="1" branch="false" />
                <line number="58" hits="1" branch="false" />
              </lines>
            </method>
          </methods>
          <lines>
            <line number="14" hits="1" branch="false" />
            <line number="15" hits="1" branch="false" />
            <line number="16" hits="1" branch="false" />
            <line number="23" hits="1" branch="false" />
            <line number="24" hits="1" branch="false" />
            <line number="25" hits="0" branch="false" />
            <line number="32" hits="1" branch="false" />
            <line number="33" hits="1" branch="false" />
            <line number="34" hits="0" branch="false" />
            <line number="41" hits="1" branch="false" />
            <line number="42" hits="1" branch="false" />
            <line number="43" hits="0" branch="false" />
            <line number="49" hits="1" branch="false" />
            <line number="50" hits="1" branch="false" />
            <line number="51" hits="1" branch="false" />
            <line number="52" hits="1" branch="false" />
            <line number="53" hits="1" branch="false" />
            <line number="54" hits="1" branch="false" />
            <line number="55" hits="1" branch="false" />
            <line number="56" hits="1" branch="false" />
            <line number="58" hits="1" branch="false" />
          </lines>
        </class>
      </classes>
    </package>
  </packages>
</coverage>