TpTrace Information: 0 : 14572, 1, 2020/12/01, 00:59:09.481, 1553319634249, testhost.dll, DefaultEngineInvoker.Invoke: Testhost process started with args :[--port, 52803],[--endpoint, 127.0.0.1:052803],[--role, client],[--parentprocessid, 16200],[--diag, C:\Users\User\source\repos\VVSzadaca2\eParking\Testovi za zadatak 3a\bin\Debug\fine-code-coverage\_outputfolder\diagnostics.host.20-12-01_00-59-09_32238_6.log],[--tracelevel, 4],[--datacollectionport, 52802],[--telemetryoptedin, false]
TpTrace Information: 0 : 14572, 1, 2020/12/01, 00:59:09.487, 1553319660299, testhost.dll, DefaultEngineInvoker.SetParentProcessExitCallback: Monitoring parent process with id: '16200'
TpTrace Information: 0 : 14572, 1, 2020/12/01, 00:59:09.494, 1553319732627, testhost.dll, DefaultEngineInvoker.GetConnectionInfo: Initialize communication on endpoint address: '127.0.0.1:052803'
TpTrace Information: 0 : 14572, 1, 2020/12/01, 00:59:09.512, 1553319918137, testhost.dll, SocketClient.Start: connecting to server endpoint: 127.0.0.1:052803
TpTrace Information: 0 : 14572, 1, 2020/12/01, 00:59:09.519, 1553319982764, testhost.dll, DefaultEngineInvoker.ConnectToDatacollector: Connecting to datacollector, port: 52802
TpTrace Information: 0 : 14572, 8, 2020/12/01, 00:59:09.522, 1553320011680, testhost.dll, SocketClient.OnServerConnected: connected to server endpoint: 127.0.0.1:052803
TpTrace Information: 0 : 14572, 1, 2020/12/01, 00:59:09.522, 1553320016933, testhost.dll, Trying to connect to server on socket : 127.0.0.1:52802 
TpTrace Verbose: 0 : 14572, 1, 2020/12/01, 00:59:09.523, 1553320024746, testhost.dll, SocketCommunicationManager : SetupClientAsync : Attempting to connect to the server.
TpTrace Verbose: 0 : 14572, 8, 2020/12/01, 00:59:09.524, 1553320031233, testhost.dll, Connected to server, and starting MessageLoopAsync
TpTrace Information: 0 : 14572, 9, 2020/12/01, 00:59:09.525, 1553320047231, testhost.dll, Connected to the server successfully 
TpTrace Information: 0 : 14572, 9, 2020/12/01, 00:59:09.525, 1553320049015, testhost.dll, Using the buffer size of 16384 bytes
TpTrace Information: 0 : 14572, 1, 2020/12/01, 00:59:09.526, 1553320054948, testhost.dll, DefaultEngineInvoker.Invoke: Start Request Processing.
TpTrace Verbose: 0 : 14572, 8, 2020/12/01, 00:59:09.526, 1553320059978, testhost.dll, TcpClientExtensions.MessageLoopAsync: Polling on remoteEndPoint: [::ffff:127.0.0.1]:52803 localEndPoint: [::ffff:127.0.0.1]:52804
TpTrace Verbose: 0 : 14572, 8, 2020/12/01, 00:59:09.527, 1553320063976, testhost.dll, TcpClientExtensions.MessageLoopAsync: NotifyDataAvailable remoteEndPoint: [::ffff:127.0.0.1]:52803 localEndPoint: [::ffff:127.0.0.1]:52804
TpTrace Information: 0 : 14572, 12, 2020/12/01, 00:59:09.527, 1553320066794, testhost.dll, DefaultEngineInvoker.StartProcessingAsync: Connected to vstest.console, Starting process requests.
TpTrace Information: 0 : 14572, 8, 2020/12/01, 00:59:09.648, 1553321279669, testhost.dll, TestRequestHandler.ProcessRequests: received message: (ProtocolVersion) -> 2
TpTrace Verbose: 0 : 14572, 8, 2020/12/01, 00:59:09.675, 1553321545312, testhost.dll, TestRequestHandler.SendData:  sending data from testhost: {"Version":2,"MessageType":"TestSession.Message","Payload":{"MessageLevel":0,"Message":"Logging TestHost Diagnostics in file: C:\\Users\\User\\source\\repos\\VVSzadaca2\\eParking\\Testovi za zadatak 3a\\bin\\Debug\\fine-code-coverage\\_outputfolder\\diagnostics.host.20-12-01_00-59-09_32238_6.log"}}
TpTrace Verbose: 0 : 14572, 8, 2020/12/01, 00:59:09.675, 1553321548611, testhost.dll, TcpClientExtensions.MessageLoopAsync: Polling on remoteEndPoint: [::ffff:127.0.0.1]:52803 localEndPoint: [::ffff:127.0.0.1]:52804
TpTrace Verbose: 0 : 14572, 8, 2020/12/01, 00:59:09.676, 1553321550882, testhost.dll, TcpClientExtensions.MessageLoopAsync: NotifyDataAvailable remoteEndPoint: [::ffff:127.0.0.1]:52803 localEndPoint: [::ffff:127.0.0.1]:52804
TpTrace Information: 0 : 14572, 8, 2020/12/01, 00:59:09.679, 1553321587728, testhost.dll, TestRequestHandler.ProcessRequests: received message: (TestExecution.Initialize) -> [
  "C:\\Users\\User\\source\\repos\\VVSzadaca2\\eParking\\Testovi za zadatak 3a\\bin\\Debug\\fine-code-coverage\\Microsoft.VisualStudio.TestPlatform.MSTest.TestAdapter.dll"
]
TpTrace Information: 0 : 14572, 8, 2020/12/01, 00:59:09.679, 1553321590088, testhost.dll, Execution Session Initialize.
TpTrace Verbose: 0 : 14572, 8, 2020/12/01, 00:59:09.686, 1553321655200, testhost.dll, TcpClientExtensions.MessageLoopAsync: Polling on remoteEndPoint: [::ffff:127.0.0.1]:52803 localEndPoint: [::ffff:127.0.0.1]:52804
TpTrace Verbose: 0 : 14572, 8, 2020/12/01, 00:59:09.686, 1553321657088, testhost.dll, TcpClientExtensions.MessageLoopAsync: NotifyDataAvailable remoteEndPoint: [::ffff:127.0.0.1]:52803 localEndPoint: [::ffff:127.0.0.1]:52804
TpTrace Verbose: 0 : 14572, 4, 2020/12/01, 00:59:09.688, 1553321677225, testhost.dll, TestExecutorService: Loading the extensions
TpTrace Information: 0 : 14572, 8, 2020/12/01, 00:59:09.689, 1553321685477, testhost.dll, TestRequestHandler.ProcessRequests: received message: (TestExecution.StartWithSources) -> {
  "AdapterSourceMap": {
    "_none_": [
      "C:\\Users\\User\\source\\repos\\VVSzadaca2\\eParking\\Testovi za zadatak 3a\\bin\\Debug\\fine-code-coverage\\Testovi za zadatak 3a.dll"
    ]
  },
  "RunSettings": "<RunSettings>\r\n  <RunConfiguration>\r\n    <ResultsDirectory>C:\\Users\\User\\source\\repos\\VVSzadaca2\\eParking\\Testovi za zadatak 3a\\bin\\Debug\\fine-code-coverage\\_outputfolder</ResultsDirectory>\r\n    <TargetPlatform>X64</TargetPlatform>\r\n    <TargetFrameworkVersion>.NETCoreApp,Version=v3.1</TargetFrameworkVersion>\r\n    <DesignMode>False</DesignMode>\r\n    <CollectSourceInformation>False</CollectSourceInformation>\r\n  </RunConfiguration>\r\n  <LoggerRunSettings>\r\n    <Loggers>\r\n      <Logger friendlyName=\"blame\" enabled=\"True\" />\r\n      <Logger friendlyName=\"Console\" uri=\"logger://microsoft/TestPlatform/ConsoleLogger/v1\" assemblyQualifiedName=\"Microsoft.VisualStudio.TestPlatform.CommandLine.Internal.ConsoleLogger, vstest.console, Version=15.0.0.0, Culture=neutral, PublicKeyToken=b03f5f7f11d50a3a\" codeBase=\"C:\\Program Files\\dotnet\\sdk\\3.1.300\\vstest.console.dll\" enabled=\"True\" />\r\n    </Loggers>\r\n  </LoggerRunSettings>\r\n  <DataCollectionRunSettings>\r\n    <DataCollectors>\r\n      <DataCollector friendlyName=\"blame\" enabled=\"True\">\r\n        <Configuration>\r\n          <ResultsDirectory>C:\\Users\\User\\source\\repos\\VVSzadaca2\\eParking\\Testovi za zadatak 3a\\bin\\Debug\\fine-code-coverage\\_outputfolder</ResultsDirectory>\r\n        </Configuration>\r\n      </DataCollector>\r\n    </DataCollectors>\r\n  </DataCollectionRunSettings>\r\n</RunSettings>",
  "TestExecutionContext": {
    "FrequencyOfRunStatsChangeEvent": 10,
    "RunStatsChangeEventTimeout": "00:00:01.5000000",
    "InIsolation": false,
    "KeepAlive": false,
    "AreTestCaseLevelEventsRequired": false,
    "IsDebug": false,
    "TestCaseFilter": null,
    "FilterOptions": null
  },
  "Package": null
}
TpTrace Information: 0 : 14572, 8, 2020/12/01, 00:59:09.689, 1553321687513, testhost.dll, Execution started.
TpTrace Verbose: 0 : 14572, 4, 2020/12/01, 00:59:09.690, 1553321695682, testhost.dll, TestPluginCache.DiscoverTestExtensions: finding test extensions in assemblies endswith: TestAdapter.dll TPluginInfo: Microsoft.VisualStudio.TestPlatform.Common.ExtensionFramework.Utilities.TestExecutorPluginInformation TExtension: Microsoft.VisualStudio.TestPlatform.ObjectModel.Adapter.ITestExecutor
TpTrace Verbose: 0 : 14572, 4, 2020/12/01, 00:59:09.691, 1553321705589, testhost.dll, TestPluginCache.GetExtensionPaths: Filtered extension paths: 
TpTrace Verbose: 0 : 14572, 4, 2020/12/01, 00:59:09.691, 1553321709392, testhost.dll, TestPluginCache.GetExtensionPaths: Added default extension paths: C:\Users\User\source\repos\VVSzadaca2\eParking\Testovi za zadatak 3a\bin\Debug\fine-code-coverage\Microsoft.VisualStudio.TestPlatform.MSTest.TestAdapter.dll
TpTrace Verbose: 0 : 14572, 4, 2020/12/01, 00:59:09.692, 1553321710805, testhost.dll, TestPluginCache.GetExtensionPaths: Added unfilterableExtensionPaths: 
TpTrace Information: 0 : 14572, 4, 2020/12/01, 00:59:09.694, 1553321731153, testhost.dll, AssemblyResolver.ctor: Creating AssemblyResolver with searchDirectories C:\Users\User\source\repos\VVSzadaca2\eParking\Testovi za zadatak 3a\bin\Debug\fine-code-coverage
TpTrace Verbose: 0 : 14572, 4, 2020/12/01, 00:59:09.695, 1553321748005, testhost.dll, TestPluginCache.DiscoverTestExtensions: Discovering the extensions using extension path.
TpTrace Verbose: 0 : 14572, 4, 2020/12/01, 00:59:09.695, 1553321749806, testhost.dll, TestPluginCache.GetExtensionPaths: Filtered extension paths: 
TpTrace Verbose: 0 : 14572, 4, 2020/12/01, 00:59:09.696, 1553321751138, testhost.dll, TestPluginCache.GetExtensionPaths: Added default extension paths: C:\Users\User\source\repos\VVSzadaca2\eParking\Testovi za zadatak 3a\bin\Debug\fine-code-coverage\Microsoft.VisualStudio.TestPlatform.MSTest.TestAdapter.dll
TpTrace Verbose: 0 : 14572, 4, 2020/12/01, 00:59:09.696, 1553321752352, testhost.dll, TestPluginCache.GetExtensionPaths: Added unfilterableExtensionPaths: 
TpTrace Verbose: 0 : 14572, 4, 2020/12/01, 00:59:09.696, 1553321753860, testhost.dll, TestPluginCache.DiscoverTestExtensions: Discovering the extensions using allExtensionPaths: C:\Users\User\source\repos\VVSzadaca2\eParking\Testovi za zadatak 3a\bin\Debug\fine-code-coverage\Microsoft.VisualStudio.TestPlatform.MSTest.TestAdapter.dll
TpTrace Information: 0 : 14572, 4, 2020/12/01, 00:59:09.697, 1553321762674, testhost.dll, AssemblyResolver.AddSearchDirectories: Adding more searchDirectories C:\Users\User\source\repos\VVSzadaca2\eParking\Testovi za zadatak 3a\bin\Debug\fine-code-coverage
TpTrace Information: 0 : 14572, 4, 2020/12/01, 00:59:09.701, 1553321801054, testhost.dll, AssemblyResolver.OnResolve: Microsoft.VisualStudio.TestPlatform.MSTest.TestAdapter: Resolving assembly.
TpTrace Information: 0 : 14572, 4, 2020/12/01, 00:59:09.702, 1553321816224, testhost.dll, AssemblyResolver.OnResolve: Resolved assembly: Microsoft.VisualStudio.TestPlatform.MSTest.TestAdapter, from path: C:\Users\User\source\repos\VVSzadaca2\eParking\Testovi za zadatak 3a\bin\Debug\fine-code-coverage\Microsoft.VisualStudio.TestPlatform.MSTest.TestAdapter.dll
TpTrace Information: 0 : 14572, 4, 2020/12/01, 00:59:09.704, 1553321832916, testhost.dll, AssemblyResolver.OnResolve: Microsoft.VisualStudio.TestPlatform.MSTestAdapter.PlatformServices.Interface: Resolving assembly.
TpTrace Information: 0 : 14572, 4, 2020/12/01, 00:59:09.704, 1553321839845, testhost.dll, AssemblyResolver.OnResolve: Resolved assembly: Microsoft.VisualStudio.TestPlatform.MSTestAdapter.PlatformServices.Interface, from path: C:\Users\User\source\repos\VVSzadaca2\eParking\Testovi za zadatak 3a\bin\Debug\fine-code-coverage\Microsoft.VisualStudio.TestPlatform.MSTestAdapter.PlatformServices.Interface.dll
TpTrace Information: 0 : 14572, 4, 2020/12/01, 00:59:09.705, 1553321843070, testhost.dll, AssemblyResolver.OnResolve: Microsoft.VisualStudio.TestPlatform.MSTestAdapter.PlatformServices: Resolving assembly.
TpTrace Information: 0 : 14572, 4, 2020/12/01, 00:59:09.705, 1553321849394, testhost.dll, AssemblyResolver.OnResolve: Resolved assembly: Microsoft.VisualStudio.TestPlatform.MSTestAdapter.PlatformServices, from path: C:\Users\User\source\repos\VVSzadaca2\eParking\Testovi za zadatak 3a\bin\Debug\fine-code-coverage\Microsoft.VisualStudio.TestPlatform.MSTestAdapter.PlatformServices.dll
TpTrace Verbose: 0 : 14572, 4, 2020/12/01, 00:59:09.709, 1553321889240, testhost.dll, TestPluginCache: Discovered the extensions using extension path ''.
TpTrace Verbose: 0 : 14572, 4, 2020/12/01, 00:59:09.710, 1553321893805, testhost.dll, TestPluginCache: Discoverers are ''.
TpTrace Verbose: 0 : 14572, 4, 2020/12/01, 00:59:09.710, 1553321895373, testhost.dll, TestPluginCache: Executors are 'executor://MSTestAdapter/v2'.
TpTrace Verbose: 0 : 14572, 4, 2020/12/01, 00:59:09.710, 1553321897179, testhost.dll, TestPluginCache: Setting providers are ''.
TpTrace Verbose: 0 : 14572, 8, 2020/12/01, 00:59:09.710, 1553321898609, testhost.dll, TcpClientExtensions.MessageLoopAsync: Polling on remoteEndPoint: [::ffff:127.0.0.1]:52803 localEndPoint: [::ffff:127.0.0.1]:52804
TpTrace Verbose: 0 : 14572, 4, 2020/12/01, 00:59:09.710, 1553321899492, testhost.dll, TestPluginCache: Loggers are ''.
TpTrace Information: 0 : 14572, 4, 2020/12/01, 00:59:09.716, 1553321951622, testhost.dll, TestPluginManager.CreateTestExtension: Attempting to load test extension: Microsoft.VisualStudio.TestPlatform.MSTest.TestAdapter.MSTestExecutor
TpTrace Verbose: 0 : 14572, 4, 2020/12/01, 00:59:09.719, 1553321982163, testhost.dll, TestExecutorExtensionManager: Loading executor Microsoft.VisualStudio.TestPlatform.MSTest.TestAdapter.MSTestExecutor
TpTrace Verbose: 0 : 14572, 4, 2020/12/01, 00:59:09.719, 1553321983529, testhost.dll, TestExecutorService: Loaded the executors
TpTrace Verbose: 0 : 14572, 4, 2020/12/01, 00:59:09.720, 1553321991662, testhost.dll, TestPluginCache.DiscoverTestExtensions: finding test extensions in assemblies endswith: TestAdapter.dll TPluginInfo: Microsoft.VisualStudio.TestPlatform.Common.ExtensionFramework.Utilities.TestSettingsProviderPluginInformation TExtension: Microsoft.VisualStudio.TestPlatform.ObjectModel.Adapter.ISettingsProvider
TpTrace Verbose: 0 : 14572, 4, 2020/12/01, 00:59:09.720, 1553321995060, testhost.dll, TestPluginCache.GetExtensionPaths: Filtered extension paths: 
TpTrace Verbose: 0 : 14572, 4, 2020/12/01, 00:59:09.720, 1553321996426, testhost.dll, TestPluginCache.GetExtensionPaths: Added default extension paths: C:\Users\User\source\repos\VVSzadaca2\eParking\Testovi za zadatak 3a\bin\Debug\fine-code-coverage\Microsoft.VisualStudio.TestPlatform.MSTest.TestAdapter.dll
TpTrace Verbose: 0 : 14572, 4, 2020/12/01, 00:59:09.720, 1553321997592, testhost.dll, TestPluginCache.GetExtensionPaths: Added unfilterableExtensionPaths: 
TpTrace Information: 0 : 14572, 4, 2020/12/01, 00:59:09.720, 1553321999948, testhost.dll, AssemblyResolver.AddSearchDirectories: Adding more searchDirectories C:\Users\User\source\repos\VVSzadaca2\eParking\Testovi za zadatak 3a\bin\Debug\fine-code-coverage
TpTrace Verbose: 0 : 14572, 4, 2020/12/01, 00:59:09.721, 1553322001316, testhost.dll, TestPluginCache.DiscoverTestExtensions: Discovering the extensions using extension path.
TpTrace Verbose: 0 : 14572, 4, 2020/12/01, 00:59:09.721, 1553322002466, testhost.dll, TestPluginCache.GetExtensionPaths: Filtered extension paths: 
TpTrace Verbose: 0 : 14572, 4, 2020/12/01, 00:59:09.721, 1553322003566, testhost.dll, TestPluginCache.GetExtensionPaths: Added default extension paths: C:\Users\User\source\repos\VVSzadaca2\eParking\Testovi za zadatak 3a\bin\Debug\fine-code-coverage\Microsoft.VisualStudio.TestPlatform.MSTest.TestAdapter.dll
TpTrace Verbose: 0 : 14572, 4, 2020/12/01, 00:59:09.721, 1553322004660, testhost.dll, TestPluginCache.GetExtensionPaths: Added unfilterableExtensionPaths: 
TpTrace Verbose: 0 : 14572, 4, 2020/12/01, 00:59:09.721, 1553322005839, testhost.dll, TestPluginCache.DiscoverTestExtensions: Discovering the extensions using allExtensionPaths: C:\Users\User\source\repos\VVSzadaca2\eParking\Testovi za zadatak 3a\bin\Debug\fine-code-coverage\Microsoft.VisualStudio.TestPlatform.MSTest.TestAdapter.dll
TpTrace Information: 0 : 14572, 4, 2020/12/01, 00:59:09.721, 1553322007034, testhost.dll, AssemblyResolver.AddSearchDirectories: Adding more searchDirectories C:\Users\User\source\repos\VVSzadaca2\eParking\Testovi za zadatak 3a\bin\Debug\fine-code-coverage
TpTrace Verbose: 0 : 14572, 4, 2020/12/01, 00:59:09.721, 1553322009798, testhost.dll, TestPluginCache: Discovered the extensions using extension path ''.
TpTrace Verbose: 0 : 14572, 4, 2020/12/01, 00:59:09.722, 1553322010988, testhost.dll, TestPluginCache: Discoverers are ''.
TpTrace Verbose: 0 : 14572, 4, 2020/12/01, 00:59:09.722, 1553322012224, testhost.dll, TestPluginCache: Executors are 'executor://MSTestAdapter/v2'.
TpTrace Verbose: 0 : 14572, 4, 2020/12/01, 00:59:09.722, 1553322013569, testhost.dll, TestPluginCache: Setting providers are ''.
TpTrace Verbose: 0 : 14572, 4, 2020/12/01, 00:59:09.722, 1553322014699, testhost.dll, TestPluginCache: Loggers are ''.
TpTrace Verbose: 0 : 14572, 4, 2020/12/01, 00:59:09.723, 1553322023642, testhost.dll, TestExecutorService: Loaded the settings providers
TpTrace Information: 0 : 14572, 4, 2020/12/01, 00:59:09.723, 1553322024947, testhost.dll, TestExecutorService: Loaded the extensions
TpTrace Information: 0 : 14572, 4, 2020/12/01, 00:59:09.785, 1553322642513, testhost.dll, TestDiscoveryManager: Discovering tests from sources C:\Users\User\source\repos\VVSzadaca2\eParking\Testovi za zadatak 3a\bin\Debug\fine-code-coverage\Testovi za zadatak 3a.dll
TpTrace Verbose: 0 : 14572, 4, 2020/12/01, 00:59:09.786, 1553322660101, testhost.dll, TestPluginCache.DiscoverTestExtensions: finding test extensions in assemblies endswith: TestAdapter.dll TPluginInfo: Microsoft.VisualStudio.TestPlatform.Common.ExtensionFramework.Utilities.TestDiscovererPluginInformation TExtension: Microsoft.VisualStudio.TestPlatform.ObjectModel.Adapter.ITestDiscoverer
TpTrace Verbose: 0 : 14572, 4, 2020/12/01, 00:59:09.787, 1553322662000, testhost.dll, TestPluginCache.GetExtensionPaths: Filtered extension paths: 
TpTrace Verbose: 0 : 14572, 4, 2020/12/01, 00:59:09.787, 1553322663264, testhost.dll, TestPluginCache.GetExtensionPaths: Added default extension paths: C:\Users\User\source\repos\VVSzadaca2\eParking\Testovi za zadatak 3a\bin\Debug\fine-code-coverage\Microsoft.VisualStudio.TestPlatform.MSTest.TestAdapter.dll
TpTrace Verbose: 0 : 14572, 4, 2020/12/01, 00:59:09.787, 1553322664388, testhost.dll, TestPluginCache.GetExtensionPaths: Added unfilterableExtensionPaths: 
TpTrace Information: 0 : 14572, 4, 2020/12/01, 00:59:09.787, 1553322666131, testhost.dll, AssemblyResolver.AddSearchDirectories: Adding more searchDirectories C:\Users\User\source\repos\VVSzadaca2\eParking\Testovi za zadatak 3a\bin\Debug\fine-code-coverage
TpTrace Verbose: 0 : 14572, 4, 2020/12/01, 00:59:09.787, 1553322667343, testhost.dll, TestPluginCache.DiscoverTestExtensions: Discovering the extensions using extension path.
TpTrace Verbose: 0 : 14572, 4, 2020/12/01, 00:59:09.787, 1553322668468, testhost.dll, TestPluginCache.GetExtensionPaths: Filtered extension paths: 
TpTrace Verbose: 0 : 14572, 4, 2020/12/01, 00:59:09.787, 1553322669608, testhost.dll, TestPluginCache.GetExtensionPaths: Added default extension paths: C:\Users\User\source\repos\VVSzadaca2\eParking\Testovi za zadatak 3a\bin\Debug\fine-code-coverage\Microsoft.VisualStudio.TestPlatform.MSTest.TestAdapter.dll
TpTrace Verbose: 0 : 14572, 4, 2020/12/01, 00:59:09.788, 1553322670707, testhost.dll, TestPluginCache.GetExtensionPaths: Added unfilterableExtensionPaths: 
TpTrace Verbose: 0 : 14572, 4, 2020/12/01, 00:59:09.788, 1553322671844, testhost.dll, TestPluginCache.DiscoverTestExtensions: Discovering the extensions using allExtensionPaths: C:\Users\User\source\repos\VVSzadaca2\eParking\Testovi za zadatak 3a\bin\Debug\fine-code-coverage\Microsoft.VisualStudio.TestPlatform.MSTest.TestAdapter.dll
TpTrace Information: 0 : 14572, 4, 2020/12/01, 00:59:09.788, 1553322673079, testhost.dll, AssemblyResolver.AddSearchDirectories: Adding more searchDirectories C:\Users\User\source\repos\VVSzadaca2\eParking\Testovi za zadatak 3a\bin\Debug\fine-code-coverage
TpTrace Verbose: 0 : 14572, 4, 2020/12/01, 00:59:09.790, 1553322695471, testhost.dll, TestPluginCache: Discovered the extensions using extension path ''.
TpTrace Verbose: 0 : 14572, 4, 2020/12/01, 00:59:09.790, 1553322697223, testhost.dll, TestPluginCache: Discoverers are 'Microsoft.VisualStudio.TestPlatform.MSTest.TestAdapter.MSTestDiscoverer, Microsoft.VisualStudio.TestPlatform.MSTest.TestAdapter, Version=14.0.0.0, Culture=neutral, PublicKeyToken=b03f5f7f11d50a3a'.
TpTrace Verbose: 0 : 14572, 4, 2020/12/01, 00:59:09.790, 1553322698383, testhost.dll, TestPluginCache: Executors are 'executor://MSTestAdapter/v2'.
TpTrace Verbose: 0 : 14572, 4, 2020/12/01, 00:59:09.790, 1553322699597, testhost.dll, TestPluginCache: Setting providers are ''.
TpTrace Verbose: 0 : 14572, 4, 2020/12/01, 00:59:09.791, 1553322700670, testhost.dll, TestPluginCache: Loggers are ''.
TpTrace Verbose: 0 : 14572, 4, 2020/12/01, 00:59:09.795, 1553322741630, testhost.dll, BaseRunTests.RunTestInternalWithExecutors: Running tests for executor://MSTestAdapter/v2
TpTrace Information: 0 : 14572, 4, 2020/12/01, 00:59:09.839, 1553323184937, testhost.dll, AssemblyResolver.OnResolve: Microsoft.VisualStudio.TestPlatform.MSTestAdapter.PlatformServices.resources: Resolving assembly.
TpTrace Information: 0 : 14572, 4, 2020/12/01, 00:59:09.839, 1553323187277, testhost.dll, AssemblyResolver.OnResolve: Microsoft.VisualStudio.TestPlatform.MSTestAdapter.PlatformServices.resources: Failed to load assembly.
TpTrace Information: 0 : 14572, 4, 2020/12/01, 00:59:09.839, 1553323190133, testhost.dll, AssemblyResolver.OnResolve: Microsoft.VisualStudio.TestPlatform.MSTestAdapter.PlatformServices.resources: Resolving assembly.
TpTrace Information: 0 : 14572, 4, 2020/12/01, 00:59:09.840, 1553323191420, testhost.dll, AssemblyResolver.OnResolve: Microsoft.VisualStudio.TestPlatform.MSTestAdapter.PlatformServices.resources: Resolved from cache.
TpTrace Verbose: 0 : 14572, 4, 2020/12/01, 00:59:09.852, 1553323314138, testhost.dll, TestExecutionRecorder.RecordStart: Starting test: Testovi_za_zadatak_3a.UnitTestVozilo.TestGetSet.
TpTrace Information: 0 : 14572, 4, 2020/12/01, 00:59:09.930, 1553324090784, testhost.dll, AssemblyResolver.OnResolve: Microsoft.VisualStudio.TestPlatform.MSTest.TestAdapter.resources: Resolving assembly.
TpTrace Information: 0 : 14572, 4, 2020/12/01, 00:59:09.930, 1553324092992, testhost.dll, AssemblyResolver.OnResolve: Microsoft.VisualStudio.TestPlatform.MSTest.TestAdapter.resources: Failed to load assembly.
TpTrace Verbose: 0 : 14572, 4, 2020/12/01, 00:59:09.958, 1553324372985, testhost.dll, TestExecutionRecorder.RecordEnd: test: Testovi_za_zadatak_3a.UnitTestVozilo.TestGetSet execution completed.
TpTrace Verbose: 0 : 14572, 4, 2020/12/01, 00:59:09.987, 1553324664152, testhost.dll, TestExecutionRecorder.RecordResult: Received result for test: Testovi_za_zadatak_3a.UnitTestVozilo.TestGetSet.
TpTrace Warning: 0 : 14572, 4, 2020/12/01, 00:59:09.990, 1553324699376, testhost.dll, InProgressTests is null
TpTrace Warning: 0 : 14572, 4, 2020/12/01, 00:59:09.992, 1553324717874, testhost.dll, TestRunCache: No test found corresponding to testResult 'TestGetSet  Failed
  Message: Class Initialization method Testovi_za_zadatak_3a.UnitTestVozilo.Inicijalizacija threw exception. System.FormatException: System.FormatException: Neispravan format tablica!.
  StackTrace:
   at eParking.Vozilo.set_Tablice(String value) in C:\Users\User\source\repos\VVSzadaca2\eParking\eParking\Vozilo.cs:line 44
   at eParking.Vozilo..ctor(String type, String plates, Int32 noSeats) in C:\Users\User\source\repos\VVSzadaca2\eParking\eParking\Vozilo.cs:line 69
   at Testovi_za_zadatak_3a.UnitTestVozilo.Inicijalizacija(TestContext context) in C:\Users\User\source\repos\VVSzadaca2\eParking\Testovi za zadatak 3a\UnitTestVozilo.cs:line 15
' in inProgress list.
TpTrace Verbose: 0 : 14572, 4, 2020/12/01, 00:59:09.994, 1553324735264, testhost.dll, BaseRunTests.RunTestInternalWithExecutors: Completed running tests for executor://MSTestAdapter/v2
TpTrace Information: 0 : 14572, 4, 2020/12/01, 00:59:09.998, 1553324775488, testhost.dll, Sending test run complete
TpTrace Verbose: 0 : 14572, 4, 2020/12/01, 00:59:10.031, 1553325105985, testhost.dll, TestRequestHandler.SendData:  sending data from testhost: {"Version":2,"MessageType":"TestExecution.Completed","Payload":{"TestRunCompleteArgs":{"TestRunStatistics":{"ExecutedTests":1,"Stats":{"Failed":1}},"IsCanceled":false,"IsAborted":false,"Error":null,"AttachmentSets":[],"ElapsedTimeInRunningTests":"00:00:00.2022038","Metrics":{}},"LastRunTests":{"NewTestResults":[{"TestCase":{"Id":"988423c8-6496-1e10-880a-de8a7c04f3d3","FullyQualifiedName":"Testovi_za_zadatak_3a.UnitTestVozilo.TestGetSet","DisplayName":"TestGetSet","ExecutorUri":"executor://MSTestAdapter/v2","Source":"C:\\Users\\User\\source\\repos\\VVSzadaca2\\eParking\\Testovi za zadatak 3a\\bin\\Debug\\fine-code-coverage\\Testovi za zadatak 3a.dll","CodeFilePath":null,"LineNumber":-1,"Properties":[{"Key":{"Id":"MSTestDiscoverer.TestClassName","Label":"ClassName","Category":"","Description":"","Attributes":1,"ValueType":"System.String"},"Value":"Testovi_za_zadatak_3a.UnitTestVozilo"},{"Key":{"Id":"TestObject.Traits","Label":"Traits","Category":"","Description":"","Attributes":5,"ValueType":"System.Collections.Generic.KeyValuePair`2[[System.String],[System.String]][]"},"Value":[]}]},"Attachments":[],"Outcome":2,"ErrorMessage":"Class Initialization method Testovi_za_zadatak_3a.UnitTestVozilo.Inicijalizacija threw exception. System.FormatException: System.FormatException: Neispravan format tablica!.","ErrorStackTrace":"   at eParking.Vozilo.set_Tablice(String value) in C:\\Users\\User\\source\\repos\\VVSzadaca2\\eParking\\eParking\\Vozilo.cs:line 44\r\n   at eParking.Vozilo..ctor(String type, String plates, Int32 noSeats) in C:\\Users\\User\\source\\repos\\VVSzadaca2\\eParking\\eParking\\Vozilo.cs:line 69\r\n   at Testovi_za_zadatak_3a.UnitTestVozilo.Inicijalizacija(TestContext context) in C:\\Users\\User\\source\\repos\\VVSzadaca2\\eParking\\Testovi za zadatak 3a\\UnitTestVozilo.cs:line 15\r\n","DisplayName":null,"Messages":[],"ComputerName":null,"Duration":"00:00:00","StartTime":"2020-12-01T00:59:09.8973602+01:00","EndTime":"2020-12-01T00:59:09.9539648+01:00","Properties":[{"Key":{"Id":"ExecutionId","Label":"ExecutionId","Category":"","Description":"","Attributes":1,"ValueType":"System.Guid"},"Value":"00000000-0000-0000-0000-000000000000"},{"Key":{"Id":"ParentExecId","Label":"ParentExecId","Category":"","Description":"","Attributes":1,"ValueType":"System.Guid"},"Value":"00000000-0000-0000-0000-000000000000"},{"Key":{"Id":"InnerResultsCount","Label":"InnerResultsCount","Category":"","Description":"","Attributes":1,"ValueType":"System.Int32"},"Value":0}]}],"TestRunStatistics":{"ExecutedTests":1,"Stats":{"Failed":1}},"ActiveTests":[]},"RunAttachments":[],"ExecutorUris":["executor://mstestadapter/v2"]}}
TpTrace Verbose: 0 : 14572, 4, 2020/12/01, 00:59:10.032, 1553325110586, testhost.dll, BaseRunTests.RunTests: Run is complete.
TpTrace Verbose: 0 : 14572, 8, 2020/12/01, 00:59:10.036, 1553325157813, testhost.dll, TcpClientExtensions.MessageLoopAsync: NotifyDataAvailable remoteEndPoint: [::ffff:127.0.0.1]:52803 localEndPoint: [::ffff:127.0.0.1]:52804
TpTrace Information: 0 : 14572, 8, 2020/12/01, 00:59:10.037, 1553325161117, testhost.dll, TestRequestHandler.ProcessRequests: received message: (TestSession.Terminate) -> null
TpTrace Information: 0 : 14572, 8, 2020/12/01, 00:59:10.037, 1553325162373, testhost.dll, Session End message received from server. Closing the connection.
TpTrace Information: 0 : 14572, 8, 2020/12/01, 00:59:10.037, 1553325166107, testhost.dll, SocketClient.Stop: Stop communication from server endpoint: 127.0.0.1:052803
TpTrace Information: 0 : 14572, 8, 2020/12/01, 00:59:10.037, 1553325167442, testhost.dll, SocketClient: Stop: Cancellation requested. Stopping message loop.
TpTrace Verbose: 0 : 14572, 8, 2020/12/01, 00:59:10.038, 1553325171751, testhost.dll, LengthPrefixCommunicationChannel.Dispose: Dispose reader and writer.
TpTrace Information: 0 : 14572, 8, 2020/12/01, 00:59:10.038, 1553325173232, testhost.dll, Closing the connection !
TpTrace Information: 0 : 14572, 8, 2020/12/01, 00:59:10.038, 1553325176032, testhost.dll, SocketClient.PrivateStop: Stop communication from server endpoint: 127.0.0.1:052803, error:
TpTrace Information: 0 : 14572, 1, 2020/12/01, 00:59:10.038, 1553325176078, testhost.dll, Closing the connection !
TpTrace Information: 0 : 14572, 1, 2020/12/01, 00:59:10.038, 1553325179042, testhost.dll, SocketClient.Stop: Stop communication from server endpoint: 127.0.0.1:052803
TpTrace Verbose: 0 : 14572, 1, 2020/12/01, 00:59:10.039, 1553325180225, testhost.dll, LengthPrefixCommunicationChannel.Dispose: Dispose reader and writer.
TpTrace Verbose: 0 : 14572, 8, 2020/12/01, 00:59:10.038, 1553325177892, testhost.dll, LengthPrefixCommunicationChannel.Dispose: Dispose reader and writer.
TpTrace Verbose: 0 : 14572, 8, 2020/12/01, 00:59:10.039, 1553325183268, testhost.dll, TcpClientExtensions.MessageLoopAsync: exiting MessageLoopAsync remoteEndPoint: [::ffff:127.0.0.1]:52803 localEndPoint: [::ffff:127.0.0.1]:52804
TpTrace Information: 0 : 14572, 1, 2020/12/01, 00:59:10.039, 1553325181980, testhost.dll, Testhost process exiting.
